[2025-03-10T00:00:14.671+0000] {processor.py:186} INFO - Started process (PID=47036) to work on /home/airflow/.local/lib/python3.12/site-packages/airflow/example_dags/example_branch_operator.py
[2025-03-10T00:00:14.672+0000] {processor.py:914} INFO - Processing file /home/airflow/.local/lib/python3.12/site-packages/airflow/example_dags/example_branch_operator.py for tasks to queue
[2025-03-10T00:00:14.673+0000] {logging_mixin.py:190} INFO - [2025-03-10T00:00:14.673+0000] {dagbag.py:588} INFO - Filling up the DagBag from /home/airflow/.local/lib/python3.12/site-packages/airflow/example_dags/example_branch_operator.py
[2025-03-10T00:00:14.690+0000] {processor.py:925} INFO - DAG(s) 'example_branch_operator' retrieved from /home/airflow/.local/lib/python3.12/site-packages/airflow/example_dags/example_branch_operator.py
[2025-03-10T00:00:14.716+0000] {logging_mixin.py:190} INFO - [2025-03-10T00:00:14.716+0000] {dag.py:3239} INFO - Sync 1 DAGs
[2025-03-10T00:00:14.749+0000] {logging_mixin.py:190} INFO - [2025-03-10T00:00:14.748+0000] {dag.py:4180} INFO - Setting next_dagrun for example_branch_operator to 2025-03-09 00:00:00+00:00, run_after=2025-03-10 00:00:00+00:00
[2025-03-10T00:00:14.777+0000] {processor.py:208} INFO - Processing /home/airflow/.local/lib/python3.12/site-packages/airflow/example_dags/example_branch_operator.py took 0.111 seconds
[2025-03-10T00:00:46.519+0000] {processor.py:186} INFO - Started process (PID=47102) to work on /home/airflow/.local/lib/python3.12/site-packages/airflow/example_dags/example_branch_operator.py
[2025-03-10T00:00:46.521+0000] {processor.py:914} INFO - Processing file /home/airflow/.local/lib/python3.12/site-packages/airflow/example_dags/example_branch_operator.py for tasks to queue
[2025-03-10T00:00:46.522+0000] {logging_mixin.py:190} INFO - [2025-03-10T00:00:46.522+0000] {dagbag.py:588} INFO - Filling up the DagBag from /home/airflow/.local/lib/python3.12/site-packages/airflow/example_dags/example_branch_operator.py
[2025-03-10T00:00:46.551+0000] {processor.py:925} INFO - DAG(s) 'example_branch_operator' retrieved from /home/airflow/.local/lib/python3.12/site-packages/airflow/example_dags/example_branch_operator.py
[2025-03-10T00:00:46.587+0000] {logging_mixin.py:190} INFO - [2025-03-10T00:00:46.587+0000] {dag.py:3239} INFO - Sync 1 DAGs
[2025-03-10T00:00:46.627+0000] {logging_mixin.py:190} INFO - [2025-03-10T00:00:46.626+0000] {dag.py:4180} INFO - Setting next_dagrun for example_branch_operator to 2025-03-09 00:00:00+00:00, run_after=2025-03-10 00:00:00+00:00
[2025-03-10T00:00:46.648+0000] {processor.py:208} INFO - Processing /home/airflow/.local/lib/python3.12/site-packages/airflow/example_dags/example_branch_operator.py took 0.134 seconds
[2025-03-10T00:01:18.505+0000] {processor.py:186} INFO - Started process (PID=47168) to work on /home/airflow/.local/lib/python3.12/site-packages/airflow/example_dags/example_branch_operator.py
[2025-03-10T00:01:18.506+0000] {processor.py:914} INFO - Processing file /home/airflow/.local/lib/python3.12/site-packages/airflow/example_dags/example_branch_operator.py for tasks to queue
[2025-03-10T00:01:18.507+0000] {logging_mixin.py:190} INFO - [2025-03-10T00:01:18.507+0000] {dagbag.py:588} INFO - Filling up the DagBag from /home/airflow/.local/lib/python3.12/site-packages/airflow/example_dags/example_branch_operator.py
[2025-03-10T00:01:18.522+0000] {processor.py:925} INFO - DAG(s) 'example_branch_operator' retrieved from /home/airflow/.local/lib/python3.12/site-packages/airflow/example_dags/example_branch_operator.py
[2025-03-10T00:01:18.545+0000] {logging_mixin.py:190} INFO - [2025-03-10T00:01:18.545+0000] {dag.py:3239} INFO - Sync 1 DAGs
[2025-03-10T00:01:18.567+0000] {logging_mixin.py:190} INFO - [2025-03-10T00:01:18.567+0000] {dag.py:4180} INFO - Setting next_dagrun for example_branch_operator to 2025-03-09 00:00:00+00:00, run_after=2025-03-10 00:00:00+00:00
[2025-03-10T00:01:18.587+0000] {processor.py:208} INFO - Processing /home/airflow/.local/lib/python3.12/site-packages/airflow/example_dags/example_branch_operator.py took 0.087 seconds
[2025-03-10T00:01:51.536+0000] {processor.py:186} INFO - Started process (PID=47234) to work on /home/airflow/.local/lib/python3.12/site-packages/airflow/example_dags/example_branch_operator.py
[2025-03-10T00:01:51.537+0000] {processor.py:914} INFO - Processing file /home/airflow/.local/lib/python3.12/site-packages/airflow/example_dags/example_branch_operator.py for tasks to queue
[2025-03-10T00:01:51.539+0000] {logging_mixin.py:190} INFO - [2025-03-10T00:01:51.539+0000] {dagbag.py:588} INFO - Filling up the DagBag from /home/airflow/.local/lib/python3.12/site-packages/airflow/example_dags/example_branch_operator.py
[2025-03-10T00:01:51.556+0000] {processor.py:925} INFO - DAG(s) 'example_branch_operator' retrieved from /home/airflow/.local/lib/python3.12/site-packages/airflow/example_dags/example_branch_operator.py
[2025-03-10T00:01:51.584+0000] {logging_mixin.py:190} INFO - [2025-03-10T00:01:51.584+0000] {dag.py:3239} INFO - Sync 1 DAGs
[2025-03-10T00:01:51.612+0000] {logging_mixin.py:190} INFO - [2025-03-10T00:01:51.612+0000] {dag.py:4180} INFO - Setting next_dagrun for example_branch_operator to 2025-03-09 00:00:00+00:00, run_after=2025-03-10 00:00:00+00:00
[2025-03-10T00:01:51.653+0000] {processor.py:208} INFO - Processing /home/airflow/.local/lib/python3.12/site-packages/airflow/example_dags/example_branch_operator.py took 0.122 seconds
[2025-03-10T00:02:22.265+0000] {processor.py:186} INFO - Started process (PID=47300) to work on /home/airflow/.local/lib/python3.12/site-packages/airflow/example_dags/example_branch_operator.py
[2025-03-10T00:02:22.266+0000] {processor.py:914} INFO - Processing file /home/airflow/.local/lib/python3.12/site-packages/airflow/example_dags/example_branch_operator.py for tasks to queue
[2025-03-10T00:02:22.267+0000] {logging_mixin.py:190} INFO - [2025-03-10T00:02:22.266+0000] {dagbag.py:588} INFO - Filling up the DagBag from /home/airflow/.local/lib/python3.12/site-packages/airflow/example_dags/example_branch_operator.py
[2025-03-10T00:02:22.283+0000] {processor.py:925} INFO - DAG(s) 'example_branch_operator' retrieved from /home/airflow/.local/lib/python3.12/site-packages/airflow/example_dags/example_branch_operator.py
[2025-03-10T00:02:22.308+0000] {logging_mixin.py:190} INFO - [2025-03-10T00:02:22.307+0000] {dag.py:3239} INFO - Sync 1 DAGs
[2025-03-10T00:02:22.330+0000] {logging_mixin.py:190} INFO - [2025-03-10T00:02:22.329+0000] {dag.py:4180} INFO - Setting next_dagrun for example_branch_operator to 2025-03-09 00:00:00+00:00, run_after=2025-03-10 00:00:00+00:00
[2025-03-10T00:02:22.350+0000] {processor.py:208} INFO - Processing /home/airflow/.local/lib/python3.12/site-packages/airflow/example_dags/example_branch_operator.py took 0.090 seconds
[2025-03-10T00:02:53.215+0000] {processor.py:186} INFO - Started process (PID=47366) to work on /home/airflow/.local/lib/python3.12/site-packages/airflow/example_dags/example_branch_operator.py
[2025-03-10T00:02:53.217+0000] {processor.py:914} INFO - Processing file /home/airflow/.local/lib/python3.12/site-packages/airflow/example_dags/example_branch_operator.py for tasks to queue
[2025-03-10T00:02:53.218+0000] {logging_mixin.py:190} INFO - [2025-03-10T00:02:53.218+0000] {dagbag.py:588} INFO - Filling up the DagBag from /home/airflow/.local/lib/python3.12/site-packages/airflow/example_dags/example_branch_operator.py
[2025-03-10T00:02:53.240+0000] {processor.py:925} INFO - DAG(s) 'example_branch_operator' retrieved from /home/airflow/.local/lib/python3.12/site-packages/airflow/example_dags/example_branch_operator.py
[2025-03-10T00:02:53.275+0000] {logging_mixin.py:190} INFO - [2025-03-10T00:02:53.275+0000] {dag.py:3239} INFO - Sync 1 DAGs
[2025-03-10T00:02:53.302+0000] {logging_mixin.py:190} INFO - [2025-03-10T00:02:53.302+0000] {dag.py:4180} INFO - Setting next_dagrun for example_branch_operator to 2025-03-09 00:00:00+00:00, run_after=2025-03-10 00:00:00+00:00
[2025-03-10T00:02:53.327+0000] {processor.py:208} INFO - Processing /home/airflow/.local/lib/python3.12/site-packages/airflow/example_dags/example_branch_operator.py took 0.119 seconds
[2025-03-10T00:03:23.925+0000] {processor.py:186} INFO - Started process (PID=47432) to work on /home/airflow/.local/lib/python3.12/site-packages/airflow/example_dags/example_branch_operator.py
[2025-03-10T00:03:23.926+0000] {processor.py:914} INFO - Processing file /home/airflow/.local/lib/python3.12/site-packages/airflow/example_dags/example_branch_operator.py for tasks to queue
[2025-03-10T00:03:23.928+0000] {logging_mixin.py:190} INFO - [2025-03-10T00:03:23.927+0000] {dagbag.py:588} INFO - Filling up the DagBag from /home/airflow/.local/lib/python3.12/site-packages/airflow/example_dags/example_branch_operator.py
[2025-03-10T00:03:23.944+0000] {processor.py:925} INFO - DAG(s) 'example_branch_operator' retrieved from /home/airflow/.local/lib/python3.12/site-packages/airflow/example_dags/example_branch_operator.py
[2025-03-10T00:03:23.971+0000] {logging_mixin.py:190} INFO - [2025-03-10T00:03:23.971+0000] {dag.py:3239} INFO - Sync 1 DAGs
[2025-03-10T00:03:24.006+0000] {logging_mixin.py:190} INFO - [2025-03-10T00:03:24.006+0000] {dag.py:4180} INFO - Setting next_dagrun for example_branch_operator to 2025-03-09 00:00:00+00:00, run_after=2025-03-10 00:00:00+00:00
[2025-03-10T00:03:24.032+0000] {processor.py:208} INFO - Processing /home/airflow/.local/lib/python3.12/site-packages/airflow/example_dags/example_branch_operator.py took 0.112 seconds
[2025-03-10T00:03:56.135+0000] {processor.py:186} INFO - Started process (PID=47498) to work on /home/airflow/.local/lib/python3.12/site-packages/airflow/example_dags/example_branch_operator.py
[2025-03-10T00:03:56.136+0000] {processor.py:914} INFO - Processing file /home/airflow/.local/lib/python3.12/site-packages/airflow/example_dags/example_branch_operator.py for tasks to queue
[2025-03-10T00:03:56.138+0000] {logging_mixin.py:190} INFO - [2025-03-10T00:03:56.138+0000] {dagbag.py:588} INFO - Filling up the DagBag from /home/airflow/.local/lib/python3.12/site-packages/airflow/example_dags/example_branch_operator.py
[2025-03-10T00:03:56.155+0000] {processor.py:925} INFO - DAG(s) 'example_branch_operator' retrieved from /home/airflow/.local/lib/python3.12/site-packages/airflow/example_dags/example_branch_operator.py
[2025-03-10T00:03:56.187+0000] {logging_mixin.py:190} INFO - [2025-03-10T00:03:56.187+0000] {dag.py:3239} INFO - Sync 1 DAGs
[2025-03-10T00:03:56.228+0000] {logging_mixin.py:190} INFO - [2025-03-10T00:03:56.228+0000] {dag.py:4180} INFO - Setting next_dagrun for example_branch_operator to 2025-03-09 00:00:00+00:00, run_after=2025-03-10 00:00:00+00:00
[2025-03-10T00:03:56.254+0000] {processor.py:208} INFO - Processing /home/airflow/.local/lib/python3.12/site-packages/airflow/example_dags/example_branch_operator.py took 0.125 seconds
[2025-03-10T00:04:27.915+0000] {processor.py:186} INFO - Started process (PID=47564) to work on /home/airflow/.local/lib/python3.12/site-packages/airflow/example_dags/example_branch_operator.py
[2025-03-10T00:04:27.916+0000] {processor.py:914} INFO - Processing file /home/airflow/.local/lib/python3.12/site-packages/airflow/example_dags/example_branch_operator.py for tasks to queue
[2025-03-10T00:04:27.917+0000] {logging_mixin.py:190} INFO - [2025-03-10T00:04:27.917+0000] {dagbag.py:588} INFO - Filling up the DagBag from /home/airflow/.local/lib/python3.12/site-packages/airflow/example_dags/example_branch_operator.py
[2025-03-10T00:04:27.933+0000] {processor.py:925} INFO - DAG(s) 'example_branch_operator' retrieved from /home/airflow/.local/lib/python3.12/site-packages/airflow/example_dags/example_branch_operator.py
[2025-03-10T00:04:27.957+0000] {logging_mixin.py:190} INFO - [2025-03-10T00:04:27.957+0000] {dag.py:3239} INFO - Sync 1 DAGs
[2025-03-10T00:04:27.982+0000] {logging_mixin.py:190} INFO - [2025-03-10T00:04:27.982+0000] {dag.py:4180} INFO - Setting next_dagrun for example_branch_operator to 2025-03-09 00:00:00+00:00, run_after=2025-03-10 00:00:00+00:00
[2025-03-10T00:04:28.003+0000] {processor.py:208} INFO - Processing /home/airflow/.local/lib/python3.12/site-packages/airflow/example_dags/example_branch_operator.py took 0.093 seconds
[2025-03-10T00:04:58.652+0000] {processor.py:186} INFO - Started process (PID=47630) to work on /home/airflow/.local/lib/python3.12/site-packages/airflow/example_dags/example_branch_operator.py
[2025-03-10T00:04:58.653+0000] {processor.py:914} INFO - Processing file /home/airflow/.local/lib/python3.12/site-packages/airflow/example_dags/example_branch_operator.py for tasks to queue
[2025-03-10T00:04:58.654+0000] {logging_mixin.py:190} INFO - [2025-03-10T00:04:58.654+0000] {dagbag.py:588} INFO - Filling up the DagBag from /home/airflow/.local/lib/python3.12/site-packages/airflow/example_dags/example_branch_operator.py
[2025-03-10T00:04:58.677+0000] {processor.py:925} INFO - DAG(s) 'example_branch_operator' retrieved from /home/airflow/.local/lib/python3.12/site-packages/airflow/example_dags/example_branch_operator.py
[2025-03-10T00:04:58.717+0000] {logging_mixin.py:190} INFO - [2025-03-10T00:04:58.717+0000] {dag.py:3239} INFO - Sync 1 DAGs
[2025-03-10T00:04:58.743+0000] {logging_mixin.py:190} INFO - [2025-03-10T00:04:58.743+0000] {dag.py:4180} INFO - Setting next_dagrun for example_branch_operator to 2025-03-09 00:00:00+00:00, run_after=2025-03-10 00:00:00+00:00
[2025-03-10T00:04:58.762+0000] {processor.py:208} INFO - Processing /home/airflow/.local/lib/python3.12/site-packages/airflow/example_dags/example_branch_operator.py took 0.118 seconds
[2025-03-10T00:05:30.252+0000] {processor.py:186} INFO - Started process (PID=47696) to work on /home/airflow/.local/lib/python3.12/site-packages/airflow/example_dags/example_branch_operator.py
[2025-03-10T00:05:30.253+0000] {processor.py:914} INFO - Processing file /home/airflow/.local/lib/python3.12/site-packages/airflow/example_dags/example_branch_operator.py for tasks to queue
[2025-03-10T00:05:30.255+0000] {logging_mixin.py:190} INFO - [2025-03-10T00:05:30.254+0000] {dagbag.py:588} INFO - Filling up the DagBag from /home/airflow/.local/lib/python3.12/site-packages/airflow/example_dags/example_branch_operator.py
[2025-03-10T00:05:30.270+0000] {processor.py:925} INFO - DAG(s) 'example_branch_operator' retrieved from /home/airflow/.local/lib/python3.12/site-packages/airflow/example_dags/example_branch_operator.py
[2025-03-10T00:05:30.297+0000] {logging_mixin.py:190} INFO - [2025-03-10T00:05:30.297+0000] {dag.py:3239} INFO - Sync 1 DAGs
[2025-03-10T00:05:30.323+0000] {logging_mixin.py:190} INFO - [2025-03-10T00:05:30.322+0000] {dag.py:4180} INFO - Setting next_dagrun for example_branch_operator to 2025-03-09 00:00:00+00:00, run_after=2025-03-10 00:00:00+00:00
[2025-03-10T00:05:30.350+0000] {processor.py:208} INFO - Processing /home/airflow/.local/lib/python3.12/site-packages/airflow/example_dags/example_branch_operator.py took 0.103 seconds
[2025-03-10T00:06:03.069+0000] {processor.py:186} INFO - Started process (PID=47762) to work on /home/airflow/.local/lib/python3.12/site-packages/airflow/example_dags/example_branch_operator.py
[2025-03-10T00:06:03.071+0000] {processor.py:914} INFO - Processing file /home/airflow/.local/lib/python3.12/site-packages/airflow/example_dags/example_branch_operator.py for tasks to queue
[2025-03-10T00:06:03.072+0000] {logging_mixin.py:190} INFO - [2025-03-10T00:06:03.072+0000] {dagbag.py:588} INFO - Filling up the DagBag from /home/airflow/.local/lib/python3.12/site-packages/airflow/example_dags/example_branch_operator.py
[2025-03-10T00:06:03.087+0000] {processor.py:925} INFO - DAG(s) 'example_branch_operator' retrieved from /home/airflow/.local/lib/python3.12/site-packages/airflow/example_dags/example_branch_operator.py
[2025-03-10T00:06:03.114+0000] {logging_mixin.py:190} INFO - [2025-03-10T00:06:03.114+0000] {dag.py:3239} INFO - Sync 1 DAGs
[2025-03-10T00:06:03.136+0000] {logging_mixin.py:190} INFO - [2025-03-10T00:06:03.136+0000] {dag.py:4180} INFO - Setting next_dagrun for example_branch_operator to 2025-03-09 00:00:00+00:00, run_after=2025-03-10 00:00:00+00:00
[2025-03-10T00:06:03.156+0000] {processor.py:208} INFO - Processing /home/airflow/.local/lib/python3.12/site-packages/airflow/example_dags/example_branch_operator.py took 0.091 seconds
[2025-03-10T00:06:34.463+0000] {processor.py:186} INFO - Started process (PID=47832) to work on /home/airflow/.local/lib/python3.12/site-packages/airflow/example_dags/example_branch_operator.py
[2025-03-10T00:06:34.464+0000] {processor.py:914} INFO - Processing file /home/airflow/.local/lib/python3.12/site-packages/airflow/example_dags/example_branch_operator.py for tasks to queue
[2025-03-10T00:06:34.465+0000] {logging_mixin.py:190} INFO - [2025-03-10T00:06:34.465+0000] {dagbag.py:588} INFO - Filling up the DagBag from /home/airflow/.local/lib/python3.12/site-packages/airflow/example_dags/example_branch_operator.py
[2025-03-10T00:06:34.484+0000] {processor.py:925} INFO - DAG(s) 'example_branch_operator' retrieved from /home/airflow/.local/lib/python3.12/site-packages/airflow/example_dags/example_branch_operator.py
[2025-03-10T00:06:34.510+0000] {logging_mixin.py:190} INFO - [2025-03-10T00:06:34.509+0000] {dag.py:3239} INFO - Sync 1 DAGs
[2025-03-10T00:06:34.533+0000] {logging_mixin.py:190} INFO - [2025-03-10T00:06:34.533+0000] {dag.py:4180} INFO - Setting next_dagrun for example_branch_operator to 2025-03-09 00:00:00+00:00, run_after=2025-03-10 00:00:00+00:00
[2025-03-10T00:06:34.552+0000] {processor.py:208} INFO - Processing /home/airflow/.local/lib/python3.12/site-packages/airflow/example_dags/example_branch_operator.py took 0.095 seconds
[2025-03-10T00:07:05.845+0000] {processor.py:186} INFO - Started process (PID=47901) to work on /home/airflow/.local/lib/python3.12/site-packages/airflow/example_dags/example_branch_operator.py
[2025-03-10T00:07:05.846+0000] {processor.py:914} INFO - Processing file /home/airflow/.local/lib/python3.12/site-packages/airflow/example_dags/example_branch_operator.py for tasks to queue
[2025-03-10T00:07:05.848+0000] {logging_mixin.py:190} INFO - [2025-03-10T00:07:05.847+0000] {dagbag.py:588} INFO - Filling up the DagBag from /home/airflow/.local/lib/python3.12/site-packages/airflow/example_dags/example_branch_operator.py
[2025-03-10T00:07:05.865+0000] {processor.py:925} INFO - DAG(s) 'example_branch_operator' retrieved from /home/airflow/.local/lib/python3.12/site-packages/airflow/example_dags/example_branch_operator.py
[2025-03-10T00:07:05.893+0000] {logging_mixin.py:190} INFO - [2025-03-10T00:07:05.893+0000] {dag.py:3239} INFO - Sync 1 DAGs
[2025-03-10T00:07:05.920+0000] {logging_mixin.py:190} INFO - [2025-03-10T00:07:05.920+0000] {dag.py:4180} INFO - Setting next_dagrun for example_branch_operator to 2025-03-09 00:00:00+00:00, run_after=2025-03-10 00:00:00+00:00
[2025-03-10T00:07:05.942+0000] {processor.py:208} INFO - Processing /home/airflow/.local/lib/python3.12/site-packages/airflow/example_dags/example_branch_operator.py took 0.103 seconds
