[2025-03-10T00:00:14.961+0000] {processor.py:186} INFO - Started process (PID=47040) to work on /home/airflow/.local/lib/python3.12/site-packages/airflow/example_dags/example_nested_branch_dag.py
[2025-03-10T00:00:14.962+0000] {processor.py:914} INFO - Processing file /home/airflow/.local/lib/python3.12/site-packages/airflow/example_dags/example_nested_branch_dag.py for tasks to queue
[2025-03-10T00:00:14.964+0000] {logging_mixin.py:190} INFO - [2025-03-10T00:00:14.964+0000] {dagbag.py:588} INFO - Filling up the DagBag from /home/airflow/.local/lib/python3.12/site-packages/airflow/example_dags/example_nested_branch_dag.py
[2025-03-10T00:00:14.978+0000] {processor.py:925} INFO - DAG(s) 'example_nested_branch_dag' retrieved from /home/airflow/.local/lib/python3.12/site-packages/airflow/example_dags/example_nested_branch_dag.py
[2025-03-10T00:00:14.999+0000] {logging_mixin.py:190} INFO - [2025-03-10T00:00:14.999+0000] {dag.py:3239} INFO - Sync 1 DAGs
[2025-03-10T00:00:15.022+0000] {logging_mixin.py:190} INFO - [2025-03-10T00:00:15.022+0000] {dag.py:4180} INFO - Setting next_dagrun for example_nested_branch_dag to 2025-03-09 00:00:00+00:00, run_after=2025-03-10 00:00:00+00:00
[2025-03-10T00:00:15.040+0000] {processor.py:208} INFO - Processing /home/airflow/.local/lib/python3.12/site-packages/airflow/example_dags/example_nested_branch_dag.py took 0.085 seconds
[2025-03-10T00:00:46.849+0000] {processor.py:186} INFO - Started process (PID=47106) to work on /home/airflow/.local/lib/python3.12/site-packages/airflow/example_dags/example_nested_branch_dag.py
[2025-03-10T00:00:46.851+0000] {processor.py:914} INFO - Processing file /home/airflow/.local/lib/python3.12/site-packages/airflow/example_dags/example_nested_branch_dag.py for tasks to queue
[2025-03-10T00:00:46.853+0000] {logging_mixin.py:190} INFO - [2025-03-10T00:00:46.852+0000] {dagbag.py:588} INFO - Filling up the DagBag from /home/airflow/.local/lib/python3.12/site-packages/airflow/example_dags/example_nested_branch_dag.py
[2025-03-10T00:00:46.867+0000] {processor.py:925} INFO - DAG(s) 'example_nested_branch_dag' retrieved from /home/airflow/.local/lib/python3.12/site-packages/airflow/example_dags/example_nested_branch_dag.py
[2025-03-10T00:00:46.893+0000] {logging_mixin.py:190} INFO - [2025-03-10T00:00:46.893+0000] {dag.py:3239} INFO - Sync 1 DAGs
[2025-03-10T00:00:46.924+0000] {logging_mixin.py:190} INFO - [2025-03-10T00:00:46.924+0000] {dag.py:4180} INFO - Setting next_dagrun for example_nested_branch_dag to 2025-03-09 00:00:00+00:00, run_after=2025-03-10 00:00:00+00:00
[2025-03-10T00:00:46.948+0000] {processor.py:208} INFO - Processing /home/airflow/.local/lib/python3.12/site-packages/airflow/example_dags/example_nested_branch_dag.py took 0.106 seconds
[2025-03-10T00:01:18.759+0000] {processor.py:186} INFO - Started process (PID=47172) to work on /home/airflow/.local/lib/python3.12/site-packages/airflow/example_dags/example_nested_branch_dag.py
[2025-03-10T00:01:18.761+0000] {processor.py:914} INFO - Processing file /home/airflow/.local/lib/python3.12/site-packages/airflow/example_dags/example_nested_branch_dag.py for tasks to queue
[2025-03-10T00:01:18.763+0000] {logging_mixin.py:190} INFO - [2025-03-10T00:01:18.762+0000] {dagbag.py:588} INFO - Filling up the DagBag from /home/airflow/.local/lib/python3.12/site-packages/airflow/example_dags/example_nested_branch_dag.py
[2025-03-10T00:01:18.776+0000] {processor.py:925} INFO - DAG(s) 'example_nested_branch_dag' retrieved from /home/airflow/.local/lib/python3.12/site-packages/airflow/example_dags/example_nested_branch_dag.py
[2025-03-10T00:01:18.800+0000] {logging_mixin.py:190} INFO - [2025-03-10T00:01:18.799+0000] {dag.py:3239} INFO - Sync 1 DAGs
[2025-03-10T00:01:18.826+0000] {logging_mixin.py:190} INFO - [2025-03-10T00:01:18.826+0000] {dag.py:4180} INFO - Setting next_dagrun for example_nested_branch_dag to 2025-03-09 00:00:00+00:00, run_after=2025-03-10 00:00:00+00:00
[2025-03-10T00:01:18.847+0000] {processor.py:208} INFO - Processing /home/airflow/.local/lib/python3.12/site-packages/airflow/example_dags/example_nested_branch_dag.py took 0.094 seconds
[2025-03-10T00:01:51.825+0000] {processor.py:186} INFO - Started process (PID=47238) to work on /home/airflow/.local/lib/python3.12/site-packages/airflow/example_dags/example_nested_branch_dag.py
[2025-03-10T00:01:51.826+0000] {processor.py:914} INFO - Processing file /home/airflow/.local/lib/python3.12/site-packages/airflow/example_dags/example_nested_branch_dag.py for tasks to queue
[2025-03-10T00:01:51.829+0000] {logging_mixin.py:190} INFO - [2025-03-10T00:01:51.828+0000] {dagbag.py:588} INFO - Filling up the DagBag from /home/airflow/.local/lib/python3.12/site-packages/airflow/example_dags/example_nested_branch_dag.py
[2025-03-10T00:01:51.843+0000] {processor.py:925} INFO - DAG(s) 'example_nested_branch_dag' retrieved from /home/airflow/.local/lib/python3.12/site-packages/airflow/example_dags/example_nested_branch_dag.py
[2025-03-10T00:01:51.887+0000] {logging_mixin.py:190} INFO - [2025-03-10T00:01:51.886+0000] {dag.py:3239} INFO - Sync 1 DAGs
[2025-03-10T00:01:51.924+0000] {logging_mixin.py:190} INFO - [2025-03-10T00:01:51.923+0000] {dag.py:4180} INFO - Setting next_dagrun for example_nested_branch_dag to 2025-03-09 00:00:00+00:00, run_after=2025-03-10 00:00:00+00:00
[2025-03-10T00:01:51.956+0000] {processor.py:208} INFO - Processing /home/airflow/.local/lib/python3.12/site-packages/airflow/example_dags/example_nested_branch_dag.py took 0.137 seconds
[2025-03-10T00:02:22.486+0000] {processor.py:186} INFO - Started process (PID=47304) to work on /home/airflow/.local/lib/python3.12/site-packages/airflow/example_dags/example_nested_branch_dag.py
[2025-03-10T00:02:22.487+0000] {processor.py:914} INFO - Processing file /home/airflow/.local/lib/python3.12/site-packages/airflow/example_dags/example_nested_branch_dag.py for tasks to queue
[2025-03-10T00:02:22.488+0000] {logging_mixin.py:190} INFO - [2025-03-10T00:02:22.488+0000] {dagbag.py:588} INFO - Filling up the DagBag from /home/airflow/.local/lib/python3.12/site-packages/airflow/example_dags/example_nested_branch_dag.py
[2025-03-10T00:02:22.498+0000] {processor.py:925} INFO - DAG(s) 'example_nested_branch_dag' retrieved from /home/airflow/.local/lib/python3.12/site-packages/airflow/example_dags/example_nested_branch_dag.py
[2025-03-10T00:02:22.518+0000] {logging_mixin.py:190} INFO - [2025-03-10T00:02:22.518+0000] {dag.py:3239} INFO - Sync 1 DAGs
[2025-03-10T00:02:22.540+0000] {logging_mixin.py:190} INFO - [2025-03-10T00:02:22.540+0000] {dag.py:4180} INFO - Setting next_dagrun for example_nested_branch_dag to 2025-03-09 00:00:00+00:00, run_after=2025-03-10 00:00:00+00:00
[2025-03-10T00:02:22.559+0000] {processor.py:208} INFO - Processing /home/airflow/.local/lib/python3.12/site-packages/airflow/example_dags/example_nested_branch_dag.py took 0.079 seconds
[2025-03-10T00:02:53.463+0000] {processor.py:186} INFO - Started process (PID=47370) to work on /home/airflow/.local/lib/python3.12/site-packages/airflow/example_dags/example_nested_branch_dag.py
[2025-03-10T00:02:53.464+0000] {processor.py:914} INFO - Processing file /home/airflow/.local/lib/python3.12/site-packages/airflow/example_dags/example_nested_branch_dag.py for tasks to queue
[2025-03-10T00:02:53.466+0000] {logging_mixin.py:190} INFO - [2025-03-10T00:02:53.465+0000] {dagbag.py:588} INFO - Filling up the DagBag from /home/airflow/.local/lib/python3.12/site-packages/airflow/example_dags/example_nested_branch_dag.py
[2025-03-10T00:02:53.476+0000] {processor.py:925} INFO - DAG(s) 'example_nested_branch_dag' retrieved from /home/airflow/.local/lib/python3.12/site-packages/airflow/example_dags/example_nested_branch_dag.py
[2025-03-10T00:02:53.496+0000] {logging_mixin.py:190} INFO - [2025-03-10T00:02:53.495+0000] {dag.py:3239} INFO - Sync 1 DAGs
[2025-03-10T00:02:53.516+0000] {logging_mixin.py:190} INFO - [2025-03-10T00:02:53.516+0000] {dag.py:4180} INFO - Setting next_dagrun for example_nested_branch_dag to 2025-03-09 00:00:00+00:00, run_after=2025-03-10 00:00:00+00:00
[2025-03-10T00:02:53.534+0000] {processor.py:208} INFO - Processing /home/airflow/.local/lib/python3.12/site-packages/airflow/example_dags/example_nested_branch_dag.py took 0.077 seconds
[2025-03-10T00:03:24.172+0000] {processor.py:186} INFO - Started process (PID=47436) to work on /home/airflow/.local/lib/python3.12/site-packages/airflow/example_dags/example_nested_branch_dag.py
[2025-03-10T00:03:24.173+0000] {processor.py:914} INFO - Processing file /home/airflow/.local/lib/python3.12/site-packages/airflow/example_dags/example_nested_branch_dag.py for tasks to queue
[2025-03-10T00:03:24.175+0000] {logging_mixin.py:190} INFO - [2025-03-10T00:03:24.174+0000] {dagbag.py:588} INFO - Filling up the DagBag from /home/airflow/.local/lib/python3.12/site-packages/airflow/example_dags/example_nested_branch_dag.py
[2025-03-10T00:03:24.184+0000] {processor.py:925} INFO - DAG(s) 'example_nested_branch_dag' retrieved from /home/airflow/.local/lib/python3.12/site-packages/airflow/example_dags/example_nested_branch_dag.py
[2025-03-10T00:03:24.205+0000] {logging_mixin.py:190} INFO - [2025-03-10T00:03:24.205+0000] {dag.py:3239} INFO - Sync 1 DAGs
[2025-03-10T00:03:24.227+0000] {logging_mixin.py:190} INFO - [2025-03-10T00:03:24.226+0000] {dag.py:4180} INFO - Setting next_dagrun for example_nested_branch_dag to 2025-03-09 00:00:00+00:00, run_after=2025-03-10 00:00:00+00:00
[2025-03-10T00:03:24.252+0000] {processor.py:208} INFO - Processing /home/airflow/.local/lib/python3.12/site-packages/airflow/example_dags/example_nested_branch_dag.py took 0.085 seconds
[2025-03-10T00:03:56.423+0000] {processor.py:186} INFO - Started process (PID=47502) to work on /home/airflow/.local/lib/python3.12/site-packages/airflow/example_dags/example_nested_branch_dag.py
[2025-03-10T00:03:56.425+0000] {processor.py:914} INFO - Processing file /home/airflow/.local/lib/python3.12/site-packages/airflow/example_dags/example_nested_branch_dag.py for tasks to queue
[2025-03-10T00:03:56.428+0000] {logging_mixin.py:190} INFO - [2025-03-10T00:03:56.427+0000] {dagbag.py:588} INFO - Filling up the DagBag from /home/airflow/.local/lib/python3.12/site-packages/airflow/example_dags/example_nested_branch_dag.py
[2025-03-10T00:03:56.446+0000] {processor.py:925} INFO - DAG(s) 'example_nested_branch_dag' retrieved from /home/airflow/.local/lib/python3.12/site-packages/airflow/example_dags/example_nested_branch_dag.py
[2025-03-10T00:03:56.485+0000] {logging_mixin.py:190} INFO - [2025-03-10T00:03:56.484+0000] {dag.py:3239} INFO - Sync 1 DAGs
[2025-03-10T00:03:56.515+0000] {logging_mixin.py:190} INFO - [2025-03-10T00:03:56.515+0000] {dag.py:4180} INFO - Setting next_dagrun for example_nested_branch_dag to 2025-03-09 00:00:00+00:00, run_after=2025-03-10 00:00:00+00:00
[2025-03-10T00:03:56.554+0000] {processor.py:208} INFO - Processing /home/airflow/.local/lib/python3.12/site-packages/airflow/example_dags/example_nested_branch_dag.py took 0.140 seconds
[2025-03-10T00:04:28.151+0000] {processor.py:186} INFO - Started process (PID=47568) to work on /home/airflow/.local/lib/python3.12/site-packages/airflow/example_dags/example_nested_branch_dag.py
[2025-03-10T00:04:28.152+0000] {processor.py:914} INFO - Processing file /home/airflow/.local/lib/python3.12/site-packages/airflow/example_dags/example_nested_branch_dag.py for tasks to queue
[2025-03-10T00:04:28.153+0000] {logging_mixin.py:190} INFO - [2025-03-10T00:04:28.153+0000] {dagbag.py:588} INFO - Filling up the DagBag from /home/airflow/.local/lib/python3.12/site-packages/airflow/example_dags/example_nested_branch_dag.py
[2025-03-10T00:04:28.163+0000] {processor.py:925} INFO - DAG(s) 'example_nested_branch_dag' retrieved from /home/airflow/.local/lib/python3.12/site-packages/airflow/example_dags/example_nested_branch_dag.py
[2025-03-10T00:04:28.186+0000] {logging_mixin.py:190} INFO - [2025-03-10T00:04:28.185+0000] {dag.py:3239} INFO - Sync 1 DAGs
[2025-03-10T00:04:28.211+0000] {logging_mixin.py:190} INFO - [2025-03-10T00:04:28.211+0000] {dag.py:4180} INFO - Setting next_dagrun for example_nested_branch_dag to 2025-03-09 00:00:00+00:00, run_after=2025-03-10 00:00:00+00:00
[2025-03-10T00:04:28.233+0000] {processor.py:208} INFO - Processing /home/airflow/.local/lib/python3.12/site-packages/airflow/example_dags/example_nested_branch_dag.py took 0.088 seconds
[2025-03-10T00:04:58.912+0000] {processor.py:186} INFO - Started process (PID=47634) to work on /home/airflow/.local/lib/python3.12/site-packages/airflow/example_dags/example_nested_branch_dag.py
[2025-03-10T00:04:58.913+0000] {processor.py:914} INFO - Processing file /home/airflow/.local/lib/python3.12/site-packages/airflow/example_dags/example_nested_branch_dag.py for tasks to queue
[2025-03-10T00:04:58.914+0000] {logging_mixin.py:190} INFO - [2025-03-10T00:04:58.914+0000] {dagbag.py:588} INFO - Filling up the DagBag from /home/airflow/.local/lib/python3.12/site-packages/airflow/example_dags/example_nested_branch_dag.py
[2025-03-10T00:04:58.927+0000] {processor.py:925} INFO - DAG(s) 'example_nested_branch_dag' retrieved from /home/airflow/.local/lib/python3.12/site-packages/airflow/example_dags/example_nested_branch_dag.py
[2025-03-10T00:04:58.961+0000] {logging_mixin.py:190} INFO - [2025-03-10T00:04:58.960+0000] {dag.py:3239} INFO - Sync 1 DAGs
[2025-03-10T00:04:59.003+0000] {logging_mixin.py:190} INFO - [2025-03-10T00:04:59.002+0000] {dag.py:4180} INFO - Setting next_dagrun for example_nested_branch_dag to 2025-03-09 00:00:00+00:00, run_after=2025-03-10 00:00:00+00:00
[2025-03-10T00:04:59.033+0000] {processor.py:208} INFO - Processing /home/airflow/.local/lib/python3.12/site-packages/airflow/example_dags/example_nested_branch_dag.py took 0.129 seconds
[2025-03-10T00:05:30.514+0000] {processor.py:186} INFO - Started process (PID=47700) to work on /home/airflow/.local/lib/python3.12/site-packages/airflow/example_dags/example_nested_branch_dag.py
[2025-03-10T00:05:30.515+0000] {processor.py:914} INFO - Processing file /home/airflow/.local/lib/python3.12/site-packages/airflow/example_dags/example_nested_branch_dag.py for tasks to queue
[2025-03-10T00:05:30.516+0000] {logging_mixin.py:190} INFO - [2025-03-10T00:05:30.515+0000] {dagbag.py:588} INFO - Filling up the DagBag from /home/airflow/.local/lib/python3.12/site-packages/airflow/example_dags/example_nested_branch_dag.py
[2025-03-10T00:05:30.525+0000] {processor.py:925} INFO - DAG(s) 'example_nested_branch_dag' retrieved from /home/airflow/.local/lib/python3.12/site-packages/airflow/example_dags/example_nested_branch_dag.py
[2025-03-10T00:05:30.544+0000] {logging_mixin.py:190} INFO - [2025-03-10T00:05:30.544+0000] {dag.py:3239} INFO - Sync 1 DAGs
[2025-03-10T00:05:30.566+0000] {logging_mixin.py:190} INFO - [2025-03-10T00:05:30.566+0000] {dag.py:4180} INFO - Setting next_dagrun for example_nested_branch_dag to 2025-03-09 00:00:00+00:00, run_after=2025-03-10 00:00:00+00:00
[2025-03-10T00:05:30.587+0000] {processor.py:208} INFO - Processing /home/airflow/.local/lib/python3.12/site-packages/airflow/example_dags/example_nested_branch_dag.py took 0.078 seconds
[2025-03-10T00:06:03.290+0000] {processor.py:186} INFO - Started process (PID=47766) to work on /home/airflow/.local/lib/python3.12/site-packages/airflow/example_dags/example_nested_branch_dag.py
[2025-03-10T00:06:03.291+0000] {processor.py:914} INFO - Processing file /home/airflow/.local/lib/python3.12/site-packages/airflow/example_dags/example_nested_branch_dag.py for tasks to queue
[2025-03-10T00:06:03.293+0000] {logging_mixin.py:190} INFO - [2025-03-10T00:06:03.292+0000] {dagbag.py:588} INFO - Filling up the DagBag from /home/airflow/.local/lib/python3.12/site-packages/airflow/example_dags/example_nested_branch_dag.py
[2025-03-10T00:06:03.304+0000] {processor.py:925} INFO - DAG(s) 'example_nested_branch_dag' retrieved from /home/airflow/.local/lib/python3.12/site-packages/airflow/example_dags/example_nested_branch_dag.py
[2025-03-10T00:06:03.324+0000] {logging_mixin.py:190} INFO - [2025-03-10T00:06:03.324+0000] {dag.py:3239} INFO - Sync 1 DAGs
[2025-03-10T00:06:03.346+0000] {logging_mixin.py:190} INFO - [2025-03-10T00:06:03.346+0000] {dag.py:4180} INFO - Setting next_dagrun for example_nested_branch_dag to 2025-03-09 00:00:00+00:00, run_after=2025-03-10 00:00:00+00:00
[2025-03-10T00:06:03.366+0000] {processor.py:208} INFO - Processing /home/airflow/.local/lib/python3.12/site-packages/airflow/example_dags/example_nested_branch_dag.py took 0.081 seconds
[2025-03-10T00:06:34.700+0000] {processor.py:186} INFO - Started process (PID=47836) to work on /home/airflow/.local/lib/python3.12/site-packages/airflow/example_dags/example_nested_branch_dag.py
[2025-03-10T00:06:34.700+0000] {processor.py:914} INFO - Processing file /home/airflow/.local/lib/python3.12/site-packages/airflow/example_dags/example_nested_branch_dag.py for tasks to queue
[2025-03-10T00:06:34.702+0000] {logging_mixin.py:190} INFO - [2025-03-10T00:06:34.702+0000] {dagbag.py:588} INFO - Filling up the DagBag from /home/airflow/.local/lib/python3.12/site-packages/airflow/example_dags/example_nested_branch_dag.py
[2025-03-10T00:06:34.712+0000] {processor.py:925} INFO - DAG(s) 'example_nested_branch_dag' retrieved from /home/airflow/.local/lib/python3.12/site-packages/airflow/example_dags/example_nested_branch_dag.py
[2025-03-10T00:06:34.736+0000] {logging_mixin.py:190} INFO - [2025-03-10T00:06:34.736+0000] {dag.py:3239} INFO - Sync 1 DAGs
[2025-03-10T00:06:34.760+0000] {logging_mixin.py:190} INFO - [2025-03-10T00:06:34.760+0000] {dag.py:4180} INFO - Setting next_dagrun for example_nested_branch_dag to 2025-03-09 00:00:00+00:00, run_after=2025-03-10 00:00:00+00:00
[2025-03-10T00:06:34.780+0000] {processor.py:208} INFO - Processing /home/airflow/.local/lib/python3.12/site-packages/airflow/example_dags/example_nested_branch_dag.py took 0.086 seconds
[2025-03-10T00:07:06.103+0000] {processor.py:186} INFO - Started process (PID=47905) to work on /home/airflow/.local/lib/python3.12/site-packages/airflow/example_dags/example_nested_branch_dag.py
[2025-03-10T00:07:06.104+0000] {processor.py:914} INFO - Processing file /home/airflow/.local/lib/python3.12/site-packages/airflow/example_dags/example_nested_branch_dag.py for tasks to queue
[2025-03-10T00:07:06.105+0000] {logging_mixin.py:190} INFO - [2025-03-10T00:07:06.104+0000] {dagbag.py:588} INFO - Filling up the DagBag from /home/airflow/.local/lib/python3.12/site-packages/airflow/example_dags/example_nested_branch_dag.py
[2025-03-10T00:07:06.114+0000] {processor.py:925} INFO - DAG(s) 'example_nested_branch_dag' retrieved from /home/airflow/.local/lib/python3.12/site-packages/airflow/example_dags/example_nested_branch_dag.py
[2025-03-10T00:07:06.135+0000] {logging_mixin.py:190} INFO - [2025-03-10T00:07:06.135+0000] {dag.py:3239} INFO - Sync 1 DAGs
[2025-03-10T00:07:06.157+0000] {logging_mixin.py:190} INFO - [2025-03-10T00:07:06.156+0000] {dag.py:4180} INFO - Setting next_dagrun for example_nested_branch_dag to 2025-03-09 00:00:00+00:00, run_after=2025-03-10 00:00:00+00:00
[2025-03-10T00:07:06.176+0000] {processor.py:208} INFO - Processing /home/airflow/.local/lib/python3.12/site-packages/airflow/example_dags/example_nested_branch_dag.py took 0.079 seconds
