[2025-03-10T00:00:12.067+0000] {processor.py:186} INFO - Started process (PID=47006) to work on /home/airflow/.local/lib/python3.12/site-packages/airflow/example_dags/example_dag_decorator.py
[2025-03-10T00:00:12.068+0000] {processor.py:914} INFO - Processing file /home/airflow/.local/lib/python3.12/site-packages/airflow/example_dags/example_dag_decorator.py for tasks to queue
[2025-03-10T00:00:12.069+0000] {logging_mixin.py:190} INFO - [2025-03-10T00:00:12.069+0000] {dagbag.py:588} INFO - Filling up the DagBag from /home/airflow/.local/lib/python3.12/site-packages/airflow/example_dags/example_dag_decorator.py
[2025-03-10T00:00:12.080+0000] {processor.py:925} INFO - DAG(s) 'example_dag_decorator' retrieved from /home/airflow/.local/lib/python3.12/site-packages/airflow/example_dags/example_dag_decorator.py
[2025-03-10T00:00:12.185+0000] {logging_mixin.py:190} INFO - [2025-03-10T00:00:12.185+0000] {dag.py:3239} INFO - Sync 1 DAGs
[2025-03-10T00:00:12.197+0000] {logging_mixin.py:190} INFO - [2025-03-10T00:00:12.197+0000] {dag.py:4180} INFO - Setting next_dagrun for example_dag_decorator to None, run_after=None
[2025-03-10T00:00:12.218+0000] {processor.py:208} INFO - Processing /home/airflow/.local/lib/python3.12/site-packages/airflow/example_dags/example_dag_decorator.py took 0.155 seconds
[2025-03-10T00:00:43.978+0000] {processor.py:186} INFO - Started process (PID=47072) to work on /home/airflow/.local/lib/python3.12/site-packages/airflow/example_dags/example_dag_decorator.py
[2025-03-10T00:00:43.979+0000] {processor.py:914} INFO - Processing file /home/airflow/.local/lib/python3.12/site-packages/airflow/example_dags/example_dag_decorator.py for tasks to queue
[2025-03-10T00:00:43.980+0000] {logging_mixin.py:190} INFO - [2025-03-10T00:00:43.980+0000] {dagbag.py:588} INFO - Filling up the DagBag from /home/airflow/.local/lib/python3.12/site-packages/airflow/example_dags/example_dag_decorator.py
[2025-03-10T00:00:43.990+0000] {processor.py:925} INFO - DAG(s) 'example_dag_decorator' retrieved from /home/airflow/.local/lib/python3.12/site-packages/airflow/example_dags/example_dag_decorator.py
[2025-03-10T00:00:44.012+0000] {logging_mixin.py:190} INFO - [2025-03-10T00:00:44.012+0000] {dag.py:3239} INFO - Sync 1 DAGs
[2025-03-10T00:00:44.025+0000] {logging_mixin.py:190} INFO - [2025-03-10T00:00:44.025+0000] {dag.py:4180} INFO - Setting next_dagrun for example_dag_decorator to None, run_after=None
[2025-03-10T00:00:44.043+0000] {processor.py:208} INFO - Processing /home/airflow/.local/lib/python3.12/site-packages/airflow/example_dags/example_dag_decorator.py took 0.070 seconds
[2025-03-10T00:01:15.992+0000] {processor.py:186} INFO - Started process (PID=47138) to work on /home/airflow/.local/lib/python3.12/site-packages/airflow/example_dags/example_dag_decorator.py
[2025-03-10T00:01:15.993+0000] {processor.py:914} INFO - Processing file /home/airflow/.local/lib/python3.12/site-packages/airflow/example_dags/example_dag_decorator.py for tasks to queue
[2025-03-10T00:01:15.994+0000] {logging_mixin.py:190} INFO - [2025-03-10T00:01:15.994+0000] {dagbag.py:588} INFO - Filling up the DagBag from /home/airflow/.local/lib/python3.12/site-packages/airflow/example_dags/example_dag_decorator.py
[2025-03-10T00:01:16.006+0000] {processor.py:925} INFO - DAG(s) 'example_dag_decorator' retrieved from /home/airflow/.local/lib/python3.12/site-packages/airflow/example_dags/example_dag_decorator.py
[2025-03-10T00:01:16.118+0000] {logging_mixin.py:190} INFO - [2025-03-10T00:01:16.118+0000] {dag.py:3239} INFO - Sync 1 DAGs
[2025-03-10T00:01:16.130+0000] {logging_mixin.py:190} INFO - [2025-03-10T00:01:16.130+0000] {dag.py:4180} INFO - Setting next_dagrun for example_dag_decorator to None, run_after=None
[2025-03-10T00:01:16.151+0000] {processor.py:208} INFO - Processing /home/airflow/.local/lib/python3.12/site-packages/airflow/example_dags/example_dag_decorator.py took 0.165 seconds
[2025-03-10T00:01:47.823+0000] {processor.py:186} INFO - Started process (PID=47204) to work on /home/airflow/.local/lib/python3.12/site-packages/airflow/example_dags/example_dag_decorator.py
[2025-03-10T00:01:47.824+0000] {processor.py:914} INFO - Processing file /home/airflow/.local/lib/python3.12/site-packages/airflow/example_dags/example_dag_decorator.py for tasks to queue
[2025-03-10T00:01:47.825+0000] {logging_mixin.py:190} INFO - [2025-03-10T00:01:47.825+0000] {dagbag.py:588} INFO - Filling up the DagBag from /home/airflow/.local/lib/python3.12/site-packages/airflow/example_dags/example_dag_decorator.py
[2025-03-10T00:01:47.841+0000] {processor.py:925} INFO - DAG(s) 'example_dag_decorator' retrieved from /home/airflow/.local/lib/python3.12/site-packages/airflow/example_dags/example_dag_decorator.py
[2025-03-10T00:01:47.954+0000] {logging_mixin.py:190} INFO - [2025-03-10T00:01:47.954+0000] {dag.py:3239} INFO - Sync 1 DAGs
[2025-03-10T00:01:47.967+0000] {logging_mixin.py:190} INFO - [2025-03-10T00:01:47.967+0000] {dag.py:4180} INFO - Setting next_dagrun for example_dag_decorator to None, run_after=None
[2025-03-10T00:01:47.991+0000] {processor.py:208} INFO - Processing /home/airflow/.local/lib/python3.12/site-packages/airflow/example_dags/example_dag_decorator.py took 0.175 seconds
[2025-03-10T00:02:18.863+0000] {processor.py:186} INFO - Started process (PID=47270) to work on /home/airflow/.local/lib/python3.12/site-packages/airflow/example_dags/example_dag_decorator.py
[2025-03-10T00:02:18.864+0000] {processor.py:914} INFO - Processing file /home/airflow/.local/lib/python3.12/site-packages/airflow/example_dags/example_dag_decorator.py for tasks to queue
[2025-03-10T00:02:18.866+0000] {logging_mixin.py:190} INFO - [2025-03-10T00:02:18.865+0000] {dagbag.py:588} INFO - Filling up the DagBag from /home/airflow/.local/lib/python3.12/site-packages/airflow/example_dags/example_dag_decorator.py
[2025-03-10T00:02:18.876+0000] {processor.py:925} INFO - DAG(s) 'example_dag_decorator' retrieved from /home/airflow/.local/lib/python3.12/site-packages/airflow/example_dags/example_dag_decorator.py
[2025-03-10T00:02:18.988+0000] {logging_mixin.py:190} INFO - [2025-03-10T00:02:18.987+0000] {dag.py:3239} INFO - Sync 1 DAGs
[2025-03-10T00:02:18.999+0000] {logging_mixin.py:190} INFO - [2025-03-10T00:02:18.998+0000] {dag.py:4180} INFO - Setting next_dagrun for example_dag_decorator to None, run_after=None
[2025-03-10T00:02:19.020+0000] {processor.py:208} INFO - Processing /home/airflow/.local/lib/python3.12/site-packages/airflow/example_dags/example_dag_decorator.py took 0.163 seconds
[2025-03-10T00:02:50.646+0000] {processor.py:186} INFO - Started process (PID=47336) to work on /home/airflow/.local/lib/python3.12/site-packages/airflow/example_dags/example_dag_decorator.py
[2025-03-10T00:02:50.646+0000] {processor.py:914} INFO - Processing file /home/airflow/.local/lib/python3.12/site-packages/airflow/example_dags/example_dag_decorator.py for tasks to queue
[2025-03-10T00:02:50.648+0000] {logging_mixin.py:190} INFO - [2025-03-10T00:02:50.648+0000] {dagbag.py:588} INFO - Filling up the DagBag from /home/airflow/.local/lib/python3.12/site-packages/airflow/example_dags/example_dag_decorator.py
[2025-03-10T00:02:50.658+0000] {processor.py:925} INFO - DAG(s) 'example_dag_decorator' retrieved from /home/airflow/.local/lib/python3.12/site-packages/airflow/example_dags/example_dag_decorator.py
[2025-03-10T00:02:50.756+0000] {logging_mixin.py:190} INFO - [2025-03-10T00:02:50.755+0000] {dag.py:3239} INFO - Sync 1 DAGs
[2025-03-10T00:02:50.768+0000] {logging_mixin.py:190} INFO - [2025-03-10T00:02:50.767+0000] {dag.py:4180} INFO - Setting next_dagrun for example_dag_decorator to None, run_after=None
[2025-03-10T00:02:50.788+0000] {processor.py:208} INFO - Processing /home/airflow/.local/lib/python3.12/site-packages/airflow/example_dags/example_dag_decorator.py took 0.147 seconds
[2025-03-10T00:03:21.609+0000] {processor.py:186} INFO - Started process (PID=47402) to work on /home/airflow/.local/lib/python3.12/site-packages/airflow/example_dags/example_dag_decorator.py
[2025-03-10T00:03:21.610+0000] {processor.py:914} INFO - Processing file /home/airflow/.local/lib/python3.12/site-packages/airflow/example_dags/example_dag_decorator.py for tasks to queue
[2025-03-10T00:03:21.612+0000] {logging_mixin.py:190} INFO - [2025-03-10T00:03:21.611+0000] {dagbag.py:588} INFO - Filling up the DagBag from /home/airflow/.local/lib/python3.12/site-packages/airflow/example_dags/example_dag_decorator.py
[2025-03-10T00:03:21.624+0000] {processor.py:925} INFO - DAG(s) 'example_dag_decorator' retrieved from /home/airflow/.local/lib/python3.12/site-packages/airflow/example_dags/example_dag_decorator.py
[2025-03-10T00:03:21.749+0000] {logging_mixin.py:190} INFO - [2025-03-10T00:03:21.749+0000] {dag.py:3239} INFO - Sync 1 DAGs
[2025-03-10T00:03:21.765+0000] {logging_mixin.py:190} INFO - [2025-03-10T00:03:21.764+0000] {dag.py:4180} INFO - Setting next_dagrun for example_dag_decorator to None, run_after=None
[2025-03-10T00:03:21.788+0000] {processor.py:208} INFO - Processing /home/airflow/.local/lib/python3.12/site-packages/airflow/example_dags/example_dag_decorator.py took 0.185 seconds
[2025-03-10T00:03:52.881+0000] {processor.py:186} INFO - Started process (PID=47468) to work on /home/airflow/.local/lib/python3.12/site-packages/airflow/example_dags/example_dag_decorator.py
[2025-03-10T00:03:52.882+0000] {processor.py:914} INFO - Processing file /home/airflow/.local/lib/python3.12/site-packages/airflow/example_dags/example_dag_decorator.py for tasks to queue
[2025-03-10T00:03:52.884+0000] {logging_mixin.py:190} INFO - [2025-03-10T00:03:52.883+0000] {dagbag.py:588} INFO - Filling up the DagBag from /home/airflow/.local/lib/python3.12/site-packages/airflow/example_dags/example_dag_decorator.py
[2025-03-10T00:03:52.894+0000] {processor.py:925} INFO - DAG(s) 'example_dag_decorator' retrieved from /home/airflow/.local/lib/python3.12/site-packages/airflow/example_dags/example_dag_decorator.py
[2025-03-10T00:03:52.996+0000] {logging_mixin.py:190} INFO - [2025-03-10T00:03:52.996+0000] {dag.py:3239} INFO - Sync 1 DAGs
[2025-03-10T00:03:53.010+0000] {logging_mixin.py:190} INFO - [2025-03-10T00:03:53.009+0000] {dag.py:4180} INFO - Setting next_dagrun for example_dag_decorator to None, run_after=None
[2025-03-10T00:03:53.030+0000] {processor.py:208} INFO - Processing /home/airflow/.local/lib/python3.12/site-packages/airflow/example_dags/example_dag_decorator.py took 0.153 seconds
[2025-03-10T00:04:24.706+0000] {processor.py:186} INFO - Started process (PID=47533) to work on /home/airflow/.local/lib/python3.12/site-packages/airflow/example_dags/example_dag_decorator.py
[2025-03-10T00:04:24.707+0000] {processor.py:914} INFO - Processing file /home/airflow/.local/lib/python3.12/site-packages/airflow/example_dags/example_dag_decorator.py for tasks to queue
[2025-03-10T00:04:24.708+0000] {logging_mixin.py:190} INFO - [2025-03-10T00:04:24.708+0000] {dagbag.py:588} INFO - Filling up the DagBag from /home/airflow/.local/lib/python3.12/site-packages/airflow/example_dags/example_dag_decorator.py
[2025-03-10T00:04:24.718+0000] {processor.py:925} INFO - DAG(s) 'example_dag_decorator' retrieved from /home/airflow/.local/lib/python3.12/site-packages/airflow/example_dags/example_dag_decorator.py
[2025-03-10T00:04:24.813+0000] {logging_mixin.py:190} INFO - [2025-03-10T00:04:24.812+0000] {dag.py:3239} INFO - Sync 1 DAGs
[2025-03-10T00:04:24.824+0000] {logging_mixin.py:190} INFO - [2025-03-10T00:04:24.824+0000] {dag.py:4180} INFO - Setting next_dagrun for example_dag_decorator to None, run_after=None
[2025-03-10T00:04:24.852+0000] {processor.py:208} INFO - Processing /home/airflow/.local/lib/python3.12/site-packages/airflow/example_dags/example_dag_decorator.py took 0.151 seconds
[2025-03-10T00:04:56.207+0000] {processor.py:186} INFO - Started process (PID=47600) to work on /home/airflow/.local/lib/python3.12/site-packages/airflow/example_dags/example_dag_decorator.py
[2025-03-10T00:04:56.208+0000] {processor.py:914} INFO - Processing file /home/airflow/.local/lib/python3.12/site-packages/airflow/example_dags/example_dag_decorator.py for tasks to queue
[2025-03-10T00:04:56.209+0000] {logging_mixin.py:190} INFO - [2025-03-10T00:04:56.209+0000] {dagbag.py:588} INFO - Filling up the DagBag from /home/airflow/.local/lib/python3.12/site-packages/airflow/example_dags/example_dag_decorator.py
[2025-03-10T00:04:56.219+0000] {processor.py:925} INFO - DAG(s) 'example_dag_decorator' retrieved from /home/airflow/.local/lib/python3.12/site-packages/airflow/example_dags/example_dag_decorator.py
[2025-03-10T00:04:56.323+0000] {logging_mixin.py:190} INFO - [2025-03-10T00:04:56.322+0000] {dag.py:3239} INFO - Sync 1 DAGs
[2025-03-10T00:04:56.333+0000] {logging_mixin.py:190} INFO - [2025-03-10T00:04:56.333+0000] {dag.py:4180} INFO - Setting next_dagrun for example_dag_decorator to None, run_after=None
[2025-03-10T00:04:56.351+0000] {processor.py:208} INFO - Processing /home/airflow/.local/lib/python3.12/site-packages/airflow/example_dags/example_dag_decorator.py took 0.149 seconds
[2025-03-10T00:05:27.657+0000] {processor.py:186} INFO - Started process (PID=47665) to work on /home/airflow/.local/lib/python3.12/site-packages/airflow/example_dags/example_dag_decorator.py
[2025-03-10T00:05:27.658+0000] {processor.py:914} INFO - Processing file /home/airflow/.local/lib/python3.12/site-packages/airflow/example_dags/example_dag_decorator.py for tasks to queue
[2025-03-10T00:05:27.659+0000] {logging_mixin.py:190} INFO - [2025-03-10T00:05:27.659+0000] {dagbag.py:588} INFO - Filling up the DagBag from /home/airflow/.local/lib/python3.12/site-packages/airflow/example_dags/example_dag_decorator.py
[2025-03-10T00:05:27.671+0000] {processor.py:925} INFO - DAG(s) 'example_dag_decorator' retrieved from /home/airflow/.local/lib/python3.12/site-packages/airflow/example_dags/example_dag_decorator.py
[2025-03-10T00:05:27.772+0000] {logging_mixin.py:190} INFO - [2025-03-10T00:05:27.771+0000] {dag.py:3239} INFO - Sync 1 DAGs
[2025-03-10T00:05:27.783+0000] {logging_mixin.py:190} INFO - [2025-03-10T00:05:27.783+0000] {dag.py:4180} INFO - Setting next_dagrun for example_dag_decorator to None, run_after=None
[2025-03-10T00:05:27.804+0000] {processor.py:208} INFO - Processing /home/airflow/.local/lib/python3.12/site-packages/airflow/example_dags/example_dag_decorator.py took 0.154 seconds
[2025-03-10T00:05:59.652+0000] {processor.py:186} INFO - Started process (PID=47731) to work on /home/airflow/.local/lib/python3.12/site-packages/airflow/example_dags/example_dag_decorator.py
[2025-03-10T00:05:59.653+0000] {processor.py:914} INFO - Processing file /home/airflow/.local/lib/python3.12/site-packages/airflow/example_dags/example_dag_decorator.py for tasks to queue
[2025-03-10T00:05:59.654+0000] {logging_mixin.py:190} INFO - [2025-03-10T00:05:59.654+0000] {dagbag.py:588} INFO - Filling up the DagBag from /home/airflow/.local/lib/python3.12/site-packages/airflow/example_dags/example_dag_decorator.py
[2025-03-10T00:05:59.664+0000] {processor.py:925} INFO - DAG(s) 'example_dag_decorator' retrieved from /home/airflow/.local/lib/python3.12/site-packages/airflow/example_dags/example_dag_decorator.py
[2025-03-10T00:05:59.685+0000] {logging_mixin.py:190} INFO - [2025-03-10T00:05:59.685+0000] {dag.py:3239} INFO - Sync 1 DAGs
[2025-03-10T00:05:59.701+0000] {logging_mixin.py:190} INFO - [2025-03-10T00:05:59.700+0000] {dag.py:4180} INFO - Setting next_dagrun for example_dag_decorator to None, run_after=None
[2025-03-10T00:05:59.722+0000] {processor.py:208} INFO - Processing /home/airflow/.local/lib/python3.12/site-packages/airflow/example_dags/example_dag_decorator.py took 0.075 seconds
[2025-03-10T00:06:30.438+0000] {processor.py:186} INFO - Started process (PID=47800) to work on /home/airflow/.local/lib/python3.12/site-packages/airflow/example_dags/example_dag_decorator.py
[2025-03-10T00:06:30.441+0000] {processor.py:914} INFO - Processing file /home/airflow/.local/lib/python3.12/site-packages/airflow/example_dags/example_dag_decorator.py for tasks to queue
[2025-03-10T00:06:30.443+0000] {logging_mixin.py:190} INFO - [2025-03-10T00:06:30.442+0000] {dagbag.py:588} INFO - Filling up the DagBag from /home/airflow/.local/lib/python3.12/site-packages/airflow/example_dags/example_dag_decorator.py
[2025-03-10T00:06:30.454+0000] {processor.py:925} INFO - DAG(s) 'example_dag_decorator' retrieved from /home/airflow/.local/lib/python3.12/site-packages/airflow/example_dags/example_dag_decorator.py
[2025-03-10T00:06:30.569+0000] {logging_mixin.py:190} INFO - [2025-03-10T00:06:30.569+0000] {dag.py:3239} INFO - Sync 1 DAGs
[2025-03-10T00:06:30.582+0000] {logging_mixin.py:190} INFO - [2025-03-10T00:06:30.581+0000] {dag.py:4180} INFO - Setting next_dagrun for example_dag_decorator to None, run_after=None
[2025-03-10T00:06:30.602+0000] {processor.py:208} INFO - Processing /home/airflow/.local/lib/python3.12/site-packages/airflow/example_dags/example_dag_decorator.py took 0.176 seconds
[2025-03-10T00:07:02.890+0000] {processor.py:186} INFO - Started process (PID=47870) to work on /home/airflow/.local/lib/python3.12/site-packages/airflow/example_dags/example_dag_decorator.py
[2025-03-10T00:07:02.891+0000] {processor.py:914} INFO - Processing file /home/airflow/.local/lib/python3.12/site-packages/airflow/example_dags/example_dag_decorator.py for tasks to queue
[2025-03-10T00:07:02.892+0000] {logging_mixin.py:190} INFO - [2025-03-10T00:07:02.892+0000] {dagbag.py:588} INFO - Filling up the DagBag from /home/airflow/.local/lib/python3.12/site-packages/airflow/example_dags/example_dag_decorator.py
[2025-03-10T00:07:02.903+0000] {processor.py:925} INFO - DAG(s) 'example_dag_decorator' retrieved from /home/airflow/.local/lib/python3.12/site-packages/airflow/example_dags/example_dag_decorator.py
[2025-03-10T00:07:03.027+0000] {logging_mixin.py:190} INFO - [2025-03-10T00:07:03.027+0000] {dag.py:3239} INFO - Sync 1 DAGs
[2025-03-10T00:07:03.039+0000] {logging_mixin.py:190} INFO - [2025-03-10T00:07:03.039+0000] {dag.py:4180} INFO - Setting next_dagrun for example_dag_decorator to None, run_after=None
[2025-03-10T00:07:03.060+0000] {processor.py:208} INFO - Processing /home/airflow/.local/lib/python3.12/site-packages/airflow/example_dags/example_dag_decorator.py took 0.176 seconds
