[2025-03-10T00:00:14.693+0000] {processor.py:186} INFO - Started process (PID=47037) to work on /home/airflow/.local/lib/python3.12/site-packages/airflow/example_dags/example_dynamic_task_mapping.py
[2025-03-10T00:00:14.695+0000] {processor.py:914} INFO - Processing file /home/airflow/.local/lib/python3.12/site-packages/airflow/example_dags/example_dynamic_task_mapping.py for tasks to queue
[2025-03-10T00:00:14.696+0000] {logging_mixin.py:190} INFO - [2025-03-10T00:00:14.696+0000] {dagbag.py:588} INFO - Filling up the DagBag from /home/airflow/.local/lib/python3.12/site-packages/airflow/example_dags/example_dynamic_task_mapping.py
[2025-03-10T00:00:14.705+0000] {processor.py:925} INFO - DAG(s) 'example_dynamic_task_mapping' retrieved from /home/airflow/.local/lib/python3.12/site-packages/airflow/example_dags/example_dynamic_task_mapping.py
[2025-03-10T00:00:14.729+0000] {logging_mixin.py:190} INFO - [2025-03-10T00:00:14.728+0000] {dag.py:3239} INFO - Sync 1 DAGs
[2025-03-10T00:00:14.749+0000] {logging_mixin.py:190} INFO - [2025-03-10T00:00:14.748+0000] {dag.py:4180} INFO - Setting next_dagrun for example_dynamic_task_mapping to None, run_after=None
[2025-03-10T00:00:14.775+0000] {processor.py:208} INFO - Processing /home/airflow/.local/lib/python3.12/site-packages/airflow/example_dags/example_dynamic_task_mapping.py took 0.088 seconds
[2025-03-10T00:00:46.595+0000] {processor.py:186} INFO - Started process (PID=47103) to work on /home/airflow/.local/lib/python3.12/site-packages/airflow/example_dags/example_dynamic_task_mapping.py
[2025-03-10T00:00:46.596+0000] {processor.py:914} INFO - Processing file /home/airflow/.local/lib/python3.12/site-packages/airflow/example_dags/example_dynamic_task_mapping.py for tasks to queue
[2025-03-10T00:00:46.599+0000] {logging_mixin.py:190} INFO - [2025-03-10T00:00:46.599+0000] {dagbag.py:588} INFO - Filling up the DagBag from /home/airflow/.local/lib/python3.12/site-packages/airflow/example_dags/example_dynamic_task_mapping.py
[2025-03-10T00:00:46.615+0000] {processor.py:925} INFO - DAG(s) 'example_dynamic_task_mapping' retrieved from /home/airflow/.local/lib/python3.12/site-packages/airflow/example_dags/example_dynamic_task_mapping.py
[2025-03-10T00:00:46.640+0000] {logging_mixin.py:190} INFO - [2025-03-10T00:00:46.639+0000] {dag.py:3239} INFO - Sync 1 DAGs
[2025-03-10T00:00:46.654+0000] {logging_mixin.py:190} INFO - [2025-03-10T00:00:46.654+0000] {dag.py:4180} INFO - Setting next_dagrun for example_dynamic_task_mapping to None, run_after=None
[2025-03-10T00:00:46.679+0000] {processor.py:208} INFO - Processing /home/airflow/.local/lib/python3.12/site-packages/airflow/example_dags/example_dynamic_task_mapping.py took 0.090 seconds
[2025-03-10T00:01:18.507+0000] {processor.py:186} INFO - Started process (PID=47169) to work on /home/airflow/.local/lib/python3.12/site-packages/airflow/example_dags/example_dynamic_task_mapping.py
[2025-03-10T00:01:18.508+0000] {processor.py:914} INFO - Processing file /home/airflow/.local/lib/python3.12/site-packages/airflow/example_dags/example_dynamic_task_mapping.py for tasks to queue
[2025-03-10T00:01:18.509+0000] {logging_mixin.py:190} INFO - [2025-03-10T00:01:18.509+0000] {dagbag.py:588} INFO - Filling up the DagBag from /home/airflow/.local/lib/python3.12/site-packages/airflow/example_dags/example_dynamic_task_mapping.py
[2025-03-10T00:01:18.517+0000] {processor.py:925} INFO - DAG(s) 'example_dynamic_task_mapping' retrieved from /home/airflow/.local/lib/python3.12/site-packages/airflow/example_dags/example_dynamic_task_mapping.py
[2025-03-10T00:01:18.536+0000] {logging_mixin.py:190} INFO - [2025-03-10T00:01:18.535+0000] {dag.py:3239} INFO - Sync 1 DAGs
[2025-03-10T00:01:18.548+0000] {logging_mixin.py:190} INFO - [2025-03-10T00:01:18.548+0000] {dag.py:4180} INFO - Setting next_dagrun for example_dynamic_task_mapping to None, run_after=None
[2025-03-10T00:01:18.568+0000] {processor.py:208} INFO - Processing /home/airflow/.local/lib/python3.12/site-packages/airflow/example_dags/example_dynamic_task_mapping.py took 0.066 seconds
[2025-03-10T00:01:51.600+0000] {processor.py:186} INFO - Started process (PID=47235) to work on /home/airflow/.local/lib/python3.12/site-packages/airflow/example_dags/example_dynamic_task_mapping.py
[2025-03-10T00:01:51.600+0000] {processor.py:914} INFO - Processing file /home/airflow/.local/lib/python3.12/site-packages/airflow/example_dags/example_dynamic_task_mapping.py for tasks to queue
[2025-03-10T00:01:51.602+0000] {logging_mixin.py:190} INFO - [2025-03-10T00:01:51.601+0000] {dagbag.py:588} INFO - Filling up the DagBag from /home/airflow/.local/lib/python3.12/site-packages/airflow/example_dags/example_dynamic_task_mapping.py
[2025-03-10T00:01:51.610+0000] {processor.py:925} INFO - DAG(s) 'example_dynamic_task_mapping' retrieved from /home/airflow/.local/lib/python3.12/site-packages/airflow/example_dags/example_dynamic_task_mapping.py
[2025-03-10T00:01:51.650+0000] {logging_mixin.py:190} INFO - [2025-03-10T00:01:51.649+0000] {dag.py:3239} INFO - Sync 1 DAGs
[2025-03-10T00:01:51.666+0000] {logging_mixin.py:190} INFO - [2025-03-10T00:01:51.666+0000] {dag.py:4180} INFO - Setting next_dagrun for example_dynamic_task_mapping to None, run_after=None
[2025-03-10T00:01:51.689+0000] {processor.py:208} INFO - Processing /home/airflow/.local/lib/python3.12/site-packages/airflow/example_dags/example_dynamic_task_mapping.py took 0.096 seconds
[2025-03-10T00:02:22.341+0000] {processor.py:186} INFO - Started process (PID=47301) to work on /home/airflow/.local/lib/python3.12/site-packages/airflow/example_dags/example_dynamic_task_mapping.py
[2025-03-10T00:02:22.342+0000] {processor.py:914} INFO - Processing file /home/airflow/.local/lib/python3.12/site-packages/airflow/example_dags/example_dynamic_task_mapping.py for tasks to queue
[2025-03-10T00:02:22.344+0000] {logging_mixin.py:190} INFO - [2025-03-10T00:02:22.343+0000] {dagbag.py:588} INFO - Filling up the DagBag from /home/airflow/.local/lib/python3.12/site-packages/airflow/example_dags/example_dynamic_task_mapping.py
[2025-03-10T00:02:22.353+0000] {processor.py:925} INFO - DAG(s) 'example_dynamic_task_mapping' retrieved from /home/airflow/.local/lib/python3.12/site-packages/airflow/example_dags/example_dynamic_task_mapping.py
[2025-03-10T00:02:22.372+0000] {logging_mixin.py:190} INFO - [2025-03-10T00:02:22.371+0000] {dag.py:3239} INFO - Sync 1 DAGs
[2025-03-10T00:02:22.386+0000] {logging_mixin.py:190} INFO - [2025-03-10T00:02:22.386+0000] {dag.py:4180} INFO - Setting next_dagrun for example_dynamic_task_mapping to None, run_after=None
[2025-03-10T00:02:22.405+0000] {processor.py:208} INFO - Processing /home/airflow/.local/lib/python3.12/site-packages/airflow/example_dags/example_dynamic_task_mapping.py took 0.069 seconds
[2025-03-10T00:02:53.241+0000] {processor.py:186} INFO - Started process (PID=47367) to work on /home/airflow/.local/lib/python3.12/site-packages/airflow/example_dags/example_dynamic_task_mapping.py
[2025-03-10T00:02:53.243+0000] {processor.py:914} INFO - Processing file /home/airflow/.local/lib/python3.12/site-packages/airflow/example_dags/example_dynamic_task_mapping.py for tasks to queue
[2025-03-10T00:02:53.245+0000] {logging_mixin.py:190} INFO - [2025-03-10T00:02:53.244+0000] {dagbag.py:588} INFO - Filling up the DagBag from /home/airflow/.local/lib/python3.12/site-packages/airflow/example_dags/example_dynamic_task_mapping.py
[2025-03-10T00:02:53.254+0000] {processor.py:925} INFO - DAG(s) 'example_dynamic_task_mapping' retrieved from /home/airflow/.local/lib/python3.12/site-packages/airflow/example_dags/example_dynamic_task_mapping.py
[2025-03-10T00:02:53.277+0000] {logging_mixin.py:190} INFO - [2025-03-10T00:02:53.277+0000] {dag.py:3239} INFO - Sync 1 DAGs
[2025-03-10T00:02:53.292+0000] {logging_mixin.py:190} INFO - [2025-03-10T00:02:53.292+0000] {dag.py:4180} INFO - Setting next_dagrun for example_dynamic_task_mapping to None, run_after=None
[2025-03-10T00:02:53.315+0000] {processor.py:208} INFO - Processing /home/airflow/.local/lib/python3.12/site-packages/airflow/example_dags/example_dynamic_task_mapping.py took 0.081 seconds
[2025-03-10T00:03:24.001+0000] {processor.py:186} INFO - Started process (PID=47433) to work on /home/airflow/.local/lib/python3.12/site-packages/airflow/example_dags/example_dynamic_task_mapping.py
[2025-03-10T00:03:24.002+0000] {processor.py:914} INFO - Processing file /home/airflow/.local/lib/python3.12/site-packages/airflow/example_dags/example_dynamic_task_mapping.py for tasks to queue
[2025-03-10T00:03:24.004+0000] {logging_mixin.py:190} INFO - [2025-03-10T00:03:24.004+0000] {dagbag.py:588} INFO - Filling up the DagBag from /home/airflow/.local/lib/python3.12/site-packages/airflow/example_dags/example_dynamic_task_mapping.py
[2025-03-10T00:03:24.016+0000] {processor.py:925} INFO - DAG(s) 'example_dynamic_task_mapping' retrieved from /home/airflow/.local/lib/python3.12/site-packages/airflow/example_dags/example_dynamic_task_mapping.py
[2025-03-10T00:03:24.038+0000] {logging_mixin.py:190} INFO - [2025-03-10T00:03:24.038+0000] {dag.py:3239} INFO - Sync 1 DAGs
[2025-03-10T00:03:24.053+0000] {logging_mixin.py:190} INFO - [2025-03-10T00:03:24.053+0000] {dag.py:4180} INFO - Setting next_dagrun for example_dynamic_task_mapping to None, run_after=None
[2025-03-10T00:03:24.074+0000] {processor.py:208} INFO - Processing /home/airflow/.local/lib/python3.12/site-packages/airflow/example_dags/example_dynamic_task_mapping.py took 0.081 seconds
[2025-03-10T00:03:56.260+0000] {processor.py:186} INFO - Started process (PID=47499) to work on /home/airflow/.local/lib/python3.12/site-packages/airflow/example_dags/example_dynamic_task_mapping.py
[2025-03-10T00:03:56.261+0000] {processor.py:914} INFO - Processing file /home/airflow/.local/lib/python3.12/site-packages/airflow/example_dags/example_dynamic_task_mapping.py for tasks to queue
[2025-03-10T00:03:56.263+0000] {logging_mixin.py:190} INFO - [2025-03-10T00:03:56.262+0000] {dagbag.py:588} INFO - Filling up the DagBag from /home/airflow/.local/lib/python3.12/site-packages/airflow/example_dags/example_dynamic_task_mapping.py
[2025-03-10T00:03:56.273+0000] {processor.py:925} INFO - DAG(s) 'example_dynamic_task_mapping' retrieved from /home/airflow/.local/lib/python3.12/site-packages/airflow/example_dags/example_dynamic_task_mapping.py
[2025-03-10T00:03:56.293+0000] {logging_mixin.py:190} INFO - [2025-03-10T00:03:56.293+0000] {dag.py:3239} INFO - Sync 1 DAGs
[2025-03-10T00:03:56.309+0000] {logging_mixin.py:190} INFO - [2025-03-10T00:03:56.309+0000] {dag.py:4180} INFO - Setting next_dagrun for example_dynamic_task_mapping to None, run_after=None
[2025-03-10T00:03:56.334+0000] {processor.py:208} INFO - Processing /home/airflow/.local/lib/python3.12/site-packages/airflow/example_dags/example_dynamic_task_mapping.py took 0.080 seconds
[2025-03-10T00:04:27.938+0000] {processor.py:186} INFO - Started process (PID=47565) to work on /home/airflow/.local/lib/python3.12/site-packages/airflow/example_dags/example_dynamic_task_mapping.py
[2025-03-10T00:04:27.939+0000] {processor.py:914} INFO - Processing file /home/airflow/.local/lib/python3.12/site-packages/airflow/example_dags/example_dynamic_task_mapping.py for tasks to queue
[2025-03-10T00:04:27.941+0000] {logging_mixin.py:190} INFO - [2025-03-10T00:04:27.940+0000] {dagbag.py:588} INFO - Filling up the DagBag from /home/airflow/.local/lib/python3.12/site-packages/airflow/example_dags/example_dynamic_task_mapping.py
[2025-03-10T00:04:27.949+0000] {processor.py:925} INFO - DAG(s) 'example_dynamic_task_mapping' retrieved from /home/airflow/.local/lib/python3.12/site-packages/airflow/example_dags/example_dynamic_task_mapping.py
[2025-03-10T00:04:27.970+0000] {logging_mixin.py:190} INFO - [2025-03-10T00:04:27.970+0000] {dag.py:3239} INFO - Sync 1 DAGs
[2025-03-10T00:04:27.985+0000] {logging_mixin.py:190} INFO - [2025-03-10T00:04:27.985+0000] {dag.py:4180} INFO - Setting next_dagrun for example_dynamic_task_mapping to None, run_after=None
[2025-03-10T00:04:28.008+0000] {processor.py:208} INFO - Processing /home/airflow/.local/lib/python3.12/site-packages/airflow/example_dags/example_dynamic_task_mapping.py took 0.075 seconds
[2025-03-10T00:04:58.736+0000] {processor.py:186} INFO - Started process (PID=47631) to work on /home/airflow/.local/lib/python3.12/site-packages/airflow/example_dags/example_dynamic_task_mapping.py
[2025-03-10T00:04:58.737+0000] {processor.py:914} INFO - Processing file /home/airflow/.local/lib/python3.12/site-packages/airflow/example_dags/example_dynamic_task_mapping.py for tasks to queue
[2025-03-10T00:04:58.739+0000] {logging_mixin.py:190} INFO - [2025-03-10T00:04:58.738+0000] {dagbag.py:588} INFO - Filling up the DagBag from /home/airflow/.local/lib/python3.12/site-packages/airflow/example_dags/example_dynamic_task_mapping.py
[2025-03-10T00:04:58.749+0000] {processor.py:925} INFO - DAG(s) 'example_dynamic_task_mapping' retrieved from /home/airflow/.local/lib/python3.12/site-packages/airflow/example_dags/example_dynamic_task_mapping.py
[2025-03-10T00:04:58.768+0000] {logging_mixin.py:190} INFO - [2025-03-10T00:04:58.768+0000] {dag.py:3239} INFO - Sync 1 DAGs
[2025-03-10T00:04:58.781+0000] {logging_mixin.py:190} INFO - [2025-03-10T00:04:58.781+0000] {dag.py:4180} INFO - Setting next_dagrun for example_dynamic_task_mapping to None, run_after=None
[2025-03-10T00:04:58.802+0000] {processor.py:208} INFO - Processing /home/airflow/.local/lib/python3.12/site-packages/airflow/example_dags/example_dynamic_task_mapping.py took 0.072 seconds
[2025-03-10T00:05:30.296+0000] {processor.py:186} INFO - Started process (PID=47697) to work on /home/airflow/.local/lib/python3.12/site-packages/airflow/example_dags/example_dynamic_task_mapping.py
[2025-03-10T00:05:30.297+0000] {processor.py:914} INFO - Processing file /home/airflow/.local/lib/python3.12/site-packages/airflow/example_dags/example_dynamic_task_mapping.py for tasks to queue
[2025-03-10T00:05:30.298+0000] {logging_mixin.py:190} INFO - [2025-03-10T00:05:30.298+0000] {dagbag.py:588} INFO - Filling up the DagBag from /home/airflow/.local/lib/python3.12/site-packages/airflow/example_dags/example_dynamic_task_mapping.py
[2025-03-10T00:05:30.305+0000] {processor.py:925} INFO - DAG(s) 'example_dynamic_task_mapping' retrieved from /home/airflow/.local/lib/python3.12/site-packages/airflow/example_dags/example_dynamic_task_mapping.py
[2025-03-10T00:05:30.330+0000] {logging_mixin.py:190} INFO - [2025-03-10T00:05:30.330+0000] {dag.py:3239} INFO - Sync 1 DAGs
[2025-03-10T00:05:30.345+0000] {logging_mixin.py:190} INFO - [2025-03-10T00:05:30.345+0000] {dag.py:4180} INFO - Setting next_dagrun for example_dynamic_task_mapping to None, run_after=None
[2025-03-10T00:05:30.366+0000] {processor.py:208} INFO - Processing /home/airflow/.local/lib/python3.12/site-packages/airflow/example_dags/example_dynamic_task_mapping.py took 0.075 seconds
[2025-03-10T00:06:03.082+0000] {processor.py:186} INFO - Started process (PID=47763) to work on /home/airflow/.local/lib/python3.12/site-packages/airflow/example_dags/example_dynamic_task_mapping.py
[2025-03-10T00:06:03.083+0000] {processor.py:914} INFO - Processing file /home/airflow/.local/lib/python3.12/site-packages/airflow/example_dags/example_dynamic_task_mapping.py for tasks to queue
[2025-03-10T00:06:03.084+0000] {logging_mixin.py:190} INFO - [2025-03-10T00:06:03.084+0000] {dagbag.py:588} INFO - Filling up the DagBag from /home/airflow/.local/lib/python3.12/site-packages/airflow/example_dags/example_dynamic_task_mapping.py
[2025-03-10T00:06:03.094+0000] {processor.py:925} INFO - DAG(s) 'example_dynamic_task_mapping' retrieved from /home/airflow/.local/lib/python3.12/site-packages/airflow/example_dags/example_dynamic_task_mapping.py
[2025-03-10T00:06:03.115+0000] {logging_mixin.py:190} INFO - [2025-03-10T00:06:03.115+0000] {dag.py:3239} INFO - Sync 1 DAGs
[2025-03-10T00:06:03.130+0000] {logging_mixin.py:190} INFO - [2025-03-10T00:06:03.130+0000] {dag.py:4180} INFO - Setting next_dagrun for example_dynamic_task_mapping to None, run_after=None
[2025-03-10T00:06:03.148+0000] {processor.py:208} INFO - Processing /home/airflow/.local/lib/python3.12/site-packages/airflow/example_dags/example_dynamic_task_mapping.py took 0.071 seconds
[2025-03-10T00:06:34.487+0000] {processor.py:186} INFO - Started process (PID=47833) to work on /home/airflow/.local/lib/python3.12/site-packages/airflow/example_dags/example_dynamic_task_mapping.py
[2025-03-10T00:06:34.488+0000] {processor.py:914} INFO - Processing file /home/airflow/.local/lib/python3.12/site-packages/airflow/example_dags/example_dynamic_task_mapping.py for tasks to queue
[2025-03-10T00:06:34.490+0000] {logging_mixin.py:190} INFO - [2025-03-10T00:06:34.490+0000] {dagbag.py:588} INFO - Filling up the DagBag from /home/airflow/.local/lib/python3.12/site-packages/airflow/example_dags/example_dynamic_task_mapping.py
[2025-03-10T00:06:34.498+0000] {processor.py:925} INFO - DAG(s) 'example_dynamic_task_mapping' retrieved from /home/airflow/.local/lib/python3.12/site-packages/airflow/example_dags/example_dynamic_task_mapping.py
[2025-03-10T00:06:34.517+0000] {logging_mixin.py:190} INFO - [2025-03-10T00:06:34.517+0000] {dag.py:3239} INFO - Sync 1 DAGs
[2025-03-10T00:06:34.530+0000] {logging_mixin.py:190} INFO - [2025-03-10T00:06:34.530+0000] {dag.py:4180} INFO - Setting next_dagrun for example_dynamic_task_mapping to None, run_after=None
[2025-03-10T00:06:34.550+0000] {processor.py:208} INFO - Processing /home/airflow/.local/lib/python3.12/site-packages/airflow/example_dags/example_dynamic_task_mapping.py took 0.068 seconds
[2025-03-10T00:07:05.883+0000] {processor.py:186} INFO - Started process (PID=47902) to work on /home/airflow/.local/lib/python3.12/site-packages/airflow/example_dags/example_dynamic_task_mapping.py
[2025-03-10T00:07:05.884+0000] {processor.py:914} INFO - Processing file /home/airflow/.local/lib/python3.12/site-packages/airflow/example_dags/example_dynamic_task_mapping.py for tasks to queue
[2025-03-10T00:07:05.885+0000] {logging_mixin.py:190} INFO - [2025-03-10T00:07:05.885+0000] {dagbag.py:588} INFO - Filling up the DagBag from /home/airflow/.local/lib/python3.12/site-packages/airflow/example_dags/example_dynamic_task_mapping.py
[2025-03-10T00:07:05.893+0000] {processor.py:925} INFO - DAG(s) 'example_dynamic_task_mapping' retrieved from /home/airflow/.local/lib/python3.12/site-packages/airflow/example_dags/example_dynamic_task_mapping.py
[2025-03-10T00:07:05.914+0000] {logging_mixin.py:190} INFO - [2025-03-10T00:07:05.913+0000] {dag.py:3239} INFO - Sync 1 DAGs
[2025-03-10T00:07:05.926+0000] {logging_mixin.py:190} INFO - [2025-03-10T00:07:05.926+0000] {dag.py:4180} INFO - Setting next_dagrun for example_dynamic_task_mapping to None, run_after=None
[2025-03-10T00:07:05.948+0000] {processor.py:208} INFO - Processing /home/airflow/.local/lib/python3.12/site-packages/airflow/example_dags/example_dynamic_task_mapping.py took 0.071 seconds
