[2025-03-10T00:00:00.706+0000] {processor.py:186} INFO - Started process (PID=46990) to work on /home/airflow/.local/lib/python3.12/site-packages/airflow/example_dags/example_time_delta_sensor_async.py
[2025-03-10T00:00:00.707+0000] {processor.py:914} INFO - Processing file /home/airflow/.local/lib/python3.12/site-packages/airflow/example_dags/example_time_delta_sensor_async.py for tasks to queue
[2025-03-10T00:00:00.708+0000] {logging_mixin.py:190} INFO - [2025-03-10T00:00:00.707+0000] {dagbag.py:588} INFO - Filling up the DagBag from /home/airflow/.local/lib/python3.12/site-packages/airflow/example_dags/example_time_delta_sensor_async.py
[2025-03-10T00:00:00.714+0000] {processor.py:925} INFO - DAG(s) 'example_time_delta_sensor_async' retrieved from /home/airflow/.local/lib/python3.12/site-packages/airflow/example_dags/example_time_delta_sensor_async.py
[2025-03-10T00:00:00.731+0000] {logging_mixin.py:190} INFO - [2025-03-10T00:00:00.731+0000] {dag.py:3239} INFO - Sync 1 DAGs
[2025-03-10T00:00:00.744+0000] {logging_mixin.py:190} INFO - [2025-03-10T00:00:00.743+0000] {dag.py:4180} INFO - Setting next_dagrun for example_time_delta_sensor_async to None, run_after=None
[2025-03-10T00:00:00.786+0000] {processor.py:208} INFO - Processing /home/airflow/.local/lib/python3.12/site-packages/airflow/example_dags/example_time_delta_sensor_async.py took 0.084 seconds
[2025-03-10T00:00:31.619+0000] {processor.py:186} INFO - Started process (PID=47056) to work on /home/airflow/.local/lib/python3.12/site-packages/airflow/example_dags/example_time_delta_sensor_async.py
[2025-03-10T00:00:31.620+0000] {processor.py:914} INFO - Processing file /home/airflow/.local/lib/python3.12/site-packages/airflow/example_dags/example_time_delta_sensor_async.py for tasks to queue
[2025-03-10T00:00:31.621+0000] {logging_mixin.py:190} INFO - [2025-03-10T00:00:31.621+0000] {dagbag.py:588} INFO - Filling up the DagBag from /home/airflow/.local/lib/python3.12/site-packages/airflow/example_dags/example_time_delta_sensor_async.py
[2025-03-10T00:00:31.627+0000] {processor.py:925} INFO - DAG(s) 'example_time_delta_sensor_async' retrieved from /home/airflow/.local/lib/python3.12/site-packages/airflow/example_dags/example_time_delta_sensor_async.py
[2025-03-10T00:00:31.645+0000] {logging_mixin.py:190} INFO - [2025-03-10T00:00:31.644+0000] {dag.py:3239} INFO - Sync 1 DAGs
[2025-03-10T00:00:31.657+0000] {logging_mixin.py:190} INFO - [2025-03-10T00:00:31.657+0000] {dag.py:4180} INFO - Setting next_dagrun for example_time_delta_sensor_async to None, run_after=None
[2025-03-10T00:00:31.674+0000] {processor.py:208} INFO - Processing /home/airflow/.local/lib/python3.12/site-packages/airflow/example_dags/example_time_delta_sensor_async.py took 0.060 seconds
[2025-03-10T00:01:02.492+0000] {processor.py:186} INFO - Started process (PID=47122) to work on /home/airflow/.local/lib/python3.12/site-packages/airflow/example_dags/example_time_delta_sensor_async.py
[2025-03-10T00:01:02.493+0000] {processor.py:914} INFO - Processing file /home/airflow/.local/lib/python3.12/site-packages/airflow/example_dags/example_time_delta_sensor_async.py for tasks to queue
[2025-03-10T00:01:02.494+0000] {logging_mixin.py:190} INFO - [2025-03-10T00:01:02.494+0000] {dagbag.py:588} INFO - Filling up the DagBag from /home/airflow/.local/lib/python3.12/site-packages/airflow/example_dags/example_time_delta_sensor_async.py
[2025-03-10T00:01:02.500+0000] {processor.py:925} INFO - DAG(s) 'example_time_delta_sensor_async' retrieved from /home/airflow/.local/lib/python3.12/site-packages/airflow/example_dags/example_time_delta_sensor_async.py
[2025-03-10T00:01:02.519+0000] {logging_mixin.py:190} INFO - [2025-03-10T00:01:02.519+0000] {dag.py:3239} INFO - Sync 1 DAGs
[2025-03-10T00:01:02.537+0000] {logging_mixin.py:190} INFO - [2025-03-10T00:01:02.537+0000] {dag.py:4180} INFO - Setting next_dagrun for example_time_delta_sensor_async to None, run_after=None
[2025-03-10T00:01:02.558+0000] {processor.py:208} INFO - Processing /home/airflow/.local/lib/python3.12/site-packages/airflow/example_dags/example_time_delta_sensor_async.py took 0.071 seconds
[2025-03-10T00:01:33.293+0000] {processor.py:186} INFO - Started process (PID=47188) to work on /home/airflow/.local/lib/python3.12/site-packages/airflow/example_dags/example_time_delta_sensor_async.py
[2025-03-10T00:01:33.294+0000] {processor.py:914} INFO - Processing file /home/airflow/.local/lib/python3.12/site-packages/airflow/example_dags/example_time_delta_sensor_async.py for tasks to queue
[2025-03-10T00:01:33.295+0000] {logging_mixin.py:190} INFO - [2025-03-10T00:01:33.295+0000] {dagbag.py:588} INFO - Filling up the DagBag from /home/airflow/.local/lib/python3.12/site-packages/airflow/example_dags/example_time_delta_sensor_async.py
[2025-03-10T00:01:33.301+0000] {processor.py:925} INFO - DAG(s) 'example_time_delta_sensor_async' retrieved from /home/airflow/.local/lib/python3.12/site-packages/airflow/example_dags/example_time_delta_sensor_async.py
[2025-03-10T00:01:33.318+0000] {logging_mixin.py:190} INFO - [2025-03-10T00:01:33.318+0000] {dag.py:3239} INFO - Sync 1 DAGs
[2025-03-10T00:01:33.332+0000] {logging_mixin.py:190} INFO - [2025-03-10T00:01:33.332+0000] {dag.py:4180} INFO - Setting next_dagrun for example_time_delta_sensor_async to None, run_after=None
[2025-03-10T00:01:33.349+0000] {processor.py:208} INFO - Processing /home/airflow/.local/lib/python3.12/site-packages/airflow/example_dags/example_time_delta_sensor_async.py took 0.061 seconds
[2025-03-10T00:02:03.467+0000] {processor.py:186} INFO - Started process (PID=47254) to work on /home/airflow/.local/lib/python3.12/site-packages/airflow/example_dags/example_time_delta_sensor_async.py
[2025-03-10T00:02:03.468+0000] {processor.py:914} INFO - Processing file /home/airflow/.local/lib/python3.12/site-packages/airflow/example_dags/example_time_delta_sensor_async.py for tasks to queue
[2025-03-10T00:02:03.469+0000] {logging_mixin.py:190} INFO - [2025-03-10T00:02:03.469+0000] {dagbag.py:588} INFO - Filling up the DagBag from /home/airflow/.local/lib/python3.12/site-packages/airflow/example_dags/example_time_delta_sensor_async.py
[2025-03-10T00:02:03.474+0000] {processor.py:925} INFO - DAG(s) 'example_time_delta_sensor_async' retrieved from /home/airflow/.local/lib/python3.12/site-packages/airflow/example_dags/example_time_delta_sensor_async.py
[2025-03-10T00:02:03.493+0000] {logging_mixin.py:190} INFO - [2025-03-10T00:02:03.493+0000] {dag.py:3239} INFO - Sync 1 DAGs
[2025-03-10T00:02:03.505+0000] {logging_mixin.py:190} INFO - [2025-03-10T00:02:03.505+0000] {dag.py:4180} INFO - Setting next_dagrun for example_time_delta_sensor_async to None, run_after=None
[2025-03-10T00:02:03.526+0000] {processor.py:208} INFO - Processing /home/airflow/.local/lib/python3.12/site-packages/airflow/example_dags/example_time_delta_sensor_async.py took 0.064 seconds
[2025-03-10T00:02:34.032+0000] {processor.py:186} INFO - Started process (PID=47320) to work on /home/airflow/.local/lib/python3.12/site-packages/airflow/example_dags/example_time_delta_sensor_async.py
[2025-03-10T00:02:34.033+0000] {processor.py:914} INFO - Processing file /home/airflow/.local/lib/python3.12/site-packages/airflow/example_dags/example_time_delta_sensor_async.py for tasks to queue
[2025-03-10T00:02:34.034+0000] {logging_mixin.py:190} INFO - [2025-03-10T00:02:34.034+0000] {dagbag.py:588} INFO - Filling up the DagBag from /home/airflow/.local/lib/python3.12/site-packages/airflow/example_dags/example_time_delta_sensor_async.py
[2025-03-10T00:02:34.039+0000] {processor.py:925} INFO - DAG(s) 'example_time_delta_sensor_async' retrieved from /home/airflow/.local/lib/python3.12/site-packages/airflow/example_dags/example_time_delta_sensor_async.py
[2025-03-10T00:02:34.058+0000] {logging_mixin.py:190} INFO - [2025-03-10T00:02:34.058+0000] {dag.py:3239} INFO - Sync 1 DAGs
[2025-03-10T00:02:34.071+0000] {logging_mixin.py:190} INFO - [2025-03-10T00:02:34.071+0000] {dag.py:4180} INFO - Setting next_dagrun for example_time_delta_sensor_async to None, run_after=None
[2025-03-10T00:02:34.090+0000] {processor.py:208} INFO - Processing /home/airflow/.local/lib/python3.12/site-packages/airflow/example_dags/example_time_delta_sensor_async.py took 0.063 seconds
[2025-03-10T00:03:04.184+0000] {processor.py:186} INFO - Started process (PID=47386) to work on /home/airflow/.local/lib/python3.12/site-packages/airflow/example_dags/example_time_delta_sensor_async.py
[2025-03-10T00:03:04.185+0000] {processor.py:914} INFO - Processing file /home/airflow/.local/lib/python3.12/site-packages/airflow/example_dags/example_time_delta_sensor_async.py for tasks to queue
[2025-03-10T00:03:04.186+0000] {logging_mixin.py:190} INFO - [2025-03-10T00:03:04.186+0000] {dagbag.py:588} INFO - Filling up the DagBag from /home/airflow/.local/lib/python3.12/site-packages/airflow/example_dags/example_time_delta_sensor_async.py
[2025-03-10T00:03:04.192+0000] {processor.py:925} INFO - DAG(s) 'example_time_delta_sensor_async' retrieved from /home/airflow/.local/lib/python3.12/site-packages/airflow/example_dags/example_time_delta_sensor_async.py
[2025-03-10T00:03:04.209+0000] {logging_mixin.py:190} INFO - [2025-03-10T00:03:04.209+0000] {dag.py:3239} INFO - Sync 1 DAGs
[2025-03-10T00:03:04.222+0000] {logging_mixin.py:190} INFO - [2025-03-10T00:03:04.221+0000] {dag.py:4180} INFO - Setting next_dagrun for example_time_delta_sensor_async to None, run_after=None
[2025-03-10T00:03:04.239+0000] {processor.py:208} INFO - Processing /home/airflow/.local/lib/python3.12/site-packages/airflow/example_dags/example_time_delta_sensor_async.py took 0.059 seconds
[2025-03-10T00:03:34.753+0000] {processor.py:186} INFO - Started process (PID=47452) to work on /home/airflow/.local/lib/python3.12/site-packages/airflow/example_dags/example_time_delta_sensor_async.py
[2025-03-10T00:03:34.754+0000] {processor.py:914} INFO - Processing file /home/airflow/.local/lib/python3.12/site-packages/airflow/example_dags/example_time_delta_sensor_async.py for tasks to queue
[2025-03-10T00:03:34.755+0000] {logging_mixin.py:190} INFO - [2025-03-10T00:03:34.755+0000] {dagbag.py:588} INFO - Filling up the DagBag from /home/airflow/.local/lib/python3.12/site-packages/airflow/example_dags/example_time_delta_sensor_async.py
[2025-03-10T00:03:34.762+0000] {processor.py:925} INFO - DAG(s) 'example_time_delta_sensor_async' retrieved from /home/airflow/.local/lib/python3.12/site-packages/airflow/example_dags/example_time_delta_sensor_async.py
[2025-03-10T00:03:34.780+0000] {logging_mixin.py:190} INFO - [2025-03-10T00:03:34.780+0000] {dag.py:3239} INFO - Sync 1 DAGs
[2025-03-10T00:03:34.793+0000] {logging_mixin.py:190} INFO - [2025-03-10T00:03:34.792+0000] {dag.py:4180} INFO - Setting next_dagrun for example_time_delta_sensor_async to None, run_after=None
[2025-03-10T00:03:34.811+0000] {processor.py:208} INFO - Processing /home/airflow/.local/lib/python3.12/site-packages/airflow/example_dags/example_time_delta_sensor_async.py took 0.064 seconds
[2025-03-10T00:04:05.185+0000] {processor.py:186} INFO - Started process (PID=47518) to work on /home/airflow/.local/lib/python3.12/site-packages/airflow/example_dags/example_time_delta_sensor_async.py
[2025-03-10T00:04:05.186+0000] {processor.py:914} INFO - Processing file /home/airflow/.local/lib/python3.12/site-packages/airflow/example_dags/example_time_delta_sensor_async.py for tasks to queue
[2025-03-10T00:04:05.188+0000] {logging_mixin.py:190} INFO - [2025-03-10T00:04:05.188+0000] {dagbag.py:588} INFO - Filling up the DagBag from /home/airflow/.local/lib/python3.12/site-packages/airflow/example_dags/example_time_delta_sensor_async.py
[2025-03-10T00:04:05.198+0000] {processor.py:925} INFO - DAG(s) 'example_time_delta_sensor_async' retrieved from /home/airflow/.local/lib/python3.12/site-packages/airflow/example_dags/example_time_delta_sensor_async.py
[2025-03-10T00:04:05.237+0000] {logging_mixin.py:190} INFO - [2025-03-10T00:04:05.237+0000] {dag.py:3239} INFO - Sync 1 DAGs
[2025-03-10T00:04:05.260+0000] {logging_mixin.py:190} INFO - [2025-03-10T00:04:05.260+0000] {dag.py:4180} INFO - Setting next_dagrun for example_time_delta_sensor_async to None, run_after=None
[2025-03-10T00:04:05.301+0000] {processor.py:208} INFO - Processing /home/airflow/.local/lib/python3.12/site-packages/airflow/example_dags/example_time_delta_sensor_async.py took 0.124 seconds
[2025-03-10T00:04:35.760+0000] {processor.py:186} INFO - Started process (PID=47584) to work on /home/airflow/.local/lib/python3.12/site-packages/airflow/example_dags/example_time_delta_sensor_async.py
[2025-03-10T00:04:35.761+0000] {processor.py:914} INFO - Processing file /home/airflow/.local/lib/python3.12/site-packages/airflow/example_dags/example_time_delta_sensor_async.py for tasks to queue
[2025-03-10T00:04:35.762+0000] {logging_mixin.py:190} INFO - [2025-03-10T00:04:35.762+0000] {dagbag.py:588} INFO - Filling up the DagBag from /home/airflow/.local/lib/python3.12/site-packages/airflow/example_dags/example_time_delta_sensor_async.py
[2025-03-10T00:04:35.768+0000] {processor.py:925} INFO - DAG(s) 'example_time_delta_sensor_async' retrieved from /home/airflow/.local/lib/python3.12/site-packages/airflow/example_dags/example_time_delta_sensor_async.py
[2025-03-10T00:04:35.789+0000] {logging_mixin.py:190} INFO - [2025-03-10T00:04:35.789+0000] {dag.py:3239} INFO - Sync 1 DAGs
[2025-03-10T00:04:35.802+0000] {logging_mixin.py:190} INFO - [2025-03-10T00:04:35.802+0000] {dag.py:4180} INFO - Setting next_dagrun for example_time_delta_sensor_async to None, run_after=None
[2025-03-10T00:04:35.821+0000] {processor.py:208} INFO - Processing /home/airflow/.local/lib/python3.12/site-packages/airflow/example_dags/example_time_delta_sensor_async.py took 0.067 seconds
[2025-03-10T00:05:06.587+0000] {processor.py:186} INFO - Started process (PID=47650) to work on /home/airflow/.local/lib/python3.12/site-packages/airflow/example_dags/example_time_delta_sensor_async.py
[2025-03-10T00:05:06.588+0000] {processor.py:914} INFO - Processing file /home/airflow/.local/lib/python3.12/site-packages/airflow/example_dags/example_time_delta_sensor_async.py for tasks to queue
[2025-03-10T00:05:06.589+0000] {logging_mixin.py:190} INFO - [2025-03-10T00:05:06.588+0000] {dagbag.py:588} INFO - Filling up the DagBag from /home/airflow/.local/lib/python3.12/site-packages/airflow/example_dags/example_time_delta_sensor_async.py
[2025-03-10T00:05:06.594+0000] {processor.py:925} INFO - DAG(s) 'example_time_delta_sensor_async' retrieved from /home/airflow/.local/lib/python3.12/site-packages/airflow/example_dags/example_time_delta_sensor_async.py
[2025-03-10T00:05:06.612+0000] {logging_mixin.py:190} INFO - [2025-03-10T00:05:06.611+0000] {dag.py:3239} INFO - Sync 1 DAGs
[2025-03-10T00:05:06.624+0000] {logging_mixin.py:190} INFO - [2025-03-10T00:05:06.624+0000] {dag.py:4180} INFO - Setting next_dagrun for example_time_delta_sensor_async to None, run_after=None
[2025-03-10T00:05:06.640+0000] {processor.py:208} INFO - Processing /home/airflow/.local/lib/python3.12/site-packages/airflow/example_dags/example_time_delta_sensor_async.py took 0.058 seconds
[2025-03-10T00:05:37.160+0000] {processor.py:186} INFO - Started process (PID=47716) to work on /home/airflow/.local/lib/python3.12/site-packages/airflow/example_dags/example_time_delta_sensor_async.py
[2025-03-10T00:05:37.161+0000] {processor.py:914} INFO - Processing file /home/airflow/.local/lib/python3.12/site-packages/airflow/example_dags/example_time_delta_sensor_async.py for tasks to queue
[2025-03-10T00:05:37.163+0000] {logging_mixin.py:190} INFO - [2025-03-10T00:05:37.162+0000] {dagbag.py:588} INFO - Filling up the DagBag from /home/airflow/.local/lib/python3.12/site-packages/airflow/example_dags/example_time_delta_sensor_async.py
[2025-03-10T00:05:37.169+0000] {processor.py:925} INFO - DAG(s) 'example_time_delta_sensor_async' retrieved from /home/airflow/.local/lib/python3.12/site-packages/airflow/example_dags/example_time_delta_sensor_async.py
[2025-03-10T00:05:37.188+0000] {logging_mixin.py:190} INFO - [2025-03-10T00:05:37.187+0000] {dag.py:3239} INFO - Sync 1 DAGs
[2025-03-10T00:05:37.200+0000] {logging_mixin.py:190} INFO - [2025-03-10T00:05:37.200+0000] {dag.py:4180} INFO - Setting next_dagrun for example_time_delta_sensor_async to None, run_after=None
[2025-03-10T00:05:37.220+0000] {processor.py:208} INFO - Processing /home/airflow/.local/lib/python3.12/site-packages/airflow/example_dags/example_time_delta_sensor_async.py took 0.065 seconds
[2025-03-10T00:06:07.945+0000] {processor.py:186} INFO - Started process (PID=47782) to work on /home/airflow/.local/lib/python3.12/site-packages/airflow/example_dags/example_time_delta_sensor_async.py
[2025-03-10T00:06:07.946+0000] {processor.py:914} INFO - Processing file /home/airflow/.local/lib/python3.12/site-packages/airflow/example_dags/example_time_delta_sensor_async.py for tasks to queue
[2025-03-10T00:06:07.947+0000] {logging_mixin.py:190} INFO - [2025-03-10T00:06:07.947+0000] {dagbag.py:588} INFO - Filling up the DagBag from /home/airflow/.local/lib/python3.12/site-packages/airflow/example_dags/example_time_delta_sensor_async.py
[2025-03-10T00:06:07.954+0000] {processor.py:925} INFO - DAG(s) 'example_time_delta_sensor_async' retrieved from /home/airflow/.local/lib/python3.12/site-packages/airflow/example_dags/example_time_delta_sensor_async.py
[2025-03-10T00:06:07.972+0000] {logging_mixin.py:190} INFO - [2025-03-10T00:06:07.972+0000] {dag.py:3239} INFO - Sync 1 DAGs
[2025-03-10T00:06:07.985+0000] {logging_mixin.py:190} INFO - [2025-03-10T00:06:07.985+0000] {dag.py:4180} INFO - Setting next_dagrun for example_time_delta_sensor_async to None, run_after=None
[2025-03-10T00:06:08.003+0000] {processor.py:208} INFO - Processing /home/airflow/.local/lib/python3.12/site-packages/airflow/example_dags/example_time_delta_sensor_async.py took 0.064 seconds
[2025-03-10T00:06:38.167+0000] {processor.py:186} INFO - Started process (PID=47851) to work on /home/airflow/.local/lib/python3.12/site-packages/airflow/example_dags/example_time_delta_sensor_async.py
[2025-03-10T00:06:38.168+0000] {processor.py:914} INFO - Processing file /home/airflow/.local/lib/python3.12/site-packages/airflow/example_dags/example_time_delta_sensor_async.py for tasks to queue
[2025-03-10T00:06:38.169+0000] {logging_mixin.py:190} INFO - [2025-03-10T00:06:38.169+0000] {dagbag.py:588} INFO - Filling up the DagBag from /home/airflow/.local/lib/python3.12/site-packages/airflow/example_dags/example_time_delta_sensor_async.py
[2025-03-10T00:06:38.175+0000] {processor.py:925} INFO - DAG(s) 'example_time_delta_sensor_async' retrieved from /home/airflow/.local/lib/python3.12/site-packages/airflow/example_dags/example_time_delta_sensor_async.py
[2025-03-10T00:06:38.194+0000] {logging_mixin.py:190} INFO - [2025-03-10T00:06:38.193+0000] {dag.py:3239} INFO - Sync 1 DAGs
[2025-03-10T00:06:38.208+0000] {logging_mixin.py:190} INFO - [2025-03-10T00:06:38.207+0000] {dag.py:4180} INFO - Setting next_dagrun for example_time_delta_sensor_async to None, run_after=None
[2025-03-10T00:06:38.228+0000] {processor.py:208} INFO - Processing /home/airflow/.local/lib/python3.12/site-packages/airflow/example_dags/example_time_delta_sensor_async.py took 0.066 seconds
[2025-03-10T00:07:08.527+0000] {processor.py:186} INFO - Started process (PID=47920) to work on /home/airflow/.local/lib/python3.12/site-packages/airflow/example_dags/example_time_delta_sensor_async.py
[2025-03-10T00:07:08.528+0000] {processor.py:914} INFO - Processing file /home/airflow/.local/lib/python3.12/site-packages/airflow/example_dags/example_time_delta_sensor_async.py for tasks to queue
[2025-03-10T00:07:08.530+0000] {logging_mixin.py:190} INFO - [2025-03-10T00:07:08.529+0000] {dagbag.py:588} INFO - Filling up the DagBag from /home/airflow/.local/lib/python3.12/site-packages/airflow/example_dags/example_time_delta_sensor_async.py
[2025-03-10T00:07:08.535+0000] {processor.py:925} INFO - DAG(s) 'example_time_delta_sensor_async' retrieved from /home/airflow/.local/lib/python3.12/site-packages/airflow/example_dags/example_time_delta_sensor_async.py
[2025-03-10T00:07:08.554+0000] {logging_mixin.py:190} INFO - [2025-03-10T00:07:08.554+0000] {dag.py:3239} INFO - Sync 1 DAGs
[2025-03-10T00:07:08.568+0000] {logging_mixin.py:190} INFO - [2025-03-10T00:07:08.567+0000] {dag.py:4180} INFO - Setting next_dagrun for example_time_delta_sensor_async to None, run_after=None
[2025-03-10T00:07:08.588+0000] {processor.py:208} INFO - Processing /home/airflow/.local/lib/python3.12/site-packages/airflow/example_dags/example_time_delta_sensor_async.py took 0.067 seconds
