[2025-03-10T00:00:14.345+0000] {processor.py:186} INFO - Started process (PID=47032) to work on /home/airflow/.local/lib/python3.12/site-packages/airflow/example_dags/example_display_name.py
[2025-03-10T00:00:14.346+0000] {processor.py:914} INFO - Processing file /home/airflow/.local/lib/python3.12/site-packages/airflow/example_dags/example_display_name.py for tasks to queue
[2025-03-10T00:00:14.347+0000] {logging_mixin.py:190} INFO - [2025-03-10T00:00:14.347+0000] {dagbag.py:588} INFO - Filling up the DagBag from /home/airflow/.local/lib/python3.12/site-packages/airflow/example_dags/example_display_name.py
[2025-03-10T00:00:14.355+0000] {processor.py:925} INFO - DAG(s) 'example_display_name' retrieved from /home/airflow/.local/lib/python3.12/site-packages/airflow/example_dags/example_display_name.py
[2025-03-10T00:00:14.373+0000] {logging_mixin.py:190} INFO - [2025-03-10T00:00:14.373+0000] {dag.py:3239} INFO - Sync 1 DAGs
[2025-03-10T00:00:14.387+0000] {logging_mixin.py:190} INFO - [2025-03-10T00:00:14.386+0000] {dag.py:4180} INFO - Setting next_dagrun for example_display_name to None, run_after=None
[2025-03-10T00:00:14.406+0000] {processor.py:208} INFO - Processing /home/airflow/.local/lib/python3.12/site-packages/airflow/example_dags/example_display_name.py took 0.066 seconds
[2025-03-10T00:00:46.219+0000] {processor.py:186} INFO - Started process (PID=47098) to work on /home/airflow/.local/lib/python3.12/site-packages/airflow/example_dags/example_display_name.py
[2025-03-10T00:00:46.220+0000] {processor.py:914} INFO - Processing file /home/airflow/.local/lib/python3.12/site-packages/airflow/example_dags/example_display_name.py for tasks to queue
[2025-03-10T00:00:46.221+0000] {logging_mixin.py:190} INFO - [2025-03-10T00:00:46.221+0000] {dagbag.py:588} INFO - Filling up the DagBag from /home/airflow/.local/lib/python3.12/site-packages/airflow/example_dags/example_display_name.py
[2025-03-10T00:00:46.228+0000] {processor.py:925} INFO - DAG(s) 'example_display_name' retrieved from /home/airflow/.local/lib/python3.12/site-packages/airflow/example_dags/example_display_name.py
[2025-03-10T00:00:46.248+0000] {logging_mixin.py:190} INFO - [2025-03-10T00:00:46.248+0000] {dag.py:3239} INFO - Sync 1 DAGs
[2025-03-10T00:00:46.267+0000] {logging_mixin.py:190} INFO - [2025-03-10T00:00:46.267+0000] {dag.py:4180} INFO - Setting next_dagrun for example_display_name to None, run_after=None
[2025-03-10T00:00:46.292+0000] {processor.py:208} INFO - Processing /home/airflow/.local/lib/python3.12/site-packages/airflow/example_dags/example_display_name.py took 0.079 seconds
[2025-03-10T00:01:18.166+0000] {processor.py:186} INFO - Started process (PID=47164) to work on /home/airflow/.local/lib/python3.12/site-packages/airflow/example_dags/example_display_name.py
[2025-03-10T00:01:18.167+0000] {processor.py:914} INFO - Processing file /home/airflow/.local/lib/python3.12/site-packages/airflow/example_dags/example_display_name.py for tasks to queue
[2025-03-10T00:01:18.169+0000] {logging_mixin.py:190} INFO - [2025-03-10T00:01:18.168+0000] {dagbag.py:588} INFO - Filling up the DagBag from /home/airflow/.local/lib/python3.12/site-packages/airflow/example_dags/example_display_name.py
[2025-03-10T00:01:18.175+0000] {processor.py:925} INFO - DAG(s) 'example_display_name' retrieved from /home/airflow/.local/lib/python3.12/site-packages/airflow/example_dags/example_display_name.py
[2025-03-10T00:01:18.193+0000] {logging_mixin.py:190} INFO - [2025-03-10T00:01:18.192+0000] {dag.py:3239} INFO - Sync 1 DAGs
[2025-03-10T00:01:18.205+0000] {logging_mixin.py:190} INFO - [2025-03-10T00:01:18.205+0000] {dag.py:4180} INFO - Setting next_dagrun for example_display_name to None, run_after=None
[2025-03-10T00:01:18.224+0000] {processor.py:208} INFO - Processing /home/airflow/.local/lib/python3.12/site-packages/airflow/example_dags/example_display_name.py took 0.062 seconds
[2025-03-10T00:01:51.237+0000] {processor.py:186} INFO - Started process (PID=47230) to work on /home/airflow/.local/lib/python3.12/site-packages/airflow/example_dags/example_display_name.py
[2025-03-10T00:01:51.239+0000] {processor.py:914} INFO - Processing file /home/airflow/.local/lib/python3.12/site-packages/airflow/example_dags/example_display_name.py for tasks to queue
[2025-03-10T00:01:51.241+0000] {logging_mixin.py:190} INFO - [2025-03-10T00:01:51.240+0000] {dagbag.py:588} INFO - Filling up the DagBag from /home/airflow/.local/lib/python3.12/site-packages/airflow/example_dags/example_display_name.py
[2025-03-10T00:01:51.249+0000] {processor.py:925} INFO - DAG(s) 'example_display_name' retrieved from /home/airflow/.local/lib/python3.12/site-packages/airflow/example_dags/example_display_name.py
[2025-03-10T00:01:51.275+0000] {logging_mixin.py:190} INFO - [2025-03-10T00:01:51.274+0000] {dag.py:3239} INFO - Sync 1 DAGs
[2025-03-10T00:01:51.298+0000] {logging_mixin.py:190} INFO - [2025-03-10T00:01:51.298+0000] {dag.py:4180} INFO - Setting next_dagrun for example_display_name to None, run_after=None
[2025-03-10T00:01:51.323+0000] {processor.py:208} INFO - Processing /home/airflow/.local/lib/python3.12/site-packages/airflow/example_dags/example_display_name.py took 0.091 seconds
[2025-03-10T00:02:22.069+0000] {processor.py:186} INFO - Started process (PID=47296) to work on /home/airflow/.local/lib/python3.12/site-packages/airflow/example_dags/example_display_name.py
[2025-03-10T00:02:22.070+0000] {processor.py:914} INFO - Processing file /home/airflow/.local/lib/python3.12/site-packages/airflow/example_dags/example_display_name.py for tasks to queue
[2025-03-10T00:02:22.071+0000] {logging_mixin.py:190} INFO - [2025-03-10T00:02:22.071+0000] {dagbag.py:588} INFO - Filling up the DagBag from /home/airflow/.local/lib/python3.12/site-packages/airflow/example_dags/example_display_name.py
[2025-03-10T00:02:22.078+0000] {processor.py:925} INFO - DAG(s) 'example_display_name' retrieved from /home/airflow/.local/lib/python3.12/site-packages/airflow/example_dags/example_display_name.py
[2025-03-10T00:02:22.096+0000] {logging_mixin.py:190} INFO - [2025-03-10T00:02:22.096+0000] {dag.py:3239} INFO - Sync 1 DAGs
[2025-03-10T00:02:22.111+0000] {logging_mixin.py:190} INFO - [2025-03-10T00:02:22.110+0000] {dag.py:4180} INFO - Setting next_dagrun for example_display_name to None, run_after=None
[2025-03-10T00:02:22.129+0000] {processor.py:208} INFO - Processing /home/airflow/.local/lib/python3.12/site-packages/airflow/example_dags/example_display_name.py took 0.065 seconds
[2025-03-10T00:02:52.881+0000] {processor.py:186} INFO - Started process (PID=47362) to work on /home/airflow/.local/lib/python3.12/site-packages/airflow/example_dags/example_display_name.py
[2025-03-10T00:02:52.882+0000] {processor.py:914} INFO - Processing file /home/airflow/.local/lib/python3.12/site-packages/airflow/example_dags/example_display_name.py for tasks to queue
[2025-03-10T00:02:52.885+0000] {logging_mixin.py:190} INFO - [2025-03-10T00:02:52.884+0000] {dagbag.py:588} INFO - Filling up the DagBag from /home/airflow/.local/lib/python3.12/site-packages/airflow/example_dags/example_display_name.py
[2025-03-10T00:02:52.897+0000] {processor.py:925} INFO - DAG(s) 'example_display_name' retrieved from /home/airflow/.local/lib/python3.12/site-packages/airflow/example_dags/example_display_name.py
[2025-03-10T00:02:52.917+0000] {logging_mixin.py:190} INFO - [2025-03-10T00:02:52.916+0000] {dag.py:3239} INFO - Sync 1 DAGs
[2025-03-10T00:02:52.930+0000] {logging_mixin.py:190} INFO - [2025-03-10T00:02:52.930+0000] {dag.py:4180} INFO - Setting next_dagrun for example_display_name to None, run_after=None
[2025-03-10T00:02:52.949+0000] {processor.py:208} INFO - Processing /home/airflow/.local/lib/python3.12/site-packages/airflow/example_dags/example_display_name.py took 0.076 seconds
[2025-03-10T00:03:23.727+0000] {processor.py:186} INFO - Started process (PID=47428) to work on /home/airflow/.local/lib/python3.12/site-packages/airflow/example_dags/example_display_name.py
[2025-03-10T00:03:23.728+0000] {processor.py:914} INFO - Processing file /home/airflow/.local/lib/python3.12/site-packages/airflow/example_dags/example_display_name.py for tasks to queue
[2025-03-10T00:03:23.730+0000] {logging_mixin.py:190} INFO - [2025-03-10T00:03:23.729+0000] {dagbag.py:588} INFO - Filling up the DagBag from /home/airflow/.local/lib/python3.12/site-packages/airflow/example_dags/example_display_name.py
[2025-03-10T00:03:23.736+0000] {processor.py:925} INFO - DAG(s) 'example_display_name' retrieved from /home/airflow/.local/lib/python3.12/site-packages/airflow/example_dags/example_display_name.py
[2025-03-10T00:03:23.755+0000] {logging_mixin.py:190} INFO - [2025-03-10T00:03:23.755+0000] {dag.py:3239} INFO - Sync 1 DAGs
[2025-03-10T00:03:23.768+0000] {logging_mixin.py:190} INFO - [2025-03-10T00:03:23.768+0000] {dag.py:4180} INFO - Setting next_dagrun for example_display_name to None, run_after=None
[2025-03-10T00:03:23.788+0000] {processor.py:208} INFO - Processing /home/airflow/.local/lib/python3.12/site-packages/airflow/example_dags/example_display_name.py took 0.066 seconds
[2025-03-10T00:03:55.830+0000] {processor.py:186} INFO - Started process (PID=47494) to work on /home/airflow/.local/lib/python3.12/site-packages/airflow/example_dags/example_display_name.py
[2025-03-10T00:03:55.831+0000] {processor.py:914} INFO - Processing file /home/airflow/.local/lib/python3.12/site-packages/airflow/example_dags/example_display_name.py for tasks to queue
[2025-03-10T00:03:55.833+0000] {logging_mixin.py:190} INFO - [2025-03-10T00:03:55.832+0000] {dagbag.py:588} INFO - Filling up the DagBag from /home/airflow/.local/lib/python3.12/site-packages/airflow/example_dags/example_display_name.py
[2025-03-10T00:03:55.843+0000] {processor.py:925} INFO - DAG(s) 'example_display_name' retrieved from /home/airflow/.local/lib/python3.12/site-packages/airflow/example_dags/example_display_name.py
[2025-03-10T00:03:55.871+0000] {logging_mixin.py:190} INFO - [2025-03-10T00:03:55.871+0000] {dag.py:3239} INFO - Sync 1 DAGs
[2025-03-10T00:03:55.893+0000] {logging_mixin.py:190} INFO - [2025-03-10T00:03:55.892+0000] {dag.py:4180} INFO - Setting next_dagrun for example_display_name to None, run_after=None
[2025-03-10T00:03:55.924+0000] {processor.py:208} INFO - Processing /home/airflow/.local/lib/python3.12/site-packages/airflow/example_dags/example_display_name.py took 0.100 seconds
[2025-03-10T00:04:27.590+0000] {processor.py:186} INFO - Started process (PID=47560) to work on /home/airflow/.local/lib/python3.12/site-packages/airflow/example_dags/example_display_name.py
[2025-03-10T00:04:27.592+0000] {processor.py:914} INFO - Processing file /home/airflow/.local/lib/python3.12/site-packages/airflow/example_dags/example_display_name.py for tasks to queue
[2025-03-10T00:04:27.593+0000] {logging_mixin.py:190} INFO - [2025-03-10T00:04:27.593+0000] {dagbag.py:588} INFO - Filling up the DagBag from /home/airflow/.local/lib/python3.12/site-packages/airflow/example_dags/example_display_name.py
[2025-03-10T00:04:27.603+0000] {processor.py:925} INFO - DAG(s) 'example_display_name' retrieved from /home/airflow/.local/lib/python3.12/site-packages/airflow/example_dags/example_display_name.py
[2025-03-10T00:04:27.623+0000] {logging_mixin.py:190} INFO - [2025-03-10T00:04:27.623+0000] {dag.py:3239} INFO - Sync 1 DAGs
[2025-03-10T00:04:27.638+0000] {logging_mixin.py:190} INFO - [2025-03-10T00:04:27.638+0000] {dag.py:4180} INFO - Setting next_dagrun for example_display_name to None, run_after=None
[2025-03-10T00:04:27.667+0000] {processor.py:208} INFO - Processing /home/airflow/.local/lib/python3.12/site-packages/airflow/example_dags/example_display_name.py took 0.082 seconds
[2025-03-10T00:04:58.420+0000] {processor.py:186} INFO - Started process (PID=47626) to work on /home/airflow/.local/lib/python3.12/site-packages/airflow/example_dags/example_display_name.py
[2025-03-10T00:04:58.421+0000] {processor.py:914} INFO - Processing file /home/airflow/.local/lib/python3.12/site-packages/airflow/example_dags/example_display_name.py for tasks to queue
[2025-03-10T00:04:58.422+0000] {logging_mixin.py:190} INFO - [2025-03-10T00:04:58.422+0000] {dagbag.py:588} INFO - Filling up the DagBag from /home/airflow/.local/lib/python3.12/site-packages/airflow/example_dags/example_display_name.py
[2025-03-10T00:04:58.429+0000] {processor.py:925} INFO - DAG(s) 'example_display_name' retrieved from /home/airflow/.local/lib/python3.12/site-packages/airflow/example_dags/example_display_name.py
[2025-03-10T00:04:58.448+0000] {logging_mixin.py:190} INFO - [2025-03-10T00:04:58.447+0000] {dag.py:3239} INFO - Sync 1 DAGs
[2025-03-10T00:04:58.463+0000] {logging_mixin.py:190} INFO - [2025-03-10T00:04:58.463+0000] {dag.py:4180} INFO - Setting next_dagrun for example_display_name to None, run_after=None
[2025-03-10T00:04:58.487+0000] {processor.py:208} INFO - Processing /home/airflow/.local/lib/python3.12/site-packages/airflow/example_dags/example_display_name.py took 0.074 seconds
[2025-03-10T00:05:30.048+0000] {processor.py:186} INFO - Started process (PID=47692) to work on /home/airflow/.local/lib/python3.12/site-packages/airflow/example_dags/example_display_name.py
[2025-03-10T00:05:30.049+0000] {processor.py:914} INFO - Processing file /home/airflow/.local/lib/python3.12/site-packages/airflow/example_dags/example_display_name.py for tasks to queue
[2025-03-10T00:05:30.050+0000] {logging_mixin.py:190} INFO - [2025-03-10T00:05:30.050+0000] {dagbag.py:588} INFO - Filling up the DagBag from /home/airflow/.local/lib/python3.12/site-packages/airflow/example_dags/example_display_name.py
[2025-03-10T00:05:30.058+0000] {processor.py:925} INFO - DAG(s) 'example_display_name' retrieved from /home/airflow/.local/lib/python3.12/site-packages/airflow/example_dags/example_display_name.py
[2025-03-10T00:05:30.077+0000] {logging_mixin.py:190} INFO - [2025-03-10T00:05:30.076+0000] {dag.py:3239} INFO - Sync 1 DAGs
[2025-03-10T00:05:30.091+0000] {logging_mixin.py:190} INFO - [2025-03-10T00:05:30.090+0000] {dag.py:4180} INFO - Setting next_dagrun for example_display_name to None, run_after=None
[2025-03-10T00:05:30.110+0000] {processor.py:208} INFO - Processing /home/airflow/.local/lib/python3.12/site-packages/airflow/example_dags/example_display_name.py took 0.066 seconds
[2025-03-10T00:06:02.767+0000] {processor.py:186} INFO - Started process (PID=47758) to work on /home/airflow/.local/lib/python3.12/site-packages/airflow/example_dags/example_display_name.py
[2025-03-10T00:06:02.768+0000] {processor.py:914} INFO - Processing file /home/airflow/.local/lib/python3.12/site-packages/airflow/example_dags/example_display_name.py for tasks to queue
[2025-03-10T00:06:02.769+0000] {logging_mixin.py:190} INFO - [2025-03-10T00:06:02.769+0000] {dagbag.py:588} INFO - Filling up the DagBag from /home/airflow/.local/lib/python3.12/site-packages/airflow/example_dags/example_display_name.py
[2025-03-10T00:06:02.776+0000] {processor.py:925} INFO - DAG(s) 'example_display_name' retrieved from /home/airflow/.local/lib/python3.12/site-packages/airflow/example_dags/example_display_name.py
[2025-03-10T00:06:02.795+0000] {logging_mixin.py:190} INFO - [2025-03-10T00:06:02.795+0000] {dag.py:3239} INFO - Sync 1 DAGs
[2025-03-10T00:06:02.811+0000] {logging_mixin.py:190} INFO - [2025-03-10T00:06:02.810+0000] {dag.py:4180} INFO - Setting next_dagrun for example_display_name to None, run_after=None
[2025-03-10T00:06:02.829+0000] {processor.py:208} INFO - Processing /home/airflow/.local/lib/python3.12/site-packages/airflow/example_dags/example_display_name.py took 0.067 seconds
[2025-03-10T00:06:34.151+0000] {processor.py:186} INFO - Started process (PID=47828) to work on /home/airflow/.local/lib/python3.12/site-packages/airflow/example_dags/example_display_name.py
[2025-03-10T00:06:34.152+0000] {processor.py:914} INFO - Processing file /home/airflow/.local/lib/python3.12/site-packages/airflow/example_dags/example_display_name.py for tasks to queue
[2025-03-10T00:06:34.153+0000] {logging_mixin.py:190} INFO - [2025-03-10T00:06:34.152+0000] {dagbag.py:588} INFO - Filling up the DagBag from /home/airflow/.local/lib/python3.12/site-packages/airflow/example_dags/example_display_name.py
[2025-03-10T00:06:34.161+0000] {processor.py:925} INFO - DAG(s) 'example_display_name' retrieved from /home/airflow/.local/lib/python3.12/site-packages/airflow/example_dags/example_display_name.py
[2025-03-10T00:06:34.179+0000] {logging_mixin.py:190} INFO - [2025-03-10T00:06:34.179+0000] {dag.py:3239} INFO - Sync 1 DAGs
[2025-03-10T00:06:34.194+0000] {logging_mixin.py:190} INFO - [2025-03-10T00:06:34.193+0000] {dag.py:4180} INFO - Setting next_dagrun for example_display_name to None, run_after=None
[2025-03-10T00:06:34.215+0000] {processor.py:208} INFO - Processing /home/airflow/.local/lib/python3.12/site-packages/airflow/example_dags/example_display_name.py took 0.069 seconds
[2025-03-10T00:07:05.599+0000] {processor.py:186} INFO - Started process (PID=47897) to work on /home/airflow/.local/lib/python3.12/site-packages/airflow/example_dags/example_display_name.py
[2025-03-10T00:07:05.601+0000] {processor.py:914} INFO - Processing file /home/airflow/.local/lib/python3.12/site-packages/airflow/example_dags/example_display_name.py for tasks to queue
[2025-03-10T00:07:05.602+0000] {logging_mixin.py:190} INFO - [2025-03-10T00:07:05.602+0000] {dagbag.py:588} INFO - Filling up the DagBag from /home/airflow/.local/lib/python3.12/site-packages/airflow/example_dags/example_display_name.py
[2025-03-10T00:07:05.615+0000] {processor.py:925} INFO - DAG(s) 'example_display_name' retrieved from /home/airflow/.local/lib/python3.12/site-packages/airflow/example_dags/example_display_name.py
[2025-03-10T00:07:05.641+0000] {logging_mixin.py:190} INFO - [2025-03-10T00:07:05.640+0000] {dag.py:3239} INFO - Sync 1 DAGs
[2025-03-10T00:07:05.661+0000] {logging_mixin.py:190} INFO - [2025-03-10T00:07:05.660+0000] {dag.py:4180} INFO - Setting next_dagrun for example_display_name to None, run_after=None
[2025-03-10T00:07:05.688+0000] {processor.py:208} INFO - Processing /home/airflow/.local/lib/python3.12/site-packages/airflow/example_dags/example_display_name.py took 0.096 seconds
