[2025-03-10T00:00:12.695+0000] {processor.py:186} INFO - Started process (PID=47014) to work on /home/airflow/.local/lib/python3.12/site-packages/airflow/example_dags/example_kubernetes_executor.py
[2025-03-10T00:00:12.696+0000] {processor.py:914} INFO - Processing file /home/airflow/.local/lib/python3.12/site-packages/airflow/example_dags/example_kubernetes_executor.py for tasks to queue
[2025-03-10T00:00:12.697+0000] {logging_mixin.py:190} INFO - [2025-03-10T00:00:12.697+0000] {dagbag.py:588} INFO - Filling up the DagBag from /home/airflow/.local/lib/python3.12/site-packages/airflow/example_dags/example_kubernetes_executor.py
[2025-03-10T00:00:12.711+0000] {processor.py:925} INFO - DAG(s) 'example_kubernetes_executor' retrieved from /home/airflow/.local/lib/python3.12/site-packages/airflow/example_dags/example_kubernetes_executor.py
[2025-03-10T00:00:12.737+0000] {logging_mixin.py:190} INFO - [2025-03-10T00:00:12.737+0000] {dag.py:3239} INFO - Sync 1 DAGs
[2025-03-10T00:00:12.750+0000] {logging_mixin.py:190} INFO - [2025-03-10T00:00:12.750+0000] {dag.py:4180} INFO - Setting next_dagrun for example_kubernetes_executor to None, run_after=None
[2025-03-10T00:00:12.769+0000] {processor.py:208} INFO - Processing /home/airflow/.local/lib/python3.12/site-packages/airflow/example_dags/example_kubernetes_executor.py took 0.079 seconds
[2025-03-10T00:00:44.557+0000] {processor.py:186} INFO - Started process (PID=47080) to work on /home/airflow/.local/lib/python3.12/site-packages/airflow/example_dags/example_kubernetes_executor.py
[2025-03-10T00:00:44.558+0000] {processor.py:914} INFO - Processing file /home/airflow/.local/lib/python3.12/site-packages/airflow/example_dags/example_kubernetes_executor.py for tasks to queue
[2025-03-10T00:00:44.560+0000] {logging_mixin.py:190} INFO - [2025-03-10T00:00:44.560+0000] {dagbag.py:588} INFO - Filling up the DagBag from /home/airflow/.local/lib/python3.12/site-packages/airflow/example_dags/example_kubernetes_executor.py
[2025-03-10T00:00:44.571+0000] {processor.py:925} INFO - DAG(s) 'example_kubernetes_executor' retrieved from /home/airflow/.local/lib/python3.12/site-packages/airflow/example_dags/example_kubernetes_executor.py
[2025-03-10T00:00:44.595+0000] {logging_mixin.py:190} INFO - [2025-03-10T00:00:44.594+0000] {dag.py:3239} INFO - Sync 1 DAGs
[2025-03-10T00:00:44.608+0000] {logging_mixin.py:190} INFO - [2025-03-10T00:00:44.607+0000] {dag.py:4180} INFO - Setting next_dagrun for example_kubernetes_executor to None, run_after=None
[2025-03-10T00:00:44.628+0000] {processor.py:208} INFO - Processing /home/airflow/.local/lib/python3.12/site-packages/airflow/example_dags/example_kubernetes_executor.py took 0.076 seconds
[2025-03-10T00:01:16.536+0000] {processor.py:186} INFO - Started process (PID=47146) to work on /home/airflow/.local/lib/python3.12/site-packages/airflow/example_dags/example_kubernetes_executor.py
[2025-03-10T00:01:16.537+0000] {processor.py:914} INFO - Processing file /home/airflow/.local/lib/python3.12/site-packages/airflow/example_dags/example_kubernetes_executor.py for tasks to queue
[2025-03-10T00:01:16.539+0000] {logging_mixin.py:190} INFO - [2025-03-10T00:01:16.538+0000] {dagbag.py:588} INFO - Filling up the DagBag from /home/airflow/.local/lib/python3.12/site-packages/airflow/example_dags/example_kubernetes_executor.py
[2025-03-10T00:01:16.551+0000] {processor.py:925} INFO - DAG(s) 'example_kubernetes_executor' retrieved from /home/airflow/.local/lib/python3.12/site-packages/airflow/example_dags/example_kubernetes_executor.py
[2025-03-10T00:01:16.575+0000] {logging_mixin.py:190} INFO - [2025-03-10T00:01:16.575+0000] {dag.py:3239} INFO - Sync 1 DAGs
[2025-03-10T00:01:16.589+0000] {logging_mixin.py:190} INFO - [2025-03-10T00:01:16.588+0000] {dag.py:4180} INFO - Setting next_dagrun for example_kubernetes_executor to None, run_after=None
[2025-03-10T00:01:16.614+0000] {processor.py:208} INFO - Processing /home/airflow/.local/lib/python3.12/site-packages/airflow/example_dags/example_kubernetes_executor.py took 0.082 seconds
[2025-03-10T00:01:48.616+0000] {processor.py:186} INFO - Started process (PID=47212) to work on /home/airflow/.local/lib/python3.12/site-packages/airflow/example_dags/example_kubernetes_executor.py
[2025-03-10T00:01:48.617+0000] {processor.py:914} INFO - Processing file /home/airflow/.local/lib/python3.12/site-packages/airflow/example_dags/example_kubernetes_executor.py for tasks to queue
[2025-03-10T00:01:48.619+0000] {logging_mixin.py:190} INFO - [2025-03-10T00:01:48.618+0000] {dagbag.py:588} INFO - Filling up the DagBag from /home/airflow/.local/lib/python3.12/site-packages/airflow/example_dags/example_kubernetes_executor.py
[2025-03-10T00:01:48.632+0000] {processor.py:925} INFO - DAG(s) 'example_kubernetes_executor' retrieved from /home/airflow/.local/lib/python3.12/site-packages/airflow/example_dags/example_kubernetes_executor.py
[2025-03-10T00:01:48.663+0000] {logging_mixin.py:190} INFO - [2025-03-10T00:01:48.663+0000] {dag.py:3239} INFO - Sync 1 DAGs
[2025-03-10T00:01:48.680+0000] {logging_mixin.py:190} INFO - [2025-03-10T00:01:48.679+0000] {dag.py:4180} INFO - Setting next_dagrun for example_kubernetes_executor to None, run_after=None
[2025-03-10T00:01:48.704+0000] {processor.py:208} INFO - Processing /home/airflow/.local/lib/python3.12/site-packages/airflow/example_dags/example_kubernetes_executor.py took 0.093 seconds
[2025-03-10T00:02:19.354+0000] {processor.py:186} INFO - Started process (PID=47278) to work on /home/airflow/.local/lib/python3.12/site-packages/airflow/example_dags/example_kubernetes_executor.py
[2025-03-10T00:02:19.355+0000] {processor.py:914} INFO - Processing file /home/airflow/.local/lib/python3.12/site-packages/airflow/example_dags/example_kubernetes_executor.py for tasks to queue
[2025-03-10T00:02:19.356+0000] {logging_mixin.py:190} INFO - [2025-03-10T00:02:19.356+0000] {dagbag.py:588} INFO - Filling up the DagBag from /home/airflow/.local/lib/python3.12/site-packages/airflow/example_dags/example_kubernetes_executor.py
[2025-03-10T00:02:19.367+0000] {processor.py:925} INFO - DAG(s) 'example_kubernetes_executor' retrieved from /home/airflow/.local/lib/python3.12/site-packages/airflow/example_dags/example_kubernetes_executor.py
[2025-03-10T00:02:19.389+0000] {logging_mixin.py:190} INFO - [2025-03-10T00:02:19.389+0000] {dag.py:3239} INFO - Sync 1 DAGs
[2025-03-10T00:02:19.402+0000] {logging_mixin.py:190} INFO - [2025-03-10T00:02:19.402+0000] {dag.py:4180} INFO - Setting next_dagrun for example_kubernetes_executor to None, run_after=None
[2025-03-10T00:02:19.419+0000] {processor.py:208} INFO - Processing /home/airflow/.local/lib/python3.12/site-packages/airflow/example_dags/example_kubernetes_executor.py took 0.070 seconds
[2025-03-10T00:02:51.171+0000] {processor.py:186} INFO - Started process (PID=47344) to work on /home/airflow/.local/lib/python3.12/site-packages/airflow/example_dags/example_kubernetes_executor.py
[2025-03-10T00:02:51.172+0000] {processor.py:914} INFO - Processing file /home/airflow/.local/lib/python3.12/site-packages/airflow/example_dags/example_kubernetes_executor.py for tasks to queue
[2025-03-10T00:02:51.173+0000] {logging_mixin.py:190} INFO - [2025-03-10T00:02:51.173+0000] {dagbag.py:588} INFO - Filling up the DagBag from /home/airflow/.local/lib/python3.12/site-packages/airflow/example_dags/example_kubernetes_executor.py
[2025-03-10T00:02:51.188+0000] {processor.py:925} INFO - DAG(s) 'example_kubernetes_executor' retrieved from /home/airflow/.local/lib/python3.12/site-packages/airflow/example_dags/example_kubernetes_executor.py
[2025-03-10T00:02:51.213+0000] {logging_mixin.py:190} INFO - [2025-03-10T00:02:51.212+0000] {dag.py:3239} INFO - Sync 1 DAGs
[2025-03-10T00:02:51.228+0000] {logging_mixin.py:190} INFO - [2025-03-10T00:02:51.227+0000] {dag.py:4180} INFO - Setting next_dagrun for example_kubernetes_executor to None, run_after=None
[2025-03-10T00:02:51.259+0000] {processor.py:208} INFO - Processing /home/airflow/.local/lib/python3.12/site-packages/airflow/example_dags/example_kubernetes_executor.py took 0.094 seconds
[2025-03-10T00:03:22.192+0000] {processor.py:186} INFO - Started process (PID=47410) to work on /home/airflow/.local/lib/python3.12/site-packages/airflow/example_dags/example_kubernetes_executor.py
[2025-03-10T00:03:22.193+0000] {processor.py:914} INFO - Processing file /home/airflow/.local/lib/python3.12/site-packages/airflow/example_dags/example_kubernetes_executor.py for tasks to queue
[2025-03-10T00:03:22.195+0000] {logging_mixin.py:190} INFO - [2025-03-10T00:03:22.195+0000] {dagbag.py:588} INFO - Filling up the DagBag from /home/airflow/.local/lib/python3.12/site-packages/airflow/example_dags/example_kubernetes_executor.py
[2025-03-10T00:03:22.208+0000] {processor.py:925} INFO - DAG(s) 'example_kubernetes_executor' retrieved from /home/airflow/.local/lib/python3.12/site-packages/airflow/example_dags/example_kubernetes_executor.py
[2025-03-10T00:03:22.233+0000] {logging_mixin.py:190} INFO - [2025-03-10T00:03:22.233+0000] {dag.py:3239} INFO - Sync 1 DAGs
[2025-03-10T00:03:22.248+0000] {logging_mixin.py:190} INFO - [2025-03-10T00:03:22.248+0000] {dag.py:4180} INFO - Setting next_dagrun for example_kubernetes_executor to None, run_after=None
[2025-03-10T00:03:22.267+0000] {processor.py:208} INFO - Processing /home/airflow/.local/lib/python3.12/site-packages/airflow/example_dags/example_kubernetes_executor.py took 0.080 seconds
[2025-03-10T00:03:53.613+0000] {processor.py:186} INFO - Started process (PID=47476) to work on /home/airflow/.local/lib/python3.12/site-packages/airflow/example_dags/example_kubernetes_executor.py
[2025-03-10T00:03:53.614+0000] {processor.py:914} INFO - Processing file /home/airflow/.local/lib/python3.12/site-packages/airflow/example_dags/example_kubernetes_executor.py for tasks to queue
[2025-03-10T00:03:53.615+0000] {logging_mixin.py:190} INFO - [2025-03-10T00:03:53.615+0000] {dagbag.py:588} INFO - Filling up the DagBag from /home/airflow/.local/lib/python3.12/site-packages/airflow/example_dags/example_kubernetes_executor.py
[2025-03-10T00:03:53.627+0000] {processor.py:925} INFO - DAG(s) 'example_kubernetes_executor' retrieved from /home/airflow/.local/lib/python3.12/site-packages/airflow/example_dags/example_kubernetes_executor.py
[2025-03-10T00:03:53.666+0000] {logging_mixin.py:190} INFO - [2025-03-10T00:03:53.665+0000] {dag.py:3239} INFO - Sync 1 DAGs
[2025-03-10T00:03:53.686+0000] {logging_mixin.py:190} INFO - [2025-03-10T00:03:53.686+0000] {dag.py:4180} INFO - Setting next_dagrun for example_kubernetes_executor to None, run_after=None
[2025-03-10T00:03:53.706+0000] {processor.py:208} INFO - Processing /home/airflow/.local/lib/python3.12/site-packages/airflow/example_dags/example_kubernetes_executor.py took 0.097 seconds
[2025-03-10T00:04:25.767+0000] {processor.py:186} INFO - Started process (PID=47542) to work on /home/airflow/.local/lib/python3.12/site-packages/airflow/example_dags/example_kubernetes_executor.py
[2025-03-10T00:04:25.768+0000] {processor.py:914} INFO - Processing file /home/airflow/.local/lib/python3.12/site-packages/airflow/example_dags/example_kubernetes_executor.py for tasks to queue
[2025-03-10T00:04:25.770+0000] {logging_mixin.py:190} INFO - [2025-03-10T00:04:25.769+0000] {dagbag.py:588} INFO - Filling up the DagBag from /home/airflow/.local/lib/python3.12/site-packages/airflow/example_dags/example_kubernetes_executor.py
[2025-03-10T00:04:25.781+0000] {processor.py:925} INFO - DAG(s) 'example_kubernetes_executor' retrieved from /home/airflow/.local/lib/python3.12/site-packages/airflow/example_dags/example_kubernetes_executor.py
[2025-03-10T00:04:25.803+0000] {logging_mixin.py:190} INFO - [2025-03-10T00:04:25.802+0000] {dag.py:3239} INFO - Sync 1 DAGs
[2025-03-10T00:04:25.816+0000] {logging_mixin.py:190} INFO - [2025-03-10T00:04:25.816+0000] {dag.py:4180} INFO - Setting next_dagrun for example_kubernetes_executor to None, run_after=None
[2025-03-10T00:04:25.835+0000] {processor.py:208} INFO - Processing /home/airflow/.local/lib/python3.12/site-packages/airflow/example_dags/example_kubernetes_executor.py took 0.073 seconds
[2025-03-10T00:04:56.840+0000] {processor.py:186} INFO - Started process (PID=47608) to work on /home/airflow/.local/lib/python3.12/site-packages/airflow/example_dags/example_kubernetes_executor.py
[2025-03-10T00:04:56.841+0000] {processor.py:914} INFO - Processing file /home/airflow/.local/lib/python3.12/site-packages/airflow/example_dags/example_kubernetes_executor.py for tasks to queue
[2025-03-10T00:04:56.842+0000] {logging_mixin.py:190} INFO - [2025-03-10T00:04:56.842+0000] {dagbag.py:588} INFO - Filling up the DagBag from /home/airflow/.local/lib/python3.12/site-packages/airflow/example_dags/example_kubernetes_executor.py
[2025-03-10T00:04:56.856+0000] {processor.py:925} INFO - DAG(s) 'example_kubernetes_executor' retrieved from /home/airflow/.local/lib/python3.12/site-packages/airflow/example_dags/example_kubernetes_executor.py
[2025-03-10T00:04:56.882+0000] {logging_mixin.py:190} INFO - [2025-03-10T00:04:56.882+0000] {dag.py:3239} INFO - Sync 1 DAGs
[2025-03-10T00:04:56.899+0000] {logging_mixin.py:190} INFO - [2025-03-10T00:04:56.899+0000] {dag.py:4180} INFO - Setting next_dagrun for example_kubernetes_executor to None, run_after=None
[2025-03-10T00:04:56.918+0000] {processor.py:208} INFO - Processing /home/airflow/.local/lib/python3.12/site-packages/airflow/example_dags/example_kubernetes_executor.py took 0.085 seconds
[2025-03-10T00:05:28.500+0000] {processor.py:186} INFO - Started process (PID=47674) to work on /home/airflow/.local/lib/python3.12/site-packages/airflow/example_dags/example_kubernetes_executor.py
[2025-03-10T00:05:28.501+0000] {processor.py:914} INFO - Processing file /home/airflow/.local/lib/python3.12/site-packages/airflow/example_dags/example_kubernetes_executor.py for tasks to queue
[2025-03-10T00:05:28.502+0000] {logging_mixin.py:190} INFO - [2025-03-10T00:05:28.502+0000] {dagbag.py:588} INFO - Filling up the DagBag from /home/airflow/.local/lib/python3.12/site-packages/airflow/example_dags/example_kubernetes_executor.py
[2025-03-10T00:05:28.515+0000] {processor.py:925} INFO - DAG(s) 'example_kubernetes_executor' retrieved from /home/airflow/.local/lib/python3.12/site-packages/airflow/example_dags/example_kubernetes_executor.py
[2025-03-10T00:05:28.541+0000] {logging_mixin.py:190} INFO - [2025-03-10T00:05:28.540+0000] {dag.py:3239} INFO - Sync 1 DAGs
[2025-03-10T00:05:28.554+0000] {logging_mixin.py:190} INFO - [2025-03-10T00:05:28.553+0000] {dag.py:4180} INFO - Setting next_dagrun for example_kubernetes_executor to None, run_after=None
[2025-03-10T00:05:28.576+0000] {processor.py:208} INFO - Processing /home/airflow/.local/lib/python3.12/site-packages/airflow/example_dags/example_kubernetes_executor.py took 0.081 seconds
[2025-03-10T00:06:00.810+0000] {processor.py:186} INFO - Started process (PID=47740) to work on /home/airflow/.local/lib/python3.12/site-packages/airflow/example_dags/example_kubernetes_executor.py
[2025-03-10T00:06:00.812+0000] {processor.py:914} INFO - Processing file /home/airflow/.local/lib/python3.12/site-packages/airflow/example_dags/example_kubernetes_executor.py for tasks to queue
[2025-03-10T00:06:00.813+0000] {logging_mixin.py:190} INFO - [2025-03-10T00:06:00.812+0000] {dagbag.py:588} INFO - Filling up the DagBag from /home/airflow/.local/lib/python3.12/site-packages/airflow/example_dags/example_kubernetes_executor.py
[2025-03-10T00:06:00.827+0000] {processor.py:925} INFO - DAG(s) 'example_kubernetes_executor' retrieved from /home/airflow/.local/lib/python3.12/site-packages/airflow/example_dags/example_kubernetes_executor.py
[2025-03-10T00:06:00.850+0000] {logging_mixin.py:190} INFO - [2025-03-10T00:06:00.849+0000] {dag.py:3239} INFO - Sync 1 DAGs
[2025-03-10T00:06:00.862+0000] {logging_mixin.py:190} INFO - [2025-03-10T00:06:00.862+0000] {dag.py:4180} INFO - Setting next_dagrun for example_kubernetes_executor to None, run_after=None
[2025-03-10T00:06:00.881+0000] {processor.py:208} INFO - Processing /home/airflow/.local/lib/python3.12/site-packages/airflow/example_dags/example_kubernetes_executor.py took 0.076 seconds
[2025-03-10T00:06:31.317+0000] {processor.py:186} INFO - Started process (PID=47809) to work on /home/airflow/.local/lib/python3.12/site-packages/airflow/example_dags/example_kubernetes_executor.py
[2025-03-10T00:06:31.319+0000] {processor.py:914} INFO - Processing file /home/airflow/.local/lib/python3.12/site-packages/airflow/example_dags/example_kubernetes_executor.py for tasks to queue
[2025-03-10T00:06:31.320+0000] {logging_mixin.py:190} INFO - [2025-03-10T00:06:31.320+0000] {dagbag.py:588} INFO - Filling up the DagBag from /home/airflow/.local/lib/python3.12/site-packages/airflow/example_dags/example_kubernetes_executor.py
[2025-03-10T00:06:31.335+0000] {processor.py:925} INFO - DAG(s) 'example_kubernetes_executor' retrieved from /home/airflow/.local/lib/python3.12/site-packages/airflow/example_dags/example_kubernetes_executor.py
[2025-03-10T00:06:31.362+0000] {logging_mixin.py:190} INFO - [2025-03-10T00:06:31.362+0000] {dag.py:3239} INFO - Sync 1 DAGs
[2025-03-10T00:06:31.377+0000] {logging_mixin.py:190} INFO - [2025-03-10T00:06:31.377+0000] {dag.py:4180} INFO - Setting next_dagrun for example_kubernetes_executor to None, run_after=None
[2025-03-10T00:06:31.400+0000] {processor.py:208} INFO - Processing /home/airflow/.local/lib/python3.12/site-packages/airflow/example_dags/example_kubernetes_executor.py took 0.089 seconds
[2025-03-10T00:07:03.529+0000] {processor.py:186} INFO - Started process (PID=47879) to work on /home/airflow/.local/lib/python3.12/site-packages/airflow/example_dags/example_kubernetes_executor.py
[2025-03-10T00:07:03.530+0000] {processor.py:914} INFO - Processing file /home/airflow/.local/lib/python3.12/site-packages/airflow/example_dags/example_kubernetes_executor.py for tasks to queue
[2025-03-10T00:07:03.532+0000] {logging_mixin.py:190} INFO - [2025-03-10T00:07:03.531+0000] {dagbag.py:588} INFO - Filling up the DagBag from /home/airflow/.local/lib/python3.12/site-packages/airflow/example_dags/example_kubernetes_executor.py
[2025-03-10T00:07:03.546+0000] {processor.py:925} INFO - DAG(s) 'example_kubernetes_executor' retrieved from /home/airflow/.local/lib/python3.12/site-packages/airflow/example_dags/example_kubernetes_executor.py
[2025-03-10T00:07:03.574+0000] {logging_mixin.py:190} INFO - [2025-03-10T00:07:03.574+0000] {dag.py:3239} INFO - Sync 1 DAGs
[2025-03-10T00:07:03.589+0000] {logging_mixin.py:190} INFO - [2025-03-10T00:07:03.589+0000] {dag.py:4180} INFO - Setting next_dagrun for example_kubernetes_executor to None, run_after=None
[2025-03-10T00:07:03.611+0000] {processor.py:208} INFO - Processing /home/airflow/.local/lib/python3.12/site-packages/airflow/example_dags/example_kubernetes_executor.py took 0.087 seconds
