[2025-03-10T00:00:10.619+0000] {processor.py:186} INFO - Started process (PID=46993) to work on /home/airflow/.local/lib/python3.12/site-packages/airflow/example_dags/example_outlet_event_extra.py
[2025-03-10T00:00:10.621+0000] {processor.py:914} INFO - Processing file /home/airflow/.local/lib/python3.12/site-packages/airflow/example_dags/example_outlet_event_extra.py for tasks to queue
[2025-03-10T00:00:10.622+0000] {logging_mixin.py:190} INFO - [2025-03-10T00:00:10.621+0000] {dagbag.py:588} INFO - Filling up the DagBag from /home/airflow/.local/lib/python3.12/site-packages/airflow/example_dags/example_outlet_event_extra.py
[2025-03-10T00:00:11.170+0000] {processor.py:925} INFO - DAG(s) 'dataset_with_extra_by_yield', 'dataset_with_extra_from_classic_operator', 'dataset_with_extra_by_context' retrieved from /home/airflow/.local/lib/python3.12/site-packages/airflow/example_dags/example_outlet_event_extra.py
[2025-03-10T00:00:11.195+0000] {logging_mixin.py:190} INFO - [2025-03-10T00:00:11.195+0000] {dag.py:3239} INFO - Sync 3 DAGs
[2025-03-10T00:00:11.219+0000] {logging_mixin.py:190} INFO - [2025-03-10T00:00:11.219+0000] {dag.py:4180} INFO - Setting next_dagrun for dataset_with_extra_by_context to 2025-03-09 00:00:00+00:00, run_after=2025-03-10 00:00:00+00:00
[2025-03-10T00:00:11.224+0000] {logging_mixin.py:190} INFO - [2025-03-10T00:00:11.224+0000] {dag.py:4180} INFO - Setting next_dagrun for dataset_with_extra_by_yield to 2025-03-09 00:00:00+00:00, run_after=2025-03-10 00:00:00+00:00
[2025-03-10T00:00:11.227+0000] {logging_mixin.py:190} INFO - [2025-03-10T00:00:11.227+0000] {dag.py:4180} INFO - Setting next_dagrun for dataset_with_extra_from_classic_operator to 2025-03-09 00:00:00+00:00, run_after=2025-03-10 00:00:00+00:00
[2025-03-10T00:00:11.250+0000] {processor.py:208} INFO - Processing /home/airflow/.local/lib/python3.12/site-packages/airflow/example_dags/example_outlet_event_extra.py took 0.636 seconds
[2025-03-10T00:00:42.442+0000] {processor.py:186} INFO - Started process (PID=47059) to work on /home/airflow/.local/lib/python3.12/site-packages/airflow/example_dags/example_outlet_event_extra.py
[2025-03-10T00:00:42.443+0000] {processor.py:914} INFO - Processing file /home/airflow/.local/lib/python3.12/site-packages/airflow/example_dags/example_outlet_event_extra.py for tasks to queue
[2025-03-10T00:00:42.444+0000] {logging_mixin.py:190} INFO - [2025-03-10T00:00:42.444+0000] {dagbag.py:588} INFO - Filling up the DagBag from /home/airflow/.local/lib/python3.12/site-packages/airflow/example_dags/example_outlet_event_extra.py
[2025-03-10T00:00:42.947+0000] {processor.py:925} INFO - DAG(s) 'dataset_with_extra_by_yield', 'dataset_with_extra_by_context', 'dataset_with_extra_from_classic_operator' retrieved from /home/airflow/.local/lib/python3.12/site-packages/airflow/example_dags/example_outlet_event_extra.py
[2025-03-10T00:00:42.974+0000] {logging_mixin.py:190} INFO - [2025-03-10T00:00:42.973+0000] {dag.py:3239} INFO - Sync 3 DAGs
[2025-03-10T00:00:42.998+0000] {logging_mixin.py:190} INFO - [2025-03-10T00:00:42.998+0000] {dag.py:4180} INFO - Setting next_dagrun for dataset_with_extra_by_context to 2025-03-09 00:00:00+00:00, run_after=2025-03-10 00:00:00+00:00
[2025-03-10T00:00:43.003+0000] {logging_mixin.py:190} INFO - [2025-03-10T00:00:43.003+0000] {dag.py:4180} INFO - Setting next_dagrun for dataset_with_extra_by_yield to 2025-03-09 00:00:00+00:00, run_after=2025-03-10 00:00:00+00:00
[2025-03-10T00:00:43.006+0000] {logging_mixin.py:190} INFO - [2025-03-10T00:00:43.006+0000] {dag.py:4180} INFO - Setting next_dagrun for dataset_with_extra_from_classic_operator to 2025-03-09 00:00:00+00:00, run_after=2025-03-10 00:00:00+00:00
[2025-03-10T00:00:43.028+0000] {processor.py:208} INFO - Processing /home/airflow/.local/lib/python3.12/site-packages/airflow/example_dags/example_outlet_event_extra.py took 0.591 seconds
[2025-03-10T00:01:14.321+0000] {processor.py:186} INFO - Started process (PID=47125) to work on /home/airflow/.local/lib/python3.12/site-packages/airflow/example_dags/example_outlet_event_extra.py
[2025-03-10T00:01:14.322+0000] {processor.py:914} INFO - Processing file /home/airflow/.local/lib/python3.12/site-packages/airflow/example_dags/example_outlet_event_extra.py for tasks to queue
[2025-03-10T00:01:14.323+0000] {logging_mixin.py:190} INFO - [2025-03-10T00:01:14.323+0000] {dagbag.py:588} INFO - Filling up the DagBag from /home/airflow/.local/lib/python3.12/site-packages/airflow/example_dags/example_outlet_event_extra.py
[2025-03-10T00:01:14.883+0000] {processor.py:925} INFO - DAG(s) 'dataset_with_extra_by_context', 'dataset_with_extra_from_classic_operator', 'dataset_with_extra_by_yield' retrieved from /home/airflow/.local/lib/python3.12/site-packages/airflow/example_dags/example_outlet_event_extra.py
[2025-03-10T00:01:14.912+0000] {logging_mixin.py:190} INFO - [2025-03-10T00:01:14.912+0000] {dag.py:3239} INFO - Sync 3 DAGs
[2025-03-10T00:01:14.936+0000] {logging_mixin.py:190} INFO - [2025-03-10T00:01:14.936+0000] {dag.py:4180} INFO - Setting next_dagrun for dataset_with_extra_by_context to 2025-03-09 00:00:00+00:00, run_after=2025-03-10 00:00:00+00:00
[2025-03-10T00:01:14.941+0000] {logging_mixin.py:190} INFO - [2025-03-10T00:01:14.941+0000] {dag.py:4180} INFO - Setting next_dagrun for dataset_with_extra_by_yield to 2025-03-09 00:00:00+00:00, run_after=2025-03-10 00:00:00+00:00
[2025-03-10T00:01:14.947+0000] {logging_mixin.py:190} INFO - [2025-03-10T00:01:14.946+0000] {dag.py:4180} INFO - Setting next_dagrun for dataset_with_extra_from_classic_operator to 2025-03-09 00:00:00+00:00, run_after=2025-03-10 00:00:00+00:00
[2025-03-10T00:01:14.971+0000] {processor.py:208} INFO - Processing /home/airflow/.local/lib/python3.12/site-packages/airflow/example_dags/example_outlet_event_extra.py took 0.656 seconds
[2025-03-10T00:01:46.122+0000] {processor.py:186} INFO - Started process (PID=47191) to work on /home/airflow/.local/lib/python3.12/site-packages/airflow/example_dags/example_outlet_event_extra.py
[2025-03-10T00:01:46.123+0000] {processor.py:914} INFO - Processing file /home/airflow/.local/lib/python3.12/site-packages/airflow/example_dags/example_outlet_event_extra.py for tasks to queue
[2025-03-10T00:01:46.124+0000] {logging_mixin.py:190} INFO - [2025-03-10T00:01:46.124+0000] {dagbag.py:588} INFO - Filling up the DagBag from /home/airflow/.local/lib/python3.12/site-packages/airflow/example_dags/example_outlet_event_extra.py
[2025-03-10T00:01:46.668+0000] {processor.py:925} INFO - DAG(s) 'dataset_with_extra_by_yield', 'dataset_with_extra_by_context', 'dataset_with_extra_from_classic_operator' retrieved from /home/airflow/.local/lib/python3.12/site-packages/airflow/example_dags/example_outlet_event_extra.py
[2025-03-10T00:01:46.692+0000] {logging_mixin.py:190} INFO - [2025-03-10T00:01:46.692+0000] {dag.py:3239} INFO - Sync 3 DAGs
[2025-03-10T00:01:46.716+0000] {logging_mixin.py:190} INFO - [2025-03-10T00:01:46.715+0000] {dag.py:4180} INFO - Setting next_dagrun for dataset_with_extra_by_context to 2025-03-09 00:00:00+00:00, run_after=2025-03-10 00:00:00+00:00
[2025-03-10T00:01:46.721+0000] {logging_mixin.py:190} INFO - [2025-03-10T00:01:46.721+0000] {dag.py:4180} INFO - Setting next_dagrun for dataset_with_extra_by_yield to 2025-03-09 00:00:00+00:00, run_after=2025-03-10 00:00:00+00:00
[2025-03-10T00:01:46.724+0000] {logging_mixin.py:190} INFO - [2025-03-10T00:01:46.723+0000] {dag.py:4180} INFO - Setting next_dagrun for dataset_with_extra_from_classic_operator to 2025-03-09 00:00:00+00:00, run_after=2025-03-10 00:00:00+00:00
[2025-03-10T00:01:46.750+0000] {processor.py:208} INFO - Processing /home/airflow/.local/lib/python3.12/site-packages/airflow/example_dags/example_outlet_event_extra.py took 0.633 seconds
[2025-03-10T00:02:17.320+0000] {processor.py:186} INFO - Started process (PID=47257) to work on /home/airflow/.local/lib/python3.12/site-packages/airflow/example_dags/example_outlet_event_extra.py
[2025-03-10T00:02:17.321+0000] {processor.py:914} INFO - Processing file /home/airflow/.local/lib/python3.12/site-packages/airflow/example_dags/example_outlet_event_extra.py for tasks to queue
[2025-03-10T00:02:17.322+0000] {logging_mixin.py:190} INFO - [2025-03-10T00:02:17.322+0000] {dagbag.py:588} INFO - Filling up the DagBag from /home/airflow/.local/lib/python3.12/site-packages/airflow/example_dags/example_outlet_event_extra.py
[2025-03-10T00:02:17.837+0000] {processor.py:925} INFO - DAG(s) 'dataset_with_extra_by_yield', 'dataset_with_extra_by_context', 'dataset_with_extra_from_classic_operator' retrieved from /home/airflow/.local/lib/python3.12/site-packages/airflow/example_dags/example_outlet_event_extra.py
[2025-03-10T00:02:17.860+0000] {logging_mixin.py:190} INFO - [2025-03-10T00:02:17.859+0000] {dag.py:3239} INFO - Sync 3 DAGs
[2025-03-10T00:02:17.882+0000] {logging_mixin.py:190} INFO - [2025-03-10T00:02:17.882+0000] {dag.py:4180} INFO - Setting next_dagrun for dataset_with_extra_by_context to 2025-03-09 00:00:00+00:00, run_after=2025-03-10 00:00:00+00:00
[2025-03-10T00:02:17.888+0000] {logging_mixin.py:190} INFO - [2025-03-10T00:02:17.888+0000] {dag.py:4180} INFO - Setting next_dagrun for dataset_with_extra_by_yield to 2025-03-09 00:00:00+00:00, run_after=2025-03-10 00:00:00+00:00
[2025-03-10T00:02:17.891+0000] {logging_mixin.py:190} INFO - [2025-03-10T00:02:17.891+0000] {dag.py:4180} INFO - Setting next_dagrun for dataset_with_extra_from_classic_operator to 2025-03-09 00:00:00+00:00, run_after=2025-03-10 00:00:00+00:00
[2025-03-10T00:02:17.916+0000] {processor.py:208} INFO - Processing /home/airflow/.local/lib/python3.12/site-packages/airflow/example_dags/example_outlet_event_extra.py took 0.601 seconds
[2025-03-10T00:02:48.895+0000] {processor.py:186} INFO - Started process (PID=47323) to work on /home/airflow/.local/lib/python3.12/site-packages/airflow/example_dags/example_outlet_event_extra.py
[2025-03-10T00:02:48.897+0000] {processor.py:914} INFO - Processing file /home/airflow/.local/lib/python3.12/site-packages/airflow/example_dags/example_outlet_event_extra.py for tasks to queue
[2025-03-10T00:02:48.898+0000] {logging_mixin.py:190} INFO - [2025-03-10T00:02:48.898+0000] {dagbag.py:588} INFO - Filling up the DagBag from /home/airflow/.local/lib/python3.12/site-packages/airflow/example_dags/example_outlet_event_extra.py
[2025-03-10T00:02:49.527+0000] {processor.py:925} INFO - DAG(s) 'dataset_with_extra_by_context', 'dataset_with_extra_by_yield', 'dataset_with_extra_from_classic_operator' retrieved from /home/airflow/.local/lib/python3.12/site-packages/airflow/example_dags/example_outlet_event_extra.py
[2025-03-10T00:02:49.554+0000] {logging_mixin.py:190} INFO - [2025-03-10T00:02:49.554+0000] {dag.py:3239} INFO - Sync 3 DAGs
[2025-03-10T00:02:49.591+0000] {logging_mixin.py:190} INFO - [2025-03-10T00:02:49.591+0000] {dag.py:4180} INFO - Setting next_dagrun for dataset_with_extra_by_context to 2025-03-09 00:00:00+00:00, run_after=2025-03-10 00:00:00+00:00
[2025-03-10T00:02:49.597+0000] {logging_mixin.py:190} INFO - [2025-03-10T00:02:49.596+0000] {dag.py:4180} INFO - Setting next_dagrun for dataset_with_extra_by_yield to 2025-03-09 00:00:00+00:00, run_after=2025-03-10 00:00:00+00:00
[2025-03-10T00:02:49.600+0000] {logging_mixin.py:190} INFO - [2025-03-10T00:02:49.600+0000] {dag.py:4180} INFO - Setting next_dagrun for dataset_with_extra_from_classic_operator to 2025-03-09 00:00:00+00:00, run_after=2025-03-10 00:00:00+00:00
[2025-03-10T00:02:49.624+0000] {processor.py:208} INFO - Processing /home/airflow/.local/lib/python3.12/site-packages/airflow/example_dags/example_outlet_event_extra.py took 0.736 seconds
[2025-03-10T00:03:20.035+0000] {processor.py:186} INFO - Started process (PID=47389) to work on /home/airflow/.local/lib/python3.12/site-packages/airflow/example_dags/example_outlet_event_extra.py
[2025-03-10T00:03:20.036+0000] {processor.py:914} INFO - Processing file /home/airflow/.local/lib/python3.12/site-packages/airflow/example_dags/example_outlet_event_extra.py for tasks to queue
[2025-03-10T00:03:20.037+0000] {logging_mixin.py:190} INFO - [2025-03-10T00:03:20.037+0000] {dagbag.py:588} INFO - Filling up the DagBag from /home/airflow/.local/lib/python3.12/site-packages/airflow/example_dags/example_outlet_event_extra.py
[2025-03-10T00:03:20.608+0000] {processor.py:925} INFO - DAG(s) 'dataset_with_extra_from_classic_operator', 'dataset_with_extra_by_yield', 'dataset_with_extra_by_context' retrieved from /home/airflow/.local/lib/python3.12/site-packages/airflow/example_dags/example_outlet_event_extra.py
[2025-03-10T00:03:20.636+0000] {logging_mixin.py:190} INFO - [2025-03-10T00:03:20.636+0000] {dag.py:3239} INFO - Sync 3 DAGs
[2025-03-10T00:03:20.659+0000] {logging_mixin.py:190} INFO - [2025-03-10T00:03:20.659+0000] {dag.py:4180} INFO - Setting next_dagrun for dataset_with_extra_by_context to 2025-03-09 00:00:00+00:00, run_after=2025-03-10 00:00:00+00:00
[2025-03-10T00:03:20.665+0000] {logging_mixin.py:190} INFO - [2025-03-10T00:03:20.665+0000] {dag.py:4180} INFO - Setting next_dagrun for dataset_with_extra_by_yield to 2025-03-09 00:00:00+00:00, run_after=2025-03-10 00:00:00+00:00
[2025-03-10T00:03:20.669+0000] {logging_mixin.py:190} INFO - [2025-03-10T00:03:20.669+0000] {dag.py:4180} INFO - Setting next_dagrun for dataset_with_extra_from_classic_operator to 2025-03-09 00:00:00+00:00, run_after=2025-03-10 00:00:00+00:00
[2025-03-10T00:03:20.698+0000] {processor.py:208} INFO - Processing /home/airflow/.local/lib/python3.12/site-packages/airflow/example_dags/example_outlet_event_extra.py took 0.668 seconds
[2025-03-10T00:03:51.594+0000] {processor.py:186} INFO - Started process (PID=47455) to work on /home/airflow/.local/lib/python3.12/site-packages/airflow/example_dags/example_outlet_event_extra.py
[2025-03-10T00:03:51.596+0000] {processor.py:914} INFO - Processing file /home/airflow/.local/lib/python3.12/site-packages/airflow/example_dags/example_outlet_event_extra.py for tasks to queue
[2025-03-10T00:03:51.597+0000] {logging_mixin.py:190} INFO - [2025-03-10T00:03:51.597+0000] {dagbag.py:588} INFO - Filling up the DagBag from /home/airflow/.local/lib/python3.12/site-packages/airflow/example_dags/example_outlet_event_extra.py
[2025-03-10T00:03:52.123+0000] {processor.py:925} INFO - DAG(s) 'dataset_with_extra_by_context', 'dataset_with_extra_by_yield', 'dataset_with_extra_from_classic_operator' retrieved from /home/airflow/.local/lib/python3.12/site-packages/airflow/example_dags/example_outlet_event_extra.py
[2025-03-10T00:03:52.148+0000] {logging_mixin.py:190} INFO - [2025-03-10T00:03:52.147+0000] {dag.py:3239} INFO - Sync 3 DAGs
[2025-03-10T00:03:52.172+0000] {logging_mixin.py:190} INFO - [2025-03-10T00:03:52.172+0000] {dag.py:4180} INFO - Setting next_dagrun for dataset_with_extra_by_context to 2025-03-09 00:00:00+00:00, run_after=2025-03-10 00:00:00+00:00
[2025-03-10T00:03:52.178+0000] {logging_mixin.py:190} INFO - [2025-03-10T00:03:52.178+0000] {dag.py:4180} INFO - Setting next_dagrun for dataset_with_extra_by_yield to 2025-03-09 00:00:00+00:00, run_after=2025-03-10 00:00:00+00:00
[2025-03-10T00:03:52.181+0000] {logging_mixin.py:190} INFO - [2025-03-10T00:03:52.181+0000] {dag.py:4180} INFO - Setting next_dagrun for dataset_with_extra_from_classic_operator to 2025-03-09 00:00:00+00:00, run_after=2025-03-10 00:00:00+00:00
[2025-03-10T00:03:52.206+0000] {processor.py:208} INFO - Processing /home/airflow/.local/lib/python3.12/site-packages/airflow/example_dags/example_outlet_event_extra.py took 0.616 seconds
[2025-03-10T00:04:23.197+0000] {processor.py:186} INFO - Started process (PID=47521) to work on /home/airflow/.local/lib/python3.12/site-packages/airflow/example_dags/example_outlet_event_extra.py
[2025-03-10T00:04:23.199+0000] {processor.py:914} INFO - Processing file /home/airflow/.local/lib/python3.12/site-packages/airflow/example_dags/example_outlet_event_extra.py for tasks to queue
[2025-03-10T00:04:23.200+0000] {logging_mixin.py:190} INFO - [2025-03-10T00:04:23.199+0000] {dagbag.py:588} INFO - Filling up the DagBag from /home/airflow/.local/lib/python3.12/site-packages/airflow/example_dags/example_outlet_event_extra.py
[2025-03-10T00:04:23.819+0000] {processor.py:925} INFO - DAG(s) 'dataset_with_extra_from_classic_operator', 'dataset_with_extra_by_yield', 'dataset_with_extra_by_context' retrieved from /home/airflow/.local/lib/python3.12/site-packages/airflow/example_dags/example_outlet_event_extra.py
[2025-03-10T00:04:23.849+0000] {logging_mixin.py:190} INFO - [2025-03-10T00:04:23.849+0000] {dag.py:3239} INFO - Sync 3 DAGs
[2025-03-10T00:04:23.877+0000] {logging_mixin.py:190} INFO - [2025-03-10T00:04:23.876+0000] {dag.py:4180} INFO - Setting next_dagrun for dataset_with_extra_by_context to 2025-03-09 00:00:00+00:00, run_after=2025-03-10 00:00:00+00:00
[2025-03-10T00:04:23.883+0000] {logging_mixin.py:190} INFO - [2025-03-10T00:04:23.883+0000] {dag.py:4180} INFO - Setting next_dagrun for dataset_with_extra_by_yield to 2025-03-09 00:00:00+00:00, run_after=2025-03-10 00:00:00+00:00
[2025-03-10T00:04:23.887+0000] {logging_mixin.py:190} INFO - [2025-03-10T00:04:23.886+0000] {dag.py:4180} INFO - Setting next_dagrun for dataset_with_extra_from_classic_operator to 2025-03-09 00:00:00+00:00, run_after=2025-03-10 00:00:00+00:00
[2025-03-10T00:04:23.912+0000] {processor.py:208} INFO - Processing /home/airflow/.local/lib/python3.12/site-packages/airflow/example_dags/example_outlet_event_extra.py took 0.721 seconds
[2025-03-10T00:04:54.658+0000] {processor.py:186} INFO - Started process (PID=47587) to work on /home/airflow/.local/lib/python3.12/site-packages/airflow/example_dags/example_outlet_event_extra.py
[2025-03-10T00:04:54.660+0000] {processor.py:914} INFO - Processing file /home/airflow/.local/lib/python3.12/site-packages/airflow/example_dags/example_outlet_event_extra.py for tasks to queue
[2025-03-10T00:04:54.662+0000] {logging_mixin.py:190} INFO - [2025-03-10T00:04:54.661+0000] {dagbag.py:588} INFO - Filling up the DagBag from /home/airflow/.local/lib/python3.12/site-packages/airflow/example_dags/example_outlet_event_extra.py
[2025-03-10T00:04:55.337+0000] {processor.py:925} INFO - DAG(s) 'dataset_with_extra_by_yield', 'dataset_with_extra_by_context', 'dataset_with_extra_from_classic_operator' retrieved from /home/airflow/.local/lib/python3.12/site-packages/airflow/example_dags/example_outlet_event_extra.py
[2025-03-10T00:04:55.364+0000] {logging_mixin.py:190} INFO - [2025-03-10T00:04:55.363+0000] {dag.py:3239} INFO - Sync 3 DAGs
[2025-03-10T00:04:55.391+0000] {logging_mixin.py:190} INFO - [2025-03-10T00:04:55.391+0000] {dag.py:4180} INFO - Setting next_dagrun for dataset_with_extra_by_context to 2025-03-09 00:00:00+00:00, run_after=2025-03-10 00:00:00+00:00
[2025-03-10T00:04:55.397+0000] {logging_mixin.py:190} INFO - [2025-03-10T00:04:55.397+0000] {dag.py:4180} INFO - Setting next_dagrun for dataset_with_extra_by_yield to 2025-03-09 00:00:00+00:00, run_after=2025-03-10 00:00:00+00:00
[2025-03-10T00:04:55.400+0000] {logging_mixin.py:190} INFO - [2025-03-10T00:04:55.400+0000] {dag.py:4180} INFO - Setting next_dagrun for dataset_with_extra_from_classic_operator to 2025-03-09 00:00:00+00:00, run_after=2025-03-10 00:00:00+00:00
[2025-03-10T00:04:55.424+0000] {processor.py:208} INFO - Processing /home/airflow/.local/lib/python3.12/site-packages/airflow/example_dags/example_outlet_event_extra.py took 0.772 seconds
[2025-03-10T00:05:26.484+0000] {processor.py:186} INFO - Started process (PID=47653) to work on /home/airflow/.local/lib/python3.12/site-packages/airflow/example_dags/example_outlet_event_extra.py
[2025-03-10T00:05:26.485+0000] {processor.py:914} INFO - Processing file /home/airflow/.local/lib/python3.12/site-packages/airflow/example_dags/example_outlet_event_extra.py for tasks to queue
[2025-03-10T00:05:26.487+0000] {logging_mixin.py:190} INFO - [2025-03-10T00:05:26.487+0000] {dagbag.py:588} INFO - Filling up the DagBag from /home/airflow/.local/lib/python3.12/site-packages/airflow/example_dags/example_outlet_event_extra.py
[2025-03-10T00:05:26.999+0000] {processor.py:925} INFO - DAG(s) 'dataset_with_extra_by_yield', 'dataset_with_extra_by_context', 'dataset_with_extra_from_classic_operator' retrieved from /home/airflow/.local/lib/python3.12/site-packages/airflow/example_dags/example_outlet_event_extra.py
[2025-03-10T00:05:27.023+0000] {logging_mixin.py:190} INFO - [2025-03-10T00:05:27.023+0000] {dag.py:3239} INFO - Sync 3 DAGs
[2025-03-10T00:05:27.047+0000] {logging_mixin.py:190} INFO - [2025-03-10T00:05:27.046+0000] {dag.py:4180} INFO - Setting next_dagrun for dataset_with_extra_by_context to 2025-03-09 00:00:00+00:00, run_after=2025-03-10 00:00:00+00:00
[2025-03-10T00:05:27.052+0000] {logging_mixin.py:190} INFO - [2025-03-10T00:05:27.052+0000] {dag.py:4180} INFO - Setting next_dagrun for dataset_with_extra_by_yield to 2025-03-09 00:00:00+00:00, run_after=2025-03-10 00:00:00+00:00
[2025-03-10T00:05:27.055+0000] {logging_mixin.py:190} INFO - [2025-03-10T00:05:27.055+0000] {dag.py:4180} INFO - Setting next_dagrun for dataset_with_extra_from_classic_operator to 2025-03-09 00:00:00+00:00, run_after=2025-03-10 00:00:00+00:00
[2025-03-10T00:05:27.077+0000] {processor.py:208} INFO - Processing /home/airflow/.local/lib/python3.12/site-packages/airflow/example_dags/example_outlet_event_extra.py took 0.599 seconds
[2025-03-10T00:05:58.152+0000] {processor.py:186} INFO - Started process (PID=47719) to work on /home/airflow/.local/lib/python3.12/site-packages/airflow/example_dags/example_outlet_event_extra.py
[2025-03-10T00:05:58.154+0000] {processor.py:914} INFO - Processing file /home/airflow/.local/lib/python3.12/site-packages/airflow/example_dags/example_outlet_event_extra.py for tasks to queue
[2025-03-10T00:05:58.156+0000] {logging_mixin.py:190} INFO - [2025-03-10T00:05:58.155+0000] {dagbag.py:588} INFO - Filling up the DagBag from /home/airflow/.local/lib/python3.12/site-packages/airflow/example_dags/example_outlet_event_extra.py
[2025-03-10T00:05:58.833+0000] {processor.py:925} INFO - DAG(s) 'dataset_with_extra_from_classic_operator', 'dataset_with_extra_by_yield', 'dataset_with_extra_by_context' retrieved from /home/airflow/.local/lib/python3.12/site-packages/airflow/example_dags/example_outlet_event_extra.py
[2025-03-10T00:05:58.862+0000] {logging_mixin.py:190} INFO - [2025-03-10T00:05:58.861+0000] {dag.py:3239} INFO - Sync 3 DAGs
[2025-03-10T00:05:58.887+0000] {logging_mixin.py:190} INFO - [2025-03-10T00:05:58.887+0000] {dag.py:4180} INFO - Setting next_dagrun for dataset_with_extra_by_context to 2025-03-09 00:00:00+00:00, run_after=2025-03-10 00:00:00+00:00
[2025-03-10T00:05:58.894+0000] {logging_mixin.py:190} INFO - [2025-03-10T00:05:58.893+0000] {dag.py:4180} INFO - Setting next_dagrun for dataset_with_extra_by_yield to 2025-03-09 00:00:00+00:00, run_after=2025-03-10 00:00:00+00:00
[2025-03-10T00:05:58.897+0000] {logging_mixin.py:190} INFO - [2025-03-10T00:05:58.897+0000] {dag.py:4180} INFO - Setting next_dagrun for dataset_with_extra_from_classic_operator to 2025-03-09 00:00:00+00:00, run_after=2025-03-10 00:00:00+00:00
[2025-03-10T00:05:58.922+0000] {processor.py:208} INFO - Processing /home/airflow/.local/lib/python3.12/site-packages/airflow/example_dags/example_outlet_event_extra.py took 0.776 seconds
[2025-03-10T00:06:29.021+0000] {processor.py:186} INFO - Started process (PID=47788) to work on /home/airflow/.local/lib/python3.12/site-packages/airflow/example_dags/example_outlet_event_extra.py
[2025-03-10T00:06:29.023+0000] {processor.py:914} INFO - Processing file /home/airflow/.local/lib/python3.12/site-packages/airflow/example_dags/example_outlet_event_extra.py for tasks to queue
[2025-03-10T00:06:29.024+0000] {logging_mixin.py:190} INFO - [2025-03-10T00:06:29.024+0000] {dagbag.py:588} INFO - Filling up the DagBag from /home/airflow/.local/lib/python3.12/site-packages/airflow/example_dags/example_outlet_event_extra.py
[2025-03-10T00:06:29.692+0000] {processor.py:925} INFO - DAG(s) 'dataset_with_extra_by_yield', 'dataset_with_extra_by_context', 'dataset_with_extra_from_classic_operator' retrieved from /home/airflow/.local/lib/python3.12/site-packages/airflow/example_dags/example_outlet_event_extra.py
[2025-03-10T00:06:29.718+0000] {logging_mixin.py:190} INFO - [2025-03-10T00:06:29.717+0000] {dag.py:3239} INFO - Sync 3 DAGs
[2025-03-10T00:06:29.743+0000] {logging_mixin.py:190} INFO - [2025-03-10T00:06:29.743+0000] {dag.py:4180} INFO - Setting next_dagrun for dataset_with_extra_by_context to 2025-03-09 00:00:00+00:00, run_after=2025-03-10 00:00:00+00:00
[2025-03-10T00:06:29.748+0000] {logging_mixin.py:190} INFO - [2025-03-10T00:06:29.748+0000] {dag.py:4180} INFO - Setting next_dagrun for dataset_with_extra_by_yield to 2025-03-09 00:00:00+00:00, run_after=2025-03-10 00:00:00+00:00
[2025-03-10T00:06:29.751+0000] {logging_mixin.py:190} INFO - [2025-03-10T00:06:29.750+0000] {dag.py:4180} INFO - Setting next_dagrun for dataset_with_extra_from_classic_operator to 2025-03-09 00:00:00+00:00, run_after=2025-03-10 00:00:00+00:00
[2025-03-10T00:06:29.774+0000] {processor.py:208} INFO - Processing /home/airflow/.local/lib/python3.12/site-packages/airflow/example_dags/example_outlet_event_extra.py took 0.759 seconds
[2025-03-10T00:07:01.228+0000] {processor.py:186} INFO - Started process (PID=47858) to work on /home/airflow/.local/lib/python3.12/site-packages/airflow/example_dags/example_outlet_event_extra.py
[2025-03-10T00:07:01.229+0000] {processor.py:914} INFO - Processing file /home/airflow/.local/lib/python3.12/site-packages/airflow/example_dags/example_outlet_event_extra.py for tasks to queue
[2025-03-10T00:07:01.230+0000] {logging_mixin.py:190} INFO - [2025-03-10T00:07:01.230+0000] {dagbag.py:588} INFO - Filling up the DagBag from /home/airflow/.local/lib/python3.12/site-packages/airflow/example_dags/example_outlet_event_extra.py
[2025-03-10T00:07:01.886+0000] {processor.py:925} INFO - DAG(s) 'dataset_with_extra_by_yield', 'dataset_with_extra_by_context', 'dataset_with_extra_from_classic_operator' retrieved from /home/airflow/.local/lib/python3.12/site-packages/airflow/example_dags/example_outlet_event_extra.py
[2025-03-10T00:07:01.943+0000] {logging_mixin.py:190} INFO - [2025-03-10T00:07:01.943+0000] {dag.py:3239} INFO - Sync 3 DAGs
[2025-03-10T00:07:01.992+0000] {logging_mixin.py:190} INFO - [2025-03-10T00:07:01.991+0000] {dag.py:4180} INFO - Setting next_dagrun for dataset_with_extra_by_context to 2025-03-09 00:00:00+00:00, run_after=2025-03-10 00:00:00+00:00
[2025-03-10T00:07:01.999+0000] {logging_mixin.py:190} INFO - [2025-03-10T00:07:01.999+0000] {dag.py:4180} INFO - Setting next_dagrun for dataset_with_extra_by_yield to 2025-03-09 00:00:00+00:00, run_after=2025-03-10 00:00:00+00:00
[2025-03-10T00:07:02.004+0000] {logging_mixin.py:190} INFO - [2025-03-10T00:07:02.003+0000] {dag.py:4180} INFO - Setting next_dagrun for dataset_with_extra_from_classic_operator to 2025-03-09 00:00:00+00:00, run_after=2025-03-10 00:00:00+00:00
[2025-03-10T00:07:02.038+0000] {processor.py:208} INFO - Processing /home/airflow/.local/lib/python3.12/site-packages/airflow/example_dags/example_outlet_event_extra.py took 0.815 seconds
