[2025-03-10T00:00:14.959+0000] {processor.py:186} INFO - Started process (PID=47039) to work on /home/airflow/.local/lib/python3.12/site-packages/airflow/example_dags/example_task_group_decorator.py
[2025-03-10T00:00:14.960+0000] {processor.py:914} INFO - Processing file /home/airflow/.local/lib/python3.12/site-packages/airflow/example_dags/example_task_group_decorator.py for tasks to queue
[2025-03-10T00:00:14.961+0000] {logging_mixin.py:190} INFO - [2025-03-10T00:00:14.961+0000] {dagbag.py:588} INFO - Filling up the DagBag from /home/airflow/.local/lib/python3.12/site-packages/airflow/example_dags/example_task_group_decorator.py
[2025-03-10T00:00:14.982+0000] {processor.py:925} INFO - DAG(s) 'example_task_group_decorator' retrieved from /home/airflow/.local/lib/python3.12/site-packages/airflow/example_dags/example_task_group_decorator.py
[2025-03-10T00:00:15.007+0000] {logging_mixin.py:190} INFO - [2025-03-10T00:00:15.007+0000] {dag.py:3239} INFO - Sync 1 DAGs
[2025-03-10T00:00:15.021+0000] {logging_mixin.py:190} INFO - [2025-03-10T00:00:15.020+0000] {dag.py:4180} INFO - Setting next_dagrun for example_task_group_decorator to None, run_after=None
[2025-03-10T00:00:15.039+0000] {processor.py:208} INFO - Processing /home/airflow/.local/lib/python3.12/site-packages/airflow/example_dags/example_task_group_decorator.py took 0.086 seconds
[2025-03-10T00:00:46.743+0000] {processor.py:186} INFO - Started process (PID=47105) to work on /home/airflow/.local/lib/python3.12/site-packages/airflow/example_dags/example_task_group_decorator.py
[2025-03-10T00:00:46.745+0000] {processor.py:914} INFO - Processing file /home/airflow/.local/lib/python3.12/site-packages/airflow/example_dags/example_task_group_decorator.py for tasks to queue
[2025-03-10T00:00:46.747+0000] {logging_mixin.py:190} INFO - [2025-03-10T00:00:46.747+0000] {dagbag.py:588} INFO - Filling up the DagBag from /home/airflow/.local/lib/python3.12/site-packages/airflow/example_dags/example_task_group_decorator.py
[2025-03-10T00:00:46.771+0000] {processor.py:925} INFO - DAG(s) 'example_task_group_decorator' retrieved from /home/airflow/.local/lib/python3.12/site-packages/airflow/example_dags/example_task_group_decorator.py
[2025-03-10T00:00:46.802+0000] {logging_mixin.py:190} INFO - [2025-03-10T00:00:46.801+0000] {dag.py:3239} INFO - Sync 1 DAGs
[2025-03-10T00:00:46.827+0000] {logging_mixin.py:190} INFO - [2025-03-10T00:00:46.826+0000] {dag.py:4180} INFO - Setting next_dagrun for example_task_group_decorator to None, run_after=None
[2025-03-10T00:00:46.861+0000] {processor.py:208} INFO - Processing /home/airflow/.local/lib/python3.12/site-packages/airflow/example_dags/example_task_group_decorator.py took 0.127 seconds
[2025-03-10T00:01:18.637+0000] {processor.py:186} INFO - Started process (PID=47171) to work on /home/airflow/.local/lib/python3.12/site-packages/airflow/example_dags/example_task_group_decorator.py
[2025-03-10T00:01:18.639+0000] {processor.py:914} INFO - Processing file /home/airflow/.local/lib/python3.12/site-packages/airflow/example_dags/example_task_group_decorator.py for tasks to queue
[2025-03-10T00:01:18.642+0000] {logging_mixin.py:190} INFO - [2025-03-10T00:01:18.641+0000] {dagbag.py:588} INFO - Filling up the DagBag from /home/airflow/.local/lib/python3.12/site-packages/airflow/example_dags/example_task_group_decorator.py
[2025-03-10T00:01:18.662+0000] {processor.py:925} INFO - DAG(s) 'example_task_group_decorator' retrieved from /home/airflow/.local/lib/python3.12/site-packages/airflow/example_dags/example_task_group_decorator.py
[2025-03-10T00:01:18.699+0000] {logging_mixin.py:190} INFO - [2025-03-10T00:01:18.698+0000] {dag.py:3239} INFO - Sync 1 DAGs
[2025-03-10T00:01:18.721+0000] {logging_mixin.py:190} INFO - [2025-03-10T00:01:18.720+0000] {dag.py:4180} INFO - Setting next_dagrun for example_task_group_decorator to None, run_after=None
[2025-03-10T00:01:18.752+0000] {processor.py:208} INFO - Processing /home/airflow/.local/lib/python3.12/site-packages/airflow/example_dags/example_task_group_decorator.py took 0.122 seconds
[2025-03-10T00:01:51.736+0000] {processor.py:186} INFO - Started process (PID=47237) to work on /home/airflow/.local/lib/python3.12/site-packages/airflow/example_dags/example_task_group_decorator.py
[2025-03-10T00:01:51.738+0000] {processor.py:914} INFO - Processing file /home/airflow/.local/lib/python3.12/site-packages/airflow/example_dags/example_task_group_decorator.py for tasks to queue
[2025-03-10T00:01:51.739+0000] {logging_mixin.py:190} INFO - [2025-03-10T00:01:51.739+0000] {dagbag.py:588} INFO - Filling up the DagBag from /home/airflow/.local/lib/python3.12/site-packages/airflow/example_dags/example_task_group_decorator.py
[2025-03-10T00:01:51.756+0000] {processor.py:925} INFO - DAG(s) 'example_task_group_decorator' retrieved from /home/airflow/.local/lib/python3.12/site-packages/airflow/example_dags/example_task_group_decorator.py
[2025-03-10T00:01:51.787+0000] {logging_mixin.py:190} INFO - [2025-03-10T00:01:51.786+0000] {dag.py:3239} INFO - Sync 1 DAGs
[2025-03-10T00:01:51.803+0000] {logging_mixin.py:190} INFO - [2025-03-10T00:01:51.802+0000] {dag.py:4180} INFO - Setting next_dagrun for example_task_group_decorator to None, run_after=None
[2025-03-10T00:01:51.838+0000] {processor.py:208} INFO - Processing /home/airflow/.local/lib/python3.12/site-packages/airflow/example_dags/example_task_group_decorator.py took 0.110 seconds
[2025-03-10T00:02:22.440+0000] {processor.py:186} INFO - Started process (PID=47303) to work on /home/airflow/.local/lib/python3.12/site-packages/airflow/example_dags/example_task_group_decorator.py
[2025-03-10T00:02:22.441+0000] {processor.py:914} INFO - Processing file /home/airflow/.local/lib/python3.12/site-packages/airflow/example_dags/example_task_group_decorator.py for tasks to queue
[2025-03-10T00:02:22.443+0000] {logging_mixin.py:190} INFO - [2025-03-10T00:02:22.442+0000] {dagbag.py:588} INFO - Filling up the DagBag from /home/airflow/.local/lib/python3.12/site-packages/airflow/example_dags/example_task_group_decorator.py
[2025-03-10T00:02:22.455+0000] {processor.py:925} INFO - DAG(s) 'example_task_group_decorator' retrieved from /home/airflow/.local/lib/python3.12/site-packages/airflow/example_dags/example_task_group_decorator.py
[2025-03-10T00:02:22.480+0000] {logging_mixin.py:190} INFO - [2025-03-10T00:02:22.480+0000] {dag.py:3239} INFO - Sync 1 DAGs
[2025-03-10T00:02:22.494+0000] {logging_mixin.py:190} INFO - [2025-03-10T00:02:22.494+0000] {dag.py:4180} INFO - Setting next_dagrun for example_task_group_decorator to None, run_after=None
[2025-03-10T00:02:22.514+0000] {processor.py:208} INFO - Processing /home/airflow/.local/lib/python3.12/site-packages/airflow/example_dags/example_task_group_decorator.py took 0.079 seconds
[2025-03-10T00:02:53.460+0000] {processor.py:186} INFO - Started process (PID=47369) to work on /home/airflow/.local/lib/python3.12/site-packages/airflow/example_dags/example_task_group_decorator.py
[2025-03-10T00:02:53.461+0000] {processor.py:914} INFO - Processing file /home/airflow/.local/lib/python3.12/site-packages/airflow/example_dags/example_task_group_decorator.py for tasks to queue
[2025-03-10T00:02:53.462+0000] {logging_mixin.py:190} INFO - [2025-03-10T00:02:53.462+0000] {dagbag.py:588} INFO - Filling up the DagBag from /home/airflow/.local/lib/python3.12/site-packages/airflow/example_dags/example_task_group_decorator.py
[2025-03-10T00:02:53.476+0000] {processor.py:925} INFO - DAG(s) 'example_task_group_decorator' retrieved from /home/airflow/.local/lib/python3.12/site-packages/airflow/example_dags/example_task_group_decorator.py
[2025-03-10T00:02:53.498+0000] {logging_mixin.py:190} INFO - [2025-03-10T00:02:53.498+0000] {dag.py:3239} INFO - Sync 1 DAGs
[2025-03-10T00:02:53.510+0000] {logging_mixin.py:190} INFO - [2025-03-10T00:02:53.510+0000] {dag.py:4180} INFO - Setting next_dagrun for example_task_group_decorator to None, run_after=None
[2025-03-10T00:02:53.529+0000] {processor.py:208} INFO - Processing /home/airflow/.local/lib/python3.12/site-packages/airflow/example_dags/example_task_group_decorator.py took 0.073 seconds
[2025-03-10T00:03:24.112+0000] {processor.py:186} INFO - Started process (PID=47435) to work on /home/airflow/.local/lib/python3.12/site-packages/airflow/example_dags/example_task_group_decorator.py
[2025-03-10T00:03:24.113+0000] {processor.py:914} INFO - Processing file /home/airflow/.local/lib/python3.12/site-packages/airflow/example_dags/example_task_group_decorator.py for tasks to queue
[2025-03-10T00:03:24.115+0000] {logging_mixin.py:190} INFO - [2025-03-10T00:03:24.114+0000] {dagbag.py:588} INFO - Filling up the DagBag from /home/airflow/.local/lib/python3.12/site-packages/airflow/example_dags/example_task_group_decorator.py
[2025-03-10T00:03:24.128+0000] {processor.py:925} INFO - DAG(s) 'example_task_group_decorator' retrieved from /home/airflow/.local/lib/python3.12/site-packages/airflow/example_dags/example_task_group_decorator.py
[2025-03-10T00:03:24.151+0000] {logging_mixin.py:190} INFO - [2025-03-10T00:03:24.151+0000] {dag.py:3239} INFO - Sync 1 DAGs
[2025-03-10T00:03:24.165+0000] {logging_mixin.py:190} INFO - [2025-03-10T00:03:24.165+0000] {dag.py:4180} INFO - Setting next_dagrun for example_task_group_decorator to None, run_after=None
[2025-03-10T00:03:24.184+0000] {processor.py:208} INFO - Processing /home/airflow/.local/lib/python3.12/site-packages/airflow/example_dags/example_task_group_decorator.py took 0.076 seconds
[2025-03-10T00:03:56.380+0000] {processor.py:186} INFO - Started process (PID=47501) to work on /home/airflow/.local/lib/python3.12/site-packages/airflow/example_dags/example_task_group_decorator.py
[2025-03-10T00:03:56.381+0000] {processor.py:914} INFO - Processing file /home/airflow/.local/lib/python3.12/site-packages/airflow/example_dags/example_task_group_decorator.py for tasks to queue
[2025-03-10T00:03:56.383+0000] {logging_mixin.py:190} INFO - [2025-03-10T00:03:56.382+0000] {dagbag.py:588} INFO - Filling up the DagBag from /home/airflow/.local/lib/python3.12/site-packages/airflow/example_dags/example_task_group_decorator.py
[2025-03-10T00:03:56.402+0000] {processor.py:925} INFO - DAG(s) 'example_task_group_decorator' retrieved from /home/airflow/.local/lib/python3.12/site-packages/airflow/example_dags/example_task_group_decorator.py
[2025-03-10T00:03:56.433+0000] {logging_mixin.py:190} INFO - [2025-03-10T00:03:56.432+0000] {dag.py:3239} INFO - Sync 1 DAGs
[2025-03-10T00:03:56.453+0000] {logging_mixin.py:190} INFO - [2025-03-10T00:03:56.452+0000] {dag.py:4180} INFO - Setting next_dagrun for example_task_group_decorator to None, run_after=None
[2025-03-10T00:03:56.488+0000] {processor.py:208} INFO - Processing /home/airflow/.local/lib/python3.12/site-packages/airflow/example_dags/example_task_group_decorator.py took 0.114 seconds
[2025-03-10T00:04:28.150+0000] {processor.py:186} INFO - Started process (PID=47567) to work on /home/airflow/.local/lib/python3.12/site-packages/airflow/example_dags/example_task_group_decorator.py
[2025-03-10T00:04:28.151+0000] {processor.py:914} INFO - Processing file /home/airflow/.local/lib/python3.12/site-packages/airflow/example_dags/example_task_group_decorator.py for tasks to queue
[2025-03-10T00:04:28.152+0000] {logging_mixin.py:190} INFO - [2025-03-10T00:04:28.152+0000] {dagbag.py:588} INFO - Filling up the DagBag from /home/airflow/.local/lib/python3.12/site-packages/airflow/example_dags/example_task_group_decorator.py
[2025-03-10T00:04:28.165+0000] {processor.py:925} INFO - DAG(s) 'example_task_group_decorator' retrieved from /home/airflow/.local/lib/python3.12/site-packages/airflow/example_dags/example_task_group_decorator.py
[2025-03-10T00:04:28.190+0000] {logging_mixin.py:190} INFO - [2025-03-10T00:04:28.190+0000] {dag.py:3239} INFO - Sync 1 DAGs
[2025-03-10T00:04:28.205+0000] {logging_mixin.py:190} INFO - [2025-03-10T00:04:28.204+0000] {dag.py:4180} INFO - Setting next_dagrun for example_task_group_decorator to None, run_after=None
[2025-03-10T00:04:28.226+0000] {processor.py:208} INFO - Processing /home/airflow/.local/lib/python3.12/site-packages/airflow/example_dags/example_task_group_decorator.py took 0.082 seconds
[2025-03-10T00:04:58.842+0000] {processor.py:186} INFO - Started process (PID=47633) to work on /home/airflow/.local/lib/python3.12/site-packages/airflow/example_dags/example_task_group_decorator.py
[2025-03-10T00:04:58.843+0000] {processor.py:914} INFO - Processing file /home/airflow/.local/lib/python3.12/site-packages/airflow/example_dags/example_task_group_decorator.py for tasks to queue
[2025-03-10T00:04:58.844+0000] {logging_mixin.py:190} INFO - [2025-03-10T00:04:58.844+0000] {dagbag.py:588} INFO - Filling up the DagBag from /home/airflow/.local/lib/python3.12/site-packages/airflow/example_dags/example_task_group_decorator.py
[2025-03-10T00:04:58.859+0000] {processor.py:925} INFO - DAG(s) 'example_task_group_decorator' retrieved from /home/airflow/.local/lib/python3.12/site-packages/airflow/example_dags/example_task_group_decorator.py
[2025-03-10T00:04:58.885+0000] {logging_mixin.py:190} INFO - [2025-03-10T00:04:58.885+0000] {dag.py:3239} INFO - Sync 1 DAGs
[2025-03-10T00:04:58.905+0000] {logging_mixin.py:190} INFO - [2025-03-10T00:04:58.905+0000] {dag.py:4180} INFO - Setting next_dagrun for example_task_group_decorator to None, run_after=None
[2025-03-10T00:04:58.935+0000] {processor.py:208} INFO - Processing /home/airflow/.local/lib/python3.12/site-packages/airflow/example_dags/example_task_group_decorator.py took 0.098 seconds
[2025-03-10T00:05:30.407+0000] {processor.py:186} INFO - Started process (PID=47699) to work on /home/airflow/.local/lib/python3.12/site-packages/airflow/example_dags/example_task_group_decorator.py
[2025-03-10T00:05:30.407+0000] {processor.py:914} INFO - Processing file /home/airflow/.local/lib/python3.12/site-packages/airflow/example_dags/example_task_group_decorator.py for tasks to queue
[2025-03-10T00:05:30.408+0000] {logging_mixin.py:190} INFO - [2025-03-10T00:05:30.408+0000] {dagbag.py:588} INFO - Filling up the DagBag from /home/airflow/.local/lib/python3.12/site-packages/airflow/example_dags/example_task_group_decorator.py
[2025-03-10T00:05:30.425+0000] {processor.py:925} INFO - DAG(s) 'example_task_group_decorator' retrieved from /home/airflow/.local/lib/python3.12/site-packages/airflow/example_dags/example_task_group_decorator.py
[2025-03-10T00:05:30.457+0000] {logging_mixin.py:190} INFO - [2025-03-10T00:05:30.457+0000] {dag.py:3239} INFO - Sync 1 DAGs
[2025-03-10T00:05:30.477+0000] {logging_mixin.py:190} INFO - [2025-03-10T00:05:30.476+0000] {dag.py:4180} INFO - Setting next_dagrun for example_task_group_decorator to None, run_after=None
[2025-03-10T00:05:30.498+0000] {processor.py:208} INFO - Processing /home/airflow/.local/lib/python3.12/site-packages/airflow/example_dags/example_task_group_decorator.py took 0.096 seconds
[2025-03-10T00:06:03.288+0000] {processor.py:186} INFO - Started process (PID=47765) to work on /home/airflow/.local/lib/python3.12/site-packages/airflow/example_dags/example_task_group_decorator.py
[2025-03-10T00:06:03.289+0000] {processor.py:914} INFO - Processing file /home/airflow/.local/lib/python3.12/site-packages/airflow/example_dags/example_task_group_decorator.py for tasks to queue
[2025-03-10T00:06:03.290+0000] {logging_mixin.py:190} INFO - [2025-03-10T00:06:03.290+0000] {dagbag.py:588} INFO - Filling up the DagBag from /home/airflow/.local/lib/python3.12/site-packages/airflow/example_dags/example_task_group_decorator.py
[2025-03-10T00:06:03.303+0000] {processor.py:925} INFO - DAG(s) 'example_task_group_decorator' retrieved from /home/airflow/.local/lib/python3.12/site-packages/airflow/example_dags/example_task_group_decorator.py
[2025-03-10T00:06:03.327+0000] {logging_mixin.py:190} INFO - [2025-03-10T00:06:03.326+0000] {dag.py:3239} INFO - Sync 1 DAGs
[2025-03-10T00:06:03.342+0000] {logging_mixin.py:190} INFO - [2025-03-10T00:06:03.341+0000] {dag.py:4180} INFO - Setting next_dagrun for example_task_group_decorator to None, run_after=None
[2025-03-10T00:06:03.361+0000] {processor.py:208} INFO - Processing /home/airflow/.local/lib/python3.12/site-packages/airflow/example_dags/example_task_group_decorator.py took 0.078 seconds
[2025-03-10T00:06:34.700+0000] {processor.py:186} INFO - Started process (PID=47835) to work on /home/airflow/.local/lib/python3.12/site-packages/airflow/example_dags/example_task_group_decorator.py
[2025-03-10T00:06:34.701+0000] {processor.py:914} INFO - Processing file /home/airflow/.local/lib/python3.12/site-packages/airflow/example_dags/example_task_group_decorator.py for tasks to queue
[2025-03-10T00:06:34.703+0000] {logging_mixin.py:190} INFO - [2025-03-10T00:06:34.703+0000] {dagbag.py:588} INFO - Filling up the DagBag from /home/airflow/.local/lib/python3.12/site-packages/airflow/example_dags/example_task_group_decorator.py
[2025-03-10T00:06:34.720+0000] {processor.py:925} INFO - DAG(s) 'example_task_group_decorator' retrieved from /home/airflow/.local/lib/python3.12/site-packages/airflow/example_dags/example_task_group_decorator.py
[2025-03-10T00:06:34.744+0000] {logging_mixin.py:190} INFO - [2025-03-10T00:06:34.744+0000] {dag.py:3239} INFO - Sync 1 DAGs
[2025-03-10T00:06:34.759+0000] {logging_mixin.py:190} INFO - [2025-03-10T00:06:34.759+0000] {dag.py:4180} INFO - Setting next_dagrun for example_task_group_decorator to None, run_after=None
[2025-03-10T00:06:34.779+0000] {processor.py:208} INFO - Processing /home/airflow/.local/lib/python3.12/site-packages/airflow/example_dags/example_task_group_decorator.py took 0.086 seconds
[2025-03-10T00:07:06.102+0000] {processor.py:186} INFO - Started process (PID=47904) to work on /home/airflow/.local/lib/python3.12/site-packages/airflow/example_dags/example_task_group_decorator.py
[2025-03-10T00:07:06.103+0000] {processor.py:914} INFO - Processing file /home/airflow/.local/lib/python3.12/site-packages/airflow/example_dags/example_task_group_decorator.py for tasks to queue
[2025-03-10T00:07:06.104+0000] {logging_mixin.py:190} INFO - [2025-03-10T00:07:06.104+0000] {dagbag.py:588} INFO - Filling up the DagBag from /home/airflow/.local/lib/python3.12/site-packages/airflow/example_dags/example_task_group_decorator.py
[2025-03-10T00:07:06.117+0000] {processor.py:925} INFO - DAG(s) 'example_task_group_decorator' retrieved from /home/airflow/.local/lib/python3.12/site-packages/airflow/example_dags/example_task_group_decorator.py
[2025-03-10T00:07:06.140+0000] {logging_mixin.py:190} INFO - [2025-03-10T00:07:06.140+0000] {dag.py:3239} INFO - Sync 1 DAGs
[2025-03-10T00:07:06.155+0000] {logging_mixin.py:190} INFO - [2025-03-10T00:07:06.154+0000] {dag.py:4180} INFO - Setting next_dagrun for example_task_group_decorator to None, run_after=None
[2025-03-10T00:07:06.174+0000] {processor.py:208} INFO - Processing /home/airflow/.local/lib/python3.12/site-packages/airflow/example_dags/example_task_group_decorator.py took 0.078 seconds
