[2025-03-10T00:00:12.922+0000] {processor.py:186} INFO - Started process (PID=47018) to work on /home/airflow/.local/lib/python3.12/site-packages/airflow/example_dags/example_skip_dag.py
[2025-03-10T00:00:12.923+0000] {processor.py:914} INFO - Processing file /home/airflow/.local/lib/python3.12/site-packages/airflow/example_dags/example_skip_dag.py for tasks to queue
[2025-03-10T00:00:12.924+0000] {logging_mixin.py:190} INFO - [2025-03-10T00:00:12.924+0000] {dagbag.py:588} INFO - Filling up the DagBag from /home/airflow/.local/lib/python3.12/site-packages/airflow/example_dags/example_skip_dag.py
[2025-03-10T00:00:12.932+0000] {processor.py:925} INFO - DAG(s) 'example_skip_dag' retrieved from /home/airflow/.local/lib/python3.12/site-packages/airflow/example_dags/example_skip_dag.py
[2025-03-10T00:00:12.951+0000] {logging_mixin.py:190} INFO - [2025-03-10T00:00:12.951+0000] {dag.py:3239} INFO - Sync 1 DAGs
[2025-03-10T00:00:12.972+0000] {logging_mixin.py:190} INFO - [2025-03-10T00:00:12.972+0000] {dag.py:4180} INFO - Setting next_dagrun for example_skip_dag to 2025-03-09 00:00:00+00:00, run_after=2025-03-10 00:00:00+00:00
[2025-03-10T00:00:12.990+0000] {processor.py:208} INFO - Processing /home/airflow/.local/lib/python3.12/site-packages/airflow/example_dags/example_skip_dag.py took 0.074 seconds
[2025-03-10T00:00:44.788+0000] {processor.py:186} INFO - Started process (PID=47084) to work on /home/airflow/.local/lib/python3.12/site-packages/airflow/example_dags/example_skip_dag.py
[2025-03-10T00:00:44.789+0000] {processor.py:914} INFO - Processing file /home/airflow/.local/lib/python3.12/site-packages/airflow/example_dags/example_skip_dag.py for tasks to queue
[2025-03-10T00:00:44.791+0000] {logging_mixin.py:190} INFO - [2025-03-10T00:00:44.790+0000] {dagbag.py:588} INFO - Filling up the DagBag from /home/airflow/.local/lib/python3.12/site-packages/airflow/example_dags/example_skip_dag.py
[2025-03-10T00:00:44.801+0000] {processor.py:925} INFO - DAG(s) 'example_skip_dag' retrieved from /home/airflow/.local/lib/python3.12/site-packages/airflow/example_dags/example_skip_dag.py
[2025-03-10T00:00:44.825+0000] {logging_mixin.py:190} INFO - [2025-03-10T00:00:44.824+0000] {dag.py:3239} INFO - Sync 1 DAGs
[2025-03-10T00:00:44.852+0000] {logging_mixin.py:190} INFO - [2025-03-10T00:00:44.852+0000] {dag.py:4180} INFO - Setting next_dagrun for example_skip_dag to 2025-03-09 00:00:00+00:00, run_after=2025-03-10 00:00:00+00:00
[2025-03-10T00:00:44.878+0000] {processor.py:208} INFO - Processing /home/airflow/.local/lib/python3.12/site-packages/airflow/example_dags/example_skip_dag.py took 0.096 seconds
[2025-03-10T00:01:16.778+0000] {processor.py:186} INFO - Started process (PID=47150) to work on /home/airflow/.local/lib/python3.12/site-packages/airflow/example_dags/example_skip_dag.py
[2025-03-10T00:01:16.779+0000] {processor.py:914} INFO - Processing file /home/airflow/.local/lib/python3.12/site-packages/airflow/example_dags/example_skip_dag.py for tasks to queue
[2025-03-10T00:01:16.780+0000] {logging_mixin.py:190} INFO - [2025-03-10T00:01:16.780+0000] {dagbag.py:588} INFO - Filling up the DagBag from /home/airflow/.local/lib/python3.12/site-packages/airflow/example_dags/example_skip_dag.py
[2025-03-10T00:01:16.788+0000] {processor.py:925} INFO - DAG(s) 'example_skip_dag' retrieved from /home/airflow/.local/lib/python3.12/site-packages/airflow/example_dags/example_skip_dag.py
[2025-03-10T00:01:16.808+0000] {logging_mixin.py:190} INFO - [2025-03-10T00:01:16.808+0000] {dag.py:3239} INFO - Sync 1 DAGs
[2025-03-10T00:01:16.829+0000] {logging_mixin.py:190} INFO - [2025-03-10T00:01:16.828+0000] {dag.py:4180} INFO - Setting next_dagrun for example_skip_dag to 2025-03-09 00:00:00+00:00, run_after=2025-03-10 00:00:00+00:00
[2025-03-10T00:01:16.849+0000] {processor.py:208} INFO - Processing /home/airflow/.local/lib/python3.12/site-packages/airflow/example_dags/example_skip_dag.py took 0.075 seconds
[2025-03-10T00:01:48.989+0000] {processor.py:186} INFO - Started process (PID=47216) to work on /home/airflow/.local/lib/python3.12/site-packages/airflow/example_dags/example_skip_dag.py
[2025-03-10T00:01:48.990+0000] {processor.py:914} INFO - Processing file /home/airflow/.local/lib/python3.12/site-packages/airflow/example_dags/example_skip_dag.py for tasks to queue
[2025-03-10T00:01:48.991+0000] {logging_mixin.py:190} INFO - [2025-03-10T00:01:48.991+0000] {dagbag.py:588} INFO - Filling up the DagBag from /home/airflow/.local/lib/python3.12/site-packages/airflow/example_dags/example_skip_dag.py
[2025-03-10T00:01:49.000+0000] {processor.py:925} INFO - DAG(s) 'example_skip_dag' retrieved from /home/airflow/.local/lib/python3.12/site-packages/airflow/example_dags/example_skip_dag.py
[2025-03-10T00:01:49.019+0000] {logging_mixin.py:190} INFO - [2025-03-10T00:01:49.019+0000] {dag.py:3239} INFO - Sync 1 DAGs
[2025-03-10T00:01:49.040+0000] {logging_mixin.py:190} INFO - [2025-03-10T00:01:49.039+0000] {dag.py:4180} INFO - Setting next_dagrun for example_skip_dag to 2025-03-09 00:00:00+00:00, run_after=2025-03-10 00:00:00+00:00
[2025-03-10T00:01:49.058+0000] {processor.py:208} INFO - Processing /home/airflow/.local/lib/python3.12/site-packages/airflow/example_dags/example_skip_dag.py took 0.075 seconds
[2025-03-10T00:02:19.672+0000] {processor.py:186} INFO - Started process (PID=47282) to work on /home/airflow/.local/lib/python3.12/site-packages/airflow/example_dags/example_skip_dag.py
[2025-03-10T00:02:19.673+0000] {processor.py:914} INFO - Processing file /home/airflow/.local/lib/python3.12/site-packages/airflow/example_dags/example_skip_dag.py for tasks to queue
[2025-03-10T00:02:19.674+0000] {logging_mixin.py:190} INFO - [2025-03-10T00:02:19.674+0000] {dagbag.py:588} INFO - Filling up the DagBag from /home/airflow/.local/lib/python3.12/site-packages/airflow/example_dags/example_skip_dag.py
[2025-03-10T00:02:19.681+0000] {processor.py:925} INFO - DAG(s) 'example_skip_dag' retrieved from /home/airflow/.local/lib/python3.12/site-packages/airflow/example_dags/example_skip_dag.py
[2025-03-10T00:02:19.701+0000] {logging_mixin.py:190} INFO - [2025-03-10T00:02:19.700+0000] {dag.py:3239} INFO - Sync 1 DAGs
[2025-03-10T00:02:19.722+0000] {logging_mixin.py:190} INFO - [2025-03-10T00:02:19.722+0000] {dag.py:4180} INFO - Setting next_dagrun for example_skip_dag to 2025-03-09 00:00:00+00:00, run_after=2025-03-10 00:00:00+00:00
[2025-03-10T00:02:19.741+0000] {processor.py:208} INFO - Processing /home/airflow/.local/lib/python3.12/site-packages/airflow/example_dags/example_skip_dag.py took 0.073 seconds
[2025-03-10T00:02:51.429+0000] {processor.py:186} INFO - Started process (PID=47348) to work on /home/airflow/.local/lib/python3.12/site-packages/airflow/example_dags/example_skip_dag.py
[2025-03-10T00:02:51.431+0000] {processor.py:914} INFO - Processing file /home/airflow/.local/lib/python3.12/site-packages/airflow/example_dags/example_skip_dag.py for tasks to queue
[2025-03-10T00:02:51.432+0000] {logging_mixin.py:190} INFO - [2025-03-10T00:02:51.432+0000] {dagbag.py:588} INFO - Filling up the DagBag from /home/airflow/.local/lib/python3.12/site-packages/airflow/example_dags/example_skip_dag.py
[2025-03-10T00:02:51.441+0000] {processor.py:925} INFO - DAG(s) 'example_skip_dag' retrieved from /home/airflow/.local/lib/python3.12/site-packages/airflow/example_dags/example_skip_dag.py
[2025-03-10T00:02:51.463+0000] {logging_mixin.py:190} INFO - [2025-03-10T00:02:51.463+0000] {dag.py:3239} INFO - Sync 1 DAGs
[2025-03-10T00:02:51.485+0000] {logging_mixin.py:190} INFO - [2025-03-10T00:02:51.484+0000] {dag.py:4180} INFO - Setting next_dagrun for example_skip_dag to 2025-03-09 00:00:00+00:00, run_after=2025-03-10 00:00:00+00:00
[2025-03-10T00:02:51.505+0000] {processor.py:208} INFO - Processing /home/airflow/.local/lib/python3.12/site-packages/airflow/example_dags/example_skip_dag.py took 0.084 seconds
[2025-03-10T00:03:22.408+0000] {processor.py:186} INFO - Started process (PID=47414) to work on /home/airflow/.local/lib/python3.12/site-packages/airflow/example_dags/example_skip_dag.py
[2025-03-10T00:03:22.409+0000] {processor.py:914} INFO - Processing file /home/airflow/.local/lib/python3.12/site-packages/airflow/example_dags/example_skip_dag.py for tasks to queue
[2025-03-10T00:03:22.411+0000] {logging_mixin.py:190} INFO - [2025-03-10T00:03:22.410+0000] {dagbag.py:588} INFO - Filling up the DagBag from /home/airflow/.local/lib/python3.12/site-packages/airflow/example_dags/example_skip_dag.py
[2025-03-10T00:03:22.419+0000] {processor.py:925} INFO - DAG(s) 'example_skip_dag' retrieved from /home/airflow/.local/lib/python3.12/site-packages/airflow/example_dags/example_skip_dag.py
[2025-03-10T00:03:22.440+0000] {logging_mixin.py:190} INFO - [2025-03-10T00:03:22.439+0000] {dag.py:3239} INFO - Sync 1 DAGs
[2025-03-10T00:03:22.462+0000] {logging_mixin.py:190} INFO - [2025-03-10T00:03:22.462+0000] {dag.py:4180} INFO - Setting next_dagrun for example_skip_dag to 2025-03-09 00:00:00+00:00, run_after=2025-03-10 00:00:00+00:00
[2025-03-10T00:03:22.481+0000] {processor.py:208} INFO - Processing /home/airflow/.local/lib/python3.12/site-packages/airflow/example_dags/example_skip_dag.py took 0.078 seconds
[2025-03-10T00:03:54.028+0000] {processor.py:186} INFO - Started process (PID=47480) to work on /home/airflow/.local/lib/python3.12/site-packages/airflow/example_dags/example_skip_dag.py
[2025-03-10T00:03:54.030+0000] {processor.py:914} INFO - Processing file /home/airflow/.local/lib/python3.12/site-packages/airflow/example_dags/example_skip_dag.py for tasks to queue
[2025-03-10T00:03:54.031+0000] {logging_mixin.py:190} INFO - [2025-03-10T00:03:54.030+0000] {dagbag.py:588} INFO - Filling up the DagBag from /home/airflow/.local/lib/python3.12/site-packages/airflow/example_dags/example_skip_dag.py
[2025-03-10T00:03:54.039+0000] {processor.py:925} INFO - DAG(s) 'example_skip_dag' retrieved from /home/airflow/.local/lib/python3.12/site-packages/airflow/example_dags/example_skip_dag.py
[2025-03-10T00:03:54.065+0000] {logging_mixin.py:190} INFO - [2025-03-10T00:03:54.064+0000] {dag.py:3239} INFO - Sync 1 DAGs
[2025-03-10T00:03:54.088+0000] {logging_mixin.py:190} INFO - [2025-03-10T00:03:54.087+0000] {dag.py:4180} INFO - Setting next_dagrun for example_skip_dag to 2025-03-09 00:00:00+00:00, run_after=2025-03-10 00:00:00+00:00
[2025-03-10T00:03:54.110+0000] {processor.py:208} INFO - Processing /home/airflow/.local/lib/python3.12/site-packages/airflow/example_dags/example_skip_dag.py took 0.087 seconds
[2025-03-10T00:04:26.091+0000] {processor.py:186} INFO - Started process (PID=47546) to work on /home/airflow/.local/lib/python3.12/site-packages/airflow/example_dags/example_skip_dag.py
[2025-03-10T00:04:26.092+0000] {processor.py:914} INFO - Processing file /home/airflow/.local/lib/python3.12/site-packages/airflow/example_dags/example_skip_dag.py for tasks to queue
[2025-03-10T00:04:26.094+0000] {logging_mixin.py:190} INFO - [2025-03-10T00:04:26.094+0000] {dagbag.py:588} INFO - Filling up the DagBag from /home/airflow/.local/lib/python3.12/site-packages/airflow/example_dags/example_skip_dag.py
[2025-03-10T00:04:26.103+0000] {processor.py:925} INFO - DAG(s) 'example_skip_dag' retrieved from /home/airflow/.local/lib/python3.12/site-packages/airflow/example_dags/example_skip_dag.py
[2025-03-10T00:04:26.124+0000] {logging_mixin.py:190} INFO - [2025-03-10T00:04:26.124+0000] {dag.py:3239} INFO - Sync 1 DAGs
[2025-03-10T00:04:26.145+0000] {logging_mixin.py:190} INFO - [2025-03-10T00:04:26.145+0000] {dag.py:4180} INFO - Setting next_dagrun for example_skip_dag to 2025-03-09 00:00:00+00:00, run_after=2025-03-10 00:00:00+00:00
[2025-03-10T00:04:26.163+0000] {processor.py:208} INFO - Processing /home/airflow/.local/lib/python3.12/site-packages/airflow/example_dags/example_skip_dag.py took 0.078 seconds
[2025-03-10T00:04:57.062+0000] {processor.py:186} INFO - Started process (PID=47612) to work on /home/airflow/.local/lib/python3.12/site-packages/airflow/example_dags/example_skip_dag.py
[2025-03-10T00:04:57.063+0000] {processor.py:914} INFO - Processing file /home/airflow/.local/lib/python3.12/site-packages/airflow/example_dags/example_skip_dag.py for tasks to queue
[2025-03-10T00:04:57.064+0000] {logging_mixin.py:190} INFO - [2025-03-10T00:04:57.064+0000] {dagbag.py:588} INFO - Filling up the DagBag from /home/airflow/.local/lib/python3.12/site-packages/airflow/example_dags/example_skip_dag.py
[2025-03-10T00:04:57.072+0000] {processor.py:925} INFO - DAG(s) 'example_skip_dag' retrieved from /home/airflow/.local/lib/python3.12/site-packages/airflow/example_dags/example_skip_dag.py
[2025-03-10T00:04:57.092+0000] {logging_mixin.py:190} INFO - [2025-03-10T00:04:57.092+0000] {dag.py:3239} INFO - Sync 1 DAGs
[2025-03-10T00:04:57.114+0000] {logging_mixin.py:190} INFO - [2025-03-10T00:04:57.113+0000] {dag.py:4180} INFO - Setting next_dagrun for example_skip_dag to 2025-03-09 00:00:00+00:00, run_after=2025-03-10 00:00:00+00:00
[2025-03-10T00:04:57.132+0000] {processor.py:208} INFO - Processing /home/airflow/.local/lib/python3.12/site-packages/airflow/example_dags/example_skip_dag.py took 0.076 seconds
[2025-03-10T00:05:28.722+0000] {processor.py:186} INFO - Started process (PID=47678) to work on /home/airflow/.local/lib/python3.12/site-packages/airflow/example_dags/example_skip_dag.py
[2025-03-10T00:05:28.723+0000] {processor.py:914} INFO - Processing file /home/airflow/.local/lib/python3.12/site-packages/airflow/example_dags/example_skip_dag.py for tasks to queue
[2025-03-10T00:05:28.724+0000] {logging_mixin.py:190} INFO - [2025-03-10T00:05:28.723+0000] {dagbag.py:588} INFO - Filling up the DagBag from /home/airflow/.local/lib/python3.12/site-packages/airflow/example_dags/example_skip_dag.py
[2025-03-10T00:05:28.731+0000] {processor.py:925} INFO - DAG(s) 'example_skip_dag' retrieved from /home/airflow/.local/lib/python3.12/site-packages/airflow/example_dags/example_skip_dag.py
[2025-03-10T00:05:28.751+0000] {logging_mixin.py:190} INFO - [2025-03-10T00:05:28.751+0000] {dag.py:3239} INFO - Sync 1 DAGs
[2025-03-10T00:05:28.777+0000] {logging_mixin.py:190} INFO - [2025-03-10T00:05:28.777+0000] {dag.py:4180} INFO - Setting next_dagrun for example_skip_dag to 2025-03-09 00:00:00+00:00, run_after=2025-03-10 00:00:00+00:00
[2025-03-10T00:05:28.800+0000] {processor.py:208} INFO - Processing /home/airflow/.local/lib/python3.12/site-packages/airflow/example_dags/example_skip_dag.py took 0.083 seconds
[2025-03-10T00:06:01.146+0000] {processor.py:186} INFO - Started process (PID=47744) to work on /home/airflow/.local/lib/python3.12/site-packages/airflow/example_dags/example_skip_dag.py
[2025-03-10T00:06:01.147+0000] {processor.py:914} INFO - Processing file /home/airflow/.local/lib/python3.12/site-packages/airflow/example_dags/example_skip_dag.py for tasks to queue
[2025-03-10T00:06:01.149+0000] {logging_mixin.py:190} INFO - [2025-03-10T00:06:01.148+0000] {dagbag.py:588} INFO - Filling up the DagBag from /home/airflow/.local/lib/python3.12/site-packages/airflow/example_dags/example_skip_dag.py
[2025-03-10T00:06:01.158+0000] {processor.py:925} INFO - DAG(s) 'example_skip_dag' retrieved from /home/airflow/.local/lib/python3.12/site-packages/airflow/example_dags/example_skip_dag.py
[2025-03-10T00:06:01.181+0000] {logging_mixin.py:190} INFO - [2025-03-10T00:06:01.181+0000] {dag.py:3239} INFO - Sync 1 DAGs
[2025-03-10T00:06:01.203+0000] {logging_mixin.py:190} INFO - [2025-03-10T00:06:01.203+0000] {dag.py:4180} INFO - Setting next_dagrun for example_skip_dag to 2025-03-09 00:00:00+00:00, run_after=2025-03-10 00:00:00+00:00
[2025-03-10T00:06:01.224+0000] {processor.py:208} INFO - Processing /home/airflow/.local/lib/python3.12/site-packages/airflow/example_dags/example_skip_dag.py took 0.084 seconds
[2025-03-10T00:06:31.556+0000] {processor.py:186} INFO - Started process (PID=47813) to work on /home/airflow/.local/lib/python3.12/site-packages/airflow/example_dags/example_skip_dag.py
[2025-03-10T00:06:31.557+0000] {processor.py:914} INFO - Processing file /home/airflow/.local/lib/python3.12/site-packages/airflow/example_dags/example_skip_dag.py for tasks to queue
[2025-03-10T00:06:31.558+0000] {logging_mixin.py:190} INFO - [2025-03-10T00:06:31.558+0000] {dagbag.py:588} INFO - Filling up the DagBag from /home/airflow/.local/lib/python3.12/site-packages/airflow/example_dags/example_skip_dag.py
[2025-03-10T00:06:31.566+0000] {processor.py:925} INFO - DAG(s) 'example_skip_dag' retrieved from /home/airflow/.local/lib/python3.12/site-packages/airflow/example_dags/example_skip_dag.py
[2025-03-10T00:06:31.586+0000] {logging_mixin.py:190} INFO - [2025-03-10T00:06:31.586+0000] {dag.py:3239} INFO - Sync 1 DAGs
[2025-03-10T00:06:31.607+0000] {logging_mixin.py:190} INFO - [2025-03-10T00:06:31.607+0000] {dag.py:4180} INFO - Setting next_dagrun for example_skip_dag to 2025-03-09 00:00:00+00:00, run_after=2025-03-10 00:00:00+00:00
[2025-03-10T00:06:31.626+0000] {processor.py:208} INFO - Processing /home/airflow/.local/lib/python3.12/site-packages/airflow/example_dags/example_skip_dag.py took 0.075 seconds
[2025-03-10T00:07:04.038+0000] {processor.py:186} INFO - Started process (PID=47883) to work on /home/airflow/.local/lib/python3.12/site-packages/airflow/example_dags/example_skip_dag.py
[2025-03-10T00:07:04.039+0000] {processor.py:914} INFO - Processing file /home/airflow/.local/lib/python3.12/site-packages/airflow/example_dags/example_skip_dag.py for tasks to queue
[2025-03-10T00:07:04.040+0000] {logging_mixin.py:190} INFO - [2025-03-10T00:07:04.040+0000] {dagbag.py:588} INFO - Filling up the DagBag from /home/airflow/.local/lib/python3.12/site-packages/airflow/example_dags/example_skip_dag.py
[2025-03-10T00:07:04.048+0000] {processor.py:925} INFO - DAG(s) 'example_skip_dag' retrieved from /home/airflow/.local/lib/python3.12/site-packages/airflow/example_dags/example_skip_dag.py
[2025-03-10T00:07:04.069+0000] {logging_mixin.py:190} INFO - [2025-03-10T00:07:04.069+0000] {dag.py:3239} INFO - Sync 1 DAGs
[2025-03-10T00:07:04.092+0000] {logging_mixin.py:190} INFO - [2025-03-10T00:07:04.092+0000] {dag.py:4180} INFO - Setting next_dagrun for example_skip_dag to 2025-03-09 00:00:00+00:00, run_after=2025-03-10 00:00:00+00:00
[2025-03-10T00:07:04.115+0000] {processor.py:208} INFO - Processing /home/airflow/.local/lib/python3.12/site-packages/airflow/example_dags/example_skip_dag.py took 0.082 seconds
