[2025-03-10T00:00:10.856+0000] {processor.py:186} INFO - Started process (PID=46996) to work on /home/airflow/.local/lib/python3.12/site-packages/airflow/example_dags/example_short_circuit_operator.py
[2025-03-10T00:00:10.857+0000] {processor.py:914} INFO - Processing file /home/airflow/.local/lib/python3.12/site-packages/airflow/example_dags/example_short_circuit_operator.py for tasks to queue
[2025-03-10T00:00:10.858+0000] {logging_mixin.py:190} INFO - [2025-03-10T00:00:10.858+0000] {dagbag.py:588} INFO - Filling up the DagBag from /home/airflow/.local/lib/python3.12/site-packages/airflow/example_dags/example_short_circuit_operator.py
[2025-03-10T00:00:10.866+0000] {processor.py:925} INFO - DAG(s) 'example_short_circuit_operator' retrieved from /home/airflow/.local/lib/python3.12/site-packages/airflow/example_dags/example_short_circuit_operator.py
[2025-03-10T00:00:10.888+0000] {logging_mixin.py:190} INFO - [2025-03-10T00:00:10.888+0000] {dag.py:3239} INFO - Sync 1 DAGs
[2025-03-10T00:00:10.903+0000] {logging_mixin.py:190} INFO - [2025-03-10T00:00:10.903+0000] {dag.py:4180} INFO - Setting next_dagrun for example_short_circuit_operator to None, run_after=None
[2025-03-10T00:00:10.924+0000] {processor.py:208} INFO - Processing /home/airflow/.local/lib/python3.12/site-packages/airflow/example_dags/example_short_circuit_operator.py took 0.073 seconds
[2025-03-10T00:00:42.679+0000] {processor.py:186} INFO - Started process (PID=47062) to work on /home/airflow/.local/lib/python3.12/site-packages/airflow/example_dags/example_short_circuit_operator.py
[2025-03-10T00:00:42.680+0000] {processor.py:914} INFO - Processing file /home/airflow/.local/lib/python3.12/site-packages/airflow/example_dags/example_short_circuit_operator.py for tasks to queue
[2025-03-10T00:00:42.682+0000] {logging_mixin.py:190} INFO - [2025-03-10T00:00:42.681+0000] {dagbag.py:588} INFO - Filling up the DagBag from /home/airflow/.local/lib/python3.12/site-packages/airflow/example_dags/example_short_circuit_operator.py
[2025-03-10T00:00:42.690+0000] {processor.py:925} INFO - DAG(s) 'example_short_circuit_operator' retrieved from /home/airflow/.local/lib/python3.12/site-packages/airflow/example_dags/example_short_circuit_operator.py
[2025-03-10T00:00:42.713+0000] {logging_mixin.py:190} INFO - [2025-03-10T00:00:42.713+0000] {dag.py:3239} INFO - Sync 1 DAGs
[2025-03-10T00:00:42.725+0000] {logging_mixin.py:190} INFO - [2025-03-10T00:00:42.725+0000] {dag.py:4180} INFO - Setting next_dagrun for example_short_circuit_operator to None, run_after=None
[2025-03-10T00:00:42.744+0000] {processor.py:208} INFO - Processing /home/airflow/.local/lib/python3.12/site-packages/airflow/example_dags/example_short_circuit_operator.py took 0.071 seconds
[2025-03-10T00:01:14.587+0000] {processor.py:186} INFO - Started process (PID=47128) to work on /home/airflow/.local/lib/python3.12/site-packages/airflow/example_dags/example_short_circuit_operator.py
[2025-03-10T00:01:14.588+0000] {processor.py:914} INFO - Processing file /home/airflow/.local/lib/python3.12/site-packages/airflow/example_dags/example_short_circuit_operator.py for tasks to queue
[2025-03-10T00:01:14.589+0000] {logging_mixin.py:190} INFO - [2025-03-10T00:01:14.589+0000] {dagbag.py:588} INFO - Filling up the DagBag from /home/airflow/.local/lib/python3.12/site-packages/airflow/example_dags/example_short_circuit_operator.py
[2025-03-10T00:01:14.598+0000] {processor.py:925} INFO - DAG(s) 'example_short_circuit_operator' retrieved from /home/airflow/.local/lib/python3.12/site-packages/airflow/example_dags/example_short_circuit_operator.py
[2025-03-10T00:01:14.625+0000] {logging_mixin.py:190} INFO - [2025-03-10T00:01:14.624+0000] {dag.py:3239} INFO - Sync 1 DAGs
[2025-03-10T00:01:14.638+0000] {logging_mixin.py:190} INFO - [2025-03-10T00:01:14.638+0000] {dag.py:4180} INFO - Setting next_dagrun for example_short_circuit_operator to None, run_after=None
[2025-03-10T00:01:14.658+0000] {processor.py:208} INFO - Processing /home/airflow/.local/lib/python3.12/site-packages/airflow/example_dags/example_short_circuit_operator.py took 0.076 seconds
[2025-03-10T00:01:46.351+0000] {processor.py:186} INFO - Started process (PID=47194) to work on /home/airflow/.local/lib/python3.12/site-packages/airflow/example_dags/example_short_circuit_operator.py
[2025-03-10T00:01:46.353+0000] {processor.py:914} INFO - Processing file /home/airflow/.local/lib/python3.12/site-packages/airflow/example_dags/example_short_circuit_operator.py for tasks to queue
[2025-03-10T00:01:46.354+0000] {logging_mixin.py:190} INFO - [2025-03-10T00:01:46.353+0000] {dagbag.py:588} INFO - Filling up the DagBag from /home/airflow/.local/lib/python3.12/site-packages/airflow/example_dags/example_short_circuit_operator.py
[2025-03-10T00:01:46.362+0000] {processor.py:925} INFO - DAG(s) 'example_short_circuit_operator' retrieved from /home/airflow/.local/lib/python3.12/site-packages/airflow/example_dags/example_short_circuit_operator.py
[2025-03-10T00:01:46.385+0000] {logging_mixin.py:190} INFO - [2025-03-10T00:01:46.385+0000] {dag.py:3239} INFO - Sync 1 DAGs
[2025-03-10T00:01:46.400+0000] {logging_mixin.py:190} INFO - [2025-03-10T00:01:46.400+0000] {dag.py:4180} INFO - Setting next_dagrun for example_short_circuit_operator to None, run_after=None
[2025-03-10T00:01:46.421+0000] {processor.py:208} INFO - Processing /home/airflow/.local/lib/python3.12/site-packages/airflow/example_dags/example_short_circuit_operator.py took 0.076 seconds
[2025-03-10T00:02:17.580+0000] {processor.py:186} INFO - Started process (PID=47260) to work on /home/airflow/.local/lib/python3.12/site-packages/airflow/example_dags/example_short_circuit_operator.py
[2025-03-10T00:02:17.581+0000] {processor.py:914} INFO - Processing file /home/airflow/.local/lib/python3.12/site-packages/airflow/example_dags/example_short_circuit_operator.py for tasks to queue
[2025-03-10T00:02:17.582+0000] {logging_mixin.py:190} INFO - [2025-03-10T00:02:17.582+0000] {dagbag.py:588} INFO - Filling up the DagBag from /home/airflow/.local/lib/python3.12/site-packages/airflow/example_dags/example_short_circuit_operator.py
[2025-03-10T00:02:17.589+0000] {processor.py:925} INFO - DAG(s) 'example_short_circuit_operator' retrieved from /home/airflow/.local/lib/python3.12/site-packages/airflow/example_dags/example_short_circuit_operator.py
[2025-03-10T00:02:17.610+0000] {logging_mixin.py:190} INFO - [2025-03-10T00:02:17.610+0000] {dag.py:3239} INFO - Sync 1 DAGs
[2025-03-10T00:02:17.624+0000] {logging_mixin.py:190} INFO - [2025-03-10T00:02:17.623+0000] {dag.py:4180} INFO - Setting next_dagrun for example_short_circuit_operator to None, run_after=None
[2025-03-10T00:02:17.643+0000] {processor.py:208} INFO - Processing /home/airflow/.local/lib/python3.12/site-packages/airflow/example_dags/example_short_circuit_operator.py took 0.068 seconds
[2025-03-10T00:02:49.151+0000] {processor.py:186} INFO - Started process (PID=47326) to work on /home/airflow/.local/lib/python3.12/site-packages/airflow/example_dags/example_short_circuit_operator.py
[2025-03-10T00:02:49.152+0000] {processor.py:914} INFO - Processing file /home/airflow/.local/lib/python3.12/site-packages/airflow/example_dags/example_short_circuit_operator.py for tasks to queue
[2025-03-10T00:02:49.153+0000] {logging_mixin.py:190} INFO - [2025-03-10T00:02:49.153+0000] {dagbag.py:588} INFO - Filling up the DagBag from /home/airflow/.local/lib/python3.12/site-packages/airflow/example_dags/example_short_circuit_operator.py
[2025-03-10T00:02:49.164+0000] {processor.py:925} INFO - DAG(s) 'example_short_circuit_operator' retrieved from /home/airflow/.local/lib/python3.12/site-packages/airflow/example_dags/example_short_circuit_operator.py
[2025-03-10T00:02:49.197+0000] {logging_mixin.py:190} INFO - [2025-03-10T00:02:49.197+0000] {dag.py:3239} INFO - Sync 1 DAGs
[2025-03-10T00:02:49.218+0000] {logging_mixin.py:190} INFO - [2025-03-10T00:02:49.218+0000] {dag.py:4180} INFO - Setting next_dagrun for example_short_circuit_operator to None, run_after=None
[2025-03-10T00:02:49.243+0000] {processor.py:208} INFO - Processing /home/airflow/.local/lib/python3.12/site-packages/airflow/example_dags/example_short_circuit_operator.py took 0.097 seconds
[2025-03-10T00:03:20.275+0000] {processor.py:186} INFO - Started process (PID=47392) to work on /home/airflow/.local/lib/python3.12/site-packages/airflow/example_dags/example_short_circuit_operator.py
[2025-03-10T00:03:20.276+0000] {processor.py:914} INFO - Processing file /home/airflow/.local/lib/python3.12/site-packages/airflow/example_dags/example_short_circuit_operator.py for tasks to queue
[2025-03-10T00:03:20.277+0000] {logging_mixin.py:190} INFO - [2025-03-10T00:03:20.277+0000] {dagbag.py:588} INFO - Filling up the DagBag from /home/airflow/.local/lib/python3.12/site-packages/airflow/example_dags/example_short_circuit_operator.py
[2025-03-10T00:03:20.286+0000] {processor.py:925} INFO - DAG(s) 'example_short_circuit_operator' retrieved from /home/airflow/.local/lib/python3.12/site-packages/airflow/example_dags/example_short_circuit_operator.py
[2025-03-10T00:03:20.309+0000] {logging_mixin.py:190} INFO - [2025-03-10T00:03:20.309+0000] {dag.py:3239} INFO - Sync 1 DAGs
[2025-03-10T00:03:20.322+0000] {logging_mixin.py:190} INFO - [2025-03-10T00:03:20.322+0000] {dag.py:4180} INFO - Setting next_dagrun for example_short_circuit_operator to None, run_after=None
[2025-03-10T00:03:20.341+0000] {processor.py:208} INFO - Processing /home/airflow/.local/lib/python3.12/site-packages/airflow/example_dags/example_short_circuit_operator.py took 0.071 seconds
[2025-03-10T00:03:51.822+0000] {processor.py:186} INFO - Started process (PID=47458) to work on /home/airflow/.local/lib/python3.12/site-packages/airflow/example_dags/example_short_circuit_operator.py
[2025-03-10T00:03:51.823+0000] {processor.py:914} INFO - Processing file /home/airflow/.local/lib/python3.12/site-packages/airflow/example_dags/example_short_circuit_operator.py for tasks to queue
[2025-03-10T00:03:51.824+0000] {logging_mixin.py:190} INFO - [2025-03-10T00:03:51.824+0000] {dagbag.py:588} INFO - Filling up the DagBag from /home/airflow/.local/lib/python3.12/site-packages/airflow/example_dags/example_short_circuit_operator.py
[2025-03-10T00:03:51.832+0000] {processor.py:925} INFO - DAG(s) 'example_short_circuit_operator' retrieved from /home/airflow/.local/lib/python3.12/site-packages/airflow/example_dags/example_short_circuit_operator.py
[2025-03-10T00:03:51.854+0000] {logging_mixin.py:190} INFO - [2025-03-10T00:03:51.853+0000] {dag.py:3239} INFO - Sync 1 DAGs
[2025-03-10T00:03:51.867+0000] {logging_mixin.py:190} INFO - [2025-03-10T00:03:51.867+0000] {dag.py:4180} INFO - Setting next_dagrun for example_short_circuit_operator to None, run_after=None
[2025-03-10T00:03:51.887+0000] {processor.py:208} INFO - Processing /home/airflow/.local/lib/python3.12/site-packages/airflow/example_dags/example_short_circuit_operator.py took 0.070 seconds
[2025-03-10T00:04:23.498+0000] {processor.py:186} INFO - Started process (PID=47524) to work on /home/airflow/.local/lib/python3.12/site-packages/airflow/example_dags/example_short_circuit_operator.py
[2025-03-10T00:04:23.499+0000] {processor.py:914} INFO - Processing file /home/airflow/.local/lib/python3.12/site-packages/airflow/example_dags/example_short_circuit_operator.py for tasks to queue
[2025-03-10T00:04:23.501+0000] {logging_mixin.py:190} INFO - [2025-03-10T00:04:23.501+0000] {dagbag.py:588} INFO - Filling up the DagBag from /home/airflow/.local/lib/python3.12/site-packages/airflow/example_dags/example_short_circuit_operator.py
[2025-03-10T00:04:23.510+0000] {processor.py:925} INFO - DAG(s) 'example_short_circuit_operator' retrieved from /home/airflow/.local/lib/python3.12/site-packages/airflow/example_dags/example_short_circuit_operator.py
[2025-03-10T00:04:23.532+0000] {logging_mixin.py:190} INFO - [2025-03-10T00:04:23.532+0000] {dag.py:3239} INFO - Sync 1 DAGs
[2025-03-10T00:04:23.547+0000] {logging_mixin.py:190} INFO - [2025-03-10T00:04:23.547+0000] {dag.py:4180} INFO - Setting next_dagrun for example_short_circuit_operator to None, run_after=None
[2025-03-10T00:04:23.568+0000] {processor.py:208} INFO - Processing /home/airflow/.local/lib/python3.12/site-packages/airflow/example_dags/example_short_circuit_operator.py took 0.075 seconds
[2025-03-10T00:04:55.015+0000] {processor.py:186} INFO - Started process (PID=47590) to work on /home/airflow/.local/lib/python3.12/site-packages/airflow/example_dags/example_short_circuit_operator.py
[2025-03-10T00:04:55.016+0000] {processor.py:914} INFO - Processing file /home/airflow/.local/lib/python3.12/site-packages/airflow/example_dags/example_short_circuit_operator.py for tasks to queue
[2025-03-10T00:04:55.018+0000] {logging_mixin.py:190} INFO - [2025-03-10T00:04:55.018+0000] {dagbag.py:588} INFO - Filling up the DagBag from /home/airflow/.local/lib/python3.12/site-packages/airflow/example_dags/example_short_circuit_operator.py
[2025-03-10T00:04:55.028+0000] {processor.py:925} INFO - DAG(s) 'example_short_circuit_operator' retrieved from /home/airflow/.local/lib/python3.12/site-packages/airflow/example_dags/example_short_circuit_operator.py
[2025-03-10T00:04:55.056+0000] {logging_mixin.py:190} INFO - [2025-03-10T00:04:55.056+0000] {dag.py:3239} INFO - Sync 1 DAGs
[2025-03-10T00:04:55.072+0000] {logging_mixin.py:190} INFO - [2025-03-10T00:04:55.071+0000] {dag.py:4180} INFO - Setting next_dagrun for example_short_circuit_operator to None, run_after=None
[2025-03-10T00:04:55.091+0000] {processor.py:208} INFO - Processing /home/airflow/.local/lib/python3.12/site-packages/airflow/example_dags/example_short_circuit_operator.py took 0.082 seconds
[2025-03-10T00:05:26.718+0000] {processor.py:186} INFO - Started process (PID=47656) to work on /home/airflow/.local/lib/python3.12/site-packages/airflow/example_dags/example_short_circuit_operator.py
[2025-03-10T00:05:26.719+0000] {processor.py:914} INFO - Processing file /home/airflow/.local/lib/python3.12/site-packages/airflow/example_dags/example_short_circuit_operator.py for tasks to queue
[2025-03-10T00:05:26.720+0000] {logging_mixin.py:190} INFO - [2025-03-10T00:05:26.720+0000] {dagbag.py:588} INFO - Filling up the DagBag from /home/airflow/.local/lib/python3.12/site-packages/airflow/example_dags/example_short_circuit_operator.py
[2025-03-10T00:05:26.727+0000] {processor.py:925} INFO - DAG(s) 'example_short_circuit_operator' retrieved from /home/airflow/.local/lib/python3.12/site-packages/airflow/example_dags/example_short_circuit_operator.py
[2025-03-10T00:05:26.749+0000] {logging_mixin.py:190} INFO - [2025-03-10T00:05:26.749+0000] {dag.py:3239} INFO - Sync 1 DAGs
[2025-03-10T00:05:26.762+0000] {logging_mixin.py:190} INFO - [2025-03-10T00:05:26.762+0000] {dag.py:4180} INFO - Setting next_dagrun for example_short_circuit_operator to None, run_after=None
[2025-03-10T00:05:26.780+0000] {processor.py:208} INFO - Processing /home/airflow/.local/lib/python3.12/site-packages/airflow/example_dags/example_short_circuit_operator.py took 0.067 seconds
[2025-03-10T00:05:58.486+0000] {processor.py:186} INFO - Started process (PID=47722) to work on /home/airflow/.local/lib/python3.12/site-packages/airflow/example_dags/example_short_circuit_operator.py
[2025-03-10T00:05:58.487+0000] {processor.py:914} INFO - Processing file /home/airflow/.local/lib/python3.12/site-packages/airflow/example_dags/example_short_circuit_operator.py for tasks to queue
[2025-03-10T00:05:58.489+0000] {logging_mixin.py:190} INFO - [2025-03-10T00:05:58.489+0000] {dagbag.py:588} INFO - Filling up the DagBag from /home/airflow/.local/lib/python3.12/site-packages/airflow/example_dags/example_short_circuit_operator.py
[2025-03-10T00:05:58.497+0000] {processor.py:925} INFO - DAG(s) 'example_short_circuit_operator' retrieved from /home/airflow/.local/lib/python3.12/site-packages/airflow/example_dags/example_short_circuit_operator.py
[2025-03-10T00:05:58.524+0000] {logging_mixin.py:190} INFO - [2025-03-10T00:05:58.524+0000] {dag.py:3239} INFO - Sync 1 DAGs
[2025-03-10T00:05:58.537+0000] {logging_mixin.py:190} INFO - [2025-03-10T00:05:58.537+0000] {dag.py:4180} INFO - Setting next_dagrun for example_short_circuit_operator to None, run_after=None
[2025-03-10T00:05:58.557+0000] {processor.py:208} INFO - Processing /home/airflow/.local/lib/python3.12/site-packages/airflow/example_dags/example_short_circuit_operator.py took 0.076 seconds
[2025-03-10T00:06:29.308+0000] {processor.py:186} INFO - Started process (PID=47791) to work on /home/airflow/.local/lib/python3.12/site-packages/airflow/example_dags/example_short_circuit_operator.py
[2025-03-10T00:06:29.310+0000] {processor.py:914} INFO - Processing file /home/airflow/.local/lib/python3.12/site-packages/airflow/example_dags/example_short_circuit_operator.py for tasks to queue
[2025-03-10T00:06:29.312+0000] {logging_mixin.py:190} INFO - [2025-03-10T00:06:29.311+0000] {dagbag.py:588} INFO - Filling up the DagBag from /home/airflow/.local/lib/python3.12/site-packages/airflow/example_dags/example_short_circuit_operator.py
[2025-03-10T00:06:29.323+0000] {processor.py:925} INFO - DAG(s) 'example_short_circuit_operator' retrieved from /home/airflow/.local/lib/python3.12/site-packages/airflow/example_dags/example_short_circuit_operator.py
[2025-03-10T00:06:29.345+0000] {logging_mixin.py:190} INFO - [2025-03-10T00:06:29.345+0000] {dag.py:3239} INFO - Sync 1 DAGs
[2025-03-10T00:06:29.359+0000] {logging_mixin.py:190} INFO - [2025-03-10T00:06:29.359+0000] {dag.py:4180} INFO - Setting next_dagrun for example_short_circuit_operator to None, run_after=None
[2025-03-10T00:06:29.383+0000] {processor.py:208} INFO - Processing /home/airflow/.local/lib/python3.12/site-packages/airflow/example_dags/example_short_circuit_operator.py took 0.081 seconds
[2025-03-10T00:07:01.498+0000] {processor.py:186} INFO - Started process (PID=47861) to work on /home/airflow/.local/lib/python3.12/site-packages/airflow/example_dags/example_short_circuit_operator.py
[2025-03-10T00:07:01.499+0000] {processor.py:914} INFO - Processing file /home/airflow/.local/lib/python3.12/site-packages/airflow/example_dags/example_short_circuit_operator.py for tasks to queue
[2025-03-10T00:07:01.501+0000] {logging_mixin.py:190} INFO - [2025-03-10T00:07:01.500+0000] {dagbag.py:588} INFO - Filling up the DagBag from /home/airflow/.local/lib/python3.12/site-packages/airflow/example_dags/example_short_circuit_operator.py
[2025-03-10T00:07:01.509+0000] {processor.py:925} INFO - DAG(s) 'example_short_circuit_operator' retrieved from /home/airflow/.local/lib/python3.12/site-packages/airflow/example_dags/example_short_circuit_operator.py
[2025-03-10T00:07:01.535+0000] {logging_mixin.py:190} INFO - [2025-03-10T00:07:01.534+0000] {dag.py:3239} INFO - Sync 1 DAGs
[2025-03-10T00:07:01.556+0000] {logging_mixin.py:190} INFO - [2025-03-10T00:07:01.556+0000] {dag.py:4180} INFO - Setting next_dagrun for example_short_circuit_operator to None, run_after=None
[2025-03-10T00:07:01.587+0000] {processor.py:208} INFO - Processing /home/airflow/.local/lib/python3.12/site-packages/airflow/example_dags/example_short_circuit_operator.py took 0.093 seconds
