[2025-03-10T00:00:10.754+0000] {processor.py:186} INFO - Started process (PID=46995) to work on /home/airflow/.local/lib/python3.12/site-packages/airflow/example_dags/example_python_operator.py
[2025-03-10T00:00:10.755+0000] {processor.py:914} INFO - Processing file /home/airflow/.local/lib/python3.12/site-packages/airflow/example_dags/example_python_operator.py for tasks to queue
[2025-03-10T00:00:10.756+0000] {logging_mixin.py:190} INFO - [2025-03-10T00:00:10.756+0000] {dagbag.py:588} INFO - Filling up the DagBag from /home/airflow/.local/lib/python3.12/site-packages/airflow/example_dags/example_python_operator.py
[2025-03-10T00:00:10.767+0000] {processor.py:925} INFO - DAG(s) 'example_python_operator' retrieved from /home/airflow/.local/lib/python3.12/site-packages/airflow/example_dags/example_python_operator.py
[2025-03-10T00:00:10.788+0000] {logging_mixin.py:190} INFO - [2025-03-10T00:00:10.788+0000] {dag.py:3239} INFO - Sync 1 DAGs
[2025-03-10T00:00:10.801+0000] {logging_mixin.py:190} INFO - [2025-03-10T00:00:10.801+0000] {dag.py:4180} INFO - Setting next_dagrun for example_python_operator to None, run_after=None
[2025-03-10T00:00:10.820+0000] {processor.py:208} INFO - Processing /home/airflow/.local/lib/python3.12/site-packages/airflow/example_dags/example_python_operator.py took 0.070 seconds
[2025-03-10T00:00:42.571+0000] {processor.py:186} INFO - Started process (PID=47061) to work on /home/airflow/.local/lib/python3.12/site-packages/airflow/example_dags/example_python_operator.py
[2025-03-10T00:00:42.572+0000] {processor.py:914} INFO - Processing file /home/airflow/.local/lib/python3.12/site-packages/airflow/example_dags/example_python_operator.py for tasks to queue
[2025-03-10T00:00:42.574+0000] {logging_mixin.py:190} INFO - [2025-03-10T00:00:42.573+0000] {dagbag.py:588} INFO - Filling up the DagBag from /home/airflow/.local/lib/python3.12/site-packages/airflow/example_dags/example_python_operator.py
[2025-03-10T00:00:42.585+0000] {processor.py:925} INFO - DAG(s) 'example_python_operator' retrieved from /home/airflow/.local/lib/python3.12/site-packages/airflow/example_dags/example_python_operator.py
[2025-03-10T00:00:42.607+0000] {logging_mixin.py:190} INFO - [2025-03-10T00:00:42.606+0000] {dag.py:3239} INFO - Sync 1 DAGs
[2025-03-10T00:00:42.620+0000] {logging_mixin.py:190} INFO - [2025-03-10T00:00:42.620+0000] {dag.py:4180} INFO - Setting next_dagrun for example_python_operator to None, run_after=None
[2025-03-10T00:00:42.640+0000] {processor.py:208} INFO - Processing /home/airflow/.local/lib/python3.12/site-packages/airflow/example_dags/example_python_operator.py took 0.073 seconds
[2025-03-10T00:01:14.474+0000] {processor.py:186} INFO - Started process (PID=47127) to work on /home/airflow/.local/lib/python3.12/site-packages/airflow/example_dags/example_python_operator.py
[2025-03-10T00:01:14.475+0000] {processor.py:914} INFO - Processing file /home/airflow/.local/lib/python3.12/site-packages/airflow/example_dags/example_python_operator.py for tasks to queue
[2025-03-10T00:01:14.477+0000] {logging_mixin.py:190} INFO - [2025-03-10T00:01:14.477+0000] {dagbag.py:588} INFO - Filling up the DagBag from /home/airflow/.local/lib/python3.12/site-packages/airflow/example_dags/example_python_operator.py
[2025-03-10T00:01:14.488+0000] {processor.py:925} INFO - DAG(s) 'example_python_operator' retrieved from /home/airflow/.local/lib/python3.12/site-packages/airflow/example_dags/example_python_operator.py
[2025-03-10T00:01:14.512+0000] {logging_mixin.py:190} INFO - [2025-03-10T00:01:14.512+0000] {dag.py:3239} INFO - Sync 1 DAGs
[2025-03-10T00:01:14.527+0000] {logging_mixin.py:190} INFO - [2025-03-10T00:01:14.527+0000] {dag.py:4180} INFO - Setting next_dagrun for example_python_operator to None, run_after=None
[2025-03-10T00:01:14.550+0000] {processor.py:208} INFO - Processing /home/airflow/.local/lib/python3.12/site-packages/airflow/example_dags/example_python_operator.py took 0.081 seconds
[2025-03-10T00:01:46.245+0000] {processor.py:186} INFO - Started process (PID=47193) to work on /home/airflow/.local/lib/python3.12/site-packages/airflow/example_dags/example_python_operator.py
[2025-03-10T00:01:46.246+0000] {processor.py:914} INFO - Processing file /home/airflow/.local/lib/python3.12/site-packages/airflow/example_dags/example_python_operator.py for tasks to queue
[2025-03-10T00:01:46.247+0000] {logging_mixin.py:190} INFO - [2025-03-10T00:01:46.247+0000] {dagbag.py:588} INFO - Filling up the DagBag from /home/airflow/.local/lib/python3.12/site-packages/airflow/example_dags/example_python_operator.py
[2025-03-10T00:01:46.256+0000] {processor.py:925} INFO - DAG(s) 'example_python_operator' retrieved from /home/airflow/.local/lib/python3.12/site-packages/airflow/example_dags/example_python_operator.py
[2025-03-10T00:01:46.276+0000] {logging_mixin.py:190} INFO - [2025-03-10T00:01:46.276+0000] {dag.py:3239} INFO - Sync 1 DAGs
[2025-03-10T00:01:46.290+0000] {logging_mixin.py:190} INFO - [2025-03-10T00:01:46.289+0000] {dag.py:4180} INFO - Setting next_dagrun for example_python_operator to None, run_after=None
[2025-03-10T00:01:46.312+0000] {processor.py:208} INFO - Processing /home/airflow/.local/lib/python3.12/site-packages/airflow/example_dags/example_python_operator.py took 0.072 seconds
[2025-03-10T00:02:17.456+0000] {processor.py:186} INFO - Started process (PID=47259) to work on /home/airflow/.local/lib/python3.12/site-packages/airflow/example_dags/example_python_operator.py
[2025-03-10T00:02:17.458+0000] {processor.py:914} INFO - Processing file /home/airflow/.local/lib/python3.12/site-packages/airflow/example_dags/example_python_operator.py for tasks to queue
[2025-03-10T00:02:17.460+0000] {logging_mixin.py:190} INFO - [2025-03-10T00:02:17.460+0000] {dagbag.py:588} INFO - Filling up the DagBag from /home/airflow/.local/lib/python3.12/site-packages/airflow/example_dags/example_python_operator.py
[2025-03-10T00:02:17.475+0000] {processor.py:925} INFO - DAG(s) 'example_python_operator' retrieved from /home/airflow/.local/lib/python3.12/site-packages/airflow/example_dags/example_python_operator.py
[2025-03-10T00:02:17.498+0000] {logging_mixin.py:190} INFO - [2025-03-10T00:02:17.498+0000] {dag.py:3239} INFO - Sync 1 DAGs
[2025-03-10T00:02:17.519+0000] {logging_mixin.py:190} INFO - [2025-03-10T00:02:17.519+0000] {dag.py:4180} INFO - Setting next_dagrun for example_python_operator to None, run_after=None
[2025-03-10T00:02:17.542+0000] {processor.py:208} INFO - Processing /home/airflow/.local/lib/python3.12/site-packages/airflow/example_dags/example_python_operator.py took 0.094 seconds
[2025-03-10T00:02:49.043+0000] {processor.py:186} INFO - Started process (PID=47325) to work on /home/airflow/.local/lib/python3.12/site-packages/airflow/example_dags/example_python_operator.py
[2025-03-10T00:02:49.044+0000] {processor.py:914} INFO - Processing file /home/airflow/.local/lib/python3.12/site-packages/airflow/example_dags/example_python_operator.py for tasks to queue
[2025-03-10T00:02:49.045+0000] {logging_mixin.py:190} INFO - [2025-03-10T00:02:49.045+0000] {dagbag.py:588} INFO - Filling up the DagBag from /home/airflow/.local/lib/python3.12/site-packages/airflow/example_dags/example_python_operator.py
[2025-03-10T00:02:49.058+0000] {processor.py:925} INFO - DAG(s) 'example_python_operator' retrieved from /home/airflow/.local/lib/python3.12/site-packages/airflow/example_dags/example_python_operator.py
[2025-03-10T00:02:49.081+0000] {logging_mixin.py:190} INFO - [2025-03-10T00:02:49.081+0000] {dag.py:3239} INFO - Sync 1 DAGs
[2025-03-10T00:02:49.094+0000] {logging_mixin.py:190} INFO - [2025-03-10T00:02:49.094+0000] {dag.py:4180} INFO - Setting next_dagrun for example_python_operator to None, run_after=None
[2025-03-10T00:02:49.116+0000] {processor.py:208} INFO - Processing /home/airflow/.local/lib/python3.12/site-packages/airflow/example_dags/example_python_operator.py took 0.077 seconds
[2025-03-10T00:03:20.166+0000] {processor.py:186} INFO - Started process (PID=47391) to work on /home/airflow/.local/lib/python3.12/site-packages/airflow/example_dags/example_python_operator.py
[2025-03-10T00:03:20.167+0000] {processor.py:914} INFO - Processing file /home/airflow/.local/lib/python3.12/site-packages/airflow/example_dags/example_python_operator.py for tasks to queue
[2025-03-10T00:03:20.168+0000] {logging_mixin.py:190} INFO - [2025-03-10T00:03:20.168+0000] {dagbag.py:588} INFO - Filling up the DagBag from /home/airflow/.local/lib/python3.12/site-packages/airflow/example_dags/example_python_operator.py
[2025-03-10T00:03:20.178+0000] {processor.py:925} INFO - DAG(s) 'example_python_operator' retrieved from /home/airflow/.local/lib/python3.12/site-packages/airflow/example_dags/example_python_operator.py
[2025-03-10T00:03:20.200+0000] {logging_mixin.py:190} INFO - [2025-03-10T00:03:20.200+0000] {dag.py:3239} INFO - Sync 1 DAGs
[2025-03-10T00:03:20.215+0000] {logging_mixin.py:190} INFO - [2025-03-10T00:03:20.215+0000] {dag.py:4180} INFO - Setting next_dagrun for example_python_operator to None, run_after=None
[2025-03-10T00:03:20.238+0000] {processor.py:208} INFO - Processing /home/airflow/.local/lib/python3.12/site-packages/airflow/example_dags/example_python_operator.py took 0.077 seconds
[2025-03-10T00:03:51.721+0000] {processor.py:186} INFO - Started process (PID=47457) to work on /home/airflow/.local/lib/python3.12/site-packages/airflow/example_dags/example_python_operator.py
[2025-03-10T00:03:51.722+0000] {processor.py:914} INFO - Processing file /home/airflow/.local/lib/python3.12/site-packages/airflow/example_dags/example_python_operator.py for tasks to queue
[2025-03-10T00:03:51.723+0000] {logging_mixin.py:190} INFO - [2025-03-10T00:03:51.723+0000] {dagbag.py:588} INFO - Filling up the DagBag from /home/airflow/.local/lib/python3.12/site-packages/airflow/example_dags/example_python_operator.py
[2025-03-10T00:03:51.734+0000] {processor.py:925} INFO - DAG(s) 'example_python_operator' retrieved from /home/airflow/.local/lib/python3.12/site-packages/airflow/example_dags/example_python_operator.py
[2025-03-10T00:03:51.755+0000] {logging_mixin.py:190} INFO - [2025-03-10T00:03:51.754+0000] {dag.py:3239} INFO - Sync 1 DAGs
[2025-03-10T00:03:51.768+0000] {logging_mixin.py:190} INFO - [2025-03-10T00:03:51.768+0000] {dag.py:4180} INFO - Setting next_dagrun for example_python_operator to None, run_after=None
[2025-03-10T00:03:51.788+0000] {processor.py:208} INFO - Processing /home/airflow/.local/lib/python3.12/site-packages/airflow/example_dags/example_python_operator.py took 0.071 seconds
[2025-03-10T00:04:23.359+0000] {processor.py:186} INFO - Started process (PID=47523) to work on /home/airflow/.local/lib/python3.12/site-packages/airflow/example_dags/example_python_operator.py
[2025-03-10T00:04:23.361+0000] {processor.py:914} INFO - Processing file /home/airflow/.local/lib/python3.12/site-packages/airflow/example_dags/example_python_operator.py for tasks to queue
[2025-03-10T00:04:23.363+0000] {logging_mixin.py:190} INFO - [2025-03-10T00:04:23.362+0000] {dagbag.py:588} INFO - Filling up the DagBag from /home/airflow/.local/lib/python3.12/site-packages/airflow/example_dags/example_python_operator.py
[2025-03-10T00:04:23.377+0000] {processor.py:925} INFO - DAG(s) 'example_python_operator' retrieved from /home/airflow/.local/lib/python3.12/site-packages/airflow/example_dags/example_python_operator.py
[2025-03-10T00:04:23.404+0000] {logging_mixin.py:190} INFO - [2025-03-10T00:04:23.403+0000] {dag.py:3239} INFO - Sync 1 DAGs
[2025-03-10T00:04:23.421+0000] {logging_mixin.py:190} INFO - [2025-03-10T00:04:23.421+0000] {dag.py:4180} INFO - Setting next_dagrun for example_python_operator to None, run_after=None
[2025-03-10T00:04:23.453+0000] {processor.py:208} INFO - Processing /home/airflow/.local/lib/python3.12/site-packages/airflow/example_dags/example_python_operator.py took 0.099 seconds
[2025-03-10T00:04:54.863+0000] {processor.py:186} INFO - Started process (PID=47589) to work on /home/airflow/.local/lib/python3.12/site-packages/airflow/example_dags/example_python_operator.py
[2025-03-10T00:04:54.864+0000] {processor.py:914} INFO - Processing file /home/airflow/.local/lib/python3.12/site-packages/airflow/example_dags/example_python_operator.py for tasks to queue
[2025-03-10T00:04:54.865+0000] {logging_mixin.py:190} INFO - [2025-03-10T00:04:54.865+0000] {dagbag.py:588} INFO - Filling up the DagBag from /home/airflow/.local/lib/python3.12/site-packages/airflow/example_dags/example_python_operator.py
[2025-03-10T00:04:54.880+0000] {processor.py:925} INFO - DAG(s) 'example_python_operator' retrieved from /home/airflow/.local/lib/python3.12/site-packages/airflow/example_dags/example_python_operator.py
[2025-03-10T00:04:54.916+0000] {logging_mixin.py:190} INFO - [2025-03-10T00:04:54.916+0000] {dag.py:3239} INFO - Sync 1 DAGs
[2025-03-10T00:04:54.938+0000] {logging_mixin.py:190} INFO - [2025-03-10T00:04:54.938+0000] {dag.py:4180} INFO - Setting next_dagrun for example_python_operator to None, run_after=None
[2025-03-10T00:04:54.969+0000] {processor.py:208} INFO - Processing /home/airflow/.local/lib/python3.12/site-packages/airflow/example_dags/example_python_operator.py took 0.112 seconds
[2025-03-10T00:05:26.611+0000] {processor.py:186} INFO - Started process (PID=47655) to work on /home/airflow/.local/lib/python3.12/site-packages/airflow/example_dags/example_python_operator.py
[2025-03-10T00:05:26.613+0000] {processor.py:914} INFO - Processing file /home/airflow/.local/lib/python3.12/site-packages/airflow/example_dags/example_python_operator.py for tasks to queue
[2025-03-10T00:05:26.614+0000] {logging_mixin.py:190} INFO - [2025-03-10T00:05:26.613+0000] {dagbag.py:588} INFO - Filling up the DagBag from /home/airflow/.local/lib/python3.12/site-packages/airflow/example_dags/example_python_operator.py
[2025-03-10T00:05:26.625+0000] {processor.py:925} INFO - DAG(s) 'example_python_operator' retrieved from /home/airflow/.local/lib/python3.12/site-packages/airflow/example_dags/example_python_operator.py
[2025-03-10T00:05:26.647+0000] {logging_mixin.py:190} INFO - [2025-03-10T00:05:26.647+0000] {dag.py:3239} INFO - Sync 1 DAGs
[2025-03-10T00:05:26.661+0000] {logging_mixin.py:190} INFO - [2025-03-10T00:05:26.661+0000] {dag.py:4180} INFO - Setting next_dagrun for example_python_operator to None, run_after=None
[2025-03-10T00:05:26.680+0000] {processor.py:208} INFO - Processing /home/airflow/.local/lib/python3.12/site-packages/airflow/example_dags/example_python_operator.py took 0.074 seconds
[2025-03-10T00:05:58.337+0000] {processor.py:186} INFO - Started process (PID=47721) to work on /home/airflow/.local/lib/python3.12/site-packages/airflow/example_dags/example_python_operator.py
[2025-03-10T00:05:58.339+0000] {processor.py:914} INFO - Processing file /home/airflow/.local/lib/python3.12/site-packages/airflow/example_dags/example_python_operator.py for tasks to queue
[2025-03-10T00:05:58.342+0000] {logging_mixin.py:190} INFO - [2025-03-10T00:05:58.341+0000] {dagbag.py:588} INFO - Filling up the DagBag from /home/airflow/.local/lib/python3.12/site-packages/airflow/example_dags/example_python_operator.py
[2025-03-10T00:05:58.359+0000] {processor.py:925} INFO - DAG(s) 'example_python_operator' retrieved from /home/airflow/.local/lib/python3.12/site-packages/airflow/example_dags/example_python_operator.py
[2025-03-10T00:05:58.396+0000] {logging_mixin.py:190} INFO - [2025-03-10T00:05:58.396+0000] {dag.py:3239} INFO - Sync 1 DAGs
[2025-03-10T00:05:58.429+0000] {logging_mixin.py:190} INFO - [2025-03-10T00:05:58.429+0000] {dag.py:4180} INFO - Setting next_dagrun for example_python_operator to None, run_after=None
[2025-03-10T00:05:58.451+0000] {processor.py:208} INFO - Processing /home/airflow/.local/lib/python3.12/site-packages/airflow/example_dags/example_python_operator.py took 0.123 seconds
[2025-03-10T00:06:29.177+0000] {processor.py:186} INFO - Started process (PID=47790) to work on /home/airflow/.local/lib/python3.12/site-packages/airflow/example_dags/example_python_operator.py
[2025-03-10T00:06:29.178+0000] {processor.py:914} INFO - Processing file /home/airflow/.local/lib/python3.12/site-packages/airflow/example_dags/example_python_operator.py for tasks to queue
[2025-03-10T00:06:29.179+0000] {logging_mixin.py:190} INFO - [2025-03-10T00:06:29.179+0000] {dagbag.py:588} INFO - Filling up the DagBag from /home/airflow/.local/lib/python3.12/site-packages/airflow/example_dags/example_python_operator.py
[2025-03-10T00:06:29.192+0000] {processor.py:925} INFO - DAG(s) 'example_python_operator' retrieved from /home/airflow/.local/lib/python3.12/site-packages/airflow/example_dags/example_python_operator.py
[2025-03-10T00:06:29.220+0000] {logging_mixin.py:190} INFO - [2025-03-10T00:06:29.220+0000] {dag.py:3239} INFO - Sync 1 DAGs
[2025-03-10T00:06:29.237+0000] {logging_mixin.py:190} INFO - [2025-03-10T00:06:29.236+0000] {dag.py:4180} INFO - Setting next_dagrun for example_python_operator to None, run_after=None
[2025-03-10T00:06:29.266+0000] {processor.py:208} INFO - Processing /home/airflow/.local/lib/python3.12/site-packages/airflow/example_dags/example_python_operator.py took 0.100 seconds
[2025-03-10T00:07:01.370+0000] {processor.py:186} INFO - Started process (PID=47860) to work on /home/airflow/.local/lib/python3.12/site-packages/airflow/example_dags/example_python_operator.py
[2025-03-10T00:07:01.371+0000] {processor.py:914} INFO - Processing file /home/airflow/.local/lib/python3.12/site-packages/airflow/example_dags/example_python_operator.py for tasks to queue
[2025-03-10T00:07:01.373+0000] {logging_mixin.py:190} INFO - [2025-03-10T00:07:01.372+0000] {dagbag.py:588} INFO - Filling up the DagBag from /home/airflow/.local/lib/python3.12/site-packages/airflow/example_dags/example_python_operator.py
[2025-03-10T00:07:01.384+0000] {processor.py:925} INFO - DAG(s) 'example_python_operator' retrieved from /home/airflow/.local/lib/python3.12/site-packages/airflow/example_dags/example_python_operator.py
[2025-03-10T00:07:01.407+0000] {logging_mixin.py:190} INFO - [2025-03-10T00:07:01.407+0000] {dag.py:3239} INFO - Sync 1 DAGs
[2025-03-10T00:07:01.423+0000] {logging_mixin.py:190} INFO - [2025-03-10T00:07:01.422+0000] {dag.py:4180} INFO - Setting next_dagrun for example_python_operator to None, run_after=None
[2025-03-10T00:07:01.446+0000] {processor.py:208} INFO - Processing /home/airflow/.local/lib/python3.12/site-packages/airflow/example_dags/example_python_operator.py took 0.082 seconds
