[2025-03-10T00:00:13.580+0000] {processor.py:186} INFO - Started process (PID=47028) to work on /home/airflow/.local/lib/python3.12/site-packages/airflow/example_dags/example_dataset_alias.py
[2025-03-10T00:00:13.581+0000] {processor.py:914} INFO - Processing file /home/airflow/.local/lib/python3.12/site-packages/airflow/example_dags/example_dataset_alias.py for tasks to queue
[2025-03-10T00:00:13.582+0000] {logging_mixin.py:190} INFO - [2025-03-10T00:00:13.582+0000] {dagbag.py:588} INFO - Filling up the DagBag from /home/airflow/.local/lib/python3.12/site-packages/airflow/example_dags/example_dataset_alias.py
[2025-03-10T00:00:14.112+0000] {processor.py:925} INFO - DAG(s) 'dataset_s3_bucket_producer', 'dataset_alias_example_alias_consumer', 'dataset_s3_bucket_consumer', 'dataset_alias_example_alias_producer' retrieved from /home/airflow/.local/lib/python3.12/site-packages/airflow/example_dags/example_dataset_alias.py
[2025-03-10T00:00:14.132+0000] {logging_mixin.py:190} INFO - [2025-03-10T00:00:14.132+0000] {dag.py:3239} INFO - Sync 4 DAGs
[2025-03-10T00:00:14.153+0000] {logging_mixin.py:190} INFO - [2025-03-10T00:00:14.152+0000] {dag.py:4180} INFO - Setting next_dagrun for dataset_alias_example_alias_consumer to None, run_after=None
[2025-03-10T00:00:14.156+0000] {logging_mixin.py:190} INFO - [2025-03-10T00:00:14.156+0000] {dag.py:4180} INFO - Setting next_dagrun for dataset_alias_example_alias_producer to None, run_after=None
[2025-03-10T00:00:14.159+0000] {logging_mixin.py:190} INFO - [2025-03-10T00:00:14.159+0000] {dag.py:4180} INFO - Setting next_dagrun for dataset_s3_bucket_consumer to None, run_after=None
[2025-03-10T00:00:14.161+0000] {logging_mixin.py:190} INFO - [2025-03-10T00:00:14.161+0000] {dag.py:4180} INFO - Setting next_dagrun for dataset_s3_bucket_producer to None, run_after=None
[2025-03-10T00:00:14.184+0000] {processor.py:208} INFO - Processing /home/airflow/.local/lib/python3.12/site-packages/airflow/example_dags/example_dataset_alias.py took 0.609 seconds
[2025-03-10T00:00:45.399+0000] {processor.py:186} INFO - Started process (PID=47094) to work on /home/airflow/.local/lib/python3.12/site-packages/airflow/example_dags/example_dataset_alias.py
[2025-03-10T00:00:45.404+0000] {processor.py:914} INFO - Processing file /home/airflow/.local/lib/python3.12/site-packages/airflow/example_dags/example_dataset_alias.py for tasks to queue
[2025-03-10T00:00:45.406+0000] {logging_mixin.py:190} INFO - [2025-03-10T00:00:45.405+0000] {dagbag.py:588} INFO - Filling up the DagBag from /home/airflow/.local/lib/python3.12/site-packages/airflow/example_dags/example_dataset_alias.py
[2025-03-10T00:00:45.984+0000] {processor.py:925} INFO - DAG(s) 'dataset_s3_bucket_producer', 'dataset_alias_example_alias_consumer', 'dataset_alias_example_alias_producer', 'dataset_s3_bucket_consumer' retrieved from /home/airflow/.local/lib/python3.12/site-packages/airflow/example_dags/example_dataset_alias.py
[2025-03-10T00:00:46.007+0000] {logging_mixin.py:190} INFO - [2025-03-10T00:00:46.006+0000] {dag.py:3239} INFO - Sync 4 DAGs
[2025-03-10T00:00:46.028+0000] {logging_mixin.py:190} INFO - [2025-03-10T00:00:46.028+0000] {dag.py:4180} INFO - Setting next_dagrun for dataset_alias_example_alias_consumer to None, run_after=None
[2025-03-10T00:00:46.031+0000] {logging_mixin.py:190} INFO - [2025-03-10T00:00:46.031+0000] {dag.py:4180} INFO - Setting next_dagrun for dataset_alias_example_alias_producer to None, run_after=None
[2025-03-10T00:00:46.033+0000] {logging_mixin.py:190} INFO - [2025-03-10T00:00:46.033+0000] {dag.py:4180} INFO - Setting next_dagrun for dataset_s3_bucket_consumer to None, run_after=None
[2025-03-10T00:00:46.035+0000] {logging_mixin.py:190} INFO - [2025-03-10T00:00:46.035+0000] {dag.py:4180} INFO - Setting next_dagrun for dataset_s3_bucket_producer to None, run_after=None
[2025-03-10T00:00:46.062+0000] {processor.py:208} INFO - Processing /home/airflow/.local/lib/python3.12/site-packages/airflow/example_dags/example_dataset_alias.py took 0.669 seconds
[2025-03-10T00:01:17.300+0000] {processor.py:186} INFO - Started process (PID=47158) to work on /home/airflow/.local/lib/python3.12/site-packages/airflow/example_dags/example_dataset_alias.py
[2025-03-10T00:01:17.301+0000] {processor.py:914} INFO - Processing file /home/airflow/.local/lib/python3.12/site-packages/airflow/example_dags/example_dataset_alias.py for tasks to queue
[2025-03-10T00:01:17.302+0000] {logging_mixin.py:190} INFO - [2025-03-10T00:01:17.302+0000] {dagbag.py:588} INFO - Filling up the DagBag from /home/airflow/.local/lib/python3.12/site-packages/airflow/example_dags/example_dataset_alias.py
[2025-03-10T00:01:17.838+0000] {processor.py:925} INFO - DAG(s) 'dataset_s3_bucket_producer', 'dataset_alias_example_alias_consumer', 'dataset_alias_example_alias_producer', 'dataset_s3_bucket_consumer' retrieved from /home/airflow/.local/lib/python3.12/site-packages/airflow/example_dags/example_dataset_alias.py
[2025-03-10T00:01:17.860+0000] {logging_mixin.py:190} INFO - [2025-03-10T00:01:17.860+0000] {dag.py:3239} INFO - Sync 4 DAGs
[2025-03-10T00:01:17.881+0000] {logging_mixin.py:190} INFO - [2025-03-10T00:01:17.881+0000] {dag.py:4180} INFO - Setting next_dagrun for dataset_alias_example_alias_consumer to None, run_after=None
[2025-03-10T00:01:17.885+0000] {logging_mixin.py:190} INFO - [2025-03-10T00:01:17.885+0000] {dag.py:4180} INFO - Setting next_dagrun for dataset_alias_example_alias_producer to None, run_after=None
[2025-03-10T00:01:17.887+0000] {logging_mixin.py:190} INFO - [2025-03-10T00:01:17.887+0000] {dag.py:4180} INFO - Setting next_dagrun for dataset_s3_bucket_consumer to None, run_after=None
[2025-03-10T00:01:17.889+0000] {logging_mixin.py:190} INFO - [2025-03-10T00:01:17.889+0000] {dag.py:4180} INFO - Setting next_dagrun for dataset_s3_bucket_producer to None, run_after=None
[2025-03-10T00:01:17.916+0000] {processor.py:208} INFO - Processing /home/airflow/.local/lib/python3.12/site-packages/airflow/example_dags/example_dataset_alias.py took 0.622 seconds
[2025-03-10T00:01:49.856+0000] {processor.py:186} INFO - Started process (PID=47226) to work on /home/airflow/.local/lib/python3.12/site-packages/airflow/example_dags/example_dataset_alias.py
[2025-03-10T00:01:49.857+0000] {processor.py:914} INFO - Processing file /home/airflow/.local/lib/python3.12/site-packages/airflow/example_dags/example_dataset_alias.py for tasks to queue
[2025-03-10T00:01:49.859+0000] {logging_mixin.py:190} INFO - [2025-03-10T00:01:49.859+0000] {dagbag.py:588} INFO - Filling up the DagBag from /home/airflow/.local/lib/python3.12/site-packages/airflow/example_dags/example_dataset_alias.py
[2025-03-10T00:01:50.871+0000] {processor.py:925} INFO - DAG(s) 'dataset_alias_example_alias_consumer', 'dataset_s3_bucket_producer', 'dataset_s3_bucket_consumer', 'dataset_alias_example_alias_producer' retrieved from /home/airflow/.local/lib/python3.12/site-packages/airflow/example_dags/example_dataset_alias.py
[2025-03-10T00:01:50.923+0000] {logging_mixin.py:190} INFO - [2025-03-10T00:01:50.922+0000] {dag.py:3239} INFO - Sync 4 DAGs
[2025-03-10T00:01:50.974+0000] {logging_mixin.py:190} INFO - [2025-03-10T00:01:50.974+0000] {dag.py:4180} INFO - Setting next_dagrun for dataset_alias_example_alias_consumer to None, run_after=None
[2025-03-10T00:01:50.981+0000] {logging_mixin.py:190} INFO - [2025-03-10T00:01:50.981+0000] {dag.py:4180} INFO - Setting next_dagrun for dataset_alias_example_alias_producer to None, run_after=None
[2025-03-10T00:01:50.985+0000] {logging_mixin.py:190} INFO - [2025-03-10T00:01:50.985+0000] {dag.py:4180} INFO - Setting next_dagrun for dataset_s3_bucket_consumer to None, run_after=None
[2025-03-10T00:01:50.989+0000] {logging_mixin.py:190} INFO - [2025-03-10T00:01:50.989+0000] {dag.py:4180} INFO - Setting next_dagrun for dataset_s3_bucket_producer to None, run_after=None
[2025-03-10T00:01:51.033+0000] {processor.py:208} INFO - Processing /home/airflow/.local/lib/python3.12/site-packages/airflow/example_dags/example_dataset_alias.py took 1.182 seconds
[2025-03-10T00:02:21.264+0000] {processor.py:186} INFO - Started process (PID=47292) to work on /home/airflow/.local/lib/python3.12/site-packages/airflow/example_dags/example_dataset_alias.py
[2025-03-10T00:02:21.265+0000] {processor.py:914} INFO - Processing file /home/airflow/.local/lib/python3.12/site-packages/airflow/example_dags/example_dataset_alias.py for tasks to queue
[2025-03-10T00:02:21.267+0000] {logging_mixin.py:190} INFO - [2025-03-10T00:02:21.266+0000] {dagbag.py:588} INFO - Filling up the DagBag from /home/airflow/.local/lib/python3.12/site-packages/airflow/example_dags/example_dataset_alias.py
[2025-03-10T00:02:21.874+0000] {processor.py:925} INFO - DAG(s) 'dataset_s3_bucket_consumer', 'dataset_alias_example_alias_consumer', 'dataset_s3_bucket_producer', 'dataset_alias_example_alias_producer' retrieved from /home/airflow/.local/lib/python3.12/site-packages/airflow/example_dags/example_dataset_alias.py
[2025-03-10T00:02:21.897+0000] {logging_mixin.py:190} INFO - [2025-03-10T00:02:21.896+0000] {dag.py:3239} INFO - Sync 4 DAGs
[2025-03-10T00:02:21.922+0000] {logging_mixin.py:190} INFO - [2025-03-10T00:02:21.921+0000] {dag.py:4180} INFO - Setting next_dagrun for dataset_alias_example_alias_consumer to None, run_after=None
[2025-03-10T00:02:21.925+0000] {logging_mixin.py:190} INFO - [2025-03-10T00:02:21.924+0000] {dag.py:4180} INFO - Setting next_dagrun for dataset_alias_example_alias_producer to None, run_after=None
[2025-03-10T00:02:21.927+0000] {logging_mixin.py:190} INFO - [2025-03-10T00:02:21.926+0000] {dag.py:4180} INFO - Setting next_dagrun for dataset_s3_bucket_consumer to None, run_after=None
[2025-03-10T00:02:21.929+0000] {logging_mixin.py:190} INFO - [2025-03-10T00:02:21.928+0000] {dag.py:4180} INFO - Setting next_dagrun for dataset_s3_bucket_producer to None, run_after=None
[2025-03-10T00:02:21.952+0000] {processor.py:208} INFO - Processing /home/airflow/.local/lib/python3.12/site-packages/airflow/example_dags/example_dataset_alias.py took 0.693 seconds
[2025-03-10T00:02:52.066+0000] {processor.py:186} INFO - Started process (PID=47358) to work on /home/airflow/.local/lib/python3.12/site-packages/airflow/example_dags/example_dataset_alias.py
[2025-03-10T00:02:52.067+0000] {processor.py:914} INFO - Processing file /home/airflow/.local/lib/python3.12/site-packages/airflow/example_dags/example_dataset_alias.py for tasks to queue
[2025-03-10T00:02:52.069+0000] {logging_mixin.py:190} INFO - [2025-03-10T00:02:52.068+0000] {dagbag.py:588} INFO - Filling up the DagBag from /home/airflow/.local/lib/python3.12/site-packages/airflow/example_dags/example_dataset_alias.py
[2025-03-10T00:02:52.635+0000] {processor.py:925} INFO - DAG(s) 'dataset_s3_bucket_consumer', 'dataset_s3_bucket_producer', 'dataset_alias_example_alias_producer', 'dataset_alias_example_alias_consumer' retrieved from /home/airflow/.local/lib/python3.12/site-packages/airflow/example_dags/example_dataset_alias.py
[2025-03-10T00:02:52.658+0000] {logging_mixin.py:190} INFO - [2025-03-10T00:02:52.658+0000] {dag.py:3239} INFO - Sync 4 DAGs
[2025-03-10T00:02:52.681+0000] {logging_mixin.py:190} INFO - [2025-03-10T00:02:52.681+0000] {dag.py:4180} INFO - Setting next_dagrun for dataset_alias_example_alias_consumer to None, run_after=None
[2025-03-10T00:02:52.685+0000] {logging_mixin.py:190} INFO - [2025-03-10T00:02:52.684+0000] {dag.py:4180} INFO - Setting next_dagrun for dataset_alias_example_alias_producer to None, run_after=None
[2025-03-10T00:02:52.687+0000] {logging_mixin.py:190} INFO - [2025-03-10T00:02:52.687+0000] {dag.py:4180} INFO - Setting next_dagrun for dataset_s3_bucket_consumer to None, run_after=None
[2025-03-10T00:02:52.688+0000] {logging_mixin.py:190} INFO - [2025-03-10T00:02:52.688+0000] {dag.py:4180} INFO - Setting next_dagrun for dataset_s3_bucket_producer to None, run_after=None
[2025-03-10T00:02:52.713+0000] {processor.py:208} INFO - Processing /home/airflow/.local/lib/python3.12/site-packages/airflow/example_dags/example_dataset_alias.py took 0.652 seconds
[2025-03-10T00:03:22.839+0000] {processor.py:186} INFO - Started process (PID=47422) to work on /home/airflow/.local/lib/python3.12/site-packages/airflow/example_dags/example_dataset_alias.py
[2025-03-10T00:03:22.840+0000] {processor.py:914} INFO - Processing file /home/airflow/.local/lib/python3.12/site-packages/airflow/example_dags/example_dataset_alias.py for tasks to queue
[2025-03-10T00:03:22.842+0000] {logging_mixin.py:190} INFO - [2025-03-10T00:03:22.841+0000] {dagbag.py:588} INFO - Filling up the DagBag from /home/airflow/.local/lib/python3.12/site-packages/airflow/example_dags/example_dataset_alias.py
[2025-03-10T00:03:23.368+0000] {processor.py:925} INFO - DAG(s) 'dataset_alias_example_alias_consumer', 'dataset_s3_bucket_consumer', 'dataset_s3_bucket_producer', 'dataset_alias_example_alias_producer' retrieved from /home/airflow/.local/lib/python3.12/site-packages/airflow/example_dags/example_dataset_alias.py
[2025-03-10T00:03:23.392+0000] {logging_mixin.py:190} INFO - [2025-03-10T00:03:23.392+0000] {dag.py:3239} INFO - Sync 4 DAGs
[2025-03-10T00:03:23.416+0000] {logging_mixin.py:190} INFO - [2025-03-10T00:03:23.415+0000] {dag.py:4180} INFO - Setting next_dagrun for dataset_alias_example_alias_consumer to None, run_after=None
[2025-03-10T00:03:23.419+0000] {logging_mixin.py:190} INFO - [2025-03-10T00:03:23.419+0000] {dag.py:4180} INFO - Setting next_dagrun for dataset_alias_example_alias_producer to None, run_after=None
[2025-03-10T00:03:23.421+0000] {logging_mixin.py:190} INFO - [2025-03-10T00:03:23.420+0000] {dag.py:4180} INFO - Setting next_dagrun for dataset_s3_bucket_consumer to None, run_after=None
[2025-03-10T00:03:23.422+0000] {logging_mixin.py:190} INFO - [2025-03-10T00:03:23.422+0000] {dag.py:4180} INFO - Setting next_dagrun for dataset_s3_bucket_producer to None, run_after=None
[2025-03-10T00:03:23.451+0000] {processor.py:208} INFO - Processing /home/airflow/.local/lib/python3.12/site-packages/airflow/example_dags/example_dataset_alias.py took 0.616 seconds
[2025-03-10T00:03:54.595+0000] {processor.py:186} INFO - Started process (PID=47488) to work on /home/airflow/.local/lib/python3.12/site-packages/airflow/example_dags/example_dataset_alias.py
[2025-03-10T00:03:54.597+0000] {processor.py:914} INFO - Processing file /home/airflow/.local/lib/python3.12/site-packages/airflow/example_dags/example_dataset_alias.py for tasks to queue
[2025-03-10T00:03:54.598+0000] {logging_mixin.py:190} INFO - [2025-03-10T00:03:54.597+0000] {dagbag.py:588} INFO - Filling up the DagBag from /home/airflow/.local/lib/python3.12/site-packages/airflow/example_dags/example_dataset_alias.py
[2025-03-10T00:03:55.394+0000] {processor.py:925} INFO - DAG(s) 'dataset_alias_example_alias_consumer', 'dataset_s3_bucket_consumer', 'dataset_s3_bucket_producer', 'dataset_alias_example_alias_producer' retrieved from /home/airflow/.local/lib/python3.12/site-packages/airflow/example_dags/example_dataset_alias.py
[2025-03-10T00:03:55.426+0000] {logging_mixin.py:190} INFO - [2025-03-10T00:03:55.425+0000] {dag.py:3239} INFO - Sync 4 DAGs
[2025-03-10T00:03:55.457+0000] {logging_mixin.py:190} INFO - [2025-03-10T00:03:55.457+0000] {dag.py:4180} INFO - Setting next_dagrun for dataset_alias_example_alias_consumer to None, run_after=None
[2025-03-10T00:03:55.461+0000] {logging_mixin.py:190} INFO - [2025-03-10T00:03:55.460+0000] {dag.py:4180} INFO - Setting next_dagrun for dataset_alias_example_alias_producer to None, run_after=None
[2025-03-10T00:03:55.464+0000] {logging_mixin.py:190} INFO - [2025-03-10T00:03:55.463+0000] {dag.py:4180} INFO - Setting next_dagrun for dataset_s3_bucket_consumer to None, run_after=None
[2025-03-10T00:03:55.467+0000] {logging_mixin.py:190} INFO - [2025-03-10T00:03:55.466+0000] {dag.py:4180} INFO - Setting next_dagrun for dataset_s3_bucket_producer to None, run_after=None
[2025-03-10T00:03:55.507+0000] {processor.py:208} INFO - Processing /home/airflow/.local/lib/python3.12/site-packages/airflow/example_dags/example_dataset_alias.py took 0.917 seconds
[2025-03-10T00:04:26.729+0000] {processor.py:186} INFO - Started process (PID=47556) to work on /home/airflow/.local/lib/python3.12/site-packages/airflow/example_dags/example_dataset_alias.py
[2025-03-10T00:04:26.730+0000] {processor.py:914} INFO - Processing file /home/airflow/.local/lib/python3.12/site-packages/airflow/example_dags/example_dataset_alias.py for tasks to queue
[2025-03-10T00:04:26.731+0000] {logging_mixin.py:190} INFO - [2025-03-10T00:04:26.731+0000] {dagbag.py:588} INFO - Filling up the DagBag from /home/airflow/.local/lib/python3.12/site-packages/airflow/example_dags/example_dataset_alias.py
[2025-03-10T00:04:27.321+0000] {processor.py:925} INFO - DAG(s) 'dataset_s3_bucket_producer', 'dataset_alias_example_alias_consumer', 'dataset_s3_bucket_consumer', 'dataset_alias_example_alias_producer' retrieved from /home/airflow/.local/lib/python3.12/site-packages/airflow/example_dags/example_dataset_alias.py
[2025-03-10T00:04:27.346+0000] {logging_mixin.py:190} INFO - [2025-03-10T00:04:27.345+0000] {dag.py:3239} INFO - Sync 4 DAGs
[2025-03-10T00:04:27.370+0000] {logging_mixin.py:190} INFO - [2025-03-10T00:04:27.369+0000] {dag.py:4180} INFO - Setting next_dagrun for dataset_alias_example_alias_consumer to None, run_after=None
[2025-03-10T00:04:27.373+0000] {logging_mixin.py:190} INFO - [2025-03-10T00:04:27.373+0000] {dag.py:4180} INFO - Setting next_dagrun for dataset_alias_example_alias_producer to None, run_after=None
[2025-03-10T00:04:27.376+0000] {logging_mixin.py:190} INFO - [2025-03-10T00:04:27.376+0000] {dag.py:4180} INFO - Setting next_dagrun for dataset_s3_bucket_consumer to None, run_after=None
[2025-03-10T00:04:27.378+0000] {logging_mixin.py:190} INFO - [2025-03-10T00:04:27.378+0000] {dag.py:4180} INFO - Setting next_dagrun for dataset_s3_bucket_producer to None, run_after=None
[2025-03-10T00:04:27.401+0000] {processor.py:208} INFO - Processing /home/airflow/.local/lib/python3.12/site-packages/airflow/example_dags/example_dataset_alias.py took 0.678 seconds
[2025-03-10T00:04:57.614+0000] {processor.py:186} INFO - Started process (PID=47622) to work on /home/airflow/.local/lib/python3.12/site-packages/airflow/example_dags/example_dataset_alias.py
[2025-03-10T00:04:57.615+0000] {processor.py:914} INFO - Processing file /home/airflow/.local/lib/python3.12/site-packages/airflow/example_dags/example_dataset_alias.py for tasks to queue
[2025-03-10T00:04:57.616+0000] {logging_mixin.py:190} INFO - [2025-03-10T00:04:57.616+0000] {dagbag.py:588} INFO - Filling up the DagBag from /home/airflow/.local/lib/python3.12/site-packages/airflow/example_dags/example_dataset_alias.py
[2025-03-10T00:04:58.182+0000] {processor.py:925} INFO - DAG(s) 'dataset_alias_example_alias_consumer', 'dataset_alias_example_alias_producer', 'dataset_s3_bucket_consumer', 'dataset_s3_bucket_producer' retrieved from /home/airflow/.local/lib/python3.12/site-packages/airflow/example_dags/example_dataset_alias.py
[2025-03-10T00:04:58.206+0000] {logging_mixin.py:190} INFO - [2025-03-10T00:04:58.205+0000] {dag.py:3239} INFO - Sync 4 DAGs
[2025-03-10T00:04:58.229+0000] {logging_mixin.py:190} INFO - [2025-03-10T00:04:58.229+0000] {dag.py:4180} INFO - Setting next_dagrun for dataset_alias_example_alias_consumer to None, run_after=None
[2025-03-10T00:04:58.232+0000] {logging_mixin.py:190} INFO - [2025-03-10T00:04:58.232+0000] {dag.py:4180} INFO - Setting next_dagrun for dataset_alias_example_alias_producer to None, run_after=None
[2025-03-10T00:04:58.237+0000] {logging_mixin.py:190} INFO - [2025-03-10T00:04:58.236+0000] {dag.py:4180} INFO - Setting next_dagrun for dataset_s3_bucket_consumer to None, run_after=None
[2025-03-10T00:04:58.239+0000] {logging_mixin.py:190} INFO - [2025-03-10T00:04:58.238+0000] {dag.py:4180} INFO - Setting next_dagrun for dataset_s3_bucket_producer to None, run_after=None
[2025-03-10T00:04:58.264+0000] {processor.py:208} INFO - Processing /home/airflow/.local/lib/python3.12/site-packages/airflow/example_dags/example_dataset_alias.py took 0.655 seconds
[2025-03-10T00:05:29.282+0000] {processor.py:186} INFO - Started process (PID=47688) to work on /home/airflow/.local/lib/python3.12/site-packages/airflow/example_dags/example_dataset_alias.py
[2025-03-10T00:05:29.283+0000] {processor.py:914} INFO - Processing file /home/airflow/.local/lib/python3.12/site-packages/airflow/example_dags/example_dataset_alias.py for tasks to queue
[2025-03-10T00:05:29.285+0000] {logging_mixin.py:190} INFO - [2025-03-10T00:05:29.284+0000] {dagbag.py:588} INFO - Filling up the DagBag from /home/airflow/.local/lib/python3.12/site-packages/airflow/example_dags/example_dataset_alias.py
[2025-03-10T00:05:29.827+0000] {processor.py:925} INFO - DAG(s) 'dataset_alias_example_alias_producer', 'dataset_s3_bucket_consumer', 'dataset_alias_example_alias_consumer', 'dataset_s3_bucket_producer' retrieved from /home/airflow/.local/lib/python3.12/site-packages/airflow/example_dags/example_dataset_alias.py
[2025-03-10T00:05:29.849+0000] {logging_mixin.py:190} INFO - [2025-03-10T00:05:29.848+0000] {dag.py:3239} INFO - Sync 4 DAGs
[2025-03-10T00:05:29.869+0000] {logging_mixin.py:190} INFO - [2025-03-10T00:05:29.869+0000] {dag.py:4180} INFO - Setting next_dagrun for dataset_alias_example_alias_consumer to None, run_after=None
[2025-03-10T00:05:29.872+0000] {logging_mixin.py:190} INFO - [2025-03-10T00:05:29.872+0000] {dag.py:4180} INFO - Setting next_dagrun for dataset_alias_example_alias_producer to None, run_after=None
[2025-03-10T00:05:29.874+0000] {logging_mixin.py:190} INFO - [2025-03-10T00:05:29.873+0000] {dag.py:4180} INFO - Setting next_dagrun for dataset_s3_bucket_consumer to None, run_after=None
[2025-03-10T00:05:29.875+0000] {logging_mixin.py:190} INFO - [2025-03-10T00:05:29.875+0000] {dag.py:4180} INFO - Setting next_dagrun for dataset_s3_bucket_producer to None, run_after=None
[2025-03-10T00:05:29.899+0000] {processor.py:208} INFO - Processing /home/airflow/.local/lib/python3.12/site-packages/airflow/example_dags/example_dataset_alias.py took 0.623 seconds
[2025-03-10T00:06:01.802+0000] {processor.py:186} INFO - Started process (PID=47754) to work on /home/airflow/.local/lib/python3.12/site-packages/airflow/example_dags/example_dataset_alias.py
[2025-03-10T00:06:01.804+0000] {processor.py:914} INFO - Processing file /home/airflow/.local/lib/python3.12/site-packages/airflow/example_dags/example_dataset_alias.py for tasks to queue
[2025-03-10T00:06:01.806+0000] {logging_mixin.py:190} INFO - [2025-03-10T00:06:01.805+0000] {dagbag.py:588} INFO - Filling up the DagBag from /home/airflow/.local/lib/python3.12/site-packages/airflow/example_dags/example_dataset_alias.py
[2025-03-10T00:06:02.507+0000] {processor.py:925} INFO - DAG(s) 'dataset_s3_bucket_consumer', 'dataset_s3_bucket_producer', 'dataset_alias_example_alias_producer', 'dataset_alias_example_alias_consumer' retrieved from /home/airflow/.local/lib/python3.12/site-packages/airflow/example_dags/example_dataset_alias.py
[2025-03-10T00:06:02.538+0000] {logging_mixin.py:190} INFO - [2025-03-10T00:06:02.537+0000] {dag.py:3239} INFO - Sync 4 DAGs
[2025-03-10T00:06:02.566+0000] {logging_mixin.py:190} INFO - [2025-03-10T00:06:02.566+0000] {dag.py:4180} INFO - Setting next_dagrun for dataset_alias_example_alias_consumer to None, run_after=None
[2025-03-10T00:06:02.570+0000] {logging_mixin.py:190} INFO - [2025-03-10T00:06:02.570+0000] {dag.py:4180} INFO - Setting next_dagrun for dataset_alias_example_alias_producer to None, run_after=None
[2025-03-10T00:06:02.572+0000] {logging_mixin.py:190} INFO - [2025-03-10T00:06:02.572+0000] {dag.py:4180} INFO - Setting next_dagrun for dataset_s3_bucket_consumer to None, run_after=None
[2025-03-10T00:06:02.574+0000] {logging_mixin.py:190} INFO - [2025-03-10T00:06:02.574+0000] {dag.py:4180} INFO - Setting next_dagrun for dataset_s3_bucket_producer to None, run_after=None
[2025-03-10T00:06:02.603+0000] {processor.py:208} INFO - Processing /home/airflow/.local/lib/python3.12/site-packages/airflow/example_dags/example_dataset_alias.py took 0.808 seconds
[2025-03-10T00:06:33.297+0000] {processor.py:186} INFO - Started process (PID=47824) to work on /home/airflow/.local/lib/python3.12/site-packages/airflow/example_dags/example_dataset_alias.py
[2025-03-10T00:06:33.298+0000] {processor.py:914} INFO - Processing file /home/airflow/.local/lib/python3.12/site-packages/airflow/example_dags/example_dataset_alias.py for tasks to queue
[2025-03-10T00:06:33.300+0000] {logging_mixin.py:190} INFO - [2025-03-10T00:06:33.300+0000] {dagbag.py:588} INFO - Filling up the DagBag from /home/airflow/.local/lib/python3.12/site-packages/airflow/example_dags/example_dataset_alias.py
[2025-03-10T00:06:33.923+0000] {processor.py:925} INFO - DAG(s) 'dataset_s3_bucket_producer', 'dataset_alias_example_alias_consumer', 'dataset_alias_example_alias_producer', 'dataset_s3_bucket_consumer' retrieved from /home/airflow/.local/lib/python3.12/site-packages/airflow/example_dags/example_dataset_alias.py
[2025-03-10T00:06:33.945+0000] {logging_mixin.py:190} INFO - [2025-03-10T00:06:33.945+0000] {dag.py:3239} INFO - Sync 4 DAGs
[2025-03-10T00:06:33.965+0000] {logging_mixin.py:190} INFO - [2025-03-10T00:06:33.965+0000] {dag.py:4180} INFO - Setting next_dagrun for dataset_alias_example_alias_consumer to None, run_after=None
[2025-03-10T00:06:33.968+0000] {logging_mixin.py:190} INFO - [2025-03-10T00:06:33.968+0000] {dag.py:4180} INFO - Setting next_dagrun for dataset_alias_example_alias_producer to None, run_after=None
[2025-03-10T00:06:33.970+0000] {logging_mixin.py:190} INFO - [2025-03-10T00:06:33.970+0000] {dag.py:4180} INFO - Setting next_dagrun for dataset_s3_bucket_consumer to None, run_after=None
[2025-03-10T00:06:33.972+0000] {logging_mixin.py:190} INFO - [2025-03-10T00:06:33.971+0000] {dag.py:4180} INFO - Setting next_dagrun for dataset_s3_bucket_producer to None, run_after=None
[2025-03-10T00:06:33.994+0000] {processor.py:208} INFO - Processing /home/airflow/.local/lib/python3.12/site-packages/airflow/example_dags/example_dataset_alias.py took 0.701 seconds
[2025-03-10T00:07:04.664+0000] {processor.py:186} INFO - Started process (PID=47893) to work on /home/airflow/.local/lib/python3.12/site-packages/airflow/example_dags/example_dataset_alias.py
[2025-03-10T00:07:04.665+0000] {processor.py:914} INFO - Processing file /home/airflow/.local/lib/python3.12/site-packages/airflow/example_dags/example_dataset_alias.py for tasks to queue
[2025-03-10T00:07:04.667+0000] {logging_mixin.py:190} INFO - [2025-03-10T00:07:04.666+0000] {dagbag.py:588} INFO - Filling up the DagBag from /home/airflow/.local/lib/python3.12/site-packages/airflow/example_dags/example_dataset_alias.py
[2025-03-10T00:07:05.308+0000] {processor.py:925} INFO - DAG(s) 'dataset_alias_example_alias_producer', 'dataset_alias_example_alias_consumer', 'dataset_s3_bucket_producer', 'dataset_s3_bucket_consumer' retrieved from /home/airflow/.local/lib/python3.12/site-packages/airflow/example_dags/example_dataset_alias.py
[2025-03-10T00:07:05.333+0000] {logging_mixin.py:190} INFO - [2025-03-10T00:07:05.333+0000] {dag.py:3239} INFO - Sync 4 DAGs
[2025-03-10T00:07:05.354+0000] {logging_mixin.py:190} INFO - [2025-03-10T00:07:05.353+0000] {dag.py:4180} INFO - Setting next_dagrun for dataset_alias_example_alias_consumer to None, run_after=None
[2025-03-10T00:07:05.356+0000] {logging_mixin.py:190} INFO - [2025-03-10T00:07:05.356+0000] {dag.py:4180} INFO - Setting next_dagrun for dataset_alias_example_alias_producer to None, run_after=None
[2025-03-10T00:07:05.358+0000] {logging_mixin.py:190} INFO - [2025-03-10T00:07:05.358+0000] {dag.py:4180} INFO - Setting next_dagrun for dataset_s3_bucket_consumer to None, run_after=None
[2025-03-10T00:07:05.360+0000] {logging_mixin.py:190} INFO - [2025-03-10T00:07:05.360+0000] {dag.py:4180} INFO - Setting next_dagrun for dataset_s3_bucket_producer to None, run_after=None
[2025-03-10T00:07:05.383+0000] {processor.py:208} INFO - Processing /home/airflow/.local/lib/python3.12/site-packages/airflow/example_dags/example_dataset_alias.py took 0.725 seconds
