[2025-03-10T00:00:13.133+0000] {processor.py:186} INFO - Started process (PID=47021) to work on /home/airflow/.local/lib/python3.12/site-packages/airflow/example_dags/example_workday_timetable.py
[2025-03-10T00:00:13.134+0000] {processor.py:914} INFO - Processing file /home/airflow/.local/lib/python3.12/site-packages/airflow/example_dags/example_workday_timetable.py for tasks to queue
[2025-03-10T00:00:13.135+0000] {logging_mixin.py:190} INFO - [2025-03-10T00:00:13.135+0000] {dagbag.py:588} INFO - Filling up the DagBag from /home/airflow/.local/lib/python3.12/site-packages/airflow/example_dags/example_workday_timetable.py
[2025-03-10T00:00:13.142+0000] {processor.py:925} INFO - DAG(s) 'example_workday_timetable' retrieved from /home/airflow/.local/lib/python3.12/site-packages/airflow/example_dags/example_workday_timetable.py
[2025-03-10T00:00:13.160+0000] {logging_mixin.py:190} INFO - [2025-03-10T00:00:13.160+0000] {dag.py:3239} INFO - Sync 1 DAGs
[2025-03-10T00:00:13.234+0000] {logging_mixin.py:190} INFO - [2025-03-10T00:00:13.234+0000] {dag.py:4180} INFO - Setting next_dagrun for example_workday_timetable to 2021-01-04 00:00:00+00:00, run_after=2021-01-05 00:00:00+00:00
[2025-03-10T00:00:13.257+0000] {processor.py:208} INFO - Processing /home/airflow/.local/lib/python3.12/site-packages/airflow/example_dags/example_workday_timetable.py took 0.131 seconds
[2025-03-10T00:00:44.986+0000] {processor.py:186} INFO - Started process (PID=47087) to work on /home/airflow/.local/lib/python3.12/site-packages/airflow/example_dags/example_workday_timetable.py
[2025-03-10T00:00:44.987+0000] {processor.py:914} INFO - Processing file /home/airflow/.local/lib/python3.12/site-packages/airflow/example_dags/example_workday_timetable.py for tasks to queue
[2025-03-10T00:00:44.988+0000] {logging_mixin.py:190} INFO - [2025-03-10T00:00:44.988+0000] {dagbag.py:588} INFO - Filling up the DagBag from /home/airflow/.local/lib/python3.12/site-packages/airflow/example_dags/example_workday_timetable.py
[2025-03-10T00:00:44.993+0000] {processor.py:925} INFO - DAG(s) 'example_workday_timetable' retrieved from /home/airflow/.local/lib/python3.12/site-packages/airflow/example_dags/example_workday_timetable.py
[2025-03-10T00:00:45.012+0000] {logging_mixin.py:190} INFO - [2025-03-10T00:00:45.011+0000] {dag.py:3239} INFO - Sync 1 DAGs
[2025-03-10T00:00:45.068+0000] {logging_mixin.py:190} INFO - [2025-03-10T00:00:45.068+0000] {dag.py:4180} INFO - Setting next_dagrun for example_workday_timetable to 2021-01-04 00:00:00+00:00, run_after=2021-01-05 00:00:00+00:00
[2025-03-10T00:00:45.085+0000] {processor.py:208} INFO - Processing /home/airflow/.local/lib/python3.12/site-packages/airflow/example_dags/example_workday_timetable.py took 0.104 seconds
[2025-03-10T00:01:16.979+0000] {processor.py:186} INFO - Started process (PID=47153) to work on /home/airflow/.local/lib/python3.12/site-packages/airflow/example_dags/example_workday_timetable.py
[2025-03-10T00:01:16.980+0000] {processor.py:914} INFO - Processing file /home/airflow/.local/lib/python3.12/site-packages/airflow/example_dags/example_workday_timetable.py for tasks to queue
[2025-03-10T00:01:16.981+0000] {logging_mixin.py:190} INFO - [2025-03-10T00:01:16.981+0000] {dagbag.py:588} INFO - Filling up the DagBag from /home/airflow/.local/lib/python3.12/site-packages/airflow/example_dags/example_workday_timetable.py
[2025-03-10T00:01:16.986+0000] {processor.py:925} INFO - DAG(s) 'example_workday_timetable' retrieved from /home/airflow/.local/lib/python3.12/site-packages/airflow/example_dags/example_workday_timetable.py
[2025-03-10T00:01:17.005+0000] {logging_mixin.py:190} INFO - [2025-03-10T00:01:17.005+0000] {dag.py:3239} INFO - Sync 1 DAGs
[2025-03-10T00:01:17.061+0000] {logging_mixin.py:190} INFO - [2025-03-10T00:01:17.061+0000] {dag.py:4180} INFO - Setting next_dagrun for example_workday_timetable to 2021-01-04 00:00:00+00:00, run_after=2021-01-05 00:00:00+00:00
[2025-03-10T00:01:17.081+0000] {processor.py:208} INFO - Processing /home/airflow/.local/lib/python3.12/site-packages/airflow/example_dags/example_workday_timetable.py took 0.107 seconds
[2025-03-10T00:01:49.221+0000] {processor.py:186} INFO - Started process (PID=47219) to work on /home/airflow/.local/lib/python3.12/site-packages/airflow/example_dags/example_workday_timetable.py
[2025-03-10T00:01:49.221+0000] {processor.py:914} INFO - Processing file /home/airflow/.local/lib/python3.12/site-packages/airflow/example_dags/example_workday_timetable.py for tasks to queue
[2025-03-10T00:01:49.222+0000] {logging_mixin.py:190} INFO - [2025-03-10T00:01:49.222+0000] {dagbag.py:588} INFO - Filling up the DagBag from /home/airflow/.local/lib/python3.12/site-packages/airflow/example_dags/example_workday_timetable.py
[2025-03-10T00:01:49.227+0000] {processor.py:925} INFO - DAG(s) 'example_workday_timetable' retrieved from /home/airflow/.local/lib/python3.12/site-packages/airflow/example_dags/example_workday_timetable.py
[2025-03-10T00:01:49.247+0000] {logging_mixin.py:190} INFO - [2025-03-10T00:01:49.246+0000] {dag.py:3239} INFO - Sync 1 DAGs
[2025-03-10T00:01:49.302+0000] {logging_mixin.py:190} INFO - [2025-03-10T00:01:49.301+0000] {dag.py:4180} INFO - Setting next_dagrun for example_workday_timetable to 2021-01-04 00:00:00+00:00, run_after=2021-01-05 00:00:00+00:00
[2025-03-10T00:01:49.321+0000] {processor.py:208} INFO - Processing /home/airflow/.local/lib/python3.12/site-packages/airflow/example_dags/example_workday_timetable.py took 0.105 seconds
[2025-03-10T00:02:19.879+0000] {processor.py:186} INFO - Started process (PID=47285) to work on /home/airflow/.local/lib/python3.12/site-packages/airflow/example_dags/example_workday_timetable.py
[2025-03-10T00:02:19.880+0000] {processor.py:914} INFO - Processing file /home/airflow/.local/lib/python3.12/site-packages/airflow/example_dags/example_workday_timetable.py for tasks to queue
[2025-03-10T00:02:19.881+0000] {logging_mixin.py:190} INFO - [2025-03-10T00:02:19.881+0000] {dagbag.py:588} INFO - Filling up the DagBag from /home/airflow/.local/lib/python3.12/site-packages/airflow/example_dags/example_workday_timetable.py
[2025-03-10T00:02:19.886+0000] {processor.py:925} INFO - DAG(s) 'example_workday_timetable' retrieved from /home/airflow/.local/lib/python3.12/site-packages/airflow/example_dags/example_workday_timetable.py
[2025-03-10T00:02:19.905+0000] {logging_mixin.py:190} INFO - [2025-03-10T00:02:19.904+0000] {dag.py:3239} INFO - Sync 1 DAGs
[2025-03-10T00:02:19.962+0000] {logging_mixin.py:190} INFO - [2025-03-10T00:02:19.961+0000] {dag.py:4180} INFO - Setting next_dagrun for example_workday_timetable to 2021-01-04 00:00:00+00:00, run_after=2021-01-05 00:00:00+00:00
[2025-03-10T00:02:19.980+0000] {processor.py:208} INFO - Processing /home/airflow/.local/lib/python3.12/site-packages/airflow/example_dags/example_workday_timetable.py took 0.105 seconds
[2025-03-10T00:02:51.678+0000] {processor.py:186} INFO - Started process (PID=47351) to work on /home/airflow/.local/lib/python3.12/site-packages/airflow/example_dags/example_workday_timetable.py
[2025-03-10T00:02:51.679+0000] {processor.py:914} INFO - Processing file /home/airflow/.local/lib/python3.12/site-packages/airflow/example_dags/example_workday_timetable.py for tasks to queue
[2025-03-10T00:02:51.680+0000] {logging_mixin.py:190} INFO - [2025-03-10T00:02:51.680+0000] {dagbag.py:588} INFO - Filling up the DagBag from /home/airflow/.local/lib/python3.12/site-packages/airflow/example_dags/example_workday_timetable.py
[2025-03-10T00:02:51.687+0000] {processor.py:925} INFO - DAG(s) 'example_workday_timetable' retrieved from /home/airflow/.local/lib/python3.12/site-packages/airflow/example_dags/example_workday_timetable.py
[2025-03-10T00:02:51.705+0000] {logging_mixin.py:190} INFO - [2025-03-10T00:02:51.705+0000] {dag.py:3239} INFO - Sync 1 DAGs
[2025-03-10T00:02:51.775+0000] {logging_mixin.py:190} INFO - [2025-03-10T00:02:51.775+0000] {dag.py:4180} INFO - Setting next_dagrun for example_workday_timetable to 2021-01-04 00:00:00+00:00, run_after=2021-01-05 00:00:00+00:00
[2025-03-10T00:02:51.800+0000] {processor.py:208} INFO - Processing /home/airflow/.local/lib/python3.12/site-packages/airflow/example_dags/example_workday_timetable.py took 0.127 seconds
[2025-03-10T00:03:22.552+0000] {processor.py:186} INFO - Started process (PID=47417) to work on /home/airflow/.local/lib/python3.12/site-packages/airflow/example_dags/example_workday_timetable.py
[2025-03-10T00:03:22.553+0000] {processor.py:914} INFO - Processing file /home/airflow/.local/lib/python3.12/site-packages/airflow/example_dags/example_workday_timetable.py for tasks to queue
[2025-03-10T00:03:22.555+0000] {logging_mixin.py:190} INFO - [2025-03-10T00:03:22.554+0000] {dagbag.py:588} INFO - Filling up the DagBag from /home/airflow/.local/lib/python3.12/site-packages/airflow/example_dags/example_workday_timetable.py
[2025-03-10T00:03:22.561+0000] {processor.py:925} INFO - DAG(s) 'example_workday_timetable' retrieved from /home/airflow/.local/lib/python3.12/site-packages/airflow/example_dags/example_workday_timetable.py
[2025-03-10T00:03:22.579+0000] {logging_mixin.py:190} INFO - [2025-03-10T00:03:22.579+0000] {dag.py:3239} INFO - Sync 1 DAGs
[2025-03-10T00:03:22.639+0000] {logging_mixin.py:190} INFO - [2025-03-10T00:03:22.638+0000] {dag.py:4180} INFO - Setting next_dagrun for example_workday_timetable to 2021-01-04 00:00:00+00:00, run_after=2021-01-05 00:00:00+00:00
[2025-03-10T00:03:22.658+0000] {processor.py:208} INFO - Processing /home/airflow/.local/lib/python3.12/site-packages/airflow/example_dags/example_workday_timetable.py took 0.111 seconds
[2025-03-10T00:03:54.297+0000] {processor.py:186} INFO - Started process (PID=47483) to work on /home/airflow/.local/lib/python3.12/site-packages/airflow/example_dags/example_workday_timetable.py
[2025-03-10T00:03:54.298+0000] {processor.py:914} INFO - Processing file /home/airflow/.local/lib/python3.12/site-packages/airflow/example_dags/example_workday_timetable.py for tasks to queue
[2025-03-10T00:03:54.300+0000] {logging_mixin.py:190} INFO - [2025-03-10T00:03:54.299+0000] {dagbag.py:588} INFO - Filling up the DagBag from /home/airflow/.local/lib/python3.12/site-packages/airflow/example_dags/example_workday_timetable.py
[2025-03-10T00:03:54.305+0000] {processor.py:925} INFO - DAG(s) 'example_workday_timetable' retrieved from /home/airflow/.local/lib/python3.12/site-packages/airflow/example_dags/example_workday_timetable.py
[2025-03-10T00:03:54.326+0000] {logging_mixin.py:190} INFO - [2025-03-10T00:03:54.326+0000] {dag.py:3239} INFO - Sync 1 DAGs
[2025-03-10T00:03:54.395+0000] {logging_mixin.py:190} INFO - [2025-03-10T00:03:54.395+0000] {dag.py:4180} INFO - Setting next_dagrun for example_workday_timetable to 2021-01-04 00:00:00+00:00, run_after=2021-01-05 00:00:00+00:00
[2025-03-10T00:03:54.426+0000] {processor.py:208} INFO - Processing /home/airflow/.local/lib/python3.12/site-packages/airflow/example_dags/example_workday_timetable.py took 0.135 seconds
[2025-03-10T00:04:26.349+0000] {processor.py:186} INFO - Started process (PID=47549) to work on /home/airflow/.local/lib/python3.12/site-packages/airflow/example_dags/example_workday_timetable.py
[2025-03-10T00:04:26.350+0000] {processor.py:914} INFO - Processing file /home/airflow/.local/lib/python3.12/site-packages/airflow/example_dags/example_workday_timetable.py for tasks to queue
[2025-03-10T00:04:26.352+0000] {logging_mixin.py:190} INFO - [2025-03-10T00:04:26.351+0000] {dagbag.py:588} INFO - Filling up the DagBag from /home/airflow/.local/lib/python3.12/site-packages/airflow/example_dags/example_workday_timetable.py
[2025-03-10T00:04:26.358+0000] {processor.py:925} INFO - DAG(s) 'example_workday_timetable' retrieved from /home/airflow/.local/lib/python3.12/site-packages/airflow/example_dags/example_workday_timetable.py
[2025-03-10T00:04:26.380+0000] {logging_mixin.py:190} INFO - [2025-03-10T00:04:26.380+0000] {dag.py:3239} INFO - Sync 1 DAGs
[2025-03-10T00:04:26.448+0000] {logging_mixin.py:190} INFO - [2025-03-10T00:04:26.448+0000] {dag.py:4180} INFO - Setting next_dagrun for example_workday_timetable to 2021-01-04 00:00:00+00:00, run_after=2021-01-05 00:00:00+00:00
[2025-03-10T00:04:26.473+0000] {processor.py:208} INFO - Processing /home/airflow/.local/lib/python3.12/site-packages/airflow/example_dags/example_workday_timetable.py took 0.130 seconds
[2025-03-10T00:04:57.204+0000] {processor.py:186} INFO - Started process (PID=47615) to work on /home/airflow/.local/lib/python3.12/site-packages/airflow/example_dags/example_workday_timetable.py
[2025-03-10T00:04:57.205+0000] {processor.py:914} INFO - Processing file /home/airflow/.local/lib/python3.12/site-packages/airflow/example_dags/example_workday_timetable.py for tasks to queue
[2025-03-10T00:04:57.207+0000] {logging_mixin.py:190} INFO - [2025-03-10T00:04:57.206+0000] {dagbag.py:588} INFO - Filling up the DagBag from /home/airflow/.local/lib/python3.12/site-packages/airflow/example_dags/example_workday_timetable.py
[2025-03-10T00:04:57.212+0000] {processor.py:925} INFO - DAG(s) 'example_workday_timetable' retrieved from /home/airflow/.local/lib/python3.12/site-packages/airflow/example_dags/example_workday_timetable.py
[2025-03-10T00:04:57.233+0000] {logging_mixin.py:190} INFO - [2025-03-10T00:04:57.233+0000] {dag.py:3239} INFO - Sync 1 DAGs
[2025-03-10T00:04:57.293+0000] {logging_mixin.py:190} INFO - [2025-03-10T00:04:57.293+0000] {dag.py:4180} INFO - Setting next_dagrun for example_workday_timetable to 2021-01-04 00:00:00+00:00, run_after=2021-01-05 00:00:00+00:00
[2025-03-10T00:04:57.313+0000] {processor.py:208} INFO - Processing /home/airflow/.local/lib/python3.12/site-packages/airflow/example_dags/example_workday_timetable.py took 0.114 seconds
[2025-03-10T00:05:28.858+0000] {processor.py:186} INFO - Started process (PID=47681) to work on /home/airflow/.local/lib/python3.12/site-packages/airflow/example_dags/example_workday_timetable.py
[2025-03-10T00:05:28.859+0000] {processor.py:914} INFO - Processing file /home/airflow/.local/lib/python3.12/site-packages/airflow/example_dags/example_workday_timetable.py for tasks to queue
[2025-03-10T00:05:28.860+0000] {logging_mixin.py:190} INFO - [2025-03-10T00:05:28.860+0000] {dagbag.py:588} INFO - Filling up the DagBag from /home/airflow/.local/lib/python3.12/site-packages/airflow/example_dags/example_workday_timetable.py
[2025-03-10T00:05:28.866+0000] {processor.py:925} INFO - DAG(s) 'example_workday_timetable' retrieved from /home/airflow/.local/lib/python3.12/site-packages/airflow/example_dags/example_workday_timetable.py
[2025-03-10T00:05:28.884+0000] {logging_mixin.py:190} INFO - [2025-03-10T00:05:28.884+0000] {dag.py:3239} INFO - Sync 1 DAGs
[2025-03-10T00:05:28.940+0000] {logging_mixin.py:190} INFO - [2025-03-10T00:05:28.940+0000] {dag.py:4180} INFO - Setting next_dagrun for example_workday_timetable to 2021-01-04 00:00:00+00:00, run_after=2021-01-05 00:00:00+00:00
[2025-03-10T00:05:28.961+0000] {processor.py:208} INFO - Processing /home/airflow/.local/lib/python3.12/site-packages/airflow/example_dags/example_workday_timetable.py took 0.108 seconds
[2025-03-10T00:06:01.373+0000] {processor.py:186} INFO - Started process (PID=47747) to work on /home/airflow/.local/lib/python3.12/site-packages/airflow/example_dags/example_workday_timetable.py
[2025-03-10T00:06:01.374+0000] {processor.py:914} INFO - Processing file /home/airflow/.local/lib/python3.12/site-packages/airflow/example_dags/example_workday_timetable.py for tasks to queue
[2025-03-10T00:06:01.376+0000] {logging_mixin.py:190} INFO - [2025-03-10T00:06:01.375+0000] {dagbag.py:588} INFO - Filling up the DagBag from /home/airflow/.local/lib/python3.12/site-packages/airflow/example_dags/example_workday_timetable.py
[2025-03-10T00:06:01.381+0000] {processor.py:925} INFO - DAG(s) 'example_workday_timetable' retrieved from /home/airflow/.local/lib/python3.12/site-packages/airflow/example_dags/example_workday_timetable.py
[2025-03-10T00:06:01.400+0000] {logging_mixin.py:190} INFO - [2025-03-10T00:06:01.400+0000] {dag.py:3239} INFO - Sync 1 DAGs
[2025-03-10T00:06:01.464+0000] {logging_mixin.py:190} INFO - [2025-03-10T00:06:01.464+0000] {dag.py:4180} INFO - Setting next_dagrun for example_workday_timetable to 2021-01-04 00:00:00+00:00, run_after=2021-01-05 00:00:00+00:00
[2025-03-10T00:06:01.486+0000] {processor.py:208} INFO - Processing /home/airflow/.local/lib/python3.12/site-packages/airflow/example_dags/example_workday_timetable.py took 0.118 seconds
[2025-03-10T00:06:31.806+0000] {processor.py:186} INFO - Started process (PID=47817) to work on /home/airflow/.local/lib/python3.12/site-packages/airflow/example_dags/example_workday_timetable.py
[2025-03-10T00:06:31.807+0000] {processor.py:914} INFO - Processing file /home/airflow/.local/lib/python3.12/site-packages/airflow/example_dags/example_workday_timetable.py for tasks to queue
[2025-03-10T00:06:31.809+0000] {logging_mixin.py:190} INFO - [2025-03-10T00:06:31.808+0000] {dagbag.py:588} INFO - Filling up the DagBag from /home/airflow/.local/lib/python3.12/site-packages/airflow/example_dags/example_workday_timetable.py
[2025-03-10T00:06:31.814+0000] {processor.py:925} INFO - DAG(s) 'example_workday_timetable' retrieved from /home/airflow/.local/lib/python3.12/site-packages/airflow/example_dags/example_workday_timetable.py
[2025-03-10T00:06:31.832+0000] {logging_mixin.py:190} INFO - [2025-03-10T00:06:31.832+0000] {dag.py:3239} INFO - Sync 1 DAGs
[2025-03-10T00:06:31.887+0000] {logging_mixin.py:190} INFO - [2025-03-10T00:06:31.887+0000] {dag.py:4180} INFO - Setting next_dagrun for example_workday_timetable to 2021-01-04 00:00:00+00:00, run_after=2021-01-05 00:00:00+00:00
[2025-03-10T00:06:31.909+0000] {processor.py:208} INFO - Processing /home/airflow/.local/lib/python3.12/site-packages/airflow/example_dags/example_workday_timetable.py took 0.108 seconds
[2025-03-10T00:07:04.223+0000] {processor.py:186} INFO - Started process (PID=47886) to work on /home/airflow/.local/lib/python3.12/site-packages/airflow/example_dags/example_workday_timetable.py
[2025-03-10T00:07:04.224+0000] {processor.py:914} INFO - Processing file /home/airflow/.local/lib/python3.12/site-packages/airflow/example_dags/example_workday_timetable.py for tasks to queue
[2025-03-10T00:07:04.226+0000] {logging_mixin.py:190} INFO - [2025-03-10T00:07:04.225+0000] {dagbag.py:588} INFO - Filling up the DagBag from /home/airflow/.local/lib/python3.12/site-packages/airflow/example_dags/example_workday_timetable.py
[2025-03-10T00:07:04.233+0000] {processor.py:925} INFO - DAG(s) 'example_workday_timetable' retrieved from /home/airflow/.local/lib/python3.12/site-packages/airflow/example_dags/example_workday_timetable.py
[2025-03-10T00:07:04.257+0000] {logging_mixin.py:190} INFO - [2025-03-10T00:07:04.257+0000] {dag.py:3239} INFO - Sync 1 DAGs
[2025-03-10T00:07:04.330+0000] {logging_mixin.py:190} INFO - [2025-03-10T00:07:04.330+0000] {dag.py:4180} INFO - Setting next_dagrun for example_workday_timetable to 2021-01-04 00:00:00+00:00, run_after=2021-01-05 00:00:00+00:00
[2025-03-10T00:07:04.351+0000] {processor.py:208} INFO - Processing /home/airflow/.local/lib/python3.12/site-packages/airflow/example_dags/example_workday_timetable.py took 0.133 seconds
