[2025-03-10T00:00:12.596+0000] {processor.py:186} INFO - Started process (PID=47013) to work on /home/airflow/.local/lib/python3.12/site-packages/airflow/example_dags/example_branch_python_dop_operator_3.py
[2025-03-10T00:00:12.597+0000] {processor.py:914} INFO - Processing file /home/airflow/.local/lib/python3.12/site-packages/airflow/example_dags/example_branch_python_dop_operator_3.py for tasks to queue
[2025-03-10T00:00:12.598+0000] {logging_mixin.py:190} INFO - [2025-03-10T00:00:12.598+0000] {dagbag.py:588} INFO - Filling up the DagBag from /home/airflow/.local/lib/python3.12/site-packages/airflow/example_dags/example_branch_python_dop_operator_3.py
[2025-03-10T00:00:12.607+0000] {processor.py:925} INFO - DAG(s) 'example_branch_dop_operator_v3' retrieved from /home/airflow/.local/lib/python3.12/site-packages/airflow/example_dags/example_branch_python_dop_operator_3.py
[2025-03-10T00:00:12.626+0000] {logging_mixin.py:190} INFO - [2025-03-10T00:00:12.626+0000] {dag.py:3239} INFO - Sync 1 DAGs
[2025-03-10T00:00:12.649+0000] {logging_mixin.py:190} INFO - [2025-03-10T00:00:12.649+0000] {dag.py:4180} INFO - Setting next_dagrun for example_branch_dop_operator_v3 to 2025-03-09 23:59:00+00:00, run_after=2025-03-10 00:00:00+00:00
[2025-03-10T00:00:12.667+0000] {processor.py:208} INFO - Processing /home/airflow/.local/lib/python3.12/site-packages/airflow/example_dags/example_branch_python_dop_operator_3.py took 0.077 seconds
[2025-03-10T00:00:44.509+0000] {processor.py:186} INFO - Started process (PID=47079) to work on /home/airflow/.local/lib/python3.12/site-packages/airflow/example_dags/example_branch_python_dop_operator_3.py
[2025-03-10T00:00:44.510+0000] {processor.py:914} INFO - Processing file /home/airflow/.local/lib/python3.12/site-packages/airflow/example_dags/example_branch_python_dop_operator_3.py for tasks to queue
[2025-03-10T00:00:44.511+0000] {logging_mixin.py:190} INFO - [2025-03-10T00:00:44.511+0000] {dagbag.py:588} INFO - Filling up the DagBag from /home/airflow/.local/lib/python3.12/site-packages/airflow/example_dags/example_branch_python_dop_operator_3.py
[2025-03-10T00:00:44.524+0000] {processor.py:925} INFO - DAG(s) 'example_branch_dop_operator_v3' retrieved from /home/airflow/.local/lib/python3.12/site-packages/airflow/example_dags/example_branch_python_dop_operator_3.py
[2025-03-10T00:00:44.547+0000] {logging_mixin.py:190} INFO - [2025-03-10T00:00:44.547+0000] {dag.py:3239} INFO - Sync 1 DAGs
[2025-03-10T00:00:44.572+0000] {logging_mixin.py:190} INFO - [2025-03-10T00:00:44.572+0000] {dag.py:4180} INFO - Setting next_dagrun for example_branch_dop_operator_v3 to 2025-03-09 23:59:00+00:00, run_after=2025-03-10 00:00:00+00:00
[2025-03-10T00:00:44.592+0000] {processor.py:208} INFO - Processing /home/airflow/.local/lib/python3.12/site-packages/airflow/example_dags/example_branch_python_dop_operator_3.py took 0.089 seconds
[2025-03-10T00:01:16.439+0000] {processor.py:186} INFO - Started process (PID=47145) to work on /home/airflow/.local/lib/python3.12/site-packages/airflow/example_dags/example_branch_python_dop_operator_3.py
[2025-03-10T00:01:16.440+0000] {processor.py:914} INFO - Processing file /home/airflow/.local/lib/python3.12/site-packages/airflow/example_dags/example_branch_python_dop_operator_3.py for tasks to queue
[2025-03-10T00:01:16.442+0000] {logging_mixin.py:190} INFO - [2025-03-10T00:01:16.442+0000] {dagbag.py:588} INFO - Filling up the DagBag from /home/airflow/.local/lib/python3.12/site-packages/airflow/example_dags/example_branch_python_dop_operator_3.py
[2025-03-10T00:01:16.451+0000] {processor.py:925} INFO - DAG(s) 'example_branch_dop_operator_v3' retrieved from /home/airflow/.local/lib/python3.12/site-packages/airflow/example_dags/example_branch_python_dop_operator_3.py
[2025-03-10T00:01:16.469+0000] {logging_mixin.py:190} INFO - [2025-03-10T00:01:16.469+0000] {dag.py:3239} INFO - Sync 1 DAGs
[2025-03-10T00:01:16.492+0000] {logging_mixin.py:190} INFO - [2025-03-10T00:01:16.492+0000] {dag.py:4180} INFO - Setting next_dagrun for example_branch_dop_operator_v3 to 2025-03-10 00:00:00+00:00, run_after=2025-03-10 00:01:00+00:00
[2025-03-10T00:01:16.511+0000] {processor.py:208} INFO - Processing /home/airflow/.local/lib/python3.12/site-packages/airflow/example_dags/example_branch_python_dop_operator_3.py took 0.077 seconds
[2025-03-10T00:01:48.611+0000] {processor.py:186} INFO - Started process (PID=47211) to work on /home/airflow/.local/lib/python3.12/site-packages/airflow/example_dags/example_branch_python_dop_operator_3.py
[2025-03-10T00:01:48.612+0000] {processor.py:914} INFO - Processing file /home/airflow/.local/lib/python3.12/site-packages/airflow/example_dags/example_branch_python_dop_operator_3.py for tasks to queue
[2025-03-10T00:01:48.614+0000] {logging_mixin.py:190} INFO - [2025-03-10T00:01:48.613+0000] {dagbag.py:588} INFO - Filling up the DagBag from /home/airflow/.local/lib/python3.12/site-packages/airflow/example_dags/example_branch_python_dop_operator_3.py
[2025-03-10T00:01:48.624+0000] {processor.py:925} INFO - DAG(s) 'example_branch_dop_operator_v3' retrieved from /home/airflow/.local/lib/python3.12/site-packages/airflow/example_dags/example_branch_python_dop_operator_3.py
[2025-03-10T00:01:48.649+0000] {logging_mixin.py:190} INFO - [2025-03-10T00:01:48.649+0000] {dag.py:3239} INFO - Sync 1 DAGs
[2025-03-10T00:01:48.681+0000] {logging_mixin.py:190} INFO - [2025-03-10T00:01:48.680+0000] {dag.py:4180} INFO - Setting next_dagrun for example_branch_dop_operator_v3 to 2025-03-10 00:00:00+00:00, run_after=2025-03-10 00:01:00+00:00
[2025-03-10T00:01:48.704+0000] {processor.py:208} INFO - Processing /home/airflow/.local/lib/python3.12/site-packages/airflow/example_dags/example_branch_python_dop_operator_3.py took 0.099 seconds
[2025-03-10T00:02:19.257+0000] {processor.py:186} INFO - Started process (PID=47277) to work on /home/airflow/.local/lib/python3.12/site-packages/airflow/example_dags/example_branch_python_dop_operator_3.py
[2025-03-10T00:02:19.258+0000] {processor.py:914} INFO - Processing file /home/airflow/.local/lib/python3.12/site-packages/airflow/example_dags/example_branch_python_dop_operator_3.py for tasks to queue
[2025-03-10T00:02:19.259+0000] {logging_mixin.py:190} INFO - [2025-03-10T00:02:19.259+0000] {dagbag.py:588} INFO - Filling up the DagBag from /home/airflow/.local/lib/python3.12/site-packages/airflow/example_dags/example_branch_python_dop_operator_3.py
[2025-03-10T00:02:19.268+0000] {processor.py:925} INFO - DAG(s) 'example_branch_dop_operator_v3' retrieved from /home/airflow/.local/lib/python3.12/site-packages/airflow/example_dags/example_branch_python_dop_operator_3.py
[2025-03-10T00:02:19.286+0000] {logging_mixin.py:190} INFO - [2025-03-10T00:02:19.286+0000] {dag.py:3239} INFO - Sync 1 DAGs
[2025-03-10T00:02:19.309+0000] {logging_mixin.py:190} INFO - [2025-03-10T00:02:19.309+0000] {dag.py:4180} INFO - Setting next_dagrun for example_branch_dop_operator_v3 to 2025-03-10 00:01:00+00:00, run_after=2025-03-10 00:02:00+00:00
[2025-03-10T00:02:19.328+0000] {processor.py:208} INFO - Processing /home/airflow/.local/lib/python3.12/site-packages/airflow/example_dags/example_branch_python_dop_operator_3.py took 0.076 seconds
[2025-03-10T00:02:51.072+0000] {processor.py:186} INFO - Started process (PID=47343) to work on /home/airflow/.local/lib/python3.12/site-packages/airflow/example_dags/example_branch_python_dop_operator_3.py
[2025-03-10T00:02:51.073+0000] {processor.py:914} INFO - Processing file /home/airflow/.local/lib/python3.12/site-packages/airflow/example_dags/example_branch_python_dop_operator_3.py for tasks to queue
[2025-03-10T00:02:51.074+0000] {logging_mixin.py:190} INFO - [2025-03-10T00:02:51.074+0000] {dagbag.py:588} INFO - Filling up the DagBag from /home/airflow/.local/lib/python3.12/site-packages/airflow/example_dags/example_branch_python_dop_operator_3.py
[2025-03-10T00:02:51.083+0000] {processor.py:925} INFO - DAG(s) 'example_branch_dop_operator_v3' retrieved from /home/airflow/.local/lib/python3.12/site-packages/airflow/example_dags/example_branch_python_dop_operator_3.py
[2025-03-10T00:02:51.104+0000] {logging_mixin.py:190} INFO - [2025-03-10T00:02:51.104+0000] {dag.py:3239} INFO - Sync 1 DAGs
[2025-03-10T00:02:51.131+0000] {logging_mixin.py:190} INFO - [2025-03-10T00:02:51.130+0000] {dag.py:4180} INFO - Setting next_dagrun for example_branch_dop_operator_v3 to 2025-03-10 00:01:00+00:00, run_after=2025-03-10 00:02:00+00:00
[2025-03-10T00:02:51.156+0000] {processor.py:208} INFO - Processing /home/airflow/.local/lib/python3.12/site-packages/airflow/example_dags/example_branch_python_dop_operator_3.py took 0.089 seconds
[2025-03-10T00:03:22.127+0000] {processor.py:186} INFO - Started process (PID=47409) to work on /home/airflow/.local/lib/python3.12/site-packages/airflow/example_dags/example_branch_python_dop_operator_3.py
[2025-03-10T00:03:22.129+0000] {processor.py:914} INFO - Processing file /home/airflow/.local/lib/python3.12/site-packages/airflow/example_dags/example_branch_python_dop_operator_3.py for tasks to queue
[2025-03-10T00:03:22.130+0000] {logging_mixin.py:190} INFO - [2025-03-10T00:03:22.130+0000] {dagbag.py:588} INFO - Filling up the DagBag from /home/airflow/.local/lib/python3.12/site-packages/airflow/example_dags/example_branch_python_dop_operator_3.py
[2025-03-10T00:03:22.139+0000] {processor.py:925} INFO - DAG(s) 'example_branch_dop_operator_v3' retrieved from /home/airflow/.local/lib/python3.12/site-packages/airflow/example_dags/example_branch_python_dop_operator_3.py
[2025-03-10T00:03:22.161+0000] {logging_mixin.py:190} INFO - [2025-03-10T00:03:22.161+0000] {dag.py:3239} INFO - Sync 1 DAGs
[2025-03-10T00:03:22.188+0000] {logging_mixin.py:190} INFO - [2025-03-10T00:03:22.187+0000] {dag.py:4180} INFO - Setting next_dagrun for example_branch_dop_operator_v3 to 2025-03-10 00:02:00+00:00, run_after=2025-03-10 00:03:00+00:00
[2025-03-10T00:03:22.209+0000] {processor.py:208} INFO - Processing /home/airflow/.local/lib/python3.12/site-packages/airflow/example_dags/example_branch_python_dop_operator_3.py took 0.088 seconds
[2025-03-10T00:03:53.491+0000] {processor.py:186} INFO - Started process (PID=47475) to work on /home/airflow/.local/lib/python3.12/site-packages/airflow/example_dags/example_branch_python_dop_operator_3.py
[2025-03-10T00:03:53.492+0000] {processor.py:914} INFO - Processing file /home/airflow/.local/lib/python3.12/site-packages/airflow/example_dags/example_branch_python_dop_operator_3.py for tasks to queue
[2025-03-10T00:03:53.493+0000] {logging_mixin.py:190} INFO - [2025-03-10T00:03:53.493+0000] {dagbag.py:588} INFO - Filling up the DagBag from /home/airflow/.local/lib/python3.12/site-packages/airflow/example_dags/example_branch_python_dop_operator_3.py
[2025-03-10T00:03:53.502+0000] {processor.py:925} INFO - DAG(s) 'example_branch_dop_operator_v3' retrieved from /home/airflow/.local/lib/python3.12/site-packages/airflow/example_dags/example_branch_python_dop_operator_3.py
[2025-03-10T00:03:53.524+0000] {logging_mixin.py:190} INFO - [2025-03-10T00:03:53.524+0000] {dag.py:3239} INFO - Sync 1 DAGs
[2025-03-10T00:03:53.555+0000] {logging_mixin.py:190} INFO - [2025-03-10T00:03:53.555+0000] {dag.py:4180} INFO - Setting next_dagrun for example_branch_dop_operator_v3 to 2025-03-10 00:02:00+00:00, run_after=2025-03-10 00:03:00+00:00
[2025-03-10T00:03:53.575+0000] {processor.py:208} INFO - Processing /home/airflow/.local/lib/python3.12/site-packages/airflow/example_dags/example_branch_python_dop_operator_3.py took 0.089 seconds
[2025-03-10T00:04:25.655+0000] {processor.py:186} INFO - Started process (PID=47541) to work on /home/airflow/.local/lib/python3.12/site-packages/airflow/example_dags/example_branch_python_dop_operator_3.py
[2025-03-10T00:04:25.656+0000] {processor.py:914} INFO - Processing file /home/airflow/.local/lib/python3.12/site-packages/airflow/example_dags/example_branch_python_dop_operator_3.py for tasks to queue
[2025-03-10T00:04:25.657+0000] {logging_mixin.py:190} INFO - [2025-03-10T00:04:25.657+0000] {dagbag.py:588} INFO - Filling up the DagBag from /home/airflow/.local/lib/python3.12/site-packages/airflow/example_dags/example_branch_python_dop_operator_3.py
[2025-03-10T00:04:25.666+0000] {processor.py:925} INFO - DAG(s) 'example_branch_dop_operator_v3' retrieved from /home/airflow/.local/lib/python3.12/site-packages/airflow/example_dags/example_branch_python_dop_operator_3.py
[2025-03-10T00:04:25.684+0000] {logging_mixin.py:190} INFO - [2025-03-10T00:04:25.684+0000] {dag.py:3239} INFO - Sync 1 DAGs
[2025-03-10T00:04:25.709+0000] {logging_mixin.py:190} INFO - [2025-03-10T00:04:25.709+0000] {dag.py:4180} INFO - Setting next_dagrun for example_branch_dop_operator_v3 to 2025-03-10 00:03:00+00:00, run_after=2025-03-10 00:04:00+00:00
[2025-03-10T00:04:25.727+0000] {processor.py:208} INFO - Processing /home/airflow/.local/lib/python3.12/site-packages/airflow/example_dags/example_branch_python_dop_operator_3.py took 0.077 seconds
[2025-03-10T00:04:56.765+0000] {processor.py:186} INFO - Started process (PID=47607) to work on /home/airflow/.local/lib/python3.12/site-packages/airflow/example_dags/example_branch_python_dop_operator_3.py
[2025-03-10T00:04:56.766+0000] {processor.py:914} INFO - Processing file /home/airflow/.local/lib/python3.12/site-packages/airflow/example_dags/example_branch_python_dop_operator_3.py for tasks to queue
[2025-03-10T00:04:56.767+0000] {logging_mixin.py:190} INFO - [2025-03-10T00:04:56.767+0000] {dagbag.py:588} INFO - Filling up the DagBag from /home/airflow/.local/lib/python3.12/site-packages/airflow/example_dags/example_branch_python_dop_operator_3.py
[2025-03-10T00:04:56.777+0000] {processor.py:925} INFO - DAG(s) 'example_branch_dop_operator_v3' retrieved from /home/airflow/.local/lib/python3.12/site-packages/airflow/example_dags/example_branch_python_dop_operator_3.py
[2025-03-10T00:04:56.800+0000] {logging_mixin.py:190} INFO - [2025-03-10T00:04:56.799+0000] {dag.py:3239} INFO - Sync 1 DAGs
[2025-03-10T00:04:56.832+0000] {logging_mixin.py:190} INFO - [2025-03-10T00:04:56.831+0000] {dag.py:4180} INFO - Setting next_dagrun for example_branch_dop_operator_v3 to 2025-03-10 00:03:00+00:00, run_after=2025-03-10 00:04:00+00:00
[2025-03-10T00:04:56.852+0000] {processor.py:208} INFO - Processing /home/airflow/.local/lib/python3.12/site-packages/airflow/example_dags/example_branch_python_dop_operator_3.py took 0.093 seconds
[2025-03-10T00:05:28.428+0000] {processor.py:186} INFO - Started process (PID=47673) to work on /home/airflow/.local/lib/python3.12/site-packages/airflow/example_dags/example_branch_python_dop_operator_3.py
[2025-03-10T00:05:28.429+0000] {processor.py:914} INFO - Processing file /home/airflow/.local/lib/python3.12/site-packages/airflow/example_dags/example_branch_python_dop_operator_3.py for tasks to queue
[2025-03-10T00:05:28.430+0000] {logging_mixin.py:190} INFO - [2025-03-10T00:05:28.430+0000] {dagbag.py:588} INFO - Filling up the DagBag from /home/airflow/.local/lib/python3.12/site-packages/airflow/example_dags/example_branch_python_dop_operator_3.py
[2025-03-10T00:05:28.439+0000] {processor.py:925} INFO - DAG(s) 'example_branch_dop_operator_v3' retrieved from /home/airflow/.local/lib/python3.12/site-packages/airflow/example_dags/example_branch_python_dop_operator_3.py
[2025-03-10T00:05:28.458+0000] {logging_mixin.py:190} INFO - [2025-03-10T00:05:28.457+0000] {dag.py:3239} INFO - Sync 1 DAGs
[2025-03-10T00:05:28.482+0000] {logging_mixin.py:190} INFO - [2025-03-10T00:05:28.482+0000] {dag.py:4180} INFO - Setting next_dagrun for example_branch_dop_operator_v3 to 2025-03-10 00:04:00+00:00, run_after=2025-03-10 00:05:00+00:00
[2025-03-10T00:05:28.503+0000] {processor.py:208} INFO - Processing /home/airflow/.local/lib/python3.12/site-packages/airflow/example_dags/example_branch_python_dop_operator_3.py took 0.080 seconds
[2025-03-10T00:06:00.693+0000] {processor.py:186} INFO - Started process (PID=47739) to work on /home/airflow/.local/lib/python3.12/site-packages/airflow/example_dags/example_branch_python_dop_operator_3.py
[2025-03-10T00:06:00.694+0000] {processor.py:914} INFO - Processing file /home/airflow/.local/lib/python3.12/site-packages/airflow/example_dags/example_branch_python_dop_operator_3.py for tasks to queue
[2025-03-10T00:06:00.695+0000] {logging_mixin.py:190} INFO - [2025-03-10T00:06:00.695+0000] {dagbag.py:588} INFO - Filling up the DagBag from /home/airflow/.local/lib/python3.12/site-packages/airflow/example_dags/example_branch_python_dop_operator_3.py
[2025-03-10T00:06:00.706+0000] {processor.py:925} INFO - DAG(s) 'example_branch_dop_operator_v3' retrieved from /home/airflow/.local/lib/python3.12/site-packages/airflow/example_dags/example_branch_python_dop_operator_3.py
[2025-03-10T00:06:00.726+0000] {logging_mixin.py:190} INFO - [2025-03-10T00:06:00.726+0000] {dag.py:3239} INFO - Sync 1 DAGs
[2025-03-10T00:06:00.750+0000] {logging_mixin.py:190} INFO - [2025-03-10T00:06:00.750+0000] {dag.py:4180} INFO - Setting next_dagrun for example_branch_dop_operator_v3 to 2025-03-10 00:05:00+00:00, run_after=2025-03-10 00:06:00+00:00
[2025-03-10T00:06:00.770+0000] {processor.py:208} INFO - Processing /home/airflow/.local/lib/python3.12/site-packages/airflow/example_dags/example_branch_python_dop_operator_3.py took 0.082 seconds
[2025-03-10T00:06:31.201+0000] {processor.py:186} INFO - Started process (PID=47808) to work on /home/airflow/.local/lib/python3.12/site-packages/airflow/example_dags/example_branch_python_dop_operator_3.py
[2025-03-10T00:06:31.202+0000] {processor.py:914} INFO - Processing file /home/airflow/.local/lib/python3.12/site-packages/airflow/example_dags/example_branch_python_dop_operator_3.py for tasks to queue
[2025-03-10T00:06:31.203+0000] {logging_mixin.py:190} INFO - [2025-03-10T00:06:31.203+0000] {dagbag.py:588} INFO - Filling up the DagBag from /home/airflow/.local/lib/python3.12/site-packages/airflow/example_dags/example_branch_python_dop_operator_3.py
[2025-03-10T00:06:31.215+0000] {processor.py:925} INFO - DAG(s) 'example_branch_dop_operator_v3' retrieved from /home/airflow/.local/lib/python3.12/site-packages/airflow/example_dags/example_branch_python_dop_operator_3.py
[2025-03-10T00:06:31.235+0000] {logging_mixin.py:190} INFO - [2025-03-10T00:06:31.235+0000] {dag.py:3239} INFO - Sync 1 DAGs
[2025-03-10T00:06:31.258+0000] {logging_mixin.py:190} INFO - [2025-03-10T00:06:31.258+0000] {dag.py:4180} INFO - Setting next_dagrun for example_branch_dop_operator_v3 to 2025-03-10 00:05:00+00:00, run_after=2025-03-10 00:06:00+00:00
[2025-03-10T00:06:31.279+0000] {processor.py:208} INFO - Processing /home/airflow/.local/lib/python3.12/site-packages/airflow/example_dags/example_branch_python_dop_operator_3.py took 0.083 seconds
[2025-03-10T00:07:03.390+0000] {processor.py:186} INFO - Started process (PID=47878) to work on /home/airflow/.local/lib/python3.12/site-packages/airflow/example_dags/example_branch_python_dop_operator_3.py
[2025-03-10T00:07:03.392+0000] {processor.py:914} INFO - Processing file /home/airflow/.local/lib/python3.12/site-packages/airflow/example_dags/example_branch_python_dop_operator_3.py for tasks to queue
[2025-03-10T00:07:03.393+0000] {logging_mixin.py:190} INFO - [2025-03-10T00:07:03.393+0000] {dagbag.py:588} INFO - Filling up the DagBag from /home/airflow/.local/lib/python3.12/site-packages/airflow/example_dags/example_branch_python_dop_operator_3.py
[2025-03-10T00:07:03.407+0000] {processor.py:925} INFO - DAG(s) 'example_branch_dop_operator_v3' retrieved from /home/airflow/.local/lib/python3.12/site-packages/airflow/example_dags/example_branch_python_dop_operator_3.py
[2025-03-10T00:07:03.429+0000] {logging_mixin.py:190} INFO - [2025-03-10T00:07:03.429+0000] {dag.py:3239} INFO - Sync 1 DAGs
[2025-03-10T00:07:03.460+0000] {logging_mixin.py:190} INFO - [2025-03-10T00:07:03.460+0000] {dag.py:4180} INFO - Setting next_dagrun for example_branch_dop_operator_v3 to 2025-03-10 00:06:00+00:00, run_after=2025-03-10 00:07:00+00:00
[2025-03-10T00:07:03.488+0000] {processor.py:208} INFO - Processing /home/airflow/.local/lib/python3.12/site-packages/airflow/example_dags/example_branch_python_dop_operator_3.py took 0.103 seconds
