[2025-03-10T00:00:13.614+0000] {processor.py:186} INFO - Started process (PID=47029) to work on /home/airflow/.local/lib/python3.12/site-packages/airflow/example_dags/example_inlet_event_extra.py
[2025-03-10T00:00:13.615+0000] {processor.py:914} INFO - Processing file /home/airflow/.local/lib/python3.12/site-packages/airflow/example_dags/example_inlet_event_extra.py for tasks to queue
[2025-03-10T00:00:13.616+0000] {logging_mixin.py:190} INFO - [2025-03-10T00:00:13.616+0000] {dagbag.py:588} INFO - Filling up the DagBag from /home/airflow/.local/lib/python3.12/site-packages/airflow/example_dags/example_inlet_event_extra.py
[2025-03-10T00:00:14.126+0000] {processor.py:925} INFO - DAG(s) 'read_dataset_event', 'read_dataset_event_from_classic' retrieved from /home/airflow/.local/lib/python3.12/site-packages/airflow/example_dags/example_inlet_event_extra.py
[2025-03-10T00:00:14.147+0000] {logging_mixin.py:190} INFO - [2025-03-10T00:00:14.146+0000] {dag.py:3239} INFO - Sync 2 DAGs
[2025-03-10T00:00:14.167+0000] {logging_mixin.py:190} INFO - [2025-03-10T00:00:14.167+0000] {dag.py:4180} INFO - Setting next_dagrun for read_dataset_event to 2025-03-09 00:00:00+00:00, run_after=2025-03-10 00:00:00+00:00
[2025-03-10T00:00:14.173+0000] {logging_mixin.py:190} INFO - [2025-03-10T00:00:14.173+0000] {dag.py:4180} INFO - Setting next_dagrun for read_dataset_event_from_classic to 2025-03-09 00:00:00+00:00, run_after=2025-03-10 00:00:00+00:00
[2025-03-10T00:00:14.189+0000] {processor.py:208} INFO - Processing /home/airflow/.local/lib/python3.12/site-packages/airflow/example_dags/example_inlet_event_extra.py took 0.580 seconds
[2025-03-10T00:00:45.482+0000] {processor.py:186} INFO - Started process (PID=47095) to work on /home/airflow/.local/lib/python3.12/site-packages/airflow/example_dags/example_inlet_event_extra.py
[2025-03-10T00:00:45.483+0000] {processor.py:914} INFO - Processing file /home/airflow/.local/lib/python3.12/site-packages/airflow/example_dags/example_inlet_event_extra.py for tasks to queue
[2025-03-10T00:00:45.484+0000] {logging_mixin.py:190} INFO - [2025-03-10T00:00:45.484+0000] {dagbag.py:588} INFO - Filling up the DagBag from /home/airflow/.local/lib/python3.12/site-packages/airflow/example_dags/example_inlet_event_extra.py
[2025-03-10T00:00:46.029+0000] {processor.py:925} INFO - DAG(s) 'read_dataset_event', 'read_dataset_event_from_classic' retrieved from /home/airflow/.local/lib/python3.12/site-packages/airflow/example_dags/example_inlet_event_extra.py
[2025-03-10T00:00:46.049+0000] {logging_mixin.py:190} INFO - [2025-03-10T00:00:46.049+0000] {dag.py:3239} INFO - Sync 2 DAGs
[2025-03-10T00:00:46.071+0000] {logging_mixin.py:190} INFO - [2025-03-10T00:00:46.071+0000] {dag.py:4180} INFO - Setting next_dagrun for read_dataset_event to 2025-03-09 00:00:00+00:00, run_after=2025-03-10 00:00:00+00:00
[2025-03-10T00:00:46.076+0000] {logging_mixin.py:190} INFO - [2025-03-10T00:00:46.075+0000] {dag.py:4180} INFO - Setting next_dagrun for read_dataset_event_from_classic to 2025-03-09 00:00:00+00:00, run_after=2025-03-10 00:00:00+00:00
[2025-03-10T00:00:46.092+0000] {processor.py:208} INFO - Processing /home/airflow/.local/lib/python3.12/site-packages/airflow/example_dags/example_inlet_event_extra.py took 0.616 seconds
[2025-03-10T00:01:17.546+0000] {processor.py:186} INFO - Started process (PID=47161) to work on /home/airflow/.local/lib/python3.12/site-packages/airflow/example_dags/example_inlet_event_extra.py
[2025-03-10T00:01:17.547+0000] {processor.py:914} INFO - Processing file /home/airflow/.local/lib/python3.12/site-packages/airflow/example_dags/example_inlet_event_extra.py for tasks to queue
[2025-03-10T00:01:17.548+0000] {logging_mixin.py:190} INFO - [2025-03-10T00:01:17.548+0000] {dagbag.py:588} INFO - Filling up the DagBag from /home/airflow/.local/lib/python3.12/site-packages/airflow/example_dags/example_inlet_event_extra.py
[2025-03-10T00:01:18.053+0000] {processor.py:925} INFO - DAG(s) 'read_dataset_event_from_classic', 'read_dataset_event' retrieved from /home/airflow/.local/lib/python3.12/site-packages/airflow/example_dags/example_inlet_event_extra.py
[2025-03-10T00:01:18.074+0000] {logging_mixin.py:190} INFO - [2025-03-10T00:01:18.074+0000] {dag.py:3239} INFO - Sync 2 DAGs
[2025-03-10T00:01:18.096+0000] {logging_mixin.py:190} INFO - [2025-03-10T00:01:18.096+0000] {dag.py:4180} INFO - Setting next_dagrun for read_dataset_event to 2025-03-09 00:00:00+00:00, run_after=2025-03-10 00:00:00+00:00
[2025-03-10T00:01:18.101+0000] {logging_mixin.py:190} INFO - [2025-03-10T00:01:18.101+0000] {dag.py:4180} INFO - Setting next_dagrun for read_dataset_event_from_classic to 2025-03-09 00:00:00+00:00, run_after=2025-03-10 00:00:00+00:00
[2025-03-10T00:01:18.118+0000] {processor.py:208} INFO - Processing /home/airflow/.local/lib/python3.12/site-packages/airflow/example_dags/example_inlet_event_extra.py took 0.577 seconds
[2025-03-10T00:01:49.858+0000] {processor.py:186} INFO - Started process (PID=47227) to work on /home/airflow/.local/lib/python3.12/site-packages/airflow/example_dags/example_inlet_event_extra.py
[2025-03-10T00:01:49.859+0000] {processor.py:914} INFO - Processing file /home/airflow/.local/lib/python3.12/site-packages/airflow/example_dags/example_inlet_event_extra.py for tasks to queue
[2025-03-10T00:01:49.860+0000] {logging_mixin.py:190} INFO - [2025-03-10T00:01:49.860+0000] {dagbag.py:588} INFO - Filling up the DagBag from /home/airflow/.local/lib/python3.12/site-packages/airflow/example_dags/example_inlet_event_extra.py
[2025-03-10T00:01:50.795+0000] {processor.py:925} INFO - DAG(s) 'read_dataset_event', 'read_dataset_event_from_classic' retrieved from /home/airflow/.local/lib/python3.12/site-packages/airflow/example_dags/example_inlet_event_extra.py
[2025-03-10T00:01:50.864+0000] {logging_mixin.py:190} INFO - [2025-03-10T00:01:50.863+0000] {dag.py:3239} INFO - Sync 2 DAGs
[2025-03-10T00:01:50.931+0000] {logging_mixin.py:190} INFO - [2025-03-10T00:01:50.930+0000] {dag.py:4180} INFO - Setting next_dagrun for read_dataset_event to 2025-03-09 00:00:00+00:00, run_after=2025-03-10 00:00:00+00:00
[2025-03-10T00:01:50.943+0000] {logging_mixin.py:190} INFO - [2025-03-10T00:01:50.943+0000] {dag.py:4180} INFO - Setting next_dagrun for read_dataset_event_from_classic to 2025-03-09 00:00:00+00:00, run_after=2025-03-10 00:00:00+00:00
[2025-03-10T00:01:50.976+0000] {processor.py:208} INFO - Processing /home/airflow/.local/lib/python3.12/site-packages/airflow/example_dags/example_inlet_event_extra.py took 1.123 seconds
[2025-03-10T00:02:21.264+0000] {processor.py:186} INFO - Started process (PID=47293) to work on /home/airflow/.local/lib/python3.12/site-packages/airflow/example_dags/example_inlet_event_extra.py
[2025-03-10T00:02:21.265+0000] {processor.py:914} INFO - Processing file /home/airflow/.local/lib/python3.12/site-packages/airflow/example_dags/example_inlet_event_extra.py for tasks to queue
[2025-03-10T00:02:21.267+0000] {logging_mixin.py:190} INFO - [2025-03-10T00:02:21.266+0000] {dagbag.py:588} INFO - Filling up the DagBag from /home/airflow/.local/lib/python3.12/site-packages/airflow/example_dags/example_inlet_event_extra.py
[2025-03-10T00:02:21.832+0000] {processor.py:925} INFO - DAG(s) 'read_dataset_event', 'read_dataset_event_from_classic' retrieved from /home/airflow/.local/lib/python3.12/site-packages/airflow/example_dags/example_inlet_event_extra.py
[2025-03-10T00:02:21.853+0000] {logging_mixin.py:190} INFO - [2025-03-10T00:02:21.853+0000] {dag.py:3239} INFO - Sync 2 DAGs
[2025-03-10T00:02:21.875+0000] {logging_mixin.py:190} INFO - [2025-03-10T00:02:21.875+0000] {dag.py:4180} INFO - Setting next_dagrun for read_dataset_event to 2025-03-09 00:00:00+00:00, run_after=2025-03-10 00:00:00+00:00
[2025-03-10T00:02:21.880+0000] {logging_mixin.py:190} INFO - [2025-03-10T00:02:21.880+0000] {dag.py:4180} INFO - Setting next_dagrun for read_dataset_event_from_classic to 2025-03-09 00:00:00+00:00, run_after=2025-03-10 00:00:00+00:00
[2025-03-10T00:02:21.896+0000] {processor.py:208} INFO - Processing /home/airflow/.local/lib/python3.12/site-packages/airflow/example_dags/example_inlet_event_extra.py took 0.637 seconds
[2025-03-10T00:02:52.115+0000] {processor.py:186} INFO - Started process (PID=47359) to work on /home/airflow/.local/lib/python3.12/site-packages/airflow/example_dags/example_inlet_event_extra.py
[2025-03-10T00:02:52.117+0000] {processor.py:914} INFO - Processing file /home/airflow/.local/lib/python3.12/site-packages/airflow/example_dags/example_inlet_event_extra.py for tasks to queue
[2025-03-10T00:02:52.118+0000] {logging_mixin.py:190} INFO - [2025-03-10T00:02:52.117+0000] {dagbag.py:588} INFO - Filling up the DagBag from /home/airflow/.local/lib/python3.12/site-packages/airflow/example_dags/example_inlet_event_extra.py
[2025-03-10T00:02:52.643+0000] {processor.py:925} INFO - DAG(s) 'read_dataset_event', 'read_dataset_event_from_classic' retrieved from /home/airflow/.local/lib/python3.12/site-packages/airflow/example_dags/example_inlet_event_extra.py
[2025-03-10T00:02:52.663+0000] {logging_mixin.py:190} INFO - [2025-03-10T00:02:52.663+0000] {dag.py:3239} INFO - Sync 2 DAGs
[2025-03-10T00:02:52.686+0000] {logging_mixin.py:190} INFO - [2025-03-10T00:02:52.686+0000] {dag.py:4180} INFO - Setting next_dagrun for read_dataset_event to 2025-03-09 00:00:00+00:00, run_after=2025-03-10 00:00:00+00:00
[2025-03-10T00:02:52.691+0000] {logging_mixin.py:190} INFO - [2025-03-10T00:02:52.690+0000] {dag.py:4180} INFO - Setting next_dagrun for read_dataset_event_from_classic to 2025-03-09 00:00:00+00:00, run_after=2025-03-10 00:00:00+00:00
[2025-03-10T00:02:52.710+0000] {processor.py:208} INFO - Processing /home/airflow/.local/lib/python3.12/site-packages/airflow/example_dags/example_inlet_event_extra.py took 0.600 seconds
[2025-03-10T00:03:23.121+0000] {processor.py:186} INFO - Started process (PID=47425) to work on /home/airflow/.local/lib/python3.12/site-packages/airflow/example_dags/example_inlet_event_extra.py
[2025-03-10T00:03:23.122+0000] {processor.py:914} INFO - Processing file /home/airflow/.local/lib/python3.12/site-packages/airflow/example_dags/example_inlet_event_extra.py for tasks to queue
[2025-03-10T00:03:23.123+0000] {logging_mixin.py:190} INFO - [2025-03-10T00:03:23.123+0000] {dagbag.py:588} INFO - Filling up the DagBag from /home/airflow/.local/lib/python3.12/site-packages/airflow/example_dags/example_inlet_event_extra.py
[2025-03-10T00:03:23.653+0000] {processor.py:925} INFO - DAG(s) 'read_dataset_event', 'read_dataset_event_from_classic' retrieved from /home/airflow/.local/lib/python3.12/site-packages/airflow/example_dags/example_inlet_event_extra.py
[2025-03-10T00:03:23.674+0000] {logging_mixin.py:190} INFO - [2025-03-10T00:03:23.673+0000] {dag.py:3239} INFO - Sync 2 DAGs
[2025-03-10T00:03:23.697+0000] {logging_mixin.py:190} INFO - [2025-03-10T00:03:23.697+0000] {dag.py:4180} INFO - Setting next_dagrun for read_dataset_event to 2025-03-09 00:00:00+00:00, run_after=2025-03-10 00:00:00+00:00
[2025-03-10T00:03:23.702+0000] {logging_mixin.py:190} INFO - [2025-03-10T00:03:23.702+0000] {dag.py:4180} INFO - Setting next_dagrun for read_dataset_event_from_classic to 2025-03-09 00:00:00+00:00, run_after=2025-03-10 00:00:00+00:00
[2025-03-10T00:03:23.721+0000] {processor.py:208} INFO - Processing /home/airflow/.local/lib/python3.12/site-packages/airflow/example_dags/example_inlet_event_extra.py took 0.606 seconds
[2025-03-10T00:03:54.977+0000] {processor.py:186} INFO - Started process (PID=47491) to work on /home/airflow/.local/lib/python3.12/site-packages/airflow/example_dags/example_inlet_event_extra.py
[2025-03-10T00:03:54.978+0000] {processor.py:914} INFO - Processing file /home/airflow/.local/lib/python3.12/site-packages/airflow/example_dags/example_inlet_event_extra.py for tasks to queue
[2025-03-10T00:03:54.980+0000] {logging_mixin.py:190} INFO - [2025-03-10T00:03:54.979+0000] {dagbag.py:588} INFO - Filling up the DagBag from /home/airflow/.local/lib/python3.12/site-packages/airflow/example_dags/example_inlet_event_extra.py
[2025-03-10T00:03:55.774+0000] {processor.py:925} INFO - DAG(s) 'read_dataset_event_from_classic', 'read_dataset_event' retrieved from /home/airflow/.local/lib/python3.12/site-packages/airflow/example_dags/example_inlet_event_extra.py
[2025-03-10T00:03:55.796+0000] {logging_mixin.py:190} INFO - [2025-03-10T00:03:55.796+0000] {dag.py:3239} INFO - Sync 2 DAGs
[2025-03-10T00:03:55.824+0000] {logging_mixin.py:190} INFO - [2025-03-10T00:03:55.824+0000] {dag.py:4180} INFO - Setting next_dagrun for read_dataset_event to 2025-03-09 00:00:00+00:00, run_after=2025-03-10 00:00:00+00:00
[2025-03-10T00:03:55.832+0000] {logging_mixin.py:190} INFO - [2025-03-10T00:03:55.832+0000] {dag.py:4180} INFO - Setting next_dagrun for read_dataset_event_from_classic to 2025-03-09 00:00:00+00:00, run_after=2025-03-10 00:00:00+00:00
[2025-03-10T00:03:55.860+0000] {processor.py:208} INFO - Processing /home/airflow/.local/lib/python3.12/site-packages/airflow/example_dags/example_inlet_event_extra.py took 0.889 seconds
[2025-03-10T00:04:26.784+0000] {processor.py:186} INFO - Started process (PID=47557) to work on /home/airflow/.local/lib/python3.12/site-packages/airflow/example_dags/example_inlet_event_extra.py
[2025-03-10T00:04:26.785+0000] {processor.py:914} INFO - Processing file /home/airflow/.local/lib/python3.12/site-packages/airflow/example_dags/example_inlet_event_extra.py for tasks to queue
[2025-03-10T00:04:26.787+0000] {logging_mixin.py:190} INFO - [2025-03-10T00:04:26.787+0000] {dagbag.py:588} INFO - Filling up the DagBag from /home/airflow/.local/lib/python3.12/site-packages/airflow/example_dags/example_inlet_event_extra.py
[2025-03-10T00:04:27.343+0000] {processor.py:925} INFO - DAG(s) 'read_dataset_event_from_classic', 'read_dataset_event' retrieved from /home/airflow/.local/lib/python3.12/site-packages/airflow/example_dags/example_inlet_event_extra.py
[2025-03-10T00:04:27.366+0000] {logging_mixin.py:190} INFO - [2025-03-10T00:04:27.366+0000] {dag.py:3239} INFO - Sync 2 DAGs
[2025-03-10T00:04:27.390+0000] {logging_mixin.py:190} INFO - [2025-03-10T00:04:27.390+0000] {dag.py:4180} INFO - Setting next_dagrun for read_dataset_event to 2025-03-09 00:00:00+00:00, run_after=2025-03-10 00:00:00+00:00
[2025-03-10T00:04:27.395+0000] {logging_mixin.py:190} INFO - [2025-03-10T00:04:27.395+0000] {dag.py:4180} INFO - Setting next_dagrun for read_dataset_event_from_classic to 2025-03-09 00:00:00+00:00, run_after=2025-03-10 00:00:00+00:00
[2025-03-10T00:04:27.415+0000] {processor.py:208} INFO - Processing /home/airflow/.local/lib/python3.12/site-packages/airflow/example_dags/example_inlet_event_extra.py took 0.636 seconds
[2025-03-10T00:04:57.686+0000] {processor.py:186} INFO - Started process (PID=47623) to work on /home/airflow/.local/lib/python3.12/site-packages/airflow/example_dags/example_inlet_event_extra.py
[2025-03-10T00:04:57.687+0000] {processor.py:914} INFO - Processing file /home/airflow/.local/lib/python3.12/site-packages/airflow/example_dags/example_inlet_event_extra.py for tasks to queue
[2025-03-10T00:04:57.688+0000] {logging_mixin.py:190} INFO - [2025-03-10T00:04:57.688+0000] {dagbag.py:588} INFO - Filling up the DagBag from /home/airflow/.local/lib/python3.12/site-packages/airflow/example_dags/example_inlet_event_extra.py
[2025-03-10T00:04:58.243+0000] {processor.py:925} INFO - DAG(s) 'read_dataset_event', 'read_dataset_event_from_classic' retrieved from /home/airflow/.local/lib/python3.12/site-packages/airflow/example_dags/example_inlet_event_extra.py
[2025-03-10T00:04:58.263+0000] {logging_mixin.py:190} INFO - [2025-03-10T00:04:58.263+0000] {dag.py:3239} INFO - Sync 2 DAGs
[2025-03-10T00:04:58.286+0000] {logging_mixin.py:190} INFO - [2025-03-10T00:04:58.286+0000] {dag.py:4180} INFO - Setting next_dagrun for read_dataset_event to 2025-03-09 00:00:00+00:00, run_after=2025-03-10 00:00:00+00:00
[2025-03-10T00:04:58.292+0000] {logging_mixin.py:190} INFO - [2025-03-10T00:04:58.292+0000] {dag.py:4180} INFO - Setting next_dagrun for read_dataset_event_from_classic to 2025-03-09 00:00:00+00:00, run_after=2025-03-10 00:00:00+00:00
[2025-03-10T00:04:58.310+0000] {processor.py:208} INFO - Processing /home/airflow/.local/lib/python3.12/site-packages/airflow/example_dags/example_inlet_event_extra.py took 0.629 seconds
[2025-03-10T00:05:29.327+0000] {processor.py:186} INFO - Started process (PID=47689) to work on /home/airflow/.local/lib/python3.12/site-packages/airflow/example_dags/example_inlet_event_extra.py
[2025-03-10T00:05:29.328+0000] {processor.py:914} INFO - Processing file /home/airflow/.local/lib/python3.12/site-packages/airflow/example_dags/example_inlet_event_extra.py for tasks to queue
[2025-03-10T00:05:29.329+0000] {logging_mixin.py:190} INFO - [2025-03-10T00:05:29.329+0000] {dagbag.py:588} INFO - Filling up the DagBag from /home/airflow/.local/lib/python3.12/site-packages/airflow/example_dags/example_inlet_event_extra.py
[2025-03-10T00:05:29.852+0000] {processor.py:925} INFO - DAG(s) 'read_dataset_event_from_classic', 'read_dataset_event' retrieved from /home/airflow/.local/lib/python3.12/site-packages/airflow/example_dags/example_inlet_event_extra.py
[2025-03-10T00:05:29.872+0000] {logging_mixin.py:190} INFO - [2025-03-10T00:05:29.872+0000] {dag.py:3239} INFO - Sync 2 DAGs
[2025-03-10T00:05:29.895+0000] {logging_mixin.py:190} INFO - [2025-03-10T00:05:29.895+0000] {dag.py:4180} INFO - Setting next_dagrun for read_dataset_event to 2025-03-09 00:00:00+00:00, run_after=2025-03-10 00:00:00+00:00
[2025-03-10T00:05:29.900+0000] {logging_mixin.py:190} INFO - [2025-03-10T00:05:29.900+0000] {dag.py:4180} INFO - Setting next_dagrun for read_dataset_event_from_classic to 2025-03-09 00:00:00+00:00, run_after=2025-03-10 00:00:00+00:00
[2025-03-10T00:05:29.919+0000] {processor.py:208} INFO - Processing /home/airflow/.local/lib/python3.12/site-packages/airflow/example_dags/example_inlet_event_extra.py took 0.596 seconds
[2025-03-10T00:06:01.866+0000] {processor.py:186} INFO - Started process (PID=47755) to work on /home/airflow/.local/lib/python3.12/site-packages/airflow/example_dags/example_inlet_event_extra.py
[2025-03-10T00:06:01.868+0000] {processor.py:914} INFO - Processing file /home/airflow/.local/lib/python3.12/site-packages/airflow/example_dags/example_inlet_event_extra.py for tasks to queue
[2025-03-10T00:06:01.869+0000] {logging_mixin.py:190} INFO - [2025-03-10T00:06:01.869+0000] {dagbag.py:588} INFO - Filling up the DagBag from /home/airflow/.local/lib/python3.12/site-packages/airflow/example_dags/example_inlet_event_extra.py
[2025-03-10T00:06:02.535+0000] {processor.py:925} INFO - DAG(s) 'read_dataset_event', 'read_dataset_event_from_classic' retrieved from /home/airflow/.local/lib/python3.12/site-packages/airflow/example_dags/example_inlet_event_extra.py
[2025-03-10T00:06:02.561+0000] {logging_mixin.py:190} INFO - [2025-03-10T00:06:02.560+0000] {dag.py:3239} INFO - Sync 2 DAGs
[2025-03-10T00:06:02.587+0000] {logging_mixin.py:190} INFO - [2025-03-10T00:06:02.587+0000] {dag.py:4180} INFO - Setting next_dagrun for read_dataset_event to 2025-03-09 00:00:00+00:00, run_after=2025-03-10 00:00:00+00:00
[2025-03-10T00:06:02.593+0000] {logging_mixin.py:190} INFO - [2025-03-10T00:06:02.592+0000] {dag.py:4180} INFO - Setting next_dagrun for read_dataset_event_from_classic to 2025-03-09 00:00:00+00:00, run_after=2025-03-10 00:00:00+00:00
[2025-03-10T00:06:02.614+0000] {processor.py:208} INFO - Processing /home/airflow/.local/lib/python3.12/site-packages/airflow/example_dags/example_inlet_event_extra.py took 0.753 seconds
[2025-03-10T00:06:33.301+0000] {processor.py:186} INFO - Started process (PID=47825) to work on /home/airflow/.local/lib/python3.12/site-packages/airflow/example_dags/example_inlet_event_extra.py
[2025-03-10T00:06:33.302+0000] {processor.py:914} INFO - Processing file /home/airflow/.local/lib/python3.12/site-packages/airflow/example_dags/example_inlet_event_extra.py for tasks to queue
[2025-03-10T00:06:33.303+0000] {logging_mixin.py:190} INFO - [2025-03-10T00:06:33.303+0000] {dagbag.py:588} INFO - Filling up the DagBag from /home/airflow/.local/lib/python3.12/site-packages/airflow/example_dags/example_inlet_event_extra.py
[2025-03-10T00:06:33.922+0000] {processor.py:925} INFO - DAG(s) 'read_dataset_event_from_classic', 'read_dataset_event' retrieved from /home/airflow/.local/lib/python3.12/site-packages/airflow/example_dags/example_inlet_event_extra.py
[2025-03-10T00:06:33.941+0000] {logging_mixin.py:190} INFO - [2025-03-10T00:06:33.941+0000] {dag.py:3239} INFO - Sync 2 DAGs
[2025-03-10T00:06:33.963+0000] {logging_mixin.py:190} INFO - [2025-03-10T00:06:33.963+0000] {dag.py:4180} INFO - Setting next_dagrun for read_dataset_event to 2025-03-09 00:00:00+00:00, run_after=2025-03-10 00:00:00+00:00
[2025-03-10T00:06:33.968+0000] {logging_mixin.py:190} INFO - [2025-03-10T00:06:33.968+0000] {dag.py:4180} INFO - Setting next_dagrun for read_dataset_event_from_classic to 2025-03-09 00:00:00+00:00, run_after=2025-03-10 00:00:00+00:00
[2025-03-10T00:06:33.986+0000] {processor.py:208} INFO - Processing /home/airflow/.local/lib/python3.12/site-packages/airflow/example_dags/example_inlet_event_extra.py took 0.691 seconds
[2025-03-10T00:07:04.747+0000] {processor.py:186} INFO - Started process (PID=47894) to work on /home/airflow/.local/lib/python3.12/site-packages/airflow/example_dags/example_inlet_event_extra.py
[2025-03-10T00:07:04.748+0000] {processor.py:914} INFO - Processing file /home/airflow/.local/lib/python3.12/site-packages/airflow/example_dags/example_inlet_event_extra.py for tasks to queue
[2025-03-10T00:07:04.749+0000] {logging_mixin.py:190} INFO - [2025-03-10T00:07:04.749+0000] {dagbag.py:588} INFO - Filling up the DagBag from /home/airflow/.local/lib/python3.12/site-packages/airflow/example_dags/example_inlet_event_extra.py
[2025-03-10T00:07:05.340+0000] {processor.py:925} INFO - DAG(s) 'read_dataset_event', 'read_dataset_event_from_classic' retrieved from /home/airflow/.local/lib/python3.12/site-packages/airflow/example_dags/example_inlet_event_extra.py
[2025-03-10T00:07:05.360+0000] {logging_mixin.py:190} INFO - [2025-03-10T00:07:05.360+0000] {dag.py:3239} INFO - Sync 2 DAGs
[2025-03-10T00:07:05.382+0000] {logging_mixin.py:190} INFO - [2025-03-10T00:07:05.381+0000] {dag.py:4180} INFO - Setting next_dagrun for read_dataset_event to 2025-03-09 00:00:00+00:00, run_after=2025-03-10 00:00:00+00:00
[2025-03-10T00:07:05.387+0000] {logging_mixin.py:190} INFO - [2025-03-10T00:07:05.387+0000] {dag.py:4180} INFO - Setting next_dagrun for read_dataset_event_from_classic to 2025-03-09 00:00:00+00:00, run_after=2025-03-10 00:00:00+00:00
[2025-03-10T00:07:05.403+0000] {processor.py:208} INFO - Processing /home/airflow/.local/lib/python3.12/site-packages/airflow/example_dags/example_inlet_event_extra.py took 0.663 seconds
