[2025-03-10T00:00:14.828+0000] {processor.py:186} INFO - Started process (PID=47038) to work on /home/airflow/.local/lib/python3.12/site-packages/airflow/example_dags/example_setup_teardown_taskflow.py
[2025-03-10T00:00:14.829+0000] {processor.py:914} INFO - Processing file /home/airflow/.local/lib/python3.12/site-packages/airflow/example_dags/example_setup_teardown_taskflow.py for tasks to queue
[2025-03-10T00:00:14.831+0000] {logging_mixin.py:190} INFO - [2025-03-10T00:00:14.830+0000] {dagbag.py:588} INFO - Filling up the DagBag from /home/airflow/.local/lib/python3.12/site-packages/airflow/example_dags/example_setup_teardown_taskflow.py
[2025-03-10T00:00:14.841+0000] {processor.py:925} INFO - DAG(s) 'example_setup_teardown_taskflow' retrieved from /home/airflow/.local/lib/python3.12/site-packages/airflow/example_dags/example_setup_teardown_taskflow.py
[2025-03-10T00:00:14.867+0000] {logging_mixin.py:190} INFO - [2025-03-10T00:00:14.867+0000] {dag.py:3239} INFO - Sync 1 DAGs
[2025-03-10T00:00:14.885+0000] {logging_mixin.py:190} INFO - [2025-03-10T00:00:14.885+0000] {dag.py:4180} INFO - Setting next_dagrun for example_setup_teardown_taskflow to None, run_after=None
[2025-03-10T00:00:14.911+0000] {processor.py:208} INFO - Processing /home/airflow/.local/lib/python3.12/site-packages/airflow/example_dags/example_setup_teardown_taskflow.py took 0.091 seconds
[2025-03-10T00:00:46.690+0000] {processor.py:186} INFO - Started process (PID=47104) to work on /home/airflow/.local/lib/python3.12/site-packages/airflow/example_dags/example_setup_teardown_taskflow.py
[2025-03-10T00:00:46.692+0000] {processor.py:914} INFO - Processing file /home/airflow/.local/lib/python3.12/site-packages/airflow/example_dags/example_setup_teardown_taskflow.py for tasks to queue
[2025-03-10T00:00:46.694+0000] {logging_mixin.py:190} INFO - [2025-03-10T00:00:46.693+0000] {dagbag.py:588} INFO - Filling up the DagBag from /home/airflow/.local/lib/python3.12/site-packages/airflow/example_dags/example_setup_teardown_taskflow.py
[2025-03-10T00:00:46.709+0000] {processor.py:925} INFO - DAG(s) 'example_setup_teardown_taskflow' retrieved from /home/airflow/.local/lib/python3.12/site-packages/airflow/example_dags/example_setup_teardown_taskflow.py
[2025-03-10T00:00:46.744+0000] {logging_mixin.py:190} INFO - [2025-03-10T00:00:46.744+0000] {dag.py:3239} INFO - Sync 1 DAGs
[2025-03-10T00:00:46.765+0000] {logging_mixin.py:190} INFO - [2025-03-10T00:00:46.765+0000] {dag.py:4180} INFO - Setting next_dagrun for example_setup_teardown_taskflow to None, run_after=None
[2025-03-10T00:00:46.793+0000] {processor.py:208} INFO - Processing /home/airflow/.local/lib/python3.12/site-packages/airflow/example_dags/example_setup_teardown_taskflow.py took 0.110 seconds
[2025-03-10T00:01:18.608+0000] {processor.py:186} INFO - Started process (PID=47170) to work on /home/airflow/.local/lib/python3.12/site-packages/airflow/example_dags/example_setup_teardown_taskflow.py
[2025-03-10T00:01:18.609+0000] {processor.py:914} INFO - Processing file /home/airflow/.local/lib/python3.12/site-packages/airflow/example_dags/example_setup_teardown_taskflow.py for tasks to queue
[2025-03-10T00:01:18.612+0000] {logging_mixin.py:190} INFO - [2025-03-10T00:01:18.611+0000] {dagbag.py:588} INFO - Filling up the DagBag from /home/airflow/.local/lib/python3.12/site-packages/airflow/example_dags/example_setup_teardown_taskflow.py
[2025-03-10T00:01:18.627+0000] {processor.py:925} INFO - DAG(s) 'example_setup_teardown_taskflow' retrieved from /home/airflow/.local/lib/python3.12/site-packages/airflow/example_dags/example_setup_teardown_taskflow.py
[2025-03-10T00:01:18.654+0000] {logging_mixin.py:190} INFO - [2025-03-10T00:01:18.653+0000] {dag.py:3239} INFO - Sync 1 DAGs
[2025-03-10T00:01:18.671+0000] {logging_mixin.py:190} INFO - [2025-03-10T00:01:18.670+0000] {dag.py:4180} INFO - Setting next_dagrun for example_setup_teardown_taskflow to None, run_after=None
[2025-03-10T00:01:18.703+0000] {processor.py:208} INFO - Processing /home/airflow/.local/lib/python3.12/site-packages/airflow/example_dags/example_setup_teardown_taskflow.py took 0.102 seconds
[2025-03-10T00:01:51.695+0000] {processor.py:186} INFO - Started process (PID=47236) to work on /home/airflow/.local/lib/python3.12/site-packages/airflow/example_dags/example_setup_teardown_taskflow.py
[2025-03-10T00:01:51.696+0000] {processor.py:914} INFO - Processing file /home/airflow/.local/lib/python3.12/site-packages/airflow/example_dags/example_setup_teardown_taskflow.py for tasks to queue
[2025-03-10T00:01:51.697+0000] {logging_mixin.py:190} INFO - [2025-03-10T00:01:51.697+0000] {dagbag.py:588} INFO - Filling up the DagBag from /home/airflow/.local/lib/python3.12/site-packages/airflow/example_dags/example_setup_teardown_taskflow.py
[2025-03-10T00:01:51.710+0000] {processor.py:925} INFO - DAG(s) 'example_setup_teardown_taskflow' retrieved from /home/airflow/.local/lib/python3.12/site-packages/airflow/example_dags/example_setup_teardown_taskflow.py
[2025-03-10T00:01:51.733+0000] {logging_mixin.py:190} INFO - [2025-03-10T00:01:51.733+0000] {dag.py:3239} INFO - Sync 1 DAGs
[2025-03-10T00:01:51.750+0000] {logging_mixin.py:190} INFO - [2025-03-10T00:01:51.750+0000] {dag.py:4180} INFO - Setting next_dagrun for example_setup_teardown_taskflow to None, run_after=None
[2025-03-10T00:01:51.777+0000] {processor.py:208} INFO - Processing /home/airflow/.local/lib/python3.12/site-packages/airflow/example_dags/example_setup_teardown_taskflow.py took 0.088 seconds
[2025-03-10T00:02:22.387+0000] {processor.py:186} INFO - Started process (PID=47302) to work on /home/airflow/.local/lib/python3.12/site-packages/airflow/example_dags/example_setup_teardown_taskflow.py
[2025-03-10T00:02:22.388+0000] {processor.py:914} INFO - Processing file /home/airflow/.local/lib/python3.12/site-packages/airflow/example_dags/example_setup_teardown_taskflow.py for tasks to queue
[2025-03-10T00:02:22.389+0000] {logging_mixin.py:190} INFO - [2025-03-10T00:02:22.389+0000] {dagbag.py:588} INFO - Filling up the DagBag from /home/airflow/.local/lib/python3.12/site-packages/airflow/example_dags/example_setup_teardown_taskflow.py
[2025-03-10T00:02:22.398+0000] {processor.py:925} INFO - DAG(s) 'example_setup_teardown_taskflow' retrieved from /home/airflow/.local/lib/python3.12/site-packages/airflow/example_dags/example_setup_teardown_taskflow.py
[2025-03-10T00:02:22.418+0000] {logging_mixin.py:190} INFO - [2025-03-10T00:02:22.418+0000] {dag.py:3239} INFO - Sync 1 DAGs
[2025-03-10T00:02:22.431+0000] {logging_mixin.py:190} INFO - [2025-03-10T00:02:22.431+0000] {dag.py:4180} INFO - Setting next_dagrun for example_setup_teardown_taskflow to None, run_after=None
[2025-03-10T00:02:22.449+0000] {processor.py:208} INFO - Processing /home/airflow/.local/lib/python3.12/site-packages/airflow/example_dags/example_setup_teardown_taskflow.py took 0.068 seconds
[2025-03-10T00:02:53.359+0000] {processor.py:186} INFO - Started process (PID=47368) to work on /home/airflow/.local/lib/python3.12/site-packages/airflow/example_dags/example_setup_teardown_taskflow.py
[2025-03-10T00:02:53.360+0000] {processor.py:914} INFO - Processing file /home/airflow/.local/lib/python3.12/site-packages/airflow/example_dags/example_setup_teardown_taskflow.py for tasks to queue
[2025-03-10T00:02:53.362+0000] {logging_mixin.py:190} INFO - [2025-03-10T00:02:53.361+0000] {dagbag.py:588} INFO - Filling up the DagBag from /home/airflow/.local/lib/python3.12/site-packages/airflow/example_dags/example_setup_teardown_taskflow.py
[2025-03-10T00:02:53.371+0000] {processor.py:925} INFO - DAG(s) 'example_setup_teardown_taskflow' retrieved from /home/airflow/.local/lib/python3.12/site-packages/airflow/example_dags/example_setup_teardown_taskflow.py
[2025-03-10T00:02:53.390+0000] {logging_mixin.py:190} INFO - [2025-03-10T00:02:53.390+0000] {dag.py:3239} INFO - Sync 1 DAGs
[2025-03-10T00:02:53.404+0000] {logging_mixin.py:190} INFO - [2025-03-10T00:02:53.404+0000] {dag.py:4180} INFO - Setting next_dagrun for example_setup_teardown_taskflow to None, run_after=None
[2025-03-10T00:02:53.421+0000] {processor.py:208} INFO - Processing /home/airflow/.local/lib/python3.12/site-packages/airflow/example_dags/example_setup_teardown_taskflow.py took 0.067 seconds
[2025-03-10T00:03:24.068+0000] {processor.py:186} INFO - Started process (PID=47434) to work on /home/airflow/.local/lib/python3.12/site-packages/airflow/example_dags/example_setup_teardown_taskflow.py
[2025-03-10T00:03:24.069+0000] {processor.py:914} INFO - Processing file /home/airflow/.local/lib/python3.12/site-packages/airflow/example_dags/example_setup_teardown_taskflow.py for tasks to queue
[2025-03-10T00:03:24.070+0000] {logging_mixin.py:190} INFO - [2025-03-10T00:03:24.070+0000] {dagbag.py:588} INFO - Filling up the DagBag from /home/airflow/.local/lib/python3.12/site-packages/airflow/example_dags/example_setup_teardown_taskflow.py
[2025-03-10T00:03:24.079+0000] {processor.py:925} INFO - DAG(s) 'example_setup_teardown_taskflow' retrieved from /home/airflow/.local/lib/python3.12/site-packages/airflow/example_dags/example_setup_teardown_taskflow.py
[2025-03-10T00:03:24.101+0000] {logging_mixin.py:190} INFO - [2025-03-10T00:03:24.101+0000] {dag.py:3239} INFO - Sync 1 DAGs
[2025-03-10T00:03:24.117+0000] {logging_mixin.py:190} INFO - [2025-03-10T00:03:24.117+0000] {dag.py:4180} INFO - Setting next_dagrun for example_setup_teardown_taskflow to None, run_after=None
[2025-03-10T00:03:24.137+0000] {processor.py:208} INFO - Processing /home/airflow/.local/lib/python3.12/site-packages/airflow/example_dags/example_setup_teardown_taskflow.py took 0.074 seconds
[2025-03-10T00:03:56.295+0000] {processor.py:186} INFO - Started process (PID=47500) to work on /home/airflow/.local/lib/python3.12/site-packages/airflow/example_dags/example_setup_teardown_taskflow.py
[2025-03-10T00:03:56.297+0000] {processor.py:914} INFO - Processing file /home/airflow/.local/lib/python3.12/site-packages/airflow/example_dags/example_setup_teardown_taskflow.py for tasks to queue
[2025-03-10T00:03:56.298+0000] {logging_mixin.py:190} INFO - [2025-03-10T00:03:56.298+0000] {dagbag.py:588} INFO - Filling up the DagBag from /home/airflow/.local/lib/python3.12/site-packages/airflow/example_dags/example_setup_teardown_taskflow.py
[2025-03-10T00:03:56.309+0000] {processor.py:925} INFO - DAG(s) 'example_setup_teardown_taskflow' retrieved from /home/airflow/.local/lib/python3.12/site-packages/airflow/example_dags/example_setup_teardown_taskflow.py
[2025-03-10T00:03:56.332+0000] {logging_mixin.py:190} INFO - [2025-03-10T00:03:56.332+0000] {dag.py:3239} INFO - Sync 1 DAGs
[2025-03-10T00:03:56.347+0000] {logging_mixin.py:190} INFO - [2025-03-10T00:03:56.347+0000] {dag.py:4180} INFO - Setting next_dagrun for example_setup_teardown_taskflow to None, run_after=None
[2025-03-10T00:03:56.371+0000] {processor.py:208} INFO - Processing /home/airflow/.local/lib/python3.12/site-packages/airflow/example_dags/example_setup_teardown_taskflow.py took 0.081 seconds
[2025-03-10T00:04:28.047+0000] {processor.py:186} INFO - Started process (PID=47566) to work on /home/airflow/.local/lib/python3.12/site-packages/airflow/example_dags/example_setup_teardown_taskflow.py
[2025-03-10T00:04:28.048+0000] {processor.py:914} INFO - Processing file /home/airflow/.local/lib/python3.12/site-packages/airflow/example_dags/example_setup_teardown_taskflow.py for tasks to queue
[2025-03-10T00:04:28.049+0000] {logging_mixin.py:190} INFO - [2025-03-10T00:04:28.049+0000] {dagbag.py:588} INFO - Filling up the DagBag from /home/airflow/.local/lib/python3.12/site-packages/airflow/example_dags/example_setup_teardown_taskflow.py
[2025-03-10T00:04:28.058+0000] {processor.py:925} INFO - DAG(s) 'example_setup_teardown_taskflow' retrieved from /home/airflow/.local/lib/python3.12/site-packages/airflow/example_dags/example_setup_teardown_taskflow.py
[2025-03-10T00:04:28.077+0000] {logging_mixin.py:190} INFO - [2025-03-10T00:04:28.077+0000] {dag.py:3239} INFO - Sync 1 DAGs
[2025-03-10T00:04:28.090+0000] {logging_mixin.py:190} INFO - [2025-03-10T00:04:28.090+0000] {dag.py:4180} INFO - Setting next_dagrun for example_setup_teardown_taskflow to None, run_after=None
[2025-03-10T00:04:28.107+0000] {processor.py:208} INFO - Processing /home/airflow/.local/lib/python3.12/site-packages/airflow/example_dags/example_setup_teardown_taskflow.py took 0.065 seconds
[2025-03-10T00:04:58.795+0000] {processor.py:186} INFO - Started process (PID=47632) to work on /home/airflow/.local/lib/python3.12/site-packages/airflow/example_dags/example_setup_teardown_taskflow.py
[2025-03-10T00:04:58.796+0000] {processor.py:914} INFO - Processing file /home/airflow/.local/lib/python3.12/site-packages/airflow/example_dags/example_setup_teardown_taskflow.py for tasks to queue
[2025-03-10T00:04:58.797+0000] {logging_mixin.py:190} INFO - [2025-03-10T00:04:58.797+0000] {dagbag.py:588} INFO - Filling up the DagBag from /home/airflow/.local/lib/python3.12/site-packages/airflow/example_dags/example_setup_teardown_taskflow.py
[2025-03-10T00:04:58.807+0000] {processor.py:925} INFO - DAG(s) 'example_setup_teardown_taskflow' retrieved from /home/airflow/.local/lib/python3.12/site-packages/airflow/example_dags/example_setup_teardown_taskflow.py
[2025-03-10T00:04:58.829+0000] {logging_mixin.py:190} INFO - [2025-03-10T00:04:58.828+0000] {dag.py:3239} INFO - Sync 1 DAGs
[2025-03-10T00:04:58.844+0000] {logging_mixin.py:190} INFO - [2025-03-10T00:04:58.844+0000] {dag.py:4180} INFO - Setting next_dagrun for example_setup_teardown_taskflow to None, run_after=None
[2025-03-10T00:04:58.868+0000] {processor.py:208} INFO - Processing /home/airflow/.local/lib/python3.12/site-packages/airflow/example_dags/example_setup_teardown_taskflow.py took 0.078 seconds
[2025-03-10T00:05:30.394+0000] {processor.py:186} INFO - Started process (PID=47698) to work on /home/airflow/.local/lib/python3.12/site-packages/airflow/example_dags/example_setup_teardown_taskflow.py
[2025-03-10T00:05:30.395+0000] {processor.py:914} INFO - Processing file /home/airflow/.local/lib/python3.12/site-packages/airflow/example_dags/example_setup_teardown_taskflow.py for tasks to queue
[2025-03-10T00:05:30.396+0000] {logging_mixin.py:190} INFO - [2025-03-10T00:05:30.396+0000] {dagbag.py:588} INFO - Filling up the DagBag from /home/airflow/.local/lib/python3.12/site-packages/airflow/example_dags/example_setup_teardown_taskflow.py
[2025-03-10T00:05:30.406+0000] {processor.py:925} INFO - DAG(s) 'example_setup_teardown_taskflow' retrieved from /home/airflow/.local/lib/python3.12/site-packages/airflow/example_dags/example_setup_teardown_taskflow.py
[2025-03-10T00:05:30.428+0000] {logging_mixin.py:190} INFO - [2025-03-10T00:05:30.427+0000] {dag.py:3239} INFO - Sync 1 DAGs
[2025-03-10T00:05:30.449+0000] {logging_mixin.py:190} INFO - [2025-03-10T00:05:30.449+0000] {dag.py:4180} INFO - Setting next_dagrun for example_setup_teardown_taskflow to None, run_after=None
[2025-03-10T00:05:30.476+0000] {processor.py:208} INFO - Processing /home/airflow/.local/lib/python3.12/site-packages/airflow/example_dags/example_setup_teardown_taskflow.py took 0.087 seconds
[2025-03-10T00:06:03.188+0000] {processor.py:186} INFO - Started process (PID=47764) to work on /home/airflow/.local/lib/python3.12/site-packages/airflow/example_dags/example_setup_teardown_taskflow.py
[2025-03-10T00:06:03.189+0000] {processor.py:914} INFO - Processing file /home/airflow/.local/lib/python3.12/site-packages/airflow/example_dags/example_setup_teardown_taskflow.py for tasks to queue
[2025-03-10T00:06:03.190+0000] {logging_mixin.py:190} INFO - [2025-03-10T00:06:03.190+0000] {dagbag.py:588} INFO - Filling up the DagBag from /home/airflow/.local/lib/python3.12/site-packages/airflow/example_dags/example_setup_teardown_taskflow.py
[2025-03-10T00:06:03.199+0000] {processor.py:925} INFO - DAG(s) 'example_setup_teardown_taskflow' retrieved from /home/airflow/.local/lib/python3.12/site-packages/airflow/example_dags/example_setup_teardown_taskflow.py
[2025-03-10T00:06:03.218+0000] {logging_mixin.py:190} INFO - [2025-03-10T00:06:03.218+0000] {dag.py:3239} INFO - Sync 1 DAGs
[2025-03-10T00:06:03.231+0000] {logging_mixin.py:190} INFO - [2025-03-10T00:06:03.230+0000] {dag.py:4180} INFO - Setting next_dagrun for example_setup_teardown_taskflow to None, run_after=None
[2025-03-10T00:06:03.249+0000] {processor.py:208} INFO - Processing /home/airflow/.local/lib/python3.12/site-packages/airflow/example_dags/example_setup_teardown_taskflow.py took 0.066 seconds
[2025-03-10T00:06:34.591+0000] {processor.py:186} INFO - Started process (PID=47834) to work on /home/airflow/.local/lib/python3.12/site-packages/airflow/example_dags/example_setup_teardown_taskflow.py
[2025-03-10T00:06:34.592+0000] {processor.py:914} INFO - Processing file /home/airflow/.local/lib/python3.12/site-packages/airflow/example_dags/example_setup_teardown_taskflow.py for tasks to queue
[2025-03-10T00:06:34.593+0000] {logging_mixin.py:190} INFO - [2025-03-10T00:06:34.592+0000] {dagbag.py:588} INFO - Filling up the DagBag from /home/airflow/.local/lib/python3.12/site-packages/airflow/example_dags/example_setup_teardown_taskflow.py
[2025-03-10T00:06:34.602+0000] {processor.py:925} INFO - DAG(s) 'example_setup_teardown_taskflow' retrieved from /home/airflow/.local/lib/python3.12/site-packages/airflow/example_dags/example_setup_teardown_taskflow.py
[2025-03-10T00:06:34.622+0000] {logging_mixin.py:190} INFO - [2025-03-10T00:06:34.621+0000] {dag.py:3239} INFO - Sync 1 DAGs
[2025-03-10T00:06:34.634+0000] {logging_mixin.py:190} INFO - [2025-03-10T00:06:34.634+0000] {dag.py:4180} INFO - Setting next_dagrun for example_setup_teardown_taskflow to None, run_after=None
[2025-03-10T00:06:34.654+0000] {processor.py:208} INFO - Processing /home/airflow/.local/lib/python3.12/site-packages/airflow/example_dags/example_setup_teardown_taskflow.py took 0.069 seconds
[2025-03-10T00:07:05.989+0000] {processor.py:186} INFO - Started process (PID=47903) to work on /home/airflow/.local/lib/python3.12/site-packages/airflow/example_dags/example_setup_teardown_taskflow.py
[2025-03-10T00:07:05.990+0000] {processor.py:914} INFO - Processing file /home/airflow/.local/lib/python3.12/site-packages/airflow/example_dags/example_setup_teardown_taskflow.py for tasks to queue
[2025-03-10T00:07:05.992+0000] {logging_mixin.py:190} INFO - [2025-03-10T00:07:05.992+0000] {dagbag.py:588} INFO - Filling up the DagBag from /home/airflow/.local/lib/python3.12/site-packages/airflow/example_dags/example_setup_teardown_taskflow.py
[2025-03-10T00:07:06.002+0000] {processor.py:925} INFO - DAG(s) 'example_setup_teardown_taskflow' retrieved from /home/airflow/.local/lib/python3.12/site-packages/airflow/example_dags/example_setup_teardown_taskflow.py
[2025-03-10T00:07:06.026+0000] {logging_mixin.py:190} INFO - [2025-03-10T00:07:06.026+0000] {dag.py:3239} INFO - Sync 1 DAGs
[2025-03-10T00:07:06.040+0000] {logging_mixin.py:190} INFO - [2025-03-10T00:07:06.040+0000] {dag.py:4180} INFO - Setting next_dagrun for example_setup_teardown_taskflow to None, run_after=None
[2025-03-10T00:07:06.061+0000] {processor.py:208} INFO - Processing /home/airflow/.local/lib/python3.12/site-packages/airflow/example_dags/example_setup_teardown_taskflow.py took 0.077 seconds
