[2025-03-10T00:00:10.963+0000] {processor.py:186} INFO - Started process (PID=46997) to work on /home/airflow/.local/lib/python3.12/site-packages/airflow/example_dags/example_datasets.py
[2025-03-10T00:00:10.964+0000] {processor.py:914} INFO - Processing file /home/airflow/.local/lib/python3.12/site-packages/airflow/example_dags/example_datasets.py for tasks to queue
[2025-03-10T00:00:10.965+0000] {logging_mixin.py:190} INFO - [2025-03-10T00:00:10.965+0000] {dagbag.py:588} INFO - Filling up the DagBag from /home/airflow/.local/lib/python3.12/site-packages/airflow/example_dags/example_datasets.py
[2025-03-10T00:00:11.451+0000] {processor.py:925} INFO - DAG(s) 'dataset_consumes_unknown_never_scheduled', 'dataset_consumes_1_and_2', 'dataset_consumes_1_never_scheduled', 'consume_1_or_both_2_and_3_with_dataset_expressions', 'consume_1_or_2_with_dataset_expressions', 'conditional_dataset_and_time_based_timetable', 'consume_1_and_2_with_dataset_expressions', 'dataset_produces_1', 'dataset_produces_2', 'dataset_consumes_1' retrieved from /home/airflow/.local/lib/python3.12/site-packages/airflow/example_dags/example_datasets.py
[2025-03-10T00:00:11.498+0000] {logging_mixin.py:190} INFO - [2025-03-10T00:00:11.498+0000] {dag.py:3239} INFO - Sync 10 DAGs
[2025-03-10T00:00:11.521+0000] {logging_mixin.py:190} INFO - [2025-03-10T00:00:11.521+0000] {dag.py:4180} INFO - Setting next_dagrun for conditional_dataset_and_time_based_timetable to 2025-03-05 01:00:00+00:00, run_after=2025-03-05 01:00:00+00:00
[2025-03-10T00:00:11.526+0000] {logging_mixin.py:190} INFO - [2025-03-10T00:00:11.525+0000] {dag.py:4180} INFO - Setting next_dagrun for consume_1_and_2_with_dataset_expressions to None, run_after=None
[2025-03-10T00:00:11.527+0000] {logging_mixin.py:190} INFO - [2025-03-10T00:00:11.527+0000] {dag.py:4180} INFO - Setting next_dagrun for consume_1_or_2_with_dataset_expressions to None, run_after=None
[2025-03-10T00:00:11.529+0000] {logging_mixin.py:190} INFO - [2025-03-10T00:00:11.529+0000] {dag.py:4180} INFO - Setting next_dagrun for consume_1_or_both_2_and_3_with_dataset_expressions to None, run_after=None
[2025-03-10T00:00:11.531+0000] {logging_mixin.py:190} INFO - [2025-03-10T00:00:11.530+0000] {dag.py:4180} INFO - Setting next_dagrun for dataset_consumes_1 to None, run_after=None
[2025-03-10T00:00:11.532+0000] {logging_mixin.py:190} INFO - [2025-03-10T00:00:11.532+0000] {dag.py:4180} INFO - Setting next_dagrun for dataset_consumes_1_and_2 to None, run_after=None
[2025-03-10T00:00:11.534+0000] {logging_mixin.py:190} INFO - [2025-03-10T00:00:11.534+0000] {dag.py:4180} INFO - Setting next_dagrun for dataset_consumes_1_never_scheduled to None, run_after=None
[2025-03-10T00:00:11.536+0000] {logging_mixin.py:190} INFO - [2025-03-10T00:00:11.536+0000] {dag.py:4180} INFO - Setting next_dagrun for dataset_consumes_unknown_never_scheduled to None, run_after=None
[2025-03-10T00:00:11.539+0000] {logging_mixin.py:190} INFO - [2025-03-10T00:00:11.538+0000] {dag.py:4180} INFO - Setting next_dagrun for dataset_produces_1 to 2025-03-09 00:00:00+00:00, run_after=2025-03-10 00:00:00+00:00
[2025-03-10T00:00:11.541+0000] {logging_mixin.py:190} INFO - [2025-03-10T00:00:11.540+0000] {dag.py:4180} INFO - Setting next_dagrun for dataset_produces_2 to None, run_after=None
[2025-03-10T00:00:11.578+0000] {processor.py:208} INFO - Processing /home/airflow/.local/lib/python3.12/site-packages/airflow/example_dags/example_datasets.py took 0.621 seconds
[2025-03-10T00:00:42.777+0000] {processor.py:186} INFO - Started process (PID=47063) to work on /home/airflow/.local/lib/python3.12/site-packages/airflow/example_dags/example_datasets.py
[2025-03-10T00:00:42.778+0000] {processor.py:914} INFO - Processing file /home/airflow/.local/lib/python3.12/site-packages/airflow/example_dags/example_datasets.py for tasks to queue
[2025-03-10T00:00:42.779+0000] {logging_mixin.py:190} INFO - [2025-03-10T00:00:42.779+0000] {dagbag.py:588} INFO - Filling up the DagBag from /home/airflow/.local/lib/python3.12/site-packages/airflow/example_dags/example_datasets.py
[2025-03-10T00:00:43.288+0000] {processor.py:925} INFO - DAG(s) 'consume_1_and_2_with_dataset_expressions', 'conditional_dataset_and_time_based_timetable', 'dataset_consumes_unknown_never_scheduled', 'dataset_consumes_1_never_scheduled', 'dataset_consumes_1_and_2', 'consume_1_or_2_with_dataset_expressions', 'dataset_consumes_1', 'dataset_produces_1', 'dataset_produces_2', 'consume_1_or_both_2_and_3_with_dataset_expressions' retrieved from /home/airflow/.local/lib/python3.12/site-packages/airflow/example_dags/example_datasets.py
[2025-03-10T00:00:43.331+0000] {logging_mixin.py:190} INFO - [2025-03-10T00:00:43.331+0000] {dag.py:3239} INFO - Sync 10 DAGs
[2025-03-10T00:00:43.357+0000] {logging_mixin.py:190} INFO - [2025-03-10T00:00:43.356+0000] {dag.py:4180} INFO - Setting next_dagrun for conditional_dataset_and_time_based_timetable to 2025-03-05 01:00:00+00:00, run_after=2025-03-05 01:00:00+00:00
[2025-03-10T00:00:43.361+0000] {logging_mixin.py:190} INFO - [2025-03-10T00:00:43.361+0000] {dag.py:4180} INFO - Setting next_dagrun for consume_1_and_2_with_dataset_expressions to None, run_after=None
[2025-03-10T00:00:43.364+0000] {logging_mixin.py:190} INFO - [2025-03-10T00:00:43.364+0000] {dag.py:4180} INFO - Setting next_dagrun for consume_1_or_2_with_dataset_expressions to None, run_after=None
[2025-03-10T00:00:43.366+0000] {logging_mixin.py:190} INFO - [2025-03-10T00:00:43.365+0000] {dag.py:4180} INFO - Setting next_dagrun for consume_1_or_both_2_and_3_with_dataset_expressions to None, run_after=None
[2025-03-10T00:00:43.367+0000] {logging_mixin.py:190} INFO - [2025-03-10T00:00:43.367+0000] {dag.py:4180} INFO - Setting next_dagrun for dataset_consumes_1 to None, run_after=None
[2025-03-10T00:00:43.369+0000] {logging_mixin.py:190} INFO - [2025-03-10T00:00:43.369+0000] {dag.py:4180} INFO - Setting next_dagrun for dataset_consumes_1_and_2 to None, run_after=None
[2025-03-10T00:00:43.371+0000] {logging_mixin.py:190} INFO - [2025-03-10T00:00:43.371+0000] {dag.py:4180} INFO - Setting next_dagrun for dataset_consumes_1_never_scheduled to None, run_after=None
[2025-03-10T00:00:43.373+0000] {logging_mixin.py:190} INFO - [2025-03-10T00:00:43.373+0000] {dag.py:4180} INFO - Setting next_dagrun for dataset_consumes_unknown_never_scheduled to None, run_after=None
[2025-03-10T00:00:43.376+0000] {logging_mixin.py:190} INFO - [2025-03-10T00:00:43.375+0000] {dag.py:4180} INFO - Setting next_dagrun for dataset_produces_1 to 2025-03-09 00:00:00+00:00, run_after=2025-03-10 00:00:00+00:00
[2025-03-10T00:00:43.378+0000] {logging_mixin.py:190} INFO - [2025-03-10T00:00:43.377+0000] {dag.py:4180} INFO - Setting next_dagrun for dataset_produces_2 to None, run_after=None
[2025-03-10T00:00:43.413+0000] {processor.py:208} INFO - Processing /home/airflow/.local/lib/python3.12/site-packages/airflow/example_dags/example_datasets.py took 0.641 seconds
[2025-03-10T00:01:14.691+0000] {processor.py:186} INFO - Started process (PID=47129) to work on /home/airflow/.local/lib/python3.12/site-packages/airflow/example_dags/example_datasets.py
[2025-03-10T00:01:14.692+0000] {processor.py:914} INFO - Processing file /home/airflow/.local/lib/python3.12/site-packages/airflow/example_dags/example_datasets.py for tasks to queue
[2025-03-10T00:01:14.693+0000] {logging_mixin.py:190} INFO - [2025-03-10T00:01:14.693+0000] {dagbag.py:588} INFO - Filling up the DagBag from /home/airflow/.local/lib/python3.12/site-packages/airflow/example_dags/example_datasets.py
[2025-03-10T00:01:15.236+0000] {processor.py:925} INFO - DAG(s) 'consume_1_or_both_2_and_3_with_dataset_expressions', 'dataset_produces_2', 'dataset_produces_1', 'dataset_consumes_unknown_never_scheduled', 'conditional_dataset_and_time_based_timetable', 'dataset_consumes_1_and_2', 'consume_1_and_2_with_dataset_expressions', 'consume_1_or_2_with_dataset_expressions', 'dataset_consumes_1_never_scheduled', 'dataset_consumes_1' retrieved from /home/airflow/.local/lib/python3.12/site-packages/airflow/example_dags/example_datasets.py
[2025-03-10T00:01:15.288+0000] {logging_mixin.py:190} INFO - [2025-03-10T00:01:15.288+0000] {dag.py:3239} INFO - Sync 10 DAGs
[2025-03-10T00:01:15.320+0000] {logging_mixin.py:190} INFO - [2025-03-10T00:01:15.319+0000] {dag.py:4180} INFO - Setting next_dagrun for conditional_dataset_and_time_based_timetable to 2025-03-05 01:00:00+00:00, run_after=2025-03-05 01:00:00+00:00
[2025-03-10T00:01:15.325+0000] {logging_mixin.py:190} INFO - [2025-03-10T00:01:15.325+0000] {dag.py:4180} INFO - Setting next_dagrun for consume_1_and_2_with_dataset_expressions to None, run_after=None
[2025-03-10T00:01:15.328+0000] {logging_mixin.py:190} INFO - [2025-03-10T00:01:15.328+0000] {dag.py:4180} INFO - Setting next_dagrun for consume_1_or_2_with_dataset_expressions to None, run_after=None
[2025-03-10T00:01:15.331+0000] {logging_mixin.py:190} INFO - [2025-03-10T00:01:15.330+0000] {dag.py:4180} INFO - Setting next_dagrun for consume_1_or_both_2_and_3_with_dataset_expressions to None, run_after=None
[2025-03-10T00:01:15.333+0000] {logging_mixin.py:190} INFO - [2025-03-10T00:01:15.333+0000] {dag.py:4180} INFO - Setting next_dagrun for dataset_consumes_1 to None, run_after=None
[2025-03-10T00:01:15.336+0000] {logging_mixin.py:190} INFO - [2025-03-10T00:01:15.335+0000] {dag.py:4180} INFO - Setting next_dagrun for dataset_consumes_1_and_2 to None, run_after=None
[2025-03-10T00:01:15.338+0000] {logging_mixin.py:190} INFO - [2025-03-10T00:01:15.338+0000] {dag.py:4180} INFO - Setting next_dagrun for dataset_consumes_1_never_scheduled to None, run_after=None
[2025-03-10T00:01:15.341+0000] {logging_mixin.py:190} INFO - [2025-03-10T00:01:15.340+0000] {dag.py:4180} INFO - Setting next_dagrun for dataset_consumes_unknown_never_scheduled to None, run_after=None
[2025-03-10T00:01:15.344+0000] {logging_mixin.py:190} INFO - [2025-03-10T00:01:15.344+0000] {dag.py:4180} INFO - Setting next_dagrun for dataset_produces_1 to 2025-03-09 00:00:00+00:00, run_after=2025-03-10 00:00:00+00:00
[2025-03-10T00:01:15.346+0000] {logging_mixin.py:190} INFO - [2025-03-10T00:01:15.346+0000] {dag.py:4180} INFO - Setting next_dagrun for dataset_produces_2 to None, run_after=None
[2025-03-10T00:01:15.386+0000] {processor.py:208} INFO - Processing /home/airflow/.local/lib/python3.12/site-packages/airflow/example_dags/example_datasets.py took 0.699 seconds
[2025-03-10T00:01:46.457+0000] {processor.py:186} INFO - Started process (PID=47195) to work on /home/airflow/.local/lib/python3.12/site-packages/airflow/example_dags/example_datasets.py
[2025-03-10T00:01:46.458+0000] {processor.py:914} INFO - Processing file /home/airflow/.local/lib/python3.12/site-packages/airflow/example_dags/example_datasets.py for tasks to queue
[2025-03-10T00:01:46.460+0000] {logging_mixin.py:190} INFO - [2025-03-10T00:01:46.459+0000] {dagbag.py:588} INFO - Filling up the DagBag from /home/airflow/.local/lib/python3.12/site-packages/airflow/example_dags/example_datasets.py
[2025-03-10T00:01:47.008+0000] {processor.py:925} INFO - DAG(s) 'consume_1_and_2_with_dataset_expressions', 'conditional_dataset_and_time_based_timetable', 'dataset_consumes_1_never_scheduled', 'dataset_consumes_unknown_never_scheduled', 'consume_1_or_2_with_dataset_expressions', 'consume_1_or_both_2_and_3_with_dataset_expressions', 'dataset_produces_2', 'dataset_produces_1', 'dataset_consumes_1', 'dataset_consumes_1_and_2' retrieved from /home/airflow/.local/lib/python3.12/site-packages/airflow/example_dags/example_datasets.py
[2025-03-10T00:01:47.055+0000] {logging_mixin.py:190} INFO - [2025-03-10T00:01:47.054+0000] {dag.py:3239} INFO - Sync 10 DAGs
[2025-03-10T00:01:47.093+0000] {logging_mixin.py:190} INFO - [2025-03-10T00:01:47.093+0000] {dag.py:4180} INFO - Setting next_dagrun for conditional_dataset_and_time_based_timetable to 2025-03-05 01:00:00+00:00, run_after=2025-03-05 01:00:00+00:00
[2025-03-10T00:01:47.098+0000] {logging_mixin.py:190} INFO - [2025-03-10T00:01:47.098+0000] {dag.py:4180} INFO - Setting next_dagrun for consume_1_and_2_with_dataset_expressions to None, run_after=None
[2025-03-10T00:01:47.101+0000] {logging_mixin.py:190} INFO - [2025-03-10T00:01:47.101+0000] {dag.py:4180} INFO - Setting next_dagrun for consume_1_or_2_with_dataset_expressions to None, run_after=None
[2025-03-10T00:01:47.103+0000] {logging_mixin.py:190} INFO - [2025-03-10T00:01:47.103+0000] {dag.py:4180} INFO - Setting next_dagrun for consume_1_or_both_2_and_3_with_dataset_expressions to None, run_after=None
[2025-03-10T00:01:47.105+0000] {logging_mixin.py:190} INFO - [2025-03-10T00:01:47.105+0000] {dag.py:4180} INFO - Setting next_dagrun for dataset_consumes_1 to None, run_after=None
[2025-03-10T00:01:47.107+0000] {logging_mixin.py:190} INFO - [2025-03-10T00:01:47.107+0000] {dag.py:4180} INFO - Setting next_dagrun for dataset_consumes_1_and_2 to None, run_after=None
[2025-03-10T00:01:47.110+0000] {logging_mixin.py:190} INFO - [2025-03-10T00:01:47.110+0000] {dag.py:4180} INFO - Setting next_dagrun for dataset_consumes_1_never_scheduled to None, run_after=None
[2025-03-10T00:01:47.112+0000] {logging_mixin.py:190} INFO - [2025-03-10T00:01:47.112+0000] {dag.py:4180} INFO - Setting next_dagrun for dataset_consumes_unknown_never_scheduled to None, run_after=None
[2025-03-10T00:01:47.115+0000] {logging_mixin.py:190} INFO - [2025-03-10T00:01:47.115+0000] {dag.py:4180} INFO - Setting next_dagrun for dataset_produces_1 to 2025-03-09 00:00:00+00:00, run_after=2025-03-10 00:00:00+00:00
[2025-03-10T00:01:47.118+0000] {logging_mixin.py:190} INFO - [2025-03-10T00:01:47.117+0000] {dag.py:4180} INFO - Setting next_dagrun for dataset_produces_2 to None, run_after=None
[2025-03-10T00:01:47.155+0000] {processor.py:208} INFO - Processing /home/airflow/.local/lib/python3.12/site-packages/airflow/example_dags/example_datasets.py took 0.703 seconds
[2025-03-10T00:02:17.677+0000] {processor.py:186} INFO - Started process (PID=47261) to work on /home/airflow/.local/lib/python3.12/site-packages/airflow/example_dags/example_datasets.py
[2025-03-10T00:02:17.679+0000] {processor.py:914} INFO - Processing file /home/airflow/.local/lib/python3.12/site-packages/airflow/example_dags/example_datasets.py for tasks to queue
[2025-03-10T00:02:17.680+0000] {logging_mixin.py:190} INFO - [2025-03-10T00:02:17.679+0000] {dagbag.py:588} INFO - Filling up the DagBag from /home/airflow/.local/lib/python3.12/site-packages/airflow/example_dags/example_datasets.py
[2025-03-10T00:02:18.223+0000] {processor.py:925} INFO - DAG(s) 'dataset_consumes_unknown_never_scheduled', 'dataset_produces_2', 'dataset_consumes_1', 'dataset_consumes_1_and_2', 'consume_1_and_2_with_dataset_expressions', 'consume_1_or_2_with_dataset_expressions', 'dataset_produces_1', 'dataset_consumes_1_never_scheduled', 'consume_1_or_both_2_and_3_with_dataset_expressions', 'conditional_dataset_and_time_based_timetable' retrieved from /home/airflow/.local/lib/python3.12/site-packages/airflow/example_dags/example_datasets.py
[2025-03-10T00:02:18.267+0000] {logging_mixin.py:190} INFO - [2025-03-10T00:02:18.267+0000] {dag.py:3239} INFO - Sync 10 DAGs
[2025-03-10T00:02:18.291+0000] {logging_mixin.py:190} INFO - [2025-03-10T00:02:18.290+0000] {dag.py:4180} INFO - Setting next_dagrun for conditional_dataset_and_time_based_timetable to 2025-03-05 01:00:00+00:00, run_after=2025-03-05 01:00:00+00:00
[2025-03-10T00:02:18.296+0000] {logging_mixin.py:190} INFO - [2025-03-10T00:02:18.295+0000] {dag.py:4180} INFO - Setting next_dagrun for consume_1_and_2_with_dataset_expressions to None, run_after=None
[2025-03-10T00:02:18.299+0000] {logging_mixin.py:190} INFO - [2025-03-10T00:02:18.299+0000] {dag.py:4180} INFO - Setting next_dagrun for consume_1_or_2_with_dataset_expressions to None, run_after=None
[2025-03-10T00:02:18.301+0000] {logging_mixin.py:190} INFO - [2025-03-10T00:02:18.301+0000] {dag.py:4180} INFO - Setting next_dagrun for consume_1_or_both_2_and_3_with_dataset_expressions to None, run_after=None
[2025-03-10T00:02:18.303+0000] {logging_mixin.py:190} INFO - [2025-03-10T00:02:18.303+0000] {dag.py:4180} INFO - Setting next_dagrun for dataset_consumes_1 to None, run_after=None
[2025-03-10T00:02:18.305+0000] {logging_mixin.py:190} INFO - [2025-03-10T00:02:18.305+0000] {dag.py:4180} INFO - Setting next_dagrun for dataset_consumes_1_and_2 to None, run_after=None
[2025-03-10T00:02:18.306+0000] {logging_mixin.py:190} INFO - [2025-03-10T00:02:18.306+0000] {dag.py:4180} INFO - Setting next_dagrun for dataset_consumes_1_never_scheduled to None, run_after=None
[2025-03-10T00:02:18.308+0000] {logging_mixin.py:190} INFO - [2025-03-10T00:02:18.308+0000] {dag.py:4180} INFO - Setting next_dagrun for dataset_consumes_unknown_never_scheduled to None, run_after=None
[2025-03-10T00:02:18.311+0000] {logging_mixin.py:190} INFO - [2025-03-10T00:02:18.311+0000] {dag.py:4180} INFO - Setting next_dagrun for dataset_produces_1 to 2025-03-09 00:00:00+00:00, run_after=2025-03-10 00:00:00+00:00
[2025-03-10T00:02:18.313+0000] {logging_mixin.py:190} INFO - [2025-03-10T00:02:18.313+0000] {dag.py:4180} INFO - Setting next_dagrun for dataset_produces_2 to None, run_after=None
[2025-03-10T00:02:18.351+0000] {processor.py:208} INFO - Processing /home/airflow/.local/lib/python3.12/site-packages/airflow/example_dags/example_datasets.py took 0.678 seconds
[2025-03-10T00:02:49.285+0000] {processor.py:186} INFO - Started process (PID=47327) to work on /home/airflow/.local/lib/python3.12/site-packages/airflow/example_dags/example_datasets.py
[2025-03-10T00:02:49.286+0000] {processor.py:914} INFO - Processing file /home/airflow/.local/lib/python3.12/site-packages/airflow/example_dags/example_datasets.py for tasks to queue
[2025-03-10T00:02:49.288+0000] {logging_mixin.py:190} INFO - [2025-03-10T00:02:49.288+0000] {dagbag.py:588} INFO - Filling up the DagBag from /home/airflow/.local/lib/python3.12/site-packages/airflow/example_dags/example_datasets.py
[2025-03-10T00:02:49.868+0000] {processor.py:925} INFO - DAG(s) 'consume_1_and_2_with_dataset_expressions', 'dataset_produces_2', 'dataset_consumes_1_never_scheduled', 'dataset_consumes_1_and_2', 'dataset_produces_1', 'consume_1_or_2_with_dataset_expressions', 'dataset_consumes_1', 'consume_1_or_both_2_and_3_with_dataset_expressions', 'dataset_consumes_unknown_never_scheduled', 'conditional_dataset_and_time_based_timetable' retrieved from /home/airflow/.local/lib/python3.12/site-packages/airflow/example_dags/example_datasets.py
[2025-03-10T00:02:49.917+0000] {logging_mixin.py:190} INFO - [2025-03-10T00:02:49.917+0000] {dag.py:3239} INFO - Sync 10 DAGs
[2025-03-10T00:02:49.944+0000] {logging_mixin.py:190} INFO - [2025-03-10T00:02:49.944+0000] {dag.py:4180} INFO - Setting next_dagrun for conditional_dataset_and_time_based_timetable to 2025-03-05 01:00:00+00:00, run_after=2025-03-05 01:00:00+00:00
[2025-03-10T00:02:49.948+0000] {logging_mixin.py:190} INFO - [2025-03-10T00:02:49.948+0000] {dag.py:4180} INFO - Setting next_dagrun for consume_1_and_2_with_dataset_expressions to None, run_after=None
[2025-03-10T00:02:49.950+0000] {logging_mixin.py:190} INFO - [2025-03-10T00:02:49.950+0000] {dag.py:4180} INFO - Setting next_dagrun for consume_1_or_2_with_dataset_expressions to None, run_after=None
[2025-03-10T00:02:49.953+0000] {logging_mixin.py:190} INFO - [2025-03-10T00:02:49.952+0000] {dag.py:4180} INFO - Setting next_dagrun for consume_1_or_both_2_and_3_with_dataset_expressions to None, run_after=None
[2025-03-10T00:02:49.955+0000] {logging_mixin.py:190} INFO - [2025-03-10T00:02:49.955+0000] {dag.py:4180} INFO - Setting next_dagrun for dataset_consumes_1 to None, run_after=None
[2025-03-10T00:02:49.957+0000] {logging_mixin.py:190} INFO - [2025-03-10T00:02:49.957+0000] {dag.py:4180} INFO - Setting next_dagrun for dataset_consumes_1_and_2 to None, run_after=None
[2025-03-10T00:02:49.959+0000] {logging_mixin.py:190} INFO - [2025-03-10T00:02:49.958+0000] {dag.py:4180} INFO - Setting next_dagrun for dataset_consumes_1_never_scheduled to None, run_after=None
[2025-03-10T00:02:49.960+0000] {logging_mixin.py:190} INFO - [2025-03-10T00:02:49.960+0000] {dag.py:4180} INFO - Setting next_dagrun for dataset_consumes_unknown_never_scheduled to None, run_after=None
[2025-03-10T00:02:49.963+0000] {logging_mixin.py:190} INFO - [2025-03-10T00:02:49.963+0000] {dag.py:4180} INFO - Setting next_dagrun for dataset_produces_1 to 2025-03-09 00:00:00+00:00, run_after=2025-03-10 00:00:00+00:00
[2025-03-10T00:02:49.965+0000] {logging_mixin.py:190} INFO - [2025-03-10T00:02:49.965+0000] {dag.py:4180} INFO - Setting next_dagrun for dataset_produces_2 to None, run_after=None
[2025-03-10T00:02:50.006+0000] {processor.py:208} INFO - Processing /home/airflow/.local/lib/python3.12/site-packages/airflow/example_dags/example_datasets.py took 0.730 seconds
[2025-03-10T00:03:20.503+0000] {processor.py:186} INFO - Started process (PID=47394) to work on /home/airflow/.local/lib/python3.12/site-packages/airflow/example_dags/example_datasets.py
[2025-03-10T00:03:20.504+0000] {processor.py:914} INFO - Processing file /home/airflow/.local/lib/python3.12/site-packages/airflow/example_dags/example_datasets.py for tasks to queue
[2025-03-10T00:03:20.505+0000] {logging_mixin.py:190} INFO - [2025-03-10T00:03:20.505+0000] {dagbag.py:588} INFO - Filling up the DagBag from /home/airflow/.local/lib/python3.12/site-packages/airflow/example_dags/example_datasets.py
[2025-03-10T00:03:21.050+0000] {processor.py:925} INFO - DAG(s) 'dataset_produces_2', 'dataset_consumes_1_and_2', 'dataset_consumes_unknown_never_scheduled', 'consume_1_or_both_2_and_3_with_dataset_expressions', 'consume_1_or_2_with_dataset_expressions', 'dataset_consumes_1', 'dataset_consumes_1_never_scheduled', 'conditional_dataset_and_time_based_timetable', 'consume_1_and_2_with_dataset_expressions', 'dataset_produces_1' retrieved from /home/airflow/.local/lib/python3.12/site-packages/airflow/example_dags/example_datasets.py
[2025-03-10T00:03:21.106+0000] {logging_mixin.py:190} INFO - [2025-03-10T00:03:21.105+0000] {dag.py:3239} INFO - Sync 10 DAGs
[2025-03-10T00:03:21.142+0000] {logging_mixin.py:190} INFO - [2025-03-10T00:03:21.142+0000] {dag.py:4180} INFO - Setting next_dagrun for conditional_dataset_and_time_based_timetable to 2025-03-05 01:00:00+00:00, run_after=2025-03-05 01:00:00+00:00
[2025-03-10T00:03:21.147+0000] {logging_mixin.py:190} INFO - [2025-03-10T00:03:21.147+0000] {dag.py:4180} INFO - Setting next_dagrun for consume_1_and_2_with_dataset_expressions to None, run_after=None
[2025-03-10T00:03:21.149+0000] {logging_mixin.py:190} INFO - [2025-03-10T00:03:21.149+0000] {dag.py:4180} INFO - Setting next_dagrun for consume_1_or_2_with_dataset_expressions to None, run_after=None
[2025-03-10T00:03:21.151+0000] {logging_mixin.py:190} INFO - [2025-03-10T00:03:21.151+0000] {dag.py:4180} INFO - Setting next_dagrun for consume_1_or_both_2_and_3_with_dataset_expressions to None, run_after=None
[2025-03-10T00:03:21.153+0000] {logging_mixin.py:190} INFO - [2025-03-10T00:03:21.153+0000] {dag.py:4180} INFO - Setting next_dagrun for dataset_consumes_1 to None, run_after=None
[2025-03-10T00:03:21.155+0000] {logging_mixin.py:190} INFO - [2025-03-10T00:03:21.155+0000] {dag.py:4180} INFO - Setting next_dagrun for dataset_consumes_1_and_2 to None, run_after=None
[2025-03-10T00:03:21.157+0000] {logging_mixin.py:190} INFO - [2025-03-10T00:03:21.157+0000] {dag.py:4180} INFO - Setting next_dagrun for dataset_consumes_1_never_scheduled to None, run_after=None
[2025-03-10T00:03:21.160+0000] {logging_mixin.py:190} INFO - [2025-03-10T00:03:21.159+0000] {dag.py:4180} INFO - Setting next_dagrun for dataset_consumes_unknown_never_scheduled to None, run_after=None
[2025-03-10T00:03:21.163+0000] {logging_mixin.py:190} INFO - [2025-03-10T00:03:21.163+0000] {dag.py:4180} INFO - Setting next_dagrun for dataset_produces_1 to 2025-03-09 00:00:00+00:00, run_after=2025-03-10 00:00:00+00:00
[2025-03-10T00:03:21.165+0000] {logging_mixin.py:190} INFO - [2025-03-10T00:03:21.165+0000] {dag.py:4180} INFO - Setting next_dagrun for dataset_produces_2 to None, run_after=None
[2025-03-10T00:03:21.202+0000] {processor.py:208} INFO - Processing /home/airflow/.local/lib/python3.12/site-packages/airflow/example_dags/example_datasets.py took 0.704 seconds
[2025-03-10T00:03:51.920+0000] {processor.py:186} INFO - Started process (PID=47459) to work on /home/airflow/.local/lib/python3.12/site-packages/airflow/example_dags/example_datasets.py
[2025-03-10T00:03:51.921+0000] {processor.py:914} INFO - Processing file /home/airflow/.local/lib/python3.12/site-packages/airflow/example_dags/example_datasets.py for tasks to queue
[2025-03-10T00:03:51.922+0000] {logging_mixin.py:190} INFO - [2025-03-10T00:03:51.922+0000] {dagbag.py:588} INFO - Filling up the DagBag from /home/airflow/.local/lib/python3.12/site-packages/airflow/example_dags/example_datasets.py
[2025-03-10T00:03:52.442+0000] {processor.py:925} INFO - DAG(s) 'consume_1_and_2_with_dataset_expressions', 'consume_1_or_2_with_dataset_expressions', 'dataset_consumes_unknown_never_scheduled', 'conditional_dataset_and_time_based_timetable', 'dataset_consumes_1_never_scheduled', 'dataset_consumes_1', 'dataset_consumes_1_and_2', 'dataset_produces_2', 'consume_1_or_both_2_and_3_with_dataset_expressions', 'dataset_produces_1' retrieved from /home/airflow/.local/lib/python3.12/site-packages/airflow/example_dags/example_datasets.py
[2025-03-10T00:03:52.490+0000] {logging_mixin.py:190} INFO - [2025-03-10T00:03:52.490+0000] {dag.py:3239} INFO - Sync 10 DAGs
[2025-03-10T00:03:52.514+0000] {logging_mixin.py:190} INFO - [2025-03-10T00:03:52.514+0000] {dag.py:4180} INFO - Setting next_dagrun for conditional_dataset_and_time_based_timetable to 2025-03-05 01:00:00+00:00, run_after=2025-03-05 01:00:00+00:00
[2025-03-10T00:03:52.518+0000] {logging_mixin.py:190} INFO - [2025-03-10T00:03:52.518+0000] {dag.py:4180} INFO - Setting next_dagrun for consume_1_and_2_with_dataset_expressions to None, run_after=None
[2025-03-10T00:03:52.520+0000] {logging_mixin.py:190} INFO - [2025-03-10T00:03:52.519+0000] {dag.py:4180} INFO - Setting next_dagrun for consume_1_or_2_with_dataset_expressions to None, run_after=None
[2025-03-10T00:03:52.522+0000] {logging_mixin.py:190} INFO - [2025-03-10T00:03:52.521+0000] {dag.py:4180} INFO - Setting next_dagrun for consume_1_or_both_2_and_3_with_dataset_expressions to None, run_after=None
[2025-03-10T00:03:52.523+0000] {logging_mixin.py:190} INFO - [2025-03-10T00:03:52.523+0000] {dag.py:4180} INFO - Setting next_dagrun for dataset_consumes_1 to None, run_after=None
[2025-03-10T00:03:52.525+0000] {logging_mixin.py:190} INFO - [2025-03-10T00:03:52.525+0000] {dag.py:4180} INFO - Setting next_dagrun for dataset_consumes_1_and_2 to None, run_after=None
[2025-03-10T00:03:52.527+0000] {logging_mixin.py:190} INFO - [2025-03-10T00:03:52.527+0000] {dag.py:4180} INFO - Setting next_dagrun for dataset_consumes_1_never_scheduled to None, run_after=None
[2025-03-10T00:03:52.529+0000] {logging_mixin.py:190} INFO - [2025-03-10T00:03:52.528+0000] {dag.py:4180} INFO - Setting next_dagrun for dataset_consumes_unknown_never_scheduled to None, run_after=None
[2025-03-10T00:03:52.531+0000] {logging_mixin.py:190} INFO - [2025-03-10T00:03:52.531+0000] {dag.py:4180} INFO - Setting next_dagrun for dataset_produces_1 to 2025-03-09 00:00:00+00:00, run_after=2025-03-10 00:00:00+00:00
[2025-03-10T00:03:52.533+0000] {logging_mixin.py:190} INFO - [2025-03-10T00:03:52.533+0000] {dag.py:4180} INFO - Setting next_dagrun for dataset_produces_2 to None, run_after=None
[2025-03-10T00:03:52.573+0000] {processor.py:208} INFO - Processing /home/airflow/.local/lib/python3.12/site-packages/airflow/example_dags/example_datasets.py took 0.658 seconds
[2025-03-10T00:04:23.607+0000] {processor.py:186} INFO - Started process (PID=47525) to work on /home/airflow/.local/lib/python3.12/site-packages/airflow/example_dags/example_datasets.py
[2025-03-10T00:04:23.608+0000] {processor.py:914} INFO - Processing file /home/airflow/.local/lib/python3.12/site-packages/airflow/example_dags/example_datasets.py for tasks to queue
[2025-03-10T00:04:23.611+0000] {logging_mixin.py:190} INFO - [2025-03-10T00:04:23.610+0000] {dagbag.py:588} INFO - Filling up the DagBag from /home/airflow/.local/lib/python3.12/site-packages/airflow/example_dags/example_datasets.py
[2025-03-10T00:04:24.214+0000] {processor.py:925} INFO - DAG(s) 'dataset_consumes_unknown_never_scheduled', 'consume_1_or_both_2_and_3_with_dataset_expressions', 'dataset_consumes_1_never_scheduled', 'conditional_dataset_and_time_based_timetable', 'consume_1_and_2_with_dataset_expressions', 'dataset_consumes_1', 'dataset_produces_2', 'dataset_consumes_1_and_2', 'consume_1_or_2_with_dataset_expressions', 'dataset_produces_1' retrieved from /home/airflow/.local/lib/python3.12/site-packages/airflow/example_dags/example_datasets.py
[2025-03-10T00:04:24.262+0000] {logging_mixin.py:190} INFO - [2025-03-10T00:04:24.262+0000] {dag.py:3239} INFO - Sync 10 DAGs
[2025-03-10T00:04:24.288+0000] {logging_mixin.py:190} INFO - [2025-03-10T00:04:24.288+0000] {dag.py:4180} INFO - Setting next_dagrun for conditional_dataset_and_time_based_timetable to 2025-03-05 01:00:00+00:00, run_after=2025-03-05 01:00:00+00:00
[2025-03-10T00:04:24.293+0000] {logging_mixin.py:190} INFO - [2025-03-10T00:04:24.293+0000] {dag.py:4180} INFO - Setting next_dagrun for consume_1_and_2_with_dataset_expressions to None, run_after=None
[2025-03-10T00:04:24.295+0000] {logging_mixin.py:190} INFO - [2025-03-10T00:04:24.295+0000] {dag.py:4180} INFO - Setting next_dagrun for consume_1_or_2_with_dataset_expressions to None, run_after=None
[2025-03-10T00:04:24.298+0000] {logging_mixin.py:190} INFO - [2025-03-10T00:04:24.298+0000] {dag.py:4180} INFO - Setting next_dagrun for consume_1_or_both_2_and_3_with_dataset_expressions to None, run_after=None
[2025-03-10T00:04:24.302+0000] {logging_mixin.py:190} INFO - [2025-03-10T00:04:24.302+0000] {dag.py:4180} INFO - Setting next_dagrun for dataset_consumes_1 to None, run_after=None
[2025-03-10T00:04:24.306+0000] {logging_mixin.py:190} INFO - [2025-03-10T00:04:24.305+0000] {dag.py:4180} INFO - Setting next_dagrun for dataset_consumes_1_and_2 to None, run_after=None
[2025-03-10T00:04:24.309+0000] {logging_mixin.py:190} INFO - [2025-03-10T00:04:24.309+0000] {dag.py:4180} INFO - Setting next_dagrun for dataset_consumes_1_never_scheduled to None, run_after=None
[2025-03-10T00:04:24.313+0000] {logging_mixin.py:190} INFO - [2025-03-10T00:04:24.312+0000] {dag.py:4180} INFO - Setting next_dagrun for dataset_consumes_unknown_never_scheduled to None, run_after=None
[2025-03-10T00:04:24.318+0000] {logging_mixin.py:190} INFO - [2025-03-10T00:04:24.318+0000] {dag.py:4180} INFO - Setting next_dagrun for dataset_produces_1 to 2025-03-09 00:00:00+00:00, run_after=2025-03-10 00:00:00+00:00
[2025-03-10T00:04:24.322+0000] {logging_mixin.py:190} INFO - [2025-03-10T00:04:24.321+0000] {dag.py:4180} INFO - Setting next_dagrun for dataset_produces_2 to None, run_after=None
[2025-03-10T00:04:24.399+0000] {processor.py:208} INFO - Processing /home/airflow/.local/lib/python3.12/site-packages/airflow/example_dags/example_datasets.py took 0.798 seconds
[2025-03-10T00:04:55.128+0000] {processor.py:186} INFO - Started process (PID=47591) to work on /home/airflow/.local/lib/python3.12/site-packages/airflow/example_dags/example_datasets.py
[2025-03-10T00:04:55.129+0000] {processor.py:914} INFO - Processing file /home/airflow/.local/lib/python3.12/site-packages/airflow/example_dags/example_datasets.py for tasks to queue
[2025-03-10T00:04:55.131+0000] {logging_mixin.py:190} INFO - [2025-03-10T00:04:55.130+0000] {dagbag.py:588} INFO - Filling up the DagBag from /home/airflow/.local/lib/python3.12/site-packages/airflow/example_dags/example_datasets.py
[2025-03-10T00:04:55.684+0000] {processor.py:925} INFO - DAG(s) 'dataset_consumes_1_never_scheduled', 'dataset_consumes_1_and_2', 'consume_1_or_2_with_dataset_expressions', 'dataset_consumes_1', 'conditional_dataset_and_time_based_timetable', 'dataset_consumes_unknown_never_scheduled', 'consume_1_and_2_with_dataset_expressions', 'dataset_produces_2', 'dataset_produces_1', 'consume_1_or_both_2_and_3_with_dataset_expressions' retrieved from /home/airflow/.local/lib/python3.12/site-packages/airflow/example_dags/example_datasets.py
[2025-03-10T00:04:55.730+0000] {logging_mixin.py:190} INFO - [2025-03-10T00:04:55.730+0000] {dag.py:3239} INFO - Sync 10 DAGs
[2025-03-10T00:04:55.755+0000] {logging_mixin.py:190} INFO - [2025-03-10T00:04:55.754+0000] {dag.py:4180} INFO - Setting next_dagrun for conditional_dataset_and_time_based_timetable to 2025-03-05 01:00:00+00:00, run_after=2025-03-05 01:00:00+00:00
[2025-03-10T00:04:55.759+0000] {logging_mixin.py:190} INFO - [2025-03-10T00:04:55.758+0000] {dag.py:4180} INFO - Setting next_dagrun for consume_1_and_2_with_dataset_expressions to None, run_after=None
[2025-03-10T00:04:55.760+0000] {logging_mixin.py:190} INFO - [2025-03-10T00:04:55.760+0000] {dag.py:4180} INFO - Setting next_dagrun for consume_1_or_2_with_dataset_expressions to None, run_after=None
[2025-03-10T00:04:55.762+0000] {logging_mixin.py:190} INFO - [2025-03-10T00:04:55.762+0000] {dag.py:4180} INFO - Setting next_dagrun for consume_1_or_both_2_and_3_with_dataset_expressions to None, run_after=None
[2025-03-10T00:04:55.765+0000] {logging_mixin.py:190} INFO - [2025-03-10T00:04:55.764+0000] {dag.py:4180} INFO - Setting next_dagrun for dataset_consumes_1 to None, run_after=None
[2025-03-10T00:04:55.767+0000] {logging_mixin.py:190} INFO - [2025-03-10T00:04:55.766+0000] {dag.py:4180} INFO - Setting next_dagrun for dataset_consumes_1_and_2 to None, run_after=None
[2025-03-10T00:04:55.768+0000] {logging_mixin.py:190} INFO - [2025-03-10T00:04:55.768+0000] {dag.py:4180} INFO - Setting next_dagrun for dataset_consumes_1_never_scheduled to None, run_after=None
[2025-03-10T00:04:55.771+0000] {logging_mixin.py:190} INFO - [2025-03-10T00:04:55.770+0000] {dag.py:4180} INFO - Setting next_dagrun for dataset_consumes_unknown_never_scheduled to None, run_after=None
[2025-03-10T00:04:55.774+0000] {logging_mixin.py:190} INFO - [2025-03-10T00:04:55.774+0000] {dag.py:4180} INFO - Setting next_dagrun for dataset_produces_1 to 2025-03-09 00:00:00+00:00, run_after=2025-03-10 00:00:00+00:00
[2025-03-10T00:04:55.776+0000] {logging_mixin.py:190} INFO - [2025-03-10T00:04:55.775+0000] {dag.py:4180} INFO - Setting next_dagrun for dataset_produces_2 to None, run_after=None
[2025-03-10T00:04:55.817+0000] {processor.py:208} INFO - Processing /home/airflow/.local/lib/python3.12/site-packages/airflow/example_dags/example_datasets.py took 0.695 seconds
[2025-03-10T00:05:26.813+0000] {processor.py:186} INFO - Started process (PID=47657) to work on /home/airflow/.local/lib/python3.12/site-packages/airflow/example_dags/example_datasets.py
[2025-03-10T00:05:26.814+0000] {processor.py:914} INFO - Processing file /home/airflow/.local/lib/python3.12/site-packages/airflow/example_dags/example_datasets.py for tasks to queue
[2025-03-10T00:05:26.815+0000] {logging_mixin.py:190} INFO - [2025-03-10T00:05:26.815+0000] {dagbag.py:588} INFO - Filling up the DagBag from /home/airflow/.local/lib/python3.12/site-packages/airflow/example_dags/example_datasets.py
[2025-03-10T00:05:27.319+0000] {processor.py:925} INFO - DAG(s) 'conditional_dataset_and_time_based_timetable', 'dataset_consumes_unknown_never_scheduled', 'consume_1_or_both_2_and_3_with_dataset_expressions', 'dataset_consumes_1_never_scheduled', 'dataset_produces_1', 'dataset_consumes_1_and_2', 'consume_1_or_2_with_dataset_expressions', 'dataset_produces_2', 'dataset_consumes_1', 'consume_1_and_2_with_dataset_expressions' retrieved from /home/airflow/.local/lib/python3.12/site-packages/airflow/example_dags/example_datasets.py
[2025-03-10T00:05:27.365+0000] {logging_mixin.py:190} INFO - [2025-03-10T00:05:27.365+0000] {dag.py:3239} INFO - Sync 10 DAGs
[2025-03-10T00:05:27.390+0000] {logging_mixin.py:190} INFO - [2025-03-10T00:05:27.390+0000] {dag.py:4180} INFO - Setting next_dagrun for conditional_dataset_and_time_based_timetable to 2025-03-05 01:00:00+00:00, run_after=2025-03-05 01:00:00+00:00
[2025-03-10T00:05:27.394+0000] {logging_mixin.py:190} INFO - [2025-03-10T00:05:27.394+0000] {dag.py:4180} INFO - Setting next_dagrun for consume_1_and_2_with_dataset_expressions to None, run_after=None
[2025-03-10T00:05:27.396+0000] {logging_mixin.py:190} INFO - [2025-03-10T00:05:27.396+0000] {dag.py:4180} INFO - Setting next_dagrun for consume_1_or_2_with_dataset_expressions to None, run_after=None
[2025-03-10T00:05:27.397+0000] {logging_mixin.py:190} INFO - [2025-03-10T00:05:27.397+0000] {dag.py:4180} INFO - Setting next_dagrun for consume_1_or_both_2_and_3_with_dataset_expressions to None, run_after=None
[2025-03-10T00:05:27.399+0000] {logging_mixin.py:190} INFO - [2025-03-10T00:05:27.399+0000] {dag.py:4180} INFO - Setting next_dagrun for dataset_consumes_1 to None, run_after=None
[2025-03-10T00:05:27.401+0000] {logging_mixin.py:190} INFO - [2025-03-10T00:05:27.401+0000] {dag.py:4180} INFO - Setting next_dagrun for dataset_consumes_1_and_2 to None, run_after=None
[2025-03-10T00:05:27.403+0000] {logging_mixin.py:190} INFO - [2025-03-10T00:05:27.403+0000] {dag.py:4180} INFO - Setting next_dagrun for dataset_consumes_1_never_scheduled to None, run_after=None
[2025-03-10T00:05:27.405+0000] {logging_mixin.py:190} INFO - [2025-03-10T00:05:27.405+0000] {dag.py:4180} INFO - Setting next_dagrun for dataset_consumes_unknown_never_scheduled to None, run_after=None
[2025-03-10T00:05:27.407+0000] {logging_mixin.py:190} INFO - [2025-03-10T00:05:27.407+0000] {dag.py:4180} INFO - Setting next_dagrun for dataset_produces_1 to 2025-03-09 00:00:00+00:00, run_after=2025-03-10 00:00:00+00:00
[2025-03-10T00:05:27.409+0000] {logging_mixin.py:190} INFO - [2025-03-10T00:05:27.409+0000] {dag.py:4180} INFO - Setting next_dagrun for dataset_produces_2 to None, run_after=None
[2025-03-10T00:05:27.442+0000] {processor.py:208} INFO - Processing /home/airflow/.local/lib/python3.12/site-packages/airflow/example_dags/example_datasets.py took 0.634 seconds
[2025-03-10T00:05:58.599+0000] {processor.py:186} INFO - Started process (PID=47723) to work on /home/airflow/.local/lib/python3.12/site-packages/airflow/example_dags/example_datasets.py
[2025-03-10T00:05:58.601+0000] {processor.py:914} INFO - Processing file /home/airflow/.local/lib/python3.12/site-packages/airflow/example_dags/example_datasets.py for tasks to queue
[2025-03-10T00:05:58.603+0000] {logging_mixin.py:190} INFO - [2025-03-10T00:05:58.602+0000] {dagbag.py:588} INFO - Filling up the DagBag from /home/airflow/.local/lib/python3.12/site-packages/airflow/example_dags/example_datasets.py
[2025-03-10T00:05:59.193+0000] {processor.py:925} INFO - DAG(s) 'conditional_dataset_and_time_based_timetable', 'dataset_consumes_1_and_2', 'consume_1_and_2_with_dataset_expressions', 'consume_1_or_both_2_and_3_with_dataset_expressions', 'dataset_consumes_1_never_scheduled', 'dataset_consumes_unknown_never_scheduled', 'dataset_produces_1', 'dataset_produces_2', 'dataset_consumes_1', 'consume_1_or_2_with_dataset_expressions' retrieved from /home/airflow/.local/lib/python3.12/site-packages/airflow/example_dags/example_datasets.py
[2025-03-10T00:05:59.247+0000] {logging_mixin.py:190} INFO - [2025-03-10T00:05:59.247+0000] {dag.py:3239} INFO - Sync 10 DAGs
[2025-03-10T00:05:59.275+0000] {logging_mixin.py:190} INFO - [2025-03-10T00:05:59.275+0000] {dag.py:4180} INFO - Setting next_dagrun for conditional_dataset_and_time_based_timetable to 2025-03-05 01:00:00+00:00, run_after=2025-03-05 01:00:00+00:00
[2025-03-10T00:05:59.281+0000] {logging_mixin.py:190} INFO - [2025-03-10T00:05:59.281+0000] {dag.py:4180} INFO - Setting next_dagrun for consume_1_and_2_with_dataset_expressions to None, run_after=None
[2025-03-10T00:05:59.285+0000] {logging_mixin.py:190} INFO - [2025-03-10T00:05:59.285+0000] {dag.py:4180} INFO - Setting next_dagrun for consume_1_or_2_with_dataset_expressions to None, run_after=None
[2025-03-10T00:05:59.288+0000] {logging_mixin.py:190} INFO - [2025-03-10T00:05:59.287+0000] {dag.py:4180} INFO - Setting next_dagrun for consume_1_or_both_2_and_3_with_dataset_expressions to None, run_after=None
[2025-03-10T00:05:59.291+0000] {logging_mixin.py:190} INFO - [2025-03-10T00:05:59.290+0000] {dag.py:4180} INFO - Setting next_dagrun for dataset_consumes_1 to None, run_after=None
[2025-03-10T00:05:59.293+0000] {logging_mixin.py:190} INFO - [2025-03-10T00:05:59.293+0000] {dag.py:4180} INFO - Setting next_dagrun for dataset_consumes_1_and_2 to None, run_after=None
[2025-03-10T00:05:59.295+0000] {logging_mixin.py:190} INFO - [2025-03-10T00:05:59.295+0000] {dag.py:4180} INFO - Setting next_dagrun for dataset_consumes_1_never_scheduled to None, run_after=None
[2025-03-10T00:05:59.298+0000] {logging_mixin.py:190} INFO - [2025-03-10T00:05:59.297+0000] {dag.py:4180} INFO - Setting next_dagrun for dataset_consumes_unknown_never_scheduled to None, run_after=None
[2025-03-10T00:05:59.302+0000] {logging_mixin.py:190} INFO - [2025-03-10T00:05:59.302+0000] {dag.py:4180} INFO - Setting next_dagrun for dataset_produces_1 to 2025-03-09 00:00:00+00:00, run_after=2025-03-10 00:00:00+00:00
[2025-03-10T00:05:59.305+0000] {logging_mixin.py:190} INFO - [2025-03-10T00:05:59.305+0000] {dag.py:4180} INFO - Setting next_dagrun for dataset_produces_2 to None, run_after=None
[2025-03-10T00:05:59.350+0000] {processor.py:208} INFO - Processing /home/airflow/.local/lib/python3.12/site-packages/airflow/example_dags/example_datasets.py took 0.758 seconds
[2025-03-10T00:06:29.428+0000] {processor.py:186} INFO - Started process (PID=47792) to work on /home/airflow/.local/lib/python3.12/site-packages/airflow/example_dags/example_datasets.py
[2025-03-10T00:06:29.430+0000] {processor.py:914} INFO - Processing file /home/airflow/.local/lib/python3.12/site-packages/airflow/example_dags/example_datasets.py for tasks to queue
[2025-03-10T00:06:29.432+0000] {logging_mixin.py:190} INFO - [2025-03-10T00:06:29.431+0000] {dagbag.py:588} INFO - Filling up the DagBag from /home/airflow/.local/lib/python3.12/site-packages/airflow/example_dags/example_datasets.py
[2025-03-10T00:06:29.997+0000] {processor.py:925} INFO - DAG(s) 'consume_1_and_2_with_dataset_expressions', 'dataset_produces_1', 'dataset_consumes_unknown_never_scheduled', 'dataset_consumes_1_never_scheduled', 'conditional_dataset_and_time_based_timetable', 'consume_1_or_both_2_and_3_with_dataset_expressions', 'dataset_produces_2', 'dataset_consumes_1_and_2', 'consume_1_or_2_with_dataset_expressions', 'dataset_consumes_1' retrieved from /home/airflow/.local/lib/python3.12/site-packages/airflow/example_dags/example_datasets.py
[2025-03-10T00:06:30.051+0000] {logging_mixin.py:190} INFO - [2025-03-10T00:06:30.051+0000] {dag.py:3239} INFO - Sync 10 DAGs
[2025-03-10T00:06:30.086+0000] {logging_mixin.py:190} INFO - [2025-03-10T00:06:30.086+0000] {dag.py:4180} INFO - Setting next_dagrun for conditional_dataset_and_time_based_timetable to 2025-03-05 01:00:00+00:00, run_after=2025-03-05 01:00:00+00:00
[2025-03-10T00:06:30.090+0000] {logging_mixin.py:190} INFO - [2025-03-10T00:06:30.090+0000] {dag.py:4180} INFO - Setting next_dagrun for consume_1_and_2_with_dataset_expressions to None, run_after=None
[2025-03-10T00:06:30.092+0000] {logging_mixin.py:190} INFO - [2025-03-10T00:06:30.092+0000] {dag.py:4180} INFO - Setting next_dagrun for consume_1_or_2_with_dataset_expressions to None, run_after=None
[2025-03-10T00:06:30.094+0000] {logging_mixin.py:190} INFO - [2025-03-10T00:06:30.094+0000] {dag.py:4180} INFO - Setting next_dagrun for consume_1_or_both_2_and_3_with_dataset_expressions to None, run_after=None
[2025-03-10T00:06:30.096+0000] {logging_mixin.py:190} INFO - [2025-03-10T00:06:30.095+0000] {dag.py:4180} INFO - Setting next_dagrun for dataset_consumes_1 to None, run_after=None
[2025-03-10T00:06:30.097+0000] {logging_mixin.py:190} INFO - [2025-03-10T00:06:30.097+0000] {dag.py:4180} INFO - Setting next_dagrun for dataset_consumes_1_and_2 to None, run_after=None
[2025-03-10T00:06:30.099+0000] {logging_mixin.py:190} INFO - [2025-03-10T00:06:30.099+0000] {dag.py:4180} INFO - Setting next_dagrun for dataset_consumes_1_never_scheduled to None, run_after=None
[2025-03-10T00:06:30.101+0000] {logging_mixin.py:190} INFO - [2025-03-10T00:06:30.101+0000] {dag.py:4180} INFO - Setting next_dagrun for dataset_consumes_unknown_never_scheduled to None, run_after=None
[2025-03-10T00:06:30.104+0000] {logging_mixin.py:190} INFO - [2025-03-10T00:06:30.104+0000] {dag.py:4180} INFO - Setting next_dagrun for dataset_produces_1 to 2025-03-09 00:00:00+00:00, run_after=2025-03-10 00:00:00+00:00
[2025-03-10T00:06:30.106+0000] {logging_mixin.py:190} INFO - [2025-03-10T00:06:30.106+0000] {dag.py:4180} INFO - Setting next_dagrun for dataset_produces_2 to None, run_after=None
[2025-03-10T00:06:30.147+0000] {processor.py:208} INFO - Processing /home/airflow/.local/lib/python3.12/site-packages/airflow/example_dags/example_datasets.py took 0.727 seconds
[2025-03-10T00:07:01.624+0000] {processor.py:186} INFO - Started process (PID=47862) to work on /home/airflow/.local/lib/python3.12/site-packages/airflow/example_dags/example_datasets.py
[2025-03-10T00:07:01.625+0000] {processor.py:914} INFO - Processing file /home/airflow/.local/lib/python3.12/site-packages/airflow/example_dags/example_datasets.py for tasks to queue
[2025-03-10T00:07:01.626+0000] {logging_mixin.py:190} INFO - [2025-03-10T00:07:01.626+0000] {dagbag.py:588} INFO - Filling up the DagBag from /home/airflow/.local/lib/python3.12/site-packages/airflow/example_dags/example_datasets.py
[2025-03-10T00:07:02.332+0000] {processor.py:925} INFO - DAG(s) 'consume_1_or_both_2_and_3_with_dataset_expressions', 'dataset_consumes_1', 'consume_1_or_2_with_dataset_expressions', 'dataset_produces_2', 'conditional_dataset_and_time_based_timetable', 'consume_1_and_2_with_dataset_expressions', 'dataset_consumes_1_never_scheduled', 'dataset_consumes_unknown_never_scheduled', 'dataset_produces_1', 'dataset_consumes_1_and_2' retrieved from /home/airflow/.local/lib/python3.12/site-packages/airflow/example_dags/example_datasets.py
[2025-03-10T00:07:02.389+0000] {logging_mixin.py:190} INFO - [2025-03-10T00:07:02.389+0000] {dag.py:3239} INFO - Sync 10 DAGs
[2025-03-10T00:07:02.416+0000] {logging_mixin.py:190} INFO - [2025-03-10T00:07:02.416+0000] {dag.py:4180} INFO - Setting next_dagrun for conditional_dataset_and_time_based_timetable to 2025-03-05 01:00:00+00:00, run_after=2025-03-05 01:00:00+00:00
[2025-03-10T00:07:02.421+0000] {logging_mixin.py:190} INFO - [2025-03-10T00:07:02.420+0000] {dag.py:4180} INFO - Setting next_dagrun for consume_1_and_2_with_dataset_expressions to None, run_after=None
[2025-03-10T00:07:02.423+0000] {logging_mixin.py:190} INFO - [2025-03-10T00:07:02.423+0000] {dag.py:4180} INFO - Setting next_dagrun for consume_1_or_2_with_dataset_expressions to None, run_after=None
[2025-03-10T00:07:02.425+0000] {logging_mixin.py:190} INFO - [2025-03-10T00:07:02.425+0000] {dag.py:4180} INFO - Setting next_dagrun for consume_1_or_both_2_and_3_with_dataset_expressions to None, run_after=None
[2025-03-10T00:07:02.427+0000] {logging_mixin.py:190} INFO - [2025-03-10T00:07:02.427+0000] {dag.py:4180} INFO - Setting next_dagrun for dataset_consumes_1 to None, run_after=None
[2025-03-10T00:07:02.429+0000] {logging_mixin.py:190} INFO - [2025-03-10T00:07:02.429+0000] {dag.py:4180} INFO - Setting next_dagrun for dataset_consumes_1_and_2 to None, run_after=None
[2025-03-10T00:07:02.431+0000] {logging_mixin.py:190} INFO - [2025-03-10T00:07:02.430+0000] {dag.py:4180} INFO - Setting next_dagrun for dataset_consumes_1_never_scheduled to None, run_after=None
[2025-03-10T00:07:02.433+0000] {logging_mixin.py:190} INFO - [2025-03-10T00:07:02.433+0000] {dag.py:4180} INFO - Setting next_dagrun for dataset_consumes_unknown_never_scheduled to None, run_after=None
[2025-03-10T00:07:02.437+0000] {logging_mixin.py:190} INFO - [2025-03-10T00:07:02.437+0000] {dag.py:4180} INFO - Setting next_dagrun for dataset_produces_1 to 2025-03-09 00:00:00+00:00, run_after=2025-03-10 00:00:00+00:00
[2025-03-10T00:07:02.439+0000] {logging_mixin.py:190} INFO - [2025-03-10T00:07:02.438+0000] {dag.py:4180} INFO - Setting next_dagrun for dataset_produces_2 to None, run_after=None
[2025-03-10T00:07:02.490+0000] {processor.py:208} INFO - Processing /home/airflow/.local/lib/python3.12/site-packages/airflow/example_dags/example_datasets.py took 0.870 seconds
