[2025-03-10T00:00:12.920+0000] {processor.py:186} INFO - Started process (PID=47017) to work on /home/airflow/.local/lib/python3.12/site-packages/airflow/example_dags/example_short_circuit_decorator.py
[2025-03-10T00:00:12.921+0000] {processor.py:914} INFO - Processing file /home/airflow/.local/lib/python3.12/site-packages/airflow/example_dags/example_short_circuit_decorator.py for tasks to queue
[2025-03-10T00:00:12.922+0000] {logging_mixin.py:190} INFO - [2025-03-10T00:00:12.922+0000] {dagbag.py:588} INFO - Filling up the DagBag from /home/airflow/.local/lib/python3.12/site-packages/airflow/example_dags/example_short_circuit_decorator.py
[2025-03-10T00:00:12.931+0000] {processor.py:925} INFO - DAG(s) 'example_short_circuit_decorator' retrieved from /home/airflow/.local/lib/python3.12/site-packages/airflow/example_dags/example_short_circuit_decorator.py
[2025-03-10T00:00:12.953+0000] {logging_mixin.py:190} INFO - [2025-03-10T00:00:12.952+0000] {dag.py:3239} INFO - Sync 1 DAGs
[2025-03-10T00:00:12.966+0000] {logging_mixin.py:190} INFO - [2025-03-10T00:00:12.965+0000] {dag.py:4180} INFO - Setting next_dagrun for example_short_circuit_decorator to None, run_after=None
[2025-03-10T00:00:12.985+0000] {processor.py:208} INFO - Processing /home/airflow/.local/lib/python3.12/site-packages/airflow/example_dags/example_short_circuit_decorator.py took 0.070 seconds
[2025-03-10T00:00:44.742+0000] {processor.py:186} INFO - Started process (PID=47083) to work on /home/airflow/.local/lib/python3.12/site-packages/airflow/example_dags/example_short_circuit_decorator.py
[2025-03-10T00:00:44.744+0000] {processor.py:914} INFO - Processing file /home/airflow/.local/lib/python3.12/site-packages/airflow/example_dags/example_short_circuit_decorator.py for tasks to queue
[2025-03-10T00:00:44.745+0000] {logging_mixin.py:190} INFO - [2025-03-10T00:00:44.745+0000] {dagbag.py:588} INFO - Filling up the DagBag from /home/airflow/.local/lib/python3.12/site-packages/airflow/example_dags/example_short_circuit_decorator.py
[2025-03-10T00:00:44.758+0000] {processor.py:925} INFO - DAG(s) 'example_short_circuit_decorator' retrieved from /home/airflow/.local/lib/python3.12/site-packages/airflow/example_dags/example_short_circuit_decorator.py
[2025-03-10T00:00:44.788+0000] {logging_mixin.py:190} INFO - [2025-03-10T00:00:44.788+0000] {dag.py:3239} INFO - Sync 1 DAGs
[2025-03-10T00:00:44.806+0000] {logging_mixin.py:190} INFO - [2025-03-10T00:00:44.805+0000] {dag.py:4180} INFO - Setting next_dagrun for example_short_circuit_decorator to None, run_after=None
[2025-03-10T00:00:44.830+0000] {processor.py:208} INFO - Processing /home/airflow/.local/lib/python3.12/site-packages/airflow/example_dags/example_short_circuit_decorator.py took 0.094 seconds
[2025-03-10T00:01:16.775+0000] {processor.py:186} INFO - Started process (PID=47149) to work on /home/airflow/.local/lib/python3.12/site-packages/airflow/example_dags/example_short_circuit_decorator.py
[2025-03-10T00:01:16.776+0000] {processor.py:914} INFO - Processing file /home/airflow/.local/lib/python3.12/site-packages/airflow/example_dags/example_short_circuit_decorator.py for tasks to queue
[2025-03-10T00:01:16.777+0000] {logging_mixin.py:190} INFO - [2025-03-10T00:01:16.777+0000] {dagbag.py:588} INFO - Filling up the DagBag from /home/airflow/.local/lib/python3.12/site-packages/airflow/example_dags/example_short_circuit_decorator.py
[2025-03-10T00:01:16.786+0000] {processor.py:925} INFO - DAG(s) 'example_short_circuit_decorator' retrieved from /home/airflow/.local/lib/python3.12/site-packages/airflow/example_dags/example_short_circuit_decorator.py
[2025-03-10T00:01:16.807+0000] {logging_mixin.py:190} INFO - [2025-03-10T00:01:16.807+0000] {dag.py:3239} INFO - Sync 1 DAGs
[2025-03-10T00:01:16.821+0000] {logging_mixin.py:190} INFO - [2025-03-10T00:01:16.821+0000] {dag.py:4180} INFO - Setting next_dagrun for example_short_circuit_decorator to None, run_after=None
[2025-03-10T00:01:16.840+0000] {processor.py:208} INFO - Processing /home/airflow/.local/lib/python3.12/site-packages/airflow/example_dags/example_short_circuit_decorator.py took 0.069 seconds
[2025-03-10T00:01:48.875+0000] {processor.py:186} INFO - Started process (PID=47215) to work on /home/airflow/.local/lib/python3.12/site-packages/airflow/example_dags/example_short_circuit_decorator.py
[2025-03-10T00:01:48.875+0000] {processor.py:914} INFO - Processing file /home/airflow/.local/lib/python3.12/site-packages/airflow/example_dags/example_short_circuit_decorator.py for tasks to queue
[2025-03-10T00:01:48.876+0000] {logging_mixin.py:190} INFO - [2025-03-10T00:01:48.876+0000] {dagbag.py:588} INFO - Filling up the DagBag from /home/airflow/.local/lib/python3.12/site-packages/airflow/example_dags/example_short_circuit_decorator.py
[2025-03-10T00:01:48.885+0000] {processor.py:925} INFO - DAG(s) 'example_short_circuit_decorator' retrieved from /home/airflow/.local/lib/python3.12/site-packages/airflow/example_dags/example_short_circuit_decorator.py
[2025-03-10T00:01:48.907+0000] {logging_mixin.py:190} INFO - [2025-03-10T00:01:48.907+0000] {dag.py:3239} INFO - Sync 1 DAGs
[2025-03-10T00:01:48.924+0000] {logging_mixin.py:190} INFO - [2025-03-10T00:01:48.924+0000] {dag.py:4180} INFO - Setting next_dagrun for example_short_circuit_decorator to None, run_after=None
[2025-03-10T00:01:48.944+0000] {processor.py:208} INFO - Processing /home/airflow/.local/lib/python3.12/site-packages/airflow/example_dags/example_short_circuit_decorator.py took 0.074 seconds
[2025-03-10T00:02:19.567+0000] {processor.py:186} INFO - Started process (PID=47281) to work on /home/airflow/.local/lib/python3.12/site-packages/airflow/example_dags/example_short_circuit_decorator.py
[2025-03-10T00:02:19.567+0000] {processor.py:914} INFO - Processing file /home/airflow/.local/lib/python3.12/site-packages/airflow/example_dags/example_short_circuit_decorator.py for tasks to queue
[2025-03-10T00:02:19.569+0000] {logging_mixin.py:190} INFO - [2025-03-10T00:02:19.568+0000] {dagbag.py:588} INFO - Filling up the DagBag from /home/airflow/.local/lib/python3.12/site-packages/airflow/example_dags/example_short_circuit_decorator.py
[2025-03-10T00:02:19.577+0000] {processor.py:925} INFO - DAG(s) 'example_short_circuit_decorator' retrieved from /home/airflow/.local/lib/python3.12/site-packages/airflow/example_dags/example_short_circuit_decorator.py
[2025-03-10T00:02:19.599+0000] {logging_mixin.py:190} INFO - [2025-03-10T00:02:19.599+0000] {dag.py:3239} INFO - Sync 1 DAGs
[2025-03-10T00:02:19.614+0000] {logging_mixin.py:190} INFO - [2025-03-10T00:02:19.613+0000] {dag.py:4180} INFO - Setting next_dagrun for example_short_circuit_decorator to None, run_after=None
[2025-03-10T00:02:19.634+0000] {processor.py:208} INFO - Processing /home/airflow/.local/lib/python3.12/site-packages/airflow/example_dags/example_short_circuit_decorator.py took 0.073 seconds
[2025-03-10T00:02:51.323+0000] {processor.py:186} INFO - Started process (PID=47347) to work on /home/airflow/.local/lib/python3.12/site-packages/airflow/example_dags/example_short_circuit_decorator.py
[2025-03-10T00:02:51.325+0000] {processor.py:914} INFO - Processing file /home/airflow/.local/lib/python3.12/site-packages/airflow/example_dags/example_short_circuit_decorator.py for tasks to queue
[2025-03-10T00:02:51.327+0000] {logging_mixin.py:190} INFO - [2025-03-10T00:02:51.326+0000] {dagbag.py:588} INFO - Filling up the DagBag from /home/airflow/.local/lib/python3.12/site-packages/airflow/example_dags/example_short_circuit_decorator.py
[2025-03-10T00:02:51.339+0000] {processor.py:925} INFO - DAG(s) 'example_short_circuit_decorator' retrieved from /home/airflow/.local/lib/python3.12/site-packages/airflow/example_dags/example_short_circuit_decorator.py
[2025-03-10T00:02:51.365+0000] {logging_mixin.py:190} INFO - [2025-03-10T00:02:51.365+0000] {dag.py:3239} INFO - Sync 1 DAGs
[2025-03-10T00:02:51.379+0000] {logging_mixin.py:190} INFO - [2025-03-10T00:02:51.378+0000] {dag.py:4180} INFO - Setting next_dagrun for example_short_circuit_decorator to None, run_after=None
[2025-03-10T00:02:51.399+0000] {processor.py:208} INFO - Processing /home/airflow/.local/lib/python3.12/site-packages/airflow/example_dags/example_short_circuit_decorator.py took 0.082 seconds
[2025-03-10T00:03:22.348+0000] {processor.py:186} INFO - Started process (PID=47413) to work on /home/airflow/.local/lib/python3.12/site-packages/airflow/example_dags/example_short_circuit_decorator.py
[2025-03-10T00:03:22.349+0000] {processor.py:914} INFO - Processing file /home/airflow/.local/lib/python3.12/site-packages/airflow/example_dags/example_short_circuit_decorator.py for tasks to queue
[2025-03-10T00:03:22.350+0000] {logging_mixin.py:190} INFO - [2025-03-10T00:03:22.350+0000] {dagbag.py:588} INFO - Filling up the DagBag from /home/airflow/.local/lib/python3.12/site-packages/airflow/example_dags/example_short_circuit_decorator.py
[2025-03-10T00:03:22.359+0000] {processor.py:925} INFO - DAG(s) 'example_short_circuit_decorator' retrieved from /home/airflow/.local/lib/python3.12/site-packages/airflow/example_dags/example_short_circuit_decorator.py
[2025-03-10T00:03:22.380+0000] {logging_mixin.py:190} INFO - [2025-03-10T00:03:22.380+0000] {dag.py:3239} INFO - Sync 1 DAGs
[2025-03-10T00:03:22.393+0000] {logging_mixin.py:190} INFO - [2025-03-10T00:03:22.393+0000] {dag.py:4180} INFO - Setting next_dagrun for example_short_circuit_decorator to None, run_after=None
[2025-03-10T00:03:22.412+0000] {processor.py:208} INFO - Processing /home/airflow/.local/lib/python3.12/site-packages/airflow/example_dags/example_short_circuit_decorator.py took 0.069 seconds
[2025-03-10T00:03:53.904+0000] {processor.py:186} INFO - Started process (PID=47479) to work on /home/airflow/.local/lib/python3.12/site-packages/airflow/example_dags/example_short_circuit_decorator.py
[2025-03-10T00:03:53.905+0000] {processor.py:914} INFO - Processing file /home/airflow/.local/lib/python3.12/site-packages/airflow/example_dags/example_short_circuit_decorator.py for tasks to queue
[2025-03-10T00:03:53.907+0000] {logging_mixin.py:190} INFO - [2025-03-10T00:03:53.906+0000] {dagbag.py:588} INFO - Filling up the DagBag from /home/airflow/.local/lib/python3.12/site-packages/airflow/example_dags/example_short_circuit_decorator.py
[2025-03-10T00:03:53.916+0000] {processor.py:925} INFO - DAG(s) 'example_short_circuit_decorator' retrieved from /home/airflow/.local/lib/python3.12/site-packages/airflow/example_dags/example_short_circuit_decorator.py
[2025-03-10T00:03:53.943+0000] {logging_mixin.py:190} INFO - [2025-03-10T00:03:53.943+0000] {dag.py:3239} INFO - Sync 1 DAGs
[2025-03-10T00:03:53.956+0000] {logging_mixin.py:190} INFO - [2025-03-10T00:03:53.956+0000] {dag.py:4180} INFO - Setting next_dagrun for example_short_circuit_decorator to None, run_after=None
[2025-03-10T00:03:53.978+0000] {processor.py:208} INFO - Processing /home/airflow/.local/lib/python3.12/site-packages/airflow/example_dags/example_short_circuit_decorator.py took 0.080 seconds
[2025-03-10T00:04:25.985+0000] {processor.py:186} INFO - Started process (PID=47545) to work on /home/airflow/.local/lib/python3.12/site-packages/airflow/example_dags/example_short_circuit_decorator.py
[2025-03-10T00:04:25.986+0000] {processor.py:914} INFO - Processing file /home/airflow/.local/lib/python3.12/site-packages/airflow/example_dags/example_short_circuit_decorator.py for tasks to queue
[2025-03-10T00:04:25.988+0000] {logging_mixin.py:190} INFO - [2025-03-10T00:04:25.987+0000] {dagbag.py:588} INFO - Filling up the DagBag from /home/airflow/.local/lib/python3.12/site-packages/airflow/example_dags/example_short_circuit_decorator.py
[2025-03-10T00:04:25.996+0000] {processor.py:925} INFO - DAG(s) 'example_short_circuit_decorator' retrieved from /home/airflow/.local/lib/python3.12/site-packages/airflow/example_dags/example_short_circuit_decorator.py
[2025-03-10T00:04:26.017+0000] {logging_mixin.py:190} INFO - [2025-03-10T00:04:26.017+0000] {dag.py:3239} INFO - Sync 1 DAGs
[2025-03-10T00:04:26.031+0000] {logging_mixin.py:190} INFO - [2025-03-10T00:04:26.031+0000] {dag.py:4180} INFO - Setting next_dagrun for example_short_circuit_decorator to None, run_after=None
[2025-03-10T00:04:26.050+0000] {processor.py:208} INFO - Processing /home/airflow/.local/lib/python3.12/site-packages/airflow/example_dags/example_short_circuit_decorator.py took 0.069 seconds
[2025-03-10T00:04:57.001+0000] {processor.py:186} INFO - Started process (PID=47611) to work on /home/airflow/.local/lib/python3.12/site-packages/airflow/example_dags/example_short_circuit_decorator.py
[2025-03-10T00:04:57.002+0000] {processor.py:914} INFO - Processing file /home/airflow/.local/lib/python3.12/site-packages/airflow/example_dags/example_short_circuit_decorator.py for tasks to queue
[2025-03-10T00:04:57.003+0000] {logging_mixin.py:190} INFO - [2025-03-10T00:04:57.003+0000] {dagbag.py:588} INFO - Filling up the DagBag from /home/airflow/.local/lib/python3.12/site-packages/airflow/example_dags/example_short_circuit_decorator.py
[2025-03-10T00:04:57.012+0000] {processor.py:925} INFO - DAG(s) 'example_short_circuit_decorator' retrieved from /home/airflow/.local/lib/python3.12/site-packages/airflow/example_dags/example_short_circuit_decorator.py
[2025-03-10T00:04:57.034+0000] {logging_mixin.py:190} INFO - [2025-03-10T00:04:57.034+0000] {dag.py:3239} INFO - Sync 1 DAGs
[2025-03-10T00:04:57.050+0000] {logging_mixin.py:190} INFO - [2025-03-10T00:04:57.049+0000] {dag.py:4180} INFO - Setting next_dagrun for example_short_circuit_decorator to None, run_after=None
[2025-03-10T00:04:57.069+0000] {processor.py:208} INFO - Processing /home/airflow/.local/lib/python3.12/site-packages/airflow/example_dags/example_short_circuit_decorator.py took 0.073 seconds
[2025-03-10T00:05:28.649+0000] {processor.py:186} INFO - Started process (PID=47677) to work on /home/airflow/.local/lib/python3.12/site-packages/airflow/example_dags/example_short_circuit_decorator.py
[2025-03-10T00:05:28.650+0000] {processor.py:914} INFO - Processing file /home/airflow/.local/lib/python3.12/site-packages/airflow/example_dags/example_short_circuit_decorator.py for tasks to queue
[2025-03-10T00:05:28.651+0000] {logging_mixin.py:190} INFO - [2025-03-10T00:05:28.651+0000] {dagbag.py:588} INFO - Filling up the DagBag from /home/airflow/.local/lib/python3.12/site-packages/airflow/example_dags/example_short_circuit_decorator.py
[2025-03-10T00:05:28.659+0000] {processor.py:925} INFO - DAG(s) 'example_short_circuit_decorator' retrieved from /home/airflow/.local/lib/python3.12/site-packages/airflow/example_dags/example_short_circuit_decorator.py
[2025-03-10T00:05:28.680+0000] {logging_mixin.py:190} INFO - [2025-03-10T00:05:28.680+0000] {dag.py:3239} INFO - Sync 1 DAGs
[2025-03-10T00:05:28.693+0000] {logging_mixin.py:190} INFO - [2025-03-10T00:05:28.693+0000] {dag.py:4180} INFO - Setting next_dagrun for example_short_circuit_decorator to None, run_after=None
[2025-03-10T00:05:28.715+0000] {processor.py:208} INFO - Processing /home/airflow/.local/lib/python3.12/site-packages/airflow/example_dags/example_short_circuit_decorator.py took 0.071 seconds
[2025-03-10T00:06:01.036+0000] {processor.py:186} INFO - Started process (PID=47743) to work on /home/airflow/.local/lib/python3.12/site-packages/airflow/example_dags/example_short_circuit_decorator.py
[2025-03-10T00:06:01.037+0000] {processor.py:914} INFO - Processing file /home/airflow/.local/lib/python3.12/site-packages/airflow/example_dags/example_short_circuit_decorator.py for tasks to queue
[2025-03-10T00:06:01.038+0000] {logging_mixin.py:190} INFO - [2025-03-10T00:06:01.038+0000] {dagbag.py:588} INFO - Filling up the DagBag from /home/airflow/.local/lib/python3.12/site-packages/airflow/example_dags/example_short_circuit_decorator.py
[2025-03-10T00:06:01.046+0000] {processor.py:925} INFO - DAG(s) 'example_short_circuit_decorator' retrieved from /home/airflow/.local/lib/python3.12/site-packages/airflow/example_dags/example_short_circuit_decorator.py
[2025-03-10T00:06:01.068+0000] {logging_mixin.py:190} INFO - [2025-03-10T00:06:01.068+0000] {dag.py:3239} INFO - Sync 1 DAGs
[2025-03-10T00:06:01.081+0000] {logging_mixin.py:190} INFO - [2025-03-10T00:06:01.081+0000] {dag.py:4180} INFO - Setting next_dagrun for example_short_circuit_decorator to None, run_after=None
[2025-03-10T00:06:01.101+0000] {processor.py:208} INFO - Processing /home/airflow/.local/lib/python3.12/site-packages/airflow/example_dags/example_short_circuit_decorator.py took 0.070 seconds
[2025-03-10T00:06:31.480+0000] {processor.py:186} INFO - Started process (PID=47812) to work on /home/airflow/.local/lib/python3.12/site-packages/airflow/example_dags/example_short_circuit_decorator.py
[2025-03-10T00:06:31.481+0000] {processor.py:914} INFO - Processing file /home/airflow/.local/lib/python3.12/site-packages/airflow/example_dags/example_short_circuit_decorator.py for tasks to queue
[2025-03-10T00:06:31.483+0000] {logging_mixin.py:190} INFO - [2025-03-10T00:06:31.482+0000] {dagbag.py:588} INFO - Filling up the DagBag from /home/airflow/.local/lib/python3.12/site-packages/airflow/example_dags/example_short_circuit_decorator.py
[2025-03-10T00:06:31.492+0000] {processor.py:925} INFO - DAG(s) 'example_short_circuit_decorator' retrieved from /home/airflow/.local/lib/python3.12/site-packages/airflow/example_dags/example_short_circuit_decorator.py
[2025-03-10T00:06:31.514+0000] {logging_mixin.py:190} INFO - [2025-03-10T00:06:31.514+0000] {dag.py:3239} INFO - Sync 1 DAGs
[2025-03-10T00:06:31.528+0000] {logging_mixin.py:190} INFO - [2025-03-10T00:06:31.528+0000] {dag.py:4180} INFO - Setting next_dagrun for example_short_circuit_decorator to None, run_after=None
[2025-03-10T00:06:31.550+0000] {processor.py:208} INFO - Processing /home/airflow/.local/lib/python3.12/site-packages/airflow/example_dags/example_short_circuit_decorator.py took 0.075 seconds
[2025-03-10T00:07:03.926+0000] {processor.py:186} INFO - Started process (PID=47882) to work on /home/airflow/.local/lib/python3.12/site-packages/airflow/example_dags/example_short_circuit_decorator.py
[2025-03-10T00:07:03.927+0000] {processor.py:914} INFO - Processing file /home/airflow/.local/lib/python3.12/site-packages/airflow/example_dags/example_short_circuit_decorator.py for tasks to queue
[2025-03-10T00:07:03.928+0000] {logging_mixin.py:190} INFO - [2025-03-10T00:07:03.928+0000] {dagbag.py:588} INFO - Filling up the DagBag from /home/airflow/.local/lib/python3.12/site-packages/airflow/example_dags/example_short_circuit_decorator.py
[2025-03-10T00:07:03.939+0000] {processor.py:925} INFO - DAG(s) 'example_short_circuit_decorator' retrieved from /home/airflow/.local/lib/python3.12/site-packages/airflow/example_dags/example_short_circuit_decorator.py
[2025-03-10T00:07:03.961+0000] {logging_mixin.py:190} INFO - [2025-03-10T00:07:03.961+0000] {dag.py:3239} INFO - Sync 1 DAGs
[2025-03-10T00:07:03.977+0000] {logging_mixin.py:190} INFO - [2025-03-10T00:07:03.976+0000] {dag.py:4180} INFO - Setting next_dagrun for example_short_circuit_decorator to None, run_after=None
[2025-03-10T00:07:03.998+0000] {processor.py:208} INFO - Processing /home/airflow/.local/lib/python3.12/site-packages/airflow/example_dags/example_short_circuit_decorator.py took 0.078 seconds
