[2025-03-10T00:00:14.455+0000] {processor.py:186} INFO - Started process (PID=47033) to work on /home/airflow/.local/lib/python3.12/site-packages/airflow/example_dags/example_task_group.py
[2025-03-10T00:00:14.457+0000] {processor.py:914} INFO - Processing file /home/airflow/.local/lib/python3.12/site-packages/airflow/example_dags/example_task_group.py for tasks to queue
[2025-03-10T00:00:14.458+0000] {logging_mixin.py:190} INFO - [2025-03-10T00:00:14.458+0000] {dagbag.py:588} INFO - Filling up the DagBag from /home/airflow/.local/lib/python3.12/site-packages/airflow/example_dags/example_task_group.py
[2025-03-10T00:00:14.472+0000] {processor.py:925} INFO - DAG(s) 'example_task_group' retrieved from /home/airflow/.local/lib/python3.12/site-packages/airflow/example_dags/example_task_group.py
[2025-03-10T00:00:14.500+0000] {logging_mixin.py:190} INFO - [2025-03-10T00:00:14.500+0000] {dag.py:3239} INFO - Sync 1 DAGs
[2025-03-10T00:00:14.513+0000] {logging_mixin.py:190} INFO - [2025-03-10T00:00:14.513+0000] {dag.py:4180} INFO - Setting next_dagrun for example_task_group to None, run_after=None
[2025-03-10T00:00:14.531+0000] {processor.py:208} INFO - Processing /home/airflow/.local/lib/python3.12/site-packages/airflow/example_dags/example_task_group.py took 0.082 seconds
[2025-03-10T00:00:46.259+0000] {processor.py:186} INFO - Started process (PID=47099) to work on /home/airflow/.local/lib/python3.12/site-packages/airflow/example_dags/example_task_group.py
[2025-03-10T00:00:46.260+0000] {processor.py:914} INFO - Processing file /home/airflow/.local/lib/python3.12/site-packages/airflow/example_dags/example_task_group.py for tasks to queue
[2025-03-10T00:00:46.262+0000] {logging_mixin.py:190} INFO - [2025-03-10T00:00:46.261+0000] {dagbag.py:588} INFO - Filling up the DagBag from /home/airflow/.local/lib/python3.12/site-packages/airflow/example_dags/example_task_group.py
[2025-03-10T00:00:46.273+0000] {processor.py:925} INFO - DAG(s) 'example_task_group' retrieved from /home/airflow/.local/lib/python3.12/site-packages/airflow/example_dags/example_task_group.py
[2025-03-10T00:00:46.301+0000] {logging_mixin.py:190} INFO - [2025-03-10T00:00:46.300+0000] {dag.py:3239} INFO - Sync 1 DAGs
[2025-03-10T00:00:46.320+0000] {logging_mixin.py:190} INFO - [2025-03-10T00:00:46.320+0000] {dag.py:4180} INFO - Setting next_dagrun for example_task_group to None, run_after=None
[2025-03-10T00:00:46.357+0000] {processor.py:208} INFO - Processing /home/airflow/.local/lib/python3.12/site-packages/airflow/example_dags/example_task_group.py took 0.105 seconds
[2025-03-10T00:01:18.264+0000] {processor.py:186} INFO - Started process (PID=47165) to work on /home/airflow/.local/lib/python3.12/site-packages/airflow/example_dags/example_task_group.py
[2025-03-10T00:01:18.265+0000] {processor.py:914} INFO - Processing file /home/airflow/.local/lib/python3.12/site-packages/airflow/example_dags/example_task_group.py for tasks to queue
[2025-03-10T00:01:18.266+0000] {logging_mixin.py:190} INFO - [2025-03-10T00:01:18.266+0000] {dagbag.py:588} INFO - Filling up the DagBag from /home/airflow/.local/lib/python3.12/site-packages/airflow/example_dags/example_task_group.py
[2025-03-10T00:01:18.276+0000] {processor.py:925} INFO - DAG(s) 'example_task_group' retrieved from /home/airflow/.local/lib/python3.12/site-packages/airflow/example_dags/example_task_group.py
[2025-03-10T00:01:18.296+0000] {logging_mixin.py:190} INFO - [2025-03-10T00:01:18.296+0000] {dag.py:3239} INFO - Sync 1 DAGs
[2025-03-10T00:01:18.310+0000] {logging_mixin.py:190} INFO - [2025-03-10T00:01:18.309+0000] {dag.py:4180} INFO - Setting next_dagrun for example_task_group to None, run_after=None
[2025-03-10T00:01:18.334+0000] {processor.py:208} INFO - Processing /home/airflow/.local/lib/python3.12/site-packages/airflow/example_dags/example_task_group.py took 0.075 seconds
[2025-03-10T00:01:51.282+0000] {processor.py:186} INFO - Started process (PID=47231) to work on /home/airflow/.local/lib/python3.12/site-packages/airflow/example_dags/example_task_group.py
[2025-03-10T00:01:51.283+0000] {processor.py:914} INFO - Processing file /home/airflow/.local/lib/python3.12/site-packages/airflow/example_dags/example_task_group.py for tasks to queue
[2025-03-10T00:01:51.286+0000] {logging_mixin.py:190} INFO - [2025-03-10T00:01:51.285+0000] {dagbag.py:588} INFO - Filling up the DagBag from /home/airflow/.local/lib/python3.12/site-packages/airflow/example_dags/example_task_group.py
[2025-03-10T00:01:51.295+0000] {processor.py:925} INFO - DAG(s) 'example_task_group' retrieved from /home/airflow/.local/lib/python3.12/site-packages/airflow/example_dags/example_task_group.py
[2025-03-10T00:01:51.319+0000] {logging_mixin.py:190} INFO - [2025-03-10T00:01:51.319+0000] {dag.py:3239} INFO - Sync 1 DAGs
[2025-03-10T00:01:51.340+0000] {logging_mixin.py:190} INFO - [2025-03-10T00:01:51.340+0000] {dag.py:4180} INFO - Setting next_dagrun for example_task_group to None, run_after=None
[2025-03-10T00:01:51.370+0000] {processor.py:208} INFO - Processing /home/airflow/.local/lib/python3.12/site-packages/airflow/example_dags/example_task_group.py took 0.094 seconds
[2025-03-10T00:02:22.122+0000] {processor.py:186} INFO - Started process (PID=47297) to work on /home/airflow/.local/lib/python3.12/site-packages/airflow/example_dags/example_task_group.py
[2025-03-10T00:02:22.123+0000] {processor.py:914} INFO - Processing file /home/airflow/.local/lib/python3.12/site-packages/airflow/example_dags/example_task_group.py for tasks to queue
[2025-03-10T00:02:22.124+0000] {logging_mixin.py:190} INFO - [2025-03-10T00:02:22.124+0000] {dagbag.py:588} INFO - Filling up the DagBag from /home/airflow/.local/lib/python3.12/site-packages/airflow/example_dags/example_task_group.py
[2025-03-10T00:02:22.132+0000] {processor.py:925} INFO - DAG(s) 'example_task_group' retrieved from /home/airflow/.local/lib/python3.12/site-packages/airflow/example_dags/example_task_group.py
[2025-03-10T00:02:22.155+0000] {logging_mixin.py:190} INFO - [2025-03-10T00:02:22.154+0000] {dag.py:3239} INFO - Sync 1 DAGs
[2025-03-10T00:02:22.170+0000] {logging_mixin.py:190} INFO - [2025-03-10T00:02:22.170+0000] {dag.py:4180} INFO - Setting next_dagrun for example_task_group to None, run_after=None
[2025-03-10T00:02:22.191+0000] {processor.py:208} INFO - Processing /home/airflow/.local/lib/python3.12/site-packages/airflow/example_dags/example_task_group.py took 0.074 seconds
[2025-03-10T00:02:52.988+0000] {processor.py:186} INFO - Started process (PID=47363) to work on /home/airflow/.local/lib/python3.12/site-packages/airflow/example_dags/example_task_group.py
[2025-03-10T00:02:52.989+0000] {processor.py:914} INFO - Processing file /home/airflow/.local/lib/python3.12/site-packages/airflow/example_dags/example_task_group.py for tasks to queue
[2025-03-10T00:02:52.990+0000] {logging_mixin.py:190} INFO - [2025-03-10T00:02:52.990+0000] {dagbag.py:588} INFO - Filling up the DagBag from /home/airflow/.local/lib/python3.12/site-packages/airflow/example_dags/example_task_group.py
[2025-03-10T00:02:52.997+0000] {processor.py:925} INFO - DAG(s) 'example_task_group' retrieved from /home/airflow/.local/lib/python3.12/site-packages/airflow/example_dags/example_task_group.py
[2025-03-10T00:02:53.017+0000] {logging_mixin.py:190} INFO - [2025-03-10T00:02:53.016+0000] {dag.py:3239} INFO - Sync 1 DAGs
[2025-03-10T00:02:53.029+0000] {logging_mixin.py:190} INFO - [2025-03-10T00:02:53.029+0000] {dag.py:4180} INFO - Setting next_dagrun for example_task_group to None, run_after=None
[2025-03-10T00:02:53.048+0000] {processor.py:208} INFO - Processing /home/airflow/.local/lib/python3.12/site-packages/airflow/example_dags/example_task_group.py took 0.065 seconds
[2025-03-10T00:03:23.767+0000] {processor.py:186} INFO - Started process (PID=47429) to work on /home/airflow/.local/lib/python3.12/site-packages/airflow/example_dags/example_task_group.py
[2025-03-10T00:03:23.768+0000] {processor.py:914} INFO - Processing file /home/airflow/.local/lib/python3.12/site-packages/airflow/example_dags/example_task_group.py for tasks to queue
[2025-03-10T00:03:23.769+0000] {logging_mixin.py:190} INFO - [2025-03-10T00:03:23.769+0000] {dagbag.py:588} INFO - Filling up the DagBag from /home/airflow/.local/lib/python3.12/site-packages/airflow/example_dags/example_task_group.py
[2025-03-10T00:03:23.778+0000] {processor.py:925} INFO - DAG(s) 'example_task_group' retrieved from /home/airflow/.local/lib/python3.12/site-packages/airflow/example_dags/example_task_group.py
[2025-03-10T00:03:23.800+0000] {logging_mixin.py:190} INFO - [2025-03-10T00:03:23.800+0000] {dag.py:3239} INFO - Sync 1 DAGs
[2025-03-10T00:03:23.814+0000] {logging_mixin.py:190} INFO - [2025-03-10T00:03:23.814+0000] {dag.py:4180} INFO - Setting next_dagrun for example_task_group to None, run_after=None
[2025-03-10T00:03:23.835+0000] {processor.py:208} INFO - Processing /home/airflow/.local/lib/python3.12/site-packages/airflow/example_dags/example_task_group.py took 0.074 seconds
[2025-03-10T00:03:55.928+0000] {processor.py:186} INFO - Started process (PID=47495) to work on /home/airflow/.local/lib/python3.12/site-packages/airflow/example_dags/example_task_group.py
[2025-03-10T00:03:55.930+0000] {processor.py:914} INFO - Processing file /home/airflow/.local/lib/python3.12/site-packages/airflow/example_dags/example_task_group.py for tasks to queue
[2025-03-10T00:03:55.932+0000] {logging_mixin.py:190} INFO - [2025-03-10T00:03:55.931+0000] {dagbag.py:588} INFO - Filling up the DagBag from /home/airflow/.local/lib/python3.12/site-packages/airflow/example_dags/example_task_group.py
[2025-03-10T00:03:55.960+0000] {processor.py:925} INFO - DAG(s) 'example_task_group' retrieved from /home/airflow/.local/lib/python3.12/site-packages/airflow/example_dags/example_task_group.py
[2025-03-10T00:03:55.990+0000] {logging_mixin.py:190} INFO - [2025-03-10T00:03:55.989+0000] {dag.py:3239} INFO - Sync 1 DAGs
[2025-03-10T00:03:56.009+0000] {logging_mixin.py:190} INFO - [2025-03-10T00:03:56.009+0000] {dag.py:4180} INFO - Setting next_dagrun for example_task_group to None, run_after=None
[2025-03-10T00:03:56.039+0000] {processor.py:208} INFO - Processing /home/airflow/.local/lib/python3.12/site-packages/airflow/example_dags/example_task_group.py took 0.119 seconds
[2025-03-10T00:04:27.715+0000] {processor.py:186} INFO - Started process (PID=47561) to work on /home/airflow/.local/lib/python3.12/site-packages/airflow/example_dags/example_task_group.py
[2025-03-10T00:04:27.716+0000] {processor.py:914} INFO - Processing file /home/airflow/.local/lib/python3.12/site-packages/airflow/example_dags/example_task_group.py for tasks to queue
[2025-03-10T00:04:27.718+0000] {logging_mixin.py:190} INFO - [2025-03-10T00:04:27.717+0000] {dagbag.py:588} INFO - Filling up the DagBag from /home/airflow/.local/lib/python3.12/site-packages/airflow/example_dags/example_task_group.py
[2025-03-10T00:04:27.725+0000] {processor.py:925} INFO - DAG(s) 'example_task_group' retrieved from /home/airflow/.local/lib/python3.12/site-packages/airflow/example_dags/example_task_group.py
[2025-03-10T00:04:27.746+0000] {logging_mixin.py:190} INFO - [2025-03-10T00:04:27.745+0000] {dag.py:3239} INFO - Sync 1 DAGs
[2025-03-10T00:04:27.759+0000] {logging_mixin.py:190} INFO - [2025-03-10T00:04:27.759+0000] {dag.py:4180} INFO - Setting next_dagrun for example_task_group to None, run_after=None
[2025-03-10T00:04:27.777+0000] {processor.py:208} INFO - Processing /home/airflow/.local/lib/python3.12/site-packages/airflow/example_dags/example_task_group.py took 0.066 seconds
[2025-03-10T00:04:58.467+0000] {processor.py:186} INFO - Started process (PID=47627) to work on /home/airflow/.local/lib/python3.12/site-packages/airflow/example_dags/example_task_group.py
[2025-03-10T00:04:58.468+0000] {processor.py:914} INFO - Processing file /home/airflow/.local/lib/python3.12/site-packages/airflow/example_dags/example_task_group.py for tasks to queue
[2025-03-10T00:04:58.470+0000] {logging_mixin.py:190} INFO - [2025-03-10T00:04:58.469+0000] {dagbag.py:588} INFO - Filling up the DagBag from /home/airflow/.local/lib/python3.12/site-packages/airflow/example_dags/example_task_group.py
[2025-03-10T00:04:58.478+0000] {processor.py:925} INFO - DAG(s) 'example_task_group' retrieved from /home/airflow/.local/lib/python3.12/site-packages/airflow/example_dags/example_task_group.py
[2025-03-10T00:04:58.500+0000] {logging_mixin.py:190} INFO - [2025-03-10T00:04:58.500+0000] {dag.py:3239} INFO - Sync 1 DAGs
[2025-03-10T00:04:58.514+0000] {logging_mixin.py:190} INFO - [2025-03-10T00:04:58.514+0000] {dag.py:4180} INFO - Setting next_dagrun for example_task_group to None, run_after=None
[2025-03-10T00:04:58.534+0000] {processor.py:208} INFO - Processing /home/airflow/.local/lib/python3.12/site-packages/airflow/example_dags/example_task_group.py took 0.072 seconds
[2025-03-10T00:05:30.071+0000] {processor.py:186} INFO - Started process (PID=47693) to work on /home/airflow/.local/lib/python3.12/site-packages/airflow/example_dags/example_task_group.py
[2025-03-10T00:05:30.072+0000] {processor.py:914} INFO - Processing file /home/airflow/.local/lib/python3.12/site-packages/airflow/example_dags/example_task_group.py for tasks to queue
[2025-03-10T00:05:30.074+0000] {logging_mixin.py:190} INFO - [2025-03-10T00:05:30.073+0000] {dagbag.py:588} INFO - Filling up the DagBag from /home/airflow/.local/lib/python3.12/site-packages/airflow/example_dags/example_task_group.py
[2025-03-10T00:05:30.082+0000] {processor.py:925} INFO - DAG(s) 'example_task_group' retrieved from /home/airflow/.local/lib/python3.12/site-packages/airflow/example_dags/example_task_group.py
[2025-03-10T00:05:30.102+0000] {logging_mixin.py:190} INFO - [2025-03-10T00:05:30.101+0000] {dag.py:3239} INFO - Sync 1 DAGs
[2025-03-10T00:05:30.115+0000] {logging_mixin.py:190} INFO - [2025-03-10T00:05:30.115+0000] {dag.py:4180} INFO - Setting next_dagrun for example_task_group to None, run_after=None
[2025-03-10T00:05:30.136+0000] {processor.py:208} INFO - Processing /home/airflow/.local/lib/python3.12/site-packages/airflow/example_dags/example_task_group.py took 0.069 seconds
[2025-03-10T00:06:02.867+0000] {processor.py:186} INFO - Started process (PID=47759) to work on /home/airflow/.local/lib/python3.12/site-packages/airflow/example_dags/example_task_group.py
[2025-03-10T00:06:02.868+0000] {processor.py:914} INFO - Processing file /home/airflow/.local/lib/python3.12/site-packages/airflow/example_dags/example_task_group.py for tasks to queue
[2025-03-10T00:06:02.869+0000] {logging_mixin.py:190} INFO - [2025-03-10T00:06:02.869+0000] {dagbag.py:588} INFO - Filling up the DagBag from /home/airflow/.local/lib/python3.12/site-packages/airflow/example_dags/example_task_group.py
[2025-03-10T00:06:02.876+0000] {processor.py:925} INFO - DAG(s) 'example_task_group' retrieved from /home/airflow/.local/lib/python3.12/site-packages/airflow/example_dags/example_task_group.py
[2025-03-10T00:06:02.895+0000] {logging_mixin.py:190} INFO - [2025-03-10T00:06:02.895+0000] {dag.py:3239} INFO - Sync 1 DAGs
[2025-03-10T00:06:02.907+0000] {logging_mixin.py:190} INFO - [2025-03-10T00:06:02.907+0000] {dag.py:4180} INFO - Setting next_dagrun for example_task_group to None, run_after=None
[2025-03-10T00:06:02.926+0000] {processor.py:208} INFO - Processing /home/airflow/.local/lib/python3.12/site-packages/airflow/example_dags/example_task_group.py took 0.063 seconds
[2025-03-10T00:06:34.255+0000] {processor.py:186} INFO - Started process (PID=47829) to work on /home/airflow/.local/lib/python3.12/site-packages/airflow/example_dags/example_task_group.py
[2025-03-10T00:06:34.256+0000] {processor.py:914} INFO - Processing file /home/airflow/.local/lib/python3.12/site-packages/airflow/example_dags/example_task_group.py for tasks to queue
[2025-03-10T00:06:34.257+0000] {logging_mixin.py:190} INFO - [2025-03-10T00:06:34.257+0000] {dagbag.py:588} INFO - Filling up the DagBag from /home/airflow/.local/lib/python3.12/site-packages/airflow/example_dags/example_task_group.py
[2025-03-10T00:06:34.265+0000] {processor.py:925} INFO - DAG(s) 'example_task_group' retrieved from /home/airflow/.local/lib/python3.12/site-packages/airflow/example_dags/example_task_group.py
[2025-03-10T00:06:34.284+0000] {logging_mixin.py:190} INFO - [2025-03-10T00:06:34.284+0000] {dag.py:3239} INFO - Sync 1 DAGs
[2025-03-10T00:06:34.296+0000] {logging_mixin.py:190} INFO - [2025-03-10T00:06:34.296+0000] {dag.py:4180} INFO - Setting next_dagrun for example_task_group to None, run_after=None
[2025-03-10T00:06:34.316+0000] {processor.py:208} INFO - Processing /home/airflow/.local/lib/python3.12/site-packages/airflow/example_dags/example_task_group.py took 0.066 seconds
[2025-03-10T00:07:05.622+0000] {processor.py:186} INFO - Started process (PID=47898) to work on /home/airflow/.local/lib/python3.12/site-packages/airflow/example_dags/example_task_group.py
[2025-03-10T00:07:05.623+0000] {processor.py:914} INFO - Processing file /home/airflow/.local/lib/python3.12/site-packages/airflow/example_dags/example_task_group.py for tasks to queue
[2025-03-10T00:07:05.626+0000] {logging_mixin.py:190} INFO - [2025-03-10T00:07:05.625+0000] {dagbag.py:588} INFO - Filling up the DagBag from /home/airflow/.local/lib/python3.12/site-packages/airflow/example_dags/example_task_group.py
[2025-03-10T00:07:05.636+0000] {processor.py:925} INFO - DAG(s) 'example_task_group' retrieved from /home/airflow/.local/lib/python3.12/site-packages/airflow/example_dags/example_task_group.py
[2025-03-10T00:07:05.665+0000] {logging_mixin.py:190} INFO - [2025-03-10T00:07:05.664+0000] {dag.py:3239} INFO - Sync 1 DAGs
[2025-03-10T00:07:05.683+0000] {logging_mixin.py:190} INFO - [2025-03-10T00:07:05.683+0000] {dag.py:4180} INFO - Setting next_dagrun for example_task_group to None, run_after=None
[2025-03-10T00:07:05.711+0000] {processor.py:208} INFO - Processing /home/airflow/.local/lib/python3.12/site-packages/airflow/example_dags/example_task_group.py took 0.095 seconds
