[2025-03-10T00:00:11.494+0000] {processor.py:186} INFO - Started process (PID=46999) to work on /home/airflow/.local/lib/python3.12/site-packages/airflow/example_dags/tutorial_objectstorage.py
[2025-03-10T00:00:11.496+0000] {processor.py:914} INFO - Processing file /home/airflow/.local/lib/python3.12/site-packages/airflow/example_dags/tutorial_objectstorage.py for tasks to queue
[2025-03-10T00:00:11.497+0000] {logging_mixin.py:190} INFO - [2025-03-10T00:00:11.497+0000] {dagbag.py:588} INFO - Filling up the DagBag from /home/airflow/.local/lib/python3.12/site-packages/airflow/example_dags/tutorial_objectstorage.py
[2025-03-10T00:00:11.506+0000] {processor.py:925} INFO - DAG(s) 'tutorial_objectstorage' retrieved from /home/airflow/.local/lib/python3.12/site-packages/airflow/example_dags/tutorial_objectstorage.py
[2025-03-10T00:00:11.524+0000] {logging_mixin.py:190} INFO - [2025-03-10T00:00:11.523+0000] {dag.py:3239} INFO - Sync 1 DAGs
[2025-03-10T00:00:11.536+0000] {logging_mixin.py:190} INFO - [2025-03-10T00:00:11.536+0000] {dag.py:4180} INFO - Setting next_dagrun for tutorial_objectstorage to None, run_after=None
[2025-03-10T00:00:11.556+0000] {processor.py:208} INFO - Processing /home/airflow/.local/lib/python3.12/site-packages/airflow/example_dags/tutorial_objectstorage.py took 0.067 seconds
[2025-03-10T00:00:43.458+0000] {processor.py:186} INFO - Started process (PID=47066) to work on /home/airflow/.local/lib/python3.12/site-packages/airflow/example_dags/tutorial_objectstorage.py
[2025-03-10T00:00:43.459+0000] {processor.py:914} INFO - Processing file /home/airflow/.local/lib/python3.12/site-packages/airflow/example_dags/tutorial_objectstorage.py for tasks to queue
[2025-03-10T00:00:43.460+0000] {logging_mixin.py:190} INFO - [2025-03-10T00:00:43.460+0000] {dagbag.py:588} INFO - Filling up the DagBag from /home/airflow/.local/lib/python3.12/site-packages/airflow/example_dags/tutorial_objectstorage.py
[2025-03-10T00:00:43.468+0000] {processor.py:925} INFO - DAG(s) 'tutorial_objectstorage' retrieved from /home/airflow/.local/lib/python3.12/site-packages/airflow/example_dags/tutorial_objectstorage.py
[2025-03-10T00:00:43.485+0000] {logging_mixin.py:190} INFO - [2025-03-10T00:00:43.485+0000] {dag.py:3239} INFO - Sync 1 DAGs
[2025-03-10T00:00:43.497+0000] {logging_mixin.py:190} INFO - [2025-03-10T00:00:43.497+0000] {dag.py:4180} INFO - Setting next_dagrun for tutorial_objectstorage to None, run_after=None
[2025-03-10T00:00:43.516+0000] {processor.py:208} INFO - Processing /home/airflow/.local/lib/python3.12/site-packages/airflow/example_dags/tutorial_objectstorage.py took 0.064 seconds
[2025-03-10T00:01:15.435+0000] {processor.py:186} INFO - Started process (PID=47132) to work on /home/airflow/.local/lib/python3.12/site-packages/airflow/example_dags/tutorial_objectstorage.py
[2025-03-10T00:01:15.436+0000] {processor.py:914} INFO - Processing file /home/airflow/.local/lib/python3.12/site-packages/airflow/example_dags/tutorial_objectstorage.py for tasks to queue
[2025-03-10T00:01:15.437+0000] {logging_mixin.py:190} INFO - [2025-03-10T00:01:15.437+0000] {dagbag.py:588} INFO - Filling up the DagBag from /home/airflow/.local/lib/python3.12/site-packages/airflow/example_dags/tutorial_objectstorage.py
[2025-03-10T00:01:15.447+0000] {processor.py:925} INFO - DAG(s) 'tutorial_objectstorage' retrieved from /home/airflow/.local/lib/python3.12/site-packages/airflow/example_dags/tutorial_objectstorage.py
[2025-03-10T00:01:15.468+0000] {logging_mixin.py:190} INFO - [2025-03-10T00:01:15.468+0000] {dag.py:3239} INFO - Sync 1 DAGs
[2025-03-10T00:01:15.482+0000] {logging_mixin.py:190} INFO - [2025-03-10T00:01:15.482+0000] {dag.py:4180} INFO - Setting next_dagrun for tutorial_objectstorage to None, run_after=None
[2025-03-10T00:01:15.502+0000] {processor.py:208} INFO - Processing /home/airflow/.local/lib/python3.12/site-packages/airflow/example_dags/tutorial_objectstorage.py took 0.073 seconds
[2025-03-10T00:01:47.213+0000] {processor.py:186} INFO - Started process (PID=47198) to work on /home/airflow/.local/lib/python3.12/site-packages/airflow/example_dags/tutorial_objectstorage.py
[2025-03-10T00:01:47.214+0000] {processor.py:914} INFO - Processing file /home/airflow/.local/lib/python3.12/site-packages/airflow/example_dags/tutorial_objectstorage.py for tasks to queue
[2025-03-10T00:01:47.216+0000] {logging_mixin.py:190} INFO - [2025-03-10T00:01:47.216+0000] {dagbag.py:588} INFO - Filling up the DagBag from /home/airflow/.local/lib/python3.12/site-packages/airflow/example_dags/tutorial_objectstorage.py
[2025-03-10T00:01:47.227+0000] {processor.py:925} INFO - DAG(s) 'tutorial_objectstorage' retrieved from /home/airflow/.local/lib/python3.12/site-packages/airflow/example_dags/tutorial_objectstorage.py
[2025-03-10T00:01:47.251+0000] {logging_mixin.py:190} INFO - [2025-03-10T00:01:47.251+0000] {dag.py:3239} INFO - Sync 1 DAGs
[2025-03-10T00:01:47.267+0000] {logging_mixin.py:190} INFO - [2025-03-10T00:01:47.267+0000] {dag.py:4180} INFO - Setting next_dagrun for tutorial_objectstorage to None, run_after=None
[2025-03-10T00:01:47.288+0000] {processor.py:208} INFO - Processing /home/airflow/.local/lib/python3.12/site-packages/airflow/example_dags/tutorial_objectstorage.py took 0.081 seconds
[2025-03-10T00:02:18.396+0000] {processor.py:186} INFO - Started process (PID=47264) to work on /home/airflow/.local/lib/python3.12/site-packages/airflow/example_dags/tutorial_objectstorage.py
[2025-03-10T00:02:18.397+0000] {processor.py:914} INFO - Processing file /home/airflow/.local/lib/python3.12/site-packages/airflow/example_dags/tutorial_objectstorage.py for tasks to queue
[2025-03-10T00:02:18.398+0000] {logging_mixin.py:190} INFO - [2025-03-10T00:02:18.398+0000] {dagbag.py:588} INFO - Filling up the DagBag from /home/airflow/.local/lib/python3.12/site-packages/airflow/example_dags/tutorial_objectstorage.py
[2025-03-10T00:02:18.409+0000] {processor.py:925} INFO - DAG(s) 'tutorial_objectstorage' retrieved from /home/airflow/.local/lib/python3.12/site-packages/airflow/example_dags/tutorial_objectstorage.py
[2025-03-10T00:02:18.428+0000] {logging_mixin.py:190} INFO - [2025-03-10T00:02:18.427+0000] {dag.py:3239} INFO - Sync 1 DAGs
[2025-03-10T00:02:18.441+0000] {logging_mixin.py:190} INFO - [2025-03-10T00:02:18.441+0000] {dag.py:4180} INFO - Setting next_dagrun for tutorial_objectstorage to None, run_after=None
[2025-03-10T00:02:18.462+0000] {processor.py:208} INFO - Processing /home/airflow/.local/lib/python3.12/site-packages/airflow/example_dags/tutorial_objectstorage.py took 0.070 seconds
[2025-03-10T00:02:50.073+0000] {processor.py:186} INFO - Started process (PID=47330) to work on /home/airflow/.local/lib/python3.12/site-packages/airflow/example_dags/tutorial_objectstorage.py
[2025-03-10T00:02:50.074+0000] {processor.py:914} INFO - Processing file /home/airflow/.local/lib/python3.12/site-packages/airflow/example_dags/tutorial_objectstorage.py for tasks to queue
[2025-03-10T00:02:50.076+0000] {logging_mixin.py:190} INFO - [2025-03-10T00:02:50.076+0000] {dagbag.py:588} INFO - Filling up the DagBag from /home/airflow/.local/lib/python3.12/site-packages/airflow/example_dags/tutorial_objectstorage.py
[2025-03-10T00:02:50.086+0000] {processor.py:925} INFO - DAG(s) 'tutorial_objectstorage' retrieved from /home/airflow/.local/lib/python3.12/site-packages/airflow/example_dags/tutorial_objectstorage.py
[2025-03-10T00:02:50.107+0000] {logging_mixin.py:190} INFO - [2025-03-10T00:02:50.106+0000] {dag.py:3239} INFO - Sync 1 DAGs
[2025-03-10T00:02:50.122+0000] {logging_mixin.py:190} INFO - [2025-03-10T00:02:50.122+0000] {dag.py:4180} INFO - Setting next_dagrun for tutorial_objectstorage to None, run_after=None
[2025-03-10T00:02:50.145+0000] {processor.py:208} INFO - Processing /home/airflow/.local/lib/python3.12/site-packages/airflow/example_dags/tutorial_objectstorage.py took 0.077 seconds
[2025-03-10T00:03:20.747+0000] {processor.py:186} INFO - Started process (PID=47395) to work on /home/airflow/.local/lib/python3.12/site-packages/airflow/example_dags/tutorial_objectstorage.py
[2025-03-10T00:03:20.748+0000] {processor.py:914} INFO - Processing file /home/airflow/.local/lib/python3.12/site-packages/airflow/example_dags/tutorial_objectstorage.py for tasks to queue
[2025-03-10T00:03:20.750+0000] {logging_mixin.py:190} INFO - [2025-03-10T00:03:20.749+0000] {dagbag.py:588} INFO - Filling up the DagBag from /home/airflow/.local/lib/python3.12/site-packages/airflow/example_dags/tutorial_objectstorage.py
[2025-03-10T00:03:20.760+0000] {processor.py:925} INFO - DAG(s) 'tutorial_objectstorage' retrieved from /home/airflow/.local/lib/python3.12/site-packages/airflow/example_dags/tutorial_objectstorage.py
[2025-03-10T00:03:20.780+0000] {logging_mixin.py:190} INFO - [2025-03-10T00:03:20.780+0000] {dag.py:3239} INFO - Sync 1 DAGs
[2025-03-10T00:03:20.794+0000] {logging_mixin.py:190} INFO - [2025-03-10T00:03:20.794+0000] {dag.py:4180} INFO - Setting next_dagrun for tutorial_objectstorage to None, run_after=None
[2025-03-10T00:03:20.816+0000] {processor.py:208} INFO - Processing /home/airflow/.local/lib/python3.12/site-packages/airflow/example_dags/tutorial_objectstorage.py took 0.074 seconds
[2025-03-10T00:03:52.370+0000] {processor.py:186} INFO - Started process (PID=47461) to work on /home/airflow/.local/lib/python3.12/site-packages/airflow/example_dags/tutorial_objectstorage.py
[2025-03-10T00:03:52.371+0000] {processor.py:914} INFO - Processing file /home/airflow/.local/lib/python3.12/site-packages/airflow/example_dags/tutorial_objectstorage.py for tasks to queue
[2025-03-10T00:03:52.372+0000] {logging_mixin.py:190} INFO - [2025-03-10T00:03:52.372+0000] {dagbag.py:588} INFO - Filling up the DagBag from /home/airflow/.local/lib/python3.12/site-packages/airflow/example_dags/tutorial_objectstorage.py
[2025-03-10T00:03:52.380+0000] {processor.py:925} INFO - DAG(s) 'tutorial_objectstorage' retrieved from /home/airflow/.local/lib/python3.12/site-packages/airflow/example_dags/tutorial_objectstorage.py
[2025-03-10T00:03:52.399+0000] {logging_mixin.py:190} INFO - [2025-03-10T00:03:52.399+0000] {dag.py:3239} INFO - Sync 1 DAGs
[2025-03-10T00:03:52.413+0000] {logging_mixin.py:190} INFO - [2025-03-10T00:03:52.413+0000] {dag.py:4180} INFO - Setting next_dagrun for tutorial_objectstorage to None, run_after=None
[2025-03-10T00:03:52.434+0000] {processor.py:208} INFO - Processing /home/airflow/.local/lib/python3.12/site-packages/airflow/example_dags/tutorial_objectstorage.py took 0.069 seconds
[2025-03-10T00:04:24.093+0000] {processor.py:186} INFO - Started process (PID=47527) to work on /home/airflow/.local/lib/python3.12/site-packages/airflow/example_dags/tutorial_objectstorage.py
[2025-03-10T00:04:24.094+0000] {processor.py:914} INFO - Processing file /home/airflow/.local/lib/python3.12/site-packages/airflow/example_dags/tutorial_objectstorage.py for tasks to queue
[2025-03-10T00:04:24.096+0000] {logging_mixin.py:190} INFO - [2025-03-10T00:04:24.095+0000] {dagbag.py:588} INFO - Filling up the DagBag from /home/airflow/.local/lib/python3.12/site-packages/airflow/example_dags/tutorial_objectstorage.py
[2025-03-10T00:04:24.105+0000] {processor.py:925} INFO - DAG(s) 'tutorial_objectstorage' retrieved from /home/airflow/.local/lib/python3.12/site-packages/airflow/example_dags/tutorial_objectstorage.py
[2025-03-10T00:04:24.123+0000] {logging_mixin.py:190} INFO - [2025-03-10T00:04:24.123+0000] {dag.py:3239} INFO - Sync 1 DAGs
[2025-03-10T00:04:24.136+0000] {logging_mixin.py:190} INFO - [2025-03-10T00:04:24.135+0000] {dag.py:4180} INFO - Setting next_dagrun for tutorial_objectstorage to None, run_after=None
[2025-03-10T00:04:24.155+0000] {processor.py:208} INFO - Processing /home/airflow/.local/lib/python3.12/site-packages/airflow/example_dags/tutorial_objectstorage.py took 0.067 seconds
[2025-03-10T00:04:55.588+0000] {processor.py:186} INFO - Started process (PID=47593) to work on /home/airflow/.local/lib/python3.12/site-packages/airflow/example_dags/tutorial_objectstorage.py
[2025-03-10T00:04:55.589+0000] {processor.py:914} INFO - Processing file /home/airflow/.local/lib/python3.12/site-packages/airflow/example_dags/tutorial_objectstorage.py for tasks to queue
[2025-03-10T00:04:55.590+0000] {logging_mixin.py:190} INFO - [2025-03-10T00:04:55.590+0000] {dagbag.py:588} INFO - Filling up the DagBag from /home/airflow/.local/lib/python3.12/site-packages/airflow/example_dags/tutorial_objectstorage.py
[2025-03-10T00:04:55.599+0000] {processor.py:925} INFO - DAG(s) 'tutorial_objectstorage' retrieved from /home/airflow/.local/lib/python3.12/site-packages/airflow/example_dags/tutorial_objectstorage.py
[2025-03-10T00:04:55.617+0000] {logging_mixin.py:190} INFO - [2025-03-10T00:04:55.617+0000] {dag.py:3239} INFO - Sync 1 DAGs
[2025-03-10T00:04:55.629+0000] {logging_mixin.py:190} INFO - [2025-03-10T00:04:55.629+0000] {dag.py:4180} INFO - Setting next_dagrun for tutorial_objectstorage to None, run_after=None
[2025-03-10T00:04:55.649+0000] {processor.py:208} INFO - Processing /home/airflow/.local/lib/python3.12/site-packages/airflow/example_dags/tutorial_objectstorage.py took 0.067 seconds
[2025-03-10T00:05:27.235+0000] {processor.py:186} INFO - Started process (PID=47659) to work on /home/airflow/.local/lib/python3.12/site-packages/airflow/example_dags/tutorial_objectstorage.py
[2025-03-10T00:05:27.236+0000] {processor.py:914} INFO - Processing file /home/airflow/.local/lib/python3.12/site-packages/airflow/example_dags/tutorial_objectstorage.py for tasks to queue
[2025-03-10T00:05:27.238+0000] {logging_mixin.py:190} INFO - [2025-03-10T00:05:27.237+0000] {dagbag.py:588} INFO - Filling up the DagBag from /home/airflow/.local/lib/python3.12/site-packages/airflow/example_dags/tutorial_objectstorage.py
[2025-03-10T00:05:27.246+0000] {processor.py:925} INFO - DAG(s) 'tutorial_objectstorage' retrieved from /home/airflow/.local/lib/python3.12/site-packages/airflow/example_dags/tutorial_objectstorage.py
[2025-03-10T00:05:27.263+0000] {logging_mixin.py:190} INFO - [2025-03-10T00:05:27.263+0000] {dag.py:3239} INFO - Sync 1 DAGs
[2025-03-10T00:05:27.279+0000] {logging_mixin.py:190} INFO - [2025-03-10T00:05:27.278+0000] {dag.py:4180} INFO - Setting next_dagrun for tutorial_objectstorage to None, run_after=None
[2025-03-10T00:05:27.296+0000] {processor.py:208} INFO - Processing /home/airflow/.local/lib/python3.12/site-packages/airflow/example_dags/tutorial_objectstorage.py took 0.066 seconds
[2025-03-10T00:05:59.087+0000] {processor.py:186} INFO - Started process (PID=47725) to work on /home/airflow/.local/lib/python3.12/site-packages/airflow/example_dags/tutorial_objectstorage.py
[2025-03-10T00:05:59.088+0000] {processor.py:914} INFO - Processing file /home/airflow/.local/lib/python3.12/site-packages/airflow/example_dags/tutorial_objectstorage.py for tasks to queue
[2025-03-10T00:05:59.089+0000] {logging_mixin.py:190} INFO - [2025-03-10T00:05:59.089+0000] {dagbag.py:588} INFO - Filling up the DagBag from /home/airflow/.local/lib/python3.12/site-packages/airflow/example_dags/tutorial_objectstorage.py
[2025-03-10T00:05:59.097+0000] {processor.py:925} INFO - DAG(s) 'tutorial_objectstorage' retrieved from /home/airflow/.local/lib/python3.12/site-packages/airflow/example_dags/tutorial_objectstorage.py
[2025-03-10T00:05:59.117+0000] {logging_mixin.py:190} INFO - [2025-03-10T00:05:59.117+0000] {dag.py:3239} INFO - Sync 1 DAGs
[2025-03-10T00:05:59.131+0000] {logging_mixin.py:190} INFO - [2025-03-10T00:05:59.131+0000] {dag.py:4180} INFO - Setting next_dagrun for tutorial_objectstorage to None, run_after=None
[2025-03-10T00:05:59.151+0000] {processor.py:208} INFO - Processing /home/airflow/.local/lib/python3.12/site-packages/airflow/example_dags/tutorial_objectstorage.py took 0.069 seconds
[2025-03-10T00:06:29.956+0000] {processor.py:186} INFO - Started process (PID=47794) to work on /home/airflow/.local/lib/python3.12/site-packages/airflow/example_dags/tutorial_objectstorage.py
[2025-03-10T00:06:29.957+0000] {processor.py:914} INFO - Processing file /home/airflow/.local/lib/python3.12/site-packages/airflow/example_dags/tutorial_objectstorage.py for tasks to queue
[2025-03-10T00:06:29.959+0000] {logging_mixin.py:190} INFO - [2025-03-10T00:06:29.958+0000] {dagbag.py:588} INFO - Filling up the DagBag from /home/airflow/.local/lib/python3.12/site-packages/airflow/example_dags/tutorial_objectstorage.py
[2025-03-10T00:06:29.968+0000] {processor.py:925} INFO - DAG(s) 'tutorial_objectstorage' retrieved from /home/airflow/.local/lib/python3.12/site-packages/airflow/example_dags/tutorial_objectstorage.py
[2025-03-10T00:06:29.986+0000] {logging_mixin.py:190} INFO - [2025-03-10T00:06:29.986+0000] {dag.py:3239} INFO - Sync 1 DAGs
[2025-03-10T00:06:30.000+0000] {logging_mixin.py:190} INFO - [2025-03-10T00:06:30.000+0000] {dag.py:4180} INFO - Setting next_dagrun for tutorial_objectstorage to None, run_after=None
[2025-03-10T00:06:30.020+0000] {processor.py:208} INFO - Processing /home/airflow/.local/lib/python3.12/site-packages/airflow/example_dags/tutorial_objectstorage.py took 0.069 seconds
[2025-03-10T00:07:02.234+0000] {processor.py:186} INFO - Started process (PID=47864) to work on /home/airflow/.local/lib/python3.12/site-packages/airflow/example_dags/tutorial_objectstorage.py
[2025-03-10T00:07:02.235+0000] {processor.py:914} INFO - Processing file /home/airflow/.local/lib/python3.12/site-packages/airflow/example_dags/tutorial_objectstorage.py for tasks to queue
[2025-03-10T00:07:02.237+0000] {logging_mixin.py:190} INFO - [2025-03-10T00:07:02.236+0000] {dagbag.py:588} INFO - Filling up the DagBag from /home/airflow/.local/lib/python3.12/site-packages/airflow/example_dags/tutorial_objectstorage.py
[2025-03-10T00:07:02.248+0000] {processor.py:925} INFO - DAG(s) 'tutorial_objectstorage' retrieved from /home/airflow/.local/lib/python3.12/site-packages/airflow/example_dags/tutorial_objectstorage.py
[2025-03-10T00:07:02.267+0000] {logging_mixin.py:190} INFO - [2025-03-10T00:07:02.267+0000] {dag.py:3239} INFO - Sync 1 DAGs
[2025-03-10T00:07:02.282+0000] {logging_mixin.py:190} INFO - [2025-03-10T00:07:02.282+0000] {dag.py:4180} INFO - Setting next_dagrun for tutorial_objectstorage to None, run_after=None
[2025-03-10T00:07:02.304+0000] {processor.py:208} INFO - Processing /home/airflow/.local/lib/python3.12/site-packages/airflow/example_dags/tutorial_objectstorage.py took 0.078 seconds
