[2025-03-10T00:00:15.078+0000] {processor.py:186} INFO - Started process (PID=47041) to work on /home/airflow/.local/lib/python3.12/site-packages/airflow/example_dags/tutorial.py
[2025-03-10T00:00:15.080+0000] {processor.py:914} INFO - Processing file /home/airflow/.local/lib/python3.12/site-packages/airflow/example_dags/tutorial.py for tasks to queue
[2025-03-10T00:00:15.081+0000] {logging_mixin.py:190} INFO - [2025-03-10T00:00:15.081+0000] {dagbag.py:588} INFO - Filling up the DagBag from /home/airflow/.local/lib/python3.12/site-packages/airflow/example_dags/tutorial.py
[2025-03-10T00:00:15.089+0000] {processor.py:925} INFO - DAG(s) 'tutorial' retrieved from /home/airflow/.local/lib/python3.12/site-packages/airflow/example_dags/tutorial.py
[2025-03-10T00:00:15.107+0000] {logging_mixin.py:190} INFO - [2025-03-10T00:00:15.106+0000] {dag.py:3239} INFO - Sync 1 DAGs
[2025-03-10T00:00:15.129+0000] {logging_mixin.py:190} INFO - [2025-03-10T00:00:15.129+0000] {dag.py:4180} INFO - Setting next_dagrun for tutorial to 2025-03-09 00:00:00+00:00, run_after=2025-03-10 00:00:00+00:00
[2025-03-10T00:00:15.147+0000] {processor.py:208} INFO - Processing /home/airflow/.local/lib/python3.12/site-packages/airflow/example_dags/tutorial.py took 0.073 seconds
[2025-03-10T00:00:46.911+0000] {processor.py:186} INFO - Started process (PID=47107) to work on /home/airflow/.local/lib/python3.12/site-packages/airflow/example_dags/tutorial.py
[2025-03-10T00:00:46.912+0000] {processor.py:914} INFO - Processing file /home/airflow/.local/lib/python3.12/site-packages/airflow/example_dags/tutorial.py for tasks to queue
[2025-03-10T00:00:46.914+0000] {logging_mixin.py:190} INFO - [2025-03-10T00:00:46.914+0000] {dagbag.py:588} INFO - Filling up the DagBag from /home/airflow/.local/lib/python3.12/site-packages/airflow/example_dags/tutorial.py
[2025-03-10T00:00:46.924+0000] {processor.py:925} INFO - DAG(s) 'tutorial' retrieved from /home/airflow/.local/lib/python3.12/site-packages/airflow/example_dags/tutorial.py
[2025-03-10T00:00:46.945+0000] {logging_mixin.py:190} INFO - [2025-03-10T00:00:46.945+0000] {dag.py:3239} INFO - Sync 1 DAGs
[2025-03-10T00:00:46.972+0000] {logging_mixin.py:190} INFO - [2025-03-10T00:00:46.972+0000] {dag.py:4180} INFO - Setting next_dagrun for tutorial to 2025-03-09 00:00:00+00:00, run_after=2025-03-10 00:00:00+00:00
[2025-03-10T00:00:47.009+0000] {processor.py:208} INFO - Processing /home/airflow/.local/lib/python3.12/site-packages/airflow/example_dags/tutorial.py took 0.106 seconds
[2025-03-10T00:01:18.796+0000] {processor.py:186} INFO - Started process (PID=47173) to work on /home/airflow/.local/lib/python3.12/site-packages/airflow/example_dags/tutorial.py
[2025-03-10T00:01:18.797+0000] {processor.py:914} INFO - Processing file /home/airflow/.local/lib/python3.12/site-packages/airflow/example_dags/tutorial.py for tasks to queue
[2025-03-10T00:01:18.799+0000] {logging_mixin.py:190} INFO - [2025-03-10T00:01:18.798+0000] {dagbag.py:588} INFO - Filling up the DagBag from /home/airflow/.local/lib/python3.12/site-packages/airflow/example_dags/tutorial.py
[2025-03-10T00:01:18.810+0000] {processor.py:925} INFO - DAG(s) 'tutorial' retrieved from /home/airflow/.local/lib/python3.12/site-packages/airflow/example_dags/tutorial.py
[2025-03-10T00:01:18.829+0000] {logging_mixin.py:190} INFO - [2025-03-10T00:01:18.829+0000] {dag.py:3239} INFO - Sync 1 DAGs
[2025-03-10T00:01:18.851+0000] {logging_mixin.py:190} INFO - [2025-03-10T00:01:18.851+0000] {dag.py:4180} INFO - Setting next_dagrun for tutorial to 2025-03-09 00:00:00+00:00, run_after=2025-03-10 00:00:00+00:00
[2025-03-10T00:01:18.872+0000] {processor.py:208} INFO - Processing /home/airflow/.local/lib/python3.12/site-packages/airflow/example_dags/tutorial.py took 0.081 seconds
[2025-03-10T00:01:51.897+0000] {processor.py:186} INFO - Started process (PID=47239) to work on /home/airflow/.local/lib/python3.12/site-packages/airflow/example_dags/tutorial.py
[2025-03-10T00:01:51.899+0000] {processor.py:914} INFO - Processing file /home/airflow/.local/lib/python3.12/site-packages/airflow/example_dags/tutorial.py for tasks to queue
[2025-03-10T00:01:51.902+0000] {logging_mixin.py:190} INFO - [2025-03-10T00:01:51.901+0000] {dagbag.py:588} INFO - Filling up the DagBag from /home/airflow/.local/lib/python3.12/site-packages/airflow/example_dags/tutorial.py
[2025-03-10T00:01:51.917+0000] {processor.py:925} INFO - DAG(s) 'tutorial' retrieved from /home/airflow/.local/lib/python3.12/site-packages/airflow/example_dags/tutorial.py
[2025-03-10T00:01:51.945+0000] {logging_mixin.py:190} INFO - [2025-03-10T00:01:51.945+0000] {dag.py:3239} INFO - Sync 1 DAGs
[2025-03-10T00:01:51.986+0000] {logging_mixin.py:190} INFO - [2025-03-10T00:01:51.983+0000] {dag.py:4180} INFO - Setting next_dagrun for tutorial to 2025-03-09 00:00:00+00:00, run_after=2025-03-10 00:00:00+00:00
[2025-03-10T00:01:52.023+0000] {processor.py:208} INFO - Processing /home/airflow/.local/lib/python3.12/site-packages/airflow/example_dags/tutorial.py took 0.132 seconds
[2025-03-10T00:02:22.552+0000] {processor.py:186} INFO - Started process (PID=47305) to work on /home/airflow/.local/lib/python3.12/site-packages/airflow/example_dags/tutorial.py
[2025-03-10T00:02:22.553+0000] {processor.py:914} INFO - Processing file /home/airflow/.local/lib/python3.12/site-packages/airflow/example_dags/tutorial.py for tasks to queue
[2025-03-10T00:02:22.554+0000] {logging_mixin.py:190} INFO - [2025-03-10T00:02:22.554+0000] {dagbag.py:588} INFO - Filling up the DagBag from /home/airflow/.local/lib/python3.12/site-packages/airflow/example_dags/tutorial.py
[2025-03-10T00:02:22.562+0000] {processor.py:925} INFO - DAG(s) 'tutorial' retrieved from /home/airflow/.local/lib/python3.12/site-packages/airflow/example_dags/tutorial.py
[2025-03-10T00:02:22.581+0000] {logging_mixin.py:190} INFO - [2025-03-10T00:02:22.581+0000] {dag.py:3239} INFO - Sync 1 DAGs
[2025-03-10T00:02:22.602+0000] {logging_mixin.py:190} INFO - [2025-03-10T00:02:22.602+0000] {dag.py:4180} INFO - Setting next_dagrun for tutorial to 2025-03-09 00:00:00+00:00, run_after=2025-03-10 00:00:00+00:00
[2025-03-10T00:02:22.621+0000] {processor.py:208} INFO - Processing /home/airflow/.local/lib/python3.12/site-packages/airflow/example_dags/tutorial.py took 0.074 seconds
[2025-03-10T00:02:53.567+0000] {processor.py:186} INFO - Started process (PID=47371) to work on /home/airflow/.local/lib/python3.12/site-packages/airflow/example_dags/tutorial.py
[2025-03-10T00:02:53.567+0000] {processor.py:914} INFO - Processing file /home/airflow/.local/lib/python3.12/site-packages/airflow/example_dags/tutorial.py for tasks to queue
[2025-03-10T00:02:53.569+0000] {logging_mixin.py:190} INFO - [2025-03-10T00:02:53.568+0000] {dagbag.py:588} INFO - Filling up the DagBag from /home/airflow/.local/lib/python3.12/site-packages/airflow/example_dags/tutorial.py
[2025-03-10T00:02:53.576+0000] {processor.py:925} INFO - DAG(s) 'tutorial' retrieved from /home/airflow/.local/lib/python3.12/site-packages/airflow/example_dags/tutorial.py
[2025-03-10T00:02:53.601+0000] {logging_mixin.py:190} INFO - [2025-03-10T00:02:53.601+0000] {dag.py:3239} INFO - Sync 1 DAGs
[2025-03-10T00:02:53.628+0000] {logging_mixin.py:190} INFO - [2025-03-10T00:02:53.627+0000] {dag.py:4180} INFO - Setting next_dagrun for tutorial to 2025-03-09 00:00:00+00:00, run_after=2025-03-10 00:00:00+00:00
[2025-03-10T00:02:53.644+0000] {processor.py:208} INFO - Processing /home/airflow/.local/lib/python3.12/site-packages/airflow/example_dags/tutorial.py took 0.083 seconds
[2025-03-10T00:03:24.219+0000] {processor.py:186} INFO - Started process (PID=47437) to work on /home/airflow/.local/lib/python3.12/site-packages/airflow/example_dags/tutorial.py
[2025-03-10T00:03:24.220+0000] {processor.py:914} INFO - Processing file /home/airflow/.local/lib/python3.12/site-packages/airflow/example_dags/tutorial.py for tasks to queue
[2025-03-10T00:03:24.221+0000] {logging_mixin.py:190} INFO - [2025-03-10T00:03:24.221+0000] {dagbag.py:588} INFO - Filling up the DagBag from /home/airflow/.local/lib/python3.12/site-packages/airflow/example_dags/tutorial.py
[2025-03-10T00:03:24.229+0000] {processor.py:925} INFO - DAG(s) 'tutorial' retrieved from /home/airflow/.local/lib/python3.12/site-packages/airflow/example_dags/tutorial.py
[2025-03-10T00:03:24.253+0000] {logging_mixin.py:190} INFO - [2025-03-10T00:03:24.252+0000] {dag.py:3239} INFO - Sync 1 DAGs
[2025-03-10T00:03:24.283+0000] {logging_mixin.py:190} INFO - [2025-03-10T00:03:24.283+0000] {dag.py:4180} INFO - Setting next_dagrun for tutorial to 2025-03-09 00:00:00+00:00, run_after=2025-03-10 00:00:00+00:00
[2025-03-10T00:03:24.312+0000] {processor.py:208} INFO - Processing /home/airflow/.local/lib/python3.12/site-packages/airflow/example_dags/tutorial.py took 0.099 seconds
[2025-03-10T00:03:56.549+0000] {processor.py:186} INFO - Started process (PID=47503) to work on /home/airflow/.local/lib/python3.12/site-packages/airflow/example_dags/tutorial.py
[2025-03-10T00:03:56.551+0000] {processor.py:914} INFO - Processing file /home/airflow/.local/lib/python3.12/site-packages/airflow/example_dags/tutorial.py for tasks to queue
[2025-03-10T00:03:56.562+0000] {logging_mixin.py:190} INFO - [2025-03-10T00:03:56.558+0000] {dagbag.py:588} INFO - Filling up the DagBag from /home/airflow/.local/lib/python3.12/site-packages/airflow/example_dags/tutorial.py
[2025-03-10T00:03:56.576+0000] {processor.py:925} INFO - DAG(s) 'tutorial' retrieved from /home/airflow/.local/lib/python3.12/site-packages/airflow/example_dags/tutorial.py
[2025-03-10T00:03:56.609+0000] {logging_mixin.py:190} INFO - [2025-03-10T00:03:56.608+0000] {dag.py:3239} INFO - Sync 1 DAGs
[2025-03-10T00:03:56.645+0000] {logging_mixin.py:190} INFO - [2025-03-10T00:03:56.645+0000] {dag.py:4180} INFO - Setting next_dagrun for tutorial to 2025-03-09 00:00:00+00:00, run_after=2025-03-10 00:00:00+00:00
[2025-03-10T00:03:56.679+0000] {processor.py:208} INFO - Processing /home/airflow/.local/lib/python3.12/site-packages/airflow/example_dags/tutorial.py took 0.143 seconds
[2025-03-10T00:04:28.268+0000] {processor.py:186} INFO - Started process (PID=47569) to work on /home/airflow/.local/lib/python3.12/site-packages/airflow/example_dags/tutorial.py
[2025-03-10T00:04:28.269+0000] {processor.py:914} INFO - Processing file /home/airflow/.local/lib/python3.12/site-packages/airflow/example_dags/tutorial.py for tasks to queue
[2025-03-10T00:04:28.270+0000] {logging_mixin.py:190} INFO - [2025-03-10T00:04:28.270+0000] {dagbag.py:588} INFO - Filling up the DagBag from /home/airflow/.local/lib/python3.12/site-packages/airflow/example_dags/tutorial.py
[2025-03-10T00:04:28.277+0000] {processor.py:925} INFO - DAG(s) 'tutorial' retrieved from /home/airflow/.local/lib/python3.12/site-packages/airflow/example_dags/tutorial.py
[2025-03-10T00:04:28.295+0000] {logging_mixin.py:190} INFO - [2025-03-10T00:04:28.295+0000] {dag.py:3239} INFO - Sync 1 DAGs
[2025-03-10T00:04:28.316+0000] {logging_mixin.py:190} INFO - [2025-03-10T00:04:28.315+0000] {dag.py:4180} INFO - Setting next_dagrun for tutorial to 2025-03-09 00:00:00+00:00, run_after=2025-03-10 00:00:00+00:00
[2025-03-10T00:04:28.334+0000] {processor.py:208} INFO - Processing /home/airflow/.local/lib/python3.12/site-packages/airflow/example_dags/tutorial.py took 0.072 seconds
[2025-03-10T00:04:59.002+0000] {processor.py:186} INFO - Started process (PID=47635) to work on /home/airflow/.local/lib/python3.12/site-packages/airflow/example_dags/tutorial.py
[2025-03-10T00:04:59.004+0000] {processor.py:914} INFO - Processing file /home/airflow/.local/lib/python3.12/site-packages/airflow/example_dags/tutorial.py for tasks to queue
[2025-03-10T00:04:59.005+0000] {logging_mixin.py:190} INFO - [2025-03-10T00:04:59.005+0000] {dagbag.py:588} INFO - Filling up the DagBag from /home/airflow/.local/lib/python3.12/site-packages/airflow/example_dags/tutorial.py
[2025-03-10T00:04:59.020+0000] {processor.py:925} INFO - DAG(s) 'tutorial' retrieved from /home/airflow/.local/lib/python3.12/site-packages/airflow/example_dags/tutorial.py
[2025-03-10T00:04:59.048+0000] {logging_mixin.py:190} INFO - [2025-03-10T00:04:59.047+0000] {dag.py:3239} INFO - Sync 1 DAGs
[2025-03-10T00:04:59.080+0000] {logging_mixin.py:190} INFO - [2025-03-10T00:04:59.079+0000] {dag.py:4180} INFO - Setting next_dagrun for tutorial to 2025-03-09 00:00:00+00:00, run_after=2025-03-10 00:00:00+00:00
[2025-03-10T00:04:59.113+0000] {processor.py:208} INFO - Processing /home/airflow/.local/lib/python3.12/site-packages/airflow/example_dags/tutorial.py took 0.121 seconds
[2025-03-10T00:05:30.534+0000] {processor.py:186} INFO - Started process (PID=47701) to work on /home/airflow/.local/lib/python3.12/site-packages/airflow/example_dags/tutorial.py
[2025-03-10T00:05:30.535+0000] {processor.py:914} INFO - Processing file /home/airflow/.local/lib/python3.12/site-packages/airflow/example_dags/tutorial.py for tasks to queue
[2025-03-10T00:05:30.536+0000] {logging_mixin.py:190} INFO - [2025-03-10T00:05:30.536+0000] {dagbag.py:588} INFO - Filling up the DagBag from /home/airflow/.local/lib/python3.12/site-packages/airflow/example_dags/tutorial.py
[2025-03-10T00:05:30.544+0000] {processor.py:925} INFO - DAG(s) 'tutorial' retrieved from /home/airflow/.local/lib/python3.12/site-packages/airflow/example_dags/tutorial.py
[2025-03-10T00:05:30.562+0000] {logging_mixin.py:190} INFO - [2025-03-10T00:05:30.561+0000] {dag.py:3239} INFO - Sync 1 DAGs
[2025-03-10T00:05:30.582+0000] {logging_mixin.py:190} INFO - [2025-03-10T00:05:30.582+0000] {dag.py:4180} INFO - Setting next_dagrun for tutorial to 2025-03-09 00:00:00+00:00, run_after=2025-03-10 00:00:00+00:00
[2025-03-10T00:05:30.604+0000] {processor.py:208} INFO - Processing /home/airflow/.local/lib/python3.12/site-packages/airflow/example_dags/tutorial.py took 0.075 seconds
[2025-03-10T00:06:03.408+0000] {processor.py:186} INFO - Started process (PID=47767) to work on /home/airflow/.local/lib/python3.12/site-packages/airflow/example_dags/tutorial.py
[2025-03-10T00:06:03.409+0000] {processor.py:914} INFO - Processing file /home/airflow/.local/lib/python3.12/site-packages/airflow/example_dags/tutorial.py for tasks to queue
[2025-03-10T00:06:03.411+0000] {logging_mixin.py:190} INFO - [2025-03-10T00:06:03.411+0000] {dagbag.py:588} INFO - Filling up the DagBag from /home/airflow/.local/lib/python3.12/site-packages/airflow/example_dags/tutorial.py
[2025-03-10T00:06:03.422+0000] {processor.py:925} INFO - DAG(s) 'tutorial' retrieved from /home/airflow/.local/lib/python3.12/site-packages/airflow/example_dags/tutorial.py
[2025-03-10T00:06:03.442+0000] {logging_mixin.py:190} INFO - [2025-03-10T00:06:03.442+0000] {dag.py:3239} INFO - Sync 1 DAGs
[2025-03-10T00:06:03.464+0000] {logging_mixin.py:190} INFO - [2025-03-10T00:06:03.464+0000] {dag.py:4180} INFO - Setting next_dagrun for tutorial to 2025-03-09 00:00:00+00:00, run_after=2025-03-10 00:00:00+00:00
[2025-03-10T00:06:03.483+0000] {processor.py:208} INFO - Processing /home/airflow/.local/lib/python3.12/site-packages/airflow/example_dags/tutorial.py took 0.082 seconds
[2025-03-10T00:06:34.819+0000] {processor.py:186} INFO - Started process (PID=47837) to work on /home/airflow/.local/lib/python3.12/site-packages/airflow/example_dags/tutorial.py
[2025-03-10T00:06:34.820+0000] {processor.py:914} INFO - Processing file /home/airflow/.local/lib/python3.12/site-packages/airflow/example_dags/tutorial.py for tasks to queue
[2025-03-10T00:06:34.821+0000] {logging_mixin.py:190} INFO - [2025-03-10T00:06:34.821+0000] {dagbag.py:588} INFO - Filling up the DagBag from /home/airflow/.local/lib/python3.12/site-packages/airflow/example_dags/tutorial.py
[2025-03-10T00:06:34.829+0000] {processor.py:925} INFO - DAG(s) 'tutorial' retrieved from /home/airflow/.local/lib/python3.12/site-packages/airflow/example_dags/tutorial.py
[2025-03-10T00:06:34.847+0000] {logging_mixin.py:190} INFO - [2025-03-10T00:06:34.846+0000] {dag.py:3239} INFO - Sync 1 DAGs
[2025-03-10T00:06:34.866+0000] {logging_mixin.py:190} INFO - [2025-03-10T00:06:34.866+0000] {dag.py:4180} INFO - Setting next_dagrun for tutorial to 2025-03-09 00:00:00+00:00, run_after=2025-03-10 00:00:00+00:00
[2025-03-10T00:06:34.886+0000] {processor.py:208} INFO - Processing /home/airflow/.local/lib/python3.12/site-packages/airflow/example_dags/tutorial.py took 0.071 seconds
[2025-03-10T00:07:06.215+0000] {processor.py:186} INFO - Started process (PID=47906) to work on /home/airflow/.local/lib/python3.12/site-packages/airflow/example_dags/tutorial.py
[2025-03-10T00:07:06.216+0000] {processor.py:914} INFO - Processing file /home/airflow/.local/lib/python3.12/site-packages/airflow/example_dags/tutorial.py for tasks to queue
[2025-03-10T00:07:06.217+0000] {logging_mixin.py:190} INFO - [2025-03-10T00:07:06.217+0000] {dagbag.py:588} INFO - Filling up the DagBag from /home/airflow/.local/lib/python3.12/site-packages/airflow/example_dags/tutorial.py
[2025-03-10T00:07:06.225+0000] {processor.py:925} INFO - DAG(s) 'tutorial' retrieved from /home/airflow/.local/lib/python3.12/site-packages/airflow/example_dags/tutorial.py
[2025-03-10T00:07:06.243+0000] {logging_mixin.py:190} INFO - [2025-03-10T00:07:06.243+0000] {dag.py:3239} INFO - Sync 1 DAGs
[2025-03-10T00:07:06.264+0000] {logging_mixin.py:190} INFO - [2025-03-10T00:07:06.263+0000] {dag.py:4180} INFO - Setting next_dagrun for tutorial to 2025-03-09 00:00:00+00:00, run_after=2025-03-10 00:00:00+00:00
[2025-03-10T00:07:06.282+0000] {processor.py:208} INFO - Processing /home/airflow/.local/lib/python3.12/site-packages/airflow/example_dags/tutorial.py took 0.072 seconds
