[2025-03-09T17:45:32.055+0000] {processor.py:186} INFO - Started process (PID=75) to work on /opt/airflow/dags/dados_climaticos (1).py
[2025-03-09T17:45:32.056+0000] {processor.py:914} INFO - Processing file /opt/airflow/dags/dados_climaticos (1).py for tasks to queue
[2025-03-09T17:45:32.061+0000] {logging_mixin.py:190} INFO - [2025-03-09T17:45:32.061+0000] {dagbag.py:588} INFO - Filling up the DagBag from /opt/airflow/dags/dados_climaticos (1).py
[2025-03-09T17:45:32.110+0000] {processor.py:925} INFO - DAG(s) 'dados_climaticos' retrieved from /opt/airflow/dags/dados_climaticos (1).py
[2025-03-09T17:45:32.154+0000] {logging_mixin.py:190} INFO - [2025-03-09T17:45:32.154+0000] {dag.py:3239} INFO - Sync 1 DAGs
[2025-03-09T17:45:32.201+0000] {logging_mixin.py:190} INFO - [2025-03-09T17:45:32.201+0000] {dag.py:4180} INFO - Setting next_dagrun for dados_climaticos to 2025-02-24 00:00:00+00:00, run_after=2025-03-03 00:00:00+00:00
[2025-03-09T17:45:32.241+0000] {processor.py:208} INFO - Processing /opt/airflow/dags/dados_climaticos (1).py took 0.198 seconds
[2025-03-09T17:46:02.727+0000] {processor.py:186} INFO - Started process (PID=141) to work on /opt/airflow/dags/dados_climaticos (1).py
[2025-03-09T17:46:02.728+0000] {processor.py:914} INFO - Processing file /opt/airflow/dags/dados_climaticos (1).py for tasks to queue
[2025-03-09T17:46:02.734+0000] {logging_mixin.py:190} INFO - [2025-03-09T17:46:02.733+0000] {dagbag.py:588} INFO - Filling up the DagBag from /opt/airflow/dags/dados_climaticos (1).py
[2025-03-09T17:46:02.758+0000] {processor.py:925} INFO - DAG(s) 'dados_climaticos' retrieved from /opt/airflow/dags/dados_climaticos (1).py
[2025-03-09T17:46:02.786+0000] {logging_mixin.py:190} INFO - [2025-03-09T17:46:02.786+0000] {dag.py:3239} INFO - Sync 1 DAGs
[2025-03-09T17:46:02.819+0000] {logging_mixin.py:190} INFO - [2025-03-09T17:46:02.818+0000] {dag.py:4180} INFO - Setting next_dagrun for dados_climaticos to 2025-02-24 00:00:00+00:00, run_after=2025-03-03 00:00:00+00:00
[2025-03-09T17:46:02.847+0000] {processor.py:208} INFO - Processing /opt/airflow/dags/dados_climaticos (1).py took 0.131 seconds
[2025-03-09T17:46:33.052+0000] {processor.py:186} INFO - Started process (PID=207) to work on /opt/airflow/dags/dados_climaticos (1).py
[2025-03-09T17:46:33.053+0000] {processor.py:914} INFO - Processing file /opt/airflow/dags/dados_climaticos (1).py for tasks to queue
[2025-03-09T17:46:33.057+0000] {logging_mixin.py:190} INFO - [2025-03-09T17:46:33.056+0000] {dagbag.py:588} INFO - Filling up the DagBag from /opt/airflow/dags/dados_climaticos (1).py
[2025-03-09T17:46:33.075+0000] {processor.py:925} INFO - DAG(s) 'dados_climaticos' retrieved from /opt/airflow/dags/dados_climaticos (1).py
[2025-03-09T17:46:33.096+0000] {logging_mixin.py:190} INFO - [2025-03-09T17:46:33.096+0000] {dag.py:3239} INFO - Sync 1 DAGs
[2025-03-09T17:46:33.121+0000] {logging_mixin.py:190} INFO - [2025-03-09T17:46:33.121+0000] {dag.py:4180} INFO - Setting next_dagrun for dados_climaticos to 2025-02-24 00:00:00+00:00, run_after=2025-03-03 00:00:00+00:00
[2025-03-09T17:46:33.143+0000] {processor.py:208} INFO - Processing /opt/airflow/dags/dados_climaticos (1).py took 0.097 seconds
[2025-03-09T17:47:03.195+0000] {processor.py:186} INFO - Started process (PID=267) to work on /opt/airflow/dags/dados_climaticos (1).py
[2025-03-09T17:47:03.196+0000] {processor.py:914} INFO - Processing file /opt/airflow/dags/dados_climaticos (1).py for tasks to queue
[2025-03-09T17:47:03.198+0000] {logging_mixin.py:190} INFO - [2025-03-09T17:47:03.198+0000] {dagbag.py:588} INFO - Filling up the DagBag from /opt/airflow/dags/dados_climaticos (1).py
[2025-03-09T17:47:03.218+0000] {processor.py:925} INFO - DAG(s) 'dados_climaticos' retrieved from /opt/airflow/dags/dados_climaticos (1).py
[2025-03-09T17:47:03.239+0000] {logging_mixin.py:190} INFO - [2025-03-09T17:47:03.239+0000] {dag.py:3239} INFO - Sync 1 DAGs
[2025-03-09T17:47:03.264+0000] {logging_mixin.py:190} INFO - [2025-03-09T17:47:03.264+0000] {dag.py:4180} INFO - Setting next_dagrun for dados_climaticos to 2025-02-24 00:00:00+00:00, run_after=2025-03-03 00:00:00+00:00
[2025-03-09T17:47:03.290+0000] {processor.py:208} INFO - Processing /opt/airflow/dags/dados_climaticos (1).py took 0.100 seconds
[2025-03-09T17:47:33.695+0000] {processor.py:186} INFO - Started process (PID=331) to work on /opt/airflow/dags/dados_climaticos (1).py
[2025-03-09T17:47:33.697+0000] {processor.py:914} INFO - Processing file /opt/airflow/dags/dados_climaticos (1).py for tasks to queue
[2025-03-09T17:47:33.702+0000] {logging_mixin.py:190} INFO - [2025-03-09T17:47:33.701+0000] {dagbag.py:588} INFO - Filling up the DagBag from /opt/airflow/dags/dados_climaticos (1).py
[2025-03-09T17:47:33.728+0000] {processor.py:925} INFO - DAG(s) 'dados_climaticos' retrieved from /opt/airflow/dags/dados_climaticos (1).py
[2025-03-09T17:47:33.752+0000] {logging_mixin.py:190} INFO - [2025-03-09T17:47:33.751+0000] {dag.py:3239} INFO - Sync 1 DAGs
[2025-03-09T17:47:33.776+0000] {logging_mixin.py:190} INFO - [2025-03-09T17:47:33.776+0000] {dag.py:4180} INFO - Setting next_dagrun for dados_climaticos to 2025-02-24 00:00:00+00:00, run_after=2025-03-03 00:00:00+00:00
[2025-03-09T17:47:33.798+0000] {processor.py:208} INFO - Processing /opt/airflow/dags/dados_climaticos (1).py took 0.118 seconds
[2025-03-09T17:48:04.487+0000] {processor.py:186} INFO - Started process (PID=396) to work on /opt/airflow/dags/dados_climaticos (1).py
[2025-03-09T17:48:04.499+0000] {processor.py:914} INFO - Processing file /opt/airflow/dags/dados_climaticos (1).py for tasks to queue
[2025-03-09T17:48:04.502+0000] {logging_mixin.py:190} INFO - [2025-03-09T17:48:04.502+0000] {dagbag.py:588} INFO - Filling up the DagBag from /opt/airflow/dags/dados_climaticos (1).py
[2025-03-09T17:48:04.576+0000] {processor.py:925} INFO - DAG(s) 'dados_climaticos' retrieved from /opt/airflow/dags/dados_climaticos (1).py
[2025-03-09T17:48:04.614+0000] {logging_mixin.py:190} INFO - [2025-03-09T17:48:04.613+0000] {dag.py:3239} INFO - Sync 1 DAGs
[2025-03-09T17:48:04.658+0000] {logging_mixin.py:190} INFO - [2025-03-09T17:48:04.658+0000] {dag.py:4180} INFO - Setting next_dagrun for dados_climaticos to 2025-02-24 00:00:00+00:00, run_after=2025-03-03 00:00:00+00:00
[2025-03-09T17:48:04.683+0000] {processor.py:208} INFO - Processing /opt/airflow/dags/dados_climaticos (1).py took 0.201 seconds
[2025-03-09T17:48:35.002+0000] {processor.py:186} INFO - Started process (PID=461) to work on /opt/airflow/dags/dados_climaticos (1).py
[2025-03-09T17:48:35.005+0000] {processor.py:914} INFO - Processing file /opt/airflow/dags/dados_climaticos (1).py for tasks to queue
[2025-03-09T17:48:35.010+0000] {logging_mixin.py:190} INFO - [2025-03-09T17:48:35.010+0000] {dagbag.py:588} INFO - Filling up the DagBag from /opt/airflow/dags/dados_climaticos (1).py
[2025-03-09T17:48:35.036+0000] {processor.py:925} INFO - DAG(s) 'dados_climaticos' retrieved from /opt/airflow/dags/dados_climaticos (1).py
[2025-03-09T17:48:35.060+0000] {logging_mixin.py:190} INFO - [2025-03-09T17:48:35.060+0000] {dag.py:3239} INFO - Sync 1 DAGs
[2025-03-09T17:48:35.091+0000] {logging_mixin.py:190} INFO - [2025-03-09T17:48:35.091+0000] {dag.py:4180} INFO - Setting next_dagrun for dados_climaticos to 2025-02-24 00:00:00+00:00, run_after=2025-03-03 00:00:00+00:00
[2025-03-09T17:48:35.119+0000] {processor.py:208} INFO - Processing /opt/airflow/dags/dados_climaticos (1).py took 0.127 seconds
[2025-03-09T17:49:05.372+0000] {processor.py:186} INFO - Started process (PID=526) to work on /opt/airflow/dags/dados_climaticos (1).py
[2025-03-09T17:49:05.375+0000] {processor.py:914} INFO - Processing file /opt/airflow/dags/dados_climaticos (1).py for tasks to queue
[2025-03-09T17:49:05.377+0000] {logging_mixin.py:190} INFO - [2025-03-09T17:49:05.377+0000] {dagbag.py:588} INFO - Filling up the DagBag from /opt/airflow/dags/dados_climaticos (1).py
[2025-03-09T17:49:05.397+0000] {processor.py:925} INFO - DAG(s) 'dados_climaticos' retrieved from /opt/airflow/dags/dados_climaticos (1).py
[2025-03-09T17:49:05.423+0000] {logging_mixin.py:190} INFO - [2025-03-09T17:49:05.423+0000] {dag.py:3239} INFO - Sync 1 DAGs
[2025-03-09T17:49:05.452+0000] {logging_mixin.py:190} INFO - [2025-03-09T17:49:05.451+0000] {dag.py:4180} INFO - Setting next_dagrun for dados_climaticos to 2025-02-24 00:00:00+00:00, run_after=2025-03-03 00:00:00+00:00
[2025-03-09T17:49:05.477+0000] {processor.py:208} INFO - Processing /opt/airflow/dags/dados_climaticos (1).py took 0.112 seconds
[2025-03-09T17:49:35.859+0000] {processor.py:186} INFO - Started process (PID=591) to work on /opt/airflow/dags/dados_climaticos (1).py
[2025-03-09T17:49:35.860+0000] {processor.py:914} INFO - Processing file /opt/airflow/dags/dados_climaticos (1).py for tasks to queue
[2025-03-09T17:49:35.863+0000] {logging_mixin.py:190} INFO - [2025-03-09T17:49:35.862+0000] {dagbag.py:588} INFO - Filling up the DagBag from /opt/airflow/dags/dados_climaticos (1).py
[2025-03-09T17:49:35.886+0000] {processor.py:925} INFO - DAG(s) 'dados_climaticos' retrieved from /opt/airflow/dags/dados_climaticos (1).py
[2025-03-09T17:49:35.907+0000] {logging_mixin.py:190} INFO - [2025-03-09T17:49:35.906+0000] {dag.py:3239} INFO - Sync 1 DAGs
[2025-03-09T17:49:35.948+0000] {logging_mixin.py:190} INFO - [2025-03-09T17:49:35.947+0000] {dag.py:4180} INFO - Setting next_dagrun for dados_climaticos to 2025-02-24 00:00:00+00:00, run_after=2025-03-03 00:00:00+00:00
[2025-03-09T17:49:35.973+0000] {processor.py:208} INFO - Processing /opt/airflow/dags/dados_climaticos (1).py took 0.121 seconds
[2025-03-09T17:50:06.594+0000] {processor.py:186} INFO - Started process (PID=656) to work on /opt/airflow/dags/dados_climaticos (1).py
[2025-03-09T17:50:06.596+0000] {processor.py:914} INFO - Processing file /opt/airflow/dags/dados_climaticos (1).py for tasks to queue
[2025-03-09T17:50:06.599+0000] {logging_mixin.py:190} INFO - [2025-03-09T17:50:06.599+0000] {dagbag.py:588} INFO - Filling up the DagBag from /opt/airflow/dags/dados_climaticos (1).py
[2025-03-09T17:50:06.639+0000] {processor.py:925} INFO - DAG(s) 'dados_climaticos' retrieved from /opt/airflow/dags/dados_climaticos (1).py
[2025-03-09T17:50:06.664+0000] {logging_mixin.py:190} INFO - [2025-03-09T17:50:06.663+0000] {dag.py:3239} INFO - Sync 1 DAGs
[2025-03-09T17:50:06.693+0000] {logging_mixin.py:190} INFO - [2025-03-09T17:50:06.692+0000] {dag.py:4180} INFO - Setting next_dagrun for dados_climaticos to 2025-02-24 00:00:00+00:00, run_after=2025-03-03 00:00:00+00:00
[2025-03-09T17:50:06.720+0000] {processor.py:208} INFO - Processing /opt/airflow/dags/dados_climaticos (1).py took 0.134 seconds
[2025-03-09T17:50:37.663+0000] {processor.py:186} INFO - Started process (PID=723) to work on /opt/airflow/dags/dados_climaticos (1).py
[2025-03-09T17:50:37.664+0000] {processor.py:914} INFO - Processing file /opt/airflow/dags/dados_climaticos (1).py for tasks to queue
[2025-03-09T17:50:37.666+0000] {logging_mixin.py:190} INFO - [2025-03-09T17:50:37.666+0000] {dagbag.py:588} INFO - Filling up the DagBag from /opt/airflow/dags/dados_climaticos (1).py
[2025-03-09T17:50:37.686+0000] {processor.py:925} INFO - DAG(s) 'dados_climaticos' retrieved from /opt/airflow/dags/dados_climaticos (1).py
[2025-03-09T17:50:37.711+0000] {logging_mixin.py:190} INFO - [2025-03-09T17:50:37.710+0000] {dag.py:3239} INFO - Sync 1 DAGs
[2025-03-09T17:50:37.739+0000] {logging_mixin.py:190} INFO - [2025-03-09T17:50:37.739+0000] {dag.py:4180} INFO - Setting next_dagrun for dados_climaticos to 2025-02-24 00:00:00+00:00, run_after=2025-03-03 00:00:00+00:00
[2025-03-09T17:50:37.767+0000] {processor.py:208} INFO - Processing /opt/airflow/dags/dados_climaticos (1).py took 0.111 seconds
[2025-03-09T17:51:08.367+0000] {processor.py:186} INFO - Started process (PID=788) to work on /opt/airflow/dags/dados_climaticos (1).py
[2025-03-09T17:51:08.371+0000] {processor.py:914} INFO - Processing file /opt/airflow/dags/dados_climaticos (1).py for tasks to queue
[2025-03-09T17:51:08.376+0000] {logging_mixin.py:190} INFO - [2025-03-09T17:51:08.376+0000] {dagbag.py:588} INFO - Filling up the DagBag from /opt/airflow/dags/dados_climaticos (1).py
[2025-03-09T17:51:08.399+0000] {processor.py:925} INFO - DAG(s) 'dados_climaticos' retrieved from /opt/airflow/dags/dados_climaticos (1).py
[2025-03-09T17:51:08.418+0000] {logging_mixin.py:190} INFO - [2025-03-09T17:51:08.418+0000] {dag.py:3239} INFO - Sync 1 DAGs
[2025-03-09T17:51:08.442+0000] {logging_mixin.py:190} INFO - [2025-03-09T17:51:08.442+0000] {dag.py:4180} INFO - Setting next_dagrun for dados_climaticos to 2025-02-24 00:00:00+00:00, run_after=2025-03-03 00:00:00+00:00
[2025-03-09T17:51:08.469+0000] {processor.py:208} INFO - Processing /opt/airflow/dags/dados_climaticos (1).py took 0.110 seconds
[2025-03-09T17:51:40.321+0000] {processor.py:186} INFO - Started process (PID=854) to work on /opt/airflow/dags/dados_climaticos (1).py
[2025-03-09T17:51:40.322+0000] {processor.py:914} INFO - Processing file /opt/airflow/dags/dados_climaticos (1).py for tasks to queue
[2025-03-09T17:51:40.325+0000] {logging_mixin.py:190} INFO - [2025-03-09T17:51:40.324+0000] {dagbag.py:588} INFO - Filling up the DagBag from /opt/airflow/dags/dados_climaticos (1).py
[2025-03-09T17:51:40.343+0000] {processor.py:925} INFO - DAG(s) 'dados_climaticos' retrieved from /opt/airflow/dags/dados_climaticos (1).py
[2025-03-09T17:51:40.366+0000] {logging_mixin.py:190} INFO - [2025-03-09T17:51:40.365+0000] {dag.py:3239} INFO - Sync 1 DAGs
[2025-03-09T17:51:40.391+0000] {logging_mixin.py:190} INFO - [2025-03-09T17:51:40.391+0000] {dag.py:4180} INFO - Setting next_dagrun for dados_climaticos to 2025-02-24 00:00:00+00:00, run_after=2025-03-03 00:00:00+00:00
[2025-03-09T17:51:40.430+0000] {processor.py:208} INFO - Processing /opt/airflow/dags/dados_climaticos (1).py took 0.114 seconds
[2025-03-09T17:52:10.893+0000] {processor.py:186} INFO - Started process (PID=920) to work on /opt/airflow/dags/dados_climaticos (1).py
[2025-03-09T17:52:10.895+0000] {processor.py:914} INFO - Processing file /opt/airflow/dags/dados_climaticos (1).py for tasks to queue
[2025-03-09T17:52:10.916+0000] {logging_mixin.py:190} INFO - [2025-03-09T17:52:10.901+0000] {dagbag.py:588} INFO - Filling up the DagBag from /opt/airflow/dags/dados_climaticos (1).py
[2025-03-09T17:52:10.961+0000] {processor.py:925} INFO - DAG(s) 'dados_climaticos' retrieved from /opt/airflow/dags/dados_climaticos (1).py
[2025-03-09T17:52:11.008+0000] {logging_mixin.py:190} INFO - [2025-03-09T17:52:11.008+0000] {dag.py:3239} INFO - Sync 1 DAGs
[2025-03-09T17:52:11.052+0000] {logging_mixin.py:190} INFO - [2025-03-09T17:52:11.052+0000] {dag.py:4180} INFO - Setting next_dagrun for dados_climaticos to 2025-02-24 00:00:00+00:00, run_after=2025-03-03 00:00:00+00:00
[2025-03-09T17:52:11.103+0000] {processor.py:208} INFO - Processing /opt/airflow/dags/dados_climaticos (1).py took 0.240 seconds
[2025-03-09T17:52:42.624+0000] {processor.py:186} INFO - Started process (PID=986) to work on /opt/airflow/dags/dados_climaticos (1).py
[2025-03-09T17:52:42.625+0000] {processor.py:914} INFO - Processing file /opt/airflow/dags/dados_climaticos (1).py for tasks to queue
[2025-03-09T17:52:42.629+0000] {logging_mixin.py:190} INFO - [2025-03-09T17:52:42.629+0000] {dagbag.py:588} INFO - Filling up the DagBag from /opt/airflow/dags/dados_climaticos (1).py
[2025-03-09T17:52:42.655+0000] {processor.py:925} INFO - DAG(s) 'dados_climaticos' retrieved from /opt/airflow/dags/dados_climaticos (1).py
[2025-03-09T17:52:42.676+0000] {logging_mixin.py:190} INFO - [2025-03-09T17:52:42.675+0000] {dag.py:3239} INFO - Sync 1 DAGs
[2025-03-09T17:52:42.700+0000] {logging_mixin.py:190} INFO - [2025-03-09T17:52:42.700+0000] {dag.py:4180} INFO - Setting next_dagrun for dados_climaticos to 2025-02-24 00:00:00+00:00, run_after=2025-03-03 00:00:00+00:00
[2025-03-09T17:52:42.724+0000] {processor.py:208} INFO - Processing /opt/airflow/dags/dados_climaticos (1).py took 0.107 seconds
[2025-03-09T17:53:13.783+0000] {processor.py:186} INFO - Started process (PID=1052) to work on /opt/airflow/dags/dados_climaticos (1).py
[2025-03-09T17:53:13.784+0000] {processor.py:914} INFO - Processing file /opt/airflow/dags/dados_climaticos (1).py for tasks to queue
[2025-03-09T17:53:13.787+0000] {logging_mixin.py:190} INFO - [2025-03-09T17:53:13.787+0000] {dagbag.py:588} INFO - Filling up the DagBag from /opt/airflow/dags/dados_climaticos (1).py
[2025-03-09T17:53:13.811+0000] {processor.py:925} INFO - DAG(s) 'dados_climaticos' retrieved from /opt/airflow/dags/dados_climaticos (1).py
[2025-03-09T17:53:13.833+0000] {logging_mixin.py:190} INFO - [2025-03-09T17:53:13.833+0000] {dag.py:3239} INFO - Sync 1 DAGs
[2025-03-09T17:53:13.859+0000] {logging_mixin.py:190} INFO - [2025-03-09T17:53:13.859+0000] {dag.py:4180} INFO - Setting next_dagrun for dados_climaticos to 2025-02-24 00:00:00+00:00, run_after=2025-03-03 00:00:00+00:00
[2025-03-09T17:53:13.891+0000] {processor.py:208} INFO - Processing /opt/airflow/dags/dados_climaticos (1).py took 0.115 seconds
[2025-03-09T17:53:45.325+0000] {processor.py:186} INFO - Started process (PID=1118) to work on /opt/airflow/dags/dados_climaticos (1).py
[2025-03-09T17:53:45.328+0000] {processor.py:914} INFO - Processing file /opt/airflow/dags/dados_climaticos (1).py for tasks to queue
[2025-03-09T17:53:45.330+0000] {logging_mixin.py:190} INFO - [2025-03-09T17:53:45.330+0000] {dagbag.py:588} INFO - Filling up the DagBag from /opt/airflow/dags/dados_climaticos (1).py
[2025-03-09T17:53:45.357+0000] {processor.py:925} INFO - DAG(s) 'dados_climaticos' retrieved from /opt/airflow/dags/dados_climaticos (1).py
[2025-03-09T17:53:45.377+0000] {logging_mixin.py:190} INFO - [2025-03-09T17:53:45.377+0000] {dag.py:3239} INFO - Sync 1 DAGs
[2025-03-09T17:53:45.405+0000] {logging_mixin.py:190} INFO - [2025-03-09T17:53:45.405+0000] {dag.py:4180} INFO - Setting next_dagrun for dados_climaticos to 2025-02-24 00:00:00+00:00, run_after=2025-03-03 00:00:00+00:00
[2025-03-09T17:53:45.438+0000] {processor.py:208} INFO - Processing /opt/airflow/dags/dados_climaticos (1).py took 0.120 seconds
[2025-03-09T17:54:16.750+0000] {processor.py:186} INFO - Started process (PID=1184) to work on /opt/airflow/dags/dados_climaticos (1).py
[2025-03-09T17:54:16.754+0000] {processor.py:914} INFO - Processing file /opt/airflow/dags/dados_climaticos (1).py for tasks to queue
[2025-03-09T17:54:16.760+0000] {logging_mixin.py:190} INFO - [2025-03-09T17:54:16.759+0000] {dagbag.py:588} INFO - Filling up the DagBag from /opt/airflow/dags/dados_climaticos (1).py
[2025-03-09T17:54:16.801+0000] {processor.py:925} INFO - DAG(s) 'dados_climaticos' retrieved from /opt/airflow/dags/dados_climaticos (1).py
[2025-03-09T17:54:16.844+0000] {logging_mixin.py:190} INFO - [2025-03-09T17:54:16.844+0000] {dag.py:3239} INFO - Sync 1 DAGs
[2025-03-09T17:54:16.892+0000] {logging_mixin.py:190} INFO - [2025-03-09T17:54:16.891+0000] {dag.py:4180} INFO - Setting next_dagrun for dados_climaticos to 2025-02-24 00:00:00+00:00, run_after=2025-03-03 00:00:00+00:00
[2025-03-09T17:54:16.962+0000] {processor.py:208} INFO - Processing /opt/airflow/dags/dados_climaticos (1).py took 0.225 seconds
[2025-03-09T17:54:48.043+0000] {processor.py:186} INFO - Started process (PID=1250) to work on /opt/airflow/dags/dados_climaticos (1).py
[2025-03-09T17:54:48.044+0000] {processor.py:914} INFO - Processing file /opt/airflow/dags/dados_climaticos (1).py for tasks to queue
[2025-03-09T17:54:48.046+0000] {logging_mixin.py:190} INFO - [2025-03-09T17:54:48.046+0000] {dagbag.py:588} INFO - Filling up the DagBag from /opt/airflow/dags/dados_climaticos (1).py
[2025-03-09T17:54:48.071+0000] {processor.py:925} INFO - DAG(s) 'dados_climaticos' retrieved from /opt/airflow/dags/dados_climaticos (1).py
[2025-03-09T17:54:48.103+0000] {logging_mixin.py:190} INFO - [2025-03-09T17:54:48.103+0000] {dag.py:3239} INFO - Sync 1 DAGs
[2025-03-09T17:54:48.140+0000] {logging_mixin.py:190} INFO - [2025-03-09T17:54:48.140+0000] {dag.py:4180} INFO - Setting next_dagrun for dados_climaticos to 2025-02-24 00:00:00+00:00, run_after=2025-03-03 00:00:00+00:00
[2025-03-09T17:54:48.167+0000] {processor.py:208} INFO - Processing /opt/airflow/dags/dados_climaticos (1).py took 0.131 seconds
[2025-03-09T17:55:19.266+0000] {processor.py:186} INFO - Started process (PID=1316) to work on /opt/airflow/dags/dados_climaticos (1).py
[2025-03-09T17:55:19.267+0000] {processor.py:914} INFO - Processing file /opt/airflow/dags/dados_climaticos (1).py for tasks to queue
[2025-03-09T17:55:19.270+0000] {logging_mixin.py:190} INFO - [2025-03-09T17:55:19.270+0000] {dagbag.py:588} INFO - Filling up the DagBag from /opt/airflow/dags/dados_climaticos (1).py
[2025-03-09T17:55:19.292+0000] {processor.py:925} INFO - DAG(s) 'dados_climaticos' retrieved from /opt/airflow/dags/dados_climaticos (1).py
[2025-03-09T17:55:19.312+0000] {logging_mixin.py:190} INFO - [2025-03-09T17:55:19.312+0000] {dag.py:3239} INFO - Sync 1 DAGs
[2025-03-09T17:55:19.340+0000] {logging_mixin.py:190} INFO - [2025-03-09T17:55:19.340+0000] {dag.py:4180} INFO - Setting next_dagrun for dados_climaticos to 2025-02-24 00:00:00+00:00, run_after=2025-03-03 00:00:00+00:00
[2025-03-09T17:55:19.366+0000] {processor.py:208} INFO - Processing /opt/airflow/dags/dados_climaticos (1).py took 0.106 seconds
[2025-03-09T17:55:50.635+0000] {processor.py:186} INFO - Started process (PID=1382) to work on /opt/airflow/dags/dados_climaticos (1).py
[2025-03-09T17:55:50.636+0000] {processor.py:914} INFO - Processing file /opt/airflow/dags/dados_climaticos (1).py for tasks to queue
[2025-03-09T17:55:50.641+0000] {logging_mixin.py:190} INFO - [2025-03-09T17:55:50.640+0000] {dagbag.py:588} INFO - Filling up the DagBag from /opt/airflow/dags/dados_climaticos (1).py
[2025-03-09T17:55:50.675+0000] {processor.py:925} INFO - DAG(s) 'dados_climaticos' retrieved from /opt/airflow/dags/dados_climaticos (1).py
[2025-03-09T17:55:50.744+0000] {logging_mixin.py:190} INFO - [2025-03-09T17:55:50.743+0000] {dag.py:3239} INFO - Sync 1 DAGs
[2025-03-09T17:55:50.787+0000] {logging_mixin.py:190} INFO - [2025-03-09T17:55:50.787+0000] {dag.py:4180} INFO - Setting next_dagrun for dados_climaticos to 2025-02-24 00:00:00+00:00, run_after=2025-03-03 00:00:00+00:00
[2025-03-09T17:55:50.821+0000] {processor.py:208} INFO - Processing /opt/airflow/dags/dados_climaticos (1).py took 0.198 seconds
[2025-03-09T17:56:21.755+0000] {processor.py:186} INFO - Started process (PID=1448) to work on /opt/airflow/dags/dados_climaticos (1).py
[2025-03-09T17:56:21.757+0000] {processor.py:914} INFO - Processing file /opt/airflow/dags/dados_climaticos (1).py for tasks to queue
[2025-03-09T17:56:21.762+0000] {logging_mixin.py:190} INFO - [2025-03-09T17:56:21.762+0000] {dagbag.py:588} INFO - Filling up the DagBag from /opt/airflow/dags/dados_climaticos (1).py
[2025-03-09T17:56:21.794+0000] {processor.py:925} INFO - DAG(s) 'dados_climaticos' retrieved from /opt/airflow/dags/dados_climaticos (1).py
[2025-03-09T17:56:21.832+0000] {logging_mixin.py:190} INFO - [2025-03-09T17:56:21.831+0000] {dag.py:3239} INFO - Sync 1 DAGs
[2025-03-09T17:56:21.877+0000] {logging_mixin.py:190} INFO - [2025-03-09T17:56:21.876+0000] {dag.py:4180} INFO - Setting next_dagrun for dados_climaticos to 2025-02-24 00:00:00+00:00, run_after=2025-03-03 00:00:00+00:00
[2025-03-09T17:56:21.927+0000] {processor.py:208} INFO - Processing /opt/airflow/dags/dados_climaticos (1).py took 0.183 seconds
[2025-03-09T17:56:53.325+0000] {processor.py:186} INFO - Started process (PID=1514) to work on /opt/airflow/dags/dados_climaticos (1).py
[2025-03-09T17:56:53.327+0000] {processor.py:914} INFO - Processing file /opt/airflow/dags/dados_climaticos (1).py for tasks to queue
[2025-03-09T17:56:53.334+0000] {logging_mixin.py:190} INFO - [2025-03-09T17:56:53.334+0000] {dagbag.py:588} INFO - Filling up the DagBag from /opt/airflow/dags/dados_climaticos (1).py
[2025-03-09T17:56:53.362+0000] {processor.py:925} INFO - DAG(s) 'dados_climaticos' retrieved from /opt/airflow/dags/dados_climaticos (1).py
[2025-03-09T17:56:53.385+0000] {logging_mixin.py:190} INFO - [2025-03-09T17:56:53.384+0000] {dag.py:3239} INFO - Sync 1 DAGs
[2025-03-09T17:56:53.428+0000] {logging_mixin.py:190} INFO - [2025-03-09T17:56:53.427+0000] {dag.py:4180} INFO - Setting next_dagrun for dados_climaticos to 2025-02-24 00:00:00+00:00, run_after=2025-03-03 00:00:00+00:00
[2025-03-09T17:56:53.454+0000] {processor.py:208} INFO - Processing /opt/airflow/dags/dados_climaticos (1).py took 0.140 seconds
[2025-03-09T17:57:25.066+0000] {processor.py:186} INFO - Started process (PID=1580) to work on /opt/airflow/dags/dados_climaticos (1).py
[2025-03-09T17:57:25.083+0000] {processor.py:914} INFO - Processing file /opt/airflow/dags/dados_climaticos (1).py for tasks to queue
[2025-03-09T17:57:25.087+0000] {logging_mixin.py:190} INFO - [2025-03-09T17:57:25.087+0000] {dagbag.py:588} INFO - Filling up the DagBag from /opt/airflow/dags/dados_climaticos (1).py
[2025-03-09T17:57:25.132+0000] {processor.py:925} INFO - DAG(s) 'dados_climaticos' retrieved from /opt/airflow/dags/dados_climaticos (1).py
[2025-03-09T17:57:25.168+0000] {logging_mixin.py:190} INFO - [2025-03-09T17:57:25.167+0000] {dag.py:3239} INFO - Sync 1 DAGs
[2025-03-09T17:57:25.234+0000] {logging_mixin.py:190} INFO - [2025-03-09T17:57:25.234+0000] {dag.py:4180} INFO - Setting next_dagrun for dados_climaticos to 2025-02-24 00:00:00+00:00, run_after=2025-03-03 00:00:00+00:00
[2025-03-09T17:57:25.293+0000] {processor.py:208} INFO - Processing /opt/airflow/dags/dados_climaticos (1).py took 0.238 seconds
[2025-03-09T17:57:55.514+0000] {processor.py:186} INFO - Started process (PID=1649) to work on /opt/airflow/dags/dados_climaticos (1).py
[2025-03-09T17:57:55.515+0000] {processor.py:914} INFO - Processing file /opt/airflow/dags/dados_climaticos (1).py for tasks to queue
[2025-03-09T17:57:55.517+0000] {logging_mixin.py:190} INFO - [2025-03-09T17:57:55.517+0000] {dagbag.py:588} INFO - Filling up the DagBag from /opt/airflow/dags/dados_climaticos (1).py
[2025-03-09T17:57:55.537+0000] {processor.py:925} INFO - DAG(s) 'dados_climaticos' retrieved from /opt/airflow/dags/dados_climaticos (1).py
[2025-03-09T17:57:55.558+0000] {logging_mixin.py:190} INFO - [2025-03-09T17:57:55.558+0000] {dag.py:3239} INFO - Sync 1 DAGs
[2025-03-09T17:57:55.584+0000] {logging_mixin.py:190} INFO - [2025-03-09T17:57:55.583+0000] {dag.py:4180} INFO - Setting next_dagrun for dados_climaticos to 2025-02-24 00:00:00+00:00, run_after=2025-03-03 00:00:00+00:00
[2025-03-09T17:57:55.615+0000] {processor.py:208} INFO - Processing /opt/airflow/dags/dados_climaticos (1).py took 0.108 seconds
[2025-03-09T17:58:26.087+0000] {processor.py:186} INFO - Started process (PID=1715) to work on /opt/airflow/dags/dados_climaticos (1).py
[2025-03-09T17:58:26.090+0000] {processor.py:914} INFO - Processing file /opt/airflow/dags/dados_climaticos (1).py for tasks to queue
[2025-03-09T17:58:26.098+0000] {logging_mixin.py:190} INFO - [2025-03-09T17:58:26.097+0000] {dagbag.py:588} INFO - Filling up the DagBag from /opt/airflow/dags/dados_climaticos (1).py
[2025-03-09T17:58:26.132+0000] {processor.py:925} INFO - DAG(s) 'dados_climaticos' retrieved from /opt/airflow/dags/dados_climaticos (1).py
[2025-03-09T17:58:26.194+0000] {logging_mixin.py:190} INFO - [2025-03-09T17:58:26.182+0000] {dag.py:3239} INFO - Sync 1 DAGs
[2025-03-09T17:58:26.244+0000] {logging_mixin.py:190} INFO - [2025-03-09T17:58:26.244+0000] {dag.py:4180} INFO - Setting next_dagrun for dados_climaticos to 2025-02-24 00:00:00+00:00, run_after=2025-03-03 00:00:00+00:00
[2025-03-09T17:58:26.281+0000] {processor.py:208} INFO - Processing /opt/airflow/dags/dados_climaticos (1).py took 0.204 seconds
[2025-03-09T17:58:56.878+0000] {processor.py:186} INFO - Started process (PID=1781) to work on /opt/airflow/dags/dados_climaticos (1).py
[2025-03-09T17:58:56.879+0000] {processor.py:914} INFO - Processing file /opt/airflow/dags/dados_climaticos (1).py for tasks to queue
[2025-03-09T17:58:56.881+0000] {logging_mixin.py:190} INFO - [2025-03-09T17:58:56.881+0000] {dagbag.py:588} INFO - Filling up the DagBag from /opt/airflow/dags/dados_climaticos (1).py
[2025-03-09T17:58:56.900+0000] {processor.py:925} INFO - DAG(s) 'dados_climaticos' retrieved from /opt/airflow/dags/dados_climaticos (1).py
[2025-03-09T17:58:56.922+0000] {logging_mixin.py:190} INFO - [2025-03-09T17:58:56.922+0000] {dag.py:3239} INFO - Sync 1 DAGs
[2025-03-09T17:58:56.948+0000] {logging_mixin.py:190} INFO - [2025-03-09T17:58:56.947+0000] {dag.py:4180} INFO - Setting next_dagrun for dados_climaticos to 2025-02-24 00:00:00+00:00, run_after=2025-03-03 00:00:00+00:00
[2025-03-09T17:58:56.988+0000] {processor.py:208} INFO - Processing /opt/airflow/dags/dados_climaticos (1).py took 0.116 seconds
[2025-03-09T17:59:27.366+0000] {processor.py:186} INFO - Started process (PID=1847) to work on /opt/airflow/dags/dados_climaticos (1).py
[2025-03-09T17:59:27.367+0000] {processor.py:914} INFO - Processing file /opt/airflow/dags/dados_climaticos (1).py for tasks to queue
[2025-03-09T17:59:27.371+0000] {logging_mixin.py:190} INFO - [2025-03-09T17:59:27.371+0000] {dagbag.py:588} INFO - Filling up the DagBag from /opt/airflow/dags/dados_climaticos (1).py
[2025-03-09T17:59:27.392+0000] {processor.py:925} INFO - DAG(s) 'dados_climaticos' retrieved from /opt/airflow/dags/dados_climaticos (1).py
[2025-03-09T17:59:27.414+0000] {logging_mixin.py:190} INFO - [2025-03-09T17:59:27.414+0000] {dag.py:3239} INFO - Sync 1 DAGs
[2025-03-09T17:59:27.477+0000] {logging_mixin.py:190} INFO - [2025-03-09T17:59:27.477+0000] {dag.py:4180} INFO - Setting next_dagrun for dados_climaticos to 2025-02-24 00:00:00+00:00, run_after=2025-03-03 00:00:00+00:00
[2025-03-09T17:59:27.512+0000] {processor.py:208} INFO - Processing /opt/airflow/dags/dados_climaticos (1).py took 0.151 seconds
[2025-03-09T17:59:57.966+0000] {processor.py:186} INFO - Started process (PID=1913) to work on /opt/airflow/dags/dados_climaticos (1).py
[2025-03-09T17:59:57.968+0000] {processor.py:914} INFO - Processing file /opt/airflow/dags/dados_climaticos (1).py for tasks to queue
[2025-03-09T17:59:57.973+0000] {logging_mixin.py:190} INFO - [2025-03-09T17:59:57.973+0000] {dagbag.py:588} INFO - Filling up the DagBag from /opt/airflow/dags/dados_climaticos (1).py
[2025-03-09T17:59:58.014+0000] {processor.py:925} INFO - DAG(s) 'dados_climaticos' retrieved from /opt/airflow/dags/dados_climaticos (1).py
[2025-03-09T17:59:58.064+0000] {logging_mixin.py:190} INFO - [2025-03-09T17:59:58.064+0000] {dag.py:3239} INFO - Sync 1 DAGs
[2025-03-09T17:59:58.111+0000] {logging_mixin.py:190} INFO - [2025-03-09T17:59:58.111+0000] {dag.py:4180} INFO - Setting next_dagrun for dados_climaticos to 2025-02-24 00:00:00+00:00, run_after=2025-03-03 00:00:00+00:00
[2025-03-09T17:59:58.147+0000] {processor.py:208} INFO - Processing /opt/airflow/dags/dados_climaticos (1).py took 0.191 seconds
[2025-03-09T18:00:28.216+0000] {processor.py:186} INFO - Started process (PID=1979) to work on /opt/airflow/dags/dados_climaticos (1).py
[2025-03-09T18:00:28.218+0000] {processor.py:914} INFO - Processing file /opt/airflow/dags/dados_climaticos (1).py for tasks to queue
[2025-03-09T18:00:28.221+0000] {logging_mixin.py:190} INFO - [2025-03-09T18:00:28.221+0000] {dagbag.py:588} INFO - Filling up the DagBag from /opt/airflow/dags/dados_climaticos (1).py
[2025-03-09T18:00:28.242+0000] {processor.py:925} INFO - DAG(s) 'dados_climaticos' retrieved from /opt/airflow/dags/dados_climaticos (1).py
[2025-03-09T18:00:28.262+0000] {logging_mixin.py:190} INFO - [2025-03-09T18:00:28.262+0000] {dag.py:3239} INFO - Sync 1 DAGs
[2025-03-09T18:00:28.285+0000] {logging_mixin.py:190} INFO - [2025-03-09T18:00:28.285+0000] {dag.py:4180} INFO - Setting next_dagrun for dados_climaticos to 2025-02-24 00:00:00+00:00, run_after=2025-03-03 00:00:00+00:00
[2025-03-09T18:00:28.307+0000] {processor.py:208} INFO - Processing /opt/airflow/dags/dados_climaticos (1).py took 0.100 seconds
[2025-03-09T18:00:58.697+0000] {processor.py:186} INFO - Started process (PID=2045) to work on /opt/airflow/dags/dados_climaticos (1).py
[2025-03-09T18:00:58.699+0000] {processor.py:914} INFO - Processing file /opt/airflow/dags/dados_climaticos (1).py for tasks to queue
[2025-03-09T18:00:58.703+0000] {logging_mixin.py:190} INFO - [2025-03-09T18:00:58.702+0000] {dagbag.py:588} INFO - Filling up the DagBag from /opt/airflow/dags/dados_climaticos (1).py
[2025-03-09T18:00:58.727+0000] {processor.py:925} INFO - DAG(s) 'dados_climaticos' retrieved from /opt/airflow/dags/dados_climaticos (1).py
[2025-03-09T18:00:58.748+0000] {logging_mixin.py:190} INFO - [2025-03-09T18:00:58.747+0000] {dag.py:3239} INFO - Sync 1 DAGs
[2025-03-09T18:00:58.774+0000] {logging_mixin.py:190} INFO - [2025-03-09T18:00:58.774+0000] {dag.py:4180} INFO - Setting next_dagrun for dados_climaticos to 2025-02-24 00:00:00+00:00, run_after=2025-03-03 00:00:00+00:00
[2025-03-09T18:00:58.801+0000] {processor.py:208} INFO - Processing /opt/airflow/dags/dados_climaticos (1).py took 0.109 seconds
[2025-03-09T18:01:28.849+0000] {processor.py:186} INFO - Started process (PID=2111) to work on /opt/airflow/dags/dados_climaticos (1).py
[2025-03-09T18:01:28.850+0000] {processor.py:914} INFO - Processing file /opt/airflow/dags/dados_climaticos (1).py for tasks to queue
[2025-03-09T18:01:28.852+0000] {logging_mixin.py:190} INFO - [2025-03-09T18:01:28.852+0000] {dagbag.py:588} INFO - Filling up the DagBag from /opt/airflow/dags/dados_climaticos (1).py
[2025-03-09T18:01:28.870+0000] {processor.py:925} INFO - DAG(s) 'dados_climaticos' retrieved from /opt/airflow/dags/dados_climaticos (1).py
[2025-03-09T18:01:28.889+0000] {logging_mixin.py:190} INFO - [2025-03-09T18:01:28.888+0000] {dag.py:3239} INFO - Sync 1 DAGs
[2025-03-09T18:01:28.913+0000] {logging_mixin.py:190} INFO - [2025-03-09T18:01:28.912+0000] {dag.py:4180} INFO - Setting next_dagrun for dados_climaticos to 2025-02-24 00:00:00+00:00, run_after=2025-03-03 00:00:00+00:00
[2025-03-09T18:01:28.939+0000] {processor.py:208} INFO - Processing /opt/airflow/dags/dados_climaticos (1).py took 0.095 seconds
[2025-03-09T18:01:59.136+0000] {processor.py:186} INFO - Started process (PID=2177) to work on /opt/airflow/dags/dados_climaticos (1).py
[2025-03-09T18:01:59.137+0000] {processor.py:914} INFO - Processing file /opt/airflow/dags/dados_climaticos (1).py for tasks to queue
[2025-03-09T18:01:59.140+0000] {logging_mixin.py:190} INFO - [2025-03-09T18:01:59.140+0000] {dagbag.py:588} INFO - Filling up the DagBag from /opt/airflow/dags/dados_climaticos (1).py
[2025-03-09T18:01:59.160+0000] {processor.py:925} INFO - DAG(s) 'dados_climaticos' retrieved from /opt/airflow/dags/dados_climaticos (1).py
[2025-03-09T18:01:59.180+0000] {logging_mixin.py:190} INFO - [2025-03-09T18:01:59.180+0000] {dag.py:3239} INFO - Sync 1 DAGs
[2025-03-09T18:01:59.203+0000] {logging_mixin.py:190} INFO - [2025-03-09T18:01:59.203+0000] {dag.py:4180} INFO - Setting next_dagrun for dados_climaticos to 2025-02-24 00:00:00+00:00, run_after=2025-03-03 00:00:00+00:00
[2025-03-09T18:01:59.228+0000] {processor.py:208} INFO - Processing /opt/airflow/dags/dados_climaticos (1).py took 0.097 seconds
[2025-03-09T18:02:29.967+0000] {processor.py:186} INFO - Started process (PID=2243) to work on /opt/airflow/dags/dados_climaticos (1).py
[2025-03-09T18:02:29.968+0000] {processor.py:914} INFO - Processing file /opt/airflow/dags/dados_climaticos (1).py for tasks to queue
[2025-03-09T18:02:29.971+0000] {logging_mixin.py:190} INFO - [2025-03-09T18:02:29.970+0000] {dagbag.py:588} INFO - Filling up the DagBag from /opt/airflow/dags/dados_climaticos (1).py
[2025-03-09T18:02:29.999+0000] {processor.py:925} INFO - DAG(s) 'dados_climaticos' retrieved from /opt/airflow/dags/dados_climaticos (1).py
[2025-03-09T18:02:30.021+0000] {logging_mixin.py:190} INFO - [2025-03-09T18:02:30.021+0000] {dag.py:3239} INFO - Sync 1 DAGs
[2025-03-09T18:02:30.048+0000] {logging_mixin.py:190} INFO - [2025-03-09T18:02:30.047+0000] {dag.py:4180} INFO - Setting next_dagrun for dados_climaticos to 2025-02-24 00:00:00+00:00, run_after=2025-03-03 00:00:00+00:00
[2025-03-09T18:02:30.092+0000] {processor.py:208} INFO - Processing /opt/airflow/dags/dados_climaticos (1).py took 0.130 seconds
[2025-03-09T18:03:00.376+0000] {processor.py:186} INFO - Started process (PID=2309) to work on /opt/airflow/dags/dados_climaticos (1).py
[2025-03-09T18:03:00.377+0000] {processor.py:914} INFO - Processing file /opt/airflow/dags/dados_climaticos (1).py for tasks to queue
[2025-03-09T18:03:00.381+0000] {logging_mixin.py:190} INFO - [2025-03-09T18:03:00.380+0000] {dagbag.py:588} INFO - Filling up the DagBag from /opt/airflow/dags/dados_climaticos (1).py
[2025-03-09T18:03:00.404+0000] {processor.py:925} INFO - DAG(s) 'dados_climaticos' retrieved from /opt/airflow/dags/dados_climaticos (1).py
[2025-03-09T18:03:00.429+0000] {logging_mixin.py:190} INFO - [2025-03-09T18:03:00.429+0000] {dag.py:3239} INFO - Sync 1 DAGs
[2025-03-09T18:03:00.462+0000] {logging_mixin.py:190} INFO - [2025-03-09T18:03:00.461+0000] {dag.py:4180} INFO - Setting next_dagrun for dados_climaticos to 2025-02-24 00:00:00+00:00, run_after=2025-03-03 00:00:00+00:00
[2025-03-09T18:03:00.491+0000] {processor.py:208} INFO - Processing /opt/airflow/dags/dados_climaticos (1).py took 0.123 seconds
[2025-03-09T18:03:31.316+0000] {processor.py:186} INFO - Started process (PID=2375) to work on /opt/airflow/dags/dados_climaticos (1).py
[2025-03-09T18:03:31.319+0000] {processor.py:914} INFO - Processing file /opt/airflow/dags/dados_climaticos (1).py for tasks to queue
[2025-03-09T18:03:31.323+0000] {logging_mixin.py:190} INFO - [2025-03-09T18:03:31.322+0000] {dagbag.py:588} INFO - Filling up the DagBag from /opt/airflow/dags/dados_climaticos (1).py
[2025-03-09T18:03:31.356+0000] {processor.py:925} INFO - DAG(s) 'dados_climaticos' retrieved from /opt/airflow/dags/dados_climaticos (1).py
[2025-03-09T18:03:31.385+0000] {logging_mixin.py:190} INFO - [2025-03-09T18:03:31.384+0000] {dag.py:3239} INFO - Sync 1 DAGs
[2025-03-09T18:03:31.428+0000] {logging_mixin.py:190} INFO - [2025-03-09T18:03:31.427+0000] {dag.py:4180} INFO - Setting next_dagrun for dados_climaticos to 2025-02-24 00:00:00+00:00, run_after=2025-03-03 00:00:00+00:00
[2025-03-09T18:03:31.469+0000] {processor.py:208} INFO - Processing /opt/airflow/dags/dados_climaticos (1).py took 0.167 seconds
[2025-03-09T18:04:03.212+0000] {processor.py:186} INFO - Started process (PID=2441) to work on /opt/airflow/dags/dados_climaticos (1).py
[2025-03-09T18:04:03.213+0000] {processor.py:914} INFO - Processing file /opt/airflow/dags/dados_climaticos (1).py for tasks to queue
[2025-03-09T18:04:03.215+0000] {logging_mixin.py:190} INFO - [2025-03-09T18:04:03.215+0000] {dagbag.py:588} INFO - Filling up the DagBag from /opt/airflow/dags/dados_climaticos (1).py
[2025-03-09T18:04:03.233+0000] {processor.py:925} INFO - DAG(s) 'dados_climaticos' retrieved from /opt/airflow/dags/dados_climaticos (1).py
[2025-03-09T18:04:03.254+0000] {logging_mixin.py:190} INFO - [2025-03-09T18:04:03.254+0000] {dag.py:3239} INFO - Sync 1 DAGs
[2025-03-09T18:04:03.278+0000] {logging_mixin.py:190} INFO - [2025-03-09T18:04:03.277+0000] {dag.py:4180} INFO - Setting next_dagrun for dados_climaticos to 2025-02-24 00:00:00+00:00, run_after=2025-03-03 00:00:00+00:00
[2025-03-09T18:04:03.302+0000] {processor.py:208} INFO - Processing /opt/airflow/dags/dados_climaticos (1).py took 0.094 seconds
[2025-03-09T18:04:33.803+0000] {processor.py:186} INFO - Started process (PID=2493) to work on /opt/airflow/dags/dados_climaticos (1).py
[2025-03-09T18:04:33.804+0000] {processor.py:914} INFO - Processing file /opt/airflow/dags/dados_climaticos (1).py for tasks to queue
[2025-03-09T18:04:33.807+0000] {logging_mixin.py:190} INFO - [2025-03-09T18:04:33.807+0000] {dagbag.py:588} INFO - Filling up the DagBag from /opt/airflow/dags/dados_climaticos (1).py
[2025-03-09T18:04:33.831+0000] {processor.py:925} INFO - DAG(s) 'dados_climaticos' retrieved from /opt/airflow/dags/dados_climaticos (1).py
[2025-03-09T18:04:33.852+0000] {logging_mixin.py:190} INFO - [2025-03-09T18:04:33.851+0000] {dag.py:3239} INFO - Sync 1 DAGs
[2025-03-09T18:04:33.878+0000] {logging_mixin.py:190} INFO - [2025-03-09T18:04:33.877+0000] {dag.py:4180} INFO - Setting next_dagrun for dados_climaticos to 2025-02-24 00:00:00+00:00, run_after=2025-03-03 00:00:00+00:00
[2025-03-09T18:04:33.907+0000] {processor.py:208} INFO - Processing /opt/airflow/dags/dados_climaticos (1).py took 0.109 seconds
[2025-03-09T18:05:05.030+0000] {processor.py:186} INFO - Started process (PID=2556) to work on /opt/airflow/dags/dados_climaticos (1).py
[2025-03-09T18:05:05.031+0000] {processor.py:914} INFO - Processing file /opt/airflow/dags/dados_climaticos (1).py for tasks to queue
[2025-03-09T18:05:05.035+0000] {logging_mixin.py:190} INFO - [2025-03-09T18:05:05.035+0000] {dagbag.py:588} INFO - Filling up the DagBag from /opt/airflow/dags/dados_climaticos (1).py
[2025-03-09T18:05:05.056+0000] {processor.py:925} INFO - DAG(s) 'dados_climaticos' retrieved from /opt/airflow/dags/dados_climaticos (1).py
[2025-03-09T18:05:05.086+0000] {logging_mixin.py:190} INFO - [2025-03-09T18:05:05.086+0000] {dag.py:3239} INFO - Sync 1 DAGs
[2025-03-09T18:05:05.119+0000] {logging_mixin.py:190} INFO - [2025-03-09T18:05:05.118+0000] {dag.py:4180} INFO - Setting next_dagrun for dados_climaticos to 2025-02-24 00:00:00+00:00, run_after=2025-03-03 00:00:00+00:00
[2025-03-09T18:05:05.145+0000] {processor.py:208} INFO - Processing /opt/airflow/dags/dados_climaticos (1).py took 0.124 seconds
