[2025-02-06T00:44:35.900+0000] {processor.py:186} INFO - Started process (PID=90) to work on /home/airflow/.local/lib/python3.12/site-packages/airflow/example_dags/example_latest_only.py
[2025-02-06T00:44:35.901+0000] {processor.py:914} INFO - Processing file /home/airflow/.local/lib/python3.12/site-packages/airflow/example_dags/example_latest_only.py for tasks to queue
[2025-02-06T00:44:35.903+0000] {logging_mixin.py:190} INFO - [2025-02-06T00:44:35.903+0000] {dagbag.py:588} INFO - Filling up the DagBag from /home/airflow/.local/lib/python3.12/site-packages/airflow/example_dags/example_latest_only.py
[2025-02-06T00:44:35.912+0000] {processor.py:925} INFO - DAG(s) 'latest_only' retrieved from /home/airflow/.local/lib/python3.12/site-packages/airflow/example_dags/example_latest_only.py
[2025-02-06T00:44:36.019+0000] {logging_mixin.py:190} INFO - [2025-02-06T00:44:36.019+0000] {override.py:1911} INFO - Created Permission View: can delete on DAG:latest_only
[2025-02-06T00:44:36.035+0000] {logging_mixin.py:190} INFO - [2025-02-06T00:44:36.035+0000] {override.py:1911} INFO - Created Permission View: can edit on DAG:latest_only
[2025-02-06T00:44:36.049+0000] {logging_mixin.py:190} INFO - [2025-02-06T00:44:36.049+0000] {override.py:1911} INFO - Created Permission View: can read on DAG:latest_only
[2025-02-06T00:44:36.062+0000] {logging_mixin.py:190} INFO - [2025-02-06T00:44:36.062+0000] {override.py:1911} INFO - Created Permission View: menu access on DAG Run:latest_only
[2025-02-06T00:44:36.074+0000] {logging_mixin.py:190} INFO - [2025-02-06T00:44:36.073+0000] {override.py:1911} INFO - Created Permission View: can delete on DAG Run:latest_only
[2025-02-06T00:44:36.084+0000] {logging_mixin.py:190} INFO - [2025-02-06T00:44:36.084+0000] {override.py:1911} INFO - Created Permission View: can read on DAG Run:latest_only
[2025-02-06T00:44:36.094+0000] {logging_mixin.py:190} INFO - [2025-02-06T00:44:36.094+0000] {override.py:1911} INFO - Created Permission View: can create on DAG Run:latest_only
[2025-02-06T00:44:36.095+0000] {logging_mixin.py:190} INFO - [2025-02-06T00:44:36.095+0000] {dag.py:3239} INFO - Sync 1 DAGs
[2025-02-06T00:44:36.105+0000] {logging_mixin.py:190} INFO - [2025-02-06T00:44:36.105+0000] {dag.py:3262} INFO - Creating ORM DAG for latest_only
[2025-02-06T00:44:36.114+0000] {logging_mixin.py:190} INFO - [2025-02-06T00:44:36.114+0000] {dag.py:4180} INFO - Setting next_dagrun for latest_only to 2025-02-05 20:00:00+00:00, run_after=2025-02-06 00:00:00+00:00
[2025-02-06T00:44:36.134+0000] {processor.py:208} INFO - Processing /home/airflow/.local/lib/python3.12/site-packages/airflow/example_dags/example_latest_only.py took 0.239 seconds
[2025-02-06T00:45:06.313+0000] {processor.py:186} INFO - Started process (PID=153) to work on /home/airflow/.local/lib/python3.12/site-packages/airflow/example_dags/example_latest_only.py
[2025-02-06T00:45:06.314+0000] {processor.py:914} INFO - Processing file /home/airflow/.local/lib/python3.12/site-packages/airflow/example_dags/example_latest_only.py for tasks to queue
[2025-02-06T00:45:06.316+0000] {logging_mixin.py:190} INFO - [2025-02-06T00:45:06.316+0000] {dagbag.py:588} INFO - Filling up the DagBag from /home/airflow/.local/lib/python3.12/site-packages/airflow/example_dags/example_latest_only.py
[2025-02-06T00:45:06.322+0000] {processor.py:925} INFO - DAG(s) 'latest_only' retrieved from /home/airflow/.local/lib/python3.12/site-packages/airflow/example_dags/example_latest_only.py
[2025-02-06T00:45:06.338+0000] {logging_mixin.py:190} INFO - [2025-02-06T00:45:06.338+0000] {dag.py:3239} INFO - Sync 1 DAGs
[2025-02-06T00:45:06.358+0000] {logging_mixin.py:190} INFO - [2025-02-06T00:45:06.358+0000] {dag.py:4180} INFO - Setting next_dagrun for latest_only to 2025-02-05 20:00:00+00:00, run_after=2025-02-06 00:00:00+00:00
[2025-02-06T00:45:06.376+0000] {processor.py:208} INFO - Processing /home/airflow/.local/lib/python3.12/site-packages/airflow/example_dags/example_latest_only.py took 0.067 seconds
[2025-02-06T00:45:36.962+0000] {processor.py:186} INFO - Started process (PID=215) to work on /home/airflow/.local/lib/python3.12/site-packages/airflow/example_dags/example_latest_only.py
[2025-02-06T00:45:36.963+0000] {processor.py:914} INFO - Processing file /home/airflow/.local/lib/python3.12/site-packages/airflow/example_dags/example_latest_only.py for tasks to queue
[2025-02-06T00:45:36.966+0000] {logging_mixin.py:190} INFO - [2025-02-06T00:45:36.965+0000] {dagbag.py:588} INFO - Filling up the DagBag from /home/airflow/.local/lib/python3.12/site-packages/airflow/example_dags/example_latest_only.py
[2025-02-06T00:45:36.972+0000] {processor.py:925} INFO - DAG(s) 'latest_only' retrieved from /home/airflow/.local/lib/python3.12/site-packages/airflow/example_dags/example_latest_only.py
[2025-02-06T00:45:36.991+0000] {logging_mixin.py:190} INFO - [2025-02-06T00:45:36.991+0000] {dag.py:3239} INFO - Sync 1 DAGs
[2025-02-06T00:45:37.016+0000] {logging_mixin.py:190} INFO - [2025-02-06T00:45:37.015+0000] {dag.py:4180} INFO - Setting next_dagrun for latest_only to 2025-02-05 20:00:00+00:00, run_after=2025-02-06 00:00:00+00:00
[2025-02-06T00:45:37.043+0000] {processor.py:208} INFO - Processing /home/airflow/.local/lib/python3.12/site-packages/airflow/example_dags/example_latest_only.py took 0.086 seconds
[2025-02-06T00:46:08.249+0000] {processor.py:186} INFO - Started process (PID=278) to work on /home/airflow/.local/lib/python3.12/site-packages/airflow/example_dags/example_latest_only.py
[2025-02-06T00:46:08.250+0000] {processor.py:914} INFO - Processing file /home/airflow/.local/lib/python3.12/site-packages/airflow/example_dags/example_latest_only.py for tasks to queue
[2025-02-06T00:46:08.253+0000] {logging_mixin.py:190} INFO - [2025-02-06T00:46:08.252+0000] {dagbag.py:588} INFO - Filling up the DagBag from /home/airflow/.local/lib/python3.12/site-packages/airflow/example_dags/example_latest_only.py
[2025-02-06T00:46:08.258+0000] {processor.py:925} INFO - DAG(s) 'latest_only' retrieved from /home/airflow/.local/lib/python3.12/site-packages/airflow/example_dags/example_latest_only.py
[2025-02-06T00:46:08.275+0000] {logging_mixin.py:190} INFO - [2025-02-06T00:46:08.275+0000] {dag.py:3239} INFO - Sync 1 DAGs
[2025-02-06T00:46:08.295+0000] {logging_mixin.py:190} INFO - [2025-02-06T00:46:08.295+0000] {dag.py:4180} INFO - Setting next_dagrun for latest_only to 2025-02-05 20:00:00+00:00, run_after=2025-02-06 00:00:00+00:00
[2025-02-06T00:46:08.316+0000] {processor.py:208} INFO - Processing /home/airflow/.local/lib/python3.12/site-packages/airflow/example_dags/example_latest_only.py took 0.071 seconds
[2025-02-06T00:46:39.436+0000] {processor.py:186} INFO - Started process (PID=336) to work on /home/airflow/.local/lib/python3.12/site-packages/airflow/example_dags/example_latest_only.py
[2025-02-06T00:46:39.439+0000] {processor.py:914} INFO - Processing file /home/airflow/.local/lib/python3.12/site-packages/airflow/example_dags/example_latest_only.py for tasks to queue
[2025-02-06T00:46:39.443+0000] {logging_mixin.py:190} INFO - [2025-02-06T00:46:39.442+0000] {dagbag.py:588} INFO - Filling up the DagBag from /home/airflow/.local/lib/python3.12/site-packages/airflow/example_dags/example_latest_only.py
[2025-02-06T00:46:39.452+0000] {processor.py:925} INFO - DAG(s) 'latest_only' retrieved from /home/airflow/.local/lib/python3.12/site-packages/airflow/example_dags/example_latest_only.py
[2025-02-06T00:46:39.472+0000] {logging_mixin.py:190} INFO - [2025-02-06T00:46:39.472+0000] {dag.py:3239} INFO - Sync 1 DAGs
[2025-02-06T00:46:39.495+0000] {logging_mixin.py:190} INFO - [2025-02-06T00:46:39.495+0000] {dag.py:4180} INFO - Setting next_dagrun for latest_only to 2025-02-05 20:00:00+00:00, run_after=2025-02-06 00:00:00+00:00
[2025-02-06T00:46:39.520+0000] {processor.py:208} INFO - Processing /home/airflow/.local/lib/python3.12/site-packages/airflow/example_dags/example_latest_only.py took 0.091 seconds
[2025-02-06T00:47:10.495+0000] {processor.py:186} INFO - Started process (PID=399) to work on /home/airflow/.local/lib/python3.12/site-packages/airflow/example_dags/example_latest_only.py
[2025-02-06T00:47:10.498+0000] {processor.py:914} INFO - Processing file /home/airflow/.local/lib/python3.12/site-packages/airflow/example_dags/example_latest_only.py for tasks to queue
[2025-02-06T00:47:10.503+0000] {logging_mixin.py:190} INFO - [2025-02-06T00:47:10.502+0000] {dagbag.py:588} INFO - Filling up the DagBag from /home/airflow/.local/lib/python3.12/site-packages/airflow/example_dags/example_latest_only.py
[2025-02-06T00:47:10.508+0000] {processor.py:925} INFO - DAG(s) 'latest_only' retrieved from /home/airflow/.local/lib/python3.12/site-packages/airflow/example_dags/example_latest_only.py
[2025-02-06T00:47:10.525+0000] {logging_mixin.py:190} INFO - [2025-02-06T00:47:10.525+0000] {dag.py:3239} INFO - Sync 1 DAGs
[2025-02-06T00:47:10.576+0000] {logging_mixin.py:190} INFO - [2025-02-06T00:47:10.575+0000] {dag.py:4180} INFO - Setting next_dagrun for latest_only to 2025-02-05 20:00:00+00:00, run_after=2025-02-06 00:00:00+00:00
[2025-02-06T00:47:10.598+0000] {processor.py:208} INFO - Processing /home/airflow/.local/lib/python3.12/site-packages/airflow/example_dags/example_latest_only.py took 0.108 seconds
[2025-02-06T00:47:41.590+0000] {processor.py:186} INFO - Started process (PID=463) to work on /home/airflow/.local/lib/python3.12/site-packages/airflow/example_dags/example_latest_only.py
[2025-02-06T00:47:41.592+0000] {processor.py:914} INFO - Processing file /home/airflow/.local/lib/python3.12/site-packages/airflow/example_dags/example_latest_only.py for tasks to queue
[2025-02-06T00:47:41.594+0000] {logging_mixin.py:190} INFO - [2025-02-06T00:47:41.594+0000] {dagbag.py:588} INFO - Filling up the DagBag from /home/airflow/.local/lib/python3.12/site-packages/airflow/example_dags/example_latest_only.py
[2025-02-06T00:47:41.600+0000] {processor.py:925} INFO - DAG(s) 'latest_only' retrieved from /home/airflow/.local/lib/python3.12/site-packages/airflow/example_dags/example_latest_only.py
[2025-02-06T00:47:41.619+0000] {logging_mixin.py:190} INFO - [2025-02-06T00:47:41.619+0000] {dag.py:3239} INFO - Sync 1 DAGs
[2025-02-06T00:47:41.650+0000] {logging_mixin.py:190} INFO - [2025-02-06T00:47:41.649+0000] {dag.py:4180} INFO - Setting next_dagrun for latest_only to 2025-02-05 20:00:00+00:00, run_after=2025-02-06 00:00:00+00:00
[2025-02-06T00:47:41.698+0000] {processor.py:208} INFO - Processing /home/airflow/.local/lib/python3.12/site-packages/airflow/example_dags/example_latest_only.py took 0.112 seconds
[2025-02-06T00:48:12.631+0000] {processor.py:186} INFO - Started process (PID=525) to work on /home/airflow/.local/lib/python3.12/site-packages/airflow/example_dags/example_latest_only.py
[2025-02-06T00:48:12.632+0000] {processor.py:914} INFO - Processing file /home/airflow/.local/lib/python3.12/site-packages/airflow/example_dags/example_latest_only.py for tasks to queue
[2025-02-06T00:48:12.635+0000] {logging_mixin.py:190} INFO - [2025-02-06T00:48:12.635+0000] {dagbag.py:588} INFO - Filling up the DagBag from /home/airflow/.local/lib/python3.12/site-packages/airflow/example_dags/example_latest_only.py
[2025-02-06T00:48:12.642+0000] {processor.py:925} INFO - DAG(s) 'latest_only' retrieved from /home/airflow/.local/lib/python3.12/site-packages/airflow/example_dags/example_latest_only.py
[2025-02-06T00:48:12.666+0000] {logging_mixin.py:190} INFO - [2025-02-06T00:48:12.666+0000] {dag.py:3239} INFO - Sync 1 DAGs
[2025-02-06T00:48:12.698+0000] {logging_mixin.py:190} INFO - [2025-02-06T00:48:12.697+0000] {dag.py:4180} INFO - Setting next_dagrun for latest_only to 2025-02-05 20:00:00+00:00, run_after=2025-02-06 00:00:00+00:00
[2025-02-06T00:48:12.735+0000] {processor.py:208} INFO - Processing /home/airflow/.local/lib/python3.12/site-packages/airflow/example_dags/example_latest_only.py took 0.111 seconds
[2025-02-06T00:48:43.614+0000] {processor.py:186} INFO - Started process (PID=588) to work on /home/airflow/.local/lib/python3.12/site-packages/airflow/example_dags/example_latest_only.py
[2025-02-06T00:48:43.616+0000] {processor.py:914} INFO - Processing file /home/airflow/.local/lib/python3.12/site-packages/airflow/example_dags/example_latest_only.py for tasks to queue
[2025-02-06T00:48:43.618+0000] {logging_mixin.py:190} INFO - [2025-02-06T00:48:43.618+0000] {dagbag.py:588} INFO - Filling up the DagBag from /home/airflow/.local/lib/python3.12/site-packages/airflow/example_dags/example_latest_only.py
[2025-02-06T00:48:43.624+0000] {processor.py:925} INFO - DAG(s) 'latest_only' retrieved from /home/airflow/.local/lib/python3.12/site-packages/airflow/example_dags/example_latest_only.py
[2025-02-06T00:48:43.642+0000] {logging_mixin.py:190} INFO - [2025-02-06T00:48:43.641+0000] {dag.py:3239} INFO - Sync 1 DAGs
[2025-02-06T00:48:43.674+0000] {logging_mixin.py:190} INFO - [2025-02-06T00:48:43.674+0000] {dag.py:4180} INFO - Setting next_dagrun for latest_only to 2025-02-05 20:00:00+00:00, run_after=2025-02-06 00:00:00+00:00
[2025-02-06T00:48:43.713+0000] {processor.py:208} INFO - Processing /home/airflow/.local/lib/python3.12/site-packages/airflow/example_dags/example_latest_only.py took 0.105 seconds
[2025-02-06T00:49:15.015+0000] {processor.py:186} INFO - Started process (PID=651) to work on /home/airflow/.local/lib/python3.12/site-packages/airflow/example_dags/example_latest_only.py
[2025-02-06T00:49:15.016+0000] {processor.py:914} INFO - Processing file /home/airflow/.local/lib/python3.12/site-packages/airflow/example_dags/example_latest_only.py for tasks to queue
[2025-02-06T00:49:15.019+0000] {logging_mixin.py:190} INFO - [2025-02-06T00:49:15.018+0000] {dagbag.py:588} INFO - Filling up the DagBag from /home/airflow/.local/lib/python3.12/site-packages/airflow/example_dags/example_latest_only.py
[2025-02-06T00:49:15.025+0000] {processor.py:925} INFO - DAG(s) 'latest_only' retrieved from /home/airflow/.local/lib/python3.12/site-packages/airflow/example_dags/example_latest_only.py
[2025-02-06T00:49:15.044+0000] {logging_mixin.py:190} INFO - [2025-02-06T00:49:15.044+0000] {dag.py:3239} INFO - Sync 1 DAGs
[2025-02-06T00:49:15.065+0000] {logging_mixin.py:190} INFO - [2025-02-06T00:49:15.064+0000] {dag.py:4180} INFO - Setting next_dagrun for latest_only to 2025-02-05 20:00:00+00:00, run_after=2025-02-06 00:00:00+00:00
[2025-02-06T00:49:15.085+0000] {processor.py:208} INFO - Processing /home/airflow/.local/lib/python3.12/site-packages/airflow/example_dags/example_latest_only.py took 0.074 seconds
[2025-02-06T00:49:46.513+0000] {processor.py:186} INFO - Started process (PID=714) to work on /home/airflow/.local/lib/python3.12/site-packages/airflow/example_dags/example_latest_only.py
[2025-02-06T00:49:46.514+0000] {processor.py:914} INFO - Processing file /home/airflow/.local/lib/python3.12/site-packages/airflow/example_dags/example_latest_only.py for tasks to queue
[2025-02-06T00:49:46.516+0000] {logging_mixin.py:190} INFO - [2025-02-06T00:49:46.516+0000] {dagbag.py:588} INFO - Filling up the DagBag from /home/airflow/.local/lib/python3.12/site-packages/airflow/example_dags/example_latest_only.py
[2025-02-06T00:49:46.523+0000] {processor.py:925} INFO - DAG(s) 'latest_only' retrieved from /home/airflow/.local/lib/python3.12/site-packages/airflow/example_dags/example_latest_only.py
[2025-02-06T00:49:46.548+0000] {logging_mixin.py:190} INFO - [2025-02-06T00:49:46.547+0000] {dag.py:3239} INFO - Sync 1 DAGs
[2025-02-06T00:49:46.571+0000] {logging_mixin.py:190} INFO - [2025-02-06T00:49:46.570+0000] {dag.py:4180} INFO - Setting next_dagrun for latest_only to 2025-02-05 20:00:00+00:00, run_after=2025-02-06 00:00:00+00:00
[2025-02-06T00:49:46.591+0000] {processor.py:208} INFO - Processing /home/airflow/.local/lib/python3.12/site-packages/airflow/example_dags/example_latest_only.py took 0.082 seconds
[2025-02-06T00:50:17.670+0000] {processor.py:186} INFO - Started process (PID=778) to work on /home/airflow/.local/lib/python3.12/site-packages/airflow/example_dags/example_latest_only.py
[2025-02-06T00:50:17.671+0000] {processor.py:914} INFO - Processing file /home/airflow/.local/lib/python3.12/site-packages/airflow/example_dags/example_latest_only.py for tasks to queue
[2025-02-06T00:50:17.674+0000] {logging_mixin.py:190} INFO - [2025-02-06T00:50:17.674+0000] {dagbag.py:588} INFO - Filling up the DagBag from /home/airflow/.local/lib/python3.12/site-packages/airflow/example_dags/example_latest_only.py
[2025-02-06T00:50:17.682+0000] {processor.py:925} INFO - DAG(s) 'latest_only' retrieved from /home/airflow/.local/lib/python3.12/site-packages/airflow/example_dags/example_latest_only.py
[2025-02-06T00:50:17.703+0000] {logging_mixin.py:190} INFO - [2025-02-06T00:50:17.703+0000] {dag.py:3239} INFO - Sync 1 DAGs
[2025-02-06T00:50:17.724+0000] {logging_mixin.py:190} INFO - [2025-02-06T00:50:17.724+0000] {dag.py:4180} INFO - Setting next_dagrun for latest_only to 2025-02-05 20:00:00+00:00, run_after=2025-02-06 00:00:00+00:00
[2025-02-06T00:50:17.753+0000] {processor.py:208} INFO - Processing /home/airflow/.local/lib/python3.12/site-packages/airflow/example_dags/example_latest_only.py took 0.089 seconds
[2025-02-06T00:50:48.714+0000] {processor.py:186} INFO - Started process (PID=840) to work on /home/airflow/.local/lib/python3.12/site-packages/airflow/example_dags/example_latest_only.py
[2025-02-06T00:50:48.715+0000] {processor.py:914} INFO - Processing file /home/airflow/.local/lib/python3.12/site-packages/airflow/example_dags/example_latest_only.py for tasks to queue
[2025-02-06T00:50:48.718+0000] {logging_mixin.py:190} INFO - [2025-02-06T00:50:48.717+0000] {dagbag.py:588} INFO - Filling up the DagBag from /home/airflow/.local/lib/python3.12/site-packages/airflow/example_dags/example_latest_only.py
[2025-02-06T00:50:48.724+0000] {processor.py:925} INFO - DAG(s) 'latest_only' retrieved from /home/airflow/.local/lib/python3.12/site-packages/airflow/example_dags/example_latest_only.py
[2025-02-06T00:50:48.742+0000] {logging_mixin.py:190} INFO - [2025-02-06T00:50:48.742+0000] {dag.py:3239} INFO - Sync 1 DAGs
[2025-02-06T00:50:48.764+0000] {logging_mixin.py:190} INFO - [2025-02-06T00:50:48.764+0000] {dag.py:4180} INFO - Setting next_dagrun for latest_only to 2025-02-05 20:00:00+00:00, run_after=2025-02-06 00:00:00+00:00
[2025-02-06T00:50:48.785+0000] {processor.py:208} INFO - Processing /home/airflow/.local/lib/python3.12/site-packages/airflow/example_dags/example_latest_only.py took 0.075 seconds
[2025-02-06T00:51:21.689+0000] {processor.py:186} INFO - Started process (PID=904) to work on /home/airflow/.local/lib/python3.12/site-packages/airflow/example_dags/example_latest_only.py
[2025-02-06T00:51:21.690+0000] {processor.py:914} INFO - Processing file /home/airflow/.local/lib/python3.12/site-packages/airflow/example_dags/example_latest_only.py for tasks to queue
[2025-02-06T00:51:21.692+0000] {logging_mixin.py:190} INFO - [2025-02-06T00:51:21.692+0000] {dagbag.py:588} INFO - Filling up the DagBag from /home/airflow/.local/lib/python3.12/site-packages/airflow/example_dags/example_latest_only.py
[2025-02-06T00:51:21.700+0000] {processor.py:925} INFO - DAG(s) 'latest_only' retrieved from /home/airflow/.local/lib/python3.12/site-packages/airflow/example_dags/example_latest_only.py
[2025-02-06T00:51:21.732+0000] {logging_mixin.py:190} INFO - [2025-02-06T00:51:21.732+0000] {dag.py:3239} INFO - Sync 1 DAGs
[2025-02-06T00:51:21.764+0000] {logging_mixin.py:190} INFO - [2025-02-06T00:51:21.764+0000] {dag.py:4180} INFO - Setting next_dagrun for latest_only to 2025-02-05 20:00:00+00:00, run_after=2025-02-06 00:00:00+00:00
[2025-02-06T00:51:21.805+0000] {processor.py:208} INFO - Processing /home/airflow/.local/lib/python3.12/site-packages/airflow/example_dags/example_latest_only.py took 0.122 seconds
[2025-02-06T00:51:55.069+0000] {processor.py:186} INFO - Started process (PID=967) to work on /home/airflow/.local/lib/python3.12/site-packages/airflow/example_dags/example_latest_only.py
[2025-02-06T00:51:55.071+0000] {processor.py:914} INFO - Processing file /home/airflow/.local/lib/python3.12/site-packages/airflow/example_dags/example_latest_only.py for tasks to queue
[2025-02-06T00:51:55.075+0000] {logging_mixin.py:190} INFO - [2025-02-06T00:51:55.074+0000] {dagbag.py:588} INFO - Filling up the DagBag from /home/airflow/.local/lib/python3.12/site-packages/airflow/example_dags/example_latest_only.py
[2025-02-06T00:51:55.088+0000] {processor.py:925} INFO - DAG(s) 'latest_only' retrieved from /home/airflow/.local/lib/python3.12/site-packages/airflow/example_dags/example_latest_only.py
[2025-02-06T00:51:55.121+0000] {logging_mixin.py:190} INFO - [2025-02-06T00:51:55.120+0000] {dag.py:3239} INFO - Sync 1 DAGs
[2025-02-06T00:51:55.156+0000] {logging_mixin.py:190} INFO - [2025-02-06T00:51:55.155+0000] {dag.py:4180} INFO - Setting next_dagrun for latest_only to 2025-02-05 20:00:00+00:00, run_after=2025-02-06 00:00:00+00:00
[2025-02-06T00:51:55.189+0000] {processor.py:208} INFO - Processing /home/airflow/.local/lib/python3.12/site-packages/airflow/example_dags/example_latest_only.py took 0.128 seconds
[2025-02-06T00:52:26.275+0000] {processor.py:186} INFO - Started process (PID=1030) to work on /home/airflow/.local/lib/python3.12/site-packages/airflow/example_dags/example_latest_only.py
[2025-02-06T00:52:26.276+0000] {processor.py:914} INFO - Processing file /home/airflow/.local/lib/python3.12/site-packages/airflow/example_dags/example_latest_only.py for tasks to queue
[2025-02-06T00:52:26.279+0000] {logging_mixin.py:190} INFO - [2025-02-06T00:52:26.278+0000] {dagbag.py:588} INFO - Filling up the DagBag from /home/airflow/.local/lib/python3.12/site-packages/airflow/example_dags/example_latest_only.py
[2025-02-06T00:52:26.285+0000] {processor.py:925} INFO - DAG(s) 'latest_only' retrieved from /home/airflow/.local/lib/python3.12/site-packages/airflow/example_dags/example_latest_only.py
[2025-02-06T00:52:26.303+0000] {logging_mixin.py:190} INFO - [2025-02-06T00:52:26.303+0000] {dag.py:3239} INFO - Sync 1 DAGs
[2025-02-06T00:52:26.327+0000] {logging_mixin.py:190} INFO - [2025-02-06T00:52:26.327+0000] {dag.py:4180} INFO - Setting next_dagrun for latest_only to 2025-02-05 20:00:00+00:00, run_after=2025-02-06 00:00:00+00:00
[2025-02-06T00:52:26.349+0000] {processor.py:208} INFO - Processing /home/airflow/.local/lib/python3.12/site-packages/airflow/example_dags/example_latest_only.py took 0.079 seconds
[2025-02-06T00:52:58.885+0000] {processor.py:186} INFO - Started process (PID=1093) to work on /home/airflow/.local/lib/python3.12/site-packages/airflow/example_dags/example_latest_only.py
[2025-02-06T00:52:58.886+0000] {processor.py:914} INFO - Processing file /home/airflow/.local/lib/python3.12/site-packages/airflow/example_dags/example_latest_only.py for tasks to queue
[2025-02-06T00:52:58.888+0000] {logging_mixin.py:190} INFO - [2025-02-06T00:52:58.888+0000] {dagbag.py:588} INFO - Filling up the DagBag from /home/airflow/.local/lib/python3.12/site-packages/airflow/example_dags/example_latest_only.py
[2025-02-06T00:52:58.895+0000] {processor.py:925} INFO - DAG(s) 'latest_only' retrieved from /home/airflow/.local/lib/python3.12/site-packages/airflow/example_dags/example_latest_only.py
[2025-02-06T00:52:58.913+0000] {logging_mixin.py:190} INFO - [2025-02-06T00:52:58.912+0000] {dag.py:3239} INFO - Sync 1 DAGs
[2025-02-06T00:52:58.933+0000] {logging_mixin.py:190} INFO - [2025-02-06T00:52:58.932+0000] {dag.py:4180} INFO - Setting next_dagrun for latest_only to 2025-02-05 20:00:00+00:00, run_after=2025-02-06 00:00:00+00:00
[2025-02-06T00:52:58.953+0000] {processor.py:208} INFO - Processing /home/airflow/.local/lib/python3.12/site-packages/airflow/example_dags/example_latest_only.py took 0.073 seconds
[2025-02-06T00:53:31.239+0000] {processor.py:186} INFO - Started process (PID=1156) to work on /home/airflow/.local/lib/python3.12/site-packages/airflow/example_dags/example_latest_only.py
[2025-02-06T00:53:31.240+0000] {processor.py:914} INFO - Processing file /home/airflow/.local/lib/python3.12/site-packages/airflow/example_dags/example_latest_only.py for tasks to queue
[2025-02-06T00:53:31.242+0000] {logging_mixin.py:190} INFO - [2025-02-06T00:53:31.242+0000] {dagbag.py:588} INFO - Filling up the DagBag from /home/airflow/.local/lib/python3.12/site-packages/airflow/example_dags/example_latest_only.py
[2025-02-06T00:53:31.249+0000] {processor.py:925} INFO - DAG(s) 'latest_only' retrieved from /home/airflow/.local/lib/python3.12/site-packages/airflow/example_dags/example_latest_only.py
[2025-02-06T00:53:31.270+0000] {logging_mixin.py:190} INFO - [2025-02-06T00:53:31.270+0000] {dag.py:3239} INFO - Sync 1 DAGs
[2025-02-06T00:53:31.299+0000] {logging_mixin.py:190} INFO - [2025-02-06T00:53:31.298+0000] {dag.py:4180} INFO - Setting next_dagrun for latest_only to 2025-02-05 20:00:00+00:00, run_after=2025-02-06 00:00:00+00:00
[2025-02-06T00:53:31.323+0000] {processor.py:208} INFO - Processing /home/airflow/.local/lib/python3.12/site-packages/airflow/example_dags/example_latest_only.py took 0.089 seconds
[2025-02-06T00:54:04.538+0000] {processor.py:186} INFO - Started process (PID=1219) to work on /home/airflow/.local/lib/python3.12/site-packages/airflow/example_dags/example_latest_only.py
[2025-02-06T00:54:04.539+0000] {processor.py:914} INFO - Processing file /home/airflow/.local/lib/python3.12/site-packages/airflow/example_dags/example_latest_only.py for tasks to queue
[2025-02-06T00:54:04.541+0000] {logging_mixin.py:190} INFO - [2025-02-06T00:54:04.541+0000] {dagbag.py:588} INFO - Filling up the DagBag from /home/airflow/.local/lib/python3.12/site-packages/airflow/example_dags/example_latest_only.py
[2025-02-06T00:54:04.547+0000] {processor.py:925} INFO - DAG(s) 'latest_only' retrieved from /home/airflow/.local/lib/python3.12/site-packages/airflow/example_dags/example_latest_only.py
[2025-02-06T00:54:04.562+0000] {logging_mixin.py:190} INFO - [2025-02-06T00:54:04.562+0000] {dag.py:3239} INFO - Sync 1 DAGs
[2025-02-06T00:54:04.581+0000] {logging_mixin.py:190} INFO - [2025-02-06T00:54:04.580+0000] {dag.py:4180} INFO - Setting next_dagrun for latest_only to 2025-02-05 20:00:00+00:00, run_after=2025-02-06 00:00:00+00:00
[2025-02-06T00:54:04.598+0000] {processor.py:208} INFO - Processing /home/airflow/.local/lib/python3.12/site-packages/airflow/example_dags/example_latest_only.py took 0.064 seconds
[2025-02-06T00:54:36.951+0000] {processor.py:186} INFO - Started process (PID=1282) to work on /home/airflow/.local/lib/python3.12/site-packages/airflow/example_dags/example_latest_only.py
[2025-02-06T00:54:36.953+0000] {processor.py:914} INFO - Processing file /home/airflow/.local/lib/python3.12/site-packages/airflow/example_dags/example_latest_only.py for tasks to queue
[2025-02-06T00:54:36.955+0000] {logging_mixin.py:190} INFO - [2025-02-06T00:54:36.954+0000] {dagbag.py:588} INFO - Filling up the DagBag from /home/airflow/.local/lib/python3.12/site-packages/airflow/example_dags/example_latest_only.py
[2025-02-06T00:54:36.961+0000] {processor.py:925} INFO - DAG(s) 'latest_only' retrieved from /home/airflow/.local/lib/python3.12/site-packages/airflow/example_dags/example_latest_only.py
[2025-02-06T00:54:36.981+0000] {logging_mixin.py:190} INFO - [2025-02-06T00:54:36.980+0000] {dag.py:3239} INFO - Sync 1 DAGs
[2025-02-06T00:54:37.003+0000] {logging_mixin.py:190} INFO - [2025-02-06T00:54:37.003+0000] {dag.py:4180} INFO - Setting next_dagrun for latest_only to 2025-02-05 20:00:00+00:00, run_after=2025-02-06 00:00:00+00:00
[2025-02-06T00:54:37.024+0000] {processor.py:208} INFO - Processing /home/airflow/.local/lib/python3.12/site-packages/airflow/example_dags/example_latest_only.py took 0.078 seconds
[2025-02-06T00:55:09.704+0000] {processor.py:186} INFO - Started process (PID=1345) to work on /home/airflow/.local/lib/python3.12/site-packages/airflow/example_dags/example_latest_only.py
[2025-02-06T00:55:09.705+0000] {processor.py:914} INFO - Processing file /home/airflow/.local/lib/python3.12/site-packages/airflow/example_dags/example_latest_only.py for tasks to queue
[2025-02-06T00:55:09.707+0000] {logging_mixin.py:190} INFO - [2025-02-06T00:55:09.707+0000] {dagbag.py:588} INFO - Filling up the DagBag from /home/airflow/.local/lib/python3.12/site-packages/airflow/example_dags/example_latest_only.py
[2025-02-06T00:55:09.712+0000] {processor.py:925} INFO - DAG(s) 'latest_only' retrieved from /home/airflow/.local/lib/python3.12/site-packages/airflow/example_dags/example_latest_only.py
[2025-02-06T00:55:09.729+0000] {logging_mixin.py:190} INFO - [2025-02-06T00:55:09.729+0000] {dag.py:3239} INFO - Sync 1 DAGs
[2025-02-06T00:55:09.758+0000] {logging_mixin.py:190} INFO - [2025-02-06T00:55:09.757+0000] {dag.py:4180} INFO - Setting next_dagrun for latest_only to 2025-02-05 20:00:00+00:00, run_after=2025-02-06 00:00:00+00:00
[2025-02-06T00:55:09.801+0000] {processor.py:208} INFO - Processing /home/airflow/.local/lib/python3.12/site-packages/airflow/example_dags/example_latest_only.py took 0.102 seconds
[2025-02-06T00:55:42.543+0000] {processor.py:186} INFO - Started process (PID=1408) to work on /home/airflow/.local/lib/python3.12/site-packages/airflow/example_dags/example_latest_only.py
[2025-02-06T00:55:42.548+0000] {processor.py:914} INFO - Processing file /home/airflow/.local/lib/python3.12/site-packages/airflow/example_dags/example_latest_only.py for tasks to queue
[2025-02-06T00:55:42.552+0000] {logging_mixin.py:190} INFO - [2025-02-06T00:55:42.551+0000] {dagbag.py:588} INFO - Filling up the DagBag from /home/airflow/.local/lib/python3.12/site-packages/airflow/example_dags/example_latest_only.py
[2025-02-06T00:55:42.570+0000] {processor.py:925} INFO - DAG(s) 'latest_only' retrieved from /home/airflow/.local/lib/python3.12/site-packages/airflow/example_dags/example_latest_only.py
[2025-02-06T00:55:42.614+0000] {logging_mixin.py:190} INFO - [2025-02-06T00:55:42.612+0000] {dag.py:3239} INFO - Sync 1 DAGs
[2025-02-06T00:55:42.658+0000] {logging_mixin.py:190} INFO - [2025-02-06T00:55:42.657+0000] {dag.py:4180} INFO - Setting next_dagrun for latest_only to 2025-02-05 20:00:00+00:00, run_after=2025-02-06 00:00:00+00:00
[2025-02-06T00:55:42.686+0000] {processor.py:208} INFO - Processing /home/airflow/.local/lib/python3.12/site-packages/airflow/example_dags/example_latest_only.py took 0.152 seconds
[2025-02-06T00:56:15.041+0000] {processor.py:186} INFO - Started process (PID=1471) to work on /home/airflow/.local/lib/python3.12/site-packages/airflow/example_dags/example_latest_only.py
[2025-02-06T00:56:15.042+0000] {processor.py:914} INFO - Processing file /home/airflow/.local/lib/python3.12/site-packages/airflow/example_dags/example_latest_only.py for tasks to queue
[2025-02-06T00:56:15.044+0000] {logging_mixin.py:190} INFO - [2025-02-06T00:56:15.044+0000] {dagbag.py:588} INFO - Filling up the DagBag from /home/airflow/.local/lib/python3.12/site-packages/airflow/example_dags/example_latest_only.py
[2025-02-06T00:56:15.051+0000] {processor.py:925} INFO - DAG(s) 'latest_only' retrieved from /home/airflow/.local/lib/python3.12/site-packages/airflow/example_dags/example_latest_only.py
[2025-02-06T00:56:15.068+0000] {logging_mixin.py:190} INFO - [2025-02-06T00:56:15.068+0000] {dag.py:3239} INFO - Sync 1 DAGs
[2025-02-06T00:56:15.087+0000] {logging_mixin.py:190} INFO - [2025-02-06T00:56:15.087+0000] {dag.py:4180} INFO - Setting next_dagrun for latest_only to 2025-02-05 20:00:00+00:00, run_after=2025-02-06 00:00:00+00:00
[2025-02-06T00:56:15.105+0000] {processor.py:208} INFO - Processing /home/airflow/.local/lib/python3.12/site-packages/airflow/example_dags/example_latest_only.py took 0.069 seconds
[2025-02-06T00:56:48.099+0000] {processor.py:186} INFO - Started process (PID=1534) to work on /home/airflow/.local/lib/python3.12/site-packages/airflow/example_dags/example_latest_only.py
[2025-02-06T00:56:48.099+0000] {processor.py:914} INFO - Processing file /home/airflow/.local/lib/python3.12/site-packages/airflow/example_dags/example_latest_only.py for tasks to queue
[2025-02-06T00:56:48.102+0000] {logging_mixin.py:190} INFO - [2025-02-06T00:56:48.101+0000] {dagbag.py:588} INFO - Filling up the DagBag from /home/airflow/.local/lib/python3.12/site-packages/airflow/example_dags/example_latest_only.py
[2025-02-06T00:56:48.107+0000] {processor.py:925} INFO - DAG(s) 'latest_only' retrieved from /home/airflow/.local/lib/python3.12/site-packages/airflow/example_dags/example_latest_only.py
[2025-02-06T00:56:48.156+0000] {logging_mixin.py:190} INFO - [2025-02-06T00:56:48.155+0000] {dag.py:3239} INFO - Sync 1 DAGs
[2025-02-06T00:56:48.174+0000] {logging_mixin.py:190} INFO - [2025-02-06T00:56:48.173+0000] {dag.py:4180} INFO - Setting next_dagrun for latest_only to 2025-02-05 20:00:00+00:00, run_after=2025-02-06 00:00:00+00:00
[2025-02-06T00:56:48.193+0000] {processor.py:208} INFO - Processing /home/airflow/.local/lib/python3.12/site-packages/airflow/example_dags/example_latest_only.py took 0.099 seconds
[2025-02-06T00:57:19.995+0000] {processor.py:186} INFO - Started process (PID=1597) to work on /home/airflow/.local/lib/python3.12/site-packages/airflow/example_dags/example_latest_only.py
[2025-02-06T00:57:19.996+0000] {processor.py:914} INFO - Processing file /home/airflow/.local/lib/python3.12/site-packages/airflow/example_dags/example_latest_only.py for tasks to queue
[2025-02-06T00:57:19.997+0000] {logging_mixin.py:190} INFO - [2025-02-06T00:57:19.997+0000] {dagbag.py:588} INFO - Filling up the DagBag from /home/airflow/.local/lib/python3.12/site-packages/airflow/example_dags/example_latest_only.py
[2025-02-06T00:57:20.003+0000] {processor.py:925} INFO - DAG(s) 'latest_only' retrieved from /home/airflow/.local/lib/python3.12/site-packages/airflow/example_dags/example_latest_only.py
[2025-02-06T00:57:20.021+0000] {logging_mixin.py:190} INFO - [2025-02-06T00:57:20.020+0000] {dag.py:3239} INFO - Sync 1 DAGs
[2025-02-06T00:57:20.048+0000] {logging_mixin.py:190} INFO - [2025-02-06T00:57:20.048+0000] {dag.py:4180} INFO - Setting next_dagrun for latest_only to 2025-02-05 20:00:00+00:00, run_after=2025-02-06 00:00:00+00:00
[2025-02-06T00:57:20.069+0000] {processor.py:208} INFO - Processing /home/airflow/.local/lib/python3.12/site-packages/airflow/example_dags/example_latest_only.py took 0.079 seconds
[2025-02-06T00:57:52.758+0000] {processor.py:186} INFO - Started process (PID=1660) to work on /home/airflow/.local/lib/python3.12/site-packages/airflow/example_dags/example_latest_only.py
[2025-02-06T00:57:52.759+0000] {processor.py:914} INFO - Processing file /home/airflow/.local/lib/python3.12/site-packages/airflow/example_dags/example_latest_only.py for tasks to queue
[2025-02-06T00:57:52.761+0000] {logging_mixin.py:190} INFO - [2025-02-06T00:57:52.761+0000] {dagbag.py:588} INFO - Filling up the DagBag from /home/airflow/.local/lib/python3.12/site-packages/airflow/example_dags/example_latest_only.py
[2025-02-06T00:57:52.766+0000] {processor.py:925} INFO - DAG(s) 'latest_only' retrieved from /home/airflow/.local/lib/python3.12/site-packages/airflow/example_dags/example_latest_only.py
[2025-02-06T00:57:52.783+0000] {logging_mixin.py:190} INFO - [2025-02-06T00:57:52.783+0000] {dag.py:3239} INFO - Sync 1 DAGs
[2025-02-06T00:57:52.802+0000] {logging_mixin.py:190} INFO - [2025-02-06T00:57:52.802+0000] {dag.py:4180} INFO - Setting next_dagrun for latest_only to 2025-02-05 20:00:00+00:00, run_after=2025-02-06 00:00:00+00:00
[2025-02-06T00:57:52.821+0000] {processor.py:208} INFO - Processing /home/airflow/.local/lib/python3.12/site-packages/airflow/example_dags/example_latest_only.py took 0.067 seconds
[2025-02-06T00:58:25.594+0000] {processor.py:186} INFO - Started process (PID=1723) to work on /home/airflow/.local/lib/python3.12/site-packages/airflow/example_dags/example_latest_only.py
[2025-02-06T00:58:25.595+0000] {processor.py:914} INFO - Processing file /home/airflow/.local/lib/python3.12/site-packages/airflow/example_dags/example_latest_only.py for tasks to queue
[2025-02-06T00:58:25.597+0000] {logging_mixin.py:190} INFO - [2025-02-06T00:58:25.597+0000] {dagbag.py:588} INFO - Filling up the DagBag from /home/airflow/.local/lib/python3.12/site-packages/airflow/example_dags/example_latest_only.py
[2025-02-06T00:58:25.605+0000] {processor.py:925} INFO - DAG(s) 'latest_only' retrieved from /home/airflow/.local/lib/python3.12/site-packages/airflow/example_dags/example_latest_only.py
[2025-02-06T00:58:25.624+0000] {logging_mixin.py:190} INFO - [2025-02-06T00:58:25.623+0000] {dag.py:3239} INFO - Sync 1 DAGs
[2025-02-06T00:58:25.642+0000] {logging_mixin.py:190} INFO - [2025-02-06T00:58:25.642+0000] {dag.py:4180} INFO - Setting next_dagrun for latest_only to 2025-02-05 20:00:00+00:00, run_after=2025-02-06 00:00:00+00:00
[2025-02-06T00:58:25.659+0000] {processor.py:208} INFO - Processing /home/airflow/.local/lib/python3.12/site-packages/airflow/example_dags/example_latest_only.py took 0.069 seconds
[2025-02-06T00:58:58.500+0000] {processor.py:186} INFO - Started process (PID=1786) to work on /home/airflow/.local/lib/python3.12/site-packages/airflow/example_dags/example_latest_only.py
[2025-02-06T00:58:58.501+0000] {processor.py:914} INFO - Processing file /home/airflow/.local/lib/python3.12/site-packages/airflow/example_dags/example_latest_only.py for tasks to queue
[2025-02-06T00:58:58.514+0000] {logging_mixin.py:190} INFO - [2025-02-06T00:58:58.513+0000] {dagbag.py:588} INFO - Filling up the DagBag from /home/airflow/.local/lib/python3.12/site-packages/airflow/example_dags/example_latest_only.py
[2025-02-06T00:58:58.520+0000] {processor.py:925} INFO - DAG(s) 'latest_only' retrieved from /home/airflow/.local/lib/python3.12/site-packages/airflow/example_dags/example_latest_only.py
[2025-02-06T00:58:58.555+0000] {logging_mixin.py:190} INFO - [2025-02-06T00:58:58.554+0000] {dag.py:3239} INFO - Sync 1 DAGs
[2025-02-06T00:58:58.591+0000] {logging_mixin.py:190} INFO - [2025-02-06T00:58:58.590+0000] {dag.py:4180} INFO - Setting next_dagrun for latest_only to 2025-02-05 20:00:00+00:00, run_after=2025-02-06 00:00:00+00:00
[2025-02-06T00:58:58.624+0000] {processor.py:208} INFO - Processing /home/airflow/.local/lib/python3.12/site-packages/airflow/example_dags/example_latest_only.py took 0.128 seconds
[2025-02-06T00:59:31.956+0000] {processor.py:186} INFO - Started process (PID=1849) to work on /home/airflow/.local/lib/python3.12/site-packages/airflow/example_dags/example_latest_only.py
[2025-02-06T00:59:31.958+0000] {processor.py:914} INFO - Processing file /home/airflow/.local/lib/python3.12/site-packages/airflow/example_dags/example_latest_only.py for tasks to queue
[2025-02-06T00:59:31.961+0000] {logging_mixin.py:190} INFO - [2025-02-06T00:59:31.961+0000] {dagbag.py:588} INFO - Filling up the DagBag from /home/airflow/.local/lib/python3.12/site-packages/airflow/example_dags/example_latest_only.py
[2025-02-06T00:59:31.977+0000] {processor.py:925} INFO - DAG(s) 'latest_only' retrieved from /home/airflow/.local/lib/python3.12/site-packages/airflow/example_dags/example_latest_only.py
[2025-02-06T00:59:32.002+0000] {logging_mixin.py:190} INFO - [2025-02-06T00:59:32.002+0000] {dag.py:3239} INFO - Sync 1 DAGs
[2025-02-06T00:59:32.028+0000] {logging_mixin.py:190} INFO - [2025-02-06T00:59:32.027+0000] {dag.py:4180} INFO - Setting next_dagrun for latest_only to 2025-02-05 20:00:00+00:00, run_after=2025-02-06 00:00:00+00:00
[2025-02-06T00:59:32.051+0000] {processor.py:208} INFO - Processing /home/airflow/.local/lib/python3.12/site-packages/airflow/example_dags/example_latest_only.py took 0.107 seconds
[2025-02-06T01:00:03.109+0000] {processor.py:186} INFO - Started process (PID=1912) to work on /home/airflow/.local/lib/python3.12/site-packages/airflow/example_dags/example_latest_only.py
[2025-02-06T01:00:03.111+0000] {processor.py:914} INFO - Processing file /home/airflow/.local/lib/python3.12/site-packages/airflow/example_dags/example_latest_only.py for tasks to queue
[2025-02-06T01:00:03.122+0000] {logging_mixin.py:190} INFO - [2025-02-06T01:00:03.121+0000] {dagbag.py:588} INFO - Filling up the DagBag from /home/airflow/.local/lib/python3.12/site-packages/airflow/example_dags/example_latest_only.py
[2025-02-06T01:00:03.129+0000] {processor.py:925} INFO - DAG(s) 'latest_only' retrieved from /home/airflow/.local/lib/python3.12/site-packages/airflow/example_dags/example_latest_only.py
[2025-02-06T01:00:03.149+0000] {logging_mixin.py:190} INFO - [2025-02-06T01:00:03.149+0000] {dag.py:3239} INFO - Sync 1 DAGs
[2025-02-06T01:00:03.172+0000] {logging_mixin.py:190} INFO - [2025-02-06T01:00:03.172+0000] {dag.py:4180} INFO - Setting next_dagrun for latest_only to 2025-02-05 20:00:00+00:00, run_after=2025-02-06 00:00:00+00:00
[2025-02-06T01:00:03.192+0000] {processor.py:208} INFO - Processing /home/airflow/.local/lib/python3.12/site-packages/airflow/example_dags/example_latest_only.py took 0.089 seconds
[2025-02-06T01:00:37.627+0000] {processor.py:186} INFO - Started process (PID=1982) to work on /home/airflow/.local/lib/python3.12/site-packages/airflow/example_dags/example_latest_only.py
[2025-02-06T01:00:37.628+0000] {processor.py:914} INFO - Processing file /home/airflow/.local/lib/python3.12/site-packages/airflow/example_dags/example_latest_only.py for tasks to queue
[2025-02-06T01:00:37.630+0000] {logging_mixin.py:190} INFO - [2025-02-06T01:00:37.630+0000] {dagbag.py:588} INFO - Filling up the DagBag from /home/airflow/.local/lib/python3.12/site-packages/airflow/example_dags/example_latest_only.py
[2025-02-06T01:00:37.637+0000] {processor.py:925} INFO - DAG(s) 'latest_only' retrieved from /home/airflow/.local/lib/python3.12/site-packages/airflow/example_dags/example_latest_only.py
[2025-02-06T01:00:37.655+0000] {logging_mixin.py:190} INFO - [2025-02-06T01:00:37.655+0000] {dag.py:3239} INFO - Sync 1 DAGs
[2025-02-06T01:00:37.675+0000] {logging_mixin.py:190} INFO - [2025-02-06T01:00:37.675+0000] {dag.py:4180} INFO - Setting next_dagrun for latest_only to 2025-02-05 20:00:00+00:00, run_after=2025-02-06 00:00:00+00:00
[2025-02-06T01:00:37.699+0000] {processor.py:208} INFO - Processing /home/airflow/.local/lib/python3.12/site-packages/airflow/example_dags/example_latest_only.py took 0.078 seconds
[2025-02-06T01:01:09.520+0000] {processor.py:186} INFO - Started process (PID=2045) to work on /home/airflow/.local/lib/python3.12/site-packages/airflow/example_dags/example_latest_only.py
[2025-02-06T01:01:09.521+0000] {processor.py:914} INFO - Processing file /home/airflow/.local/lib/python3.12/site-packages/airflow/example_dags/example_latest_only.py for tasks to queue
[2025-02-06T01:01:09.523+0000] {logging_mixin.py:190} INFO - [2025-02-06T01:01:09.523+0000] {dagbag.py:588} INFO - Filling up the DagBag from /home/airflow/.local/lib/python3.12/site-packages/airflow/example_dags/example_latest_only.py
[2025-02-06T01:01:09.529+0000] {processor.py:925} INFO - DAG(s) 'latest_only' retrieved from /home/airflow/.local/lib/python3.12/site-packages/airflow/example_dags/example_latest_only.py
[2025-02-06T01:01:09.547+0000] {logging_mixin.py:190} INFO - [2025-02-06T01:01:09.546+0000] {dag.py:3239} INFO - Sync 1 DAGs
[2025-02-06T01:01:09.567+0000] {logging_mixin.py:190} INFO - [2025-02-06T01:01:09.567+0000] {dag.py:4180} INFO - Setting next_dagrun for latest_only to 2025-02-05 20:00:00+00:00, run_after=2025-02-06 00:00:00+00:00
[2025-02-06T01:01:09.585+0000] {processor.py:208} INFO - Processing /home/airflow/.local/lib/python3.12/site-packages/airflow/example_dags/example_latest_only.py took 0.072 seconds
[2025-02-06T01:01:44.357+0000] {processor.py:186} INFO - Started process (PID=2108) to work on /home/airflow/.local/lib/python3.12/site-packages/airflow/example_dags/example_latest_only.py
[2025-02-06T01:01:44.361+0000] {processor.py:914} INFO - Processing file /home/airflow/.local/lib/python3.12/site-packages/airflow/example_dags/example_latest_only.py for tasks to queue
[2025-02-06T01:01:44.364+0000] {logging_mixin.py:190} INFO - [2025-02-06T01:01:44.364+0000] {dagbag.py:588} INFO - Filling up the DagBag from /home/airflow/.local/lib/python3.12/site-packages/airflow/example_dags/example_latest_only.py
[2025-02-06T01:01:44.378+0000] {processor.py:925} INFO - DAG(s) 'latest_only' retrieved from /home/airflow/.local/lib/python3.12/site-packages/airflow/example_dags/example_latest_only.py
[2025-02-06T01:01:44.408+0000] {logging_mixin.py:190} INFO - [2025-02-06T01:01:44.407+0000] {dag.py:3239} INFO - Sync 1 DAGs
[2025-02-06T01:01:44.439+0000] {logging_mixin.py:190} INFO - [2025-02-06T01:01:44.438+0000] {dag.py:4180} INFO - Setting next_dagrun for latest_only to 2025-02-05 20:00:00+00:00, run_after=2025-02-06 00:00:00+00:00
[2025-02-06T01:01:44.468+0000] {processor.py:208} INFO - Processing /home/airflow/.local/lib/python3.12/site-packages/airflow/example_dags/example_latest_only.py took 0.120 seconds
[2025-02-06T01:02:15.886+0000] {processor.py:186} INFO - Started process (PID=2171) to work on /home/airflow/.local/lib/python3.12/site-packages/airflow/example_dags/example_latest_only.py
[2025-02-06T01:02:15.887+0000] {processor.py:914} INFO - Processing file /home/airflow/.local/lib/python3.12/site-packages/airflow/example_dags/example_latest_only.py for tasks to queue
[2025-02-06T01:02:15.890+0000] {logging_mixin.py:190} INFO - [2025-02-06T01:02:15.890+0000] {dagbag.py:588} INFO - Filling up the DagBag from /home/airflow/.local/lib/python3.12/site-packages/airflow/example_dags/example_latest_only.py
[2025-02-06T01:02:15.896+0000] {processor.py:925} INFO - DAG(s) 'latest_only' retrieved from /home/airflow/.local/lib/python3.12/site-packages/airflow/example_dags/example_latest_only.py
[2025-02-06T01:02:15.918+0000] {logging_mixin.py:190} INFO - [2025-02-06T01:02:15.917+0000] {dag.py:3239} INFO - Sync 1 DAGs
[2025-02-06T01:02:15.942+0000] {logging_mixin.py:190} INFO - [2025-02-06T01:02:15.942+0000] {dag.py:4180} INFO - Setting next_dagrun for latest_only to 2025-02-05 20:00:00+00:00, run_after=2025-02-06 00:00:00+00:00
[2025-02-06T01:02:15.965+0000] {processor.py:208} INFO - Processing /home/airflow/.local/lib/python3.12/site-packages/airflow/example_dags/example_latest_only.py took 0.086 seconds
[2025-02-06T01:02:48.779+0000] {processor.py:186} INFO - Started process (PID=2234) to work on /home/airflow/.local/lib/python3.12/site-packages/airflow/example_dags/example_latest_only.py
[2025-02-06T01:02:48.780+0000] {processor.py:914} INFO - Processing file /home/airflow/.local/lib/python3.12/site-packages/airflow/example_dags/example_latest_only.py for tasks to queue
[2025-02-06T01:02:48.783+0000] {logging_mixin.py:190} INFO - [2025-02-06T01:02:48.783+0000] {dagbag.py:588} INFO - Filling up the DagBag from /home/airflow/.local/lib/python3.12/site-packages/airflow/example_dags/example_latest_only.py
[2025-02-06T01:02:48.793+0000] {processor.py:925} INFO - DAG(s) 'latest_only' retrieved from /home/airflow/.local/lib/python3.12/site-packages/airflow/example_dags/example_latest_only.py
[2025-02-06T01:02:48.819+0000] {logging_mixin.py:190} INFO - [2025-02-06T01:02:48.818+0000] {dag.py:3239} INFO - Sync 1 DAGs
[2025-02-06T01:02:48.846+0000] {logging_mixin.py:190} INFO - [2025-02-06T01:02:48.845+0000] {dag.py:4180} INFO - Setting next_dagrun for latest_only to 2025-02-05 20:00:00+00:00, run_after=2025-02-06 00:00:00+00:00
[2025-02-06T01:02:48.873+0000] {processor.py:208} INFO - Processing /home/airflow/.local/lib/python3.12/site-packages/airflow/example_dags/example_latest_only.py took 0.100 seconds
[2025-02-06T01:03:20.748+0000] {processor.py:186} INFO - Started process (PID=2297) to work on /home/airflow/.local/lib/python3.12/site-packages/airflow/example_dags/example_latest_only.py
[2025-02-06T01:03:20.750+0000] {processor.py:914} INFO - Processing file /home/airflow/.local/lib/python3.12/site-packages/airflow/example_dags/example_latest_only.py for tasks to queue
[2025-02-06T01:03:20.754+0000] {logging_mixin.py:190} INFO - [2025-02-06T01:03:20.753+0000] {dagbag.py:588} INFO - Filling up the DagBag from /home/airflow/.local/lib/python3.12/site-packages/airflow/example_dags/example_latest_only.py
[2025-02-06T01:03:20.765+0000] {processor.py:925} INFO - DAG(s) 'latest_only' retrieved from /home/airflow/.local/lib/python3.12/site-packages/airflow/example_dags/example_latest_only.py
[2025-02-06T01:03:20.794+0000] {logging_mixin.py:190} INFO - [2025-02-06T01:03:20.794+0000] {dag.py:3239} INFO - Sync 1 DAGs
[2025-02-06T01:03:20.839+0000] {logging_mixin.py:190} INFO - [2025-02-06T01:03:20.838+0000] {dag.py:4180} INFO - Setting next_dagrun for latest_only to 2025-02-05 20:00:00+00:00, run_after=2025-02-06 00:00:00+00:00
[2025-02-06T01:03:20.863+0000] {processor.py:208} INFO - Processing /home/airflow/.local/lib/python3.12/site-packages/airflow/example_dags/example_latest_only.py took 0.123 seconds
[2025-02-06T01:03:53.271+0000] {processor.py:186} INFO - Started process (PID=2360) to work on /home/airflow/.local/lib/python3.12/site-packages/airflow/example_dags/example_latest_only.py
[2025-02-06T01:03:53.272+0000] {processor.py:914} INFO - Processing file /home/airflow/.local/lib/python3.12/site-packages/airflow/example_dags/example_latest_only.py for tasks to queue
[2025-02-06T01:03:53.274+0000] {logging_mixin.py:190} INFO - [2025-02-06T01:03:53.274+0000] {dagbag.py:588} INFO - Filling up the DagBag from /home/airflow/.local/lib/python3.12/site-packages/airflow/example_dags/example_latest_only.py
[2025-02-06T01:03:53.280+0000] {processor.py:925} INFO - DAG(s) 'latest_only' retrieved from /home/airflow/.local/lib/python3.12/site-packages/airflow/example_dags/example_latest_only.py
[2025-02-06T01:03:53.297+0000] {logging_mixin.py:190} INFO - [2025-02-06T01:03:53.296+0000] {dag.py:3239} INFO - Sync 1 DAGs
[2025-02-06T01:03:53.315+0000] {logging_mixin.py:190} INFO - [2025-02-06T01:03:53.315+0000] {dag.py:4180} INFO - Setting next_dagrun for latest_only to 2025-02-05 20:00:00+00:00, run_after=2025-02-06 00:00:00+00:00
[2025-02-06T01:03:53.336+0000] {processor.py:208} INFO - Processing /home/airflow/.local/lib/python3.12/site-packages/airflow/example_dags/example_latest_only.py took 0.069 seconds
[2025-02-06T01:04:26.521+0000] {processor.py:186} INFO - Started process (PID=2423) to work on /home/airflow/.local/lib/python3.12/site-packages/airflow/example_dags/example_latest_only.py
[2025-02-06T01:04:26.522+0000] {processor.py:914} INFO - Processing file /home/airflow/.local/lib/python3.12/site-packages/airflow/example_dags/example_latest_only.py for tasks to queue
[2025-02-06T01:04:26.524+0000] {logging_mixin.py:190} INFO - [2025-02-06T01:04:26.523+0000] {dagbag.py:588} INFO - Filling up the DagBag from /home/airflow/.local/lib/python3.12/site-packages/airflow/example_dags/example_latest_only.py
[2025-02-06T01:04:26.530+0000] {processor.py:925} INFO - DAG(s) 'latest_only' retrieved from /home/airflow/.local/lib/python3.12/site-packages/airflow/example_dags/example_latest_only.py
[2025-02-06T01:04:26.546+0000] {logging_mixin.py:190} INFO - [2025-02-06T01:04:26.546+0000] {dag.py:3239} INFO - Sync 1 DAGs
[2025-02-06T01:04:26.565+0000] {logging_mixin.py:190} INFO - [2025-02-06T01:04:26.565+0000] {dag.py:4180} INFO - Setting next_dagrun for latest_only to 2025-02-05 20:00:00+00:00, run_after=2025-02-06 00:00:00+00:00
[2025-02-06T01:04:26.584+0000] {processor.py:208} INFO - Processing /home/airflow/.local/lib/python3.12/site-packages/airflow/example_dags/example_latest_only.py took 0.067 seconds
[2025-02-06T01:04:58.642+0000] {processor.py:186} INFO - Started process (PID=2486) to work on /home/airflow/.local/lib/python3.12/site-packages/airflow/example_dags/example_latest_only.py
[2025-02-06T01:04:58.643+0000] {processor.py:914} INFO - Processing file /home/airflow/.local/lib/python3.12/site-packages/airflow/example_dags/example_latest_only.py for tasks to queue
[2025-02-06T01:04:58.645+0000] {logging_mixin.py:190} INFO - [2025-02-06T01:04:58.644+0000] {dagbag.py:588} INFO - Filling up the DagBag from /home/airflow/.local/lib/python3.12/site-packages/airflow/example_dags/example_latest_only.py
[2025-02-06T01:04:58.651+0000] {processor.py:925} INFO - DAG(s) 'latest_only' retrieved from /home/airflow/.local/lib/python3.12/site-packages/airflow/example_dags/example_latest_only.py
[2025-02-06T01:04:58.670+0000] {logging_mixin.py:190} INFO - [2025-02-06T01:04:58.670+0000] {dag.py:3239} INFO - Sync 1 DAGs
[2025-02-06T01:04:58.692+0000] {logging_mixin.py:190} INFO - [2025-02-06T01:04:58.691+0000] {dag.py:4180} INFO - Setting next_dagrun for latest_only to 2025-02-05 20:00:00+00:00, run_after=2025-02-06 00:00:00+00:00
[2025-02-06T01:04:58.712+0000] {processor.py:208} INFO - Processing /home/airflow/.local/lib/python3.12/site-packages/airflow/example_dags/example_latest_only.py took 0.075 seconds
[2025-02-06T01:05:32.097+0000] {processor.py:186} INFO - Started process (PID=2549) to work on /home/airflow/.local/lib/python3.12/site-packages/airflow/example_dags/example_latest_only.py
[2025-02-06T01:05:32.099+0000] {processor.py:914} INFO - Processing file /home/airflow/.local/lib/python3.12/site-packages/airflow/example_dags/example_latest_only.py for tasks to queue
[2025-02-06T01:05:32.102+0000] {logging_mixin.py:190} INFO - [2025-02-06T01:05:32.101+0000] {dagbag.py:588} INFO - Filling up the DagBag from /home/airflow/.local/lib/python3.12/site-packages/airflow/example_dags/example_latest_only.py
[2025-02-06T01:05:32.109+0000] {processor.py:925} INFO - DAG(s) 'latest_only' retrieved from /home/airflow/.local/lib/python3.12/site-packages/airflow/example_dags/example_latest_only.py
[2025-02-06T01:05:32.130+0000] {logging_mixin.py:190} INFO - [2025-02-06T01:05:32.130+0000] {dag.py:3239} INFO - Sync 1 DAGs
[2025-02-06T01:05:32.152+0000] {logging_mixin.py:190} INFO - [2025-02-06T01:05:32.152+0000] {dag.py:4180} INFO - Setting next_dagrun for latest_only to 2025-02-05 20:00:00+00:00, run_after=2025-02-06 00:00:00+00:00
[2025-02-06T01:05:32.174+0000] {processor.py:208} INFO - Processing /home/airflow/.local/lib/python3.12/site-packages/airflow/example_dags/example_latest_only.py took 0.085 seconds
[2025-02-06T01:06:03.868+0000] {processor.py:186} INFO - Started process (PID=2612) to work on /home/airflow/.local/lib/python3.12/site-packages/airflow/example_dags/example_latest_only.py
[2025-02-06T01:06:03.869+0000] {processor.py:914} INFO - Processing file /home/airflow/.local/lib/python3.12/site-packages/airflow/example_dags/example_latest_only.py for tasks to queue
[2025-02-06T01:06:03.872+0000] {logging_mixin.py:190} INFO - [2025-02-06T01:06:03.872+0000] {dagbag.py:588} INFO - Filling up the DagBag from /home/airflow/.local/lib/python3.12/site-packages/airflow/example_dags/example_latest_only.py
[2025-02-06T01:06:03.880+0000] {processor.py:925} INFO - DAG(s) 'latest_only' retrieved from /home/airflow/.local/lib/python3.12/site-packages/airflow/example_dags/example_latest_only.py
[2025-02-06T01:06:03.898+0000] {logging_mixin.py:190} INFO - [2025-02-06T01:06:03.897+0000] {dag.py:3239} INFO - Sync 1 DAGs
[2025-02-06T01:06:03.922+0000] {logging_mixin.py:190} INFO - [2025-02-06T01:06:03.922+0000] {dag.py:4180} INFO - Setting next_dagrun for latest_only to 2025-02-05 20:00:00+00:00, run_after=2025-02-06 00:00:00+00:00
[2025-02-06T01:06:03.942+0000] {processor.py:208} INFO - Processing /home/airflow/.local/lib/python3.12/site-packages/airflow/example_dags/example_latest_only.py took 0.079 seconds
[2025-02-06T01:06:36.863+0000] {processor.py:186} INFO - Started process (PID=2675) to work on /home/airflow/.local/lib/python3.12/site-packages/airflow/example_dags/example_latest_only.py
[2025-02-06T01:06:36.864+0000] {processor.py:914} INFO - Processing file /home/airflow/.local/lib/python3.12/site-packages/airflow/example_dags/example_latest_only.py for tasks to queue
[2025-02-06T01:06:36.866+0000] {logging_mixin.py:190} INFO - [2025-02-06T01:06:36.866+0000] {dagbag.py:588} INFO - Filling up the DagBag from /home/airflow/.local/lib/python3.12/site-packages/airflow/example_dags/example_latest_only.py
[2025-02-06T01:06:36.872+0000] {processor.py:925} INFO - DAG(s) 'latest_only' retrieved from /home/airflow/.local/lib/python3.12/site-packages/airflow/example_dags/example_latest_only.py
[2025-02-06T01:06:36.891+0000] {logging_mixin.py:190} INFO - [2025-02-06T01:06:36.890+0000] {dag.py:3239} INFO - Sync 1 DAGs
[2025-02-06T01:06:36.913+0000] {logging_mixin.py:190} INFO - [2025-02-06T01:06:36.912+0000] {dag.py:4180} INFO - Setting next_dagrun for latest_only to 2025-02-05 20:00:00+00:00, run_after=2025-02-06 00:00:00+00:00
[2025-02-06T01:06:36.933+0000] {processor.py:208} INFO - Processing /home/airflow/.local/lib/python3.12/site-packages/airflow/example_dags/example_latest_only.py took 0.076 seconds
[2025-02-06T01:07:09.861+0000] {processor.py:186} INFO - Started process (PID=2738) to work on /home/airflow/.local/lib/python3.12/site-packages/airflow/example_dags/example_latest_only.py
[2025-02-06T01:07:09.862+0000] {processor.py:914} INFO - Processing file /home/airflow/.local/lib/python3.12/site-packages/airflow/example_dags/example_latest_only.py for tasks to queue
[2025-02-06T01:07:09.865+0000] {logging_mixin.py:190} INFO - [2025-02-06T01:07:09.865+0000] {dagbag.py:588} INFO - Filling up the DagBag from /home/airflow/.local/lib/python3.12/site-packages/airflow/example_dags/example_latest_only.py
[2025-02-06T01:07:09.876+0000] {processor.py:925} INFO - DAG(s) 'latest_only' retrieved from /home/airflow/.local/lib/python3.12/site-packages/airflow/example_dags/example_latest_only.py
[2025-02-06T01:07:09.896+0000] {logging_mixin.py:190} INFO - [2025-02-06T01:07:09.896+0000] {dag.py:3239} INFO - Sync 1 DAGs
[2025-02-06T01:07:09.933+0000] {logging_mixin.py:190} INFO - [2025-02-06T01:07:09.932+0000] {dag.py:4180} INFO - Setting next_dagrun for latest_only to 2025-02-05 20:00:00+00:00, run_after=2025-02-06 00:00:00+00:00
[2025-02-06T01:07:09.977+0000] {processor.py:208} INFO - Processing /home/airflow/.local/lib/python3.12/site-packages/airflow/example_dags/example_latest_only.py took 0.122 seconds
[2025-02-06T01:07:42.662+0000] {processor.py:186} INFO - Started process (PID=2801) to work on /home/airflow/.local/lib/python3.12/site-packages/airflow/example_dags/example_latest_only.py
[2025-02-06T01:07:42.663+0000] {processor.py:914} INFO - Processing file /home/airflow/.local/lib/python3.12/site-packages/airflow/example_dags/example_latest_only.py for tasks to queue
[2025-02-06T01:07:42.665+0000] {logging_mixin.py:190} INFO - [2025-02-06T01:07:42.665+0000] {dagbag.py:588} INFO - Filling up the DagBag from /home/airflow/.local/lib/python3.12/site-packages/airflow/example_dags/example_latest_only.py
[2025-02-06T01:07:42.673+0000] {processor.py:925} INFO - DAG(s) 'latest_only' retrieved from /home/airflow/.local/lib/python3.12/site-packages/airflow/example_dags/example_latest_only.py
[2025-02-06T01:07:42.691+0000] {logging_mixin.py:190} INFO - [2025-02-06T01:07:42.691+0000] {dag.py:3239} INFO - Sync 1 DAGs
[2025-02-06T01:07:42.714+0000] {logging_mixin.py:190} INFO - [2025-02-06T01:07:42.714+0000] {dag.py:4180} INFO - Setting next_dagrun for latest_only to 2025-02-05 20:00:00+00:00, run_after=2025-02-06 00:00:00+00:00
[2025-02-06T01:07:42.738+0000] {processor.py:208} INFO - Processing /home/airflow/.local/lib/python3.12/site-packages/airflow/example_dags/example_latest_only.py took 0.082 seconds
[2025-02-06T01:08:16.044+0000] {processor.py:186} INFO - Started process (PID=2864) to work on /home/airflow/.local/lib/python3.12/site-packages/airflow/example_dags/example_latest_only.py
[2025-02-06T01:08:16.055+0000] {processor.py:914} INFO - Processing file /home/airflow/.local/lib/python3.12/site-packages/airflow/example_dags/example_latest_only.py for tasks to queue
[2025-02-06T01:08:16.065+0000] {logging_mixin.py:190} INFO - [2025-02-06T01:08:16.061+0000] {dagbag.py:588} INFO - Filling up the DagBag from /home/airflow/.local/lib/python3.12/site-packages/airflow/example_dags/example_latest_only.py
[2025-02-06T01:08:16.076+0000] {processor.py:925} INFO - DAG(s) 'latest_only' retrieved from /home/airflow/.local/lib/python3.12/site-packages/airflow/example_dags/example_latest_only.py
[2025-02-06T01:08:16.104+0000] {logging_mixin.py:190} INFO - [2025-02-06T01:08:16.104+0000] {dag.py:3239} INFO - Sync 1 DAGs
[2025-02-06T01:08:16.151+0000] {logging_mixin.py:190} INFO - [2025-02-06T01:08:16.151+0000] {dag.py:4180} INFO - Setting next_dagrun for latest_only to 2025-02-05 20:00:00+00:00, run_after=2025-02-06 00:00:00+00:00
[2025-02-06T01:08:16.188+0000] {processor.py:208} INFO - Processing /home/airflow/.local/lib/python3.12/site-packages/airflow/example_dags/example_latest_only.py took 0.151 seconds
[2025-02-06T01:08:48.429+0000] {processor.py:186} INFO - Started process (PID=2927) to work on /home/airflow/.local/lib/python3.12/site-packages/airflow/example_dags/example_latest_only.py
[2025-02-06T01:08:48.430+0000] {processor.py:914} INFO - Processing file /home/airflow/.local/lib/python3.12/site-packages/airflow/example_dags/example_latest_only.py for tasks to queue
[2025-02-06T01:08:48.432+0000] {logging_mixin.py:190} INFO - [2025-02-06T01:08:48.432+0000] {dagbag.py:588} INFO - Filling up the DagBag from /home/airflow/.local/lib/python3.12/site-packages/airflow/example_dags/example_latest_only.py
[2025-02-06T01:08:48.442+0000] {processor.py:925} INFO - DAG(s) 'latest_only' retrieved from /home/airflow/.local/lib/python3.12/site-packages/airflow/example_dags/example_latest_only.py
[2025-02-06T01:08:48.470+0000] {logging_mixin.py:190} INFO - [2025-02-06T01:08:48.470+0000] {dag.py:3239} INFO - Sync 1 DAGs
[2025-02-06T01:08:48.493+0000] {logging_mixin.py:190} INFO - [2025-02-06T01:08:48.493+0000] {dag.py:4180} INFO - Setting next_dagrun for latest_only to 2025-02-05 20:00:00+00:00, run_after=2025-02-06 00:00:00+00:00
[2025-02-06T01:08:48.531+0000] {processor.py:208} INFO - Processing /home/airflow/.local/lib/python3.12/site-packages/airflow/example_dags/example_latest_only.py took 0.109 seconds
[2025-02-06T01:09:21.144+0000] {processor.py:186} INFO - Started process (PID=2990) to work on /home/airflow/.local/lib/python3.12/site-packages/airflow/example_dags/example_latest_only.py
[2025-02-06T01:09:21.145+0000] {processor.py:914} INFO - Processing file /home/airflow/.local/lib/python3.12/site-packages/airflow/example_dags/example_latest_only.py for tasks to queue
[2025-02-06T01:09:21.147+0000] {logging_mixin.py:190} INFO - [2025-02-06T01:09:21.147+0000] {dagbag.py:588} INFO - Filling up the DagBag from /home/airflow/.local/lib/python3.12/site-packages/airflow/example_dags/example_latest_only.py
[2025-02-06T01:09:21.154+0000] {processor.py:925} INFO - DAG(s) 'latest_only' retrieved from /home/airflow/.local/lib/python3.12/site-packages/airflow/example_dags/example_latest_only.py
[2025-02-06T01:09:21.173+0000] {logging_mixin.py:190} INFO - [2025-02-06T01:09:21.173+0000] {dag.py:3239} INFO - Sync 1 DAGs
[2025-02-06T01:09:21.204+0000] {logging_mixin.py:190} INFO - [2025-02-06T01:09:21.204+0000] {dag.py:4180} INFO - Setting next_dagrun for latest_only to 2025-02-05 20:00:00+00:00, run_after=2025-02-06 00:00:00+00:00
[2025-02-06T01:09:21.226+0000] {processor.py:208} INFO - Processing /home/airflow/.local/lib/python3.12/site-packages/airflow/example_dags/example_latest_only.py took 0.088 seconds
[2025-02-06T01:09:53.735+0000] {processor.py:186} INFO - Started process (PID=3053) to work on /home/airflow/.local/lib/python3.12/site-packages/airflow/example_dags/example_latest_only.py
[2025-02-06T01:09:53.736+0000] {processor.py:914} INFO - Processing file /home/airflow/.local/lib/python3.12/site-packages/airflow/example_dags/example_latest_only.py for tasks to queue
[2025-02-06T01:09:53.739+0000] {logging_mixin.py:190} INFO - [2025-02-06T01:09:53.739+0000] {dagbag.py:588} INFO - Filling up the DagBag from /home/airflow/.local/lib/python3.12/site-packages/airflow/example_dags/example_latest_only.py
[2025-02-06T01:09:53.745+0000] {processor.py:925} INFO - DAG(s) 'latest_only' retrieved from /home/airflow/.local/lib/python3.12/site-packages/airflow/example_dags/example_latest_only.py
[2025-02-06T01:09:53.771+0000] {logging_mixin.py:190} INFO - [2025-02-06T01:09:53.770+0000] {dag.py:3239} INFO - Sync 1 DAGs
[2025-02-06T01:09:53.800+0000] {logging_mixin.py:190} INFO - [2025-02-06T01:09:53.799+0000] {dag.py:4180} INFO - Setting next_dagrun for latest_only to 2025-02-05 20:00:00+00:00, run_after=2025-02-06 00:00:00+00:00
[2025-02-06T01:09:53.832+0000] {processor.py:208} INFO - Processing /home/airflow/.local/lib/python3.12/site-packages/airflow/example_dags/example_latest_only.py took 0.111 seconds
[2025-02-06T01:10:26.717+0000] {processor.py:186} INFO - Started process (PID=3115) to work on /home/airflow/.local/lib/python3.12/site-packages/airflow/example_dags/example_latest_only.py
[2025-02-06T01:10:26.719+0000] {processor.py:914} INFO - Processing file /home/airflow/.local/lib/python3.12/site-packages/airflow/example_dags/example_latest_only.py for tasks to queue
[2025-02-06T01:10:26.728+0000] {logging_mixin.py:190} INFO - [2025-02-06T01:10:26.727+0000] {dagbag.py:588} INFO - Filling up the DagBag from /home/airflow/.local/lib/python3.12/site-packages/airflow/example_dags/example_latest_only.py
[2025-02-06T01:10:26.742+0000] {processor.py:925} INFO - DAG(s) 'latest_only' retrieved from /home/airflow/.local/lib/python3.12/site-packages/airflow/example_dags/example_latest_only.py
[2025-02-06T01:10:26.777+0000] {logging_mixin.py:190} INFO - [2025-02-06T01:10:26.776+0000] {dag.py:3239} INFO - Sync 1 DAGs
[2025-02-06T01:10:27.130+0000] {logging_mixin.py:190} INFO - [2025-02-06T01:10:27.130+0000] {dag.py:4180} INFO - Setting next_dagrun for latest_only to 2025-02-05 20:00:00+00:00, run_after=2025-02-06 00:00:00+00:00
[2025-02-06T01:10:27.169+0000] {processor.py:208} INFO - Processing /home/airflow/.local/lib/python3.12/site-packages/airflow/example_dags/example_latest_only.py took 0.462 seconds
[2025-02-06T01:10:59.411+0000] {processor.py:186} INFO - Started process (PID=3178) to work on /home/airflow/.local/lib/python3.12/site-packages/airflow/example_dags/example_latest_only.py
[2025-02-06T01:10:59.413+0000] {processor.py:914} INFO - Processing file /home/airflow/.local/lib/python3.12/site-packages/airflow/example_dags/example_latest_only.py for tasks to queue
[2025-02-06T01:10:59.415+0000] {logging_mixin.py:190} INFO - [2025-02-06T01:10:59.415+0000] {dagbag.py:588} INFO - Filling up the DagBag from /home/airflow/.local/lib/python3.12/site-packages/airflow/example_dags/example_latest_only.py
[2025-02-06T01:10:59.421+0000] {processor.py:925} INFO - DAG(s) 'latest_only' retrieved from /home/airflow/.local/lib/python3.12/site-packages/airflow/example_dags/example_latest_only.py
[2025-02-06T01:10:59.445+0000] {logging_mixin.py:190} INFO - [2025-02-06T01:10:59.444+0000] {dag.py:3239} INFO - Sync 1 DAGs
[2025-02-06T01:10:59.477+0000] {logging_mixin.py:190} INFO - [2025-02-06T01:10:59.477+0000] {dag.py:4180} INFO - Setting next_dagrun for latest_only to 2025-02-05 20:00:00+00:00, run_after=2025-02-06 00:00:00+00:00
[2025-02-06T01:10:59.759+0000] {processor.py:208} INFO - Processing /home/airflow/.local/lib/python3.12/site-packages/airflow/example_dags/example_latest_only.py took 0.354 seconds
[2025-02-06T01:11:31.337+0000] {processor.py:186} INFO - Started process (PID=3241) to work on /home/airflow/.local/lib/python3.12/site-packages/airflow/example_dags/example_latest_only.py
[2025-02-06T01:11:31.338+0000] {processor.py:914} INFO - Processing file /home/airflow/.local/lib/python3.12/site-packages/airflow/example_dags/example_latest_only.py for tasks to queue
[2025-02-06T01:11:31.341+0000] {logging_mixin.py:190} INFO - [2025-02-06T01:11:31.340+0000] {dagbag.py:588} INFO - Filling up the DagBag from /home/airflow/.local/lib/python3.12/site-packages/airflow/example_dags/example_latest_only.py
[2025-02-06T01:11:31.347+0000] {processor.py:925} INFO - DAG(s) 'latest_only' retrieved from /home/airflow/.local/lib/python3.12/site-packages/airflow/example_dags/example_latest_only.py
[2025-02-06T01:11:31.366+0000] {logging_mixin.py:190} INFO - [2025-02-06T01:11:31.365+0000] {dag.py:3239} INFO - Sync 1 DAGs
[2025-02-06T01:11:31.386+0000] {logging_mixin.py:190} INFO - [2025-02-06T01:11:31.386+0000] {dag.py:4180} INFO - Setting next_dagrun for latest_only to 2025-02-05 20:00:00+00:00, run_after=2025-02-06 00:00:00+00:00
[2025-02-06T01:11:31.406+0000] {processor.py:208} INFO - Processing /home/airflow/.local/lib/python3.12/site-packages/airflow/example_dags/example_latest_only.py took 0.075 seconds
[2025-02-06T01:12:05.303+0000] {processor.py:186} INFO - Started process (PID=3305) to work on /home/airflow/.local/lib/python3.12/site-packages/airflow/example_dags/example_latest_only.py
[2025-02-06T01:12:05.308+0000] {processor.py:914} INFO - Processing file /home/airflow/.local/lib/python3.12/site-packages/airflow/example_dags/example_latest_only.py for tasks to queue
[2025-02-06T01:12:05.311+0000] {logging_mixin.py:190} INFO - [2025-02-06T01:12:05.310+0000] {dagbag.py:588} INFO - Filling up the DagBag from /home/airflow/.local/lib/python3.12/site-packages/airflow/example_dags/example_latest_only.py
[2025-02-06T01:12:05.322+0000] {processor.py:925} INFO - DAG(s) 'latest_only' retrieved from /home/airflow/.local/lib/python3.12/site-packages/airflow/example_dags/example_latest_only.py
[2025-02-06T01:12:05.348+0000] {logging_mixin.py:190} INFO - [2025-02-06T01:12:05.348+0000] {dag.py:3239} INFO - Sync 1 DAGs
[2025-02-06T01:12:05.374+0000] {logging_mixin.py:190} INFO - [2025-02-06T01:12:05.373+0000] {dag.py:4180} INFO - Setting next_dagrun for latest_only to 2025-02-05 20:00:00+00:00, run_after=2025-02-06 00:00:00+00:00
[2025-02-06T01:12:05.394+0000] {processor.py:208} INFO - Processing /home/airflow/.local/lib/python3.12/site-packages/airflow/example_dags/example_latest_only.py took 0.096 seconds
[2025-02-06T01:12:38.441+0000] {processor.py:186} INFO - Started process (PID=3368) to work on /home/airflow/.local/lib/python3.12/site-packages/airflow/example_dags/example_latest_only.py
[2025-02-06T01:12:38.442+0000] {processor.py:914} INFO - Processing file /home/airflow/.local/lib/python3.12/site-packages/airflow/example_dags/example_latest_only.py for tasks to queue
[2025-02-06T01:12:38.444+0000] {logging_mixin.py:190} INFO - [2025-02-06T01:12:38.444+0000] {dagbag.py:588} INFO - Filling up the DagBag from /home/airflow/.local/lib/python3.12/site-packages/airflow/example_dags/example_latest_only.py
[2025-02-06T01:12:38.451+0000] {processor.py:925} INFO - DAG(s) 'latest_only' retrieved from /home/airflow/.local/lib/python3.12/site-packages/airflow/example_dags/example_latest_only.py
[2025-02-06T01:12:38.468+0000] {logging_mixin.py:190} INFO - [2025-02-06T01:12:38.468+0000] {dag.py:3239} INFO - Sync 1 DAGs
[2025-02-06T01:12:38.491+0000] {logging_mixin.py:190} INFO - [2025-02-06T01:12:38.490+0000] {dag.py:4180} INFO - Setting next_dagrun for latest_only to 2025-02-05 20:00:00+00:00, run_after=2025-02-06 00:00:00+00:00
[2025-02-06T01:12:38.512+0000] {processor.py:208} INFO - Processing /home/airflow/.local/lib/python3.12/site-packages/airflow/example_dags/example_latest_only.py took 0.077 seconds
[2025-02-06T01:13:09.567+0000] {processor.py:186} INFO - Started process (PID=3432) to work on /home/airflow/.local/lib/python3.12/site-packages/airflow/example_dags/example_latest_only.py
[2025-02-06T01:13:09.568+0000] {processor.py:914} INFO - Processing file /home/airflow/.local/lib/python3.12/site-packages/airflow/example_dags/example_latest_only.py for tasks to queue
[2025-02-06T01:13:09.571+0000] {logging_mixin.py:190} INFO - [2025-02-06T01:13:09.571+0000] {dagbag.py:588} INFO - Filling up the DagBag from /home/airflow/.local/lib/python3.12/site-packages/airflow/example_dags/example_latest_only.py
[2025-02-06T01:13:09.578+0000] {processor.py:925} INFO - DAG(s) 'latest_only' retrieved from /home/airflow/.local/lib/python3.12/site-packages/airflow/example_dags/example_latest_only.py
[2025-02-06T01:13:09.601+0000] {logging_mixin.py:190} INFO - [2025-02-06T01:13:09.601+0000] {dag.py:3239} INFO - Sync 1 DAGs
[2025-02-06T01:13:09.621+0000] {logging_mixin.py:190} INFO - [2025-02-06T01:13:09.621+0000] {dag.py:4180} INFO - Setting next_dagrun for latest_only to 2025-02-05 20:00:00+00:00, run_after=2025-02-06 00:00:00+00:00
[2025-02-06T01:13:09.639+0000] {processor.py:208} INFO - Processing /home/airflow/.local/lib/python3.12/site-packages/airflow/example_dags/example_latest_only.py took 0.078 seconds
[2025-02-06T01:13:40.197+0000] {processor.py:186} INFO - Started process (PID=3495) to work on /home/airflow/.local/lib/python3.12/site-packages/airflow/example_dags/example_latest_only.py
[2025-02-06T01:13:40.200+0000] {processor.py:914} INFO - Processing file /home/airflow/.local/lib/python3.12/site-packages/airflow/example_dags/example_latest_only.py for tasks to queue
[2025-02-06T01:13:40.210+0000] {logging_mixin.py:190} INFO - [2025-02-06T01:13:40.209+0000] {dagbag.py:588} INFO - Filling up the DagBag from /home/airflow/.local/lib/python3.12/site-packages/airflow/example_dags/example_latest_only.py
[2025-02-06T01:13:40.218+0000] {processor.py:925} INFO - DAG(s) 'latest_only' retrieved from /home/airflow/.local/lib/python3.12/site-packages/airflow/example_dags/example_latest_only.py
[2025-02-06T01:13:40.240+0000] {logging_mixin.py:190} INFO - [2025-02-06T01:13:40.240+0000] {dag.py:3239} INFO - Sync 1 DAGs
[2025-02-06T01:13:40.263+0000] {logging_mixin.py:190} INFO - [2025-02-06T01:13:40.263+0000] {dag.py:4180} INFO - Setting next_dagrun for latest_only to 2025-02-05 20:00:00+00:00, run_after=2025-02-06 00:00:00+00:00
[2025-02-06T01:13:40.284+0000] {processor.py:208} INFO - Processing /home/airflow/.local/lib/python3.12/site-packages/airflow/example_dags/example_latest_only.py took 0.092 seconds
[2025-02-06T01:14:12.433+0000] {processor.py:186} INFO - Started process (PID=3558) to work on /home/airflow/.local/lib/python3.12/site-packages/airflow/example_dags/example_latest_only.py
[2025-02-06T01:14:12.434+0000] {processor.py:914} INFO - Processing file /home/airflow/.local/lib/python3.12/site-packages/airflow/example_dags/example_latest_only.py for tasks to queue
[2025-02-06T01:14:12.437+0000] {logging_mixin.py:190} INFO - [2025-02-06T01:14:12.436+0000] {dagbag.py:588} INFO - Filling up the DagBag from /home/airflow/.local/lib/python3.12/site-packages/airflow/example_dags/example_latest_only.py
[2025-02-06T01:14:12.443+0000] {processor.py:925} INFO - DAG(s) 'latest_only' retrieved from /home/airflow/.local/lib/python3.12/site-packages/airflow/example_dags/example_latest_only.py
[2025-02-06T01:14:12.464+0000] {logging_mixin.py:190} INFO - [2025-02-06T01:14:12.463+0000] {dag.py:3239} INFO - Sync 1 DAGs
[2025-02-06T01:14:12.490+0000] {logging_mixin.py:190} INFO - [2025-02-06T01:14:12.489+0000] {dag.py:4180} INFO - Setting next_dagrun for latest_only to 2025-02-05 20:00:00+00:00, run_after=2025-02-06 00:00:00+00:00
[2025-02-06T01:14:12.512+0000] {processor.py:208} INFO - Processing /home/airflow/.local/lib/python3.12/site-packages/airflow/example_dags/example_latest_only.py took 0.085 seconds
[2025-02-06T01:14:45.530+0000] {processor.py:186} INFO - Started process (PID=3621) to work on /home/airflow/.local/lib/python3.12/site-packages/airflow/example_dags/example_latest_only.py
[2025-02-06T01:14:45.531+0000] {processor.py:914} INFO - Processing file /home/airflow/.local/lib/python3.12/site-packages/airflow/example_dags/example_latest_only.py for tasks to queue
[2025-02-06T01:14:45.534+0000] {logging_mixin.py:190} INFO - [2025-02-06T01:14:45.534+0000] {dagbag.py:588} INFO - Filling up the DagBag from /home/airflow/.local/lib/python3.12/site-packages/airflow/example_dags/example_latest_only.py
[2025-02-06T01:14:45.542+0000] {processor.py:925} INFO - DAG(s) 'latest_only' retrieved from /home/airflow/.local/lib/python3.12/site-packages/airflow/example_dags/example_latest_only.py
[2025-02-06T01:14:45.562+0000] {logging_mixin.py:190} INFO - [2025-02-06T01:14:45.562+0000] {dag.py:3239} INFO - Sync 1 DAGs
[2025-02-06T01:14:45.583+0000] {logging_mixin.py:190} INFO - [2025-02-06T01:14:45.583+0000] {dag.py:4180} INFO - Setting next_dagrun for latest_only to 2025-02-05 20:00:00+00:00, run_after=2025-02-06 00:00:00+00:00
[2025-02-06T01:14:45.605+0000] {processor.py:208} INFO - Processing /home/airflow/.local/lib/python3.12/site-packages/airflow/example_dags/example_latest_only.py took 0.082 seconds
[2025-02-06T01:15:19.374+0000] {processor.py:186} INFO - Started process (PID=3684) to work on /home/airflow/.local/lib/python3.12/site-packages/airflow/example_dags/example_latest_only.py
[2025-02-06T01:15:19.375+0000] {processor.py:914} INFO - Processing file /home/airflow/.local/lib/python3.12/site-packages/airflow/example_dags/example_latest_only.py for tasks to queue
[2025-02-06T01:15:19.378+0000] {logging_mixin.py:190} INFO - [2025-02-06T01:15:19.377+0000] {dagbag.py:588} INFO - Filling up the DagBag from /home/airflow/.local/lib/python3.12/site-packages/airflow/example_dags/example_latest_only.py
[2025-02-06T01:15:19.384+0000] {processor.py:925} INFO - DAG(s) 'latest_only' retrieved from /home/airflow/.local/lib/python3.12/site-packages/airflow/example_dags/example_latest_only.py
[2025-02-06T01:15:19.402+0000] {logging_mixin.py:190} INFO - [2025-02-06T01:15:19.402+0000] {dag.py:3239} INFO - Sync 1 DAGs
[2025-02-06T01:15:19.421+0000] {logging_mixin.py:190} INFO - [2025-02-06T01:15:19.421+0000] {dag.py:4180} INFO - Setting next_dagrun for latest_only to 2025-02-05 20:00:00+00:00, run_after=2025-02-06 00:00:00+00:00
[2025-02-06T01:15:19.439+0000] {processor.py:208} INFO - Processing /home/airflow/.local/lib/python3.12/site-packages/airflow/example_dags/example_latest_only.py took 0.069 seconds
[2025-02-06T01:15:51.546+0000] {processor.py:186} INFO - Started process (PID=3747) to work on /home/airflow/.local/lib/python3.12/site-packages/airflow/example_dags/example_latest_only.py
[2025-02-06T01:15:51.546+0000] {processor.py:914} INFO - Processing file /home/airflow/.local/lib/python3.12/site-packages/airflow/example_dags/example_latest_only.py for tasks to queue
[2025-02-06T01:15:51.549+0000] {logging_mixin.py:190} INFO - [2025-02-06T01:15:51.548+0000] {dagbag.py:588} INFO - Filling up the DagBag from /home/airflow/.local/lib/python3.12/site-packages/airflow/example_dags/example_latest_only.py
[2025-02-06T01:15:51.554+0000] {processor.py:925} INFO - DAG(s) 'latest_only' retrieved from /home/airflow/.local/lib/python3.12/site-packages/airflow/example_dags/example_latest_only.py
[2025-02-06T01:15:51.573+0000] {logging_mixin.py:190} INFO - [2025-02-06T01:15:51.572+0000] {dag.py:3239} INFO - Sync 1 DAGs
[2025-02-06T01:15:51.595+0000] {logging_mixin.py:190} INFO - [2025-02-06T01:15:51.595+0000] {dag.py:4180} INFO - Setting next_dagrun for latest_only to 2025-02-05 20:00:00+00:00, run_after=2025-02-06 00:00:00+00:00
[2025-02-06T01:15:51.615+0000] {processor.py:208} INFO - Processing /home/airflow/.local/lib/python3.12/site-packages/airflow/example_dags/example_latest_only.py took 0.074 seconds
[2025-02-06T01:16:25.917+0000] {processor.py:186} INFO - Started process (PID=3810) to work on /home/airflow/.local/lib/python3.12/site-packages/airflow/example_dags/example_latest_only.py
[2025-02-06T01:16:25.919+0000] {processor.py:914} INFO - Processing file /home/airflow/.local/lib/python3.12/site-packages/airflow/example_dags/example_latest_only.py for tasks to queue
[2025-02-06T01:16:25.923+0000] {logging_mixin.py:190} INFO - [2025-02-06T01:16:25.923+0000] {dagbag.py:588} INFO - Filling up the DagBag from /home/airflow/.local/lib/python3.12/site-packages/airflow/example_dags/example_latest_only.py
[2025-02-06T01:16:25.935+0000] {processor.py:925} INFO - DAG(s) 'latest_only' retrieved from /home/airflow/.local/lib/python3.12/site-packages/airflow/example_dags/example_latest_only.py
[2025-02-06T01:16:25.976+0000] {logging_mixin.py:190} INFO - [2025-02-06T01:16:25.975+0000] {dag.py:3239} INFO - Sync 1 DAGs
[2025-02-06T01:16:26.026+0000] {logging_mixin.py:190} INFO - [2025-02-06T01:16:26.026+0000] {dag.py:4180} INFO - Setting next_dagrun for latest_only to 2025-02-05 20:00:00+00:00, run_after=2025-02-06 00:00:00+00:00
[2025-02-06T01:16:26.058+0000] {processor.py:208} INFO - Processing /home/airflow/.local/lib/python3.12/site-packages/airflow/example_dags/example_latest_only.py took 0.156 seconds
