[2025-02-06T00:44:36.168+0000] {processor.py:186} INFO - Started process (PID=92) to work on /home/airflow/.local/lib/python3.12/site-packages/airflow/example_dags/example_complex.py
[2025-02-06T00:44:36.169+0000] {processor.py:914} INFO - Processing file /home/airflow/.local/lib/python3.12/site-packages/airflow/example_dags/example_complex.py for tasks to queue
[2025-02-06T00:44:36.171+0000] {logging_mixin.py:190} INFO - [2025-02-06T00:44:36.171+0000] {dagbag.py:588} INFO - Filling up the DagBag from /home/airflow/.local/lib/python3.12/site-packages/airflow/example_dags/example_complex.py
[2025-02-06T00:44:36.183+0000] {processor.py:925} INFO - DAG(s) 'example_complex' retrieved from /home/airflow/.local/lib/python3.12/site-packages/airflow/example_dags/example_complex.py
[2025-02-06T00:44:36.288+0000] {logging_mixin.py:190} INFO - [2025-02-06T00:44:36.287+0000] {override.py:1911} INFO - Created Permission View: can delete on DAG:example_complex
[2025-02-06T00:44:36.298+0000] {logging_mixin.py:190} INFO - [2025-02-06T00:44:36.298+0000] {override.py:1911} INFO - Created Permission View: can edit on DAG:example_complex
[2025-02-06T00:44:36.306+0000] {logging_mixin.py:190} INFO - [2025-02-06T00:44:36.306+0000] {override.py:1911} INFO - Created Permission View: can read on DAG:example_complex
[2025-02-06T00:44:36.316+0000] {logging_mixin.py:190} INFO - [2025-02-06T00:44:36.315+0000] {override.py:1911} INFO - Created Permission View: menu access on DAG Run:example_complex
[2025-02-06T00:44:36.323+0000] {logging_mixin.py:190} INFO - [2025-02-06T00:44:36.323+0000] {override.py:1911} INFO - Created Permission View: can delete on DAG Run:example_complex
[2025-02-06T00:44:36.331+0000] {logging_mixin.py:190} INFO - [2025-02-06T00:44:36.331+0000] {override.py:1911} INFO - Created Permission View: can read on DAG Run:example_complex
[2025-02-06T00:44:36.339+0000] {logging_mixin.py:190} INFO - [2025-02-06T00:44:36.339+0000] {override.py:1911} INFO - Created Permission View: can create on DAG Run:example_complex
[2025-02-06T00:44:36.340+0000] {logging_mixin.py:190} INFO - [2025-02-06T00:44:36.340+0000] {dag.py:3239} INFO - Sync 1 DAGs
[2025-02-06T00:44:36.351+0000] {logging_mixin.py:190} INFO - [2025-02-06T00:44:36.351+0000] {dag.py:3262} INFO - Creating ORM DAG for example_complex
[2025-02-06T00:44:36.352+0000] {logging_mixin.py:190} INFO - [2025-02-06T00:44:36.352+0000] {dag.py:4180} INFO - Setting next_dagrun for example_complex to None, run_after=None
[2025-02-06T00:44:36.379+0000] {processor.py:208} INFO - Processing /home/airflow/.local/lib/python3.12/site-packages/airflow/example_dags/example_complex.py took 0.216 seconds
[2025-02-06T00:45:06.638+0000] {processor.py:186} INFO - Started process (PID=155) to work on /home/airflow/.local/lib/python3.12/site-packages/airflow/example_dags/example_complex.py
[2025-02-06T00:45:06.640+0000] {processor.py:914} INFO - Processing file /home/airflow/.local/lib/python3.12/site-packages/airflow/example_dags/example_complex.py for tasks to queue
[2025-02-06T00:45:06.644+0000] {logging_mixin.py:190} INFO - [2025-02-06T00:45:06.644+0000] {dagbag.py:588} INFO - Filling up the DagBag from /home/airflow/.local/lib/python3.12/site-packages/airflow/example_dags/example_complex.py
[2025-02-06T00:45:06.656+0000] {processor.py:925} INFO - DAG(s) 'example_complex' retrieved from /home/airflow/.local/lib/python3.12/site-packages/airflow/example_dags/example_complex.py
[2025-02-06T00:45:06.681+0000] {logging_mixin.py:190} INFO - [2025-02-06T00:45:06.681+0000] {dag.py:3239} INFO - Sync 1 DAGs
[2025-02-06T00:45:06.693+0000] {logging_mixin.py:190} INFO - [2025-02-06T00:45:06.692+0000] {dag.py:4180} INFO - Setting next_dagrun for example_complex to None, run_after=None
[2025-02-06T00:45:06.710+0000] {processor.py:208} INFO - Processing /home/airflow/.local/lib/python3.12/site-packages/airflow/example_dags/example_complex.py took 0.078 seconds
[2025-02-06T00:45:37.276+0000] {processor.py:186} INFO - Started process (PID=218) to work on /home/airflow/.local/lib/python3.12/site-packages/airflow/example_dags/example_complex.py
[2025-02-06T00:45:37.277+0000] {processor.py:914} INFO - Processing file /home/airflow/.local/lib/python3.12/site-packages/airflow/example_dags/example_complex.py for tasks to queue
[2025-02-06T00:45:37.278+0000] {logging_mixin.py:190} INFO - [2025-02-06T00:45:37.278+0000] {dagbag.py:588} INFO - Filling up the DagBag from /home/airflow/.local/lib/python3.12/site-packages/airflow/example_dags/example_complex.py
[2025-02-06T00:45:37.287+0000] {processor.py:925} INFO - DAG(s) 'example_complex' retrieved from /home/airflow/.local/lib/python3.12/site-packages/airflow/example_dags/example_complex.py
[2025-02-06T00:45:37.311+0000] {logging_mixin.py:190} INFO - [2025-02-06T00:45:37.311+0000] {dag.py:3239} INFO - Sync 1 DAGs
[2025-02-06T00:45:37.322+0000] {logging_mixin.py:190} INFO - [2025-02-06T00:45:37.322+0000] {dag.py:4180} INFO - Setting next_dagrun for example_complex to None, run_after=None
[2025-02-06T00:45:37.339+0000] {processor.py:208} INFO - Processing /home/airflow/.local/lib/python3.12/site-packages/airflow/example_dags/example_complex.py took 0.067 seconds
[2025-02-06T00:46:08.511+0000] {processor.py:186} INFO - Started process (PID=281) to work on /home/airflow/.local/lib/python3.12/site-packages/airflow/example_dags/example_complex.py
[2025-02-06T00:46:08.512+0000] {processor.py:914} INFO - Processing file /home/airflow/.local/lib/python3.12/site-packages/airflow/example_dags/example_complex.py for tasks to queue
[2025-02-06T00:46:08.514+0000] {logging_mixin.py:190} INFO - [2025-02-06T00:46:08.514+0000] {dagbag.py:588} INFO - Filling up the DagBag from /home/airflow/.local/lib/python3.12/site-packages/airflow/example_dags/example_complex.py
[2025-02-06T00:46:08.524+0000] {processor.py:925} INFO - DAG(s) 'example_complex' retrieved from /home/airflow/.local/lib/python3.12/site-packages/airflow/example_dags/example_complex.py
[2025-02-06T00:46:08.554+0000] {logging_mixin.py:190} INFO - [2025-02-06T00:46:08.554+0000] {dag.py:3239} INFO - Sync 1 DAGs
[2025-02-06T00:46:08.569+0000] {logging_mixin.py:190} INFO - [2025-02-06T00:46:08.569+0000] {dag.py:4180} INFO - Setting next_dagrun for example_complex to None, run_after=None
[2025-02-06T00:46:08.594+0000] {processor.py:208} INFO - Processing /home/airflow/.local/lib/python3.12/site-packages/airflow/example_dags/example_complex.py took 0.087 seconds
[2025-02-06T00:46:39.804+0000] {processor.py:186} INFO - Started process (PID=338) to work on /home/airflow/.local/lib/python3.12/site-packages/airflow/example_dags/example_complex.py
[2025-02-06T00:46:39.806+0000] {processor.py:914} INFO - Processing file /home/airflow/.local/lib/python3.12/site-packages/airflow/example_dags/example_complex.py for tasks to queue
[2025-02-06T00:46:39.809+0000] {logging_mixin.py:190} INFO - [2025-02-06T00:46:39.808+0000] {dagbag.py:588} INFO - Filling up the DagBag from /home/airflow/.local/lib/python3.12/site-packages/airflow/example_dags/example_complex.py
[2025-02-06T00:46:39.823+0000] {processor.py:925} INFO - DAG(s) 'example_complex' retrieved from /home/airflow/.local/lib/python3.12/site-packages/airflow/example_dags/example_complex.py
[2025-02-06T00:46:39.863+0000] {logging_mixin.py:190} INFO - [2025-02-06T00:46:39.863+0000] {dag.py:3239} INFO - Sync 1 DAGs
[2025-02-06T00:46:39.885+0000] {logging_mixin.py:190} INFO - [2025-02-06T00:46:39.884+0000] {dag.py:4180} INFO - Setting next_dagrun for example_complex to None, run_after=None
[2025-02-06T00:46:39.916+0000] {processor.py:208} INFO - Processing /home/airflow/.local/lib/python3.12/site-packages/airflow/example_dags/example_complex.py took 0.118 seconds
[2025-02-06T00:47:10.830+0000] {processor.py:186} INFO - Started process (PID=401) to work on /home/airflow/.local/lib/python3.12/site-packages/airflow/example_dags/example_complex.py
[2025-02-06T00:47:10.832+0000] {processor.py:914} INFO - Processing file /home/airflow/.local/lib/python3.12/site-packages/airflow/example_dags/example_complex.py for tasks to queue
[2025-02-06T00:47:10.834+0000] {logging_mixin.py:190} INFO - [2025-02-06T00:47:10.833+0000] {dagbag.py:588} INFO - Filling up the DagBag from /home/airflow/.local/lib/python3.12/site-packages/airflow/example_dags/example_complex.py
[2025-02-06T00:47:10.844+0000] {processor.py:925} INFO - DAG(s) 'example_complex' retrieved from /home/airflow/.local/lib/python3.12/site-packages/airflow/example_dags/example_complex.py
[2025-02-06T00:47:10.870+0000] {logging_mixin.py:190} INFO - [2025-02-06T00:47:10.870+0000] {dag.py:3239} INFO - Sync 1 DAGs
[2025-02-06T00:47:10.882+0000] {logging_mixin.py:190} INFO - [2025-02-06T00:47:10.882+0000] {dag.py:4180} INFO - Setting next_dagrun for example_complex to None, run_after=None
[2025-02-06T00:47:10.900+0000] {processor.py:208} INFO - Processing /home/airflow/.local/lib/python3.12/site-packages/airflow/example_dags/example_complex.py took 0.075 seconds
[2025-02-06T00:47:42.021+0000] {processor.py:186} INFO - Started process (PID=465) to work on /home/airflow/.local/lib/python3.12/site-packages/airflow/example_dags/example_complex.py
[2025-02-06T00:47:42.022+0000] {processor.py:914} INFO - Processing file /home/airflow/.local/lib/python3.12/site-packages/airflow/example_dags/example_complex.py for tasks to queue
[2025-02-06T00:47:42.028+0000] {logging_mixin.py:190} INFO - [2025-02-06T00:47:42.028+0000] {dagbag.py:588} INFO - Filling up the DagBag from /home/airflow/.local/lib/python3.12/site-packages/airflow/example_dags/example_complex.py
[2025-02-06T00:47:42.044+0000] {processor.py:925} INFO - DAG(s) 'example_complex' retrieved from /home/airflow/.local/lib/python3.12/site-packages/airflow/example_dags/example_complex.py
[2025-02-06T00:47:42.085+0000] {logging_mixin.py:190} INFO - [2025-02-06T00:47:42.085+0000] {dag.py:3239} INFO - Sync 1 DAGs
[2025-02-06T00:47:42.105+0000] {logging_mixin.py:190} INFO - [2025-02-06T00:47:42.105+0000] {dag.py:4180} INFO - Setting next_dagrun for example_complex to None, run_after=None
[2025-02-06T00:47:42.162+0000] {processor.py:208} INFO - Processing /home/airflow/.local/lib/python3.12/site-packages/airflow/example_dags/example_complex.py took 0.147 seconds
[2025-02-06T00:48:12.782+0000] {processor.py:186} INFO - Started process (PID=527) to work on /home/airflow/.local/lib/python3.12/site-packages/airflow/example_dags/example_complex.py
[2025-02-06T00:48:12.783+0000] {processor.py:914} INFO - Processing file /home/airflow/.local/lib/python3.12/site-packages/airflow/example_dags/example_complex.py for tasks to queue
[2025-02-06T00:48:12.785+0000] {logging_mixin.py:190} INFO - [2025-02-06T00:48:12.785+0000] {dagbag.py:588} INFO - Filling up the DagBag from /home/airflow/.local/lib/python3.12/site-packages/airflow/example_dags/example_complex.py
[2025-02-06T00:48:12.798+0000] {processor.py:925} INFO - DAG(s) 'example_complex' retrieved from /home/airflow/.local/lib/python3.12/site-packages/airflow/example_dags/example_complex.py
[2025-02-06T00:48:12.828+0000] {logging_mixin.py:190} INFO - [2025-02-06T00:48:12.828+0000] {dag.py:3239} INFO - Sync 1 DAGs
[2025-02-06T00:48:12.842+0000] {logging_mixin.py:190} INFO - [2025-02-06T00:48:12.842+0000] {dag.py:4180} INFO - Setting next_dagrun for example_complex to None, run_after=None
[2025-02-06T00:48:12.864+0000] {processor.py:208} INFO - Processing /home/airflow/.local/lib/python3.12/site-packages/airflow/example_dags/example_complex.py took 0.089 seconds
[2025-02-06T00:48:43.748+0000] {processor.py:186} INFO - Started process (PID=590) to work on /home/airflow/.local/lib/python3.12/site-packages/airflow/example_dags/example_complex.py
[2025-02-06T00:48:43.749+0000] {processor.py:914} INFO - Processing file /home/airflow/.local/lib/python3.12/site-packages/airflow/example_dags/example_complex.py for tasks to queue
[2025-02-06T00:48:43.751+0000] {logging_mixin.py:190} INFO - [2025-02-06T00:48:43.751+0000] {dagbag.py:588} INFO - Filling up the DagBag from /home/airflow/.local/lib/python3.12/site-packages/airflow/example_dags/example_complex.py
[2025-02-06T00:48:43.762+0000] {processor.py:925} INFO - DAG(s) 'example_complex' retrieved from /home/airflow/.local/lib/python3.12/site-packages/airflow/example_dags/example_complex.py
[2025-02-06T00:48:43.791+0000] {logging_mixin.py:190} INFO - [2025-02-06T00:48:43.791+0000] {dag.py:3239} INFO - Sync 1 DAGs
[2025-02-06T00:48:43.814+0000] {logging_mixin.py:190} INFO - [2025-02-06T00:48:43.813+0000] {dag.py:4180} INFO - Setting next_dagrun for example_complex to None, run_after=None
[2025-02-06T00:48:43.856+0000] {processor.py:208} INFO - Processing /home/airflow/.local/lib/python3.12/site-packages/airflow/example_dags/example_complex.py took 0.113 seconds
[2025-02-06T00:49:15.119+0000] {processor.py:186} INFO - Started process (PID=653) to work on /home/airflow/.local/lib/python3.12/site-packages/airflow/example_dags/example_complex.py
[2025-02-06T00:49:15.120+0000] {processor.py:914} INFO - Processing file /home/airflow/.local/lib/python3.12/site-packages/airflow/example_dags/example_complex.py for tasks to queue
[2025-02-06T00:49:15.123+0000] {logging_mixin.py:190} INFO - [2025-02-06T00:49:15.122+0000] {dagbag.py:588} INFO - Filling up the DagBag from /home/airflow/.local/lib/python3.12/site-packages/airflow/example_dags/example_complex.py
[2025-02-06T00:49:15.135+0000] {processor.py:925} INFO - DAG(s) 'example_complex' retrieved from /home/airflow/.local/lib/python3.12/site-packages/airflow/example_dags/example_complex.py
[2025-02-06T00:49:15.171+0000] {logging_mixin.py:190} INFO - [2025-02-06T00:49:15.170+0000] {dag.py:3239} INFO - Sync 1 DAGs
[2025-02-06T00:49:15.212+0000] {logging_mixin.py:190} INFO - [2025-02-06T00:49:15.212+0000] {dag.py:4180} INFO - Setting next_dagrun for example_complex to None, run_after=None
[2025-02-06T00:49:15.254+0000] {processor.py:208} INFO - Processing /home/airflow/.local/lib/python3.12/site-packages/airflow/example_dags/example_complex.py took 0.140 seconds
[2025-02-06T00:49:46.652+0000] {processor.py:186} INFO - Started process (PID=716) to work on /home/airflow/.local/lib/python3.12/site-packages/airflow/example_dags/example_complex.py
[2025-02-06T00:49:46.653+0000] {processor.py:914} INFO - Processing file /home/airflow/.local/lib/python3.12/site-packages/airflow/example_dags/example_complex.py for tasks to queue
[2025-02-06T00:49:46.655+0000] {logging_mixin.py:190} INFO - [2025-02-06T00:49:46.655+0000] {dagbag.py:588} INFO - Filling up the DagBag from /home/airflow/.local/lib/python3.12/site-packages/airflow/example_dags/example_complex.py
[2025-02-06T00:49:46.664+0000] {processor.py:925} INFO - DAG(s) 'example_complex' retrieved from /home/airflow/.local/lib/python3.12/site-packages/airflow/example_dags/example_complex.py
[2025-02-06T00:49:46.689+0000] {logging_mixin.py:190} INFO - [2025-02-06T00:49:46.689+0000] {dag.py:3239} INFO - Sync 1 DAGs
[2025-02-06T00:49:46.701+0000] {logging_mixin.py:190} INFO - [2025-02-06T00:49:46.700+0000] {dag.py:4180} INFO - Setting next_dagrun for example_complex to None, run_after=None
[2025-02-06T00:49:46.717+0000] {processor.py:208} INFO - Processing /home/airflow/.local/lib/python3.12/site-packages/airflow/example_dags/example_complex.py took 0.070 seconds
[2025-02-06T00:50:18.078+0000] {processor.py:186} INFO - Started process (PID=780) to work on /home/airflow/.local/lib/python3.12/site-packages/airflow/example_dags/example_complex.py
[2025-02-06T00:50:18.079+0000] {processor.py:914} INFO - Processing file /home/airflow/.local/lib/python3.12/site-packages/airflow/example_dags/example_complex.py for tasks to queue
[2025-02-06T00:50:18.082+0000] {logging_mixin.py:190} INFO - [2025-02-06T00:50:18.081+0000] {dagbag.py:588} INFO - Filling up the DagBag from /home/airflow/.local/lib/python3.12/site-packages/airflow/example_dags/example_complex.py
[2025-02-06T00:50:18.093+0000] {processor.py:925} INFO - DAG(s) 'example_complex' retrieved from /home/airflow/.local/lib/python3.12/site-packages/airflow/example_dags/example_complex.py
[2025-02-06T00:50:18.123+0000] {logging_mixin.py:190} INFO - [2025-02-06T00:50:18.122+0000] {dag.py:3239} INFO - Sync 1 DAGs
[2025-02-06T00:50:18.135+0000] {logging_mixin.py:190} INFO - [2025-02-06T00:50:18.135+0000] {dag.py:4180} INFO - Setting next_dagrun for example_complex to None, run_after=None
[2025-02-06T00:50:18.154+0000] {processor.py:208} INFO - Processing /home/airflow/.local/lib/python3.12/site-packages/airflow/example_dags/example_complex.py took 0.081 seconds
[2025-02-06T00:50:48.985+0000] {processor.py:186} INFO - Started process (PID=843) to work on /home/airflow/.local/lib/python3.12/site-packages/airflow/example_dags/example_complex.py
[2025-02-06T00:50:48.986+0000] {processor.py:914} INFO - Processing file /home/airflow/.local/lib/python3.12/site-packages/airflow/example_dags/example_complex.py for tasks to queue
[2025-02-06T00:50:48.988+0000] {logging_mixin.py:190} INFO - [2025-02-06T00:50:48.988+0000] {dagbag.py:588} INFO - Filling up the DagBag from /home/airflow/.local/lib/python3.12/site-packages/airflow/example_dags/example_complex.py
[2025-02-06T00:50:48.997+0000] {processor.py:925} INFO - DAG(s) 'example_complex' retrieved from /home/airflow/.local/lib/python3.12/site-packages/airflow/example_dags/example_complex.py
[2025-02-06T00:50:49.023+0000] {logging_mixin.py:190} INFO - [2025-02-06T00:50:49.023+0000] {dag.py:3239} INFO - Sync 1 DAGs
[2025-02-06T00:50:49.035+0000] {logging_mixin.py:190} INFO - [2025-02-06T00:50:49.035+0000] {dag.py:4180} INFO - Setting next_dagrun for example_complex to None, run_after=None
[2025-02-06T00:50:49.053+0000] {processor.py:208} INFO - Processing /home/airflow/.local/lib/python3.12/site-packages/airflow/example_dags/example_complex.py took 0.071 seconds
[2025-02-06T00:51:21.867+0000] {processor.py:186} INFO - Started process (PID=906) to work on /home/airflow/.local/lib/python3.12/site-packages/airflow/example_dags/example_complex.py
[2025-02-06T00:51:21.868+0000] {processor.py:914} INFO - Processing file /home/airflow/.local/lib/python3.12/site-packages/airflow/example_dags/example_complex.py for tasks to queue
[2025-02-06T00:51:21.873+0000] {logging_mixin.py:190} INFO - [2025-02-06T00:51:21.871+0000] {dagbag.py:588} INFO - Filling up the DagBag from /home/airflow/.local/lib/python3.12/site-packages/airflow/example_dags/example_complex.py
[2025-02-06T00:51:21.882+0000] {processor.py:925} INFO - DAG(s) 'example_complex' retrieved from /home/airflow/.local/lib/python3.12/site-packages/airflow/example_dags/example_complex.py
[2025-02-06T00:51:21.932+0000] {logging_mixin.py:190} INFO - [2025-02-06T00:51:21.931+0000] {dag.py:3239} INFO - Sync 1 DAGs
[2025-02-06T00:51:21.958+0000] {logging_mixin.py:190} INFO - [2025-02-06T00:51:21.957+0000] {dag.py:4180} INFO - Setting next_dagrun for example_complex to None, run_after=None
[2025-02-06T00:51:21.980+0000] {processor.py:208} INFO - Processing /home/airflow/.local/lib/python3.12/site-packages/airflow/example_dags/example_complex.py took 0.119 seconds
[2025-02-06T00:51:55.245+0000] {processor.py:186} INFO - Started process (PID=969) to work on /home/airflow/.local/lib/python3.12/site-packages/airflow/example_dags/example_complex.py
[2025-02-06T00:51:55.247+0000] {processor.py:914} INFO - Processing file /home/airflow/.local/lib/python3.12/site-packages/airflow/example_dags/example_complex.py for tasks to queue
[2025-02-06T00:51:55.251+0000] {logging_mixin.py:190} INFO - [2025-02-06T00:51:55.250+0000] {dagbag.py:588} INFO - Filling up the DagBag from /home/airflow/.local/lib/python3.12/site-packages/airflow/example_dags/example_complex.py
[2025-02-06T00:51:55.268+0000] {processor.py:925} INFO - DAG(s) 'example_complex' retrieved from /home/airflow/.local/lib/python3.12/site-packages/airflow/example_dags/example_complex.py
[2025-02-06T00:51:55.313+0000] {logging_mixin.py:190} INFO - [2025-02-06T00:51:55.313+0000] {dag.py:3239} INFO - Sync 1 DAGs
[2025-02-06T00:51:55.330+0000] {logging_mixin.py:190} INFO - [2025-02-06T00:51:55.329+0000] {dag.py:4180} INFO - Setting next_dagrun for example_complex to None, run_after=None
[2025-02-06T00:51:55.356+0000] {processor.py:208} INFO - Processing /home/airflow/.local/lib/python3.12/site-packages/airflow/example_dags/example_complex.py took 0.119 seconds
[2025-02-06T00:52:26.389+0000] {processor.py:186} INFO - Started process (PID=1032) to work on /home/airflow/.local/lib/python3.12/site-packages/airflow/example_dags/example_complex.py
[2025-02-06T00:52:26.390+0000] {processor.py:914} INFO - Processing file /home/airflow/.local/lib/python3.12/site-packages/airflow/example_dags/example_complex.py for tasks to queue
[2025-02-06T00:52:26.393+0000] {logging_mixin.py:190} INFO - [2025-02-06T00:52:26.392+0000] {dagbag.py:588} INFO - Filling up the DagBag from /home/airflow/.local/lib/python3.12/site-packages/airflow/example_dags/example_complex.py
[2025-02-06T00:52:26.403+0000] {processor.py:925} INFO - DAG(s) 'example_complex' retrieved from /home/airflow/.local/lib/python3.12/site-packages/airflow/example_dags/example_complex.py
[2025-02-06T00:52:26.434+0000] {logging_mixin.py:190} INFO - [2025-02-06T00:52:26.433+0000] {dag.py:3239} INFO - Sync 1 DAGs
[2025-02-06T00:52:26.458+0000] {logging_mixin.py:190} INFO - [2025-02-06T00:52:26.458+0000] {dag.py:4180} INFO - Setting next_dagrun for example_complex to None, run_after=None
[2025-02-06T00:52:26.497+0000] {processor.py:208} INFO - Processing /home/airflow/.local/lib/python3.12/site-packages/airflow/example_dags/example_complex.py took 0.115 seconds
[2025-02-06T00:52:58.994+0000] {processor.py:186} INFO - Started process (PID=1095) to work on /home/airflow/.local/lib/python3.12/site-packages/airflow/example_dags/example_complex.py
[2025-02-06T00:52:58.996+0000] {processor.py:914} INFO - Processing file /home/airflow/.local/lib/python3.12/site-packages/airflow/example_dags/example_complex.py for tasks to queue
[2025-02-06T00:52:58.998+0000] {logging_mixin.py:190} INFO - [2025-02-06T00:52:58.998+0000] {dagbag.py:588} INFO - Filling up the DagBag from /home/airflow/.local/lib/python3.12/site-packages/airflow/example_dags/example_complex.py
[2025-02-06T00:52:59.008+0000] {processor.py:925} INFO - DAG(s) 'example_complex' retrieved from /home/airflow/.local/lib/python3.12/site-packages/airflow/example_dags/example_complex.py
[2025-02-06T00:52:59.037+0000] {logging_mixin.py:190} INFO - [2025-02-06T00:52:59.036+0000] {dag.py:3239} INFO - Sync 1 DAGs
[2025-02-06T00:52:59.052+0000] {logging_mixin.py:190} INFO - [2025-02-06T00:52:59.051+0000] {dag.py:4180} INFO - Setting next_dagrun for example_complex to None, run_after=None
[2025-02-06T00:52:59.076+0000] {processor.py:208} INFO - Processing /home/airflow/.local/lib/python3.12/site-packages/airflow/example_dags/example_complex.py took 0.088 seconds
[2025-02-06T00:53:31.379+0000] {processor.py:186} INFO - Started process (PID=1158) to work on /home/airflow/.local/lib/python3.12/site-packages/airflow/example_dags/example_complex.py
[2025-02-06T00:53:31.380+0000] {processor.py:914} INFO - Processing file /home/airflow/.local/lib/python3.12/site-packages/airflow/example_dags/example_complex.py for tasks to queue
[2025-02-06T00:53:31.382+0000] {logging_mixin.py:190} INFO - [2025-02-06T00:53:31.382+0000] {dagbag.py:588} INFO - Filling up the DagBag from /home/airflow/.local/lib/python3.12/site-packages/airflow/example_dags/example_complex.py
[2025-02-06T00:53:31.392+0000] {processor.py:925} INFO - DAG(s) 'example_complex' retrieved from /home/airflow/.local/lib/python3.12/site-packages/airflow/example_dags/example_complex.py
[2025-02-06T00:53:31.423+0000] {logging_mixin.py:190} INFO - [2025-02-06T00:53:31.423+0000] {dag.py:3239} INFO - Sync 1 DAGs
[2025-02-06T00:53:31.440+0000] {logging_mixin.py:190} INFO - [2025-02-06T00:53:31.440+0000] {dag.py:4180} INFO - Setting next_dagrun for example_complex to None, run_after=None
[2025-02-06T00:53:31.463+0000] {processor.py:208} INFO - Processing /home/airflow/.local/lib/python3.12/site-packages/airflow/example_dags/example_complex.py took 0.089 seconds
[2025-02-06T00:54:04.804+0000] {processor.py:186} INFO - Started process (PID=1221) to work on /home/airflow/.local/lib/python3.12/site-packages/airflow/example_dags/example_complex.py
[2025-02-06T00:54:04.805+0000] {processor.py:914} INFO - Processing file /home/airflow/.local/lib/python3.12/site-packages/airflow/example_dags/example_complex.py for tasks to queue
[2025-02-06T00:54:04.807+0000] {logging_mixin.py:190} INFO - [2025-02-06T00:54:04.807+0000] {dagbag.py:588} INFO - Filling up the DagBag from /home/airflow/.local/lib/python3.12/site-packages/airflow/example_dags/example_complex.py
[2025-02-06T00:54:04.818+0000] {processor.py:925} INFO - DAG(s) 'example_complex' retrieved from /home/airflow/.local/lib/python3.12/site-packages/airflow/example_dags/example_complex.py
[2025-02-06T00:54:04.860+0000] {logging_mixin.py:190} INFO - [2025-02-06T00:54:04.859+0000] {dag.py:3239} INFO - Sync 1 DAGs
[2025-02-06T00:54:04.877+0000] {logging_mixin.py:190} INFO - [2025-02-06T00:54:04.876+0000] {dag.py:4180} INFO - Setting next_dagrun for example_complex to None, run_after=None
[2025-02-06T00:54:04.901+0000] {processor.py:208} INFO - Processing /home/airflow/.local/lib/python3.12/site-packages/airflow/example_dags/example_complex.py took 0.102 seconds
[2025-02-06T00:54:37.090+0000] {processor.py:186} INFO - Started process (PID=1284) to work on /home/airflow/.local/lib/python3.12/site-packages/airflow/example_dags/example_complex.py
[2025-02-06T00:54:37.091+0000] {processor.py:914} INFO - Processing file /home/airflow/.local/lib/python3.12/site-packages/airflow/example_dags/example_complex.py for tasks to queue
[2025-02-06T00:54:37.094+0000] {logging_mixin.py:190} INFO - [2025-02-06T00:54:37.093+0000] {dagbag.py:588} INFO - Filling up the DagBag from /home/airflow/.local/lib/python3.12/site-packages/airflow/example_dags/example_complex.py
[2025-02-06T00:54:37.104+0000] {processor.py:925} INFO - DAG(s) 'example_complex' retrieved from /home/airflow/.local/lib/python3.12/site-packages/airflow/example_dags/example_complex.py
[2025-02-06T00:54:37.140+0000] {logging_mixin.py:190} INFO - [2025-02-06T00:54:37.139+0000] {dag.py:3239} INFO - Sync 1 DAGs
[2025-02-06T00:54:37.156+0000] {logging_mixin.py:190} INFO - [2025-02-06T00:54:37.156+0000] {dag.py:4180} INFO - Setting next_dagrun for example_complex to None, run_after=None
[2025-02-06T00:54:37.183+0000] {processor.py:208} INFO - Processing /home/airflow/.local/lib/python3.12/site-packages/airflow/example_dags/example_complex.py took 0.097 seconds
[2025-02-06T00:55:09.855+0000] {processor.py:186} INFO - Started process (PID=1347) to work on /home/airflow/.local/lib/python3.12/site-packages/airflow/example_dags/example_complex.py
[2025-02-06T00:55:09.865+0000] {processor.py:914} INFO - Processing file /home/airflow/.local/lib/python3.12/site-packages/airflow/example_dags/example_complex.py for tasks to queue
[2025-02-06T00:55:09.869+0000] {logging_mixin.py:190} INFO - [2025-02-06T00:55:09.868+0000] {dagbag.py:588} INFO - Filling up the DagBag from /home/airflow/.local/lib/python3.12/site-packages/airflow/example_dags/example_complex.py
[2025-02-06T00:55:09.888+0000] {processor.py:925} INFO - DAG(s) 'example_complex' retrieved from /home/airflow/.local/lib/python3.12/site-packages/airflow/example_dags/example_complex.py
[2025-02-06T00:55:09.933+0000] {logging_mixin.py:190} INFO - [2025-02-06T00:55:09.933+0000] {dag.py:3239} INFO - Sync 1 DAGs
[2025-02-06T00:55:09.949+0000] {logging_mixin.py:190} INFO - [2025-02-06T00:55:09.948+0000] {dag.py:4180} INFO - Setting next_dagrun for example_complex to None, run_after=None
[2025-02-06T00:55:09.970+0000] {processor.py:208} INFO - Processing /home/airflow/.local/lib/python3.12/site-packages/airflow/example_dags/example_complex.py took 0.120 seconds
[2025-02-06T00:55:42.718+0000] {processor.py:186} INFO - Started process (PID=1410) to work on /home/airflow/.local/lib/python3.12/site-packages/airflow/example_dags/example_complex.py
[2025-02-06T00:55:42.719+0000] {processor.py:914} INFO - Processing file /home/airflow/.local/lib/python3.12/site-packages/airflow/example_dags/example_complex.py for tasks to queue
[2025-02-06T00:55:42.721+0000] {logging_mixin.py:190} INFO - [2025-02-06T00:55:42.721+0000] {dagbag.py:588} INFO - Filling up the DagBag from /home/airflow/.local/lib/python3.12/site-packages/airflow/example_dags/example_complex.py
[2025-02-06T00:55:42.733+0000] {processor.py:925} INFO - DAG(s) 'example_complex' retrieved from /home/airflow/.local/lib/python3.12/site-packages/airflow/example_dags/example_complex.py
[2025-02-06T00:55:42.765+0000] {logging_mixin.py:190} INFO - [2025-02-06T00:55:42.764+0000] {dag.py:3239} INFO - Sync 1 DAGs
[2025-02-06T00:55:42.776+0000] {logging_mixin.py:190} INFO - [2025-02-06T00:55:42.776+0000] {dag.py:4180} INFO - Setting next_dagrun for example_complex to None, run_after=None
[2025-02-06T00:55:42.795+0000] {processor.py:208} INFO - Processing /home/airflow/.local/lib/python3.12/site-packages/airflow/example_dags/example_complex.py took 0.082 seconds
[2025-02-06T00:56:15.324+0000] {processor.py:186} INFO - Started process (PID=1473) to work on /home/airflow/.local/lib/python3.12/site-packages/airflow/example_dags/example_complex.py
[2025-02-06T00:56:15.325+0000] {processor.py:914} INFO - Processing file /home/airflow/.local/lib/python3.12/site-packages/airflow/example_dags/example_complex.py for tasks to queue
[2025-02-06T00:56:15.327+0000] {logging_mixin.py:190} INFO - [2025-02-06T00:56:15.327+0000] {dagbag.py:588} INFO - Filling up the DagBag from /home/airflow/.local/lib/python3.12/site-packages/airflow/example_dags/example_complex.py
[2025-02-06T00:56:15.338+0000] {processor.py:925} INFO - DAG(s) 'example_complex' retrieved from /home/airflow/.local/lib/python3.12/site-packages/airflow/example_dags/example_complex.py
[2025-02-06T00:56:15.367+0000] {logging_mixin.py:190} INFO - [2025-02-06T00:56:15.367+0000] {dag.py:3239} INFO - Sync 1 DAGs
[2025-02-06T00:56:15.381+0000] {logging_mixin.py:190} INFO - [2025-02-06T00:56:15.380+0000] {dag.py:4180} INFO - Setting next_dagrun for example_complex to None, run_after=None
[2025-02-06T00:56:15.402+0000] {processor.py:208} INFO - Processing /home/airflow/.local/lib/python3.12/site-packages/airflow/example_dags/example_complex.py took 0.084 seconds
[2025-02-06T00:56:48.350+0000] {processor.py:186} INFO - Started process (PID=1536) to work on /home/airflow/.local/lib/python3.12/site-packages/airflow/example_dags/example_complex.py
[2025-02-06T00:56:48.354+0000] {processor.py:914} INFO - Processing file /home/airflow/.local/lib/python3.12/site-packages/airflow/example_dags/example_complex.py for tasks to queue
[2025-02-06T00:56:48.358+0000] {logging_mixin.py:190} INFO - [2025-02-06T00:56:48.356+0000] {dagbag.py:588} INFO - Filling up the DagBag from /home/airflow/.local/lib/python3.12/site-packages/airflow/example_dags/example_complex.py
[2025-02-06T00:56:48.368+0000] {processor.py:925} INFO - DAG(s) 'example_complex' retrieved from /home/airflow/.local/lib/python3.12/site-packages/airflow/example_dags/example_complex.py
[2025-02-06T00:56:48.395+0000] {logging_mixin.py:190} INFO - [2025-02-06T00:56:48.394+0000] {dag.py:3239} INFO - Sync 1 DAGs
[2025-02-06T00:56:48.408+0000] {logging_mixin.py:190} INFO - [2025-02-06T00:56:48.408+0000] {dag.py:4180} INFO - Setting next_dagrun for example_complex to None, run_after=None
[2025-02-06T00:56:48.436+0000] {processor.py:208} INFO - Processing /home/airflow/.local/lib/python3.12/site-packages/airflow/example_dags/example_complex.py took 0.090 seconds
[2025-02-06T00:57:20.106+0000] {processor.py:186} INFO - Started process (PID=1599) to work on /home/airflow/.local/lib/python3.12/site-packages/airflow/example_dags/example_complex.py
[2025-02-06T00:57:20.107+0000] {processor.py:914} INFO - Processing file /home/airflow/.local/lib/python3.12/site-packages/airflow/example_dags/example_complex.py for tasks to queue
[2025-02-06T00:57:20.109+0000] {logging_mixin.py:190} INFO - [2025-02-06T00:57:20.108+0000] {dagbag.py:588} INFO - Filling up the DagBag from /home/airflow/.local/lib/python3.12/site-packages/airflow/example_dags/example_complex.py
[2025-02-06T00:57:20.118+0000] {processor.py:925} INFO - DAG(s) 'example_complex' retrieved from /home/airflow/.local/lib/python3.12/site-packages/airflow/example_dags/example_complex.py
[2025-02-06T00:57:20.143+0000] {logging_mixin.py:190} INFO - [2025-02-06T00:57:20.143+0000] {dag.py:3239} INFO - Sync 1 DAGs
[2025-02-06T00:57:20.155+0000] {logging_mixin.py:190} INFO - [2025-02-06T00:57:20.155+0000] {dag.py:4180} INFO - Setting next_dagrun for example_complex to None, run_after=None
[2025-02-06T00:57:20.173+0000] {processor.py:208} INFO - Processing /home/airflow/.local/lib/python3.12/site-packages/airflow/example_dags/example_complex.py took 0.072 seconds
[2025-02-06T00:57:52.863+0000] {processor.py:186} INFO - Started process (PID=1662) to work on /home/airflow/.local/lib/python3.12/site-packages/airflow/example_dags/example_complex.py
[2025-02-06T00:57:52.864+0000] {processor.py:914} INFO - Processing file /home/airflow/.local/lib/python3.12/site-packages/airflow/example_dags/example_complex.py for tasks to queue
[2025-02-06T00:57:52.866+0000] {logging_mixin.py:190} INFO - [2025-02-06T00:57:52.866+0000] {dagbag.py:588} INFO - Filling up the DagBag from /home/airflow/.local/lib/python3.12/site-packages/airflow/example_dags/example_complex.py
[2025-02-06T00:57:52.875+0000] {processor.py:925} INFO - DAG(s) 'example_complex' retrieved from /home/airflow/.local/lib/python3.12/site-packages/airflow/example_dags/example_complex.py
[2025-02-06T00:57:52.911+0000] {logging_mixin.py:190} INFO - [2025-02-06T00:57:52.911+0000] {dag.py:3239} INFO - Sync 1 DAGs
[2025-02-06T00:57:52.923+0000] {logging_mixin.py:190} INFO - [2025-02-06T00:57:52.923+0000] {dag.py:4180} INFO - Setting next_dagrun for example_complex to None, run_after=None
[2025-02-06T00:57:52.942+0000] {processor.py:208} INFO - Processing /home/airflow/.local/lib/python3.12/site-packages/airflow/example_dags/example_complex.py took 0.084 seconds
[2025-02-06T00:58:25.756+0000] {processor.py:186} INFO - Started process (PID=1725) to work on /home/airflow/.local/lib/python3.12/site-packages/airflow/example_dags/example_complex.py
[2025-02-06T00:58:25.758+0000] {processor.py:914} INFO - Processing file /home/airflow/.local/lib/python3.12/site-packages/airflow/example_dags/example_complex.py for tasks to queue
[2025-02-06T00:58:25.760+0000] {logging_mixin.py:190} INFO - [2025-02-06T00:58:25.759+0000] {dagbag.py:588} INFO - Filling up the DagBag from /home/airflow/.local/lib/python3.12/site-packages/airflow/example_dags/example_complex.py
[2025-02-06T00:58:25.771+0000] {processor.py:925} INFO - DAG(s) 'example_complex' retrieved from /home/airflow/.local/lib/python3.12/site-packages/airflow/example_dags/example_complex.py
[2025-02-06T00:58:25.808+0000] {logging_mixin.py:190} INFO - [2025-02-06T00:58:25.807+0000] {dag.py:3239} INFO - Sync 1 DAGs
[2025-02-06T00:58:25.823+0000] {logging_mixin.py:190} INFO - [2025-02-06T00:58:25.823+0000] {dag.py:4180} INFO - Setting next_dagrun for example_complex to None, run_after=None
[2025-02-06T00:58:25.846+0000] {processor.py:208} INFO - Processing /home/airflow/.local/lib/python3.12/site-packages/airflow/example_dags/example_complex.py took 0.094 seconds
[2025-02-06T00:58:58.921+0000] {processor.py:186} INFO - Started process (PID=1788) to work on /home/airflow/.local/lib/python3.12/site-packages/airflow/example_dags/example_complex.py
[2025-02-06T00:58:58.923+0000] {processor.py:914} INFO - Processing file /home/airflow/.local/lib/python3.12/site-packages/airflow/example_dags/example_complex.py for tasks to queue
[2025-02-06T00:58:58.925+0000] {logging_mixin.py:190} INFO - [2025-02-06T00:58:58.924+0000] {dagbag.py:588} INFO - Filling up the DagBag from /home/airflow/.local/lib/python3.12/site-packages/airflow/example_dags/example_complex.py
[2025-02-06T00:58:58.935+0000] {processor.py:925} INFO - DAG(s) 'example_complex' retrieved from /home/airflow/.local/lib/python3.12/site-packages/airflow/example_dags/example_complex.py
[2025-02-06T00:58:58.962+0000] {logging_mixin.py:190} INFO - [2025-02-06T00:58:58.962+0000] {dag.py:3239} INFO - Sync 1 DAGs
[2025-02-06T00:58:58.973+0000] {logging_mixin.py:190} INFO - [2025-02-06T00:58:58.973+0000] {dag.py:4180} INFO - Setting next_dagrun for example_complex to None, run_after=None
[2025-02-06T00:58:58.990+0000] {processor.py:208} INFO - Processing /home/airflow/.local/lib/python3.12/site-packages/airflow/example_dags/example_complex.py took 0.073 seconds
[2025-02-06T00:59:32.127+0000] {processor.py:186} INFO - Started process (PID=1851) to work on /home/airflow/.local/lib/python3.12/site-packages/airflow/example_dags/example_complex.py
[2025-02-06T00:59:32.129+0000] {processor.py:914} INFO - Processing file /home/airflow/.local/lib/python3.12/site-packages/airflow/example_dags/example_complex.py for tasks to queue
[2025-02-06T00:59:32.131+0000] {logging_mixin.py:190} INFO - [2025-02-06T00:59:32.131+0000] {dagbag.py:588} INFO - Filling up the DagBag from /home/airflow/.local/lib/python3.12/site-packages/airflow/example_dags/example_complex.py
[2025-02-06T00:59:32.141+0000] {processor.py:925} INFO - DAG(s) 'example_complex' retrieved from /home/airflow/.local/lib/python3.12/site-packages/airflow/example_dags/example_complex.py
[2025-02-06T00:59:32.169+0000] {logging_mixin.py:190} INFO - [2025-02-06T00:59:32.169+0000] {dag.py:3239} INFO - Sync 1 DAGs
[2025-02-06T00:59:32.185+0000] {logging_mixin.py:190} INFO - [2025-02-06T00:59:32.184+0000] {dag.py:4180} INFO - Setting next_dagrun for example_complex to None, run_after=None
[2025-02-06T00:59:32.222+0000] {processor.py:208} INFO - Processing /home/airflow/.local/lib/python3.12/site-packages/airflow/example_dags/example_complex.py took 0.099 seconds
[2025-02-06T01:00:03.421+0000] {processor.py:186} INFO - Started process (PID=1914) to work on /home/airflow/.local/lib/python3.12/site-packages/airflow/example_dags/example_complex.py
[2025-02-06T01:00:03.422+0000] {processor.py:914} INFO - Processing file /home/airflow/.local/lib/python3.12/site-packages/airflow/example_dags/example_complex.py for tasks to queue
[2025-02-06T01:00:03.424+0000] {logging_mixin.py:190} INFO - [2025-02-06T01:00:03.424+0000] {dagbag.py:588} INFO - Filling up the DagBag from /home/airflow/.local/lib/python3.12/site-packages/airflow/example_dags/example_complex.py
[2025-02-06T01:00:03.436+0000] {processor.py:925} INFO - DAG(s) 'example_complex' retrieved from /home/airflow/.local/lib/python3.12/site-packages/airflow/example_dags/example_complex.py
[2025-02-06T01:00:03.477+0000] {logging_mixin.py:190} INFO - [2025-02-06T01:00:03.477+0000] {dag.py:3239} INFO - Sync 1 DAGs
[2025-02-06T01:00:03.498+0000] {logging_mixin.py:190} INFO - [2025-02-06T01:00:03.498+0000] {dag.py:4180} INFO - Setting next_dagrun for example_complex to None, run_after=None
[2025-02-06T01:00:03.522+0000] {processor.py:208} INFO - Processing /home/airflow/.local/lib/python3.12/site-packages/airflow/example_dags/example_complex.py took 0.106 seconds
[2025-02-06T01:00:37.914+0000] {processor.py:186} INFO - Started process (PID=1984) to work on /home/airflow/.local/lib/python3.12/site-packages/airflow/example_dags/example_complex.py
[2025-02-06T01:00:37.915+0000] {processor.py:914} INFO - Processing file /home/airflow/.local/lib/python3.12/site-packages/airflow/example_dags/example_complex.py for tasks to queue
[2025-02-06T01:00:37.917+0000] {logging_mixin.py:190} INFO - [2025-02-06T01:00:37.917+0000] {dagbag.py:588} INFO - Filling up the DagBag from /home/airflow/.local/lib/python3.12/site-packages/airflow/example_dags/example_complex.py
[2025-02-06T01:00:37.929+0000] {processor.py:925} INFO - DAG(s) 'example_complex' retrieved from /home/airflow/.local/lib/python3.12/site-packages/airflow/example_dags/example_complex.py
[2025-02-06T01:00:37.983+0000] {logging_mixin.py:190} INFO - [2025-02-06T01:00:37.982+0000] {dag.py:3239} INFO - Sync 1 DAGs
[2025-02-06T01:00:38.006+0000] {logging_mixin.py:190} INFO - [2025-02-06T01:00:38.005+0000] {dag.py:4180} INFO - Setting next_dagrun for example_complex to None, run_after=None
[2025-02-06T01:00:38.030+0000] {processor.py:208} INFO - Processing /home/airflow/.local/lib/python3.12/site-packages/airflow/example_dags/example_complex.py took 0.121 seconds
[2025-02-06T01:01:09.765+0000] {processor.py:186} INFO - Started process (PID=2047) to work on /home/airflow/.local/lib/python3.12/site-packages/airflow/example_dags/example_complex.py
[2025-02-06T01:01:09.766+0000] {processor.py:914} INFO - Processing file /home/airflow/.local/lib/python3.12/site-packages/airflow/example_dags/example_complex.py for tasks to queue
[2025-02-06T01:01:09.769+0000] {logging_mixin.py:190} INFO - [2025-02-06T01:01:09.768+0000] {dagbag.py:588} INFO - Filling up the DagBag from /home/airflow/.local/lib/python3.12/site-packages/airflow/example_dags/example_complex.py
[2025-02-06T01:01:09.782+0000] {processor.py:925} INFO - DAG(s) 'example_complex' retrieved from /home/airflow/.local/lib/python3.12/site-packages/airflow/example_dags/example_complex.py
[2025-02-06T01:01:09.812+0000] {logging_mixin.py:190} INFO - [2025-02-06T01:01:09.812+0000] {dag.py:3239} INFO - Sync 1 DAGs
[2025-02-06T01:01:09.826+0000] {logging_mixin.py:190} INFO - [2025-02-06T01:01:09.826+0000] {dag.py:4180} INFO - Setting next_dagrun for example_complex to None, run_after=None
[2025-02-06T01:01:09.849+0000] {processor.py:208} INFO - Processing /home/airflow/.local/lib/python3.12/site-packages/airflow/example_dags/example_complex.py took 0.090 seconds
[2025-02-06T01:01:44.519+0000] {processor.py:186} INFO - Started process (PID=2110) to work on /home/airflow/.local/lib/python3.12/site-packages/airflow/example_dags/example_complex.py
[2025-02-06T01:01:44.521+0000] {processor.py:914} INFO - Processing file /home/airflow/.local/lib/python3.12/site-packages/airflow/example_dags/example_complex.py for tasks to queue
[2025-02-06T01:01:44.524+0000] {logging_mixin.py:190} INFO - [2025-02-06T01:01:44.524+0000] {dagbag.py:588} INFO - Filling up the DagBag from /home/airflow/.local/lib/python3.12/site-packages/airflow/example_dags/example_complex.py
[2025-02-06T01:01:44.539+0000] {processor.py:925} INFO - DAG(s) 'example_complex' retrieved from /home/airflow/.local/lib/python3.12/site-packages/airflow/example_dags/example_complex.py
[2025-02-06T01:01:44.576+0000] {logging_mixin.py:190} INFO - [2025-02-06T01:01:44.576+0000] {dag.py:3239} INFO - Sync 1 DAGs
[2025-02-06T01:01:44.596+0000] {logging_mixin.py:190} INFO - [2025-02-06T01:01:44.595+0000] {dag.py:4180} INFO - Setting next_dagrun for example_complex to None, run_after=None
[2025-02-06T01:01:44.628+0000] {processor.py:208} INFO - Processing /home/airflow/.local/lib/python3.12/site-packages/airflow/example_dags/example_complex.py took 0.117 seconds
[2025-02-06T01:02:16.010+0000] {processor.py:186} INFO - Started process (PID=2173) to work on /home/airflow/.local/lib/python3.12/site-packages/airflow/example_dags/example_complex.py
[2025-02-06T01:02:16.011+0000] {processor.py:914} INFO - Processing file /home/airflow/.local/lib/python3.12/site-packages/airflow/example_dags/example_complex.py for tasks to queue
[2025-02-06T01:02:16.014+0000] {logging_mixin.py:190} INFO - [2025-02-06T01:02:16.013+0000] {dagbag.py:588} INFO - Filling up the DagBag from /home/airflow/.local/lib/python3.12/site-packages/airflow/example_dags/example_complex.py
[2025-02-06T01:02:16.025+0000] {processor.py:925} INFO - DAG(s) 'example_complex' retrieved from /home/airflow/.local/lib/python3.12/site-packages/airflow/example_dags/example_complex.py
[2025-02-06T01:02:16.058+0000] {logging_mixin.py:190} INFO - [2025-02-06T01:02:16.058+0000] {dag.py:3239} INFO - Sync 1 DAGs
[2025-02-06T01:02:16.073+0000] {logging_mixin.py:190} INFO - [2025-02-06T01:02:16.072+0000] {dag.py:4180} INFO - Setting next_dagrun for example_complex to None, run_after=None
[2025-02-06T01:02:16.106+0000] {processor.py:208} INFO - Processing /home/airflow/.local/lib/python3.12/site-packages/airflow/example_dags/example_complex.py took 0.102 seconds
[2025-02-06T01:02:48.913+0000] {processor.py:186} INFO - Started process (PID=2236) to work on /home/airflow/.local/lib/python3.12/site-packages/airflow/example_dags/example_complex.py
[2025-02-06T01:02:48.914+0000] {processor.py:914} INFO - Processing file /home/airflow/.local/lib/python3.12/site-packages/airflow/example_dags/example_complex.py for tasks to queue
[2025-02-06T01:02:48.916+0000] {logging_mixin.py:190} INFO - [2025-02-06T01:02:48.916+0000] {dagbag.py:588} INFO - Filling up the DagBag from /home/airflow/.local/lib/python3.12/site-packages/airflow/example_dags/example_complex.py
[2025-02-06T01:02:48.928+0000] {processor.py:925} INFO - DAG(s) 'example_complex' retrieved from /home/airflow/.local/lib/python3.12/site-packages/airflow/example_dags/example_complex.py
[2025-02-06T01:02:48.955+0000] {logging_mixin.py:190} INFO - [2025-02-06T01:02:48.955+0000] {dag.py:3239} INFO - Sync 1 DAGs
[2025-02-06T01:02:48.967+0000] {logging_mixin.py:190} INFO - [2025-02-06T01:02:48.967+0000] {dag.py:4180} INFO - Setting next_dagrun for example_complex to None, run_after=None
[2025-02-06T01:02:49.003+0000] {processor.py:208} INFO - Processing /home/airflow/.local/lib/python3.12/site-packages/airflow/example_dags/example_complex.py took 0.095 seconds
[2025-02-06T01:03:20.900+0000] {processor.py:186} INFO - Started process (PID=2299) to work on /home/airflow/.local/lib/python3.12/site-packages/airflow/example_dags/example_complex.py
[2025-02-06T01:03:20.901+0000] {processor.py:914} INFO - Processing file /home/airflow/.local/lib/python3.12/site-packages/airflow/example_dags/example_complex.py for tasks to queue
[2025-02-06T01:03:20.903+0000] {logging_mixin.py:190} INFO - [2025-02-06T01:03:20.903+0000] {dagbag.py:588} INFO - Filling up the DagBag from /home/airflow/.local/lib/python3.12/site-packages/airflow/example_dags/example_complex.py
[2025-02-06T01:03:20.917+0000] {processor.py:925} INFO - DAG(s) 'example_complex' retrieved from /home/airflow/.local/lib/python3.12/site-packages/airflow/example_dags/example_complex.py
[2025-02-06T01:03:20.944+0000] {logging_mixin.py:190} INFO - [2025-02-06T01:03:20.944+0000] {dag.py:3239} INFO - Sync 1 DAGs
[2025-02-06T01:03:20.957+0000] {logging_mixin.py:190} INFO - [2025-02-06T01:03:20.957+0000] {dag.py:4180} INFO - Setting next_dagrun for example_complex to None, run_after=None
[2025-02-06T01:03:20.976+0000] {processor.py:208} INFO - Processing /home/airflow/.local/lib/python3.12/site-packages/airflow/example_dags/example_complex.py took 0.083 seconds
[2025-02-06T01:03:53.369+0000] {processor.py:186} INFO - Started process (PID=2362) to work on /home/airflow/.local/lib/python3.12/site-packages/airflow/example_dags/example_complex.py
[2025-02-06T01:03:53.370+0000] {processor.py:914} INFO - Processing file /home/airflow/.local/lib/python3.12/site-packages/airflow/example_dags/example_complex.py for tasks to queue
[2025-02-06T01:03:53.372+0000] {logging_mixin.py:190} INFO - [2025-02-06T01:03:53.372+0000] {dagbag.py:588} INFO - Filling up the DagBag from /home/airflow/.local/lib/python3.12/site-packages/airflow/example_dags/example_complex.py
[2025-02-06T01:03:53.384+0000] {processor.py:925} INFO - DAG(s) 'example_complex' retrieved from /home/airflow/.local/lib/python3.12/site-packages/airflow/example_dags/example_complex.py
[2025-02-06T01:03:53.414+0000] {logging_mixin.py:190} INFO - [2025-02-06T01:03:53.413+0000] {dag.py:3239} INFO - Sync 1 DAGs
[2025-02-06T01:03:53.428+0000] {logging_mixin.py:190} INFO - [2025-02-06T01:03:53.428+0000] {dag.py:4180} INFO - Setting next_dagrun for example_complex to None, run_after=None
[2025-02-06T01:03:53.450+0000] {processor.py:208} INFO - Processing /home/airflow/.local/lib/python3.12/site-packages/airflow/example_dags/example_complex.py took 0.085 seconds
[2025-02-06T01:04:26.616+0000] {processor.py:186} INFO - Started process (PID=2425) to work on /home/airflow/.local/lib/python3.12/site-packages/airflow/example_dags/example_complex.py
[2025-02-06T01:04:26.617+0000] {processor.py:914} INFO - Processing file /home/airflow/.local/lib/python3.12/site-packages/airflow/example_dags/example_complex.py for tasks to queue
[2025-02-06T01:04:26.620+0000] {logging_mixin.py:190} INFO - [2025-02-06T01:04:26.619+0000] {dagbag.py:588} INFO - Filling up the DagBag from /home/airflow/.local/lib/python3.12/site-packages/airflow/example_dags/example_complex.py
[2025-02-06T01:04:26.629+0000] {processor.py:925} INFO - DAG(s) 'example_complex' retrieved from /home/airflow/.local/lib/python3.12/site-packages/airflow/example_dags/example_complex.py
[2025-02-06T01:04:26.658+0000] {logging_mixin.py:190} INFO - [2025-02-06T01:04:26.657+0000] {dag.py:3239} INFO - Sync 1 DAGs
[2025-02-06T01:04:26.671+0000] {logging_mixin.py:190} INFO - [2025-02-06T01:04:26.670+0000] {dag.py:4180} INFO - Setting next_dagrun for example_complex to None, run_after=None
[2025-02-06T01:04:26.695+0000] {processor.py:208} INFO - Processing /home/airflow/.local/lib/python3.12/site-packages/airflow/example_dags/example_complex.py took 0.084 seconds
[2025-02-06T01:04:58.775+0000] {processor.py:186} INFO - Started process (PID=2488) to work on /home/airflow/.local/lib/python3.12/site-packages/airflow/example_dags/example_complex.py
[2025-02-06T01:04:58.776+0000] {processor.py:914} INFO - Processing file /home/airflow/.local/lib/python3.12/site-packages/airflow/example_dags/example_complex.py for tasks to queue
[2025-02-06T01:04:58.781+0000] {logging_mixin.py:190} INFO - [2025-02-06T01:04:58.780+0000] {dagbag.py:588} INFO - Filling up the DagBag from /home/airflow/.local/lib/python3.12/site-packages/airflow/example_dags/example_complex.py
[2025-02-06T01:04:58.794+0000] {processor.py:925} INFO - DAG(s) 'example_complex' retrieved from /home/airflow/.local/lib/python3.12/site-packages/airflow/example_dags/example_complex.py
[2025-02-06T01:04:58.820+0000] {logging_mixin.py:190} INFO - [2025-02-06T01:04:58.820+0000] {dag.py:3239} INFO - Sync 1 DAGs
[2025-02-06T01:04:58.832+0000] {logging_mixin.py:190} INFO - [2025-02-06T01:04:58.832+0000] {dag.py:4180} INFO - Setting next_dagrun for example_complex to None, run_after=None
[2025-02-06T01:04:58.856+0000] {processor.py:208} INFO - Processing /home/airflow/.local/lib/python3.12/site-packages/airflow/example_dags/example_complex.py took 0.086 seconds
[2025-02-06T01:05:32.210+0000] {processor.py:186} INFO - Started process (PID=2551) to work on /home/airflow/.local/lib/python3.12/site-packages/airflow/example_dags/example_complex.py
[2025-02-06T01:05:32.211+0000] {processor.py:914} INFO - Processing file /home/airflow/.local/lib/python3.12/site-packages/airflow/example_dags/example_complex.py for tasks to queue
[2025-02-06T01:05:32.224+0000] {logging_mixin.py:190} INFO - [2025-02-06T01:05:32.223+0000] {dagbag.py:588} INFO - Filling up the DagBag from /home/airflow/.local/lib/python3.12/site-packages/airflow/example_dags/example_complex.py
[2025-02-06T01:05:32.235+0000] {processor.py:925} INFO - DAG(s) 'example_complex' retrieved from /home/airflow/.local/lib/python3.12/site-packages/airflow/example_dags/example_complex.py
[2025-02-06T01:05:32.292+0000] {logging_mixin.py:190} INFO - [2025-02-06T01:05:32.292+0000] {dag.py:3239} INFO - Sync 1 DAGs
[2025-02-06T01:05:32.314+0000] {logging_mixin.py:190} INFO - [2025-02-06T01:05:32.314+0000] {dag.py:4180} INFO - Setting next_dagrun for example_complex to None, run_after=None
[2025-02-06T01:05:32.362+0000] {processor.py:208} INFO - Processing /home/airflow/.local/lib/python3.12/site-packages/airflow/example_dags/example_complex.py took 0.157 seconds
[2025-02-06T01:06:03.983+0000] {processor.py:186} INFO - Started process (PID=2614) to work on /home/airflow/.local/lib/python3.12/site-packages/airflow/example_dags/example_complex.py
[2025-02-06T01:06:03.984+0000] {processor.py:914} INFO - Processing file /home/airflow/.local/lib/python3.12/site-packages/airflow/example_dags/example_complex.py for tasks to queue
[2025-02-06T01:06:03.986+0000] {logging_mixin.py:190} INFO - [2025-02-06T01:06:03.986+0000] {dagbag.py:588} INFO - Filling up the DagBag from /home/airflow/.local/lib/python3.12/site-packages/airflow/example_dags/example_complex.py
[2025-02-06T01:06:04.011+0000] {processor.py:925} INFO - DAG(s) 'example_complex' retrieved from /home/airflow/.local/lib/python3.12/site-packages/airflow/example_dags/example_complex.py
[2025-02-06T01:06:04.052+0000] {logging_mixin.py:190} INFO - [2025-02-06T01:06:04.052+0000] {dag.py:3239} INFO - Sync 1 DAGs
[2025-02-06T01:06:04.084+0000] {logging_mixin.py:190} INFO - [2025-02-06T01:06:04.083+0000] {dag.py:4180} INFO - Setting next_dagrun for example_complex to None, run_after=None
[2025-02-06T01:06:04.123+0000] {processor.py:208} INFO - Processing /home/airflow/.local/lib/python3.12/site-packages/airflow/example_dags/example_complex.py took 0.144 seconds
[2025-02-06T01:06:36.963+0000] {processor.py:186} INFO - Started process (PID=2677) to work on /home/airflow/.local/lib/python3.12/site-packages/airflow/example_dags/example_complex.py
[2025-02-06T01:06:36.964+0000] {processor.py:914} INFO - Processing file /home/airflow/.local/lib/python3.12/site-packages/airflow/example_dags/example_complex.py for tasks to queue
[2025-02-06T01:06:36.966+0000] {logging_mixin.py:190} INFO - [2025-02-06T01:06:36.966+0000] {dagbag.py:588} INFO - Filling up the DagBag from /home/airflow/.local/lib/python3.12/site-packages/airflow/example_dags/example_complex.py
[2025-02-06T01:06:36.976+0000] {processor.py:925} INFO - DAG(s) 'example_complex' retrieved from /home/airflow/.local/lib/python3.12/site-packages/airflow/example_dags/example_complex.py
[2025-02-06T01:06:37.014+0000] {logging_mixin.py:190} INFO - [2025-02-06T01:06:37.013+0000] {dag.py:3239} INFO - Sync 1 DAGs
[2025-02-06T01:06:37.074+0000] {logging_mixin.py:190} INFO - [2025-02-06T01:06:37.073+0000] {dag.py:4180} INFO - Setting next_dagrun for example_complex to None, run_after=None
[2025-02-06T01:06:37.116+0000] {processor.py:208} INFO - Processing /home/airflow/.local/lib/python3.12/site-packages/airflow/example_dags/example_complex.py took 0.157 seconds
[2025-02-06T01:07:10.016+0000] {processor.py:186} INFO - Started process (PID=2740) to work on /home/airflow/.local/lib/python3.12/site-packages/airflow/example_dags/example_complex.py
[2025-02-06T01:07:10.017+0000] {processor.py:914} INFO - Processing file /home/airflow/.local/lib/python3.12/site-packages/airflow/example_dags/example_complex.py for tasks to queue
[2025-02-06T01:07:10.019+0000] {logging_mixin.py:190} INFO - [2025-02-06T01:07:10.019+0000] {dagbag.py:588} INFO - Filling up the DagBag from /home/airflow/.local/lib/python3.12/site-packages/airflow/example_dags/example_complex.py
[2025-02-06T01:07:10.036+0000] {processor.py:925} INFO - DAG(s) 'example_complex' retrieved from /home/airflow/.local/lib/python3.12/site-packages/airflow/example_dags/example_complex.py
[2025-02-06T01:07:10.075+0000] {logging_mixin.py:190} INFO - [2025-02-06T01:07:10.075+0000] {dag.py:3239} INFO - Sync 1 DAGs
[2025-02-06T01:07:10.090+0000] {logging_mixin.py:190} INFO - [2025-02-06T01:07:10.090+0000] {dag.py:4180} INFO - Setting next_dagrun for example_complex to None, run_after=None
[2025-02-06T01:07:10.115+0000] {processor.py:208} INFO - Processing /home/airflow/.local/lib/python3.12/site-packages/airflow/example_dags/example_complex.py took 0.105 seconds
[2025-02-06T01:07:42.696+0000] {processor.py:186} INFO - Started process (PID=2802) to work on /home/airflow/.local/lib/python3.12/site-packages/airflow/example_dags/example_complex.py
[2025-02-06T01:07:42.697+0000] {processor.py:914} INFO - Processing file /home/airflow/.local/lib/python3.12/site-packages/airflow/example_dags/example_complex.py for tasks to queue
[2025-02-06T01:07:42.699+0000] {logging_mixin.py:190} INFO - [2025-02-06T01:07:42.699+0000] {dagbag.py:588} INFO - Filling up the DagBag from /home/airflow/.local/lib/python3.12/site-packages/airflow/example_dags/example_complex.py
[2025-02-06T01:07:42.712+0000] {processor.py:925} INFO - DAG(s) 'example_complex' retrieved from /home/airflow/.local/lib/python3.12/site-packages/airflow/example_dags/example_complex.py
[2025-02-06T01:07:42.743+0000] {logging_mixin.py:190} INFO - [2025-02-06T01:07:42.743+0000] {dag.py:3239} INFO - Sync 1 DAGs
[2025-02-06T01:07:42.756+0000] {logging_mixin.py:190} INFO - [2025-02-06T01:07:42.755+0000] {dag.py:4180} INFO - Setting next_dagrun for example_complex to None, run_after=None
[2025-02-06T01:07:42.791+0000] {processor.py:208} INFO - Processing /home/airflow/.local/lib/python3.12/site-packages/airflow/example_dags/example_complex.py took 0.101 seconds
[2025-02-06T01:08:16.230+0000] {processor.py:186} INFO - Started process (PID=2866) to work on /home/airflow/.local/lib/python3.12/site-packages/airflow/example_dags/example_complex.py
[2025-02-06T01:08:16.231+0000] {processor.py:914} INFO - Processing file /home/airflow/.local/lib/python3.12/site-packages/airflow/example_dags/example_complex.py for tasks to queue
[2025-02-06T01:08:16.234+0000] {logging_mixin.py:190} INFO - [2025-02-06T01:08:16.234+0000] {dagbag.py:588} INFO - Filling up the DagBag from /home/airflow/.local/lib/python3.12/site-packages/airflow/example_dags/example_complex.py
[2025-02-06T01:08:16.244+0000] {processor.py:925} INFO - DAG(s) 'example_complex' retrieved from /home/airflow/.local/lib/python3.12/site-packages/airflow/example_dags/example_complex.py
[2025-02-06T01:08:16.275+0000] {logging_mixin.py:190} INFO - [2025-02-06T01:08:16.274+0000] {dag.py:3239} INFO - Sync 1 DAGs
[2025-02-06T01:08:16.291+0000] {logging_mixin.py:190} INFO - [2025-02-06T01:08:16.290+0000] {dag.py:4180} INFO - Setting next_dagrun for example_complex to None, run_after=None
[2025-02-06T01:08:16.316+0000] {processor.py:208} INFO - Processing /home/airflow/.local/lib/python3.12/site-packages/airflow/example_dags/example_complex.py took 0.092 seconds
[2025-02-06T01:08:48.785+0000] {processor.py:186} INFO - Started process (PID=2929) to work on /home/airflow/.local/lib/python3.12/site-packages/airflow/example_dags/example_complex.py
[2025-02-06T01:08:48.786+0000] {processor.py:914} INFO - Processing file /home/airflow/.local/lib/python3.12/site-packages/airflow/example_dags/example_complex.py for tasks to queue
[2025-02-06T01:08:48.788+0000] {logging_mixin.py:190} INFO - [2025-02-06T01:08:48.788+0000] {dagbag.py:588} INFO - Filling up the DagBag from /home/airflow/.local/lib/python3.12/site-packages/airflow/example_dags/example_complex.py
[2025-02-06T01:08:48.799+0000] {processor.py:925} INFO - DAG(s) 'example_complex' retrieved from /home/airflow/.local/lib/python3.12/site-packages/airflow/example_dags/example_complex.py
[2025-02-06T01:08:48.829+0000] {logging_mixin.py:190} INFO - [2025-02-06T01:08:48.829+0000] {dag.py:3239} INFO - Sync 1 DAGs
[2025-02-06T01:08:48.842+0000] {logging_mixin.py:190} INFO - [2025-02-06T01:08:48.842+0000] {dag.py:4180} INFO - Setting next_dagrun for example_complex to None, run_after=None
[2025-02-06T01:08:48.862+0000] {processor.py:208} INFO - Processing /home/airflow/.local/lib/python3.12/site-packages/airflow/example_dags/example_complex.py took 0.083 seconds
[2025-02-06T01:09:21.409+0000] {processor.py:186} INFO - Started process (PID=2992) to work on /home/airflow/.local/lib/python3.12/site-packages/airflow/example_dags/example_complex.py
[2025-02-06T01:09:21.411+0000] {processor.py:914} INFO - Processing file /home/airflow/.local/lib/python3.12/site-packages/airflow/example_dags/example_complex.py for tasks to queue
[2025-02-06T01:09:21.414+0000] {logging_mixin.py:190} INFO - [2025-02-06T01:09:21.413+0000] {dagbag.py:588} INFO - Filling up the DagBag from /home/airflow/.local/lib/python3.12/site-packages/airflow/example_dags/example_complex.py
[2025-02-06T01:09:21.428+0000] {processor.py:925} INFO - DAG(s) 'example_complex' retrieved from /home/airflow/.local/lib/python3.12/site-packages/airflow/example_dags/example_complex.py
[2025-02-06T01:09:21.475+0000] {logging_mixin.py:190} INFO - [2025-02-06T01:09:21.474+0000] {dag.py:3239} INFO - Sync 1 DAGs
[2025-02-06T01:09:21.500+0000] {logging_mixin.py:190} INFO - [2025-02-06T01:09:21.499+0000] {dag.py:4180} INFO - Setting next_dagrun for example_complex to None, run_after=None
[2025-02-06T01:09:21.530+0000] {processor.py:208} INFO - Processing /home/airflow/.local/lib/python3.12/site-packages/airflow/example_dags/example_complex.py took 0.128 seconds
[2025-02-06T01:09:53.959+0000] {processor.py:186} INFO - Started process (PID=3055) to work on /home/airflow/.local/lib/python3.12/site-packages/airflow/example_dags/example_complex.py
[2025-02-06T01:09:53.960+0000] {processor.py:914} INFO - Processing file /home/airflow/.local/lib/python3.12/site-packages/airflow/example_dags/example_complex.py for tasks to queue
[2025-02-06T01:09:53.963+0000] {logging_mixin.py:190} INFO - [2025-02-06T01:09:53.962+0000] {dagbag.py:588} INFO - Filling up the DagBag from /home/airflow/.local/lib/python3.12/site-packages/airflow/example_dags/example_complex.py
[2025-02-06T01:09:53.973+0000] {processor.py:925} INFO - DAG(s) 'example_complex' retrieved from /home/airflow/.local/lib/python3.12/site-packages/airflow/example_dags/example_complex.py
[2025-02-06T01:09:54.007+0000] {logging_mixin.py:190} INFO - [2025-02-06T01:09:54.006+0000] {dag.py:3239} INFO - Sync 1 DAGs
[2025-02-06T01:09:54.026+0000] {logging_mixin.py:190} INFO - [2025-02-06T01:09:54.026+0000] {dag.py:4180} INFO - Setting next_dagrun for example_complex to None, run_after=None
[2025-02-06T01:09:54.054+0000] {processor.py:208} INFO - Processing /home/airflow/.local/lib/python3.12/site-packages/airflow/example_dags/example_complex.py took 0.099 seconds
[2025-02-06T01:10:27.705+0000] {processor.py:186} INFO - Started process (PID=3118) to work on /home/airflow/.local/lib/python3.12/site-packages/airflow/example_dags/example_complex.py
[2025-02-06T01:10:27.706+0000] {processor.py:914} INFO - Processing file /home/airflow/.local/lib/python3.12/site-packages/airflow/example_dags/example_complex.py for tasks to queue
[2025-02-06T01:10:27.710+0000] {logging_mixin.py:190} INFO - [2025-02-06T01:10:27.710+0000] {dagbag.py:588} INFO - Filling up the DagBag from /home/airflow/.local/lib/python3.12/site-packages/airflow/example_dags/example_complex.py
[2025-02-06T01:10:27.724+0000] {processor.py:925} INFO - DAG(s) 'example_complex' retrieved from /home/airflow/.local/lib/python3.12/site-packages/airflow/example_dags/example_complex.py
[2025-02-06T01:10:27.769+0000] {logging_mixin.py:190} INFO - [2025-02-06T01:10:27.768+0000] {dag.py:3239} INFO - Sync 1 DAGs
[2025-02-06T01:10:27.787+0000] {logging_mixin.py:190} INFO - [2025-02-06T01:10:27.786+0000] {dag.py:4180} INFO - Setting next_dagrun for example_complex to None, run_after=None
[2025-02-06T01:10:27.808+0000] {processor.py:208} INFO - Processing /home/airflow/.local/lib/python3.12/site-packages/airflow/example_dags/example_complex.py took 0.110 seconds
[2025-02-06T01:11:00.333+0000] {processor.py:186} INFO - Started process (PID=3181) to work on /home/airflow/.local/lib/python3.12/site-packages/airflow/example_dags/example_complex.py
[2025-02-06T01:11:00.334+0000] {processor.py:914} INFO - Processing file /home/airflow/.local/lib/python3.12/site-packages/airflow/example_dags/example_complex.py for tasks to queue
[2025-02-06T01:11:00.336+0000] {logging_mixin.py:190} INFO - [2025-02-06T01:11:00.336+0000] {dagbag.py:588} INFO - Filling up the DagBag from /home/airflow/.local/lib/python3.12/site-packages/airflow/example_dags/example_complex.py
[2025-02-06T01:11:00.346+0000] {processor.py:925} INFO - DAG(s) 'example_complex' retrieved from /home/airflow/.local/lib/python3.12/site-packages/airflow/example_dags/example_complex.py
[2025-02-06T01:11:00.375+0000] {logging_mixin.py:190} INFO - [2025-02-06T01:11:00.374+0000] {dag.py:3239} INFO - Sync 1 DAGs
[2025-02-06T01:11:00.390+0000] {logging_mixin.py:190} INFO - [2025-02-06T01:11:00.389+0000] {dag.py:4180} INFO - Setting next_dagrun for example_complex to None, run_after=None
[2025-02-06T01:11:00.646+0000] {processor.py:208} INFO - Processing /home/airflow/.local/lib/python3.12/site-packages/airflow/example_dags/example_complex.py took 0.319 seconds
[2025-02-06T01:11:31.803+0000] {processor.py:186} INFO - Started process (PID=3244) to work on /home/airflow/.local/lib/python3.12/site-packages/airflow/example_dags/example_complex.py
[2025-02-06T01:11:31.804+0000] {processor.py:914} INFO - Processing file /home/airflow/.local/lib/python3.12/site-packages/airflow/example_dags/example_complex.py for tasks to queue
[2025-02-06T01:11:31.806+0000] {logging_mixin.py:190} INFO - [2025-02-06T01:11:31.806+0000] {dagbag.py:588} INFO - Filling up the DagBag from /home/airflow/.local/lib/python3.12/site-packages/airflow/example_dags/example_complex.py
[2025-02-06T01:11:31.816+0000] {processor.py:925} INFO - DAG(s) 'example_complex' retrieved from /home/airflow/.local/lib/python3.12/site-packages/airflow/example_dags/example_complex.py
[2025-02-06T01:11:31.847+0000] {logging_mixin.py:190} INFO - [2025-02-06T01:11:31.846+0000] {dag.py:3239} INFO - Sync 1 DAGs
[2025-02-06T01:11:31.860+0000] {logging_mixin.py:190} INFO - [2025-02-06T01:11:31.860+0000] {dag.py:4180} INFO - Setting next_dagrun for example_complex to None, run_after=None
[2025-02-06T01:11:31.884+0000] {processor.py:208} INFO - Processing /home/airflow/.local/lib/python3.12/site-packages/airflow/example_dags/example_complex.py took 0.086 seconds
[2025-02-06T01:12:05.429+0000] {processor.py:186} INFO - Started process (PID=3307) to work on /home/airflow/.local/lib/python3.12/site-packages/airflow/example_dags/example_complex.py
[2025-02-06T01:12:05.430+0000] {processor.py:914} INFO - Processing file /home/airflow/.local/lib/python3.12/site-packages/airflow/example_dags/example_complex.py for tasks to queue
[2025-02-06T01:12:05.433+0000] {logging_mixin.py:190} INFO - [2025-02-06T01:12:05.432+0000] {dagbag.py:588} INFO - Filling up the DagBag from /home/airflow/.local/lib/python3.12/site-packages/airflow/example_dags/example_complex.py
[2025-02-06T01:12:05.443+0000] {processor.py:925} INFO - DAG(s) 'example_complex' retrieved from /home/airflow/.local/lib/python3.12/site-packages/airflow/example_dags/example_complex.py
[2025-02-06T01:12:05.470+0000] {logging_mixin.py:190} INFO - [2025-02-06T01:12:05.470+0000] {dag.py:3239} INFO - Sync 1 DAGs
[2025-02-06T01:12:05.483+0000] {logging_mixin.py:190} INFO - [2025-02-06T01:12:05.483+0000] {dag.py:4180} INFO - Setting next_dagrun for example_complex to None, run_after=None
[2025-02-06T01:12:05.504+0000] {processor.py:208} INFO - Processing /home/airflow/.local/lib/python3.12/site-packages/airflow/example_dags/example_complex.py took 0.081 seconds
[2025-02-06T01:12:38.546+0000] {processor.py:186} INFO - Started process (PID=3370) to work on /home/airflow/.local/lib/python3.12/site-packages/airflow/example_dags/example_complex.py
[2025-02-06T01:12:38.547+0000] {processor.py:914} INFO - Processing file /home/airflow/.local/lib/python3.12/site-packages/airflow/example_dags/example_complex.py for tasks to queue
[2025-02-06T01:12:38.549+0000] {logging_mixin.py:190} INFO - [2025-02-06T01:12:38.548+0000] {dagbag.py:588} INFO - Filling up the DagBag from /home/airflow/.local/lib/python3.12/site-packages/airflow/example_dags/example_complex.py
[2025-02-06T01:12:38.871+0000] {processor.py:925} INFO - DAG(s) 'example_complex' retrieved from /home/airflow/.local/lib/python3.12/site-packages/airflow/example_dags/example_complex.py
[2025-02-06T01:12:38.897+0000] {logging_mixin.py:190} INFO - [2025-02-06T01:12:38.896+0000] {dag.py:3239} INFO - Sync 1 DAGs
[2025-02-06T01:12:38.907+0000] {logging_mixin.py:190} INFO - [2025-02-06T01:12:38.907+0000] {dag.py:4180} INFO - Setting next_dagrun for example_complex to None, run_after=None
[2025-02-06T01:12:38.925+0000] {processor.py:208} INFO - Processing /home/airflow/.local/lib/python3.12/site-packages/airflow/example_dags/example_complex.py took 0.385 seconds
[2025-02-06T01:13:09.690+0000] {processor.py:186} INFO - Started process (PID=3434) to work on /home/airflow/.local/lib/python3.12/site-packages/airflow/example_dags/example_complex.py
[2025-02-06T01:13:09.691+0000] {processor.py:914} INFO - Processing file /home/airflow/.local/lib/python3.12/site-packages/airflow/example_dags/example_complex.py for tasks to queue
[2025-02-06T01:13:09.694+0000] {logging_mixin.py:190} INFO - [2025-02-06T01:13:09.694+0000] {dagbag.py:588} INFO - Filling up the DagBag from /home/airflow/.local/lib/python3.12/site-packages/airflow/example_dags/example_complex.py
[2025-02-06T01:13:09.706+0000] {processor.py:925} INFO - DAG(s) 'example_complex' retrieved from /home/airflow/.local/lib/python3.12/site-packages/airflow/example_dags/example_complex.py
[2025-02-06T01:13:09.739+0000] {logging_mixin.py:190} INFO - [2025-02-06T01:13:09.739+0000] {dag.py:3239} INFO - Sync 1 DAGs
[2025-02-06T01:13:09.754+0000] {logging_mixin.py:190} INFO - [2025-02-06T01:13:09.754+0000] {dag.py:4180} INFO - Setting next_dagrun for example_complex to None, run_after=None
[2025-02-06T01:13:09.776+0000] {processor.py:208} INFO - Processing /home/airflow/.local/lib/python3.12/site-packages/airflow/example_dags/example_complex.py took 0.092 seconds
[2025-02-06T01:13:40.318+0000] {processor.py:186} INFO - Started process (PID=3497) to work on /home/airflow/.local/lib/python3.12/site-packages/airflow/example_dags/example_complex.py
[2025-02-06T01:13:40.320+0000] {processor.py:914} INFO - Processing file /home/airflow/.local/lib/python3.12/site-packages/airflow/example_dags/example_complex.py for tasks to queue
[2025-02-06T01:13:40.322+0000] {logging_mixin.py:190} INFO - [2025-02-06T01:13:40.322+0000] {dagbag.py:588} INFO - Filling up the DagBag from /home/airflow/.local/lib/python3.12/site-packages/airflow/example_dags/example_complex.py
[2025-02-06T01:13:40.333+0000] {processor.py:925} INFO - DAG(s) 'example_complex' retrieved from /home/airflow/.local/lib/python3.12/site-packages/airflow/example_dags/example_complex.py
[2025-02-06T01:13:40.364+0000] {logging_mixin.py:190} INFO - [2025-02-06T01:13:40.363+0000] {dag.py:3239} INFO - Sync 1 DAGs
[2025-02-06T01:13:40.376+0000] {logging_mixin.py:190} INFO - [2025-02-06T01:13:40.376+0000] {dag.py:4180} INFO - Setting next_dagrun for example_complex to None, run_after=None
[2025-02-06T01:13:40.394+0000] {processor.py:208} INFO - Processing /home/airflow/.local/lib/python3.12/site-packages/airflow/example_dags/example_complex.py took 0.080 seconds
[2025-02-06T01:14:12.771+0000] {processor.py:186} INFO - Started process (PID=3560) to work on /home/airflow/.local/lib/python3.12/site-packages/airflow/example_dags/example_complex.py
[2025-02-06T01:14:12.772+0000] {processor.py:914} INFO - Processing file /home/airflow/.local/lib/python3.12/site-packages/airflow/example_dags/example_complex.py for tasks to queue
[2025-02-06T01:14:12.774+0000] {logging_mixin.py:190} INFO - [2025-02-06T01:14:12.774+0000] {dagbag.py:588} INFO - Filling up the DagBag from /home/airflow/.local/lib/python3.12/site-packages/airflow/example_dags/example_complex.py
[2025-02-06T01:14:12.803+0000] {processor.py:925} INFO - DAG(s) 'example_complex' retrieved from /home/airflow/.local/lib/python3.12/site-packages/airflow/example_dags/example_complex.py
[2025-02-06T01:14:12.838+0000] {logging_mixin.py:190} INFO - [2025-02-06T01:14:12.838+0000] {dag.py:3239} INFO - Sync 1 DAGs
[2025-02-06T01:14:12.850+0000] {logging_mixin.py:190} INFO - [2025-02-06T01:14:12.849+0000] {dag.py:4180} INFO - Setting next_dagrun for example_complex to None, run_after=None
[2025-02-06T01:14:12.879+0000] {processor.py:208} INFO - Processing /home/airflow/.local/lib/python3.12/site-packages/airflow/example_dags/example_complex.py took 0.113 seconds
[2025-02-06T01:14:45.871+0000] {processor.py:186} INFO - Started process (PID=3623) to work on /home/airflow/.local/lib/python3.12/site-packages/airflow/example_dags/example_complex.py
[2025-02-06T01:14:45.872+0000] {processor.py:914} INFO - Processing file /home/airflow/.local/lib/python3.12/site-packages/airflow/example_dags/example_complex.py for tasks to queue
[2025-02-06T01:14:45.874+0000] {logging_mixin.py:190} INFO - [2025-02-06T01:14:45.874+0000] {dagbag.py:588} INFO - Filling up the DagBag from /home/airflow/.local/lib/python3.12/site-packages/airflow/example_dags/example_complex.py
[2025-02-06T01:14:45.887+0000] {processor.py:925} INFO - DAG(s) 'example_complex' retrieved from /home/airflow/.local/lib/python3.12/site-packages/airflow/example_dags/example_complex.py
[2025-02-06T01:14:45.917+0000] {logging_mixin.py:190} INFO - [2025-02-06T01:14:45.917+0000] {dag.py:3239} INFO - Sync 1 DAGs
[2025-02-06T01:14:45.931+0000] {logging_mixin.py:190} INFO - [2025-02-06T01:14:45.930+0000] {dag.py:4180} INFO - Setting next_dagrun for example_complex to None, run_after=None
[2025-02-06T01:14:45.952+0000] {processor.py:208} INFO - Processing /home/airflow/.local/lib/python3.12/site-packages/airflow/example_dags/example_complex.py took 0.086 seconds
[2025-02-06T01:15:19.522+0000] {processor.py:186} INFO - Started process (PID=3686) to work on /home/airflow/.local/lib/python3.12/site-packages/airflow/example_dags/example_complex.py
[2025-02-06T01:15:19.523+0000] {processor.py:914} INFO - Processing file /home/airflow/.local/lib/python3.12/site-packages/airflow/example_dags/example_complex.py for tasks to queue
[2025-02-06T01:15:19.525+0000] {logging_mixin.py:190} INFO - [2025-02-06T01:15:19.524+0000] {dagbag.py:588} INFO - Filling up the DagBag from /home/airflow/.local/lib/python3.12/site-packages/airflow/example_dags/example_complex.py
[2025-02-06T01:15:19.534+0000] {processor.py:925} INFO - DAG(s) 'example_complex' retrieved from /home/airflow/.local/lib/python3.12/site-packages/airflow/example_dags/example_complex.py
[2025-02-06T01:15:19.561+0000] {logging_mixin.py:190} INFO - [2025-02-06T01:15:19.560+0000] {dag.py:3239} INFO - Sync 1 DAGs
[2025-02-06T01:15:19.573+0000] {logging_mixin.py:190} INFO - [2025-02-06T01:15:19.573+0000] {dag.py:4180} INFO - Setting next_dagrun for example_complex to None, run_after=None
[2025-02-06T01:15:19.593+0000] {processor.py:208} INFO - Processing /home/airflow/.local/lib/python3.12/site-packages/airflow/example_dags/example_complex.py took 0.076 seconds
[2025-02-06T01:15:51.671+0000] {processor.py:186} INFO - Started process (PID=3749) to work on /home/airflow/.local/lib/python3.12/site-packages/airflow/example_dags/example_complex.py
[2025-02-06T01:15:51.672+0000] {processor.py:914} INFO - Processing file /home/airflow/.local/lib/python3.12/site-packages/airflow/example_dags/example_complex.py for tasks to queue
[2025-02-06T01:15:51.674+0000] {logging_mixin.py:190} INFO - [2025-02-06T01:15:51.674+0000] {dagbag.py:588} INFO - Filling up the DagBag from /home/airflow/.local/lib/python3.12/site-packages/airflow/example_dags/example_complex.py
[2025-02-06T01:15:51.686+0000] {processor.py:925} INFO - DAG(s) 'example_complex' retrieved from /home/airflow/.local/lib/python3.12/site-packages/airflow/example_dags/example_complex.py
[2025-02-06T01:15:51.713+0000] {logging_mixin.py:190} INFO - [2025-02-06T01:15:51.713+0000] {dag.py:3239} INFO - Sync 1 DAGs
[2025-02-06T01:15:51.728+0000] {logging_mixin.py:190} INFO - [2025-02-06T01:15:51.728+0000] {dag.py:4180} INFO - Setting next_dagrun for example_complex to None, run_after=None
[2025-02-06T01:15:51.747+0000] {processor.py:208} INFO - Processing /home/airflow/.local/lib/python3.12/site-packages/airflow/example_dags/example_complex.py took 0.080 seconds
[2025-02-06T01:16:26.154+0000] {processor.py:186} INFO - Started process (PID=3812) to work on /home/airflow/.local/lib/python3.12/site-packages/airflow/example_dags/example_complex.py
[2025-02-06T01:16:26.155+0000] {processor.py:914} INFO - Processing file /home/airflow/.local/lib/python3.12/site-packages/airflow/example_dags/example_complex.py for tasks to queue
[2025-02-06T01:16:26.158+0000] {logging_mixin.py:190} INFO - [2025-02-06T01:16:26.157+0000] {dagbag.py:588} INFO - Filling up the DagBag from /home/airflow/.local/lib/python3.12/site-packages/airflow/example_dags/example_complex.py
[2025-02-06T01:16:26.174+0000] {processor.py:925} INFO - DAG(s) 'example_complex' retrieved from /home/airflow/.local/lib/python3.12/site-packages/airflow/example_dags/example_complex.py
[2025-02-06T01:16:26.212+0000] {logging_mixin.py:190} INFO - [2025-02-06T01:16:26.211+0000] {dag.py:3239} INFO - Sync 1 DAGs
[2025-02-06T01:16:26.232+0000] {logging_mixin.py:190} INFO - [2025-02-06T01:16:26.232+0000] {dag.py:4180} INFO - Setting next_dagrun for example_complex to None, run_after=None
[2025-02-06T01:16:26.265+0000] {processor.py:208} INFO - Processing /home/airflow/.local/lib/python3.12/site-packages/airflow/example_dags/example_complex.py took 0.119 seconds
