[2025-02-06T00:44:41.266+0000] {processor.py:186} INFO - Started process (PID=116) to work on /home/airflow/.local/lib/python3.12/site-packages/airflow/example_dags/example_latest_only_with_trigger.py
[2025-02-06T00:44:41.267+0000] {processor.py:914} INFO - Processing file /home/airflow/.local/lib/python3.12/site-packages/airflow/example_dags/example_latest_only_with_trigger.py for tasks to queue
[2025-02-06T00:44:41.279+0000] {logging_mixin.py:190} INFO - [2025-02-06T00:44:41.278+0000] {dagbag.py:588} INFO - Filling up the DagBag from /home/airflow/.local/lib/python3.12/site-packages/airflow/example_dags/example_latest_only_with_trigger.py
[2025-02-06T00:44:41.287+0000] {processor.py:925} INFO - DAG(s) 'latest_only_with_trigger' retrieved from /home/airflow/.local/lib/python3.12/site-packages/airflow/example_dags/example_latest_only_with_trigger.py
[2025-02-06T00:44:41.404+0000] {logging_mixin.py:190} INFO - [2025-02-06T00:44:41.401+0000] {override.py:1911} INFO - Created Permission View: can delete on DAG:latest_only_with_trigger
[2025-02-06T00:44:41.422+0000] {logging_mixin.py:190} INFO - [2025-02-06T00:44:41.422+0000] {override.py:1911} INFO - Created Permission View: can edit on DAG:latest_only_with_trigger
[2025-02-06T00:44:41.434+0000] {logging_mixin.py:190} INFO - [2025-02-06T00:44:41.434+0000] {override.py:1911} INFO - Created Permission View: can read on DAG:latest_only_with_trigger
[2025-02-06T00:44:41.457+0000] {logging_mixin.py:190} INFO - [2025-02-06T00:44:41.456+0000] {override.py:1911} INFO - Created Permission View: menu access on DAG Run:latest_only_with_trigger
[2025-02-06T00:44:41.470+0000] {logging_mixin.py:190} INFO - [2025-02-06T00:44:41.469+0000] {override.py:1911} INFO - Created Permission View: can delete on DAG Run:latest_only_with_trigger
[2025-02-06T00:44:41.482+0000] {logging_mixin.py:190} INFO - [2025-02-06T00:44:41.482+0000] {override.py:1911} INFO - Created Permission View: can read on DAG Run:latest_only_with_trigger
[2025-02-06T00:44:41.495+0000] {logging_mixin.py:190} INFO - [2025-02-06T00:44:41.494+0000] {override.py:1911} INFO - Created Permission View: can create on DAG Run:latest_only_with_trigger
[2025-02-06T00:44:41.496+0000] {logging_mixin.py:190} INFO - [2025-02-06T00:44:41.495+0000] {dag.py:3239} INFO - Sync 1 DAGs
[2025-02-06T00:44:41.515+0000] {logging_mixin.py:190} INFO - [2025-02-06T00:44:41.514+0000] {dag.py:3262} INFO - Creating ORM DAG for latest_only_with_trigger
[2025-02-06T00:44:41.526+0000] {logging_mixin.py:190} INFO - [2025-02-06T00:44:41.526+0000] {dag.py:4180} INFO - Setting next_dagrun for latest_only_with_trigger to 2025-02-05 20:00:00+00:00, run_after=2025-02-06 00:00:00+00:00
[2025-02-06T00:44:41.547+0000] {processor.py:208} INFO - Processing /home/airflow/.local/lib/python3.12/site-packages/airflow/example_dags/example_latest_only_with_trigger.py took 0.294 seconds
[2025-02-06T00:45:11.616+0000] {processor.py:186} INFO - Started process (PID=178) to work on /home/airflow/.local/lib/python3.12/site-packages/airflow/example_dags/example_latest_only_with_trigger.py
[2025-02-06T00:45:11.617+0000] {processor.py:914} INFO - Processing file /home/airflow/.local/lib/python3.12/site-packages/airflow/example_dags/example_latest_only_with_trigger.py for tasks to queue
[2025-02-06T00:45:11.619+0000] {logging_mixin.py:190} INFO - [2025-02-06T00:45:11.619+0000] {dagbag.py:588} INFO - Filling up the DagBag from /home/airflow/.local/lib/python3.12/site-packages/airflow/example_dags/example_latest_only_with_trigger.py
[2025-02-06T00:45:11.625+0000] {processor.py:925} INFO - DAG(s) 'latest_only_with_trigger' retrieved from /home/airflow/.local/lib/python3.12/site-packages/airflow/example_dags/example_latest_only_with_trigger.py
[2025-02-06T00:45:11.642+0000] {logging_mixin.py:190} INFO - [2025-02-06T00:45:11.642+0000] {dag.py:3239} INFO - Sync 1 DAGs
[2025-02-06T00:45:11.663+0000] {logging_mixin.py:190} INFO - [2025-02-06T00:45:11.663+0000] {dag.py:4180} INFO - Setting next_dagrun for latest_only_with_trigger to 2025-02-05 20:00:00+00:00, run_after=2025-02-06 00:00:00+00:00
[2025-02-06T00:45:11.710+0000] {processor.py:208} INFO - Processing /home/airflow/.local/lib/python3.12/site-packages/airflow/example_dags/example_latest_only_with_trigger.py took 0.098 seconds
[2025-02-06T00:45:41.879+0000] {processor.py:186} INFO - Started process (PID=241) to work on /home/airflow/.local/lib/python3.12/site-packages/airflow/example_dags/example_latest_only_with_trigger.py
[2025-02-06T00:45:41.880+0000] {processor.py:914} INFO - Processing file /home/airflow/.local/lib/python3.12/site-packages/airflow/example_dags/example_latest_only_with_trigger.py for tasks to queue
[2025-02-06T00:45:41.882+0000] {logging_mixin.py:190} INFO - [2025-02-06T00:45:41.882+0000] {dagbag.py:588} INFO - Filling up the DagBag from /home/airflow/.local/lib/python3.12/site-packages/airflow/example_dags/example_latest_only_with_trigger.py
[2025-02-06T00:45:41.887+0000] {processor.py:925} INFO - DAG(s) 'latest_only_with_trigger' retrieved from /home/airflow/.local/lib/python3.12/site-packages/airflow/example_dags/example_latest_only_with_trigger.py
[2025-02-06T00:45:41.905+0000] {logging_mixin.py:190} INFO - [2025-02-06T00:45:41.904+0000] {dag.py:3239} INFO - Sync 1 DAGs
[2025-02-06T00:45:41.923+0000] {logging_mixin.py:190} INFO - [2025-02-06T00:45:41.923+0000] {dag.py:4180} INFO - Setting next_dagrun for latest_only_with_trigger to 2025-02-05 20:00:00+00:00, run_after=2025-02-06 00:00:00+00:00
[2025-02-06T00:45:41.942+0000] {processor.py:208} INFO - Processing /home/airflow/.local/lib/python3.12/site-packages/airflow/example_dags/example_latest_only_with_trigger.py took 0.067 seconds
[2025-02-06T00:46:11.984+0000] {processor.py:186} INFO - Started process (PID=303) to work on /home/airflow/.local/lib/python3.12/site-packages/airflow/example_dags/example_latest_only_with_trigger.py
[2025-02-06T00:46:11.985+0000] {processor.py:914} INFO - Processing file /home/airflow/.local/lib/python3.12/site-packages/airflow/example_dags/example_latest_only_with_trigger.py for tasks to queue
[2025-02-06T00:46:11.987+0000] {logging_mixin.py:190} INFO - [2025-02-06T00:46:11.987+0000] {dagbag.py:588} INFO - Filling up the DagBag from /home/airflow/.local/lib/python3.12/site-packages/airflow/example_dags/example_latest_only_with_trigger.py
[2025-02-06T00:46:11.993+0000] {processor.py:925} INFO - DAG(s) 'latest_only_with_trigger' retrieved from /home/airflow/.local/lib/python3.12/site-packages/airflow/example_dags/example_latest_only_with_trigger.py
[2025-02-06T00:46:12.012+0000] {logging_mixin.py:190} INFO - [2025-02-06T00:46:12.012+0000] {dag.py:3239} INFO - Sync 1 DAGs
[2025-02-06T00:46:12.030+0000] {logging_mixin.py:190} INFO - [2025-02-06T00:46:12.030+0000] {dag.py:4180} INFO - Setting next_dagrun for latest_only_with_trigger to 2025-02-05 20:00:00+00:00, run_after=2025-02-06 00:00:00+00:00
[2025-02-06T00:46:12.050+0000] {processor.py:208} INFO - Processing /home/airflow/.local/lib/python3.12/site-packages/airflow/example_dags/example_latest_only_with_trigger.py took 0.070 seconds
[2025-02-06T00:46:42.791+0000] {processor.py:186} INFO - Started process (PID=366) to work on /home/airflow/.local/lib/python3.12/site-packages/airflow/example_dags/example_latest_only_with_trigger.py
[2025-02-06T00:46:42.792+0000] {processor.py:914} INFO - Processing file /home/airflow/.local/lib/python3.12/site-packages/airflow/example_dags/example_latest_only_with_trigger.py for tasks to queue
[2025-02-06T00:46:42.795+0000] {logging_mixin.py:190} INFO - [2025-02-06T00:46:42.795+0000] {dagbag.py:588} INFO - Filling up the DagBag from /home/airflow/.local/lib/python3.12/site-packages/airflow/example_dags/example_latest_only_with_trigger.py
[2025-02-06T00:46:42.802+0000] {processor.py:925} INFO - DAG(s) 'latest_only_with_trigger' retrieved from /home/airflow/.local/lib/python3.12/site-packages/airflow/example_dags/example_latest_only_with_trigger.py
[2025-02-06T00:46:42.821+0000] {logging_mixin.py:190} INFO - [2025-02-06T00:46:42.821+0000] {dag.py:3239} INFO - Sync 1 DAGs
[2025-02-06T00:46:42.841+0000] {logging_mixin.py:190} INFO - [2025-02-06T00:46:42.841+0000] {dag.py:4180} INFO - Setting next_dagrun for latest_only_with_trigger to 2025-02-05 20:00:00+00:00, run_after=2025-02-06 00:00:00+00:00
[2025-02-06T00:46:42.864+0000] {processor.py:208} INFO - Processing /home/airflow/.local/lib/python3.12/site-packages/airflow/example_dags/example_latest_only_with_trigger.py took 0.078 seconds
[2025-02-06T00:47:13.648+0000] {processor.py:186} INFO - Started process (PID=430) to work on /home/airflow/.local/lib/python3.12/site-packages/airflow/example_dags/example_latest_only_with_trigger.py
[2025-02-06T00:47:13.649+0000] {processor.py:914} INFO - Processing file /home/airflow/.local/lib/python3.12/site-packages/airflow/example_dags/example_latest_only_with_trigger.py for tasks to queue
[2025-02-06T00:47:13.651+0000] {logging_mixin.py:190} INFO - [2025-02-06T00:47:13.651+0000] {dagbag.py:588} INFO - Filling up the DagBag from /home/airflow/.local/lib/python3.12/site-packages/airflow/example_dags/example_latest_only_with_trigger.py
[2025-02-06T00:47:13.657+0000] {processor.py:925} INFO - DAG(s) 'latest_only_with_trigger' retrieved from /home/airflow/.local/lib/python3.12/site-packages/airflow/example_dags/example_latest_only_with_trigger.py
[2025-02-06T00:47:13.683+0000] {logging_mixin.py:190} INFO - [2025-02-06T00:47:13.673+0000] {dag.py:3239} INFO - Sync 1 DAGs
[2025-02-06T00:47:13.719+0000] {logging_mixin.py:190} INFO - [2025-02-06T00:47:13.719+0000] {dag.py:4180} INFO - Setting next_dagrun for latest_only_with_trigger to 2025-02-05 20:00:00+00:00, run_after=2025-02-06 00:00:00+00:00
[2025-02-06T00:47:13.756+0000] {processor.py:208} INFO - Processing /home/airflow/.local/lib/python3.12/site-packages/airflow/example_dags/example_latest_only_with_trigger.py took 0.111 seconds
[2025-02-06T00:47:43.820+0000] {processor.py:186} INFO - Started process (PID=487) to work on /home/airflow/.local/lib/python3.12/site-packages/airflow/example_dags/example_latest_only_with_trigger.py
[2025-02-06T00:47:43.821+0000] {processor.py:914} INFO - Processing file /home/airflow/.local/lib/python3.12/site-packages/airflow/example_dags/example_latest_only_with_trigger.py for tasks to queue
[2025-02-06T00:47:43.824+0000] {logging_mixin.py:190} INFO - [2025-02-06T00:47:43.823+0000] {dagbag.py:588} INFO - Filling up the DagBag from /home/airflow/.local/lib/python3.12/site-packages/airflow/example_dags/example_latest_only_with_trigger.py
[2025-02-06T00:47:43.831+0000] {processor.py:925} INFO - DAG(s) 'latest_only_with_trigger' retrieved from /home/airflow/.local/lib/python3.12/site-packages/airflow/example_dags/example_latest_only_with_trigger.py
[2025-02-06T00:47:43.851+0000] {logging_mixin.py:190} INFO - [2025-02-06T00:47:43.850+0000] {dag.py:3239} INFO - Sync 1 DAGs
[2025-02-06T00:47:43.874+0000] {logging_mixin.py:190} INFO - [2025-02-06T00:47:43.873+0000] {dag.py:4180} INFO - Setting next_dagrun for latest_only_with_trigger to 2025-02-05 20:00:00+00:00, run_after=2025-02-06 00:00:00+00:00
[2025-02-06T00:47:43.891+0000] {processor.py:208} INFO - Processing /home/airflow/.local/lib/python3.12/site-packages/airflow/example_dags/example_latest_only_with_trigger.py took 0.076 seconds
[2025-02-06T00:48:14.565+0000] {processor.py:186} INFO - Started process (PID=550) to work on /home/airflow/.local/lib/python3.12/site-packages/airflow/example_dags/example_latest_only_with_trigger.py
[2025-02-06T00:48:14.575+0000] {processor.py:914} INFO - Processing file /home/airflow/.local/lib/python3.12/site-packages/airflow/example_dags/example_latest_only_with_trigger.py for tasks to queue
[2025-02-06T00:48:14.588+0000] {logging_mixin.py:190} INFO - [2025-02-06T00:48:14.587+0000] {dagbag.py:588} INFO - Filling up the DagBag from /home/airflow/.local/lib/python3.12/site-packages/airflow/example_dags/example_latest_only_with_trigger.py
[2025-02-06T00:48:14.598+0000] {processor.py:925} INFO - DAG(s) 'latest_only_with_trigger' retrieved from /home/airflow/.local/lib/python3.12/site-packages/airflow/example_dags/example_latest_only_with_trigger.py
[2025-02-06T00:48:14.629+0000] {logging_mixin.py:190} INFO - [2025-02-06T00:48:14.629+0000] {dag.py:3239} INFO - Sync 1 DAGs
[2025-02-06T00:48:14.672+0000] {logging_mixin.py:190} INFO - [2025-02-06T00:48:14.672+0000] {dag.py:4180} INFO - Setting next_dagrun for latest_only_with_trigger to 2025-02-05 20:00:00+00:00, run_after=2025-02-06 00:00:00+00:00
[2025-02-06T00:48:14.724+0000] {processor.py:208} INFO - Processing /home/airflow/.local/lib/python3.12/site-packages/airflow/example_dags/example_latest_only_with_trigger.py took 0.165 seconds
[2025-02-06T00:48:45.830+0000] {processor.py:186} INFO - Started process (PID=613) to work on /home/airflow/.local/lib/python3.12/site-packages/airflow/example_dags/example_latest_only_with_trigger.py
[2025-02-06T00:48:45.831+0000] {processor.py:914} INFO - Processing file /home/airflow/.local/lib/python3.12/site-packages/airflow/example_dags/example_latest_only_with_trigger.py for tasks to queue
[2025-02-06T00:48:45.833+0000] {logging_mixin.py:190} INFO - [2025-02-06T00:48:45.833+0000] {dagbag.py:588} INFO - Filling up the DagBag from /home/airflow/.local/lib/python3.12/site-packages/airflow/example_dags/example_latest_only_with_trigger.py
[2025-02-06T00:48:45.840+0000] {processor.py:925} INFO - DAG(s) 'latest_only_with_trigger' retrieved from /home/airflow/.local/lib/python3.12/site-packages/airflow/example_dags/example_latest_only_with_trigger.py
[2025-02-06T00:48:45.859+0000] {logging_mixin.py:190} INFO - [2025-02-06T00:48:45.858+0000] {dag.py:3239} INFO - Sync 1 DAGs
[2025-02-06T00:48:45.891+0000] {logging_mixin.py:190} INFO - [2025-02-06T00:48:45.891+0000] {dag.py:4180} INFO - Setting next_dagrun for latest_only_with_trigger to 2025-02-05 20:00:00+00:00, run_after=2025-02-06 00:00:00+00:00
[2025-02-06T00:48:45.933+0000] {processor.py:208} INFO - Processing /home/airflow/.local/lib/python3.12/site-packages/airflow/example_dags/example_latest_only_with_trigger.py took 0.108 seconds
[2025-02-06T00:49:17.049+0000] {processor.py:186} INFO - Started process (PID=676) to work on /home/airflow/.local/lib/python3.12/site-packages/airflow/example_dags/example_latest_only_with_trigger.py
[2025-02-06T00:49:17.050+0000] {processor.py:914} INFO - Processing file /home/airflow/.local/lib/python3.12/site-packages/airflow/example_dags/example_latest_only_with_trigger.py for tasks to queue
[2025-02-06T00:49:17.051+0000] {logging_mixin.py:190} INFO - [2025-02-06T00:49:17.051+0000] {dagbag.py:588} INFO - Filling up the DagBag from /home/airflow/.local/lib/python3.12/site-packages/airflow/example_dags/example_latest_only_with_trigger.py
[2025-02-06T00:49:17.058+0000] {processor.py:925} INFO - DAG(s) 'latest_only_with_trigger' retrieved from /home/airflow/.local/lib/python3.12/site-packages/airflow/example_dags/example_latest_only_with_trigger.py
[2025-02-06T00:49:17.076+0000] {logging_mixin.py:190} INFO - [2025-02-06T00:49:17.076+0000] {dag.py:3239} INFO - Sync 1 DAGs
[2025-02-06T00:49:17.094+0000] {logging_mixin.py:190} INFO - [2025-02-06T00:49:17.093+0000] {dag.py:4180} INFO - Setting next_dagrun for latest_only_with_trigger to 2025-02-05 20:00:00+00:00, run_after=2025-02-06 00:00:00+00:00
[2025-02-06T00:49:17.110+0000] {processor.py:208} INFO - Processing /home/airflow/.local/lib/python3.12/site-packages/airflow/example_dags/example_latest_only_with_trigger.py took 0.066 seconds
[2025-02-06T00:49:48.335+0000] {processor.py:186} INFO - Started process (PID=739) to work on /home/airflow/.local/lib/python3.12/site-packages/airflow/example_dags/example_latest_only_with_trigger.py
[2025-02-06T00:49:48.337+0000] {processor.py:914} INFO - Processing file /home/airflow/.local/lib/python3.12/site-packages/airflow/example_dags/example_latest_only_with_trigger.py for tasks to queue
[2025-02-06T00:49:48.339+0000] {logging_mixin.py:190} INFO - [2025-02-06T00:49:48.339+0000] {dagbag.py:588} INFO - Filling up the DagBag from /home/airflow/.local/lib/python3.12/site-packages/airflow/example_dags/example_latest_only_with_trigger.py
[2025-02-06T00:49:48.350+0000] {processor.py:925} INFO - DAG(s) 'latest_only_with_trigger' retrieved from /home/airflow/.local/lib/python3.12/site-packages/airflow/example_dags/example_latest_only_with_trigger.py
[2025-02-06T00:49:48.378+0000] {logging_mixin.py:190} INFO - [2025-02-06T00:49:48.377+0000] {dag.py:3239} INFO - Sync 1 DAGs
[2025-02-06T00:49:48.401+0000] {logging_mixin.py:190} INFO - [2025-02-06T00:49:48.401+0000] {dag.py:4180} INFO - Setting next_dagrun for latest_only_with_trigger to 2025-02-05 20:00:00+00:00, run_after=2025-02-06 00:00:00+00:00
[2025-02-06T00:49:48.430+0000] {processor.py:208} INFO - Processing /home/airflow/.local/lib/python3.12/site-packages/airflow/example_dags/example_latest_only_with_trigger.py took 0.100 seconds
[2025-02-06T00:50:19.715+0000] {processor.py:186} INFO - Started process (PID=802) to work on /home/airflow/.local/lib/python3.12/site-packages/airflow/example_dags/example_latest_only_with_trigger.py
[2025-02-06T00:50:19.716+0000] {processor.py:914} INFO - Processing file /home/airflow/.local/lib/python3.12/site-packages/airflow/example_dags/example_latest_only_with_trigger.py for tasks to queue
[2025-02-06T00:50:19.719+0000] {logging_mixin.py:190} INFO - [2025-02-06T00:50:19.718+0000] {dagbag.py:588} INFO - Filling up the DagBag from /home/airflow/.local/lib/python3.12/site-packages/airflow/example_dags/example_latest_only_with_trigger.py
[2025-02-06T00:50:19.726+0000] {processor.py:925} INFO - DAG(s) 'latest_only_with_trigger' retrieved from /home/airflow/.local/lib/python3.12/site-packages/airflow/example_dags/example_latest_only_with_trigger.py
[2025-02-06T00:50:19.745+0000] {logging_mixin.py:190} INFO - [2025-02-06T00:50:19.744+0000] {dag.py:3239} INFO - Sync 1 DAGs
[2025-02-06T00:50:19.769+0000] {logging_mixin.py:190} INFO - [2025-02-06T00:50:19.768+0000] {dag.py:4180} INFO - Setting next_dagrun for latest_only_with_trigger to 2025-02-05 20:00:00+00:00, run_after=2025-02-06 00:00:00+00:00
[2025-02-06T00:50:19.791+0000] {processor.py:208} INFO - Processing /home/airflow/.local/lib/python3.12/site-packages/airflow/example_dags/example_latest_only_with_trigger.py took 0.080 seconds
[2025-02-06T00:50:50.878+0000] {processor.py:186} INFO - Started process (PID=865) to work on /home/airflow/.local/lib/python3.12/site-packages/airflow/example_dags/example_latest_only_with_trigger.py
[2025-02-06T00:50:50.879+0000] {processor.py:914} INFO - Processing file /home/airflow/.local/lib/python3.12/site-packages/airflow/example_dags/example_latest_only_with_trigger.py for tasks to queue
[2025-02-06T00:50:50.881+0000] {logging_mixin.py:190} INFO - [2025-02-06T00:50:50.881+0000] {dagbag.py:588} INFO - Filling up the DagBag from /home/airflow/.local/lib/python3.12/site-packages/airflow/example_dags/example_latest_only_with_trigger.py
[2025-02-06T00:50:50.887+0000] {processor.py:925} INFO - DAG(s) 'latest_only_with_trigger' retrieved from /home/airflow/.local/lib/python3.12/site-packages/airflow/example_dags/example_latest_only_with_trigger.py
[2025-02-06T00:50:50.907+0000] {logging_mixin.py:190} INFO - [2025-02-06T00:50:50.906+0000] {dag.py:3239} INFO - Sync 1 DAGs
[2025-02-06T00:50:50.926+0000] {logging_mixin.py:190} INFO - [2025-02-06T00:50:50.926+0000] {dag.py:4180} INFO - Setting next_dagrun for latest_only_with_trigger to 2025-02-05 20:00:00+00:00, run_after=2025-02-06 00:00:00+00:00
[2025-02-06T00:50:50.946+0000] {processor.py:208} INFO - Processing /home/airflow/.local/lib/python3.12/site-packages/airflow/example_dags/example_latest_only_with_trigger.py took 0.072 seconds
[2025-02-06T00:51:23.622+0000] {processor.py:186} INFO - Started process (PID=928) to work on /home/airflow/.local/lib/python3.12/site-packages/airflow/example_dags/example_latest_only_with_trigger.py
[2025-02-06T00:51:23.623+0000] {processor.py:914} INFO - Processing file /home/airflow/.local/lib/python3.12/site-packages/airflow/example_dags/example_latest_only_with_trigger.py for tasks to queue
[2025-02-06T00:51:23.625+0000] {logging_mixin.py:190} INFO - [2025-02-06T00:51:23.625+0000] {dagbag.py:588} INFO - Filling up the DagBag from /home/airflow/.local/lib/python3.12/site-packages/airflow/example_dags/example_latest_only_with_trigger.py
[2025-02-06T00:51:23.634+0000] {processor.py:925} INFO - DAG(s) 'latest_only_with_trigger' retrieved from /home/airflow/.local/lib/python3.12/site-packages/airflow/example_dags/example_latest_only_with_trigger.py
[2025-02-06T00:51:23.657+0000] {logging_mixin.py:190} INFO - [2025-02-06T00:51:23.657+0000] {dag.py:3239} INFO - Sync 1 DAGs
[2025-02-06T00:51:23.681+0000] {logging_mixin.py:190} INFO - [2025-02-06T00:51:23.681+0000] {dag.py:4180} INFO - Setting next_dagrun for latest_only_with_trigger to 2025-02-05 20:00:00+00:00, run_after=2025-02-06 00:00:00+00:00
[2025-02-06T00:51:23.702+0000] {processor.py:208} INFO - Processing /home/airflow/.local/lib/python3.12/site-packages/airflow/example_dags/example_latest_only_with_trigger.py took 0.086 seconds
[2025-02-06T00:51:57.892+0000] {processor.py:186} INFO - Started process (PID=993) to work on /home/airflow/.local/lib/python3.12/site-packages/airflow/example_dags/example_latest_only_with_trigger.py
[2025-02-06T00:51:57.892+0000] {processor.py:914} INFO - Processing file /home/airflow/.local/lib/python3.12/site-packages/airflow/example_dags/example_latest_only_with_trigger.py for tasks to queue
[2025-02-06T00:51:57.895+0000] {logging_mixin.py:190} INFO - [2025-02-06T00:51:57.895+0000] {dagbag.py:588} INFO - Filling up the DagBag from /home/airflow/.local/lib/python3.12/site-packages/airflow/example_dags/example_latest_only_with_trigger.py
[2025-02-06T00:51:57.903+0000] {processor.py:925} INFO - DAG(s) 'latest_only_with_trigger' retrieved from /home/airflow/.local/lib/python3.12/site-packages/airflow/example_dags/example_latest_only_with_trigger.py
[2025-02-06T00:51:57.924+0000] {logging_mixin.py:190} INFO - [2025-02-06T00:51:57.923+0000] {dag.py:3239} INFO - Sync 1 DAGs
[2025-02-06T00:51:57.944+0000] {logging_mixin.py:190} INFO - [2025-02-06T00:51:57.944+0000] {dag.py:4180} INFO - Setting next_dagrun for latest_only_with_trigger to 2025-02-05 20:00:00+00:00, run_after=2025-02-06 00:00:00+00:00
[2025-02-06T00:51:57.964+0000] {processor.py:208} INFO - Processing /home/airflow/.local/lib/python3.12/site-packages/airflow/example_dags/example_latest_only_with_trigger.py took 0.077 seconds
[2025-02-06T00:52:28.184+0000] {processor.py:186} INFO - Started process (PID=1055) to work on /home/airflow/.local/lib/python3.12/site-packages/airflow/example_dags/example_latest_only_with_trigger.py
[2025-02-06T00:52:28.185+0000] {processor.py:914} INFO - Processing file /home/airflow/.local/lib/python3.12/site-packages/airflow/example_dags/example_latest_only_with_trigger.py for tasks to queue
[2025-02-06T00:52:28.188+0000] {logging_mixin.py:190} INFO - [2025-02-06T00:52:28.187+0000] {dagbag.py:588} INFO - Filling up the DagBag from /home/airflow/.local/lib/python3.12/site-packages/airflow/example_dags/example_latest_only_with_trigger.py
[2025-02-06T00:52:28.195+0000] {processor.py:925} INFO - DAG(s) 'latest_only_with_trigger' retrieved from /home/airflow/.local/lib/python3.12/site-packages/airflow/example_dags/example_latest_only_with_trigger.py
[2025-02-06T00:52:28.214+0000] {logging_mixin.py:190} INFO - [2025-02-06T00:52:28.213+0000] {dag.py:3239} INFO - Sync 1 DAGs
[2025-02-06T00:52:28.236+0000] {logging_mixin.py:190} INFO - [2025-02-06T00:52:28.236+0000] {dag.py:4180} INFO - Setting next_dagrun for latest_only_with_trigger to 2025-02-05 20:00:00+00:00, run_after=2025-02-06 00:00:00+00:00
[2025-02-06T00:52:28.261+0000] {processor.py:208} INFO - Processing /home/airflow/.local/lib/python3.12/site-packages/airflow/example_dags/example_latest_only_with_trigger.py took 0.087 seconds
[2025-02-06T00:53:01.225+0000] {processor.py:186} INFO - Started process (PID=1119) to work on /home/airflow/.local/lib/python3.12/site-packages/airflow/example_dags/example_latest_only_with_trigger.py
[2025-02-06T00:53:01.226+0000] {processor.py:914} INFO - Processing file /home/airflow/.local/lib/python3.12/site-packages/airflow/example_dags/example_latest_only_with_trigger.py for tasks to queue
[2025-02-06T00:53:01.229+0000] {logging_mixin.py:190} INFO - [2025-02-06T00:53:01.229+0000] {dagbag.py:588} INFO - Filling up the DagBag from /home/airflow/.local/lib/python3.12/site-packages/airflow/example_dags/example_latest_only_with_trigger.py
[2025-02-06T00:53:01.235+0000] {processor.py:925} INFO - DAG(s) 'latest_only_with_trigger' retrieved from /home/airflow/.local/lib/python3.12/site-packages/airflow/example_dags/example_latest_only_with_trigger.py
[2025-02-06T00:53:01.254+0000] {logging_mixin.py:190} INFO - [2025-02-06T00:53:01.254+0000] {dag.py:3239} INFO - Sync 1 DAGs
[2025-02-06T00:53:01.279+0000] {logging_mixin.py:190} INFO - [2025-02-06T00:53:01.279+0000] {dag.py:4180} INFO - Setting next_dagrun for latest_only_with_trigger to 2025-02-05 20:00:00+00:00, run_after=2025-02-06 00:00:00+00:00
[2025-02-06T00:53:01.308+0000] {processor.py:208} INFO - Processing /home/airflow/.local/lib/python3.12/site-packages/airflow/example_dags/example_latest_only_with_trigger.py took 0.088 seconds
[2025-02-06T00:53:33.827+0000] {processor.py:186} INFO - Started process (PID=1182) to work on /home/airflow/.local/lib/python3.12/site-packages/airflow/example_dags/example_latest_only_with_trigger.py
[2025-02-06T00:53:33.829+0000] {processor.py:914} INFO - Processing file /home/airflow/.local/lib/python3.12/site-packages/airflow/example_dags/example_latest_only_with_trigger.py for tasks to queue
[2025-02-06T00:53:33.832+0000] {logging_mixin.py:190} INFO - [2025-02-06T00:53:33.831+0000] {dagbag.py:588} INFO - Filling up the DagBag from /home/airflow/.local/lib/python3.12/site-packages/airflow/example_dags/example_latest_only_with_trigger.py
[2025-02-06T00:53:33.840+0000] {processor.py:925} INFO - DAG(s) 'latest_only_with_trigger' retrieved from /home/airflow/.local/lib/python3.12/site-packages/airflow/example_dags/example_latest_only_with_trigger.py
[2025-02-06T00:53:33.860+0000] {logging_mixin.py:190} INFO - [2025-02-06T00:53:33.860+0000] {dag.py:3239} INFO - Sync 1 DAGs
[2025-02-06T00:53:33.889+0000] {logging_mixin.py:190} INFO - [2025-02-06T00:53:33.888+0000] {dag.py:4180} INFO - Setting next_dagrun for latest_only_with_trigger to 2025-02-05 20:00:00+00:00, run_after=2025-02-06 00:00:00+00:00
[2025-02-06T00:53:33.913+0000] {processor.py:208} INFO - Processing /home/airflow/.local/lib/python3.12/site-packages/airflow/example_dags/example_latest_only_with_trigger.py took 0.091 seconds
[2025-02-06T00:54:07.183+0000] {processor.py:186} INFO - Started process (PID=1245) to work on /home/airflow/.local/lib/python3.12/site-packages/airflow/example_dags/example_latest_only_with_trigger.py
[2025-02-06T00:54:07.184+0000] {processor.py:914} INFO - Processing file /home/airflow/.local/lib/python3.12/site-packages/airflow/example_dags/example_latest_only_with_trigger.py for tasks to queue
[2025-02-06T00:54:07.187+0000] {logging_mixin.py:190} INFO - [2025-02-06T00:54:07.186+0000] {dagbag.py:588} INFO - Filling up the DagBag from /home/airflow/.local/lib/python3.12/site-packages/airflow/example_dags/example_latest_only_with_trigger.py
[2025-02-06T00:54:07.194+0000] {processor.py:925} INFO - DAG(s) 'latest_only_with_trigger' retrieved from /home/airflow/.local/lib/python3.12/site-packages/airflow/example_dags/example_latest_only_with_trigger.py
[2025-02-06T00:54:07.217+0000] {logging_mixin.py:190} INFO - [2025-02-06T00:54:07.217+0000] {dag.py:3239} INFO - Sync 1 DAGs
[2025-02-06T00:54:07.257+0000] {logging_mixin.py:190} INFO - [2025-02-06T00:54:07.257+0000] {dag.py:4180} INFO - Setting next_dagrun for latest_only_with_trigger to 2025-02-05 20:00:00+00:00, run_after=2025-02-06 00:00:00+00:00
[2025-02-06T00:54:07.292+0000] {processor.py:208} INFO - Processing /home/airflow/.local/lib/python3.12/site-packages/airflow/example_dags/example_latest_only_with_trigger.py took 0.114 seconds
[2025-02-06T00:54:39.238+0000] {processor.py:186} INFO - Started process (PID=1308) to work on /home/airflow/.local/lib/python3.12/site-packages/airflow/example_dags/example_latest_only_with_trigger.py
[2025-02-06T00:54:39.239+0000] {processor.py:914} INFO - Processing file /home/airflow/.local/lib/python3.12/site-packages/airflow/example_dags/example_latest_only_with_trigger.py for tasks to queue
[2025-02-06T00:54:39.242+0000] {logging_mixin.py:190} INFO - [2025-02-06T00:54:39.242+0000] {dagbag.py:588} INFO - Filling up the DagBag from /home/airflow/.local/lib/python3.12/site-packages/airflow/example_dags/example_latest_only_with_trigger.py
[2025-02-06T00:54:39.248+0000] {processor.py:925} INFO - DAG(s) 'latest_only_with_trigger' retrieved from /home/airflow/.local/lib/python3.12/site-packages/airflow/example_dags/example_latest_only_with_trigger.py
[2025-02-06T00:54:39.265+0000] {logging_mixin.py:190} INFO - [2025-02-06T00:54:39.265+0000] {dag.py:3239} INFO - Sync 1 DAGs
[2025-02-06T00:54:39.284+0000] {logging_mixin.py:190} INFO - [2025-02-06T00:54:39.284+0000] {dag.py:4180} INFO - Setting next_dagrun for latest_only_with_trigger to 2025-02-05 20:00:00+00:00, run_after=2025-02-06 00:00:00+00:00
[2025-02-06T00:54:39.303+0000] {processor.py:208} INFO - Processing /home/airflow/.local/lib/python3.12/site-packages/airflow/example_dags/example_latest_only_with_trigger.py took 0.069 seconds
[2025-02-06T00:55:11.945+0000] {processor.py:186} INFO - Started process (PID=1371) to work on /home/airflow/.local/lib/python3.12/site-packages/airflow/example_dags/example_latest_only_with_trigger.py
[2025-02-06T00:55:11.946+0000] {processor.py:914} INFO - Processing file /home/airflow/.local/lib/python3.12/site-packages/airflow/example_dags/example_latest_only_with_trigger.py for tasks to queue
[2025-02-06T00:55:11.948+0000] {logging_mixin.py:190} INFO - [2025-02-06T00:55:11.948+0000] {dagbag.py:588} INFO - Filling up the DagBag from /home/airflow/.local/lib/python3.12/site-packages/airflow/example_dags/example_latest_only_with_trigger.py
[2025-02-06T00:55:11.954+0000] {processor.py:925} INFO - DAG(s) 'latest_only_with_trigger' retrieved from /home/airflow/.local/lib/python3.12/site-packages/airflow/example_dags/example_latest_only_with_trigger.py
[2025-02-06T00:55:11.972+0000] {logging_mixin.py:190} INFO - [2025-02-06T00:55:11.972+0000] {dag.py:3239} INFO - Sync 1 DAGs
[2025-02-06T00:55:11.992+0000] {logging_mixin.py:190} INFO - [2025-02-06T00:55:11.992+0000] {dag.py:4180} INFO - Setting next_dagrun for latest_only_with_trigger to 2025-02-05 20:00:00+00:00, run_after=2025-02-06 00:00:00+00:00
[2025-02-06T00:55:12.009+0000] {processor.py:208} INFO - Processing /home/airflow/.local/lib/python3.12/site-packages/airflow/example_dags/example_latest_only_with_trigger.py took 0.069 seconds
[2025-02-06T00:55:45.097+0000] {processor.py:186} INFO - Started process (PID=1434) to work on /home/airflow/.local/lib/python3.12/site-packages/airflow/example_dags/example_latest_only_with_trigger.py
[2025-02-06T00:55:45.098+0000] {processor.py:914} INFO - Processing file /home/airflow/.local/lib/python3.12/site-packages/airflow/example_dags/example_latest_only_with_trigger.py for tasks to queue
[2025-02-06T00:55:45.101+0000] {logging_mixin.py:190} INFO - [2025-02-06T00:55:45.100+0000] {dagbag.py:588} INFO - Filling up the DagBag from /home/airflow/.local/lib/python3.12/site-packages/airflow/example_dags/example_latest_only_with_trigger.py
[2025-02-06T00:55:45.107+0000] {processor.py:925} INFO - DAG(s) 'latest_only_with_trigger' retrieved from /home/airflow/.local/lib/python3.12/site-packages/airflow/example_dags/example_latest_only_with_trigger.py
[2025-02-06T00:55:45.127+0000] {logging_mixin.py:190} INFO - [2025-02-06T00:55:45.127+0000] {dag.py:3239} INFO - Sync 1 DAGs
[2025-02-06T00:55:45.147+0000] {logging_mixin.py:190} INFO - [2025-02-06T00:55:45.147+0000] {dag.py:4180} INFO - Setting next_dagrun for latest_only_with_trigger to 2025-02-05 20:00:00+00:00, run_after=2025-02-06 00:00:00+00:00
[2025-02-06T00:55:45.167+0000] {processor.py:208} INFO - Processing /home/airflow/.local/lib/python3.12/site-packages/airflow/example_dags/example_latest_only_with_trigger.py took 0.075 seconds
[2025-02-06T00:56:17.536+0000] {processor.py:186} INFO - Started process (PID=1497) to work on /home/airflow/.local/lib/python3.12/site-packages/airflow/example_dags/example_latest_only_with_trigger.py
[2025-02-06T00:56:17.537+0000] {processor.py:914} INFO - Processing file /home/airflow/.local/lib/python3.12/site-packages/airflow/example_dags/example_latest_only_with_trigger.py for tasks to queue
[2025-02-06T00:56:17.540+0000] {logging_mixin.py:190} INFO - [2025-02-06T00:56:17.540+0000] {dagbag.py:588} INFO - Filling up the DagBag from /home/airflow/.local/lib/python3.12/site-packages/airflow/example_dags/example_latest_only_with_trigger.py
[2025-02-06T00:56:17.547+0000] {processor.py:925} INFO - DAG(s) 'latest_only_with_trigger' retrieved from /home/airflow/.local/lib/python3.12/site-packages/airflow/example_dags/example_latest_only_with_trigger.py
[2025-02-06T00:56:17.565+0000] {logging_mixin.py:190} INFO - [2025-02-06T00:56:17.565+0000] {dag.py:3239} INFO - Sync 1 DAGs
[2025-02-06T00:56:17.586+0000] {logging_mixin.py:190} INFO - [2025-02-06T00:56:17.586+0000] {dag.py:4180} INFO - Setting next_dagrun for latest_only_with_trigger to 2025-02-05 20:00:00+00:00, run_after=2025-02-06 00:00:00+00:00
[2025-02-06T00:56:17.604+0000] {processor.py:208} INFO - Processing /home/airflow/.local/lib/python3.12/site-packages/airflow/example_dags/example_latest_only_with_trigger.py took 0.073 seconds
[2025-02-06T00:56:50.471+0000] {processor.py:186} INFO - Started process (PID=1560) to work on /home/airflow/.local/lib/python3.12/site-packages/airflow/example_dags/example_latest_only_with_trigger.py
[2025-02-06T00:56:50.481+0000] {processor.py:914} INFO - Processing file /home/airflow/.local/lib/python3.12/site-packages/airflow/example_dags/example_latest_only_with_trigger.py for tasks to queue
[2025-02-06T00:56:50.495+0000] {logging_mixin.py:190} INFO - [2025-02-06T00:56:50.495+0000] {dagbag.py:588} INFO - Filling up the DagBag from /home/airflow/.local/lib/python3.12/site-packages/airflow/example_dags/example_latest_only_with_trigger.py
[2025-02-06T00:56:50.503+0000] {processor.py:925} INFO - DAG(s) 'latest_only_with_trigger' retrieved from /home/airflow/.local/lib/python3.12/site-packages/airflow/example_dags/example_latest_only_with_trigger.py
[2025-02-06T00:56:50.553+0000] {logging_mixin.py:190} INFO - [2025-02-06T00:56:50.552+0000] {dag.py:3239} INFO - Sync 1 DAGs
[2025-02-06T00:56:50.591+0000] {logging_mixin.py:190} INFO - [2025-02-06T00:56:50.591+0000] {dag.py:4180} INFO - Setting next_dagrun for latest_only_with_trigger to 2025-02-05 20:00:00+00:00, run_after=2025-02-06 00:00:00+00:00
[2025-02-06T00:56:50.614+0000] {processor.py:208} INFO - Processing /home/airflow/.local/lib/python3.12/site-packages/airflow/example_dags/example_latest_only_with_trigger.py took 0.148 seconds
[2025-02-06T00:57:22.190+0000] {processor.py:186} INFO - Started process (PID=1623) to work on /home/airflow/.local/lib/python3.12/site-packages/airflow/example_dags/example_latest_only_with_trigger.py
[2025-02-06T00:57:22.192+0000] {processor.py:914} INFO - Processing file /home/airflow/.local/lib/python3.12/site-packages/airflow/example_dags/example_latest_only_with_trigger.py for tasks to queue
[2025-02-06T00:57:22.194+0000] {logging_mixin.py:190} INFO - [2025-02-06T00:57:22.194+0000] {dagbag.py:588} INFO - Filling up the DagBag from /home/airflow/.local/lib/python3.12/site-packages/airflow/example_dags/example_latest_only_with_trigger.py
[2025-02-06T00:57:22.201+0000] {processor.py:925} INFO - DAG(s) 'latest_only_with_trigger' retrieved from /home/airflow/.local/lib/python3.12/site-packages/airflow/example_dags/example_latest_only_with_trigger.py
[2025-02-06T00:57:22.222+0000] {logging_mixin.py:190} INFO - [2025-02-06T00:57:22.221+0000] {dag.py:3239} INFO - Sync 1 DAGs
[2025-02-06T00:57:22.246+0000] {logging_mixin.py:190} INFO - [2025-02-06T00:57:22.246+0000] {dag.py:4180} INFO - Setting next_dagrun for latest_only_with_trigger to 2025-02-05 20:00:00+00:00, run_after=2025-02-06 00:00:00+00:00
[2025-02-06T00:57:22.268+0000] {processor.py:208} INFO - Processing /home/airflow/.local/lib/python3.12/site-packages/airflow/example_dags/example_latest_only_with_trigger.py took 0.083 seconds
[2025-02-06T00:57:55.120+0000] {processor.py:186} INFO - Started process (PID=1686) to work on /home/airflow/.local/lib/python3.12/site-packages/airflow/example_dags/example_latest_only_with_trigger.py
[2025-02-06T00:57:55.121+0000] {processor.py:914} INFO - Processing file /home/airflow/.local/lib/python3.12/site-packages/airflow/example_dags/example_latest_only_with_trigger.py for tasks to queue
[2025-02-06T00:57:55.123+0000] {logging_mixin.py:190} INFO - [2025-02-06T00:57:55.123+0000] {dagbag.py:588} INFO - Filling up the DagBag from /home/airflow/.local/lib/python3.12/site-packages/airflow/example_dags/example_latest_only_with_trigger.py
[2025-02-06T00:57:55.129+0000] {processor.py:925} INFO - DAG(s) 'latest_only_with_trigger' retrieved from /home/airflow/.local/lib/python3.12/site-packages/airflow/example_dags/example_latest_only_with_trigger.py
[2025-02-06T00:57:55.147+0000] {logging_mixin.py:190} INFO - [2025-02-06T00:57:55.146+0000] {dag.py:3239} INFO - Sync 1 DAGs
[2025-02-06T00:57:55.167+0000] {logging_mixin.py:190} INFO - [2025-02-06T00:57:55.167+0000] {dag.py:4180} INFO - Setting next_dagrun for latest_only_with_trigger to 2025-02-05 20:00:00+00:00, run_after=2025-02-06 00:00:00+00:00
[2025-02-06T00:57:55.188+0000] {processor.py:208} INFO - Processing /home/airflow/.local/lib/python3.12/site-packages/airflow/example_dags/example_latest_only_with_trigger.py took 0.072 seconds
[2025-02-06T00:58:27.990+0000] {processor.py:186} INFO - Started process (PID=1749) to work on /home/airflow/.local/lib/python3.12/site-packages/airflow/example_dags/example_latest_only_with_trigger.py
[2025-02-06T00:58:27.991+0000] {processor.py:914} INFO - Processing file /home/airflow/.local/lib/python3.12/site-packages/airflow/example_dags/example_latest_only_with_trigger.py for tasks to queue
[2025-02-06T00:58:27.993+0000] {logging_mixin.py:190} INFO - [2025-02-06T00:58:27.993+0000] {dagbag.py:588} INFO - Filling up the DagBag from /home/airflow/.local/lib/python3.12/site-packages/airflow/example_dags/example_latest_only_with_trigger.py
[2025-02-06T00:58:28.000+0000] {processor.py:925} INFO - DAG(s) 'latest_only_with_trigger' retrieved from /home/airflow/.local/lib/python3.12/site-packages/airflow/example_dags/example_latest_only_with_trigger.py
[2025-02-06T00:58:28.020+0000] {logging_mixin.py:190} INFO - [2025-02-06T00:58:28.019+0000] {dag.py:3239} INFO - Sync 1 DAGs
[2025-02-06T00:58:28.045+0000] {logging_mixin.py:190} INFO - [2025-02-06T00:58:28.045+0000] {dag.py:4180} INFO - Setting next_dagrun for latest_only_with_trigger to 2025-02-05 20:00:00+00:00, run_after=2025-02-06 00:00:00+00:00
[2025-02-06T00:58:28.079+0000] {processor.py:208} INFO - Processing /home/airflow/.local/lib/python3.12/site-packages/airflow/example_dags/example_latest_only_with_trigger.py took 0.095 seconds
[2025-02-06T00:59:01.052+0000] {processor.py:186} INFO - Started process (PID=1812) to work on /home/airflow/.local/lib/python3.12/site-packages/airflow/example_dags/example_latest_only_with_trigger.py
[2025-02-06T00:59:01.053+0000] {processor.py:914} INFO - Processing file /home/airflow/.local/lib/python3.12/site-packages/airflow/example_dags/example_latest_only_with_trigger.py for tasks to queue
[2025-02-06T00:59:01.055+0000] {logging_mixin.py:190} INFO - [2025-02-06T00:59:01.055+0000] {dagbag.py:588} INFO - Filling up the DagBag from /home/airflow/.local/lib/python3.12/site-packages/airflow/example_dags/example_latest_only_with_trigger.py
[2025-02-06T00:59:01.062+0000] {processor.py:925} INFO - DAG(s) 'latest_only_with_trigger' retrieved from /home/airflow/.local/lib/python3.12/site-packages/airflow/example_dags/example_latest_only_with_trigger.py
[2025-02-06T00:59:01.083+0000] {logging_mixin.py:190} INFO - [2025-02-06T00:59:01.082+0000] {dag.py:3239} INFO - Sync 1 DAGs
[2025-02-06T00:59:01.109+0000] {logging_mixin.py:190} INFO - [2025-02-06T00:59:01.109+0000] {dag.py:4180} INFO - Setting next_dagrun for latest_only_with_trigger to 2025-02-05 20:00:00+00:00, run_after=2025-02-06 00:00:00+00:00
[2025-02-06T00:59:01.133+0000] {processor.py:208} INFO - Processing /home/airflow/.local/lib/python3.12/site-packages/airflow/example_dags/example_latest_only_with_trigger.py took 0.086 seconds
[2025-02-06T00:59:35.445+0000] {processor.py:186} INFO - Started process (PID=1881) to work on /home/airflow/.local/lib/python3.12/site-packages/airflow/example_dags/example_latest_only_with_trigger.py
[2025-02-06T00:59:35.455+0000] {processor.py:914} INFO - Processing file /home/airflow/.local/lib/python3.12/site-packages/airflow/example_dags/example_latest_only_with_trigger.py for tasks to queue
[2025-02-06T00:59:35.460+0000] {logging_mixin.py:190} INFO - [2025-02-06T00:59:35.459+0000] {dagbag.py:588} INFO - Filling up the DagBag from /home/airflow/.local/lib/python3.12/site-packages/airflow/example_dags/example_latest_only_with_trigger.py
[2025-02-06T00:59:35.468+0000] {processor.py:925} INFO - DAG(s) 'latest_only_with_trigger' retrieved from /home/airflow/.local/lib/python3.12/site-packages/airflow/example_dags/example_latest_only_with_trigger.py
[2025-02-06T00:59:35.504+0000] {logging_mixin.py:190} INFO - [2025-02-06T00:59:35.503+0000] {dag.py:3239} INFO - Sync 1 DAGs
[2025-02-06T00:59:35.529+0000] {logging_mixin.py:190} INFO - [2025-02-06T00:59:35.529+0000] {dag.py:4180} INFO - Setting next_dagrun for latest_only_with_trigger to 2025-02-05 20:00:00+00:00, run_after=2025-02-06 00:00:00+00:00
[2025-02-06T00:59:35.549+0000] {processor.py:208} INFO - Processing /home/airflow/.local/lib/python3.12/site-packages/airflow/example_dags/example_latest_only_with_trigger.py took 0.109 seconds
[2025-02-06T01:00:06.021+0000] {processor.py:186} INFO - Started process (PID=1944) to work on /home/airflow/.local/lib/python3.12/site-packages/airflow/example_dags/example_latest_only_with_trigger.py
[2025-02-06T01:00:06.022+0000] {processor.py:914} INFO - Processing file /home/airflow/.local/lib/python3.12/site-packages/airflow/example_dags/example_latest_only_with_trigger.py for tasks to queue
[2025-02-06T01:00:06.024+0000] {logging_mixin.py:190} INFO - [2025-02-06T01:00:06.024+0000] {dagbag.py:588} INFO - Filling up the DagBag from /home/airflow/.local/lib/python3.12/site-packages/airflow/example_dags/example_latest_only_with_trigger.py
[2025-02-06T01:00:06.030+0000] {processor.py:925} INFO - DAG(s) 'latest_only_with_trigger' retrieved from /home/airflow/.local/lib/python3.12/site-packages/airflow/example_dags/example_latest_only_with_trigger.py
[2025-02-06T01:00:06.047+0000] {logging_mixin.py:190} INFO - [2025-02-06T01:00:06.047+0000] {dag.py:3239} INFO - Sync 1 DAGs
[2025-02-06T01:00:06.067+0000] {logging_mixin.py:190} INFO - [2025-02-06T01:00:06.066+0000] {dag.py:4180} INFO - Setting next_dagrun for latest_only_with_trigger to 2025-02-05 20:00:00+00:00, run_after=2025-02-06 00:00:00+00:00
[2025-02-06T01:00:06.086+0000] {processor.py:208} INFO - Processing /home/airflow/.local/lib/python3.12/site-packages/airflow/example_dags/example_latest_only_with_trigger.py took 0.070 seconds
[2025-02-06T01:00:40.712+0000] {processor.py:186} INFO - Started process (PID=2008) to work on /home/airflow/.local/lib/python3.12/site-packages/airflow/example_dags/example_latest_only_with_trigger.py
[2025-02-06T01:00:40.713+0000] {processor.py:914} INFO - Processing file /home/airflow/.local/lib/python3.12/site-packages/airflow/example_dags/example_latest_only_with_trigger.py for tasks to queue
[2025-02-06T01:00:40.716+0000] {logging_mixin.py:190} INFO - [2025-02-06T01:00:40.715+0000] {dagbag.py:588} INFO - Filling up the DagBag from /home/airflow/.local/lib/python3.12/site-packages/airflow/example_dags/example_latest_only_with_trigger.py
[2025-02-06T01:00:40.722+0000] {processor.py:925} INFO - DAG(s) 'latest_only_with_trigger' retrieved from /home/airflow/.local/lib/python3.12/site-packages/airflow/example_dags/example_latest_only_with_trigger.py
[2025-02-06T01:00:40.743+0000] {logging_mixin.py:190} INFO - [2025-02-06T01:00:40.743+0000] {dag.py:3239} INFO - Sync 1 DAGs
[2025-02-06T01:00:40.767+0000] {logging_mixin.py:190} INFO - [2025-02-06T01:00:40.767+0000] {dag.py:4180} INFO - Setting next_dagrun for latest_only_with_trigger to 2025-02-05 20:00:00+00:00, run_after=2025-02-06 00:00:00+00:00
[2025-02-06T01:00:40.792+0000] {processor.py:208} INFO - Processing /home/airflow/.local/lib/python3.12/site-packages/airflow/example_dags/example_latest_only_with_trigger.py took 0.085 seconds
[2025-02-06T01:01:12.224+0000] {processor.py:186} INFO - Started process (PID=2071) to work on /home/airflow/.local/lib/python3.12/site-packages/airflow/example_dags/example_latest_only_with_trigger.py
[2025-02-06T01:01:12.226+0000] {processor.py:914} INFO - Processing file /home/airflow/.local/lib/python3.12/site-packages/airflow/example_dags/example_latest_only_with_trigger.py for tasks to queue
[2025-02-06T01:01:12.230+0000] {logging_mixin.py:190} INFO - [2025-02-06T01:01:12.229+0000] {dagbag.py:588} INFO - Filling up the DagBag from /home/airflow/.local/lib/python3.12/site-packages/airflow/example_dags/example_latest_only_with_trigger.py
[2025-02-06T01:01:12.236+0000] {processor.py:925} INFO - DAG(s) 'latest_only_with_trigger' retrieved from /home/airflow/.local/lib/python3.12/site-packages/airflow/example_dags/example_latest_only_with_trigger.py
[2025-02-06T01:01:12.255+0000] {logging_mixin.py:190} INFO - [2025-02-06T01:01:12.255+0000] {dag.py:3239} INFO - Sync 1 DAGs
[2025-02-06T01:01:12.282+0000] {logging_mixin.py:190} INFO - [2025-02-06T01:01:12.282+0000] {dag.py:4180} INFO - Setting next_dagrun for latest_only_with_trigger to 2025-02-05 20:00:00+00:00, run_after=2025-02-06 00:00:00+00:00
[2025-02-06T01:01:12.307+0000] {processor.py:208} INFO - Processing /home/airflow/.local/lib/python3.12/site-packages/airflow/example_dags/example_latest_only_with_trigger.py took 0.088 seconds
[2025-02-06T01:01:47.351+0000] {processor.py:186} INFO - Started process (PID=2134) to work on /home/airflow/.local/lib/python3.12/site-packages/airflow/example_dags/example_latest_only_with_trigger.py
[2025-02-06T01:01:47.353+0000] {processor.py:914} INFO - Processing file /home/airflow/.local/lib/python3.12/site-packages/airflow/example_dags/example_latest_only_with_trigger.py for tasks to queue
[2025-02-06T01:01:47.356+0000] {logging_mixin.py:190} INFO - [2025-02-06T01:01:47.355+0000] {dagbag.py:588} INFO - Filling up the DagBag from /home/airflow/.local/lib/python3.12/site-packages/airflow/example_dags/example_latest_only_with_trigger.py
[2025-02-06T01:01:47.362+0000] {processor.py:925} INFO - DAG(s) 'latest_only_with_trigger' retrieved from /home/airflow/.local/lib/python3.12/site-packages/airflow/example_dags/example_latest_only_with_trigger.py
[2025-02-06T01:01:47.384+0000] {logging_mixin.py:190} INFO - [2025-02-06T01:01:47.383+0000] {dag.py:3239} INFO - Sync 1 DAGs
[2025-02-06T01:01:47.407+0000] {logging_mixin.py:190} INFO - [2025-02-06T01:01:47.406+0000] {dag.py:4180} INFO - Setting next_dagrun for latest_only_with_trigger to 2025-02-05 20:00:00+00:00, run_after=2025-02-06 00:00:00+00:00
[2025-02-06T01:01:47.454+0000] {processor.py:208} INFO - Processing /home/airflow/.local/lib/python3.12/site-packages/airflow/example_dags/example_latest_only_with_trigger.py took 0.108 seconds
[2025-02-06T01:02:18.602+0000] {processor.py:186} INFO - Started process (PID=2197) to work on /home/airflow/.local/lib/python3.12/site-packages/airflow/example_dags/example_latest_only_with_trigger.py
[2025-02-06T01:02:18.604+0000] {processor.py:914} INFO - Processing file /home/airflow/.local/lib/python3.12/site-packages/airflow/example_dags/example_latest_only_with_trigger.py for tasks to queue
[2025-02-06T01:02:18.607+0000] {logging_mixin.py:190} INFO - [2025-02-06T01:02:18.607+0000] {dagbag.py:588} INFO - Filling up the DagBag from /home/airflow/.local/lib/python3.12/site-packages/airflow/example_dags/example_latest_only_with_trigger.py
[2025-02-06T01:02:18.613+0000] {processor.py:925} INFO - DAG(s) 'latest_only_with_trigger' retrieved from /home/airflow/.local/lib/python3.12/site-packages/airflow/example_dags/example_latest_only_with_trigger.py
[2025-02-06T01:02:18.636+0000] {logging_mixin.py:190} INFO - [2025-02-06T01:02:18.635+0000] {dag.py:3239} INFO - Sync 1 DAGs
[2025-02-06T01:02:18.668+0000] {logging_mixin.py:190} INFO - [2025-02-06T01:02:18.668+0000] {dag.py:4180} INFO - Setting next_dagrun for latest_only_with_trigger to 2025-02-05 20:00:00+00:00, run_after=2025-02-06 00:00:00+00:00
[2025-02-06T01:02:18.706+0000] {processor.py:208} INFO - Processing /home/airflow/.local/lib/python3.12/site-packages/airflow/example_dags/example_latest_only_with_trigger.py took 0.109 seconds
[2025-02-06T01:02:51.557+0000] {processor.py:186} INFO - Started process (PID=2260) to work on /home/airflow/.local/lib/python3.12/site-packages/airflow/example_dags/example_latest_only_with_trigger.py
[2025-02-06T01:02:51.558+0000] {processor.py:914} INFO - Processing file /home/airflow/.local/lib/python3.12/site-packages/airflow/example_dags/example_latest_only_with_trigger.py for tasks to queue
[2025-02-06T01:02:51.561+0000] {logging_mixin.py:190} INFO - [2025-02-06T01:02:51.560+0000] {dagbag.py:588} INFO - Filling up the DagBag from /home/airflow/.local/lib/python3.12/site-packages/airflow/example_dags/example_latest_only_with_trigger.py
[2025-02-06T01:02:51.567+0000] {processor.py:925} INFO - DAG(s) 'latest_only_with_trigger' retrieved from /home/airflow/.local/lib/python3.12/site-packages/airflow/example_dags/example_latest_only_with_trigger.py
[2025-02-06T01:02:51.587+0000] {logging_mixin.py:190} INFO - [2025-02-06T01:02:51.586+0000] {dag.py:3239} INFO - Sync 1 DAGs
[2025-02-06T01:02:51.606+0000] {logging_mixin.py:190} INFO - [2025-02-06T01:02:51.606+0000] {dag.py:4180} INFO - Setting next_dagrun for latest_only_with_trigger to 2025-02-05 20:00:00+00:00, run_after=2025-02-06 00:00:00+00:00
[2025-02-06T01:02:51.626+0000] {processor.py:208} INFO - Processing /home/airflow/.local/lib/python3.12/site-packages/airflow/example_dags/example_latest_only_with_trigger.py took 0.073 seconds
[2025-02-06T01:03:23.541+0000] {processor.py:186} INFO - Started process (PID=2323) to work on /home/airflow/.local/lib/python3.12/site-packages/airflow/example_dags/example_latest_only_with_trigger.py
[2025-02-06T01:03:23.542+0000] {processor.py:914} INFO - Processing file /home/airflow/.local/lib/python3.12/site-packages/airflow/example_dags/example_latest_only_with_trigger.py for tasks to queue
[2025-02-06T01:03:23.546+0000] {logging_mixin.py:190} INFO - [2025-02-06T01:03:23.545+0000] {dagbag.py:588} INFO - Filling up the DagBag from /home/airflow/.local/lib/python3.12/site-packages/airflow/example_dags/example_latest_only_with_trigger.py
[2025-02-06T01:03:23.557+0000] {processor.py:925} INFO - DAG(s) 'latest_only_with_trigger' retrieved from /home/airflow/.local/lib/python3.12/site-packages/airflow/example_dags/example_latest_only_with_trigger.py
[2025-02-06T01:03:23.608+0000] {logging_mixin.py:190} INFO - [2025-02-06T01:03:23.608+0000] {dag.py:3239} INFO - Sync 1 DAGs
[2025-02-06T01:03:23.699+0000] {logging_mixin.py:190} INFO - [2025-02-06T01:03:23.698+0000] {dag.py:4180} INFO - Setting next_dagrun for latest_only_with_trigger to 2025-02-05 20:00:00+00:00, run_after=2025-02-06 00:00:00+00:00
[2025-02-06T01:03:23.783+0000] {processor.py:208} INFO - Processing /home/airflow/.local/lib/python3.12/site-packages/airflow/example_dags/example_latest_only_with_trigger.py took 0.249 seconds
[2025-02-06T01:03:55.519+0000] {processor.py:186} INFO - Started process (PID=2386) to work on /home/airflow/.local/lib/python3.12/site-packages/airflow/example_dags/example_latest_only_with_trigger.py
[2025-02-06T01:03:55.521+0000] {processor.py:914} INFO - Processing file /home/airflow/.local/lib/python3.12/site-packages/airflow/example_dags/example_latest_only_with_trigger.py for tasks to queue
[2025-02-06T01:03:55.524+0000] {logging_mixin.py:190} INFO - [2025-02-06T01:03:55.523+0000] {dagbag.py:588} INFO - Filling up the DagBag from /home/airflow/.local/lib/python3.12/site-packages/airflow/example_dags/example_latest_only_with_trigger.py
[2025-02-06T01:03:55.532+0000] {processor.py:925} INFO - DAG(s) 'latest_only_with_trigger' retrieved from /home/airflow/.local/lib/python3.12/site-packages/airflow/example_dags/example_latest_only_with_trigger.py
[2025-02-06T01:03:55.555+0000] {logging_mixin.py:190} INFO - [2025-02-06T01:03:55.555+0000] {dag.py:3239} INFO - Sync 1 DAGs
[2025-02-06T01:03:55.582+0000] {logging_mixin.py:190} INFO - [2025-02-06T01:03:55.582+0000] {dag.py:4180} INFO - Setting next_dagrun for latest_only_with_trigger to 2025-02-05 20:00:00+00:00, run_after=2025-02-06 00:00:00+00:00
[2025-02-06T01:03:55.610+0000] {processor.py:208} INFO - Processing /home/airflow/.local/lib/python3.12/site-packages/airflow/example_dags/example_latest_only_with_trigger.py took 0.097 seconds
[2025-02-06T01:04:28.869+0000] {processor.py:186} INFO - Started process (PID=2449) to work on /home/airflow/.local/lib/python3.12/site-packages/airflow/example_dags/example_latest_only_with_trigger.py
[2025-02-06T01:04:28.870+0000] {processor.py:914} INFO - Processing file /home/airflow/.local/lib/python3.12/site-packages/airflow/example_dags/example_latest_only_with_trigger.py for tasks to queue
[2025-02-06T01:04:28.873+0000] {logging_mixin.py:190} INFO - [2025-02-06T01:04:28.872+0000] {dagbag.py:588} INFO - Filling up the DagBag from /home/airflow/.local/lib/python3.12/site-packages/airflow/example_dags/example_latest_only_with_trigger.py
[2025-02-06T01:04:28.880+0000] {processor.py:925} INFO - DAG(s) 'latest_only_with_trigger' retrieved from /home/airflow/.local/lib/python3.12/site-packages/airflow/example_dags/example_latest_only_with_trigger.py
[2025-02-06T01:04:28.900+0000] {logging_mixin.py:190} INFO - [2025-02-06T01:04:28.899+0000] {dag.py:3239} INFO - Sync 1 DAGs
[2025-02-06T01:04:28.920+0000] {logging_mixin.py:190} INFO - [2025-02-06T01:04:28.920+0000] {dag.py:4180} INFO - Setting next_dagrun for latest_only_with_trigger to 2025-02-05 20:00:00+00:00, run_after=2025-02-06 00:00:00+00:00
[2025-02-06T01:04:28.937+0000] {processor.py:208} INFO - Processing /home/airflow/.local/lib/python3.12/site-packages/airflow/example_dags/example_latest_only_with_trigger.py took 0.073 seconds
[2025-02-06T01:05:01.266+0000] {processor.py:186} INFO - Started process (PID=2512) to work on /home/airflow/.local/lib/python3.12/site-packages/airflow/example_dags/example_latest_only_with_trigger.py
[2025-02-06T01:05:01.267+0000] {processor.py:914} INFO - Processing file /home/airflow/.local/lib/python3.12/site-packages/airflow/example_dags/example_latest_only_with_trigger.py for tasks to queue
[2025-02-06T01:05:01.270+0000] {logging_mixin.py:190} INFO - [2025-02-06T01:05:01.269+0000] {dagbag.py:588} INFO - Filling up the DagBag from /home/airflow/.local/lib/python3.12/site-packages/airflow/example_dags/example_latest_only_with_trigger.py
[2025-02-06T01:05:01.275+0000] {processor.py:925} INFO - DAG(s) 'latest_only_with_trigger' retrieved from /home/airflow/.local/lib/python3.12/site-packages/airflow/example_dags/example_latest_only_with_trigger.py
[2025-02-06T01:05:01.294+0000] {logging_mixin.py:190} INFO - [2025-02-06T01:05:01.294+0000] {dag.py:3239} INFO - Sync 1 DAGs
[2025-02-06T01:05:01.315+0000] {logging_mixin.py:190} INFO - [2025-02-06T01:05:01.315+0000] {dag.py:4180} INFO - Setting next_dagrun for latest_only_with_trigger to 2025-02-05 20:00:00+00:00, run_after=2025-02-06 00:00:00+00:00
[2025-02-06T01:05:01.334+0000] {processor.py:208} INFO - Processing /home/airflow/.local/lib/python3.12/site-packages/airflow/example_dags/example_latest_only_with_trigger.py took 0.072 seconds
[2025-02-06T01:05:35.142+0000] {processor.py:186} INFO - Started process (PID=2575) to work on /home/airflow/.local/lib/python3.12/site-packages/airflow/example_dags/example_latest_only_with_trigger.py
[2025-02-06T01:05:35.144+0000] {processor.py:914} INFO - Processing file /home/airflow/.local/lib/python3.12/site-packages/airflow/example_dags/example_latest_only_with_trigger.py for tasks to queue
[2025-02-06T01:05:35.146+0000] {logging_mixin.py:190} INFO - [2025-02-06T01:05:35.146+0000] {dagbag.py:588} INFO - Filling up the DagBag from /home/airflow/.local/lib/python3.12/site-packages/airflow/example_dags/example_latest_only_with_trigger.py
[2025-02-06T01:05:35.154+0000] {processor.py:925} INFO - DAG(s) 'latest_only_with_trigger' retrieved from /home/airflow/.local/lib/python3.12/site-packages/airflow/example_dags/example_latest_only_with_trigger.py
[2025-02-06T01:05:35.180+0000] {logging_mixin.py:190} INFO - [2025-02-06T01:05:35.179+0000] {dag.py:3239} INFO - Sync 1 DAGs
[2025-02-06T01:05:35.203+0000] {logging_mixin.py:190} INFO - [2025-02-06T01:05:35.203+0000] {dag.py:4180} INFO - Setting next_dagrun for latest_only_with_trigger to 2025-02-05 20:00:00+00:00, run_after=2025-02-06 00:00:00+00:00
[2025-02-06T01:05:35.224+0000] {processor.py:208} INFO - Processing /home/airflow/.local/lib/python3.12/site-packages/airflow/example_dags/example_latest_only_with_trigger.py took 0.090 seconds
[2025-02-06T01:06:06.070+0000] {processor.py:186} INFO - Started process (PID=2638) to work on /home/airflow/.local/lib/python3.12/site-packages/airflow/example_dags/example_latest_only_with_trigger.py
[2025-02-06T01:06:06.073+0000] {processor.py:914} INFO - Processing file /home/airflow/.local/lib/python3.12/site-packages/airflow/example_dags/example_latest_only_with_trigger.py for tasks to queue
[2025-02-06T01:06:06.077+0000] {logging_mixin.py:190} INFO - [2025-02-06T01:06:06.077+0000] {dagbag.py:588} INFO - Filling up the DagBag from /home/airflow/.local/lib/python3.12/site-packages/airflow/example_dags/example_latest_only_with_trigger.py
[2025-02-06T01:06:06.087+0000] {processor.py:925} INFO - DAG(s) 'latest_only_with_trigger' retrieved from /home/airflow/.local/lib/python3.12/site-packages/airflow/example_dags/example_latest_only_with_trigger.py
[2025-02-06T01:06:06.116+0000] {logging_mixin.py:190} INFO - [2025-02-06T01:06:06.115+0000] {dag.py:3239} INFO - Sync 1 DAGs
[2025-02-06T01:06:06.148+0000] {logging_mixin.py:190} INFO - [2025-02-06T01:06:06.148+0000] {dag.py:4180} INFO - Setting next_dagrun for latest_only_with_trigger to 2025-02-05 20:00:00+00:00, run_after=2025-02-06 00:00:00+00:00
[2025-02-06T01:06:06.185+0000] {processor.py:208} INFO - Processing /home/airflow/.local/lib/python3.12/site-packages/airflow/example_dags/example_latest_only_with_trigger.py took 0.120 seconds
[2025-02-06T01:06:39.088+0000] {processor.py:186} INFO - Started process (PID=2701) to work on /home/airflow/.local/lib/python3.12/site-packages/airflow/example_dags/example_latest_only_with_trigger.py
[2025-02-06T01:06:39.091+0000] {processor.py:914} INFO - Processing file /home/airflow/.local/lib/python3.12/site-packages/airflow/example_dags/example_latest_only_with_trigger.py for tasks to queue
[2025-02-06T01:06:39.096+0000] {logging_mixin.py:190} INFO - [2025-02-06T01:06:39.095+0000] {dagbag.py:588} INFO - Filling up the DagBag from /home/airflow/.local/lib/python3.12/site-packages/airflow/example_dags/example_latest_only_with_trigger.py
[2025-02-06T01:06:39.105+0000] {processor.py:925} INFO - DAG(s) 'latest_only_with_trigger' retrieved from /home/airflow/.local/lib/python3.12/site-packages/airflow/example_dags/example_latest_only_with_trigger.py
[2025-02-06T01:06:39.143+0000] {logging_mixin.py:190} INFO - [2025-02-06T01:06:39.143+0000] {dag.py:3239} INFO - Sync 1 DAGs
[2025-02-06T01:06:39.180+0000] {logging_mixin.py:190} INFO - [2025-02-06T01:06:39.179+0000] {dag.py:4180} INFO - Setting next_dagrun for latest_only_with_trigger to 2025-02-05 20:00:00+00:00, run_after=2025-02-06 00:00:00+00:00
[2025-02-06T01:06:39.222+0000] {processor.py:208} INFO - Processing /home/airflow/.local/lib/python3.12/site-packages/airflow/example_dags/example_latest_only_with_trigger.py took 0.142 seconds
[2025-02-06T01:07:13.071+0000] {processor.py:186} INFO - Started process (PID=2764) to work on /home/airflow/.local/lib/python3.12/site-packages/airflow/example_dags/example_latest_only_with_trigger.py
[2025-02-06T01:07:13.072+0000] {processor.py:914} INFO - Processing file /home/airflow/.local/lib/python3.12/site-packages/airflow/example_dags/example_latest_only_with_trigger.py for tasks to queue
[2025-02-06T01:07:13.074+0000] {logging_mixin.py:190} INFO - [2025-02-06T01:07:13.074+0000] {dagbag.py:588} INFO - Filling up the DagBag from /home/airflow/.local/lib/python3.12/site-packages/airflow/example_dags/example_latest_only_with_trigger.py
[2025-02-06T01:07:13.082+0000] {processor.py:925} INFO - DAG(s) 'latest_only_with_trigger' retrieved from /home/airflow/.local/lib/python3.12/site-packages/airflow/example_dags/example_latest_only_with_trigger.py
[2025-02-06T01:07:13.148+0000] {logging_mixin.py:190} INFO - [2025-02-06T01:07:13.148+0000] {dag.py:3239} INFO - Sync 1 DAGs
[2025-02-06T01:07:13.182+0000] {logging_mixin.py:190} INFO - [2025-02-06T01:07:13.181+0000] {dag.py:4180} INFO - Setting next_dagrun for latest_only_with_trigger to 2025-02-05 20:00:00+00:00, run_after=2025-02-06 00:00:00+00:00
[2025-02-06T01:07:13.232+0000] {processor.py:208} INFO - Processing /home/airflow/.local/lib/python3.12/site-packages/airflow/example_dags/example_latest_only_with_trigger.py took 0.166 seconds
[2025-02-06T01:07:45.598+0000] {processor.py:186} INFO - Started process (PID=2827) to work on /home/airflow/.local/lib/python3.12/site-packages/airflow/example_dags/example_latest_only_with_trigger.py
[2025-02-06T01:07:45.599+0000] {processor.py:914} INFO - Processing file /home/airflow/.local/lib/python3.12/site-packages/airflow/example_dags/example_latest_only_with_trigger.py for tasks to queue
[2025-02-06T01:07:45.602+0000] {logging_mixin.py:190} INFO - [2025-02-06T01:07:45.602+0000] {dagbag.py:588} INFO - Filling up the DagBag from /home/airflow/.local/lib/python3.12/site-packages/airflow/example_dags/example_latest_only_with_trigger.py
[2025-02-06T01:07:45.620+0000] {processor.py:925} INFO - DAG(s) 'latest_only_with_trigger' retrieved from /home/airflow/.local/lib/python3.12/site-packages/airflow/example_dags/example_latest_only_with_trigger.py
[2025-02-06T01:07:45.661+0000] {logging_mixin.py:190} INFO - [2025-02-06T01:07:45.660+0000] {dag.py:3239} INFO - Sync 1 DAGs
[2025-02-06T01:07:45.722+0000] {logging_mixin.py:190} INFO - [2025-02-06T01:07:45.722+0000] {dag.py:4180} INFO - Setting next_dagrun for latest_only_with_trigger to 2025-02-05 20:00:00+00:00, run_after=2025-02-06 00:00:00+00:00
[2025-02-06T01:07:45.760+0000] {processor.py:208} INFO - Processing /home/airflow/.local/lib/python3.12/site-packages/airflow/example_dags/example_latest_only_with_trigger.py took 0.165 seconds
[2025-02-06T01:08:18.847+0000] {processor.py:186} INFO - Started process (PID=2890) to work on /home/airflow/.local/lib/python3.12/site-packages/airflow/example_dags/example_latest_only_with_trigger.py
[2025-02-06T01:08:18.848+0000] {processor.py:914} INFO - Processing file /home/airflow/.local/lib/python3.12/site-packages/airflow/example_dags/example_latest_only_with_trigger.py for tasks to queue
[2025-02-06T01:08:18.852+0000] {logging_mixin.py:190} INFO - [2025-02-06T01:08:18.851+0000] {dagbag.py:588} INFO - Filling up the DagBag from /home/airflow/.local/lib/python3.12/site-packages/airflow/example_dags/example_latest_only_with_trigger.py
[2025-02-06T01:08:18.859+0000] {processor.py:925} INFO - DAG(s) 'latest_only_with_trigger' retrieved from /home/airflow/.local/lib/python3.12/site-packages/airflow/example_dags/example_latest_only_with_trigger.py
[2025-02-06T01:08:18.883+0000] {logging_mixin.py:190} INFO - [2025-02-06T01:08:18.883+0000] {dag.py:3239} INFO - Sync 1 DAGs
[2025-02-06T01:08:18.911+0000] {logging_mixin.py:190} INFO - [2025-02-06T01:08:18.910+0000] {dag.py:4180} INFO - Setting next_dagrun for latest_only_with_trigger to 2025-02-05 20:00:00+00:00, run_after=2025-02-06 00:00:00+00:00
[2025-02-06T01:08:18.941+0000] {processor.py:208} INFO - Processing /home/airflow/.local/lib/python3.12/site-packages/airflow/example_dags/example_latest_only_with_trigger.py took 0.098 seconds
[2025-02-06T01:08:51.184+0000] {processor.py:186} INFO - Started process (PID=2953) to work on /home/airflow/.local/lib/python3.12/site-packages/airflow/example_dags/example_latest_only_with_trigger.py
[2025-02-06T01:08:51.186+0000] {processor.py:914} INFO - Processing file /home/airflow/.local/lib/python3.12/site-packages/airflow/example_dags/example_latest_only_with_trigger.py for tasks to queue
[2025-02-06T01:08:51.189+0000] {logging_mixin.py:190} INFO - [2025-02-06T01:08:51.189+0000] {dagbag.py:588} INFO - Filling up the DagBag from /home/airflow/.local/lib/python3.12/site-packages/airflow/example_dags/example_latest_only_with_trigger.py
[2025-02-06T01:08:51.196+0000] {processor.py:925} INFO - DAG(s) 'latest_only_with_trigger' retrieved from /home/airflow/.local/lib/python3.12/site-packages/airflow/example_dags/example_latest_only_with_trigger.py
[2025-02-06T01:08:51.215+0000] {logging_mixin.py:190} INFO - [2025-02-06T01:08:51.214+0000] {dag.py:3239} INFO - Sync 1 DAGs
[2025-02-06T01:08:51.236+0000] {logging_mixin.py:190} INFO - [2025-02-06T01:08:51.236+0000] {dag.py:4180} INFO - Setting next_dagrun for latest_only_with_trigger to 2025-02-05 20:00:00+00:00, run_after=2025-02-06 00:00:00+00:00
[2025-02-06T01:08:51.259+0000] {processor.py:208} INFO - Processing /home/airflow/.local/lib/python3.12/site-packages/airflow/example_dags/example_latest_only_with_trigger.py took 0.080 seconds
[2025-02-06T01:09:23.795+0000] {processor.py:186} INFO - Started process (PID=3016) to work on /home/airflow/.local/lib/python3.12/site-packages/airflow/example_dags/example_latest_only_with_trigger.py
[2025-02-06T01:09:23.796+0000] {processor.py:914} INFO - Processing file /home/airflow/.local/lib/python3.12/site-packages/airflow/example_dags/example_latest_only_with_trigger.py for tasks to queue
[2025-02-06T01:09:23.799+0000] {logging_mixin.py:190} INFO - [2025-02-06T01:09:23.798+0000] {dagbag.py:588} INFO - Filling up the DagBag from /home/airflow/.local/lib/python3.12/site-packages/airflow/example_dags/example_latest_only_with_trigger.py
[2025-02-06T01:09:23.804+0000] {processor.py:925} INFO - DAG(s) 'latest_only_with_trigger' retrieved from /home/airflow/.local/lib/python3.12/site-packages/airflow/example_dags/example_latest_only_with_trigger.py
[2025-02-06T01:09:23.821+0000] {logging_mixin.py:190} INFO - [2025-02-06T01:09:23.821+0000] {dag.py:3239} INFO - Sync 1 DAGs
[2025-02-06T01:09:23.840+0000] {logging_mixin.py:190} INFO - [2025-02-06T01:09:23.840+0000] {dag.py:4180} INFO - Setting next_dagrun for latest_only_with_trigger to 2025-02-05 20:00:00+00:00, run_after=2025-02-06 00:00:00+00:00
[2025-02-06T01:09:23.858+0000] {processor.py:208} INFO - Processing /home/airflow/.local/lib/python3.12/site-packages/airflow/example_dags/example_latest_only_with_trigger.py took 0.067 seconds
[2025-02-06T01:09:56.986+0000] {processor.py:186} INFO - Started process (PID=3079) to work on /home/airflow/.local/lib/python3.12/site-packages/airflow/example_dags/example_latest_only_with_trigger.py
[2025-02-06T01:09:56.987+0000] {processor.py:914} INFO - Processing file /home/airflow/.local/lib/python3.12/site-packages/airflow/example_dags/example_latest_only_with_trigger.py for tasks to queue
[2025-02-06T01:09:56.991+0000] {logging_mixin.py:190} INFO - [2025-02-06T01:09:56.991+0000] {dagbag.py:588} INFO - Filling up the DagBag from /home/airflow/.local/lib/python3.12/site-packages/airflow/example_dags/example_latest_only_with_trigger.py
[2025-02-06T01:09:57.005+0000] {processor.py:925} INFO - DAG(s) 'latest_only_with_trigger' retrieved from /home/airflow/.local/lib/python3.12/site-packages/airflow/example_dags/example_latest_only_with_trigger.py
[2025-02-06T01:09:57.044+0000] {logging_mixin.py:190} INFO - [2025-02-06T01:09:57.044+0000] {dag.py:3239} INFO - Sync 1 DAGs
[2025-02-06T01:09:57.097+0000] {logging_mixin.py:190} INFO - [2025-02-06T01:09:57.091+0000] {dag.py:4180} INFO - Setting next_dagrun for latest_only_with_trigger to 2025-02-05 20:00:00+00:00, run_after=2025-02-06 00:00:00+00:00
[2025-02-06T01:09:57.129+0000] {processor.py:208} INFO - Processing /home/airflow/.local/lib/python3.12/site-packages/airflow/example_dags/example_latest_only_with_trigger.py took 0.151 seconds
[2025-02-06T01:10:30.476+0000] {processor.py:186} INFO - Started process (PID=3142) to work on /home/airflow/.local/lib/python3.12/site-packages/airflow/example_dags/example_latest_only_with_trigger.py
[2025-02-06T01:10:30.478+0000] {processor.py:914} INFO - Processing file /home/airflow/.local/lib/python3.12/site-packages/airflow/example_dags/example_latest_only_with_trigger.py for tasks to queue
[2025-02-06T01:10:30.481+0000] {logging_mixin.py:190} INFO - [2025-02-06T01:10:30.480+0000] {dagbag.py:588} INFO - Filling up the DagBag from /home/airflow/.local/lib/python3.12/site-packages/airflow/example_dags/example_latest_only_with_trigger.py
[2025-02-06T01:10:30.501+0000] {processor.py:925} INFO - DAG(s) 'latest_only_with_trigger' retrieved from /home/airflow/.local/lib/python3.12/site-packages/airflow/example_dags/example_latest_only_with_trigger.py
[2025-02-06T01:10:30.541+0000] {logging_mixin.py:190} INFO - [2025-02-06T01:10:30.541+0000] {dag.py:3239} INFO - Sync 1 DAGs
[2025-02-06T01:10:30.565+0000] {logging_mixin.py:190} INFO - [2025-02-06T01:10:30.564+0000] {dag.py:4180} INFO - Setting next_dagrun for latest_only_with_trigger to 2025-02-05 20:00:00+00:00, run_after=2025-02-06 00:00:00+00:00
[2025-02-06T01:10:30.587+0000] {processor.py:208} INFO - Processing /home/airflow/.local/lib/python3.12/site-packages/airflow/example_dags/example_latest_only_with_trigger.py took 0.118 seconds
[2025-02-06T01:11:06.827+0000] {processor.py:186} INFO - Started process (PID=3205) to work on /home/airflow/.local/lib/python3.12/site-packages/airflow/example_dags/example_latest_only_with_trigger.py
[2025-02-06T01:11:06.828+0000] {processor.py:914} INFO - Processing file /home/airflow/.local/lib/python3.12/site-packages/airflow/example_dags/example_latest_only_with_trigger.py for tasks to queue
[2025-02-06T01:11:06.831+0000] {logging_mixin.py:190} INFO - [2025-02-06T01:11:06.831+0000] {dagbag.py:588} INFO - Filling up the DagBag from /home/airflow/.local/lib/python3.12/site-packages/airflow/example_dags/example_latest_only_with_trigger.py
[2025-02-06T01:11:06.843+0000] {processor.py:925} INFO - DAG(s) 'latest_only_with_trigger' retrieved from /home/airflow/.local/lib/python3.12/site-packages/airflow/example_dags/example_latest_only_with_trigger.py
[2025-02-06T01:11:06.867+0000] {logging_mixin.py:190} INFO - [2025-02-06T01:11:06.867+0000] {dag.py:3239} INFO - Sync 1 DAGs
[2025-02-06T01:11:07.135+0000] {logging_mixin.py:190} INFO - [2025-02-06T01:11:07.134+0000] {dag.py:4180} INFO - Setting next_dagrun for latest_only_with_trigger to 2025-02-05 20:00:00+00:00, run_after=2025-02-06 00:00:00+00:00
[2025-02-06T01:11:07.160+0000] {processor.py:208} INFO - Processing /home/airflow/.local/lib/python3.12/site-packages/airflow/example_dags/example_latest_only_with_trigger.py took 0.337 seconds
[2025-02-06T01:11:37.834+0000] {processor.py:186} INFO - Started process (PID=3268) to work on /home/airflow/.local/lib/python3.12/site-packages/airflow/example_dags/example_latest_only_with_trigger.py
[2025-02-06T01:11:37.835+0000] {processor.py:914} INFO - Processing file /home/airflow/.local/lib/python3.12/site-packages/airflow/example_dags/example_latest_only_with_trigger.py for tasks to queue
[2025-02-06T01:11:37.838+0000] {logging_mixin.py:190} INFO - [2025-02-06T01:11:37.838+0000] {dagbag.py:588} INFO - Filling up the DagBag from /home/airflow/.local/lib/python3.12/site-packages/airflow/example_dags/example_latest_only_with_trigger.py
[2025-02-06T01:11:37.845+0000] {processor.py:925} INFO - DAG(s) 'latest_only_with_trigger' retrieved from /home/airflow/.local/lib/python3.12/site-packages/airflow/example_dags/example_latest_only_with_trigger.py
[2025-02-06T01:11:37.866+0000] {logging_mixin.py:190} INFO - [2025-02-06T01:11:37.866+0000] {dag.py:3239} INFO - Sync 1 DAGs
[2025-02-06T01:11:38.127+0000] {logging_mixin.py:190} INFO - [2025-02-06T01:11:38.126+0000] {dag.py:4180} INFO - Setting next_dagrun for latest_only_with_trigger to 2025-02-05 20:00:00+00:00, run_after=2025-02-06 00:00:00+00:00
[2025-02-06T01:11:38.169+0000] {processor.py:208} INFO - Processing /home/airflow/.local/lib/python3.12/site-packages/airflow/example_dags/example_latest_only_with_trigger.py took 0.342 seconds
[2025-02-06T01:12:08.674+0000] {processor.py:186} INFO - Started process (PID=3331) to work on /home/airflow/.local/lib/python3.12/site-packages/airflow/example_dags/example_latest_only_with_trigger.py
[2025-02-06T01:12:08.675+0000] {processor.py:914} INFO - Processing file /home/airflow/.local/lib/python3.12/site-packages/airflow/example_dags/example_latest_only_with_trigger.py for tasks to queue
[2025-02-06T01:12:08.677+0000] {logging_mixin.py:190} INFO - [2025-02-06T01:12:08.677+0000] {dagbag.py:588} INFO - Filling up the DagBag from /home/airflow/.local/lib/python3.12/site-packages/airflow/example_dags/example_latest_only_with_trigger.py
[2025-02-06T01:12:08.683+0000] {processor.py:925} INFO - DAG(s) 'latest_only_with_trigger' retrieved from /home/airflow/.local/lib/python3.12/site-packages/airflow/example_dags/example_latest_only_with_trigger.py
[2025-02-06T01:12:08.702+0000] {logging_mixin.py:190} INFO - [2025-02-06T01:12:08.702+0000] {dag.py:3239} INFO - Sync 1 DAGs
[2025-02-06T01:12:08.722+0000] {logging_mixin.py:190} INFO - [2025-02-06T01:12:08.722+0000] {dag.py:4180} INFO - Setting next_dagrun for latest_only_with_trigger to 2025-02-05 20:00:00+00:00, run_after=2025-02-06 00:00:00+00:00
[2025-02-06T01:12:08.743+0000] {processor.py:208} INFO - Processing /home/airflow/.local/lib/python3.12/site-packages/airflow/example_dags/example_latest_only_with_trigger.py took 0.074 seconds
[2025-02-06T01:12:41.844+0000] {processor.py:186} INFO - Started process (PID=3394) to work on /home/airflow/.local/lib/python3.12/site-packages/airflow/example_dags/example_latest_only_with_trigger.py
[2025-02-06T01:12:41.845+0000] {processor.py:914} INFO - Processing file /home/airflow/.local/lib/python3.12/site-packages/airflow/example_dags/example_latest_only_with_trigger.py for tasks to queue
[2025-02-06T01:12:41.849+0000] {logging_mixin.py:190} INFO - [2025-02-06T01:12:41.848+0000] {dagbag.py:588} INFO - Filling up the DagBag from /home/airflow/.local/lib/python3.12/site-packages/airflow/example_dags/example_latest_only_with_trigger.py
[2025-02-06T01:12:41.856+0000] {processor.py:925} INFO - DAG(s) 'latest_only_with_trigger' retrieved from /home/airflow/.local/lib/python3.12/site-packages/airflow/example_dags/example_latest_only_with_trigger.py
[2025-02-06T01:12:41.873+0000] {logging_mixin.py:190} INFO - [2025-02-06T01:12:41.873+0000] {dag.py:3239} INFO - Sync 1 DAGs
[2025-02-06T01:12:41.894+0000] {logging_mixin.py:190} INFO - [2025-02-06T01:12:41.894+0000] {dag.py:4180} INFO - Setting next_dagrun for latest_only_with_trigger to 2025-02-05 20:00:00+00:00, run_after=2025-02-06 00:00:00+00:00
[2025-02-06T01:12:41.913+0000] {processor.py:208} INFO - Processing /home/airflow/.local/lib/python3.12/site-packages/airflow/example_dags/example_latest_only_with_trigger.py took 0.074 seconds
[2025-02-06T01:13:12.907+0000] {processor.py:186} INFO - Started process (PID=3458) to work on /home/airflow/.local/lib/python3.12/site-packages/airflow/example_dags/example_latest_only_with_trigger.py
[2025-02-06T01:13:12.908+0000] {processor.py:914} INFO - Processing file /home/airflow/.local/lib/python3.12/site-packages/airflow/example_dags/example_latest_only_with_trigger.py for tasks to queue
[2025-02-06T01:13:12.910+0000] {logging_mixin.py:190} INFO - [2025-02-06T01:13:12.910+0000] {dagbag.py:588} INFO - Filling up the DagBag from /home/airflow/.local/lib/python3.12/site-packages/airflow/example_dags/example_latest_only_with_trigger.py
[2025-02-06T01:13:12.917+0000] {processor.py:925} INFO - DAG(s) 'latest_only_with_trigger' retrieved from /home/airflow/.local/lib/python3.12/site-packages/airflow/example_dags/example_latest_only_with_trigger.py
[2025-02-06T01:13:12.938+0000] {logging_mixin.py:190} INFO - [2025-02-06T01:13:12.938+0000] {dag.py:3239} INFO - Sync 1 DAGs
[2025-02-06T01:13:12.958+0000] {logging_mixin.py:190} INFO - [2025-02-06T01:13:12.958+0000] {dag.py:4180} INFO - Setting next_dagrun for latest_only_with_trigger to 2025-02-05 20:00:00+00:00, run_after=2025-02-06 00:00:00+00:00
[2025-02-06T01:13:12.981+0000] {processor.py:208} INFO - Processing /home/airflow/.local/lib/python3.12/site-packages/airflow/example_dags/example_latest_only_with_trigger.py took 0.078 seconds
[2025-02-06T01:13:43.567+0000] {processor.py:186} INFO - Started process (PID=3521) to work on /home/airflow/.local/lib/python3.12/site-packages/airflow/example_dags/example_latest_only_with_trigger.py
[2025-02-06T01:13:43.567+0000] {processor.py:914} INFO - Processing file /home/airflow/.local/lib/python3.12/site-packages/airflow/example_dags/example_latest_only_with_trigger.py for tasks to queue
[2025-02-06T01:13:43.570+0000] {logging_mixin.py:190} INFO - [2025-02-06T01:13:43.570+0000] {dagbag.py:588} INFO - Filling up the DagBag from /home/airflow/.local/lib/python3.12/site-packages/airflow/example_dags/example_latest_only_with_trigger.py
[2025-02-06T01:13:43.576+0000] {processor.py:925} INFO - DAG(s) 'latest_only_with_trigger' retrieved from /home/airflow/.local/lib/python3.12/site-packages/airflow/example_dags/example_latest_only_with_trigger.py
[2025-02-06T01:13:43.593+0000] {logging_mixin.py:190} INFO - [2025-02-06T01:13:43.592+0000] {dag.py:3239} INFO - Sync 1 DAGs
[2025-02-06T01:13:43.612+0000] {logging_mixin.py:190} INFO - [2025-02-06T01:13:43.612+0000] {dag.py:4180} INFO - Setting next_dagrun for latest_only_with_trigger to 2025-02-05 20:00:00+00:00, run_after=2025-02-06 00:00:00+00:00
[2025-02-06T01:13:43.629+0000] {processor.py:208} INFO - Processing /home/airflow/.local/lib/python3.12/site-packages/airflow/example_dags/example_latest_only_with_trigger.py took 0.067 seconds
[2025-02-06T01:14:14.783+0000] {processor.py:186} INFO - Started process (PID=3584) to work on /home/airflow/.local/lib/python3.12/site-packages/airflow/example_dags/example_latest_only_with_trigger.py
[2025-02-06T01:14:14.785+0000] {processor.py:914} INFO - Processing file /home/airflow/.local/lib/python3.12/site-packages/airflow/example_dags/example_latest_only_with_trigger.py for tasks to queue
[2025-02-06T01:14:14.791+0000] {logging_mixin.py:190} INFO - [2025-02-06T01:14:14.790+0000] {dagbag.py:588} INFO - Filling up the DagBag from /home/airflow/.local/lib/python3.12/site-packages/airflow/example_dags/example_latest_only_with_trigger.py
[2025-02-06T01:14:14.803+0000] {processor.py:925} INFO - DAG(s) 'latest_only_with_trigger' retrieved from /home/airflow/.local/lib/python3.12/site-packages/airflow/example_dags/example_latest_only_with_trigger.py
[2025-02-06T01:14:14.831+0000] {logging_mixin.py:190} INFO - [2025-02-06T01:14:14.830+0000] {dag.py:3239} INFO - Sync 1 DAGs
[2025-02-06T01:14:14.857+0000] {logging_mixin.py:190} INFO - [2025-02-06T01:14:14.857+0000] {dag.py:4180} INFO - Setting next_dagrun for latest_only_with_trigger to 2025-02-05 20:00:00+00:00, run_after=2025-02-06 00:00:00+00:00
[2025-02-06T01:14:14.875+0000] {processor.py:208} INFO - Processing /home/airflow/.local/lib/python3.12/site-packages/airflow/example_dags/example_latest_only_with_trigger.py took 0.099 seconds
[2025-02-06T01:14:47.765+0000] {processor.py:186} INFO - Started process (PID=3647) to work on /home/airflow/.local/lib/python3.12/site-packages/airflow/example_dags/example_latest_only_with_trigger.py
[2025-02-06T01:14:47.766+0000] {processor.py:914} INFO - Processing file /home/airflow/.local/lib/python3.12/site-packages/airflow/example_dags/example_latest_only_with_trigger.py for tasks to queue
[2025-02-06T01:14:47.769+0000] {logging_mixin.py:190} INFO - [2025-02-06T01:14:47.768+0000] {dagbag.py:588} INFO - Filling up the DagBag from /home/airflow/.local/lib/python3.12/site-packages/airflow/example_dags/example_latest_only_with_trigger.py
[2025-02-06T01:14:47.776+0000] {processor.py:925} INFO - DAG(s) 'latest_only_with_trigger' retrieved from /home/airflow/.local/lib/python3.12/site-packages/airflow/example_dags/example_latest_only_with_trigger.py
[2025-02-06T01:14:47.804+0000] {logging_mixin.py:190} INFO - [2025-02-06T01:14:47.804+0000] {dag.py:3239} INFO - Sync 1 DAGs
[2025-02-06T01:14:47.828+0000] {logging_mixin.py:190} INFO - [2025-02-06T01:14:47.828+0000] {dag.py:4180} INFO - Setting next_dagrun for latest_only_with_trigger to 2025-02-05 20:00:00+00:00, run_after=2025-02-06 00:00:00+00:00
[2025-02-06T01:14:47.848+0000] {processor.py:208} INFO - Processing /home/airflow/.local/lib/python3.12/site-packages/airflow/example_dags/example_latest_only_with_trigger.py took 0.089 seconds
[2025-02-06T01:15:21.957+0000] {processor.py:186} INFO - Started process (PID=3710) to work on /home/airflow/.local/lib/python3.12/site-packages/airflow/example_dags/example_latest_only_with_trigger.py
[2025-02-06T01:15:21.959+0000] {processor.py:914} INFO - Processing file /home/airflow/.local/lib/python3.12/site-packages/airflow/example_dags/example_latest_only_with_trigger.py for tasks to queue
[2025-02-06T01:15:21.964+0000] {logging_mixin.py:190} INFO - [2025-02-06T01:15:21.963+0000] {dagbag.py:588} INFO - Filling up the DagBag from /home/airflow/.local/lib/python3.12/site-packages/airflow/example_dags/example_latest_only_with_trigger.py
[2025-02-06T01:15:21.971+0000] {processor.py:925} INFO - DAG(s) 'latest_only_with_trigger' retrieved from /home/airflow/.local/lib/python3.12/site-packages/airflow/example_dags/example_latest_only_with_trigger.py
[2025-02-06T01:15:21.991+0000] {logging_mixin.py:190} INFO - [2025-02-06T01:15:21.991+0000] {dag.py:3239} INFO - Sync 1 DAGs
[2025-02-06T01:15:22.021+0000] {logging_mixin.py:190} INFO - [2025-02-06T01:15:22.020+0000] {dag.py:4180} INFO - Setting next_dagrun for latest_only_with_trigger to 2025-02-05 20:00:00+00:00, run_after=2025-02-06 00:00:00+00:00
[2025-02-06T01:15:22.058+0000] {processor.py:208} INFO - Processing /home/airflow/.local/lib/python3.12/site-packages/airflow/example_dags/example_latest_only_with_trigger.py took 0.106 seconds
[2025-02-06T01:15:53.432+0000] {processor.py:186} INFO - Started process (PID=3773) to work on /home/airflow/.local/lib/python3.12/site-packages/airflow/example_dags/example_latest_only_with_trigger.py
[2025-02-06T01:15:53.433+0000] {processor.py:914} INFO - Processing file /home/airflow/.local/lib/python3.12/site-packages/airflow/example_dags/example_latest_only_with_trigger.py for tasks to queue
[2025-02-06T01:15:53.436+0000] {logging_mixin.py:190} INFO - [2025-02-06T01:15:53.435+0000] {dagbag.py:588} INFO - Filling up the DagBag from /home/airflow/.local/lib/python3.12/site-packages/airflow/example_dags/example_latest_only_with_trigger.py
[2025-02-06T01:15:53.443+0000] {processor.py:925} INFO - DAG(s) 'latest_only_with_trigger' retrieved from /home/airflow/.local/lib/python3.12/site-packages/airflow/example_dags/example_latest_only_with_trigger.py
[2025-02-06T01:15:53.461+0000] {logging_mixin.py:190} INFO - [2025-02-06T01:15:53.460+0000] {dag.py:3239} INFO - Sync 1 DAGs
[2025-02-06T01:15:53.482+0000] {logging_mixin.py:190} INFO - [2025-02-06T01:15:53.482+0000] {dag.py:4180} INFO - Setting next_dagrun for latest_only_with_trigger to 2025-02-05 20:00:00+00:00, run_after=2025-02-06 00:00:00+00:00
[2025-02-06T01:15:53.500+0000] {processor.py:208} INFO - Processing /home/airflow/.local/lib/python3.12/site-packages/airflow/example_dags/example_latest_only_with_trigger.py took 0.072 seconds
[2025-02-06T01:16:28.851+0000] {processor.py:186} INFO - Started process (PID=3836) to work on /home/airflow/.local/lib/python3.12/site-packages/airflow/example_dags/example_latest_only_with_trigger.py
[2025-02-06T01:16:28.852+0000] {processor.py:914} INFO - Processing file /home/airflow/.local/lib/python3.12/site-packages/airflow/example_dags/example_latest_only_with_trigger.py for tasks to queue
[2025-02-06T01:16:28.856+0000] {logging_mixin.py:190} INFO - [2025-02-06T01:16:28.855+0000] {dagbag.py:588} INFO - Filling up the DagBag from /home/airflow/.local/lib/python3.12/site-packages/airflow/example_dags/example_latest_only_with_trigger.py
[2025-02-06T01:16:28.864+0000] {processor.py:925} INFO - DAG(s) 'latest_only_with_trigger' retrieved from /home/airflow/.local/lib/python3.12/site-packages/airflow/example_dags/example_latest_only_with_trigger.py
[2025-02-06T01:16:28.898+0000] {logging_mixin.py:190} INFO - [2025-02-06T01:16:28.897+0000] {dag.py:3239} INFO - Sync 1 DAGs
[2025-02-06T01:16:28.943+0000] {logging_mixin.py:190} INFO - [2025-02-06T01:16:28.942+0000] {dag.py:4180} INFO - Setting next_dagrun for latest_only_with_trigger to 2025-02-05 20:00:00+00:00, run_after=2025-02-06 00:00:00+00:00
[2025-02-06T01:16:28.984+0000] {processor.py:208} INFO - Processing /home/airflow/.local/lib/python3.12/site-packages/airflow/example_dags/example_latest_only_with_trigger.py took 0.140 seconds
