[2025-02-06T00:44:42.702+0000] {processor.py:186} INFO - Started process (PID=125) to work on /home/airflow/.local/lib/python3.12/site-packages/airflow/example_dags/example_nested_branch_dag.py
[2025-02-06T00:44:42.703+0000] {processor.py:914} INFO - Processing file /home/airflow/.local/lib/python3.12/site-packages/airflow/example_dags/example_nested_branch_dag.py for tasks to queue
[2025-02-06T00:44:42.705+0000] {logging_mixin.py:190} INFO - [2025-02-06T00:44:42.705+0000] {dagbag.py:588} INFO - Filling up the DagBag from /home/airflow/.local/lib/python3.12/site-packages/airflow/example_dags/example_nested_branch_dag.py
[2025-02-06T00:44:42.715+0000] {processor.py:925} INFO - DAG(s) 'example_nested_branch_dag' retrieved from /home/airflow/.local/lib/python3.12/site-packages/airflow/example_dags/example_nested_branch_dag.py
[2025-02-06T00:44:42.806+0000] {logging_mixin.py:190} INFO - [2025-02-06T00:44:42.806+0000] {override.py:1911} INFO - Created Permission View: can delete on DAG:example_nested_branch_dag
[2025-02-06T00:44:42.818+0000] {logging_mixin.py:190} INFO - [2025-02-06T00:44:42.817+0000] {override.py:1911} INFO - Created Permission View: can edit on DAG:example_nested_branch_dag
[2025-02-06T00:44:42.826+0000] {logging_mixin.py:190} INFO - [2025-02-06T00:44:42.826+0000] {override.py:1911} INFO - Created Permission View: can read on DAG:example_nested_branch_dag
[2025-02-06T00:44:42.836+0000] {logging_mixin.py:190} INFO - [2025-02-06T00:44:42.836+0000] {override.py:1911} INFO - Created Permission View: menu access on DAG Run:example_nested_branch_dag
[2025-02-06T00:44:42.845+0000] {logging_mixin.py:190} INFO - [2025-02-06T00:44:42.845+0000] {override.py:1911} INFO - Created Permission View: can delete on DAG Run:example_nested_branch_dag
[2025-02-06T00:44:42.853+0000] {logging_mixin.py:190} INFO - [2025-02-06T00:44:42.853+0000] {override.py:1911} INFO - Created Permission View: can read on DAG Run:example_nested_branch_dag
[2025-02-06T00:44:42.862+0000] {logging_mixin.py:190} INFO - [2025-02-06T00:44:42.862+0000] {override.py:1911} INFO - Created Permission View: can create on DAG Run:example_nested_branch_dag
[2025-02-06T00:44:42.863+0000] {logging_mixin.py:190} INFO - [2025-02-06T00:44:42.863+0000] {dag.py:3239} INFO - Sync 1 DAGs
[2025-02-06T00:44:42.876+0000] {logging_mixin.py:190} INFO - [2025-02-06T00:44:42.875+0000] {dag.py:3262} INFO - Creating ORM DAG for example_nested_branch_dag
[2025-02-06T00:44:42.887+0000] {logging_mixin.py:190} INFO - [2025-02-06T00:44:42.886+0000] {dag.py:4180} INFO - Setting next_dagrun for example_nested_branch_dag to 2025-02-05 00:00:00+00:00, run_after=2025-02-06 00:00:00+00:00
[2025-02-06T00:44:42.904+0000] {processor.py:208} INFO - Processing /home/airflow/.local/lib/python3.12/site-packages/airflow/example_dags/example_nested_branch_dag.py took 0.207 seconds
[2025-02-06T00:45:13.113+0000] {processor.py:186} INFO - Started process (PID=188) to work on /home/airflow/.local/lib/python3.12/site-packages/airflow/example_dags/example_nested_branch_dag.py
[2025-02-06T00:45:13.114+0000] {processor.py:914} INFO - Processing file /home/airflow/.local/lib/python3.12/site-packages/airflow/example_dags/example_nested_branch_dag.py for tasks to queue
[2025-02-06T00:45:13.120+0000] {logging_mixin.py:190} INFO - [2025-02-06T00:45:13.119+0000] {dagbag.py:588} INFO - Filling up the DagBag from /home/airflow/.local/lib/python3.12/site-packages/airflow/example_dags/example_nested_branch_dag.py
[2025-02-06T00:45:13.135+0000] {processor.py:925} INFO - DAG(s) 'example_nested_branch_dag' retrieved from /home/airflow/.local/lib/python3.12/site-packages/airflow/example_dags/example_nested_branch_dag.py
[2025-02-06T00:45:13.159+0000] {logging_mixin.py:190} INFO - [2025-02-06T00:45:13.159+0000] {dag.py:3239} INFO - Sync 1 DAGs
[2025-02-06T00:45:13.191+0000] {logging_mixin.py:190} INFO - [2025-02-06T00:45:13.191+0000] {dag.py:4180} INFO - Setting next_dagrun for example_nested_branch_dag to 2025-02-05 00:00:00+00:00, run_after=2025-02-06 00:00:00+00:00
[2025-02-06T00:45:13.214+0000] {processor.py:208} INFO - Processing /home/airflow/.local/lib/python3.12/site-packages/airflow/example_dags/example_nested_branch_dag.py took 0.114 seconds
[2025-02-06T00:45:43.661+0000] {processor.py:186} INFO - Started process (PID=251) to work on /home/airflow/.local/lib/python3.12/site-packages/airflow/example_dags/example_nested_branch_dag.py
[2025-02-06T00:45:43.662+0000] {processor.py:914} INFO - Processing file /home/airflow/.local/lib/python3.12/site-packages/airflow/example_dags/example_nested_branch_dag.py for tasks to queue
[2025-02-06T00:45:43.664+0000] {logging_mixin.py:190} INFO - [2025-02-06T00:45:43.664+0000] {dagbag.py:588} INFO - Filling up the DagBag from /home/airflow/.local/lib/python3.12/site-packages/airflow/example_dags/example_nested_branch_dag.py
[2025-02-06T00:45:43.674+0000] {processor.py:925} INFO - DAG(s) 'example_nested_branch_dag' retrieved from /home/airflow/.local/lib/python3.12/site-packages/airflow/example_dags/example_nested_branch_dag.py
[2025-02-06T00:45:43.696+0000] {logging_mixin.py:190} INFO - [2025-02-06T00:45:43.695+0000] {dag.py:3239} INFO - Sync 1 DAGs
[2025-02-06T00:45:43.722+0000] {logging_mixin.py:190} INFO - [2025-02-06T00:45:43.722+0000] {dag.py:4180} INFO - Setting next_dagrun for example_nested_branch_dag to 2025-02-05 00:00:00+00:00, run_after=2025-02-06 00:00:00+00:00
[2025-02-06T00:45:43.746+0000] {processor.py:208} INFO - Processing /home/airflow/.local/lib/python3.12/site-packages/airflow/example_dags/example_nested_branch_dag.py took 0.092 seconds
[2025-02-06T00:46:14.575+0000] {processor.py:186} INFO - Started process (PID=314) to work on /home/airflow/.local/lib/python3.12/site-packages/airflow/example_dags/example_nested_branch_dag.py
[2025-02-06T00:46:14.576+0000] {processor.py:914} INFO - Processing file /home/airflow/.local/lib/python3.12/site-packages/airflow/example_dags/example_nested_branch_dag.py for tasks to queue
[2025-02-06T00:46:14.578+0000] {logging_mixin.py:190} INFO - [2025-02-06T00:46:14.578+0000] {dagbag.py:588} INFO - Filling up the DagBag from /home/airflow/.local/lib/python3.12/site-packages/airflow/example_dags/example_nested_branch_dag.py
[2025-02-06T00:46:14.588+0000] {processor.py:925} INFO - DAG(s) 'example_nested_branch_dag' retrieved from /home/airflow/.local/lib/python3.12/site-packages/airflow/example_dags/example_nested_branch_dag.py
[2025-02-06T00:46:14.609+0000] {logging_mixin.py:190} INFO - [2025-02-06T00:46:14.609+0000] {dag.py:3239} INFO - Sync 1 DAGs
[2025-02-06T00:46:14.635+0000] {logging_mixin.py:190} INFO - [2025-02-06T00:46:14.635+0000] {dag.py:4180} INFO - Setting next_dagrun for example_nested_branch_dag to 2025-02-05 00:00:00+00:00, run_after=2025-02-06 00:00:00+00:00
[2025-02-06T00:46:14.660+0000] {processor.py:208} INFO - Processing /home/airflow/.local/lib/python3.12/site-packages/airflow/example_dags/example_nested_branch_dag.py took 0.091 seconds
[2025-02-06T00:46:45.635+0000] {processor.py:186} INFO - Started process (PID=377) to work on /home/airflow/.local/lib/python3.12/site-packages/airflow/example_dags/example_nested_branch_dag.py
[2025-02-06T00:46:45.639+0000] {processor.py:914} INFO - Processing file /home/airflow/.local/lib/python3.12/site-packages/airflow/example_dags/example_nested_branch_dag.py for tasks to queue
[2025-02-06T00:46:45.643+0000] {logging_mixin.py:190} INFO - [2025-02-06T00:46:45.643+0000] {dagbag.py:588} INFO - Filling up the DagBag from /home/airflow/.local/lib/python3.12/site-packages/airflow/example_dags/example_nested_branch_dag.py
[2025-02-06T00:46:45.656+0000] {processor.py:925} INFO - DAG(s) 'example_nested_branch_dag' retrieved from /home/airflow/.local/lib/python3.12/site-packages/airflow/example_dags/example_nested_branch_dag.py
[2025-02-06T00:46:45.680+0000] {logging_mixin.py:190} INFO - [2025-02-06T00:46:45.679+0000] {dag.py:3239} INFO - Sync 1 DAGs
[2025-02-06T00:46:45.705+0000] {logging_mixin.py:190} INFO - [2025-02-06T00:46:45.705+0000] {dag.py:4180} INFO - Setting next_dagrun for example_nested_branch_dag to 2025-02-05 00:00:00+00:00, run_after=2025-02-06 00:00:00+00:00
[2025-02-06T00:46:45.721+0000] {processor.py:208} INFO - Processing /home/airflow/.local/lib/python3.12/site-packages/airflow/example_dags/example_nested_branch_dag.py took 0.092 seconds
[2025-02-06T00:47:15.875+0000] {processor.py:186} INFO - Started process (PID=441) to work on /home/airflow/.local/lib/python3.12/site-packages/airflow/example_dags/example_nested_branch_dag.py
[2025-02-06T00:47:15.876+0000] {processor.py:914} INFO - Processing file /home/airflow/.local/lib/python3.12/site-packages/airflow/example_dags/example_nested_branch_dag.py for tasks to queue
[2025-02-06T00:47:15.888+0000] {logging_mixin.py:190} INFO - [2025-02-06T00:47:15.887+0000] {dagbag.py:588} INFO - Filling up the DagBag from /home/airflow/.local/lib/python3.12/site-packages/airflow/example_dags/example_nested_branch_dag.py
[2025-02-06T00:47:15.897+0000] {processor.py:925} INFO - DAG(s) 'example_nested_branch_dag' retrieved from /home/airflow/.local/lib/python3.12/site-packages/airflow/example_dags/example_nested_branch_dag.py
[2025-02-06T00:47:15.928+0000] {logging_mixin.py:190} INFO - [2025-02-06T00:47:15.928+0000] {dag.py:3239} INFO - Sync 1 DAGs
[2025-02-06T00:47:15.948+0000] {logging_mixin.py:190} INFO - [2025-02-06T00:47:15.948+0000] {dag.py:4180} INFO - Setting next_dagrun for example_nested_branch_dag to 2025-02-05 00:00:00+00:00, run_after=2025-02-06 00:00:00+00:00
[2025-02-06T00:47:15.966+0000] {processor.py:208} INFO - Processing /home/airflow/.local/lib/python3.12/site-packages/airflow/example_dags/example_nested_branch_dag.py took 0.096 seconds
[2025-02-06T00:47:46.808+0000] {processor.py:186} INFO - Started process (PID=504) to work on /home/airflow/.local/lib/python3.12/site-packages/airflow/example_dags/example_nested_branch_dag.py
[2025-02-06T00:47:46.809+0000] {processor.py:914} INFO - Processing file /home/airflow/.local/lib/python3.12/site-packages/airflow/example_dags/example_nested_branch_dag.py for tasks to queue
[2025-02-06T00:47:46.811+0000] {logging_mixin.py:190} INFO - [2025-02-06T00:47:46.811+0000] {dagbag.py:588} INFO - Filling up the DagBag from /home/airflow/.local/lib/python3.12/site-packages/airflow/example_dags/example_nested_branch_dag.py
[2025-02-06T00:47:46.822+0000] {processor.py:925} INFO - DAG(s) 'example_nested_branch_dag' retrieved from /home/airflow/.local/lib/python3.12/site-packages/airflow/example_dags/example_nested_branch_dag.py
[2025-02-06T00:47:46.843+0000] {logging_mixin.py:190} INFO - [2025-02-06T00:47:46.842+0000] {dag.py:3239} INFO - Sync 1 DAGs
[2025-02-06T00:47:46.864+0000] {logging_mixin.py:190} INFO - [2025-02-06T00:47:46.863+0000] {dag.py:4180} INFO - Setting next_dagrun for example_nested_branch_dag to 2025-02-05 00:00:00+00:00, run_after=2025-02-06 00:00:00+00:00
[2025-02-06T00:47:46.882+0000] {processor.py:208} INFO - Processing /home/airflow/.local/lib/python3.12/site-packages/airflow/example_dags/example_nested_branch_dag.py took 0.079 seconds
[2025-02-06T00:48:17.648+0000] {processor.py:186} INFO - Started process (PID=561) to work on /home/airflow/.local/lib/python3.12/site-packages/airflow/example_dags/example_nested_branch_dag.py
[2025-02-06T00:48:17.649+0000] {processor.py:914} INFO - Processing file /home/airflow/.local/lib/python3.12/site-packages/airflow/example_dags/example_nested_branch_dag.py for tasks to queue
[2025-02-06T00:48:17.651+0000] {logging_mixin.py:190} INFO - [2025-02-06T00:48:17.651+0000] {dagbag.py:588} INFO - Filling up the DagBag from /home/airflow/.local/lib/python3.12/site-packages/airflow/example_dags/example_nested_branch_dag.py
[2025-02-06T00:48:17.660+0000] {processor.py:925} INFO - DAG(s) 'example_nested_branch_dag' retrieved from /home/airflow/.local/lib/python3.12/site-packages/airflow/example_dags/example_nested_branch_dag.py
[2025-02-06T00:48:17.677+0000] {logging_mixin.py:190} INFO - [2025-02-06T00:48:17.677+0000] {dag.py:3239} INFO - Sync 1 DAGs
[2025-02-06T00:48:17.696+0000] {logging_mixin.py:190} INFO - [2025-02-06T00:48:17.696+0000] {dag.py:4180} INFO - Setting next_dagrun for example_nested_branch_dag to 2025-02-05 00:00:00+00:00, run_after=2025-02-06 00:00:00+00:00
[2025-02-06T00:48:17.712+0000] {processor.py:208} INFO - Processing /home/airflow/.local/lib/python3.12/site-packages/airflow/example_dags/example_nested_branch_dag.py took 0.069 seconds
[2025-02-06T00:48:47.828+0000] {processor.py:186} INFO - Started process (PID=623) to work on /home/airflow/.local/lib/python3.12/site-packages/airflow/example_dags/example_nested_branch_dag.py
[2025-02-06T00:48:47.829+0000] {processor.py:914} INFO - Processing file /home/airflow/.local/lib/python3.12/site-packages/airflow/example_dags/example_nested_branch_dag.py for tasks to queue
[2025-02-06T00:48:47.832+0000] {logging_mixin.py:190} INFO - [2025-02-06T00:48:47.831+0000] {dagbag.py:588} INFO - Filling up the DagBag from /home/airflow/.local/lib/python3.12/site-packages/airflow/example_dags/example_nested_branch_dag.py
[2025-02-06T00:48:47.842+0000] {processor.py:925} INFO - DAG(s) 'example_nested_branch_dag' retrieved from /home/airflow/.local/lib/python3.12/site-packages/airflow/example_dags/example_nested_branch_dag.py
[2025-02-06T00:48:47.863+0000] {logging_mixin.py:190} INFO - [2025-02-06T00:48:47.863+0000] {dag.py:3239} INFO - Sync 1 DAGs
[2025-02-06T00:48:47.887+0000] {logging_mixin.py:190} INFO - [2025-02-06T00:48:47.887+0000] {dag.py:4180} INFO - Setting next_dagrun for example_nested_branch_dag to 2025-02-05 00:00:00+00:00, run_after=2025-02-06 00:00:00+00:00
[2025-02-06T00:48:47.910+0000] {processor.py:208} INFO - Processing /home/airflow/.local/lib/python3.12/site-packages/airflow/example_dags/example_nested_branch_dag.py took 0.087 seconds
[2025-02-06T00:49:18.849+0000] {processor.py:186} INFO - Started process (PID=686) to work on /home/airflow/.local/lib/python3.12/site-packages/airflow/example_dags/example_nested_branch_dag.py
[2025-02-06T00:49:18.850+0000] {processor.py:914} INFO - Processing file /home/airflow/.local/lib/python3.12/site-packages/airflow/example_dags/example_nested_branch_dag.py for tasks to queue
[2025-02-06T00:49:18.852+0000] {logging_mixin.py:190} INFO - [2025-02-06T00:49:18.852+0000] {dagbag.py:588} INFO - Filling up the DagBag from /home/airflow/.local/lib/python3.12/site-packages/airflow/example_dags/example_nested_branch_dag.py
[2025-02-06T00:49:18.861+0000] {processor.py:925} INFO - DAG(s) 'example_nested_branch_dag' retrieved from /home/airflow/.local/lib/python3.12/site-packages/airflow/example_dags/example_nested_branch_dag.py
[2025-02-06T00:49:18.884+0000] {logging_mixin.py:190} INFO - [2025-02-06T00:49:18.883+0000] {dag.py:3239} INFO - Sync 1 DAGs
[2025-02-06T00:49:18.911+0000] {logging_mixin.py:190} INFO - [2025-02-06T00:49:18.911+0000] {dag.py:4180} INFO - Setting next_dagrun for example_nested_branch_dag to 2025-02-05 00:00:00+00:00, run_after=2025-02-06 00:00:00+00:00
[2025-02-06T00:49:18.936+0000] {processor.py:208} INFO - Processing /home/airflow/.local/lib/python3.12/site-packages/airflow/example_dags/example_nested_branch_dag.py took 0.092 seconds
[2025-02-06T00:49:48.984+0000] {processor.py:186} INFO - Started process (PID=748) to work on /home/airflow/.local/lib/python3.12/site-packages/airflow/example_dags/example_nested_branch_dag.py
[2025-02-06T00:49:48.986+0000] {processor.py:914} INFO - Processing file /home/airflow/.local/lib/python3.12/site-packages/airflow/example_dags/example_nested_branch_dag.py for tasks to queue
[2025-02-06T00:49:48.988+0000] {logging_mixin.py:190} INFO - [2025-02-06T00:49:48.988+0000] {dagbag.py:588} INFO - Filling up the DagBag from /home/airflow/.local/lib/python3.12/site-packages/airflow/example_dags/example_nested_branch_dag.py
[2025-02-06T00:49:48.999+0000] {processor.py:925} INFO - DAG(s) 'example_nested_branch_dag' retrieved from /home/airflow/.local/lib/python3.12/site-packages/airflow/example_dags/example_nested_branch_dag.py
[2025-02-06T00:49:49.022+0000] {logging_mixin.py:190} INFO - [2025-02-06T00:49:49.022+0000] {dag.py:3239} INFO - Sync 1 DAGs
[2025-02-06T00:49:49.045+0000] {logging_mixin.py:190} INFO - [2025-02-06T00:49:49.045+0000] {dag.py:4180} INFO - Setting next_dagrun for example_nested_branch_dag to 2025-02-05 00:00:00+00:00, run_after=2025-02-06 00:00:00+00:00
[2025-02-06T00:49:49.067+0000] {processor.py:208} INFO - Processing /home/airflow/.local/lib/python3.12/site-packages/airflow/example_dags/example_nested_branch_dag.py took 0.088 seconds
[2025-02-06T00:50:20.420+0000] {processor.py:186} INFO - Started process (PID=811) to work on /home/airflow/.local/lib/python3.12/site-packages/airflow/example_dags/example_nested_branch_dag.py
[2025-02-06T00:50:20.421+0000] {processor.py:914} INFO - Processing file /home/airflow/.local/lib/python3.12/site-packages/airflow/example_dags/example_nested_branch_dag.py for tasks to queue
[2025-02-06T00:50:20.423+0000] {logging_mixin.py:190} INFO - [2025-02-06T00:50:20.422+0000] {dagbag.py:588} INFO - Filling up the DagBag from /home/airflow/.local/lib/python3.12/site-packages/airflow/example_dags/example_nested_branch_dag.py
[2025-02-06T00:50:20.432+0000] {processor.py:925} INFO - DAG(s) 'example_nested_branch_dag' retrieved from /home/airflow/.local/lib/python3.12/site-packages/airflow/example_dags/example_nested_branch_dag.py
[2025-02-06T00:50:20.452+0000] {logging_mixin.py:190} INFO - [2025-02-06T00:50:20.452+0000] {dag.py:3239} INFO - Sync 1 DAGs
[2025-02-06T00:50:20.473+0000] {logging_mixin.py:190} INFO - [2025-02-06T00:50:20.473+0000] {dag.py:4180} INFO - Setting next_dagrun for example_nested_branch_dag to 2025-02-05 00:00:00+00:00, run_after=2025-02-06 00:00:00+00:00
[2025-02-06T00:50:20.496+0000] {processor.py:208} INFO - Processing /home/airflow/.local/lib/python3.12/site-packages/airflow/example_dags/example_nested_branch_dag.py took 0.081 seconds
[2025-02-06T00:50:51.407+0000] {processor.py:186} INFO - Started process (PID=874) to work on /home/airflow/.local/lib/python3.12/site-packages/airflow/example_dags/example_nested_branch_dag.py
[2025-02-06T00:50:51.408+0000] {processor.py:914} INFO - Processing file /home/airflow/.local/lib/python3.12/site-packages/airflow/example_dags/example_nested_branch_dag.py for tasks to queue
[2025-02-06T00:50:51.410+0000] {logging_mixin.py:190} INFO - [2025-02-06T00:50:51.409+0000] {dagbag.py:588} INFO - Filling up the DagBag from /home/airflow/.local/lib/python3.12/site-packages/airflow/example_dags/example_nested_branch_dag.py
[2025-02-06T00:50:51.418+0000] {processor.py:925} INFO - DAG(s) 'example_nested_branch_dag' retrieved from /home/airflow/.local/lib/python3.12/site-packages/airflow/example_dags/example_nested_branch_dag.py
[2025-02-06T00:50:51.437+0000] {logging_mixin.py:190} INFO - [2025-02-06T00:50:51.437+0000] {dag.py:3239} INFO - Sync 1 DAGs
[2025-02-06T00:50:51.459+0000] {logging_mixin.py:190} INFO - [2025-02-06T00:50:51.459+0000] {dag.py:4180} INFO - Setting next_dagrun for example_nested_branch_dag to 2025-02-05 00:00:00+00:00, run_after=2025-02-06 00:00:00+00:00
[2025-02-06T00:50:51.496+0000] {processor.py:208} INFO - Processing /home/airflow/.local/lib/python3.12/site-packages/airflow/example_dags/example_nested_branch_dag.py took 0.094 seconds
[2025-02-06T00:51:24.370+0000] {processor.py:186} INFO - Started process (PID=937) to work on /home/airflow/.local/lib/python3.12/site-packages/airflow/example_dags/example_nested_branch_dag.py
[2025-02-06T00:51:24.372+0000] {processor.py:914} INFO - Processing file /home/airflow/.local/lib/python3.12/site-packages/airflow/example_dags/example_nested_branch_dag.py for tasks to queue
[2025-02-06T00:51:24.374+0000] {logging_mixin.py:190} INFO - [2025-02-06T00:51:24.374+0000] {dagbag.py:588} INFO - Filling up the DagBag from /home/airflow/.local/lib/python3.12/site-packages/airflow/example_dags/example_nested_branch_dag.py
[2025-02-06T00:51:24.386+0000] {processor.py:925} INFO - DAG(s) 'example_nested_branch_dag' retrieved from /home/airflow/.local/lib/python3.12/site-packages/airflow/example_dags/example_nested_branch_dag.py
[2025-02-06T00:51:24.414+0000] {logging_mixin.py:190} INFO - [2025-02-06T00:51:24.414+0000] {dag.py:3239} INFO - Sync 1 DAGs
[2025-02-06T00:51:24.450+0000] {logging_mixin.py:190} INFO - [2025-02-06T00:51:24.449+0000] {dag.py:4180} INFO - Setting next_dagrun for example_nested_branch_dag to 2025-02-05 00:00:00+00:00, run_after=2025-02-06 00:00:00+00:00
[2025-02-06T00:51:24.473+0000] {processor.py:208} INFO - Processing /home/airflow/.local/lib/python3.12/site-packages/airflow/example_dags/example_nested_branch_dag.py took 0.109 seconds
[2025-02-06T00:51:58.508+0000] {processor.py:186} INFO - Started process (PID=1002) to work on /home/airflow/.local/lib/python3.12/site-packages/airflow/example_dags/example_nested_branch_dag.py
[2025-02-06T00:51:58.509+0000] {processor.py:914} INFO - Processing file /home/airflow/.local/lib/python3.12/site-packages/airflow/example_dags/example_nested_branch_dag.py for tasks to queue
[2025-02-06T00:51:58.511+0000] {logging_mixin.py:190} INFO - [2025-02-06T00:51:58.511+0000] {dagbag.py:588} INFO - Filling up the DagBag from /home/airflow/.local/lib/python3.12/site-packages/airflow/example_dags/example_nested_branch_dag.py
[2025-02-06T00:51:58.525+0000] {processor.py:925} INFO - DAG(s) 'example_nested_branch_dag' retrieved from /home/airflow/.local/lib/python3.12/site-packages/airflow/example_dags/example_nested_branch_dag.py
[2025-02-06T00:51:58.548+0000] {logging_mixin.py:190} INFO - [2025-02-06T00:51:58.547+0000] {dag.py:3239} INFO - Sync 1 DAGs
[2025-02-06T00:51:58.573+0000] {logging_mixin.py:190} INFO - [2025-02-06T00:51:58.573+0000] {dag.py:4180} INFO - Setting next_dagrun for example_nested_branch_dag to 2025-02-05 00:00:00+00:00, run_after=2025-02-06 00:00:00+00:00
[2025-02-06T00:51:58.594+0000] {processor.py:208} INFO - Processing /home/airflow/.local/lib/python3.12/site-packages/airflow/example_dags/example_nested_branch_dag.py took 0.096 seconds
[2025-02-06T00:52:29.411+0000] {processor.py:186} INFO - Started process (PID=1065) to work on /home/airflow/.local/lib/python3.12/site-packages/airflow/example_dags/example_nested_branch_dag.py
[2025-02-06T00:52:29.412+0000] {processor.py:914} INFO - Processing file /home/airflow/.local/lib/python3.12/site-packages/airflow/example_dags/example_nested_branch_dag.py for tasks to queue
[2025-02-06T00:52:29.414+0000] {logging_mixin.py:190} INFO - [2025-02-06T00:52:29.414+0000] {dagbag.py:588} INFO - Filling up the DagBag from /home/airflow/.local/lib/python3.12/site-packages/airflow/example_dags/example_nested_branch_dag.py
[2025-02-06T00:52:29.425+0000] {processor.py:925} INFO - DAG(s) 'example_nested_branch_dag' retrieved from /home/airflow/.local/lib/python3.12/site-packages/airflow/example_dags/example_nested_branch_dag.py
[2025-02-06T00:52:29.449+0000] {logging_mixin.py:190} INFO - [2025-02-06T00:52:29.448+0000] {dag.py:3239} INFO - Sync 1 DAGs
[2025-02-06T00:52:29.477+0000] {logging_mixin.py:190} INFO - [2025-02-06T00:52:29.477+0000] {dag.py:4180} INFO - Setting next_dagrun for example_nested_branch_dag to 2025-02-05 00:00:00+00:00, run_after=2025-02-06 00:00:00+00:00
[2025-02-06T00:52:29.503+0000] {processor.py:208} INFO - Processing /home/airflow/.local/lib/python3.12/site-packages/airflow/example_dags/example_nested_branch_dag.py took 0.098 seconds
[2025-02-06T00:53:01.892+0000] {processor.py:186} INFO - Started process (PID=1128) to work on /home/airflow/.local/lib/python3.12/site-packages/airflow/example_dags/example_nested_branch_dag.py
[2025-02-06T00:53:01.904+0000] {processor.py:914} INFO - Processing file /home/airflow/.local/lib/python3.12/site-packages/airflow/example_dags/example_nested_branch_dag.py for tasks to queue
[2025-02-06T00:53:01.909+0000] {logging_mixin.py:190} INFO - [2025-02-06T00:53:01.909+0000] {dagbag.py:588} INFO - Filling up the DagBag from /home/airflow/.local/lib/python3.12/site-packages/airflow/example_dags/example_nested_branch_dag.py
[2025-02-06T00:53:01.944+0000] {processor.py:925} INFO - DAG(s) 'example_nested_branch_dag' retrieved from /home/airflow/.local/lib/python3.12/site-packages/airflow/example_dags/example_nested_branch_dag.py
[2025-02-06T00:53:01.980+0000] {logging_mixin.py:190} INFO - [2025-02-06T00:53:01.980+0000] {dag.py:3239} INFO - Sync 1 DAGs
[2025-02-06T00:53:02.002+0000] {logging_mixin.py:190} INFO - [2025-02-06T00:53:02.002+0000] {dag.py:4180} INFO - Setting next_dagrun for example_nested_branch_dag to 2025-02-05 00:00:00+00:00, run_after=2025-02-06 00:00:00+00:00
[2025-02-06T00:53:02.020+0000] {processor.py:208} INFO - Processing /home/airflow/.local/lib/python3.12/site-packages/airflow/example_dags/example_nested_branch_dag.py took 0.133 seconds
[2025-02-06T00:53:34.524+0000] {processor.py:186} INFO - Started process (PID=1191) to work on /home/airflow/.local/lib/python3.12/site-packages/airflow/example_dags/example_nested_branch_dag.py
[2025-02-06T00:53:34.525+0000] {processor.py:914} INFO - Processing file /home/airflow/.local/lib/python3.12/site-packages/airflow/example_dags/example_nested_branch_dag.py for tasks to queue
[2025-02-06T00:53:34.529+0000] {logging_mixin.py:190} INFO - [2025-02-06T00:53:34.528+0000] {dagbag.py:588} INFO - Filling up the DagBag from /home/airflow/.local/lib/python3.12/site-packages/airflow/example_dags/example_nested_branch_dag.py
[2025-02-06T00:53:34.545+0000] {processor.py:925} INFO - DAG(s) 'example_nested_branch_dag' retrieved from /home/airflow/.local/lib/python3.12/site-packages/airflow/example_dags/example_nested_branch_dag.py
[2025-02-06T00:53:34.568+0000] {logging_mixin.py:190} INFO - [2025-02-06T00:53:34.568+0000] {dag.py:3239} INFO - Sync 1 DAGs
[2025-02-06T00:53:34.597+0000] {logging_mixin.py:190} INFO - [2025-02-06T00:53:34.596+0000] {dag.py:4180} INFO - Setting next_dagrun for example_nested_branch_dag to 2025-02-05 00:00:00+00:00, run_after=2025-02-06 00:00:00+00:00
[2025-02-06T00:53:34.621+0000] {processor.py:208} INFO - Processing /home/airflow/.local/lib/python3.12/site-packages/airflow/example_dags/example_nested_branch_dag.py took 0.105 seconds
[2025-02-06T00:54:07.811+0000] {processor.py:186} INFO - Started process (PID=1254) to work on /home/airflow/.local/lib/python3.12/site-packages/airflow/example_dags/example_nested_branch_dag.py
[2025-02-06T00:54:07.813+0000] {processor.py:914} INFO - Processing file /home/airflow/.local/lib/python3.12/site-packages/airflow/example_dags/example_nested_branch_dag.py for tasks to queue
[2025-02-06T00:54:07.817+0000] {logging_mixin.py:190} INFO - [2025-02-06T00:54:07.817+0000] {dagbag.py:588} INFO - Filling up the DagBag from /home/airflow/.local/lib/python3.12/site-packages/airflow/example_dags/example_nested_branch_dag.py
[2025-02-06T00:54:07.833+0000] {processor.py:925} INFO - DAG(s) 'example_nested_branch_dag' retrieved from /home/airflow/.local/lib/python3.12/site-packages/airflow/example_dags/example_nested_branch_dag.py
[2025-02-06T00:54:07.861+0000] {logging_mixin.py:190} INFO - [2025-02-06T00:54:07.860+0000] {dag.py:3239} INFO - Sync 1 DAGs
[2025-02-06T00:54:07.885+0000] {logging_mixin.py:190} INFO - [2025-02-06T00:54:07.885+0000] {dag.py:4180} INFO - Setting next_dagrun for example_nested_branch_dag to 2025-02-05 00:00:00+00:00, run_after=2025-02-06 00:00:00+00:00
[2025-02-06T00:54:07.911+0000] {processor.py:208} INFO - Processing /home/airflow/.local/lib/python3.12/site-packages/airflow/example_dags/example_nested_branch_dag.py took 0.107 seconds
[2025-02-06T00:54:39.786+0000] {processor.py:186} INFO - Started process (PID=1317) to work on /home/airflow/.local/lib/python3.12/site-packages/airflow/example_dags/example_nested_branch_dag.py
[2025-02-06T00:54:39.787+0000] {processor.py:914} INFO - Processing file /home/airflow/.local/lib/python3.12/site-packages/airflow/example_dags/example_nested_branch_dag.py for tasks to queue
[2025-02-06T00:54:39.789+0000] {logging_mixin.py:190} INFO - [2025-02-06T00:54:39.789+0000] {dagbag.py:588} INFO - Filling up the DagBag from /home/airflow/.local/lib/python3.12/site-packages/airflow/example_dags/example_nested_branch_dag.py
[2025-02-06T00:54:39.801+0000] {processor.py:925} INFO - DAG(s) 'example_nested_branch_dag' retrieved from /home/airflow/.local/lib/python3.12/site-packages/airflow/example_dags/example_nested_branch_dag.py
[2025-02-06T00:54:39.820+0000] {logging_mixin.py:190} INFO - [2025-02-06T00:54:39.819+0000] {dag.py:3239} INFO - Sync 1 DAGs
[2025-02-06T00:54:39.843+0000] {logging_mixin.py:190} INFO - [2025-02-06T00:54:39.843+0000] {dag.py:4180} INFO - Setting next_dagrun for example_nested_branch_dag to 2025-02-05 00:00:00+00:00, run_after=2025-02-06 00:00:00+00:00
[2025-02-06T00:54:39.862+0000] {processor.py:208} INFO - Processing /home/airflow/.local/lib/python3.12/site-packages/airflow/example_dags/example_nested_branch_dag.py took 0.080 seconds
[2025-02-06T00:55:12.559+0000] {processor.py:186} INFO - Started process (PID=1380) to work on /home/airflow/.local/lib/python3.12/site-packages/airflow/example_dags/example_nested_branch_dag.py
[2025-02-06T00:55:12.560+0000] {processor.py:914} INFO - Processing file /home/airflow/.local/lib/python3.12/site-packages/airflow/example_dags/example_nested_branch_dag.py for tasks to queue
[2025-02-06T00:55:12.563+0000] {logging_mixin.py:190} INFO - [2025-02-06T00:55:12.562+0000] {dagbag.py:588} INFO - Filling up the DagBag from /home/airflow/.local/lib/python3.12/site-packages/airflow/example_dags/example_nested_branch_dag.py
[2025-02-06T00:55:12.581+0000] {processor.py:925} INFO - DAG(s) 'example_nested_branch_dag' retrieved from /home/airflow/.local/lib/python3.12/site-packages/airflow/example_dags/example_nested_branch_dag.py
[2025-02-06T00:55:12.611+0000] {logging_mixin.py:190} INFO - [2025-02-06T00:55:12.611+0000] {dag.py:3239} INFO - Sync 1 DAGs
[2025-02-06T00:55:12.635+0000] {logging_mixin.py:190} INFO - [2025-02-06T00:55:12.634+0000] {dag.py:4180} INFO - Setting next_dagrun for example_nested_branch_dag to 2025-02-05 00:00:00+00:00, run_after=2025-02-06 00:00:00+00:00
[2025-02-06T00:55:12.654+0000] {processor.py:208} INFO - Processing /home/airflow/.local/lib/python3.12/site-packages/airflow/example_dags/example_nested_branch_dag.py took 0.102 seconds
[2025-02-06T00:55:45.681+0000] {processor.py:186} INFO - Started process (PID=1443) to work on /home/airflow/.local/lib/python3.12/site-packages/airflow/example_dags/example_nested_branch_dag.py
[2025-02-06T00:55:45.682+0000] {processor.py:914} INFO - Processing file /home/airflow/.local/lib/python3.12/site-packages/airflow/example_dags/example_nested_branch_dag.py for tasks to queue
[2025-02-06T00:55:45.685+0000] {logging_mixin.py:190} INFO - [2025-02-06T00:55:45.684+0000] {dagbag.py:588} INFO - Filling up the DagBag from /home/airflow/.local/lib/python3.12/site-packages/airflow/example_dags/example_nested_branch_dag.py
[2025-02-06T00:55:45.695+0000] {processor.py:925} INFO - DAG(s) 'example_nested_branch_dag' retrieved from /home/airflow/.local/lib/python3.12/site-packages/airflow/example_dags/example_nested_branch_dag.py
[2025-02-06T00:55:45.740+0000] {logging_mixin.py:190} INFO - [2025-02-06T00:55:45.739+0000] {dag.py:3239} INFO - Sync 1 DAGs
[2025-02-06T00:55:45.825+0000] {logging_mixin.py:190} INFO - [2025-02-06T00:55:45.824+0000] {dag.py:4180} INFO - Setting next_dagrun for example_nested_branch_dag to 2025-02-05 00:00:00+00:00, run_after=2025-02-06 00:00:00+00:00
[2025-02-06T00:55:45.900+0000] {processor.py:208} INFO - Processing /home/airflow/.local/lib/python3.12/site-packages/airflow/example_dags/example_nested_branch_dag.py took 0.230 seconds
[2025-02-06T00:56:18.145+0000] {processor.py:186} INFO - Started process (PID=1506) to work on /home/airflow/.local/lib/python3.12/site-packages/airflow/example_dags/example_nested_branch_dag.py
[2025-02-06T00:56:18.146+0000] {processor.py:914} INFO - Processing file /home/airflow/.local/lib/python3.12/site-packages/airflow/example_dags/example_nested_branch_dag.py for tasks to queue
[2025-02-06T00:56:18.148+0000] {logging_mixin.py:190} INFO - [2025-02-06T00:56:18.147+0000] {dagbag.py:588} INFO - Filling up the DagBag from /home/airflow/.local/lib/python3.12/site-packages/airflow/example_dags/example_nested_branch_dag.py
[2025-02-06T00:56:18.157+0000] {processor.py:925} INFO - DAG(s) 'example_nested_branch_dag' retrieved from /home/airflow/.local/lib/python3.12/site-packages/airflow/example_dags/example_nested_branch_dag.py
[2025-02-06T00:56:18.175+0000] {logging_mixin.py:190} INFO - [2025-02-06T00:56:18.175+0000] {dag.py:3239} INFO - Sync 1 DAGs
[2025-02-06T00:56:18.195+0000] {logging_mixin.py:190} INFO - [2025-02-06T00:56:18.195+0000] {dag.py:4180} INFO - Setting next_dagrun for example_nested_branch_dag to 2025-02-05 00:00:00+00:00, run_after=2025-02-06 00:00:00+00:00
[2025-02-06T00:56:18.214+0000] {processor.py:208} INFO - Processing /home/airflow/.local/lib/python3.12/site-packages/airflow/example_dags/example_nested_branch_dag.py took 0.074 seconds
[2025-02-06T00:56:51.099+0000] {processor.py:186} INFO - Started process (PID=1569) to work on /home/airflow/.local/lib/python3.12/site-packages/airflow/example_dags/example_nested_branch_dag.py
[2025-02-06T00:56:51.100+0000] {processor.py:914} INFO - Processing file /home/airflow/.local/lib/python3.12/site-packages/airflow/example_dags/example_nested_branch_dag.py for tasks to queue
[2025-02-06T00:56:51.102+0000] {logging_mixin.py:190} INFO - [2025-02-06T00:56:51.102+0000] {dagbag.py:588} INFO - Filling up the DagBag from /home/airflow/.local/lib/python3.12/site-packages/airflow/example_dags/example_nested_branch_dag.py
[2025-02-06T00:56:51.110+0000] {processor.py:925} INFO - DAG(s) 'example_nested_branch_dag' retrieved from /home/airflow/.local/lib/python3.12/site-packages/airflow/example_dags/example_nested_branch_dag.py
[2025-02-06T00:56:51.129+0000] {logging_mixin.py:190} INFO - [2025-02-06T00:56:51.129+0000] {dag.py:3239} INFO - Sync 1 DAGs
[2025-02-06T00:56:51.150+0000] {logging_mixin.py:190} INFO - [2025-02-06T00:56:51.150+0000] {dag.py:4180} INFO - Setting next_dagrun for example_nested_branch_dag to 2025-02-05 00:00:00+00:00, run_after=2025-02-06 00:00:00+00:00
[2025-02-06T00:56:51.172+0000] {processor.py:208} INFO - Processing /home/airflow/.local/lib/python3.12/site-packages/airflow/example_dags/example_nested_branch_dag.py took 0.077 seconds
[2025-02-06T00:57:22.704+0000] {processor.py:186} INFO - Started process (PID=1632) to work on /home/airflow/.local/lib/python3.12/site-packages/airflow/example_dags/example_nested_branch_dag.py
[2025-02-06T00:57:22.705+0000] {processor.py:914} INFO - Processing file /home/airflow/.local/lib/python3.12/site-packages/airflow/example_dags/example_nested_branch_dag.py for tasks to queue
[2025-02-06T00:57:22.707+0000] {logging_mixin.py:190} INFO - [2025-02-06T00:57:22.707+0000] {dagbag.py:588} INFO - Filling up the DagBag from /home/airflow/.local/lib/python3.12/site-packages/airflow/example_dags/example_nested_branch_dag.py
[2025-02-06T00:57:22.722+0000] {processor.py:925} INFO - DAG(s) 'example_nested_branch_dag' retrieved from /home/airflow/.local/lib/python3.12/site-packages/airflow/example_dags/example_nested_branch_dag.py
[2025-02-06T00:57:22.745+0000] {logging_mixin.py:190} INFO - [2025-02-06T00:57:22.744+0000] {dag.py:3239} INFO - Sync 1 DAGs
[2025-02-06T00:57:22.792+0000] {logging_mixin.py:190} INFO - [2025-02-06T00:57:22.783+0000] {dag.py:4180} INFO - Setting next_dagrun for example_nested_branch_dag to 2025-02-05 00:00:00+00:00, run_after=2025-02-06 00:00:00+00:00
[2025-02-06T00:57:22.827+0000] {processor.py:208} INFO - Processing /home/airflow/.local/lib/python3.12/site-packages/airflow/example_dags/example_nested_branch_dag.py took 0.129 seconds
[2025-02-06T00:57:55.744+0000] {processor.py:186} INFO - Started process (PID=1695) to work on /home/airflow/.local/lib/python3.12/site-packages/airflow/example_dags/example_nested_branch_dag.py
[2025-02-06T00:57:55.745+0000] {processor.py:914} INFO - Processing file /home/airflow/.local/lib/python3.12/site-packages/airflow/example_dags/example_nested_branch_dag.py for tasks to queue
[2025-02-06T00:57:55.748+0000] {logging_mixin.py:190} INFO - [2025-02-06T00:57:55.747+0000] {dagbag.py:588} INFO - Filling up the DagBag from /home/airflow/.local/lib/python3.12/site-packages/airflow/example_dags/example_nested_branch_dag.py
[2025-02-06T00:57:55.759+0000] {processor.py:925} INFO - DAG(s) 'example_nested_branch_dag' retrieved from /home/airflow/.local/lib/python3.12/site-packages/airflow/example_dags/example_nested_branch_dag.py
[2025-02-06T00:57:55.792+0000] {logging_mixin.py:190} INFO - [2025-02-06T00:57:55.792+0000] {dag.py:3239} INFO - Sync 1 DAGs
[2025-02-06T00:57:55.817+0000] {logging_mixin.py:190} INFO - [2025-02-06T00:57:55.816+0000] {dag.py:4180} INFO - Setting next_dagrun for example_nested_branch_dag to 2025-02-05 00:00:00+00:00, run_after=2025-02-06 00:00:00+00:00
[2025-02-06T00:57:55.837+0000] {processor.py:208} INFO - Processing /home/airflow/.local/lib/python3.12/site-packages/airflow/example_dags/example_nested_branch_dag.py took 0.101 seconds
[2025-02-06T00:58:28.699+0000] {processor.py:186} INFO - Started process (PID=1758) to work on /home/airflow/.local/lib/python3.12/site-packages/airflow/example_dags/example_nested_branch_dag.py
[2025-02-06T00:58:28.701+0000] {processor.py:914} INFO - Processing file /home/airflow/.local/lib/python3.12/site-packages/airflow/example_dags/example_nested_branch_dag.py for tasks to queue
[2025-02-06T00:58:28.703+0000] {logging_mixin.py:190} INFO - [2025-02-06T00:58:28.703+0000] {dagbag.py:588} INFO - Filling up the DagBag from /home/airflow/.local/lib/python3.12/site-packages/airflow/example_dags/example_nested_branch_dag.py
[2025-02-06T00:58:28.712+0000] {processor.py:925} INFO - DAG(s) 'example_nested_branch_dag' retrieved from /home/airflow/.local/lib/python3.12/site-packages/airflow/example_dags/example_nested_branch_dag.py
[2025-02-06T00:58:28.730+0000] {logging_mixin.py:190} INFO - [2025-02-06T00:58:28.730+0000] {dag.py:3239} INFO - Sync 1 DAGs
[2025-02-06T00:58:28.750+0000] {logging_mixin.py:190} INFO - [2025-02-06T00:58:28.750+0000] {dag.py:4180} INFO - Setting next_dagrun for example_nested_branch_dag to 2025-02-05 00:00:00+00:00, run_after=2025-02-06 00:00:00+00:00
[2025-02-06T00:58:28.769+0000] {processor.py:208} INFO - Processing /home/airflow/.local/lib/python3.12/site-packages/airflow/example_dags/example_nested_branch_dag.py took 0.074 seconds
[2025-02-06T00:59:01.621+0000] {processor.py:186} INFO - Started process (PID=1821) to work on /home/airflow/.local/lib/python3.12/site-packages/airflow/example_dags/example_nested_branch_dag.py
[2025-02-06T00:59:01.623+0000] {processor.py:914} INFO - Processing file /home/airflow/.local/lib/python3.12/site-packages/airflow/example_dags/example_nested_branch_dag.py for tasks to queue
[2025-02-06T00:59:01.625+0000] {logging_mixin.py:190} INFO - [2025-02-06T00:59:01.625+0000] {dagbag.py:588} INFO - Filling up the DagBag from /home/airflow/.local/lib/python3.12/site-packages/airflow/example_dags/example_nested_branch_dag.py
[2025-02-06T00:59:01.637+0000] {processor.py:925} INFO - DAG(s) 'example_nested_branch_dag' retrieved from /home/airflow/.local/lib/python3.12/site-packages/airflow/example_dags/example_nested_branch_dag.py
[2025-02-06T00:59:01.661+0000] {logging_mixin.py:190} INFO - [2025-02-06T00:59:01.661+0000] {dag.py:3239} INFO - Sync 1 DAGs
[2025-02-06T00:59:01.683+0000] {logging_mixin.py:190} INFO - [2025-02-06T00:59:01.683+0000] {dag.py:4180} INFO - Setting next_dagrun for example_nested_branch_dag to 2025-02-05 00:00:00+00:00, run_after=2025-02-06 00:00:00+00:00
[2025-02-06T00:59:01.700+0000] {processor.py:208} INFO - Processing /home/airflow/.local/lib/python3.12/site-packages/airflow/example_dags/example_nested_branch_dag.py took 0.085 seconds
[2025-02-06T00:59:36.191+0000] {processor.py:186} INFO - Started process (PID=1890) to work on /home/airflow/.local/lib/python3.12/site-packages/airflow/example_dags/example_nested_branch_dag.py
[2025-02-06T00:59:36.192+0000] {processor.py:914} INFO - Processing file /home/airflow/.local/lib/python3.12/site-packages/airflow/example_dags/example_nested_branch_dag.py for tasks to queue
[2025-02-06T00:59:36.194+0000] {logging_mixin.py:190} INFO - [2025-02-06T00:59:36.194+0000] {dagbag.py:588} INFO - Filling up the DagBag from /home/airflow/.local/lib/python3.12/site-packages/airflow/example_dags/example_nested_branch_dag.py
[2025-02-06T00:59:36.205+0000] {processor.py:925} INFO - DAG(s) 'example_nested_branch_dag' retrieved from /home/airflow/.local/lib/python3.12/site-packages/airflow/example_dags/example_nested_branch_dag.py
[2025-02-06T00:59:36.226+0000] {logging_mixin.py:190} INFO - [2025-02-06T00:59:36.226+0000] {dag.py:3239} INFO - Sync 1 DAGs
[2025-02-06T00:59:36.265+0000] {logging_mixin.py:190} INFO - [2025-02-06T00:59:36.265+0000] {dag.py:4180} INFO - Setting next_dagrun for example_nested_branch_dag to 2025-02-05 00:00:00+00:00, run_after=2025-02-06 00:00:00+00:00
[2025-02-06T00:59:36.288+0000] {processor.py:208} INFO - Processing /home/airflow/.local/lib/python3.12/site-packages/airflow/example_dags/example_nested_branch_dag.py took 0.103 seconds
[2025-02-06T01:00:06.938+0000] {processor.py:186} INFO - Started process (PID=1953) to work on /home/airflow/.local/lib/python3.12/site-packages/airflow/example_dags/example_nested_branch_dag.py
[2025-02-06T01:00:06.939+0000] {processor.py:914} INFO - Processing file /home/airflow/.local/lib/python3.12/site-packages/airflow/example_dags/example_nested_branch_dag.py for tasks to queue
[2025-02-06T01:00:06.941+0000] {logging_mixin.py:190} INFO - [2025-02-06T01:00:06.941+0000] {dagbag.py:588} INFO - Filling up the DagBag from /home/airflow/.local/lib/python3.12/site-packages/airflow/example_dags/example_nested_branch_dag.py
[2025-02-06T01:00:06.951+0000] {processor.py:925} INFO - DAG(s) 'example_nested_branch_dag' retrieved from /home/airflow/.local/lib/python3.12/site-packages/airflow/example_dags/example_nested_branch_dag.py
[2025-02-06T01:00:06.971+0000] {logging_mixin.py:190} INFO - [2025-02-06T01:00:06.971+0000] {dag.py:3239} INFO - Sync 1 DAGs
[2025-02-06T01:00:06.994+0000] {logging_mixin.py:190} INFO - [2025-02-06T01:00:06.994+0000] {dag.py:4180} INFO - Setting next_dagrun for example_nested_branch_dag to 2025-02-05 00:00:00+00:00, run_after=2025-02-06 00:00:00+00:00
[2025-02-06T01:00:07.016+0000] {processor.py:208} INFO - Processing /home/airflow/.local/lib/python3.12/site-packages/airflow/example_dags/example_nested_branch_dag.py took 0.082 seconds
[2025-02-06T01:00:41.293+0000] {processor.py:186} INFO - Started process (PID=2017) to work on /home/airflow/.local/lib/python3.12/site-packages/airflow/example_dags/example_nested_branch_dag.py
[2025-02-06T01:00:41.294+0000] {processor.py:914} INFO - Processing file /home/airflow/.local/lib/python3.12/site-packages/airflow/example_dags/example_nested_branch_dag.py for tasks to queue
[2025-02-06T01:00:41.296+0000] {logging_mixin.py:190} INFO - [2025-02-06T01:00:41.296+0000] {dagbag.py:588} INFO - Filling up the DagBag from /home/airflow/.local/lib/python3.12/site-packages/airflow/example_dags/example_nested_branch_dag.py
[2025-02-06T01:00:41.308+0000] {processor.py:925} INFO - DAG(s) 'example_nested_branch_dag' retrieved from /home/airflow/.local/lib/python3.12/site-packages/airflow/example_dags/example_nested_branch_dag.py
[2025-02-06T01:00:41.331+0000] {logging_mixin.py:190} INFO - [2025-02-06T01:00:41.331+0000] {dag.py:3239} INFO - Sync 1 DAGs
[2025-02-06T01:00:41.354+0000] {logging_mixin.py:190} INFO - [2025-02-06T01:00:41.354+0000] {dag.py:4180} INFO - Setting next_dagrun for example_nested_branch_dag to 2025-02-05 00:00:00+00:00, run_after=2025-02-06 00:00:00+00:00
[2025-02-06T01:00:41.373+0000] {processor.py:208} INFO - Processing /home/airflow/.local/lib/python3.12/site-packages/airflow/example_dags/example_nested_branch_dag.py took 0.087 seconds
[2025-02-06T01:01:12.894+0000] {processor.py:186} INFO - Started process (PID=2080) to work on /home/airflow/.local/lib/python3.12/site-packages/airflow/example_dags/example_nested_branch_dag.py
[2025-02-06T01:01:12.898+0000] {processor.py:914} INFO - Processing file /home/airflow/.local/lib/python3.12/site-packages/airflow/example_dags/example_nested_branch_dag.py for tasks to queue
[2025-02-06T01:01:12.902+0000] {logging_mixin.py:190} INFO - [2025-02-06T01:01:12.901+0000] {dagbag.py:588} INFO - Filling up the DagBag from /home/airflow/.local/lib/python3.12/site-packages/airflow/example_dags/example_nested_branch_dag.py
[2025-02-06T01:01:12.918+0000] {processor.py:925} INFO - DAG(s) 'example_nested_branch_dag' retrieved from /home/airflow/.local/lib/python3.12/site-packages/airflow/example_dags/example_nested_branch_dag.py
[2025-02-06T01:01:12.949+0000] {logging_mixin.py:190} INFO - [2025-02-06T01:01:12.949+0000] {dag.py:3239} INFO - Sync 1 DAGs
[2025-02-06T01:01:13.009+0000] {logging_mixin.py:190} INFO - [2025-02-06T01:01:13.008+0000] {dag.py:4180} INFO - Setting next_dagrun for example_nested_branch_dag to 2025-02-05 00:00:00+00:00, run_after=2025-02-06 00:00:00+00:00
[2025-02-06T01:01:13.036+0000] {processor.py:208} INFO - Processing /home/airflow/.local/lib/python3.12/site-packages/airflow/example_dags/example_nested_branch_dag.py took 0.147 seconds
[2025-02-06T01:01:48.033+0000] {processor.py:186} INFO - Started process (PID=2143) to work on /home/airflow/.local/lib/python3.12/site-packages/airflow/example_dags/example_nested_branch_dag.py
[2025-02-06T01:01:48.034+0000] {processor.py:914} INFO - Processing file /home/airflow/.local/lib/python3.12/site-packages/airflow/example_dags/example_nested_branch_dag.py for tasks to queue
[2025-02-06T01:01:48.037+0000] {logging_mixin.py:190} INFO - [2025-02-06T01:01:48.036+0000] {dagbag.py:588} INFO - Filling up the DagBag from /home/airflow/.local/lib/python3.12/site-packages/airflow/example_dags/example_nested_branch_dag.py
[2025-02-06T01:01:48.049+0000] {processor.py:925} INFO - DAG(s) 'example_nested_branch_dag' retrieved from /home/airflow/.local/lib/python3.12/site-packages/airflow/example_dags/example_nested_branch_dag.py
[2025-02-06T01:01:48.072+0000] {logging_mixin.py:190} INFO - [2025-02-06T01:01:48.072+0000] {dag.py:3239} INFO - Sync 1 DAGs
[2025-02-06T01:01:48.099+0000] {logging_mixin.py:190} INFO - [2025-02-06T01:01:48.099+0000] {dag.py:4180} INFO - Setting next_dagrun for example_nested_branch_dag to 2025-02-05 00:00:00+00:00, run_after=2025-02-06 00:00:00+00:00
[2025-02-06T01:01:48.125+0000] {processor.py:208} INFO - Processing /home/airflow/.local/lib/python3.12/site-packages/airflow/example_dags/example_nested_branch_dag.py took 0.098 seconds
[2025-02-06T01:02:19.284+0000] {processor.py:186} INFO - Started process (PID=2206) to work on /home/airflow/.local/lib/python3.12/site-packages/airflow/example_dags/example_nested_branch_dag.py
[2025-02-06T01:02:19.285+0000] {processor.py:914} INFO - Processing file /home/airflow/.local/lib/python3.12/site-packages/airflow/example_dags/example_nested_branch_dag.py for tasks to queue
[2025-02-06T01:02:19.287+0000] {logging_mixin.py:190} INFO - [2025-02-06T01:02:19.287+0000] {dagbag.py:588} INFO - Filling up the DagBag from /home/airflow/.local/lib/python3.12/site-packages/airflow/example_dags/example_nested_branch_dag.py
[2025-02-06T01:02:19.298+0000] {processor.py:925} INFO - DAG(s) 'example_nested_branch_dag' retrieved from /home/airflow/.local/lib/python3.12/site-packages/airflow/example_dags/example_nested_branch_dag.py
[2025-02-06T01:02:19.320+0000] {logging_mixin.py:190} INFO - [2025-02-06T01:02:19.319+0000] {dag.py:3239} INFO - Sync 1 DAGs
[2025-02-06T01:02:19.346+0000] {logging_mixin.py:190} INFO - [2025-02-06T01:02:19.346+0000] {dag.py:4180} INFO - Setting next_dagrun for example_nested_branch_dag to 2025-02-05 00:00:00+00:00, run_after=2025-02-06 00:00:00+00:00
[2025-02-06T01:02:19.371+0000] {processor.py:208} INFO - Processing /home/airflow/.local/lib/python3.12/site-packages/airflow/example_dags/example_nested_branch_dag.py took 0.091 seconds
[2025-02-06T01:02:52.138+0000] {processor.py:186} INFO - Started process (PID=2269) to work on /home/airflow/.local/lib/python3.12/site-packages/airflow/example_dags/example_nested_branch_dag.py
[2025-02-06T01:02:52.139+0000] {processor.py:914} INFO - Processing file /home/airflow/.local/lib/python3.12/site-packages/airflow/example_dags/example_nested_branch_dag.py for tasks to queue
[2025-02-06T01:02:52.141+0000] {logging_mixin.py:190} INFO - [2025-02-06T01:02:52.141+0000] {dagbag.py:588} INFO - Filling up the DagBag from /home/airflow/.local/lib/python3.12/site-packages/airflow/example_dags/example_nested_branch_dag.py
[2025-02-06T01:02:52.151+0000] {processor.py:925} INFO - DAG(s) 'example_nested_branch_dag' retrieved from /home/airflow/.local/lib/python3.12/site-packages/airflow/example_dags/example_nested_branch_dag.py
[2025-02-06T01:02:52.171+0000] {logging_mixin.py:190} INFO - [2025-02-06T01:02:52.171+0000] {dag.py:3239} INFO - Sync 1 DAGs
[2025-02-06T01:02:52.193+0000] {logging_mixin.py:190} INFO - [2025-02-06T01:02:52.192+0000] {dag.py:4180} INFO - Setting next_dagrun for example_nested_branch_dag to 2025-02-05 00:00:00+00:00, run_after=2025-02-06 00:00:00+00:00
[2025-02-06T01:02:52.211+0000] {processor.py:208} INFO - Processing /home/airflow/.local/lib/python3.12/site-packages/airflow/example_dags/example_nested_branch_dag.py took 0.078 seconds
[2025-02-06T01:03:24.926+0000] {processor.py:186} INFO - Started process (PID=2332) to work on /home/airflow/.local/lib/python3.12/site-packages/airflow/example_dags/example_nested_branch_dag.py
[2025-02-06T01:03:24.928+0000] {processor.py:914} INFO - Processing file /home/airflow/.local/lib/python3.12/site-packages/airflow/example_dags/example_nested_branch_dag.py for tasks to queue
[2025-02-06T01:03:24.931+0000] {logging_mixin.py:190} INFO - [2025-02-06T01:03:24.931+0000] {dagbag.py:588} INFO - Filling up the DagBag from /home/airflow/.local/lib/python3.12/site-packages/airflow/example_dags/example_nested_branch_dag.py
[2025-02-06T01:03:24.946+0000] {processor.py:925} INFO - DAG(s) 'example_nested_branch_dag' retrieved from /home/airflow/.local/lib/python3.12/site-packages/airflow/example_dags/example_nested_branch_dag.py
[2025-02-06T01:03:24.970+0000] {logging_mixin.py:190} INFO - [2025-02-06T01:03:24.970+0000] {dag.py:3239} INFO - Sync 1 DAGs
[2025-02-06T01:03:25.001+0000] {logging_mixin.py:190} INFO - [2025-02-06T01:03:25.000+0000] {dag.py:4180} INFO - Setting next_dagrun for example_nested_branch_dag to 2025-02-05 00:00:00+00:00, run_after=2025-02-06 00:00:00+00:00
[2025-02-06T01:03:25.050+0000] {processor.py:208} INFO - Processing /home/airflow/.local/lib/python3.12/site-packages/airflow/example_dags/example_nested_branch_dag.py took 0.131 seconds
[2025-02-06T01:03:56.247+0000] {processor.py:186} INFO - Started process (PID=2395) to work on /home/airflow/.local/lib/python3.12/site-packages/airflow/example_dags/example_nested_branch_dag.py
[2025-02-06T01:03:56.249+0000] {processor.py:914} INFO - Processing file /home/airflow/.local/lib/python3.12/site-packages/airflow/example_dags/example_nested_branch_dag.py for tasks to queue
[2025-02-06T01:03:56.252+0000] {logging_mixin.py:190} INFO - [2025-02-06T01:03:56.252+0000] {dagbag.py:588} INFO - Filling up the DagBag from /home/airflow/.local/lib/python3.12/site-packages/airflow/example_dags/example_nested_branch_dag.py
[2025-02-06T01:03:56.264+0000] {processor.py:925} INFO - DAG(s) 'example_nested_branch_dag' retrieved from /home/airflow/.local/lib/python3.12/site-packages/airflow/example_dags/example_nested_branch_dag.py
[2025-02-06T01:03:56.291+0000] {logging_mixin.py:190} INFO - [2025-02-06T01:03:56.291+0000] {dag.py:3239} INFO - Sync 1 DAGs
[2025-02-06T01:03:56.327+0000] {logging_mixin.py:190} INFO - [2025-02-06T01:03:56.327+0000] {dag.py:4180} INFO - Setting next_dagrun for example_nested_branch_dag to 2025-02-05 00:00:00+00:00, run_after=2025-02-06 00:00:00+00:00
[2025-02-06T01:03:56.387+0000] {processor.py:208} INFO - Processing /home/airflow/.local/lib/python3.12/site-packages/airflow/example_dags/example_nested_branch_dag.py took 0.145 seconds
[2025-02-06T01:04:29.395+0000] {processor.py:186} INFO - Started process (PID=2458) to work on /home/airflow/.local/lib/python3.12/site-packages/airflow/example_dags/example_nested_branch_dag.py
[2025-02-06T01:04:29.396+0000] {processor.py:914} INFO - Processing file /home/airflow/.local/lib/python3.12/site-packages/airflow/example_dags/example_nested_branch_dag.py for tasks to queue
[2025-02-06T01:04:29.398+0000] {logging_mixin.py:190} INFO - [2025-02-06T01:04:29.398+0000] {dagbag.py:588} INFO - Filling up the DagBag from /home/airflow/.local/lib/python3.12/site-packages/airflow/example_dags/example_nested_branch_dag.py
[2025-02-06T01:04:29.408+0000] {processor.py:925} INFO - DAG(s) 'example_nested_branch_dag' retrieved from /home/airflow/.local/lib/python3.12/site-packages/airflow/example_dags/example_nested_branch_dag.py
[2025-02-06T01:04:29.426+0000] {logging_mixin.py:190} INFO - [2025-02-06T01:04:29.426+0000] {dag.py:3239} INFO - Sync 1 DAGs
[2025-02-06T01:04:29.448+0000] {logging_mixin.py:190} INFO - [2025-02-06T01:04:29.448+0000] {dag.py:4180} INFO - Setting next_dagrun for example_nested_branch_dag to 2025-02-05 00:00:00+00:00, run_after=2025-02-06 00:00:00+00:00
[2025-02-06T01:04:29.467+0000] {processor.py:208} INFO - Processing /home/airflow/.local/lib/python3.12/site-packages/airflow/example_dags/example_nested_branch_dag.py took 0.076 seconds
[2025-02-06T01:05:01.788+0000] {processor.py:186} INFO - Started process (PID=2521) to work on /home/airflow/.local/lib/python3.12/site-packages/airflow/example_dags/example_nested_branch_dag.py
[2025-02-06T01:05:01.789+0000] {processor.py:914} INFO - Processing file /home/airflow/.local/lib/python3.12/site-packages/airflow/example_dags/example_nested_branch_dag.py for tasks to queue
[2025-02-06T01:05:01.791+0000] {logging_mixin.py:190} INFO - [2025-02-06T01:05:01.791+0000] {dagbag.py:588} INFO - Filling up the DagBag from /home/airflow/.local/lib/python3.12/site-packages/airflow/example_dags/example_nested_branch_dag.py
[2025-02-06T01:05:01.801+0000] {processor.py:925} INFO - DAG(s) 'example_nested_branch_dag' retrieved from /home/airflow/.local/lib/python3.12/site-packages/airflow/example_dags/example_nested_branch_dag.py
[2025-02-06T01:05:01.823+0000] {logging_mixin.py:190} INFO - [2025-02-06T01:05:01.823+0000] {dag.py:3239} INFO - Sync 1 DAGs
[2025-02-06T01:05:01.844+0000] {logging_mixin.py:190} INFO - [2025-02-06T01:05:01.844+0000] {dag.py:4180} INFO - Setting next_dagrun for example_nested_branch_dag to 2025-02-05 00:00:00+00:00, run_after=2025-02-06 00:00:00+00:00
[2025-02-06T01:05:01.863+0000] {processor.py:208} INFO - Processing /home/airflow/.local/lib/python3.12/site-packages/airflow/example_dags/example_nested_branch_dag.py took 0.080 seconds
[2025-02-06T01:05:35.809+0000] {processor.py:186} INFO - Started process (PID=2584) to work on /home/airflow/.local/lib/python3.12/site-packages/airflow/example_dags/example_nested_branch_dag.py
[2025-02-06T01:05:35.811+0000] {processor.py:914} INFO - Processing file /home/airflow/.local/lib/python3.12/site-packages/airflow/example_dags/example_nested_branch_dag.py for tasks to queue
[2025-02-06T01:05:35.814+0000] {logging_mixin.py:190} INFO - [2025-02-06T01:05:35.814+0000] {dagbag.py:588} INFO - Filling up the DagBag from /home/airflow/.local/lib/python3.12/site-packages/airflow/example_dags/example_nested_branch_dag.py
[2025-02-06T01:05:35.826+0000] {processor.py:925} INFO - DAG(s) 'example_nested_branch_dag' retrieved from /home/airflow/.local/lib/python3.12/site-packages/airflow/example_dags/example_nested_branch_dag.py
[2025-02-06T01:05:35.854+0000] {logging_mixin.py:190} INFO - [2025-02-06T01:05:35.853+0000] {dag.py:3239} INFO - Sync 1 DAGs
[2025-02-06T01:05:35.884+0000] {logging_mixin.py:190} INFO - [2025-02-06T01:05:35.883+0000] {dag.py:4180} INFO - Setting next_dagrun for example_nested_branch_dag to 2025-02-05 00:00:00+00:00, run_after=2025-02-06 00:00:00+00:00
[2025-02-06T01:05:35.906+0000] {processor.py:208} INFO - Processing /home/airflow/.local/lib/python3.12/site-packages/airflow/example_dags/example_nested_branch_dag.py took 0.103 seconds
[2025-02-06T01:06:06.701+0000] {processor.py:186} INFO - Started process (PID=2647) to work on /home/airflow/.local/lib/python3.12/site-packages/airflow/example_dags/example_nested_branch_dag.py
[2025-02-06T01:06:06.702+0000] {processor.py:914} INFO - Processing file /home/airflow/.local/lib/python3.12/site-packages/airflow/example_dags/example_nested_branch_dag.py for tasks to queue
[2025-02-06T01:06:06.704+0000] {logging_mixin.py:190} INFO - [2025-02-06T01:06:06.704+0000] {dagbag.py:588} INFO - Filling up the DagBag from /home/airflow/.local/lib/python3.12/site-packages/airflow/example_dags/example_nested_branch_dag.py
[2025-02-06T01:06:06.714+0000] {processor.py:925} INFO - DAG(s) 'example_nested_branch_dag' retrieved from /home/airflow/.local/lib/python3.12/site-packages/airflow/example_dags/example_nested_branch_dag.py
[2025-02-06T01:06:06.733+0000] {logging_mixin.py:190} INFO - [2025-02-06T01:06:06.733+0000] {dag.py:3239} INFO - Sync 1 DAGs
[2025-02-06T01:06:06.755+0000] {logging_mixin.py:190} INFO - [2025-02-06T01:06:06.755+0000] {dag.py:4180} INFO - Setting next_dagrun for example_nested_branch_dag to 2025-02-05 00:00:00+00:00, run_after=2025-02-06 00:00:00+00:00
[2025-02-06T01:06:06.773+0000] {processor.py:208} INFO - Processing /home/airflow/.local/lib/python3.12/site-packages/airflow/example_dags/example_nested_branch_dag.py took 0.077 seconds
[2025-02-06T01:06:39.805+0000] {processor.py:186} INFO - Started process (PID=2710) to work on /home/airflow/.local/lib/python3.12/site-packages/airflow/example_dags/example_nested_branch_dag.py
[2025-02-06T01:06:39.807+0000] {processor.py:914} INFO - Processing file /home/airflow/.local/lib/python3.12/site-packages/airflow/example_dags/example_nested_branch_dag.py for tasks to queue
[2025-02-06T01:06:39.809+0000] {logging_mixin.py:190} INFO - [2025-02-06T01:06:39.809+0000] {dagbag.py:588} INFO - Filling up the DagBag from /home/airflow/.local/lib/python3.12/site-packages/airflow/example_dags/example_nested_branch_dag.py
[2025-02-06T01:06:39.821+0000] {processor.py:925} INFO - DAG(s) 'example_nested_branch_dag' retrieved from /home/airflow/.local/lib/python3.12/site-packages/airflow/example_dags/example_nested_branch_dag.py
[2025-02-06T01:06:39.841+0000] {logging_mixin.py:190} INFO - [2025-02-06T01:06:39.841+0000] {dag.py:3239} INFO - Sync 1 DAGs
[2025-02-06T01:06:39.862+0000] {logging_mixin.py:190} INFO - [2025-02-06T01:06:39.862+0000] {dag.py:4180} INFO - Setting next_dagrun for example_nested_branch_dag to 2025-02-05 00:00:00+00:00, run_after=2025-02-06 00:00:00+00:00
[2025-02-06T01:06:39.880+0000] {processor.py:208} INFO - Processing /home/airflow/.local/lib/python3.12/site-packages/airflow/example_dags/example_nested_branch_dag.py took 0.080 seconds
[2025-02-06T01:07:14.063+0000] {processor.py:186} INFO - Started process (PID=2773) to work on /home/airflow/.local/lib/python3.12/site-packages/airflow/example_dags/example_nested_branch_dag.py
[2025-02-06T01:07:14.064+0000] {processor.py:914} INFO - Processing file /home/airflow/.local/lib/python3.12/site-packages/airflow/example_dags/example_nested_branch_dag.py for tasks to queue
[2025-02-06T01:07:14.066+0000] {logging_mixin.py:190} INFO - [2025-02-06T01:07:14.066+0000] {dagbag.py:588} INFO - Filling up the DagBag from /home/airflow/.local/lib/python3.12/site-packages/airflow/example_dags/example_nested_branch_dag.py
[2025-02-06T01:07:14.075+0000] {processor.py:925} INFO - DAG(s) 'example_nested_branch_dag' retrieved from /home/airflow/.local/lib/python3.12/site-packages/airflow/example_dags/example_nested_branch_dag.py
[2025-02-06T01:07:14.095+0000] {logging_mixin.py:190} INFO - [2025-02-06T01:07:14.094+0000] {dag.py:3239} INFO - Sync 1 DAGs
[2025-02-06T01:07:14.114+0000] {logging_mixin.py:190} INFO - [2025-02-06T01:07:14.114+0000] {dag.py:4180} INFO - Setting next_dagrun for example_nested_branch_dag to 2025-02-05 00:00:00+00:00, run_after=2025-02-06 00:00:00+00:00
[2025-02-06T01:07:14.131+0000] {processor.py:208} INFO - Processing /home/airflow/.local/lib/python3.12/site-packages/airflow/example_dags/example_nested_branch_dag.py took 0.073 seconds
[2025-02-06T01:07:46.361+0000] {processor.py:186} INFO - Started process (PID=2836) to work on /home/airflow/.local/lib/python3.12/site-packages/airflow/example_dags/example_nested_branch_dag.py
[2025-02-06T01:07:46.363+0000] {processor.py:914} INFO - Processing file /home/airflow/.local/lib/python3.12/site-packages/airflow/example_dags/example_nested_branch_dag.py for tasks to queue
[2025-02-06T01:07:46.365+0000] {logging_mixin.py:190} INFO - [2025-02-06T01:07:46.365+0000] {dagbag.py:588} INFO - Filling up the DagBag from /home/airflow/.local/lib/python3.12/site-packages/airflow/example_dags/example_nested_branch_dag.py
[2025-02-06T01:07:46.378+0000] {processor.py:925} INFO - DAG(s) 'example_nested_branch_dag' retrieved from /home/airflow/.local/lib/python3.12/site-packages/airflow/example_dags/example_nested_branch_dag.py
[2025-02-06T01:07:46.400+0000] {logging_mixin.py:190} INFO - [2025-02-06T01:07:46.400+0000] {dag.py:3239} INFO - Sync 1 DAGs
[2025-02-06T01:07:46.426+0000] {logging_mixin.py:190} INFO - [2025-02-06T01:07:46.426+0000] {dag.py:4180} INFO - Setting next_dagrun for example_nested_branch_dag to 2025-02-05 00:00:00+00:00, run_after=2025-02-06 00:00:00+00:00
[2025-02-06T01:07:46.451+0000] {processor.py:208} INFO - Processing /home/airflow/.local/lib/python3.12/site-packages/airflow/example_dags/example_nested_branch_dag.py took 0.095 seconds
[2025-02-06T01:08:19.573+0000] {processor.py:186} INFO - Started process (PID=2899) to work on /home/airflow/.local/lib/python3.12/site-packages/airflow/example_dags/example_nested_branch_dag.py
[2025-02-06T01:08:19.575+0000] {processor.py:914} INFO - Processing file /home/airflow/.local/lib/python3.12/site-packages/airflow/example_dags/example_nested_branch_dag.py for tasks to queue
[2025-02-06T01:08:19.578+0000] {logging_mixin.py:190} INFO - [2025-02-06T01:08:19.577+0000] {dagbag.py:588} INFO - Filling up the DagBag from /home/airflow/.local/lib/python3.12/site-packages/airflow/example_dags/example_nested_branch_dag.py
[2025-02-06T01:08:19.590+0000] {processor.py:925} INFO - DAG(s) 'example_nested_branch_dag' retrieved from /home/airflow/.local/lib/python3.12/site-packages/airflow/example_dags/example_nested_branch_dag.py
[2025-02-06T01:08:19.613+0000] {logging_mixin.py:190} INFO - [2025-02-06T01:08:19.613+0000] {dag.py:3239} INFO - Sync 1 DAGs
[2025-02-06T01:08:19.637+0000] {logging_mixin.py:190} INFO - [2025-02-06T01:08:19.637+0000] {dag.py:4180} INFO - Setting next_dagrun for example_nested_branch_dag to 2025-02-05 00:00:00+00:00, run_after=2025-02-06 00:00:00+00:00
[2025-02-06T01:08:19.658+0000] {processor.py:208} INFO - Processing /home/airflow/.local/lib/python3.12/site-packages/airflow/example_dags/example_nested_branch_dag.py took 0.091 seconds
[2025-02-06T01:08:51.900+0000] {processor.py:186} INFO - Started process (PID=2962) to work on /home/airflow/.local/lib/python3.12/site-packages/airflow/example_dags/example_nested_branch_dag.py
[2025-02-06T01:08:51.901+0000] {processor.py:914} INFO - Processing file /home/airflow/.local/lib/python3.12/site-packages/airflow/example_dags/example_nested_branch_dag.py for tasks to queue
[2025-02-06T01:08:51.903+0000] {logging_mixin.py:190} INFO - [2025-02-06T01:08:51.903+0000] {dagbag.py:588} INFO - Filling up the DagBag from /home/airflow/.local/lib/python3.12/site-packages/airflow/example_dags/example_nested_branch_dag.py
[2025-02-06T01:08:51.912+0000] {processor.py:925} INFO - DAG(s) 'example_nested_branch_dag' retrieved from /home/airflow/.local/lib/python3.12/site-packages/airflow/example_dags/example_nested_branch_dag.py
[2025-02-06T01:08:51.930+0000] {logging_mixin.py:190} INFO - [2025-02-06T01:08:51.930+0000] {dag.py:3239} INFO - Sync 1 DAGs
[2025-02-06T01:08:51.948+0000] {logging_mixin.py:190} INFO - [2025-02-06T01:08:51.948+0000] {dag.py:4180} INFO - Setting next_dagrun for example_nested_branch_dag to 2025-02-05 00:00:00+00:00, run_after=2025-02-06 00:00:00+00:00
[2025-02-06T01:08:51.971+0000] {processor.py:208} INFO - Processing /home/airflow/.local/lib/python3.12/site-packages/airflow/example_dags/example_nested_branch_dag.py took 0.076 seconds
[2025-02-06T01:09:24.802+0000] {processor.py:186} INFO - Started process (PID=3025) to work on /home/airflow/.local/lib/python3.12/site-packages/airflow/example_dags/example_nested_branch_dag.py
[2025-02-06T01:09:24.803+0000] {processor.py:914} INFO - Processing file /home/airflow/.local/lib/python3.12/site-packages/airflow/example_dags/example_nested_branch_dag.py for tasks to queue
[2025-02-06T01:09:24.805+0000] {logging_mixin.py:190} INFO - [2025-02-06T01:09:24.805+0000] {dagbag.py:588} INFO - Filling up the DagBag from /home/airflow/.local/lib/python3.12/site-packages/airflow/example_dags/example_nested_branch_dag.py
[2025-02-06T01:09:24.814+0000] {processor.py:925} INFO - DAG(s) 'example_nested_branch_dag' retrieved from /home/airflow/.local/lib/python3.12/site-packages/airflow/example_dags/example_nested_branch_dag.py
[2025-02-06T01:09:24.834+0000] {logging_mixin.py:190} INFO - [2025-02-06T01:09:24.834+0000] {dag.py:3239} INFO - Sync 1 DAGs
[2025-02-06T01:09:24.854+0000] {logging_mixin.py:190} INFO - [2025-02-06T01:09:24.854+0000] {dag.py:4180} INFO - Setting next_dagrun for example_nested_branch_dag to 2025-02-05 00:00:00+00:00, run_after=2025-02-06 00:00:00+00:00
[2025-02-06T01:09:24.875+0000] {processor.py:208} INFO - Processing /home/airflow/.local/lib/python3.12/site-packages/airflow/example_dags/example_nested_branch_dag.py took 0.077 seconds
[2025-02-06T01:09:57.584+0000] {processor.py:186} INFO - Started process (PID=3088) to work on /home/airflow/.local/lib/python3.12/site-packages/airflow/example_dags/example_nested_branch_dag.py
[2025-02-06T01:09:57.585+0000] {processor.py:914} INFO - Processing file /home/airflow/.local/lib/python3.12/site-packages/airflow/example_dags/example_nested_branch_dag.py for tasks to queue
[2025-02-06T01:09:57.588+0000] {logging_mixin.py:190} INFO - [2025-02-06T01:09:57.588+0000] {dagbag.py:588} INFO - Filling up the DagBag from /home/airflow/.local/lib/python3.12/site-packages/airflow/example_dags/example_nested_branch_dag.py
[2025-02-06T01:09:57.601+0000] {processor.py:925} INFO - DAG(s) 'example_nested_branch_dag' retrieved from /home/airflow/.local/lib/python3.12/site-packages/airflow/example_dags/example_nested_branch_dag.py
[2025-02-06T01:09:57.626+0000] {logging_mixin.py:190} INFO - [2025-02-06T01:09:57.626+0000] {dag.py:3239} INFO - Sync 1 DAGs
[2025-02-06T01:09:57.656+0000] {logging_mixin.py:190} INFO - [2025-02-06T01:09:57.656+0000] {dag.py:4180} INFO - Setting next_dagrun for example_nested_branch_dag to 2025-02-05 00:00:00+00:00, run_after=2025-02-06 00:00:00+00:00
[2025-02-06T01:09:57.680+0000] {processor.py:208} INFO - Processing /home/airflow/.local/lib/python3.12/site-packages/airflow/example_dags/example_nested_branch_dag.py took 0.104 seconds
[2025-02-06T01:10:31.188+0000] {processor.py:186} INFO - Started process (PID=3151) to work on /home/airflow/.local/lib/python3.12/site-packages/airflow/example_dags/example_nested_branch_dag.py
[2025-02-06T01:10:31.189+0000] {processor.py:914} INFO - Processing file /home/airflow/.local/lib/python3.12/site-packages/airflow/example_dags/example_nested_branch_dag.py for tasks to queue
[2025-02-06T01:10:31.192+0000] {logging_mixin.py:190} INFO - [2025-02-06T01:10:31.192+0000] {dagbag.py:588} INFO - Filling up the DagBag from /home/airflow/.local/lib/python3.12/site-packages/airflow/example_dags/example_nested_branch_dag.py
[2025-02-06T01:10:31.208+0000] {processor.py:925} INFO - DAG(s) 'example_nested_branch_dag' retrieved from /home/airflow/.local/lib/python3.12/site-packages/airflow/example_dags/example_nested_branch_dag.py
[2025-02-06T01:10:31.227+0000] {logging_mixin.py:190} INFO - [2025-02-06T01:10:31.227+0000] {dag.py:3239} INFO - Sync 1 DAGs
[2025-02-06T01:10:31.247+0000] {logging_mixin.py:190} INFO - [2025-02-06T01:10:31.247+0000] {dag.py:4180} INFO - Setting next_dagrun for example_nested_branch_dag to 2025-02-05 00:00:00+00:00, run_after=2025-02-06 00:00:00+00:00
[2025-02-06T01:10:31.265+0000] {processor.py:208} INFO - Processing /home/airflow/.local/lib/python3.12/site-packages/airflow/example_dags/example_nested_branch_dag.py took 0.088 seconds
[2025-02-06T01:11:07.710+0000] {processor.py:186} INFO - Started process (PID=3214) to work on /home/airflow/.local/lib/python3.12/site-packages/airflow/example_dags/example_nested_branch_dag.py
[2025-02-06T01:11:07.711+0000] {processor.py:914} INFO - Processing file /home/airflow/.local/lib/python3.12/site-packages/airflow/example_dags/example_nested_branch_dag.py for tasks to queue
[2025-02-06T01:11:07.715+0000] {logging_mixin.py:190} INFO - [2025-02-06T01:11:07.714+0000] {dagbag.py:588} INFO - Filling up the DagBag from /home/airflow/.local/lib/python3.12/site-packages/airflow/example_dags/example_nested_branch_dag.py
[2025-02-06T01:11:07.732+0000] {processor.py:925} INFO - DAG(s) 'example_nested_branch_dag' retrieved from /home/airflow/.local/lib/python3.12/site-packages/airflow/example_dags/example_nested_branch_dag.py
[2025-02-06T01:11:07.763+0000] {logging_mixin.py:190} INFO - [2025-02-06T01:11:07.763+0000] {dag.py:3239} INFO - Sync 1 DAGs
[2025-02-06T01:11:07.793+0000] {logging_mixin.py:190} INFO - [2025-02-06T01:11:07.792+0000] {dag.py:4180} INFO - Setting next_dagrun for example_nested_branch_dag to 2025-02-05 00:00:00+00:00, run_after=2025-02-06 00:00:00+00:00
[2025-02-06T01:11:07.817+0000] {processor.py:208} INFO - Processing /home/airflow/.local/lib/python3.12/site-packages/airflow/example_dags/example_nested_branch_dag.py took 0.115 seconds
[2025-02-06T01:11:40.124+0000] {processor.py:186} INFO - Started process (PID=3277) to work on /home/airflow/.local/lib/python3.12/site-packages/airflow/example_dags/example_nested_branch_dag.py
[2025-02-06T01:11:40.126+0000] {processor.py:914} INFO - Processing file /home/airflow/.local/lib/python3.12/site-packages/airflow/example_dags/example_nested_branch_dag.py for tasks to queue
[2025-02-06T01:11:40.129+0000] {logging_mixin.py:190} INFO - [2025-02-06T01:11:40.128+0000] {dagbag.py:588} INFO - Filling up the DagBag from /home/airflow/.local/lib/python3.12/site-packages/airflow/example_dags/example_nested_branch_dag.py
[2025-02-06T01:11:40.143+0000] {processor.py:925} INFO - DAG(s) 'example_nested_branch_dag' retrieved from /home/airflow/.local/lib/python3.12/site-packages/airflow/example_dags/example_nested_branch_dag.py
[2025-02-06T01:11:40.190+0000] {logging_mixin.py:190} INFO - [2025-02-06T01:11:40.189+0000] {dag.py:3239} INFO - Sync 1 DAGs
[2025-02-06T01:11:40.519+0000] {logging_mixin.py:190} INFO - [2025-02-06T01:11:40.518+0000] {dag.py:4180} INFO - Setting next_dagrun for example_nested_branch_dag to 2025-02-05 00:00:00+00:00, run_after=2025-02-06 00:00:00+00:00
[2025-02-06T01:11:40.543+0000] {processor.py:208} INFO - Processing /home/airflow/.local/lib/python3.12/site-packages/airflow/example_dags/example_nested_branch_dag.py took 0.429 seconds
[2025-02-06T01:12:11.463+0000] {processor.py:186} INFO - Started process (PID=3340) to work on /home/airflow/.local/lib/python3.12/site-packages/airflow/example_dags/example_nested_branch_dag.py
[2025-02-06T01:12:11.465+0000] {processor.py:914} INFO - Processing file /home/airflow/.local/lib/python3.12/site-packages/airflow/example_dags/example_nested_branch_dag.py for tasks to queue
[2025-02-06T01:12:11.468+0000] {logging_mixin.py:190} INFO - [2025-02-06T01:12:11.468+0000] {dagbag.py:588} INFO - Filling up the DagBag from /home/airflow/.local/lib/python3.12/site-packages/airflow/example_dags/example_nested_branch_dag.py
[2025-02-06T01:12:11.479+0000] {processor.py:925} INFO - DAG(s) 'example_nested_branch_dag' retrieved from /home/airflow/.local/lib/python3.12/site-packages/airflow/example_dags/example_nested_branch_dag.py
[2025-02-06T01:12:11.500+0000] {logging_mixin.py:190} INFO - [2025-02-06T01:12:11.500+0000] {dag.py:3239} INFO - Sync 1 DAGs
[2025-02-06T01:12:11.521+0000] {logging_mixin.py:190} INFO - [2025-02-06T01:12:11.521+0000] {dag.py:4180} INFO - Setting next_dagrun for example_nested_branch_dag to 2025-02-05 00:00:00+00:00, run_after=2025-02-06 00:00:00+00:00
[2025-02-06T01:12:11.746+0000] {processor.py:208} INFO - Processing /home/airflow/.local/lib/python3.12/site-packages/airflow/example_dags/example_nested_branch_dag.py took 0.289 seconds
[2025-02-06T01:12:42.620+0000] {processor.py:186} INFO - Started process (PID=3403) to work on /home/airflow/.local/lib/python3.12/site-packages/airflow/example_dags/example_nested_branch_dag.py
[2025-02-06T01:12:42.621+0000] {processor.py:914} INFO - Processing file /home/airflow/.local/lib/python3.12/site-packages/airflow/example_dags/example_nested_branch_dag.py for tasks to queue
[2025-02-06T01:12:42.625+0000] {logging_mixin.py:190} INFO - [2025-02-06T01:12:42.624+0000] {dagbag.py:588} INFO - Filling up the DagBag from /home/airflow/.local/lib/python3.12/site-packages/airflow/example_dags/example_nested_branch_dag.py
[2025-02-06T01:12:42.640+0000] {processor.py:925} INFO - DAG(s) 'example_nested_branch_dag' retrieved from /home/airflow/.local/lib/python3.12/site-packages/airflow/example_dags/example_nested_branch_dag.py
[2025-02-06T01:12:42.673+0000] {logging_mixin.py:190} INFO - [2025-02-06T01:12:42.672+0000] {dag.py:3239} INFO - Sync 1 DAGs
[2025-02-06T01:12:42.702+0000] {logging_mixin.py:190} INFO - [2025-02-06T01:12:42.702+0000] {dag.py:4180} INFO - Setting next_dagrun for example_nested_branch_dag to 2025-02-05 00:00:00+00:00, run_after=2025-02-06 00:00:00+00:00
[2025-02-06T01:12:42.723+0000] {processor.py:208} INFO - Processing /home/airflow/.local/lib/python3.12/site-packages/airflow/example_dags/example_nested_branch_dag.py took 0.110 seconds
[2025-02-06T01:13:13.764+0000] {processor.py:186} INFO - Started process (PID=3467) to work on /home/airflow/.local/lib/python3.12/site-packages/airflow/example_dags/example_nested_branch_dag.py
[2025-02-06T01:13:13.765+0000] {processor.py:914} INFO - Processing file /home/airflow/.local/lib/python3.12/site-packages/airflow/example_dags/example_nested_branch_dag.py for tasks to queue
[2025-02-06T01:13:13.767+0000] {logging_mixin.py:190} INFO - [2025-02-06T01:13:13.766+0000] {dagbag.py:588} INFO - Filling up the DagBag from /home/airflow/.local/lib/python3.12/site-packages/airflow/example_dags/example_nested_branch_dag.py
[2025-02-06T01:13:13.777+0000] {processor.py:925} INFO - DAG(s) 'example_nested_branch_dag' retrieved from /home/airflow/.local/lib/python3.12/site-packages/airflow/example_dags/example_nested_branch_dag.py
[2025-02-06T01:13:13.798+0000] {logging_mixin.py:190} INFO - [2025-02-06T01:13:13.797+0000] {dag.py:3239} INFO - Sync 1 DAGs
[2025-02-06T01:13:13.822+0000] {logging_mixin.py:190} INFO - [2025-02-06T01:13:13.821+0000] {dag.py:4180} INFO - Setting next_dagrun for example_nested_branch_dag to 2025-02-05 00:00:00+00:00, run_after=2025-02-06 00:00:00+00:00
[2025-02-06T01:13:13.843+0000] {processor.py:208} INFO - Processing /home/airflow/.local/lib/python3.12/site-packages/airflow/example_dags/example_nested_branch_dag.py took 0.084 seconds
[2025-02-06T01:13:44.313+0000] {processor.py:186} INFO - Started process (PID=3530) to work on /home/airflow/.local/lib/python3.12/site-packages/airflow/example_dags/example_nested_branch_dag.py
[2025-02-06T01:13:44.313+0000] {processor.py:914} INFO - Processing file /home/airflow/.local/lib/python3.12/site-packages/airflow/example_dags/example_nested_branch_dag.py for tasks to queue
[2025-02-06T01:13:44.316+0000] {logging_mixin.py:190} INFO - [2025-02-06T01:13:44.315+0000] {dagbag.py:588} INFO - Filling up the DagBag from /home/airflow/.local/lib/python3.12/site-packages/airflow/example_dags/example_nested_branch_dag.py
[2025-02-06T01:13:44.324+0000] {processor.py:925} INFO - DAG(s) 'example_nested_branch_dag' retrieved from /home/airflow/.local/lib/python3.12/site-packages/airflow/example_dags/example_nested_branch_dag.py
[2025-02-06T01:13:44.343+0000] {logging_mixin.py:190} INFO - [2025-02-06T01:13:44.343+0000] {dag.py:3239} INFO - Sync 1 DAGs
[2025-02-06T01:13:44.364+0000] {logging_mixin.py:190} INFO - [2025-02-06T01:13:44.364+0000] {dag.py:4180} INFO - Setting next_dagrun for example_nested_branch_dag to 2025-02-05 00:00:00+00:00, run_after=2025-02-06 00:00:00+00:00
[2025-02-06T01:13:44.382+0000] {processor.py:208} INFO - Processing /home/airflow/.local/lib/python3.12/site-packages/airflow/example_dags/example_nested_branch_dag.py took 0.074 seconds
[2025-02-06T01:14:15.520+0000] {processor.py:186} INFO - Started process (PID=3593) to work on /home/airflow/.local/lib/python3.12/site-packages/airflow/example_dags/example_nested_branch_dag.py
[2025-02-06T01:14:15.521+0000] {processor.py:914} INFO - Processing file /home/airflow/.local/lib/python3.12/site-packages/airflow/example_dags/example_nested_branch_dag.py for tasks to queue
[2025-02-06T01:14:15.523+0000] {logging_mixin.py:190} INFO - [2025-02-06T01:14:15.523+0000] {dagbag.py:588} INFO - Filling up the DagBag from /home/airflow/.local/lib/python3.12/site-packages/airflow/example_dags/example_nested_branch_dag.py
[2025-02-06T01:14:15.535+0000] {processor.py:925} INFO - DAG(s) 'example_nested_branch_dag' retrieved from /home/airflow/.local/lib/python3.12/site-packages/airflow/example_dags/example_nested_branch_dag.py
[2025-02-06T01:14:15.555+0000] {logging_mixin.py:190} INFO - [2025-02-06T01:14:15.555+0000] {dag.py:3239} INFO - Sync 1 DAGs
[2025-02-06T01:14:15.578+0000] {logging_mixin.py:190} INFO - [2025-02-06T01:14:15.577+0000] {dag.py:4180} INFO - Setting next_dagrun for example_nested_branch_dag to 2025-02-05 00:00:00+00:00, run_after=2025-02-06 00:00:00+00:00
[2025-02-06T01:14:15.596+0000] {processor.py:208} INFO - Processing /home/airflow/.local/lib/python3.12/site-packages/airflow/example_dags/example_nested_branch_dag.py took 0.082 seconds
[2025-02-06T01:14:48.467+0000] {processor.py:186} INFO - Started process (PID=3656) to work on /home/airflow/.local/lib/python3.12/site-packages/airflow/example_dags/example_nested_branch_dag.py
[2025-02-06T01:14:48.468+0000] {processor.py:914} INFO - Processing file /home/airflow/.local/lib/python3.12/site-packages/airflow/example_dags/example_nested_branch_dag.py for tasks to queue
[2025-02-06T01:14:48.471+0000] {logging_mixin.py:190} INFO - [2025-02-06T01:14:48.471+0000] {dagbag.py:588} INFO - Filling up the DagBag from /home/airflow/.local/lib/python3.12/site-packages/airflow/example_dags/example_nested_branch_dag.py
[2025-02-06T01:14:48.484+0000] {processor.py:925} INFO - DAG(s) 'example_nested_branch_dag' retrieved from /home/airflow/.local/lib/python3.12/site-packages/airflow/example_dags/example_nested_branch_dag.py
[2025-02-06T01:14:48.506+0000] {logging_mixin.py:190} INFO - [2025-02-06T01:14:48.506+0000] {dag.py:3239} INFO - Sync 1 DAGs
[2025-02-06T01:14:48.541+0000] {logging_mixin.py:190} INFO - [2025-02-06T01:14:48.541+0000] {dag.py:4180} INFO - Setting next_dagrun for example_nested_branch_dag to 2025-02-05 00:00:00+00:00, run_after=2025-02-06 00:00:00+00:00
[2025-02-06T01:14:48.579+0000] {processor.py:208} INFO - Processing /home/airflow/.local/lib/python3.12/site-packages/airflow/example_dags/example_nested_branch_dag.py took 0.118 seconds
[2025-02-06T01:15:22.655+0000] {processor.py:186} INFO - Started process (PID=3719) to work on /home/airflow/.local/lib/python3.12/site-packages/airflow/example_dags/example_nested_branch_dag.py
[2025-02-06T01:15:22.656+0000] {processor.py:914} INFO - Processing file /home/airflow/.local/lib/python3.12/site-packages/airflow/example_dags/example_nested_branch_dag.py for tasks to queue
[2025-02-06T01:15:22.658+0000] {logging_mixin.py:190} INFO - [2025-02-06T01:15:22.658+0000] {dagbag.py:588} INFO - Filling up the DagBag from /home/airflow/.local/lib/python3.12/site-packages/airflow/example_dags/example_nested_branch_dag.py
[2025-02-06T01:15:22.668+0000] {processor.py:925} INFO - DAG(s) 'example_nested_branch_dag' retrieved from /home/airflow/.local/lib/python3.12/site-packages/airflow/example_dags/example_nested_branch_dag.py
[2025-02-06T01:15:22.696+0000] {logging_mixin.py:190} INFO - [2025-02-06T01:15:22.695+0000] {dag.py:3239} INFO - Sync 1 DAGs
[2025-02-06T01:15:22.723+0000] {logging_mixin.py:190} INFO - [2025-02-06T01:15:22.723+0000] {dag.py:4180} INFO - Setting next_dagrun for example_nested_branch_dag to 2025-02-05 00:00:00+00:00, run_after=2025-02-06 00:00:00+00:00
[2025-02-06T01:15:22.747+0000] {processor.py:208} INFO - Processing /home/airflow/.local/lib/python3.12/site-packages/airflow/example_dags/example_nested_branch_dag.py took 0.098 seconds
[2025-02-06T01:15:53.978+0000] {processor.py:186} INFO - Started process (PID=3782) to work on /home/airflow/.local/lib/python3.12/site-packages/airflow/example_dags/example_nested_branch_dag.py
[2025-02-06T01:15:53.979+0000] {processor.py:914} INFO - Processing file /home/airflow/.local/lib/python3.12/site-packages/airflow/example_dags/example_nested_branch_dag.py for tasks to queue
[2025-02-06T01:15:53.982+0000] {logging_mixin.py:190} INFO - [2025-02-06T01:15:53.981+0000] {dagbag.py:588} INFO - Filling up the DagBag from /home/airflow/.local/lib/python3.12/site-packages/airflow/example_dags/example_nested_branch_dag.py
[2025-02-06T01:15:53.992+0000] {processor.py:925} INFO - DAG(s) 'example_nested_branch_dag' retrieved from /home/airflow/.local/lib/python3.12/site-packages/airflow/example_dags/example_nested_branch_dag.py
[2025-02-06T01:15:54.017+0000] {logging_mixin.py:190} INFO - [2025-02-06T01:15:54.017+0000] {dag.py:3239} INFO - Sync 1 DAGs
[2025-02-06T01:15:54.047+0000] {logging_mixin.py:190} INFO - [2025-02-06T01:15:54.047+0000] {dag.py:4180} INFO - Setting next_dagrun for example_nested_branch_dag to 2025-02-05 00:00:00+00:00, run_after=2025-02-06 00:00:00+00:00
[2025-02-06T01:15:54.073+0000] {processor.py:208} INFO - Processing /home/airflow/.local/lib/python3.12/site-packages/airflow/example_dags/example_nested_branch_dag.py took 0.099 seconds
[2025-02-06T01:16:29.632+0000] {processor.py:186} INFO - Started process (PID=3845) to work on /home/airflow/.local/lib/python3.12/site-packages/airflow/example_dags/example_nested_branch_dag.py
[2025-02-06T01:16:29.633+0000] {processor.py:914} INFO - Processing file /home/airflow/.local/lib/python3.12/site-packages/airflow/example_dags/example_nested_branch_dag.py for tasks to queue
[2025-02-06T01:16:29.635+0000] {logging_mixin.py:190} INFO - [2025-02-06T01:16:29.635+0000] {dagbag.py:588} INFO - Filling up the DagBag from /home/airflow/.local/lib/python3.12/site-packages/airflow/example_dags/example_nested_branch_dag.py
[2025-02-06T01:16:29.647+0000] {processor.py:925} INFO - DAG(s) 'example_nested_branch_dag' retrieved from /home/airflow/.local/lib/python3.12/site-packages/airflow/example_dags/example_nested_branch_dag.py
[2025-02-06T01:16:29.669+0000] {logging_mixin.py:190} INFO - [2025-02-06T01:16:29.669+0000] {dag.py:3239} INFO - Sync 1 DAGs
[2025-02-06T01:16:29.694+0000] {logging_mixin.py:190} INFO - [2025-02-06T01:16:29.693+0000] {dag.py:4180} INFO - Setting next_dagrun for example_nested_branch_dag to 2025-02-05 00:00:00+00:00, run_after=2025-02-06 00:00:00+00:00
[2025-02-06T01:16:29.711+0000] {processor.py:208} INFO - Processing /home/airflow/.local/lib/python3.12/site-packages/airflow/example_dags/example_nested_branch_dag.py took 0.084 seconds
