[2025-02-06T00:44:41.582+0000] {processor.py:186} INFO - Started process (PID=117) to work on /home/airflow/.local/lib/python3.12/site-packages/airflow/example_dags/example_display_name.py
[2025-02-06T00:44:41.583+0000] {processor.py:914} INFO - Processing file /home/airflow/.local/lib/python3.12/site-packages/airflow/example_dags/example_display_name.py for tasks to queue
[2025-02-06T00:44:41.585+0000] {logging_mixin.py:190} INFO - [2025-02-06T00:44:41.585+0000] {dagbag.py:588} INFO - Filling up the DagBag from /home/airflow/.local/lib/python3.12/site-packages/airflow/example_dags/example_display_name.py
[2025-02-06T00:44:41.592+0000] {processor.py:925} INFO - DAG(s) 'example_display_name' retrieved from /home/airflow/.local/lib/python3.12/site-packages/airflow/example_dags/example_display_name.py
[2025-02-06T00:44:41.679+0000] {logging_mixin.py:190} INFO - [2025-02-06T00:44:41.678+0000] {override.py:1911} INFO - Created Permission View: can delete on DAG:example_display_name
[2025-02-06T00:44:41.693+0000] {logging_mixin.py:190} INFO - [2025-02-06T00:44:41.693+0000] {override.py:1911} INFO - Created Permission View: can edit on DAG:example_display_name
[2025-02-06T00:44:41.703+0000] {logging_mixin.py:190} INFO - [2025-02-06T00:44:41.703+0000] {override.py:1911} INFO - Created Permission View: can read on DAG:example_display_name
[2025-02-06T00:44:41.714+0000] {logging_mixin.py:190} INFO - [2025-02-06T00:44:41.714+0000] {override.py:1911} INFO - Created Permission View: menu access on DAG Run:example_display_name
[2025-02-06T00:44:41.724+0000] {logging_mixin.py:190} INFO - [2025-02-06T00:44:41.723+0000] {override.py:1911} INFO - Created Permission View: can delete on DAG Run:example_display_name
[2025-02-06T00:44:41.732+0000] {logging_mixin.py:190} INFO - [2025-02-06T00:44:41.731+0000] {override.py:1911} INFO - Created Permission View: can read on DAG Run:example_display_name
[2025-02-06T00:44:41.743+0000] {logging_mixin.py:190} INFO - [2025-02-06T00:44:41.742+0000] {override.py:1911} INFO - Created Permission View: can create on DAG Run:example_display_name
[2025-02-06T00:44:41.743+0000] {logging_mixin.py:190} INFO - [2025-02-06T00:44:41.743+0000] {dag.py:3239} INFO - Sync 1 DAGs
[2025-02-06T00:44:41.757+0000] {logging_mixin.py:190} INFO - [2025-02-06T00:44:41.757+0000] {dag.py:3262} INFO - Creating ORM DAG for example_display_name
[2025-02-06T00:44:41.758+0000] {logging_mixin.py:190} INFO - [2025-02-06T00:44:41.758+0000] {dag.py:4180} INFO - Setting next_dagrun for example_display_name to None, run_after=None
[2025-02-06T00:44:41.775+0000] {processor.py:208} INFO - Processing /home/airflow/.local/lib/python3.12/site-packages/airflow/example_dags/example_display_name.py took 0.198 seconds
[2025-02-06T00:45:12.483+0000] {processor.py:186} INFO - Started process (PID=180) to work on /home/airflow/.local/lib/python3.12/site-packages/airflow/example_dags/example_display_name.py
[2025-02-06T00:45:12.484+0000] {processor.py:914} INFO - Processing file /home/airflow/.local/lib/python3.12/site-packages/airflow/example_dags/example_display_name.py for tasks to queue
[2025-02-06T00:45:12.486+0000] {logging_mixin.py:190} INFO - [2025-02-06T00:45:12.486+0000] {dagbag.py:588} INFO - Filling up the DagBag from /home/airflow/.local/lib/python3.12/site-packages/airflow/example_dags/example_display_name.py
[2025-02-06T00:45:12.492+0000] {processor.py:925} INFO - DAG(s) 'example_display_name' retrieved from /home/airflow/.local/lib/python3.12/site-packages/airflow/example_dags/example_display_name.py
[2025-02-06T00:45:12.508+0000] {logging_mixin.py:190} INFO - [2025-02-06T00:45:12.508+0000] {dag.py:3239} INFO - Sync 1 DAGs
[2025-02-06T00:45:12.520+0000] {logging_mixin.py:190} INFO - [2025-02-06T00:45:12.519+0000] {dag.py:4180} INFO - Setting next_dagrun for example_display_name to None, run_after=None
[2025-02-06T00:45:12.537+0000] {processor.py:208} INFO - Processing /home/airflow/.local/lib/python3.12/site-packages/airflow/example_dags/example_display_name.py took 0.059 seconds
[2025-02-06T00:45:42.985+0000] {processor.py:186} INFO - Started process (PID=243) to work on /home/airflow/.local/lib/python3.12/site-packages/airflow/example_dags/example_display_name.py
[2025-02-06T00:45:42.987+0000] {processor.py:914} INFO - Processing file /home/airflow/.local/lib/python3.12/site-packages/airflow/example_dags/example_display_name.py for tasks to queue
[2025-02-06T00:45:42.990+0000] {logging_mixin.py:190} INFO - [2025-02-06T00:45:42.989+0000] {dagbag.py:588} INFO - Filling up the DagBag from /home/airflow/.local/lib/python3.12/site-packages/airflow/example_dags/example_display_name.py
[2025-02-06T00:45:42.996+0000] {processor.py:925} INFO - DAG(s) 'example_display_name' retrieved from /home/airflow/.local/lib/python3.12/site-packages/airflow/example_dags/example_display_name.py
[2025-02-06T00:45:43.016+0000] {logging_mixin.py:190} INFO - [2025-02-06T00:45:43.015+0000] {dag.py:3239} INFO - Sync 1 DAGs
[2025-02-06T00:45:43.029+0000] {logging_mixin.py:190} INFO - [2025-02-06T00:45:43.028+0000] {dag.py:4180} INFO - Setting next_dagrun for example_display_name to None, run_after=None
[2025-02-06T00:45:43.051+0000] {processor.py:208} INFO - Processing /home/airflow/.local/lib/python3.12/site-packages/airflow/example_dags/example_display_name.py took 0.070 seconds
[2025-02-06T00:46:13.092+0000] {processor.py:186} INFO - Started process (PID=305) to work on /home/airflow/.local/lib/python3.12/site-packages/airflow/example_dags/example_display_name.py
[2025-02-06T00:46:13.093+0000] {processor.py:914} INFO - Processing file /home/airflow/.local/lib/python3.12/site-packages/airflow/example_dags/example_display_name.py for tasks to queue
[2025-02-06T00:46:13.095+0000] {logging_mixin.py:190} INFO - [2025-02-06T00:46:13.095+0000] {dagbag.py:588} INFO - Filling up the DagBag from /home/airflow/.local/lib/python3.12/site-packages/airflow/example_dags/example_display_name.py
[2025-02-06T00:46:13.101+0000] {processor.py:925} INFO - DAG(s) 'example_display_name' retrieved from /home/airflow/.local/lib/python3.12/site-packages/airflow/example_dags/example_display_name.py
[2025-02-06T00:46:13.118+0000] {logging_mixin.py:190} INFO - [2025-02-06T00:46:13.118+0000] {dag.py:3239} INFO - Sync 1 DAGs
[2025-02-06T00:46:13.129+0000] {logging_mixin.py:190} INFO - [2025-02-06T00:46:13.129+0000] {dag.py:4180} INFO - Setting next_dagrun for example_display_name to None, run_after=None
[2025-02-06T00:46:13.148+0000] {processor.py:208} INFO - Processing /home/airflow/.local/lib/python3.12/site-packages/airflow/example_dags/example_display_name.py took 0.060 seconds
[2025-02-06T00:46:43.806+0000] {processor.py:186} INFO - Started process (PID=367) to work on /home/airflow/.local/lib/python3.12/site-packages/airflow/example_dags/example_display_name.py
[2025-02-06T00:46:43.807+0000] {processor.py:914} INFO - Processing file /home/airflow/.local/lib/python3.12/site-packages/airflow/example_dags/example_display_name.py for tasks to queue
[2025-02-06T00:46:43.810+0000] {logging_mixin.py:190} INFO - [2025-02-06T00:46:43.810+0000] {dagbag.py:588} INFO - Filling up the DagBag from /home/airflow/.local/lib/python3.12/site-packages/airflow/example_dags/example_display_name.py
[2025-02-06T00:46:43.817+0000] {processor.py:925} INFO - DAG(s) 'example_display_name' retrieved from /home/airflow/.local/lib/python3.12/site-packages/airflow/example_dags/example_display_name.py
[2025-02-06T00:46:43.836+0000] {logging_mixin.py:190} INFO - [2025-02-06T00:46:43.836+0000] {dag.py:3239} INFO - Sync 1 DAGs
[2025-02-06T00:46:43.848+0000] {logging_mixin.py:190} INFO - [2025-02-06T00:46:43.848+0000] {dag.py:4180} INFO - Setting next_dagrun for example_display_name to None, run_after=None
[2025-02-06T00:46:43.868+0000] {processor.py:208} INFO - Processing /home/airflow/.local/lib/python3.12/site-packages/airflow/example_dags/example_display_name.py took 0.067 seconds
[2025-02-06T00:47:14.662+0000] {processor.py:186} INFO - Started process (PID=431) to work on /home/airflow/.local/lib/python3.12/site-packages/airflow/example_dags/example_display_name.py
[2025-02-06T00:47:14.663+0000] {processor.py:914} INFO - Processing file /home/airflow/.local/lib/python3.12/site-packages/airflow/example_dags/example_display_name.py for tasks to queue
[2025-02-06T00:47:14.666+0000] {logging_mixin.py:190} INFO - [2025-02-06T00:47:14.666+0000] {dagbag.py:588} INFO - Filling up the DagBag from /home/airflow/.local/lib/python3.12/site-packages/airflow/example_dags/example_display_name.py
[2025-02-06T00:47:14.673+0000] {processor.py:925} INFO - DAG(s) 'example_display_name' retrieved from /home/airflow/.local/lib/python3.12/site-packages/airflow/example_dags/example_display_name.py
[2025-02-06T00:47:14.702+0000] {logging_mixin.py:190} INFO - [2025-02-06T00:47:14.702+0000] {dag.py:3239} INFO - Sync 1 DAGs
[2025-02-06T00:47:14.731+0000] {logging_mixin.py:190} INFO - [2025-02-06T00:47:14.730+0000] {dag.py:4180} INFO - Setting next_dagrun for example_display_name to None, run_after=None
[2025-02-06T00:47:14.776+0000] {processor.py:208} INFO - Processing /home/airflow/.local/lib/python3.12/site-packages/airflow/example_dags/example_display_name.py took 0.118 seconds
[2025-02-06T00:47:44.828+0000] {processor.py:186} INFO - Started process (PID=488) to work on /home/airflow/.local/lib/python3.12/site-packages/airflow/example_dags/example_display_name.py
[2025-02-06T00:47:44.829+0000] {processor.py:914} INFO - Processing file /home/airflow/.local/lib/python3.12/site-packages/airflow/example_dags/example_display_name.py for tasks to queue
[2025-02-06T00:47:44.831+0000] {logging_mixin.py:190} INFO - [2025-02-06T00:47:44.831+0000] {dagbag.py:588} INFO - Filling up the DagBag from /home/airflow/.local/lib/python3.12/site-packages/airflow/example_dags/example_display_name.py
[2025-02-06T00:47:44.836+0000] {processor.py:925} INFO - DAG(s) 'example_display_name' retrieved from /home/airflow/.local/lib/python3.12/site-packages/airflow/example_dags/example_display_name.py
[2025-02-06T00:47:44.851+0000] {logging_mixin.py:190} INFO - [2025-02-06T00:47:44.851+0000] {dag.py:3239} INFO - Sync 1 DAGs
[2025-02-06T00:47:44.863+0000] {logging_mixin.py:190} INFO - [2025-02-06T00:47:44.863+0000] {dag.py:4180} INFO - Setting next_dagrun for example_display_name to None, run_after=None
[2025-02-06T00:47:44.885+0000] {processor.py:208} INFO - Processing /home/airflow/.local/lib/python3.12/site-packages/airflow/example_dags/example_display_name.py took 0.061 seconds
[2025-02-06T00:48:15.673+0000] {processor.py:186} INFO - Started process (PID=551) to work on /home/airflow/.local/lib/python3.12/site-packages/airflow/example_dags/example_display_name.py
[2025-02-06T00:48:15.674+0000] {processor.py:914} INFO - Processing file /home/airflow/.local/lib/python3.12/site-packages/airflow/example_dags/example_display_name.py for tasks to queue
[2025-02-06T00:48:15.677+0000] {logging_mixin.py:190} INFO - [2025-02-06T00:48:15.676+0000] {dagbag.py:588} INFO - Filling up the DagBag from /home/airflow/.local/lib/python3.12/site-packages/airflow/example_dags/example_display_name.py
[2025-02-06T00:48:15.683+0000] {processor.py:925} INFO - DAG(s) 'example_display_name' retrieved from /home/airflow/.local/lib/python3.12/site-packages/airflow/example_dags/example_display_name.py
[2025-02-06T00:48:15.705+0000] {logging_mixin.py:190} INFO - [2025-02-06T00:48:15.704+0000] {dag.py:3239} INFO - Sync 1 DAGs
[2025-02-06T00:48:15.730+0000] {logging_mixin.py:190} INFO - [2025-02-06T00:48:15.730+0000] {dag.py:4180} INFO - Setting next_dagrun for example_display_name to None, run_after=None
[2025-02-06T00:48:15.772+0000] {processor.py:208} INFO - Processing /home/airflow/.local/lib/python3.12/site-packages/airflow/example_dags/example_display_name.py took 0.104 seconds
[2025-02-06T00:48:45.965+0000] {processor.py:186} INFO - Started process (PID=614) to work on /home/airflow/.local/lib/python3.12/site-packages/airflow/example_dags/example_display_name.py
[2025-02-06T00:48:45.966+0000] {processor.py:914} INFO - Processing file /home/airflow/.local/lib/python3.12/site-packages/airflow/example_dags/example_display_name.py for tasks to queue
[2025-02-06T00:48:45.968+0000] {logging_mixin.py:190} INFO - [2025-02-06T00:48:45.968+0000] {dagbag.py:588} INFO - Filling up the DagBag from /home/airflow/.local/lib/python3.12/site-packages/airflow/example_dags/example_display_name.py
[2025-02-06T00:48:45.985+0000] {processor.py:925} INFO - DAG(s) 'example_display_name' retrieved from /home/airflow/.local/lib/python3.12/site-packages/airflow/example_dags/example_display_name.py
[2025-02-06T00:48:46.022+0000] {logging_mixin.py:190} INFO - [2025-02-06T00:48:46.022+0000] {dag.py:3239} INFO - Sync 1 DAGs
[2025-02-06T00:48:46.034+0000] {logging_mixin.py:190} INFO - [2025-02-06T00:48:46.034+0000] {dag.py:4180} INFO - Setting next_dagrun for example_display_name to None, run_after=None
[2025-02-06T00:48:46.050+0000] {processor.py:208} INFO - Processing /home/airflow/.local/lib/python3.12/site-packages/airflow/example_dags/example_display_name.py took 0.089 seconds
[2025-02-06T00:49:17.143+0000] {processor.py:186} INFO - Started process (PID=677) to work on /home/airflow/.local/lib/python3.12/site-packages/airflow/example_dags/example_display_name.py
[2025-02-06T00:49:17.144+0000] {processor.py:914} INFO - Processing file /home/airflow/.local/lib/python3.12/site-packages/airflow/example_dags/example_display_name.py for tasks to queue
[2025-02-06T00:49:17.146+0000] {logging_mixin.py:190} INFO - [2025-02-06T00:49:17.146+0000] {dagbag.py:588} INFO - Filling up the DagBag from /home/airflow/.local/lib/python3.12/site-packages/airflow/example_dags/example_display_name.py
[2025-02-06T00:49:17.152+0000] {processor.py:925} INFO - DAG(s) 'example_display_name' retrieved from /home/airflow/.local/lib/python3.12/site-packages/airflow/example_dags/example_display_name.py
[2025-02-06T00:49:17.169+0000] {logging_mixin.py:190} INFO - [2025-02-06T00:49:17.169+0000] {dag.py:3239} INFO - Sync 1 DAGs
[2025-02-06T00:49:17.181+0000] {logging_mixin.py:190} INFO - [2025-02-06T00:49:17.181+0000] {dag.py:4180} INFO - Setting next_dagrun for example_display_name to None, run_after=None
[2025-02-06T00:49:17.199+0000] {processor.py:208} INFO - Processing /home/airflow/.local/lib/python3.12/site-packages/airflow/example_dags/example_display_name.py took 0.060 seconds
[2025-02-06T00:49:48.391+0000] {processor.py:186} INFO - Started process (PID=740) to work on /home/airflow/.local/lib/python3.12/site-packages/airflow/example_dags/example_display_name.py
[2025-02-06T00:49:48.392+0000] {processor.py:914} INFO - Processing file /home/airflow/.local/lib/python3.12/site-packages/airflow/example_dags/example_display_name.py for tasks to queue
[2025-02-06T00:49:48.394+0000] {logging_mixin.py:190} INFO - [2025-02-06T00:49:48.394+0000] {dagbag.py:588} INFO - Filling up the DagBag from /home/airflow/.local/lib/python3.12/site-packages/airflow/example_dags/example_display_name.py
[2025-02-06T00:49:48.401+0000] {processor.py:925} INFO - DAG(s) 'example_display_name' retrieved from /home/airflow/.local/lib/python3.12/site-packages/airflow/example_dags/example_display_name.py
[2025-02-06T00:49:48.428+0000] {logging_mixin.py:190} INFO - [2025-02-06T00:49:48.428+0000] {dag.py:3239} INFO - Sync 1 DAGs
[2025-02-06T00:49:48.442+0000] {logging_mixin.py:190} INFO - [2025-02-06T00:49:48.441+0000] {dag.py:4180} INFO - Setting next_dagrun for example_display_name to None, run_after=None
[2025-02-06T00:49:48.467+0000] {processor.py:208} INFO - Processing /home/airflow/.local/lib/python3.12/site-packages/airflow/example_dags/example_display_name.py took 0.081 seconds
[2025-02-06T00:50:19.826+0000] {processor.py:186} INFO - Started process (PID=803) to work on /home/airflow/.local/lib/python3.12/site-packages/airflow/example_dags/example_display_name.py
[2025-02-06T00:50:19.827+0000] {processor.py:914} INFO - Processing file /home/airflow/.local/lib/python3.12/site-packages/airflow/example_dags/example_display_name.py for tasks to queue
[2025-02-06T00:50:19.830+0000] {logging_mixin.py:190} INFO - [2025-02-06T00:50:19.829+0000] {dagbag.py:588} INFO - Filling up the DagBag from /home/airflow/.local/lib/python3.12/site-packages/airflow/example_dags/example_display_name.py
[2025-02-06T00:50:19.836+0000] {processor.py:925} INFO - DAG(s) 'example_display_name' retrieved from /home/airflow/.local/lib/python3.12/site-packages/airflow/example_dags/example_display_name.py
[2025-02-06T00:50:19.852+0000] {logging_mixin.py:190} INFO - [2025-02-06T00:50:19.852+0000] {dag.py:3239} INFO - Sync 1 DAGs
[2025-02-06T00:50:19.865+0000] {logging_mixin.py:190} INFO - [2025-02-06T00:50:19.864+0000] {dag.py:4180} INFO - Setting next_dagrun for example_display_name to None, run_after=None
[2025-02-06T00:50:19.885+0000] {processor.py:208} INFO - Processing /home/airflow/.local/lib/python3.12/site-packages/airflow/example_dags/example_display_name.py took 0.063 seconds
[2025-02-06T00:50:50.984+0000] {processor.py:186} INFO - Started process (PID=866) to work on /home/airflow/.local/lib/python3.12/site-packages/airflow/example_dags/example_display_name.py
[2025-02-06T00:50:50.985+0000] {processor.py:914} INFO - Processing file /home/airflow/.local/lib/python3.12/site-packages/airflow/example_dags/example_display_name.py for tasks to queue
[2025-02-06T00:50:50.987+0000] {logging_mixin.py:190} INFO - [2025-02-06T00:50:50.987+0000] {dagbag.py:588} INFO - Filling up the DagBag from /home/airflow/.local/lib/python3.12/site-packages/airflow/example_dags/example_display_name.py
[2025-02-06T00:50:50.993+0000] {processor.py:925} INFO - DAG(s) 'example_display_name' retrieved from /home/airflow/.local/lib/python3.12/site-packages/airflow/example_dags/example_display_name.py
[2025-02-06T00:50:51.009+0000] {logging_mixin.py:190} INFO - [2025-02-06T00:50:51.009+0000] {dag.py:3239} INFO - Sync 1 DAGs
[2025-02-06T00:50:51.021+0000] {logging_mixin.py:190} INFO - [2025-02-06T00:50:51.021+0000] {dag.py:4180} INFO - Setting next_dagrun for example_display_name to None, run_after=None
[2025-02-06T00:50:51.041+0000] {processor.py:208} INFO - Processing /home/airflow/.local/lib/python3.12/site-packages/airflow/example_dags/example_display_name.py took 0.062 seconds
[2025-02-06T00:51:23.664+0000] {processor.py:186} INFO - Started process (PID=929) to work on /home/airflow/.local/lib/python3.12/site-packages/airflow/example_dags/example_display_name.py
[2025-02-06T00:51:23.666+0000] {processor.py:914} INFO - Processing file /home/airflow/.local/lib/python3.12/site-packages/airflow/example_dags/example_display_name.py for tasks to queue
[2025-02-06T00:51:23.670+0000] {logging_mixin.py:190} INFO - [2025-02-06T00:51:23.670+0000] {dagbag.py:588} INFO - Filling up the DagBag from /home/airflow/.local/lib/python3.12/site-packages/airflow/example_dags/example_display_name.py
[2025-02-06T00:51:23.677+0000] {processor.py:925} INFO - DAG(s) 'example_display_name' retrieved from /home/airflow/.local/lib/python3.12/site-packages/airflow/example_dags/example_display_name.py
[2025-02-06T00:51:23.698+0000] {logging_mixin.py:190} INFO - [2025-02-06T00:51:23.697+0000] {dag.py:3239} INFO - Sync 1 DAGs
[2025-02-06T00:51:23.713+0000] {logging_mixin.py:190} INFO - [2025-02-06T00:51:23.712+0000] {dag.py:4180} INFO - Setting next_dagrun for example_display_name to None, run_after=None
[2025-02-06T00:51:23.743+0000] {processor.py:208} INFO - Processing /home/airflow/.local/lib/python3.12/site-packages/airflow/example_dags/example_display_name.py took 0.085 seconds
[2025-02-06T00:51:57.999+0000] {processor.py:186} INFO - Started process (PID=994) to work on /home/airflow/.local/lib/python3.12/site-packages/airflow/example_dags/example_display_name.py
[2025-02-06T00:51:58.000+0000] {processor.py:914} INFO - Processing file /home/airflow/.local/lib/python3.12/site-packages/airflow/example_dags/example_display_name.py for tasks to queue
[2025-02-06T00:51:58.003+0000] {logging_mixin.py:190} INFO - [2025-02-06T00:51:58.003+0000] {dagbag.py:588} INFO - Filling up the DagBag from /home/airflow/.local/lib/python3.12/site-packages/airflow/example_dags/example_display_name.py
[2025-02-06T00:51:58.010+0000] {processor.py:925} INFO - DAG(s) 'example_display_name' retrieved from /home/airflow/.local/lib/python3.12/site-packages/airflow/example_dags/example_display_name.py
[2025-02-06T00:51:58.029+0000] {logging_mixin.py:190} INFO - [2025-02-06T00:51:58.029+0000] {dag.py:3239} INFO - Sync 1 DAGs
[2025-02-06T00:51:58.041+0000] {logging_mixin.py:190} INFO - [2025-02-06T00:51:58.041+0000] {dag.py:4180} INFO - Setting next_dagrun for example_display_name to None, run_after=None
[2025-02-06T00:51:58.061+0000] {processor.py:208} INFO - Processing /home/airflow/.local/lib/python3.12/site-packages/airflow/example_dags/example_display_name.py took 0.067 seconds
[2025-02-06T00:52:28.863+0000] {processor.py:186} INFO - Started process (PID=1057) to work on /home/airflow/.local/lib/python3.12/site-packages/airflow/example_dags/example_display_name.py
[2025-02-06T00:52:28.864+0000] {processor.py:914} INFO - Processing file /home/airflow/.local/lib/python3.12/site-packages/airflow/example_dags/example_display_name.py for tasks to queue
[2025-02-06T00:52:28.867+0000] {logging_mixin.py:190} INFO - [2025-02-06T00:52:28.867+0000] {dagbag.py:588} INFO - Filling up the DagBag from /home/airflow/.local/lib/python3.12/site-packages/airflow/example_dags/example_display_name.py
[2025-02-06T00:52:28.874+0000] {processor.py:925} INFO - DAG(s) 'example_display_name' retrieved from /home/airflow/.local/lib/python3.12/site-packages/airflow/example_dags/example_display_name.py
[2025-02-06T00:52:28.891+0000] {logging_mixin.py:190} INFO - [2025-02-06T00:52:28.891+0000] {dag.py:3239} INFO - Sync 1 DAGs
[2025-02-06T00:52:28.906+0000] {logging_mixin.py:190} INFO - [2025-02-06T00:52:28.905+0000] {dag.py:4180} INFO - Setting next_dagrun for example_display_name to None, run_after=None
[2025-02-06T00:52:28.925+0000] {processor.py:208} INFO - Processing /home/airflow/.local/lib/python3.12/site-packages/airflow/example_dags/example_display_name.py took 0.068 seconds
[2025-02-06T00:53:01.317+0000] {processor.py:186} INFO - Started process (PID=1120) to work on /home/airflow/.local/lib/python3.12/site-packages/airflow/example_dags/example_display_name.py
[2025-02-06T00:53:01.318+0000] {processor.py:914} INFO - Processing file /home/airflow/.local/lib/python3.12/site-packages/airflow/example_dags/example_display_name.py for tasks to queue
[2025-02-06T00:53:01.322+0000] {logging_mixin.py:190} INFO - [2025-02-06T00:53:01.321+0000] {dagbag.py:588} INFO - Filling up the DagBag from /home/airflow/.local/lib/python3.12/site-packages/airflow/example_dags/example_display_name.py
[2025-02-06T00:53:01.330+0000] {processor.py:925} INFO - DAG(s) 'example_display_name' retrieved from /home/airflow/.local/lib/python3.12/site-packages/airflow/example_dags/example_display_name.py
[2025-02-06T00:53:01.350+0000] {logging_mixin.py:190} INFO - [2025-02-06T00:53:01.350+0000] {dag.py:3239} INFO - Sync 1 DAGs
[2025-02-06T00:53:01.365+0000] {logging_mixin.py:190} INFO - [2025-02-06T00:53:01.365+0000] {dag.py:4180} INFO - Setting next_dagrun for example_display_name to None, run_after=None
[2025-02-06T00:53:01.388+0000] {processor.py:208} INFO - Processing /home/airflow/.local/lib/python3.12/site-packages/airflow/example_dags/example_display_name.py took 0.078 seconds
[2025-02-06T00:53:33.916+0000] {processor.py:186} INFO - Started process (PID=1183) to work on /home/airflow/.local/lib/python3.12/site-packages/airflow/example_dags/example_display_name.py
[2025-02-06T00:53:33.917+0000] {processor.py:914} INFO - Processing file /home/airflow/.local/lib/python3.12/site-packages/airflow/example_dags/example_display_name.py for tasks to queue
[2025-02-06T00:53:33.921+0000] {logging_mixin.py:190} INFO - [2025-02-06T00:53:33.920+0000] {dagbag.py:588} INFO - Filling up the DagBag from /home/airflow/.local/lib/python3.12/site-packages/airflow/example_dags/example_display_name.py
[2025-02-06T00:53:33.927+0000] {processor.py:925} INFO - DAG(s) 'example_display_name' retrieved from /home/airflow/.local/lib/python3.12/site-packages/airflow/example_dags/example_display_name.py
[2025-02-06T00:53:33.968+0000] {logging_mixin.py:190} INFO - [2025-02-06T00:53:33.967+0000] {dag.py:3239} INFO - Sync 1 DAGs
[2025-02-06T00:53:34.011+0000] {logging_mixin.py:190} INFO - [2025-02-06T00:53:34.011+0000] {dag.py:4180} INFO - Setting next_dagrun for example_display_name to None, run_after=None
[2025-02-06T00:53:34.047+0000] {processor.py:208} INFO - Processing /home/airflow/.local/lib/python3.12/site-packages/airflow/example_dags/example_display_name.py took 0.136 seconds
[2025-02-06T00:54:07.261+0000] {processor.py:186} INFO - Started process (PID=1246) to work on /home/airflow/.local/lib/python3.12/site-packages/airflow/example_dags/example_display_name.py
[2025-02-06T00:54:07.263+0000] {processor.py:914} INFO - Processing file /home/airflow/.local/lib/python3.12/site-packages/airflow/example_dags/example_display_name.py for tasks to queue
[2025-02-06T00:54:07.269+0000] {logging_mixin.py:190} INFO - [2025-02-06T00:54:07.269+0000] {dagbag.py:588} INFO - Filling up the DagBag from /home/airflow/.local/lib/python3.12/site-packages/airflow/example_dags/example_display_name.py
[2025-02-06T00:54:07.286+0000] {processor.py:925} INFO - DAG(s) 'example_display_name' retrieved from /home/airflow/.local/lib/python3.12/site-packages/airflow/example_dags/example_display_name.py
[2025-02-06T00:54:07.316+0000] {logging_mixin.py:190} INFO - [2025-02-06T00:54:07.316+0000] {dag.py:3239} INFO - Sync 1 DAGs
[2025-02-06T00:54:07.337+0000] {logging_mixin.py:190} INFO - [2025-02-06T00:54:07.337+0000] {dag.py:4180} INFO - Setting next_dagrun for example_display_name to None, run_after=None
[2025-02-06T00:54:07.371+0000] {processor.py:208} INFO - Processing /home/airflow/.local/lib/python3.12/site-packages/airflow/example_dags/example_display_name.py took 0.116 seconds
[2025-02-06T00:54:39.328+0000] {processor.py:186} INFO - Started process (PID=1309) to work on /home/airflow/.local/lib/python3.12/site-packages/airflow/example_dags/example_display_name.py
[2025-02-06T00:54:39.329+0000] {processor.py:914} INFO - Processing file /home/airflow/.local/lib/python3.12/site-packages/airflow/example_dags/example_display_name.py for tasks to queue
[2025-02-06T00:54:39.333+0000] {logging_mixin.py:190} INFO - [2025-02-06T00:54:39.333+0000] {dagbag.py:588} INFO - Filling up the DagBag from /home/airflow/.local/lib/python3.12/site-packages/airflow/example_dags/example_display_name.py
[2025-02-06T00:54:39.339+0000] {processor.py:925} INFO - DAG(s) 'example_display_name' retrieved from /home/airflow/.local/lib/python3.12/site-packages/airflow/example_dags/example_display_name.py
[2025-02-06T00:54:39.358+0000] {logging_mixin.py:190} INFO - [2025-02-06T00:54:39.358+0000] {dag.py:3239} INFO - Sync 1 DAGs
[2025-02-06T00:54:39.372+0000] {logging_mixin.py:190} INFO - [2025-02-06T00:54:39.372+0000] {dag.py:4180} INFO - Setting next_dagrun for example_display_name to None, run_after=None
[2025-02-06T00:54:39.395+0000] {processor.py:208} INFO - Processing /home/airflow/.local/lib/python3.12/site-packages/airflow/example_dags/example_display_name.py took 0.072 seconds
[2025-02-06T00:55:12.070+0000] {processor.py:186} INFO - Started process (PID=1372) to work on /home/airflow/.local/lib/python3.12/site-packages/airflow/example_dags/example_display_name.py
[2025-02-06T00:55:12.071+0000] {processor.py:914} INFO - Processing file /home/airflow/.local/lib/python3.12/site-packages/airflow/example_dags/example_display_name.py for tasks to queue
[2025-02-06T00:55:12.075+0000] {logging_mixin.py:190} INFO - [2025-02-06T00:55:12.074+0000] {dagbag.py:588} INFO - Filling up the DagBag from /home/airflow/.local/lib/python3.12/site-packages/airflow/example_dags/example_display_name.py
[2025-02-06T00:55:12.083+0000] {processor.py:925} INFO - DAG(s) 'example_display_name' retrieved from /home/airflow/.local/lib/python3.12/site-packages/airflow/example_dags/example_display_name.py
[2025-02-06T00:55:12.101+0000] {logging_mixin.py:190} INFO - [2025-02-06T00:55:12.101+0000] {dag.py:3239} INFO - Sync 1 DAGs
[2025-02-06T00:55:12.114+0000] {logging_mixin.py:190} INFO - [2025-02-06T00:55:12.113+0000] {dag.py:4180} INFO - Setting next_dagrun for example_display_name to None, run_after=None
[2025-02-06T00:55:12.132+0000] {processor.py:208} INFO - Processing /home/airflow/.local/lib/python3.12/site-packages/airflow/example_dags/example_display_name.py took 0.086 seconds
[2025-02-06T00:55:45.205+0000] {processor.py:186} INFO - Started process (PID=1435) to work on /home/airflow/.local/lib/python3.12/site-packages/airflow/example_dags/example_display_name.py
[2025-02-06T00:55:45.206+0000] {processor.py:914} INFO - Processing file /home/airflow/.local/lib/python3.12/site-packages/airflow/example_dags/example_display_name.py for tasks to queue
[2025-02-06T00:55:45.209+0000] {logging_mixin.py:190} INFO - [2025-02-06T00:55:45.209+0000] {dagbag.py:588} INFO - Filling up the DagBag from /home/airflow/.local/lib/python3.12/site-packages/airflow/example_dags/example_display_name.py
[2025-02-06T00:55:45.215+0000] {processor.py:925} INFO - DAG(s) 'example_display_name' retrieved from /home/airflow/.local/lib/python3.12/site-packages/airflow/example_dags/example_display_name.py
[2025-02-06T00:55:45.233+0000] {logging_mixin.py:190} INFO - [2025-02-06T00:55:45.233+0000] {dag.py:3239} INFO - Sync 1 DAGs
[2025-02-06T00:55:45.247+0000] {logging_mixin.py:190} INFO - [2025-02-06T00:55:45.246+0000] {dag.py:4180} INFO - Setting next_dagrun for example_display_name to None, run_after=None
[2025-02-06T00:55:45.267+0000] {processor.py:208} INFO - Processing /home/airflow/.local/lib/python3.12/site-packages/airflow/example_dags/example_display_name.py took 0.066 seconds
[2025-02-06T00:56:17.621+0000] {processor.py:186} INFO - Started process (PID=1498) to work on /home/airflow/.local/lib/python3.12/site-packages/airflow/example_dags/example_display_name.py
[2025-02-06T00:56:17.623+0000] {processor.py:914} INFO - Processing file /home/airflow/.local/lib/python3.12/site-packages/airflow/example_dags/example_display_name.py for tasks to queue
[2025-02-06T00:56:17.625+0000] {logging_mixin.py:190} INFO - [2025-02-06T00:56:17.625+0000] {dagbag.py:588} INFO - Filling up the DagBag from /home/airflow/.local/lib/python3.12/site-packages/airflow/example_dags/example_display_name.py
[2025-02-06T00:56:17.632+0000] {processor.py:925} INFO - DAG(s) 'example_display_name' retrieved from /home/airflow/.local/lib/python3.12/site-packages/airflow/example_dags/example_display_name.py
[2025-02-06T00:56:17.649+0000] {logging_mixin.py:190} INFO - [2025-02-06T00:56:17.648+0000] {dag.py:3239} INFO - Sync 1 DAGs
[2025-02-06T00:56:17.661+0000] {logging_mixin.py:190} INFO - [2025-02-06T00:56:17.661+0000] {dag.py:4180} INFO - Setting next_dagrun for example_display_name to None, run_after=None
[2025-02-06T00:56:17.680+0000] {processor.py:208} INFO - Processing /home/airflow/.local/lib/python3.12/site-packages/airflow/example_dags/example_display_name.py took 0.062 seconds
[2025-02-06T00:56:50.628+0000] {processor.py:186} INFO - Started process (PID=1561) to work on /home/airflow/.local/lib/python3.12/site-packages/airflow/example_dags/example_display_name.py
[2025-02-06T00:56:50.629+0000] {processor.py:914} INFO - Processing file /home/airflow/.local/lib/python3.12/site-packages/airflow/example_dags/example_display_name.py for tasks to queue
[2025-02-06T00:56:50.632+0000] {logging_mixin.py:190} INFO - [2025-02-06T00:56:50.631+0000] {dagbag.py:588} INFO - Filling up the DagBag from /home/airflow/.local/lib/python3.12/site-packages/airflow/example_dags/example_display_name.py
[2025-02-06T00:56:50.638+0000] {processor.py:925} INFO - DAG(s) 'example_display_name' retrieved from /home/airflow/.local/lib/python3.12/site-packages/airflow/example_dags/example_display_name.py
[2025-02-06T00:56:50.657+0000] {logging_mixin.py:190} INFO - [2025-02-06T00:56:50.657+0000] {dag.py:3239} INFO - Sync 1 DAGs
[2025-02-06T00:56:50.672+0000] {logging_mixin.py:190} INFO - [2025-02-06T00:56:50.672+0000] {dag.py:4180} INFO - Setting next_dagrun for example_display_name to None, run_after=None
[2025-02-06T00:56:50.693+0000] {processor.py:208} INFO - Processing /home/airflow/.local/lib/python3.12/site-packages/airflow/example_dags/example_display_name.py took 0.070 seconds
[2025-02-06T00:57:22.229+0000] {processor.py:186} INFO - Started process (PID=1624) to work on /home/airflow/.local/lib/python3.12/site-packages/airflow/example_dags/example_display_name.py
[2025-02-06T00:57:22.230+0000] {processor.py:914} INFO - Processing file /home/airflow/.local/lib/python3.12/site-packages/airflow/example_dags/example_display_name.py for tasks to queue
[2025-02-06T00:57:22.233+0000] {logging_mixin.py:190} INFO - [2025-02-06T00:57:22.233+0000] {dagbag.py:588} INFO - Filling up the DagBag from /home/airflow/.local/lib/python3.12/site-packages/airflow/example_dags/example_display_name.py
[2025-02-06T00:57:22.241+0000] {processor.py:925} INFO - DAG(s) 'example_display_name' retrieved from /home/airflow/.local/lib/python3.12/site-packages/airflow/example_dags/example_display_name.py
[2025-02-06T00:57:22.262+0000] {logging_mixin.py:190} INFO - [2025-02-06T00:57:22.261+0000] {dag.py:3239} INFO - Sync 1 DAGs
[2025-02-06T00:57:22.279+0000] {logging_mixin.py:190} INFO - [2025-02-06T00:57:22.278+0000] {dag.py:4180} INFO - Setting next_dagrun for example_display_name to None, run_after=None
[2025-02-06T00:57:22.302+0000] {processor.py:208} INFO - Processing /home/airflow/.local/lib/python3.12/site-packages/airflow/example_dags/example_display_name.py took 0.077 seconds
[2025-02-06T00:57:55.221+0000] {processor.py:186} INFO - Started process (PID=1687) to work on /home/airflow/.local/lib/python3.12/site-packages/airflow/example_dags/example_display_name.py
[2025-02-06T00:57:55.222+0000] {processor.py:914} INFO - Processing file /home/airflow/.local/lib/python3.12/site-packages/airflow/example_dags/example_display_name.py for tasks to queue
[2025-02-06T00:57:55.224+0000] {logging_mixin.py:190} INFO - [2025-02-06T00:57:55.224+0000] {dagbag.py:588} INFO - Filling up the DagBag from /home/airflow/.local/lib/python3.12/site-packages/airflow/example_dags/example_display_name.py
[2025-02-06T00:57:55.231+0000] {processor.py:925} INFO - DAG(s) 'example_display_name' retrieved from /home/airflow/.local/lib/python3.12/site-packages/airflow/example_dags/example_display_name.py
[2025-02-06T00:57:55.250+0000] {logging_mixin.py:190} INFO - [2025-02-06T00:57:55.250+0000] {dag.py:3239} INFO - Sync 1 DAGs
[2025-02-06T00:57:55.264+0000] {logging_mixin.py:190} INFO - [2025-02-06T00:57:55.263+0000] {dag.py:4180} INFO - Setting next_dagrun for example_display_name to None, run_after=None
[2025-02-06T00:57:55.285+0000] {processor.py:208} INFO - Processing /home/airflow/.local/lib/python3.12/site-packages/airflow/example_dags/example_display_name.py took 0.070 seconds
[2025-02-06T00:58:28.171+0000] {processor.py:186} INFO - Started process (PID=1750) to work on /home/airflow/.local/lib/python3.12/site-packages/airflow/example_dags/example_display_name.py
[2025-02-06T00:58:28.173+0000] {processor.py:914} INFO - Processing file /home/airflow/.local/lib/python3.12/site-packages/airflow/example_dags/example_display_name.py for tasks to queue
[2025-02-06T00:58:28.176+0000] {logging_mixin.py:190} INFO - [2025-02-06T00:58:28.176+0000] {dagbag.py:588} INFO - Filling up the DagBag from /home/airflow/.local/lib/python3.12/site-packages/airflow/example_dags/example_display_name.py
[2025-02-06T00:58:28.184+0000] {processor.py:925} INFO - DAG(s) 'example_display_name' retrieved from /home/airflow/.local/lib/python3.12/site-packages/airflow/example_dags/example_display_name.py
[2025-02-06T00:58:28.232+0000] {logging_mixin.py:190} INFO - [2025-02-06T00:58:28.232+0000] {dag.py:3239} INFO - Sync 1 DAGs
[2025-02-06T00:58:28.265+0000] {logging_mixin.py:190} INFO - [2025-02-06T00:58:28.265+0000] {dag.py:4180} INFO - Setting next_dagrun for example_display_name to None, run_after=None
[2025-02-06T00:58:28.304+0000] {processor.py:208} INFO - Processing /home/airflow/.local/lib/python3.12/site-packages/airflow/example_dags/example_display_name.py took 0.140 seconds
[2025-02-06T00:59:01.170+0000] {processor.py:186} INFO - Started process (PID=1813) to work on /home/airflow/.local/lib/python3.12/site-packages/airflow/example_dags/example_display_name.py
[2025-02-06T00:59:01.171+0000] {processor.py:914} INFO - Processing file /home/airflow/.local/lib/python3.12/site-packages/airflow/example_dags/example_display_name.py for tasks to queue
[2025-02-06T00:59:01.174+0000] {logging_mixin.py:190} INFO - [2025-02-06T00:59:01.174+0000] {dagbag.py:588} INFO - Filling up the DagBag from /home/airflow/.local/lib/python3.12/site-packages/airflow/example_dags/example_display_name.py
[2025-02-06T00:59:01.181+0000] {processor.py:925} INFO - DAG(s) 'example_display_name' retrieved from /home/airflow/.local/lib/python3.12/site-packages/airflow/example_dags/example_display_name.py
[2025-02-06T00:59:01.201+0000] {logging_mixin.py:190} INFO - [2025-02-06T00:59:01.201+0000] {dag.py:3239} INFO - Sync 1 DAGs
[2025-02-06T00:59:01.215+0000] {logging_mixin.py:190} INFO - [2025-02-06T00:59:01.215+0000] {dag.py:4180} INFO - Setting next_dagrun for example_display_name to None, run_after=None
[2025-02-06T00:59:01.237+0000] {processor.py:208} INFO - Processing /home/airflow/.local/lib/python3.12/site-packages/airflow/example_dags/example_display_name.py took 0.072 seconds
[2025-02-06T00:59:35.643+0000] {processor.py:186} INFO - Started process (PID=1882) to work on /home/airflow/.local/lib/python3.12/site-packages/airflow/example_dags/example_display_name.py
[2025-02-06T00:59:35.644+0000] {processor.py:914} INFO - Processing file /home/airflow/.local/lib/python3.12/site-packages/airflow/example_dags/example_display_name.py for tasks to queue
[2025-02-06T00:59:35.646+0000] {logging_mixin.py:190} INFO - [2025-02-06T00:59:35.646+0000] {dagbag.py:588} INFO - Filling up the DagBag from /home/airflow/.local/lib/python3.12/site-packages/airflow/example_dags/example_display_name.py
[2025-02-06T00:59:35.654+0000] {processor.py:925} INFO - DAG(s) 'example_display_name' retrieved from /home/airflow/.local/lib/python3.12/site-packages/airflow/example_dags/example_display_name.py
[2025-02-06T00:59:35.673+0000] {logging_mixin.py:190} INFO - [2025-02-06T00:59:35.672+0000] {dag.py:3239} INFO - Sync 1 DAGs
[2025-02-06T00:59:35.690+0000] {logging_mixin.py:190} INFO - [2025-02-06T00:59:35.690+0000] {dag.py:4180} INFO - Setting next_dagrun for example_display_name to None, run_after=None
[2025-02-06T00:59:35.714+0000] {processor.py:208} INFO - Processing /home/airflow/.local/lib/python3.12/site-packages/airflow/example_dags/example_display_name.py took 0.077 seconds
[2025-02-06T01:00:06.118+0000] {processor.py:186} INFO - Started process (PID=1945) to work on /home/airflow/.local/lib/python3.12/site-packages/airflow/example_dags/example_display_name.py
[2025-02-06T01:00:06.120+0000] {processor.py:914} INFO - Processing file /home/airflow/.local/lib/python3.12/site-packages/airflow/example_dags/example_display_name.py for tasks to queue
[2025-02-06T01:00:06.122+0000] {logging_mixin.py:190} INFO - [2025-02-06T01:00:06.122+0000] {dagbag.py:588} INFO - Filling up the DagBag from /home/airflow/.local/lib/python3.12/site-packages/airflow/example_dags/example_display_name.py
[2025-02-06T01:00:06.131+0000] {processor.py:925} INFO - DAG(s) 'example_display_name' retrieved from /home/airflow/.local/lib/python3.12/site-packages/airflow/example_dags/example_display_name.py
[2025-02-06T01:00:06.153+0000] {logging_mixin.py:190} INFO - [2025-02-06T01:00:06.153+0000] {dag.py:3239} INFO - Sync 1 DAGs
[2025-02-06T01:00:06.167+0000] {logging_mixin.py:190} INFO - [2025-02-06T01:00:06.166+0000] {dag.py:4180} INFO - Setting next_dagrun for example_display_name to None, run_after=None
[2025-02-06T01:00:06.190+0000] {processor.py:208} INFO - Processing /home/airflow/.local/lib/python3.12/site-packages/airflow/example_dags/example_display_name.py took 0.076 seconds
[2025-02-06T01:00:40.759+0000] {processor.py:186} INFO - Started process (PID=2009) to work on /home/airflow/.local/lib/python3.12/site-packages/airflow/example_dags/example_display_name.py
[2025-02-06T01:00:40.761+0000] {processor.py:914} INFO - Processing file /home/airflow/.local/lib/python3.12/site-packages/airflow/example_dags/example_display_name.py for tasks to queue
[2025-02-06T01:00:40.764+0000] {logging_mixin.py:190} INFO - [2025-02-06T01:00:40.763+0000] {dagbag.py:588} INFO - Filling up the DagBag from /home/airflow/.local/lib/python3.12/site-packages/airflow/example_dags/example_display_name.py
[2025-02-06T01:00:40.771+0000] {processor.py:925} INFO - DAG(s) 'example_display_name' retrieved from /home/airflow/.local/lib/python3.12/site-packages/airflow/example_dags/example_display_name.py
[2025-02-06T01:00:40.792+0000] {logging_mixin.py:190} INFO - [2025-02-06T01:00:40.792+0000] {dag.py:3239} INFO - Sync 1 DAGs
[2025-02-06T01:00:40.808+0000] {logging_mixin.py:190} INFO - [2025-02-06T01:00:40.808+0000] {dag.py:4180} INFO - Setting next_dagrun for example_display_name to None, run_after=None
[2025-02-06T01:00:40.831+0000] {processor.py:208} INFO - Processing /home/airflow/.local/lib/python3.12/site-packages/airflow/example_dags/example_display_name.py took 0.077 seconds
[2025-02-06T01:01:12.306+0000] {processor.py:186} INFO - Started process (PID=2072) to work on /home/airflow/.local/lib/python3.12/site-packages/airflow/example_dags/example_display_name.py
[2025-02-06T01:01:12.307+0000] {processor.py:914} INFO - Processing file /home/airflow/.local/lib/python3.12/site-packages/airflow/example_dags/example_display_name.py for tasks to queue
[2025-02-06T01:01:12.310+0000] {logging_mixin.py:190} INFO - [2025-02-06T01:01:12.310+0000] {dagbag.py:588} INFO - Filling up the DagBag from /home/airflow/.local/lib/python3.12/site-packages/airflow/example_dags/example_display_name.py
[2025-02-06T01:01:12.317+0000] {processor.py:925} INFO - DAG(s) 'example_display_name' retrieved from /home/airflow/.local/lib/python3.12/site-packages/airflow/example_dags/example_display_name.py
[2025-02-06T01:01:12.336+0000] {logging_mixin.py:190} INFO - [2025-02-06T01:01:12.336+0000] {dag.py:3239} INFO - Sync 1 DAGs
[2025-02-06T01:01:12.348+0000] {logging_mixin.py:190} INFO - [2025-02-06T01:01:12.348+0000] {dag.py:4180} INFO - Setting next_dagrun for example_display_name to None, run_after=None
[2025-02-06T01:01:12.374+0000] {processor.py:208} INFO - Processing /home/airflow/.local/lib/python3.12/site-packages/airflow/example_dags/example_display_name.py took 0.075 seconds
[2025-02-06T01:01:47.502+0000] {processor.py:186} INFO - Started process (PID=2135) to work on /home/airflow/.local/lib/python3.12/site-packages/airflow/example_dags/example_display_name.py
[2025-02-06T01:01:47.505+0000] {processor.py:914} INFO - Processing file /home/airflow/.local/lib/python3.12/site-packages/airflow/example_dags/example_display_name.py for tasks to queue
[2025-02-06T01:01:47.509+0000] {logging_mixin.py:190} INFO - [2025-02-06T01:01:47.509+0000] {dagbag.py:588} INFO - Filling up the DagBag from /home/airflow/.local/lib/python3.12/site-packages/airflow/example_dags/example_display_name.py
[2025-02-06T01:01:47.530+0000] {processor.py:925} INFO - DAG(s) 'example_display_name' retrieved from /home/airflow/.local/lib/python3.12/site-packages/airflow/example_dags/example_display_name.py
[2025-02-06T01:01:47.566+0000] {logging_mixin.py:190} INFO - [2025-02-06T01:01:47.566+0000] {dag.py:3239} INFO - Sync 1 DAGs
[2025-02-06T01:01:47.604+0000] {logging_mixin.py:190} INFO - [2025-02-06T01:01:47.603+0000] {dag.py:4180} INFO - Setting next_dagrun for example_display_name to None, run_after=None
[2025-02-06T01:01:47.661+0000] {processor.py:208} INFO - Processing /home/airflow/.local/lib/python3.12/site-packages/airflow/example_dags/example_display_name.py took 0.178 seconds
[2025-02-06T01:02:18.690+0000] {processor.py:186} INFO - Started process (PID=2198) to work on /home/airflow/.local/lib/python3.12/site-packages/airflow/example_dags/example_display_name.py
[2025-02-06T01:02:18.691+0000] {processor.py:914} INFO - Processing file /home/airflow/.local/lib/python3.12/site-packages/airflow/example_dags/example_display_name.py for tasks to queue
[2025-02-06T01:02:18.701+0000] {logging_mixin.py:190} INFO - [2025-02-06T01:02:18.697+0000] {dagbag.py:588} INFO - Filling up the DagBag from /home/airflow/.local/lib/python3.12/site-packages/airflow/example_dags/example_display_name.py
[2025-02-06T01:02:18.708+0000] {processor.py:925} INFO - DAG(s) 'example_display_name' retrieved from /home/airflow/.local/lib/python3.12/site-packages/airflow/example_dags/example_display_name.py
[2025-02-06T01:02:18.733+0000] {logging_mixin.py:190} INFO - [2025-02-06T01:02:18.733+0000] {dag.py:3239} INFO - Sync 1 DAGs
[2025-02-06T01:02:18.775+0000] {logging_mixin.py:190} INFO - [2025-02-06T01:02:18.775+0000] {dag.py:4180} INFO - Setting next_dagrun for example_display_name to None, run_after=None
[2025-02-06T01:02:18.820+0000] {processor.py:208} INFO - Processing /home/airflow/.local/lib/python3.12/site-packages/airflow/example_dags/example_display_name.py took 0.137 seconds
[2025-02-06T01:02:51.650+0000] {processor.py:186} INFO - Started process (PID=2261) to work on /home/airflow/.local/lib/python3.12/site-packages/airflow/example_dags/example_display_name.py
[2025-02-06T01:02:51.651+0000] {processor.py:914} INFO - Processing file /home/airflow/.local/lib/python3.12/site-packages/airflow/example_dags/example_display_name.py for tasks to queue
[2025-02-06T01:02:51.654+0000] {logging_mixin.py:190} INFO - [2025-02-06T01:02:51.653+0000] {dagbag.py:588} INFO - Filling up the DagBag from /home/airflow/.local/lib/python3.12/site-packages/airflow/example_dags/example_display_name.py
[2025-02-06T01:02:51.665+0000] {processor.py:925} INFO - DAG(s) 'example_display_name' retrieved from /home/airflow/.local/lib/python3.12/site-packages/airflow/example_dags/example_display_name.py
[2025-02-06T01:02:51.688+0000] {logging_mixin.py:190} INFO - [2025-02-06T01:02:51.687+0000] {dag.py:3239} INFO - Sync 1 DAGs
[2025-02-06T01:02:51.702+0000] {logging_mixin.py:190} INFO - [2025-02-06T01:02:51.702+0000] {dag.py:4180} INFO - Setting next_dagrun for example_display_name to None, run_after=None
[2025-02-06T01:02:51.729+0000] {processor.py:208} INFO - Processing /home/airflow/.local/lib/python3.12/site-packages/airflow/example_dags/example_display_name.py took 0.083 seconds
[2025-02-06T01:03:23.905+0000] {processor.py:186} INFO - Started process (PID=2324) to work on /home/airflow/.local/lib/python3.12/site-packages/airflow/example_dags/example_display_name.py
[2025-02-06T01:03:23.909+0000] {processor.py:914} INFO - Processing file /home/airflow/.local/lib/python3.12/site-packages/airflow/example_dags/example_display_name.py for tasks to queue
[2025-02-06T01:03:23.914+0000] {logging_mixin.py:190} INFO - [2025-02-06T01:03:23.913+0000] {dagbag.py:588} INFO - Filling up the DagBag from /home/airflow/.local/lib/python3.12/site-packages/airflow/example_dags/example_display_name.py
[2025-02-06T01:03:23.943+0000] {processor.py:925} INFO - DAG(s) 'example_display_name' retrieved from /home/airflow/.local/lib/python3.12/site-packages/airflow/example_dags/example_display_name.py
[2025-02-06T01:03:24.002+0000] {logging_mixin.py:190} INFO - [2025-02-06T01:03:24.001+0000] {dag.py:3239} INFO - Sync 1 DAGs
[2025-02-06T01:03:24.057+0000] {logging_mixin.py:190} INFO - [2025-02-06T01:03:24.056+0000] {dag.py:4180} INFO - Setting next_dagrun for example_display_name to None, run_after=None
[2025-02-06T01:03:24.141+0000] {processor.py:208} INFO - Processing /home/airflow/.local/lib/python3.12/site-packages/airflow/example_dags/example_display_name.py took 0.252 seconds
[2025-02-06T01:03:55.648+0000] {processor.py:186} INFO - Started process (PID=2387) to work on /home/airflow/.local/lib/python3.12/site-packages/airflow/example_dags/example_display_name.py
[2025-02-06T01:03:55.649+0000] {processor.py:914} INFO - Processing file /home/airflow/.local/lib/python3.12/site-packages/airflow/example_dags/example_display_name.py for tasks to queue
[2025-02-06T01:03:55.652+0000] {logging_mixin.py:190} INFO - [2025-02-06T01:03:55.651+0000] {dagbag.py:588} INFO - Filling up the DagBag from /home/airflow/.local/lib/python3.12/site-packages/airflow/example_dags/example_display_name.py
[2025-02-06T01:03:55.658+0000] {processor.py:925} INFO - DAG(s) 'example_display_name' retrieved from /home/airflow/.local/lib/python3.12/site-packages/airflow/example_dags/example_display_name.py
[2025-02-06T01:03:55.678+0000] {logging_mixin.py:190} INFO - [2025-02-06T01:03:55.677+0000] {dag.py:3239} INFO - Sync 1 DAGs
[2025-02-06T01:03:55.693+0000] {logging_mixin.py:190} INFO - [2025-02-06T01:03:55.692+0000] {dag.py:4180} INFO - Setting next_dagrun for example_display_name to None, run_after=None
[2025-02-06T01:03:55.717+0000] {processor.py:208} INFO - Processing /home/airflow/.local/lib/python3.12/site-packages/airflow/example_dags/example_display_name.py took 0.074 seconds
[2025-02-06T01:04:28.967+0000] {processor.py:186} INFO - Started process (PID=2450) to work on /home/airflow/.local/lib/python3.12/site-packages/airflow/example_dags/example_display_name.py
[2025-02-06T01:04:28.968+0000] {processor.py:914} INFO - Processing file /home/airflow/.local/lib/python3.12/site-packages/airflow/example_dags/example_display_name.py for tasks to queue
[2025-02-06T01:04:28.971+0000] {logging_mixin.py:190} INFO - [2025-02-06T01:04:28.970+0000] {dagbag.py:588} INFO - Filling up the DagBag from /home/airflow/.local/lib/python3.12/site-packages/airflow/example_dags/example_display_name.py
[2025-02-06T01:04:28.977+0000] {processor.py:925} INFO - DAG(s) 'example_display_name' retrieved from /home/airflow/.local/lib/python3.12/site-packages/airflow/example_dags/example_display_name.py
[2025-02-06T01:04:28.995+0000] {logging_mixin.py:190} INFO - [2025-02-06T01:04:28.995+0000] {dag.py:3239} INFO - Sync 1 DAGs
[2025-02-06T01:04:29.007+0000] {logging_mixin.py:190} INFO - [2025-02-06T01:04:29.006+0000] {dag.py:4180} INFO - Setting next_dagrun for example_display_name to None, run_after=None
[2025-02-06T01:04:29.026+0000] {processor.py:208} INFO - Processing /home/airflow/.local/lib/python3.12/site-packages/airflow/example_dags/example_display_name.py took 0.064 seconds
[2025-02-06T01:05:01.267+0000] {processor.py:186} INFO - Started process (PID=2513) to work on /home/airflow/.local/lib/python3.12/site-packages/airflow/example_dags/example_display_name.py
[2025-02-06T01:05:01.269+0000] {processor.py:914} INFO - Processing file /home/airflow/.local/lib/python3.12/site-packages/airflow/example_dags/example_display_name.py for tasks to queue
[2025-02-06T01:05:01.271+0000] {logging_mixin.py:190} INFO - [2025-02-06T01:05:01.271+0000] {dagbag.py:588} INFO - Filling up the DagBag from /home/airflow/.local/lib/python3.12/site-packages/airflow/example_dags/example_display_name.py
[2025-02-06T01:05:01.278+0000] {processor.py:925} INFO - DAG(s) 'example_display_name' retrieved from /home/airflow/.local/lib/python3.12/site-packages/airflow/example_dags/example_display_name.py
[2025-02-06T01:05:01.295+0000] {logging_mixin.py:190} INFO - [2025-02-06T01:05:01.295+0000] {dag.py:3239} INFO - Sync 1 DAGs
[2025-02-06T01:05:01.308+0000] {logging_mixin.py:190} INFO - [2025-02-06T01:05:01.308+0000] {dag.py:4180} INFO - Setting next_dagrun for example_display_name to None, run_after=None
[2025-02-06T01:05:01.327+0000] {processor.py:208} INFO - Processing /home/airflow/.local/lib/python3.12/site-packages/airflow/example_dags/example_display_name.py took 0.064 seconds
[2025-02-06T01:05:35.256+0000] {processor.py:186} INFO - Started process (PID=2576) to work on /home/airflow/.local/lib/python3.12/site-packages/airflow/example_dags/example_display_name.py
[2025-02-06T01:05:35.257+0000] {processor.py:914} INFO - Processing file /home/airflow/.local/lib/python3.12/site-packages/airflow/example_dags/example_display_name.py for tasks to queue
[2025-02-06T01:05:35.260+0000] {logging_mixin.py:190} INFO - [2025-02-06T01:05:35.260+0000] {dagbag.py:588} INFO - Filling up the DagBag from /home/airflow/.local/lib/python3.12/site-packages/airflow/example_dags/example_display_name.py
[2025-02-06T01:05:35.268+0000] {processor.py:925} INFO - DAG(s) 'example_display_name' retrieved from /home/airflow/.local/lib/python3.12/site-packages/airflow/example_dags/example_display_name.py
[2025-02-06T01:05:35.287+0000] {logging_mixin.py:190} INFO - [2025-02-06T01:05:35.286+0000] {dag.py:3239} INFO - Sync 1 DAGs
[2025-02-06T01:05:35.299+0000] {logging_mixin.py:190} INFO - [2025-02-06T01:05:35.298+0000] {dag.py:4180} INFO - Setting next_dagrun for example_display_name to None, run_after=None
[2025-02-06T01:05:35.318+0000] {processor.py:208} INFO - Processing /home/airflow/.local/lib/python3.12/site-packages/airflow/example_dags/example_display_name.py took 0.066 seconds
[2025-02-06T01:06:06.232+0000] {processor.py:186} INFO - Started process (PID=2639) to work on /home/airflow/.local/lib/python3.12/site-packages/airflow/example_dags/example_display_name.py
[2025-02-06T01:06:06.233+0000] {processor.py:914} INFO - Processing file /home/airflow/.local/lib/python3.12/site-packages/airflow/example_dags/example_display_name.py for tasks to queue
[2025-02-06T01:06:06.236+0000] {logging_mixin.py:190} INFO - [2025-02-06T01:06:06.236+0000] {dagbag.py:588} INFO - Filling up the DagBag from /home/airflow/.local/lib/python3.12/site-packages/airflow/example_dags/example_display_name.py
[2025-02-06T01:06:06.244+0000] {processor.py:925} INFO - DAG(s) 'example_display_name' retrieved from /home/airflow/.local/lib/python3.12/site-packages/airflow/example_dags/example_display_name.py
[2025-02-06T01:06:06.268+0000] {logging_mixin.py:190} INFO - [2025-02-06T01:06:06.268+0000] {dag.py:3239} INFO - Sync 1 DAGs
[2025-02-06T01:06:06.283+0000] {logging_mixin.py:190} INFO - [2025-02-06T01:06:06.282+0000] {dag.py:4180} INFO - Setting next_dagrun for example_display_name to None, run_after=None
[2025-02-06T01:06:06.320+0000] {processor.py:208} INFO - Processing /home/airflow/.local/lib/python3.12/site-packages/airflow/example_dags/example_display_name.py took 0.096 seconds
[2025-02-06T01:06:39.295+0000] {processor.py:186} INFO - Started process (PID=2702) to work on /home/airflow/.local/lib/python3.12/site-packages/airflow/example_dags/example_display_name.py
[2025-02-06T01:06:39.299+0000] {processor.py:914} INFO - Processing file /home/airflow/.local/lib/python3.12/site-packages/airflow/example_dags/example_display_name.py for tasks to queue
[2025-02-06T01:06:39.303+0000] {logging_mixin.py:190} INFO - [2025-02-06T01:06:39.303+0000] {dagbag.py:588} INFO - Filling up the DagBag from /home/airflow/.local/lib/python3.12/site-packages/airflow/example_dags/example_display_name.py
[2025-02-06T01:06:39.312+0000] {processor.py:925} INFO - DAG(s) 'example_display_name' retrieved from /home/airflow/.local/lib/python3.12/site-packages/airflow/example_dags/example_display_name.py
[2025-02-06T01:06:39.345+0000] {logging_mixin.py:190} INFO - [2025-02-06T01:06:39.345+0000] {dag.py:3239} INFO - Sync 1 DAGs
[2025-02-06T01:06:39.379+0000] {logging_mixin.py:190} INFO - [2025-02-06T01:06:39.379+0000] {dag.py:4180} INFO - Setting next_dagrun for example_display_name to None, run_after=None
[2025-02-06T01:06:39.404+0000] {processor.py:208} INFO - Processing /home/airflow/.local/lib/python3.12/site-packages/airflow/example_dags/example_display_name.py took 0.118 seconds
[2025-02-06T01:07:13.345+0000] {processor.py:186} INFO - Started process (PID=2765) to work on /home/airflow/.local/lib/python3.12/site-packages/airflow/example_dags/example_display_name.py
[2025-02-06T01:07:13.346+0000] {processor.py:914} INFO - Processing file /home/airflow/.local/lib/python3.12/site-packages/airflow/example_dags/example_display_name.py for tasks to queue
[2025-02-06T01:07:13.349+0000] {logging_mixin.py:190} INFO - [2025-02-06T01:07:13.348+0000] {dagbag.py:588} INFO - Filling up the DagBag from /home/airflow/.local/lib/python3.12/site-packages/airflow/example_dags/example_display_name.py
[2025-02-06T01:07:13.358+0000] {processor.py:925} INFO - DAG(s) 'example_display_name' retrieved from /home/airflow/.local/lib/python3.12/site-packages/airflow/example_dags/example_display_name.py
[2025-02-06T01:07:13.400+0000] {logging_mixin.py:190} INFO - [2025-02-06T01:07:13.399+0000] {dag.py:3239} INFO - Sync 1 DAGs
[2025-02-06T01:07:13.424+0000] {logging_mixin.py:190} INFO - [2025-02-06T01:07:13.423+0000] {dag.py:4180} INFO - Setting next_dagrun for example_display_name to None, run_after=None
[2025-02-06T01:07:13.464+0000] {processor.py:208} INFO - Processing /home/airflow/.local/lib/python3.12/site-packages/airflow/example_dags/example_display_name.py took 0.125 seconds
[2025-02-06T01:07:45.824+0000] {processor.py:186} INFO - Started process (PID=2828) to work on /home/airflow/.local/lib/python3.12/site-packages/airflow/example_dags/example_display_name.py
[2025-02-06T01:07:45.826+0000] {processor.py:914} INFO - Processing file /home/airflow/.local/lib/python3.12/site-packages/airflow/example_dags/example_display_name.py for tasks to queue
[2025-02-06T01:07:45.829+0000] {logging_mixin.py:190} INFO - [2025-02-06T01:07:45.828+0000] {dagbag.py:588} INFO - Filling up the DagBag from /home/airflow/.local/lib/python3.12/site-packages/airflow/example_dags/example_display_name.py
[2025-02-06T01:07:45.838+0000] {processor.py:925} INFO - DAG(s) 'example_display_name' retrieved from /home/airflow/.local/lib/python3.12/site-packages/airflow/example_dags/example_display_name.py
[2025-02-06T01:07:45.859+0000] {logging_mixin.py:190} INFO - [2025-02-06T01:07:45.859+0000] {dag.py:3239} INFO - Sync 1 DAGs
[2025-02-06T01:07:45.876+0000] {logging_mixin.py:190} INFO - [2025-02-06T01:07:45.876+0000] {dag.py:4180} INFO - Setting next_dagrun for example_display_name to None, run_after=None
[2025-02-06T01:07:45.898+0000] {processor.py:208} INFO - Processing /home/airflow/.local/lib/python3.12/site-packages/airflow/example_dags/example_display_name.py took 0.079 seconds
[2025-02-06T01:08:18.944+0000] {processor.py:186} INFO - Started process (PID=2891) to work on /home/airflow/.local/lib/python3.12/site-packages/airflow/example_dags/example_display_name.py
[2025-02-06T01:08:18.946+0000] {processor.py:914} INFO - Processing file /home/airflow/.local/lib/python3.12/site-packages/airflow/example_dags/example_display_name.py for tasks to queue
[2025-02-06T01:08:18.950+0000] {logging_mixin.py:190} INFO - [2025-02-06T01:08:18.949+0000] {dagbag.py:588} INFO - Filling up the DagBag from /home/airflow/.local/lib/python3.12/site-packages/airflow/example_dags/example_display_name.py
[2025-02-06T01:08:18.960+0000] {processor.py:925} INFO - DAG(s) 'example_display_name' retrieved from /home/airflow/.local/lib/python3.12/site-packages/airflow/example_dags/example_display_name.py
[2025-02-06T01:08:18.982+0000] {logging_mixin.py:190} INFO - [2025-02-06T01:08:18.981+0000] {dag.py:3239} INFO - Sync 1 DAGs
[2025-02-06T01:08:18.996+0000] {logging_mixin.py:190} INFO - [2025-02-06T01:08:18.995+0000] {dag.py:4180} INFO - Setting next_dagrun for example_display_name to None, run_after=None
[2025-02-06T01:08:19.027+0000] {processor.py:208} INFO - Processing /home/airflow/.local/lib/python3.12/site-packages/airflow/example_dags/example_display_name.py took 0.089 seconds
[2025-02-06T01:08:51.319+0000] {processor.py:186} INFO - Started process (PID=2954) to work on /home/airflow/.local/lib/python3.12/site-packages/airflow/example_dags/example_display_name.py
[2025-02-06T01:08:51.320+0000] {processor.py:914} INFO - Processing file /home/airflow/.local/lib/python3.12/site-packages/airflow/example_dags/example_display_name.py for tasks to queue
[2025-02-06T01:08:51.323+0000] {logging_mixin.py:190} INFO - [2025-02-06T01:08:51.322+0000] {dagbag.py:588} INFO - Filling up the DagBag from /home/airflow/.local/lib/python3.12/site-packages/airflow/example_dags/example_display_name.py
[2025-02-06T01:08:51.329+0000] {processor.py:925} INFO - DAG(s) 'example_display_name' retrieved from /home/airflow/.local/lib/python3.12/site-packages/airflow/example_dags/example_display_name.py
[2025-02-06T01:08:51.354+0000] {logging_mixin.py:190} INFO - [2025-02-06T01:08:51.354+0000] {dag.py:3239} INFO - Sync 1 DAGs
[2025-02-06T01:08:51.369+0000] {logging_mixin.py:190} INFO - [2025-02-06T01:08:51.369+0000] {dag.py:4180} INFO - Setting next_dagrun for example_display_name to None, run_after=None
[2025-02-06T01:08:51.391+0000] {processor.py:208} INFO - Processing /home/airflow/.local/lib/python3.12/site-packages/airflow/example_dags/example_display_name.py took 0.078 seconds
[2025-02-06T01:09:23.908+0000] {processor.py:186} INFO - Started process (PID=3017) to work on /home/airflow/.local/lib/python3.12/site-packages/airflow/example_dags/example_display_name.py
[2025-02-06T01:09:23.910+0000] {processor.py:914} INFO - Processing file /home/airflow/.local/lib/python3.12/site-packages/airflow/example_dags/example_display_name.py for tasks to queue
[2025-02-06T01:09:23.916+0000] {logging_mixin.py:190} INFO - [2025-02-06T01:09:23.915+0000] {dagbag.py:588} INFO - Filling up the DagBag from /home/airflow/.local/lib/python3.12/site-packages/airflow/example_dags/example_display_name.py
[2025-02-06T01:09:23.953+0000] {processor.py:925} INFO - DAG(s) 'example_display_name' retrieved from /home/airflow/.local/lib/python3.12/site-packages/airflow/example_dags/example_display_name.py
[2025-02-06T01:09:24.024+0000] {logging_mixin.py:190} INFO - [2025-02-06T01:09:24.023+0000] {dag.py:3239} INFO - Sync 1 DAGs
[2025-02-06T01:09:24.059+0000] {logging_mixin.py:190} INFO - [2025-02-06T01:09:24.059+0000] {dag.py:4180} INFO - Setting next_dagrun for example_display_name to None, run_after=None
[2025-02-06T01:09:24.138+0000] {processor.py:208} INFO - Processing /home/airflow/.local/lib/python3.12/site-packages/airflow/example_dags/example_display_name.py took 0.241 seconds
[2025-02-06T01:09:57.028+0000] {processor.py:186} INFO - Started process (PID=3080) to work on /home/airflow/.local/lib/python3.12/site-packages/airflow/example_dags/example_display_name.py
[2025-02-06T01:09:57.030+0000] {processor.py:914} INFO - Processing file /home/airflow/.local/lib/python3.12/site-packages/airflow/example_dags/example_display_name.py for tasks to queue
[2025-02-06T01:09:57.036+0000] {logging_mixin.py:190} INFO - [2025-02-06T01:09:57.035+0000] {dagbag.py:588} INFO - Filling up the DagBag from /home/airflow/.local/lib/python3.12/site-packages/airflow/example_dags/example_display_name.py
[2025-02-06T01:09:57.057+0000] {processor.py:925} INFO - DAG(s) 'example_display_name' retrieved from /home/airflow/.local/lib/python3.12/site-packages/airflow/example_dags/example_display_name.py
[2025-02-06T01:09:57.087+0000] {logging_mixin.py:190} INFO - [2025-02-06T01:09:57.087+0000] {dag.py:3239} INFO - Sync 1 DAGs
[2025-02-06T01:09:57.117+0000] {logging_mixin.py:190} INFO - [2025-02-06T01:09:57.117+0000] {dag.py:4180} INFO - Setting next_dagrun for example_display_name to None, run_after=None
[2025-02-06T01:09:57.152+0000] {processor.py:208} INFO - Processing /home/airflow/.local/lib/python3.12/site-packages/airflow/example_dags/example_display_name.py took 0.135 seconds
[2025-02-06T01:10:30.579+0000] {processor.py:186} INFO - Started process (PID=3143) to work on /home/airflow/.local/lib/python3.12/site-packages/airflow/example_dags/example_display_name.py
[2025-02-06T01:10:30.581+0000] {processor.py:914} INFO - Processing file /home/airflow/.local/lib/python3.12/site-packages/airflow/example_dags/example_display_name.py for tasks to queue
[2025-02-06T01:10:30.584+0000] {logging_mixin.py:190} INFO - [2025-02-06T01:10:30.583+0000] {dagbag.py:588} INFO - Filling up the DagBag from /home/airflow/.local/lib/python3.12/site-packages/airflow/example_dags/example_display_name.py
[2025-02-06T01:10:30.591+0000] {processor.py:925} INFO - DAG(s) 'example_display_name' retrieved from /home/airflow/.local/lib/python3.12/site-packages/airflow/example_dags/example_display_name.py
[2025-02-06T01:10:30.612+0000] {logging_mixin.py:190} INFO - [2025-02-06T01:10:30.612+0000] {dag.py:3239} INFO - Sync 1 DAGs
[2025-02-06T01:10:30.629+0000] {logging_mixin.py:190} INFO - [2025-02-06T01:10:30.629+0000] {dag.py:4180} INFO - Setting next_dagrun for example_display_name to None, run_after=None
[2025-02-06T01:10:30.653+0000] {processor.py:208} INFO - Processing /home/airflow/.local/lib/python3.12/site-packages/airflow/example_dags/example_display_name.py took 0.078 seconds
[2025-02-06T01:11:06.827+0000] {processor.py:186} INFO - Started process (PID=3206) to work on /home/airflow/.local/lib/python3.12/site-packages/airflow/example_dags/example_display_name.py
[2025-02-06T01:11:06.828+0000] {processor.py:914} INFO - Processing file /home/airflow/.local/lib/python3.12/site-packages/airflow/example_dags/example_display_name.py for tasks to queue
[2025-02-06T01:11:06.831+0000] {logging_mixin.py:190} INFO - [2025-02-06T01:11:06.831+0000] {dagbag.py:588} INFO - Filling up the DagBag from /home/airflow/.local/lib/python3.12/site-packages/airflow/example_dags/example_display_name.py
[2025-02-06T01:11:06.843+0000] {processor.py:925} INFO - DAG(s) 'example_display_name' retrieved from /home/airflow/.local/lib/python3.12/site-packages/airflow/example_dags/example_display_name.py
[2025-02-06T01:11:06.867+0000] {logging_mixin.py:190} INFO - [2025-02-06T01:11:06.867+0000] {dag.py:3239} INFO - Sync 1 DAGs
[2025-02-06T01:11:07.115+0000] {logging_mixin.py:190} INFO - [2025-02-06T01:11:07.114+0000] {dag.py:4180} INFO - Setting next_dagrun for example_display_name to None, run_after=None
[2025-02-06T01:11:07.142+0000] {processor.py:208} INFO - Processing /home/airflow/.local/lib/python3.12/site-packages/airflow/example_dags/example_display_name.py took 0.319 seconds
[2025-02-06T01:11:38.253+0000] {processor.py:186} INFO - Started process (PID=3269) to work on /home/airflow/.local/lib/python3.12/site-packages/airflow/example_dags/example_display_name.py
[2025-02-06T01:11:38.254+0000] {processor.py:914} INFO - Processing file /home/airflow/.local/lib/python3.12/site-packages/airflow/example_dags/example_display_name.py for tasks to queue
[2025-02-06T01:11:38.257+0000] {logging_mixin.py:190} INFO - [2025-02-06T01:11:38.257+0000] {dagbag.py:588} INFO - Filling up the DagBag from /home/airflow/.local/lib/python3.12/site-packages/airflow/example_dags/example_display_name.py
[2025-02-06T01:11:38.264+0000] {processor.py:925} INFO - DAG(s) 'example_display_name' retrieved from /home/airflow/.local/lib/python3.12/site-packages/airflow/example_dags/example_display_name.py
[2025-02-06T01:11:38.285+0000] {logging_mixin.py:190} INFO - [2025-02-06T01:11:38.285+0000] {dag.py:3239} INFO - Sync 1 DAGs
[2025-02-06T01:11:38.303+0000] {logging_mixin.py:190} INFO - [2025-02-06T01:11:38.303+0000] {dag.py:4180} INFO - Setting next_dagrun for example_display_name to None, run_after=None
[2025-02-06T01:11:38.542+0000] {processor.py:208} INFO - Processing /home/airflow/.local/lib/python3.12/site-packages/airflow/example_dags/example_display_name.py took 0.294 seconds
[2025-02-06T01:12:08.720+0000] {processor.py:186} INFO - Started process (PID=3332) to work on /home/airflow/.local/lib/python3.12/site-packages/airflow/example_dags/example_display_name.py
[2025-02-06T01:12:08.721+0000] {processor.py:914} INFO - Processing file /home/airflow/.local/lib/python3.12/site-packages/airflow/example_dags/example_display_name.py for tasks to queue
[2025-02-06T01:12:08.723+0000] {logging_mixin.py:190} INFO - [2025-02-06T01:12:08.723+0000] {dagbag.py:588} INFO - Filling up the DagBag from /home/airflow/.local/lib/python3.12/site-packages/airflow/example_dags/example_display_name.py
[2025-02-06T01:12:08.730+0000] {processor.py:925} INFO - DAG(s) 'example_display_name' retrieved from /home/airflow/.local/lib/python3.12/site-packages/airflow/example_dags/example_display_name.py
[2025-02-06T01:12:08.747+0000] {logging_mixin.py:190} INFO - [2025-02-06T01:12:08.747+0000] {dag.py:3239} INFO - Sync 1 DAGs
[2025-02-06T01:12:08.759+0000] {logging_mixin.py:190} INFO - [2025-02-06T01:12:08.759+0000] {dag.py:4180} INFO - Setting next_dagrun for example_display_name to None, run_after=None
[2025-02-06T01:12:08.776+0000] {processor.py:208} INFO - Processing /home/airflow/.local/lib/python3.12/site-packages/airflow/example_dags/example_display_name.py took 0.061 seconds
[2025-02-06T01:12:41.974+0000] {processor.py:186} INFO - Started process (PID=3395) to work on /home/airflow/.local/lib/python3.12/site-packages/airflow/example_dags/example_display_name.py
[2025-02-06T01:12:41.975+0000] {processor.py:914} INFO - Processing file /home/airflow/.local/lib/python3.12/site-packages/airflow/example_dags/example_display_name.py for tasks to queue
[2025-02-06T01:12:41.978+0000] {logging_mixin.py:190} INFO - [2025-02-06T01:12:41.977+0000] {dagbag.py:588} INFO - Filling up the DagBag from /home/airflow/.local/lib/python3.12/site-packages/airflow/example_dags/example_display_name.py
[2025-02-06T01:12:41.987+0000] {processor.py:925} INFO - DAG(s) 'example_display_name' retrieved from /home/airflow/.local/lib/python3.12/site-packages/airflow/example_dags/example_display_name.py
[2025-02-06T01:12:42.041+0000] {logging_mixin.py:190} INFO - [2025-02-06T01:12:42.041+0000] {dag.py:3239} INFO - Sync 1 DAGs
[2025-02-06T01:12:42.068+0000] {logging_mixin.py:190} INFO - [2025-02-06T01:12:42.068+0000] {dag.py:4180} INFO - Setting next_dagrun for example_display_name to None, run_after=None
[2025-02-06T01:12:42.112+0000] {processor.py:208} INFO - Processing /home/airflow/.local/lib/python3.12/site-packages/airflow/example_dags/example_display_name.py took 0.148 seconds
[2025-02-06T01:13:13.016+0000] {processor.py:186} INFO - Started process (PID=3459) to work on /home/airflow/.local/lib/python3.12/site-packages/airflow/example_dags/example_display_name.py
[2025-02-06T01:13:13.018+0000] {processor.py:914} INFO - Processing file /home/airflow/.local/lib/python3.12/site-packages/airflow/example_dags/example_display_name.py for tasks to queue
[2025-02-06T01:13:13.021+0000] {logging_mixin.py:190} INFO - [2025-02-06T01:13:13.020+0000] {dagbag.py:588} INFO - Filling up the DagBag from /home/airflow/.local/lib/python3.12/site-packages/airflow/example_dags/example_display_name.py
[2025-02-06T01:13:13.028+0000] {processor.py:925} INFO - DAG(s) 'example_display_name' retrieved from /home/airflow/.local/lib/python3.12/site-packages/airflow/example_dags/example_display_name.py
[2025-02-06T01:13:13.053+0000] {logging_mixin.py:190} INFO - [2025-02-06T01:13:13.053+0000] {dag.py:3239} INFO - Sync 1 DAGs
[2025-02-06T01:13:13.069+0000] {logging_mixin.py:190} INFO - [2025-02-06T01:13:13.069+0000] {dag.py:4180} INFO - Setting next_dagrun for example_display_name to None, run_after=None
[2025-02-06T01:13:13.090+0000] {processor.py:208} INFO - Processing /home/airflow/.local/lib/python3.12/site-packages/airflow/example_dags/example_display_name.py took 0.079 seconds
[2025-02-06T01:13:43.662+0000] {processor.py:186} INFO - Started process (PID=3522) to work on /home/airflow/.local/lib/python3.12/site-packages/airflow/example_dags/example_display_name.py
[2025-02-06T01:13:43.663+0000] {processor.py:914} INFO - Processing file /home/airflow/.local/lib/python3.12/site-packages/airflow/example_dags/example_display_name.py for tasks to queue
[2025-02-06T01:13:43.666+0000] {logging_mixin.py:190} INFO - [2025-02-06T01:13:43.666+0000] {dagbag.py:588} INFO - Filling up the DagBag from /home/airflow/.local/lib/python3.12/site-packages/airflow/example_dags/example_display_name.py
[2025-02-06T01:13:43.672+0000] {processor.py:925} INFO - DAG(s) 'example_display_name' retrieved from /home/airflow/.local/lib/python3.12/site-packages/airflow/example_dags/example_display_name.py
[2025-02-06T01:13:43.689+0000] {logging_mixin.py:190} INFO - [2025-02-06T01:13:43.688+0000] {dag.py:3239} INFO - Sync 1 DAGs
[2025-02-06T01:13:43.701+0000] {logging_mixin.py:190} INFO - [2025-02-06T01:13:43.701+0000] {dag.py:4180} INFO - Setting next_dagrun for example_display_name to None, run_after=None
[2025-02-06T01:13:43.720+0000] {processor.py:208} INFO - Processing /home/airflow/.local/lib/python3.12/site-packages/airflow/example_dags/example_display_name.py took 0.063 seconds
[2025-02-06T01:14:14.907+0000] {processor.py:186} INFO - Started process (PID=3585) to work on /home/airflow/.local/lib/python3.12/site-packages/airflow/example_dags/example_display_name.py
[2025-02-06T01:14:14.908+0000] {processor.py:914} INFO - Processing file /home/airflow/.local/lib/python3.12/site-packages/airflow/example_dags/example_display_name.py for tasks to queue
[2025-02-06T01:14:14.910+0000] {logging_mixin.py:190} INFO - [2025-02-06T01:14:14.910+0000] {dagbag.py:588} INFO - Filling up the DagBag from /home/airflow/.local/lib/python3.12/site-packages/airflow/example_dags/example_display_name.py
[2025-02-06T01:14:14.916+0000] {processor.py:925} INFO - DAG(s) 'example_display_name' retrieved from /home/airflow/.local/lib/python3.12/site-packages/airflow/example_dags/example_display_name.py
[2025-02-06T01:14:14.932+0000] {logging_mixin.py:190} INFO - [2025-02-06T01:14:14.932+0000] {dag.py:3239} INFO - Sync 1 DAGs
[2025-02-06T01:14:14.944+0000] {logging_mixin.py:190} INFO - [2025-02-06T01:14:14.943+0000] {dag.py:4180} INFO - Setting next_dagrun for example_display_name to None, run_after=None
[2025-02-06T01:14:14.966+0000] {processor.py:208} INFO - Processing /home/airflow/.local/lib/python3.12/site-packages/airflow/example_dags/example_display_name.py took 0.064 seconds
[2025-02-06T01:14:47.902+0000] {processor.py:186} INFO - Started process (PID=3648) to work on /home/airflow/.local/lib/python3.12/site-packages/airflow/example_dags/example_display_name.py
[2025-02-06T01:14:47.903+0000] {processor.py:914} INFO - Processing file /home/airflow/.local/lib/python3.12/site-packages/airflow/example_dags/example_display_name.py for tasks to queue
[2025-02-06T01:14:47.905+0000] {logging_mixin.py:190} INFO - [2025-02-06T01:14:47.905+0000] {dagbag.py:588} INFO - Filling up the DagBag from /home/airflow/.local/lib/python3.12/site-packages/airflow/example_dags/example_display_name.py
[2025-02-06T01:14:47.911+0000] {processor.py:925} INFO - DAG(s) 'example_display_name' retrieved from /home/airflow/.local/lib/python3.12/site-packages/airflow/example_dags/example_display_name.py
[2025-02-06T01:14:47.928+0000] {logging_mixin.py:190} INFO - [2025-02-06T01:14:47.927+0000] {dag.py:3239} INFO - Sync 1 DAGs
[2025-02-06T01:14:47.942+0000] {logging_mixin.py:190} INFO - [2025-02-06T01:14:47.941+0000] {dag.py:4180} INFO - Setting next_dagrun for example_display_name to None, run_after=None
[2025-02-06T01:14:47.959+0000] {processor.py:208} INFO - Processing /home/airflow/.local/lib/python3.12/site-packages/airflow/example_dags/example_display_name.py took 0.064 seconds
[2025-02-06T01:15:22.145+0000] {processor.py:186} INFO - Started process (PID=3711) to work on /home/airflow/.local/lib/python3.12/site-packages/airflow/example_dags/example_display_name.py
[2025-02-06T01:15:22.146+0000] {processor.py:914} INFO - Processing file /home/airflow/.local/lib/python3.12/site-packages/airflow/example_dags/example_display_name.py for tasks to queue
[2025-02-06T01:15:22.160+0000] {logging_mixin.py:190} INFO - [2025-02-06T01:15:22.150+0000] {dagbag.py:588} INFO - Filling up the DagBag from /home/airflow/.local/lib/python3.12/site-packages/airflow/example_dags/example_display_name.py
[2025-02-06T01:15:22.172+0000] {processor.py:925} INFO - DAG(s) 'example_display_name' retrieved from /home/airflow/.local/lib/python3.12/site-packages/airflow/example_dags/example_display_name.py
[2025-02-06T01:15:22.196+0000] {logging_mixin.py:190} INFO - [2025-02-06T01:15:22.196+0000] {dag.py:3239} INFO - Sync 1 DAGs
[2025-02-06T01:15:22.211+0000] {logging_mixin.py:190} INFO - [2025-02-06T01:15:22.210+0000] {dag.py:4180} INFO - Setting next_dagrun for example_display_name to None, run_after=None
[2025-02-06T01:15:22.240+0000] {processor.py:208} INFO - Processing /home/airflow/.local/lib/python3.12/site-packages/airflow/example_dags/example_display_name.py took 0.114 seconds
[2025-02-06T01:15:53.537+0000] {processor.py:186} INFO - Started process (PID=3774) to work on /home/airflow/.local/lib/python3.12/site-packages/airflow/example_dags/example_display_name.py
[2025-02-06T01:15:53.538+0000] {processor.py:914} INFO - Processing file /home/airflow/.local/lib/python3.12/site-packages/airflow/example_dags/example_display_name.py for tasks to queue
[2025-02-06T01:15:53.541+0000] {logging_mixin.py:190} INFO - [2025-02-06T01:15:53.540+0000] {dagbag.py:588} INFO - Filling up the DagBag from /home/airflow/.local/lib/python3.12/site-packages/airflow/example_dags/example_display_name.py
[2025-02-06T01:15:53.549+0000] {processor.py:925} INFO - DAG(s) 'example_display_name' retrieved from /home/airflow/.local/lib/python3.12/site-packages/airflow/example_dags/example_display_name.py
[2025-02-06T01:15:53.570+0000] {logging_mixin.py:190} INFO - [2025-02-06T01:15:53.570+0000] {dag.py:3239} INFO - Sync 1 DAGs
[2025-02-06T01:15:53.583+0000] {logging_mixin.py:190} INFO - [2025-02-06T01:15:53.582+0000] {dag.py:4180} INFO - Setting next_dagrun for example_display_name to None, run_after=None
[2025-02-06T01:15:53.605+0000] {processor.py:208} INFO - Processing /home/airflow/.local/lib/python3.12/site-packages/airflow/example_dags/example_display_name.py took 0.074 seconds
[2025-02-06T01:16:29.053+0000] {processor.py:186} INFO - Started process (PID=3837) to work on /home/airflow/.local/lib/python3.12/site-packages/airflow/example_dags/example_display_name.py
[2025-02-06T01:16:29.055+0000] {processor.py:914} INFO - Processing file /home/airflow/.local/lib/python3.12/site-packages/airflow/example_dags/example_display_name.py for tasks to queue
[2025-02-06T01:16:29.060+0000] {logging_mixin.py:190} INFO - [2025-02-06T01:16:29.059+0000] {dagbag.py:588} INFO - Filling up the DagBag from /home/airflow/.local/lib/python3.12/site-packages/airflow/example_dags/example_display_name.py
[2025-02-06T01:16:29.071+0000] {processor.py:925} INFO - DAG(s) 'example_display_name' retrieved from /home/airflow/.local/lib/python3.12/site-packages/airflow/example_dags/example_display_name.py
[2025-02-06T01:16:29.097+0000] {logging_mixin.py:190} INFO - [2025-02-06T01:16:29.097+0000] {dag.py:3239} INFO - Sync 1 DAGs
[2025-02-06T01:16:29.116+0000] {logging_mixin.py:190} INFO - [2025-02-06T01:16:29.116+0000] {dag.py:4180} INFO - Setting next_dagrun for example_display_name to None, run_after=None
[2025-02-06T01:16:29.139+0000] {processor.py:208} INFO - Processing /home/airflow/.local/lib/python3.12/site-packages/airflow/example_dags/example_display_name.py took 0.091 seconds
