[2025-02-06T00:44:32.239+0000] {processor.py:186} INFO - Started process (PID=80) to work on /home/airflow/.local/lib/python3.12/site-packages/airflow/example_dags/example_python_operator.py
[2025-02-06T00:44:32.240+0000] {processor.py:914} INFO - Processing file /home/airflow/.local/lib/python3.12/site-packages/airflow/example_dags/example_python_operator.py for tasks to queue
[2025-02-06T00:44:32.242+0000] {logging_mixin.py:190} INFO - [2025-02-06T00:44:32.242+0000] {dagbag.py:588} INFO - Filling up the DagBag from /home/airflow/.local/lib/python3.12/site-packages/airflow/example_dags/example_python_operator.py
[2025-02-06T00:44:32.262+0000] {processor.py:925} INFO - DAG(s) 'example_python_operator' retrieved from /home/airflow/.local/lib/python3.12/site-packages/airflow/example_dags/example_python_operator.py
[2025-02-06T00:44:32.367+0000] {logging_mixin.py:190} INFO - [2025-02-06T00:44:32.367+0000] {override.py:1911} INFO - Created Permission View: can delete on DAG:example_python_operator
[2025-02-06T00:44:32.379+0000] {logging_mixin.py:190} INFO - [2025-02-06T00:44:32.378+0000] {override.py:1911} INFO - Created Permission View: can edit on DAG:example_python_operator
[2025-02-06T00:44:32.387+0000] {logging_mixin.py:190} INFO - [2025-02-06T00:44:32.387+0000] {override.py:1911} INFO - Created Permission View: can read on DAG:example_python_operator
[2025-02-06T00:44:32.396+0000] {logging_mixin.py:190} INFO - [2025-02-06T00:44:32.395+0000] {override.py:1911} INFO - Created Permission View: menu access on DAG Run:example_python_operator
[2025-02-06T00:44:32.404+0000] {logging_mixin.py:190} INFO - [2025-02-06T00:44:32.404+0000] {override.py:1911} INFO - Created Permission View: can delete on DAG Run:example_python_operator
[2025-02-06T00:44:32.413+0000] {logging_mixin.py:190} INFO - [2025-02-06T00:44:32.412+0000] {override.py:1911} INFO - Created Permission View: can read on DAG Run:example_python_operator
[2025-02-06T00:44:32.420+0000] {logging_mixin.py:190} INFO - [2025-02-06T00:44:32.420+0000] {override.py:1911} INFO - Created Permission View: can create on DAG Run:example_python_operator
[2025-02-06T00:44:32.421+0000] {logging_mixin.py:190} INFO - [2025-02-06T00:44:32.420+0000] {dag.py:3239} INFO - Sync 1 DAGs
[2025-02-06T00:44:32.431+0000] {logging_mixin.py:190} INFO - [2025-02-06T00:44:32.431+0000] {dag.py:3262} INFO - Creating ORM DAG for example_python_operator
[2025-02-06T00:44:32.432+0000] {logging_mixin.py:190} INFO - [2025-02-06T00:44:32.432+0000] {dag.py:4180} INFO - Setting next_dagrun for example_python_operator to None, run_after=None
[2025-02-06T00:44:32.448+0000] {processor.py:208} INFO - Processing /home/airflow/.local/lib/python3.12/site-packages/airflow/example_dags/example_python_operator.py took 0.215 seconds
[2025-02-06T00:45:03.411+0000] {processor.py:186} INFO - Started process (PID=142) to work on /home/airflow/.local/lib/python3.12/site-packages/airflow/example_dags/example_python_operator.py
[2025-02-06T00:45:03.412+0000] {processor.py:914} INFO - Processing file /home/airflow/.local/lib/python3.12/site-packages/airflow/example_dags/example_python_operator.py for tasks to queue
[2025-02-06T00:45:03.414+0000] {logging_mixin.py:190} INFO - [2025-02-06T00:45:03.414+0000] {dagbag.py:588} INFO - Filling up the DagBag from /home/airflow/.local/lib/python3.12/site-packages/airflow/example_dags/example_python_operator.py
[2025-02-06T00:45:03.424+0000] {processor.py:925} INFO - DAG(s) 'example_python_operator' retrieved from /home/airflow/.local/lib/python3.12/site-packages/airflow/example_dags/example_python_operator.py
[2025-02-06T00:45:03.447+0000] {logging_mixin.py:190} INFO - [2025-02-06T00:45:03.446+0000] {dag.py:3239} INFO - Sync 1 DAGs
[2025-02-06T00:45:03.466+0000] {logging_mixin.py:190} INFO - [2025-02-06T00:45:03.466+0000] {dag.py:4180} INFO - Setting next_dagrun for example_python_operator to None, run_after=None
[2025-02-06T00:45:03.497+0000] {processor.py:208} INFO - Processing /home/airflow/.local/lib/python3.12/site-packages/airflow/example_dags/example_python_operator.py took 0.090 seconds
[2025-02-06T00:45:33.583+0000] {processor.py:186} INFO - Started process (PID=199) to work on /home/airflow/.local/lib/python3.12/site-packages/airflow/example_dags/example_python_operator.py
[2025-02-06T00:45:33.585+0000] {processor.py:914} INFO - Processing file /home/airflow/.local/lib/python3.12/site-packages/airflow/example_dags/example_python_operator.py for tasks to queue
[2025-02-06T00:45:33.587+0000] {logging_mixin.py:190} INFO - [2025-02-06T00:45:33.587+0000] {dagbag.py:588} INFO - Filling up the DagBag from /home/airflow/.local/lib/python3.12/site-packages/airflow/example_dags/example_python_operator.py
[2025-02-06T00:45:33.597+0000] {processor.py:925} INFO - DAG(s) 'example_python_operator' retrieved from /home/airflow/.local/lib/python3.12/site-packages/airflow/example_dags/example_python_operator.py
[2025-02-06T00:45:33.621+0000] {logging_mixin.py:190} INFO - [2025-02-06T00:45:33.621+0000] {dag.py:3239} INFO - Sync 1 DAGs
[2025-02-06T00:45:33.634+0000] {logging_mixin.py:190} INFO - [2025-02-06T00:45:33.633+0000] {dag.py:4180} INFO - Setting next_dagrun for example_python_operator to None, run_after=None
[2025-02-06T00:45:33.652+0000] {processor.py:208} INFO - Processing /home/airflow/.local/lib/python3.12/site-packages/airflow/example_dags/example_python_operator.py took 0.073 seconds
[2025-02-06T00:46:04.044+0000] {processor.py:186} INFO - Started process (PID=262) to work on /home/airflow/.local/lib/python3.12/site-packages/airflow/example_dags/example_python_operator.py
[2025-02-06T00:46:04.045+0000] {processor.py:914} INFO - Processing file /home/airflow/.local/lib/python3.12/site-packages/airflow/example_dags/example_python_operator.py for tasks to queue
[2025-02-06T00:46:04.048+0000] {logging_mixin.py:190} INFO - [2025-02-06T00:46:04.048+0000] {dagbag.py:588} INFO - Filling up the DagBag from /home/airflow/.local/lib/python3.12/site-packages/airflow/example_dags/example_python_operator.py
[2025-02-06T00:46:04.059+0000] {processor.py:925} INFO - DAG(s) 'example_python_operator' retrieved from /home/airflow/.local/lib/python3.12/site-packages/airflow/example_dags/example_python_operator.py
[2025-02-06T00:46:04.082+0000] {logging_mixin.py:190} INFO - [2025-02-06T00:46:04.082+0000] {dag.py:3239} INFO - Sync 1 DAGs
[2025-02-06T00:46:04.097+0000] {logging_mixin.py:190} INFO - [2025-02-06T00:46:04.097+0000] {dag.py:4180} INFO - Setting next_dagrun for example_python_operator to None, run_after=None
[2025-02-06T00:46:04.122+0000] {processor.py:208} INFO - Processing /home/airflow/.local/lib/python3.12/site-packages/airflow/example_dags/example_python_operator.py took 0.083 seconds
[2025-02-06T00:46:34.967+0000] {processor.py:186} INFO - Started process (PID=325) to work on /home/airflow/.local/lib/python3.12/site-packages/airflow/example_dags/example_python_operator.py
[2025-02-06T00:46:34.968+0000] {processor.py:914} INFO - Processing file /home/airflow/.local/lib/python3.12/site-packages/airflow/example_dags/example_python_operator.py for tasks to queue
[2025-02-06T00:46:34.971+0000] {logging_mixin.py:190} INFO - [2025-02-06T00:46:34.971+0000] {dagbag.py:588} INFO - Filling up the DagBag from /home/airflow/.local/lib/python3.12/site-packages/airflow/example_dags/example_python_operator.py
[2025-02-06T00:46:34.982+0000] {processor.py:925} INFO - DAG(s) 'example_python_operator' retrieved from /home/airflow/.local/lib/python3.12/site-packages/airflow/example_dags/example_python_operator.py
[2025-02-06T00:46:35.014+0000] {logging_mixin.py:190} INFO - [2025-02-06T00:46:35.014+0000] {dag.py:3239} INFO - Sync 1 DAGs
[2025-02-06T00:46:35.040+0000] {logging_mixin.py:190} INFO - [2025-02-06T00:46:35.040+0000] {dag.py:4180} INFO - Setting next_dagrun for example_python_operator to None, run_after=None
[2025-02-06T00:46:35.074+0000] {processor.py:208} INFO - Processing /home/airflow/.local/lib/python3.12/site-packages/airflow/example_dags/example_python_operator.py took 0.112 seconds
[2025-02-06T00:47:05.222+0000] {processor.py:186} INFO - Started process (PID=388) to work on /home/airflow/.local/lib/python3.12/site-packages/airflow/example_dags/example_python_operator.py
[2025-02-06T00:47:05.223+0000] {processor.py:914} INFO - Processing file /home/airflow/.local/lib/python3.12/site-packages/airflow/example_dags/example_python_operator.py for tasks to queue
[2025-02-06T00:47:05.225+0000] {logging_mixin.py:190} INFO - [2025-02-06T00:47:05.225+0000] {dagbag.py:588} INFO - Filling up the DagBag from /home/airflow/.local/lib/python3.12/site-packages/airflow/example_dags/example_python_operator.py
[2025-02-06T00:47:05.236+0000] {processor.py:925} INFO - DAG(s) 'example_python_operator' retrieved from /home/airflow/.local/lib/python3.12/site-packages/airflow/example_dags/example_python_operator.py
[2025-02-06T00:47:05.257+0000] {logging_mixin.py:190} INFO - [2025-02-06T00:47:05.256+0000] {dag.py:3239} INFO - Sync 1 DAGs
[2025-02-06T00:47:05.271+0000] {logging_mixin.py:190} INFO - [2025-02-06T00:47:05.271+0000] {dag.py:4180} INFO - Setting next_dagrun for example_python_operator to None, run_after=None
[2025-02-06T00:47:05.289+0000] {processor.py:208} INFO - Processing /home/airflow/.local/lib/python3.12/site-packages/airflow/example_dags/example_python_operator.py took 0.075 seconds
[2025-02-06T00:47:35.357+0000] {processor.py:186} INFO - Started process (PID=452) to work on /home/airflow/.local/lib/python3.12/site-packages/airflow/example_dags/example_python_operator.py
[2025-02-06T00:47:35.358+0000] {processor.py:914} INFO - Processing file /home/airflow/.local/lib/python3.12/site-packages/airflow/example_dags/example_python_operator.py for tasks to queue
[2025-02-06T00:47:35.360+0000] {logging_mixin.py:190} INFO - [2025-02-06T00:47:35.360+0000] {dagbag.py:588} INFO - Filling up the DagBag from /home/airflow/.local/lib/python3.12/site-packages/airflow/example_dags/example_python_operator.py
[2025-02-06T00:47:35.369+0000] {processor.py:925} INFO - DAG(s) 'example_python_operator' retrieved from /home/airflow/.local/lib/python3.12/site-packages/airflow/example_dags/example_python_operator.py
[2025-02-06T00:47:35.387+0000] {logging_mixin.py:190} INFO - [2025-02-06T00:47:35.387+0000] {dag.py:3239} INFO - Sync 1 DAGs
[2025-02-06T00:47:35.398+0000] {logging_mixin.py:190} INFO - [2025-02-06T00:47:35.397+0000] {dag.py:4180} INFO - Setting next_dagrun for example_python_operator to None, run_after=None
[2025-02-06T00:47:35.414+0000] {processor.py:208} INFO - Processing /home/airflow/.local/lib/python3.12/site-packages/airflow/example_dags/example_python_operator.py took 0.062 seconds
[2025-02-06T00:48:06.360+0000] {processor.py:186} INFO - Started process (PID=515) to work on /home/airflow/.local/lib/python3.12/site-packages/airflow/example_dags/example_python_operator.py
[2025-02-06T00:48:06.361+0000] {processor.py:914} INFO - Processing file /home/airflow/.local/lib/python3.12/site-packages/airflow/example_dags/example_python_operator.py for tasks to queue
[2025-02-06T00:48:06.363+0000] {logging_mixin.py:190} INFO - [2025-02-06T00:48:06.363+0000] {dagbag.py:588} INFO - Filling up the DagBag from /home/airflow/.local/lib/python3.12/site-packages/airflow/example_dags/example_python_operator.py
[2025-02-06T00:48:06.373+0000] {processor.py:925} INFO - DAG(s) 'example_python_operator' retrieved from /home/airflow/.local/lib/python3.12/site-packages/airflow/example_dags/example_python_operator.py
[2025-02-06T00:48:06.390+0000] {logging_mixin.py:190} INFO - [2025-02-06T00:48:06.390+0000] {dag.py:3239} INFO - Sync 1 DAGs
[2025-02-06T00:48:06.402+0000] {logging_mixin.py:190} INFO - [2025-02-06T00:48:06.402+0000] {dag.py:4180} INFO - Setting next_dagrun for example_python_operator to None, run_after=None
[2025-02-06T00:48:06.429+0000] {processor.py:208} INFO - Processing /home/airflow/.local/lib/python3.12/site-packages/airflow/example_dags/example_python_operator.py took 0.073 seconds
[2025-02-06T00:48:37.375+0000] {processor.py:186} INFO - Started process (PID=578) to work on /home/airflow/.local/lib/python3.12/site-packages/airflow/example_dags/example_python_operator.py
[2025-02-06T00:48:37.376+0000] {processor.py:914} INFO - Processing file /home/airflow/.local/lib/python3.12/site-packages/airflow/example_dags/example_python_operator.py for tasks to queue
[2025-02-06T00:48:37.378+0000] {logging_mixin.py:190} INFO - [2025-02-06T00:48:37.378+0000] {dagbag.py:588} INFO - Filling up the DagBag from /home/airflow/.local/lib/python3.12/site-packages/airflow/example_dags/example_python_operator.py
[2025-02-06T00:48:37.387+0000] {processor.py:925} INFO - DAG(s) 'example_python_operator' retrieved from /home/airflow/.local/lib/python3.12/site-packages/airflow/example_dags/example_python_operator.py
[2025-02-06T00:48:37.406+0000] {logging_mixin.py:190} INFO - [2025-02-06T00:48:37.405+0000] {dag.py:3239} INFO - Sync 1 DAGs
[2025-02-06T00:48:37.416+0000] {logging_mixin.py:190} INFO - [2025-02-06T00:48:37.416+0000] {dag.py:4180} INFO - Setting next_dagrun for example_python_operator to None, run_after=None
[2025-02-06T00:48:37.436+0000] {processor.py:208} INFO - Processing /home/airflow/.local/lib/python3.12/site-packages/airflow/example_dags/example_python_operator.py took 0.066 seconds
[2025-02-06T00:49:08.692+0000] {processor.py:186} INFO - Started process (PID=641) to work on /home/airflow/.local/lib/python3.12/site-packages/airflow/example_dags/example_python_operator.py
[2025-02-06T00:49:08.693+0000] {processor.py:914} INFO - Processing file /home/airflow/.local/lib/python3.12/site-packages/airflow/example_dags/example_python_operator.py for tasks to queue
[2025-02-06T00:49:08.695+0000] {logging_mixin.py:190} INFO - [2025-02-06T00:49:08.695+0000] {dagbag.py:588} INFO - Filling up the DagBag from /home/airflow/.local/lib/python3.12/site-packages/airflow/example_dags/example_python_operator.py
[2025-02-06T00:49:08.707+0000] {processor.py:925} INFO - DAG(s) 'example_python_operator' retrieved from /home/airflow/.local/lib/python3.12/site-packages/airflow/example_dags/example_python_operator.py
[2025-02-06T00:49:08.735+0000] {logging_mixin.py:190} INFO - [2025-02-06T00:49:08.735+0000] {dag.py:3239} INFO - Sync 1 DAGs
[2025-02-06T00:49:08.753+0000] {logging_mixin.py:190} INFO - [2025-02-06T00:49:08.753+0000] {dag.py:4180} INFO - Setting next_dagrun for example_python_operator to None, run_after=None
[2025-02-06T00:49:08.779+0000] {processor.py:208} INFO - Processing /home/airflow/.local/lib/python3.12/site-packages/airflow/example_dags/example_python_operator.py took 0.093 seconds
[2025-02-06T00:49:41.237+0000] {processor.py:186} INFO - Started process (PID=704) to work on /home/airflow/.local/lib/python3.12/site-packages/airflow/example_dags/example_python_operator.py
[2025-02-06T00:49:41.239+0000] {processor.py:914} INFO - Processing file /home/airflow/.local/lib/python3.12/site-packages/airflow/example_dags/example_python_operator.py for tasks to queue
[2025-02-06T00:49:41.241+0000] {logging_mixin.py:190} INFO - [2025-02-06T00:49:41.241+0000] {dagbag.py:588} INFO - Filling up the DagBag from /home/airflow/.local/lib/python3.12/site-packages/airflow/example_dags/example_python_operator.py
[2025-02-06T00:49:41.255+0000] {processor.py:925} INFO - DAG(s) 'example_python_operator' retrieved from /home/airflow/.local/lib/python3.12/site-packages/airflow/example_dags/example_python_operator.py
[2025-02-06T00:49:41.282+0000] {logging_mixin.py:190} INFO - [2025-02-06T00:49:41.282+0000] {dag.py:3239} INFO - Sync 1 DAGs
[2025-02-06T00:49:41.298+0000] {logging_mixin.py:190} INFO - [2025-02-06T00:49:41.298+0000] {dag.py:4180} INFO - Setting next_dagrun for example_python_operator to None, run_after=None
[2025-02-06T00:49:41.325+0000] {processor.py:208} INFO - Processing /home/airflow/.local/lib/python3.12/site-packages/airflow/example_dags/example_python_operator.py took 0.094 seconds
[2025-02-06T00:50:14.270+0000] {processor.py:186} INFO - Started process (PID=767) to work on /home/airflow/.local/lib/python3.12/site-packages/airflow/example_dags/example_python_operator.py
[2025-02-06T00:50:14.273+0000] {processor.py:914} INFO - Processing file /home/airflow/.local/lib/python3.12/site-packages/airflow/example_dags/example_python_operator.py for tasks to queue
[2025-02-06T00:50:14.277+0000] {logging_mixin.py:190} INFO - [2025-02-06T00:50:14.276+0000] {dagbag.py:588} INFO - Filling up the DagBag from /home/airflow/.local/lib/python3.12/site-packages/airflow/example_dags/example_python_operator.py
[2025-02-06T00:50:14.291+0000] {processor.py:925} INFO - DAG(s) 'example_python_operator' retrieved from /home/airflow/.local/lib/python3.12/site-packages/airflow/example_dags/example_python_operator.py
[2025-02-06T00:50:14.315+0000] {logging_mixin.py:190} INFO - [2025-02-06T00:50:14.315+0000] {dag.py:3239} INFO - Sync 1 DAGs
[2025-02-06T00:50:14.331+0000] {logging_mixin.py:190} INFO - [2025-02-06T00:50:14.331+0000] {dag.py:4180} INFO - Setting next_dagrun for example_python_operator to None, run_after=None
[2025-02-06T00:50:14.349+0000] {processor.py:208} INFO - Processing /home/airflow/.local/lib/python3.12/site-packages/airflow/example_dags/example_python_operator.py took 0.084 seconds
[2025-02-06T00:50:46.569+0000] {processor.py:186} INFO - Started process (PID=830) to work on /home/airflow/.local/lib/python3.12/site-packages/airflow/example_dags/example_python_operator.py
[2025-02-06T00:50:46.570+0000] {processor.py:914} INFO - Processing file /home/airflow/.local/lib/python3.12/site-packages/airflow/example_dags/example_python_operator.py for tasks to queue
[2025-02-06T00:50:46.573+0000] {logging_mixin.py:190} INFO - [2025-02-06T00:50:46.572+0000] {dagbag.py:588} INFO - Filling up the DagBag from /home/airflow/.local/lib/python3.12/site-packages/airflow/example_dags/example_python_operator.py
[2025-02-06T00:50:46.584+0000] {processor.py:925} INFO - DAG(s) 'example_python_operator' retrieved from /home/airflow/.local/lib/python3.12/site-packages/airflow/example_dags/example_python_operator.py
[2025-02-06T00:50:46.613+0000] {logging_mixin.py:190} INFO - [2025-02-06T00:50:46.612+0000] {dag.py:3239} INFO - Sync 1 DAGs
[2025-02-06T00:50:46.632+0000] {logging_mixin.py:190} INFO - [2025-02-06T00:50:46.632+0000] {dag.py:4180} INFO - Setting next_dagrun for example_python_operator to None, run_after=None
[2025-02-06T00:50:46.656+0000] {processor.py:208} INFO - Processing /home/airflow/.local/lib/python3.12/site-packages/airflow/example_dags/example_python_operator.py took 0.092 seconds
[2025-02-06T00:51:20.234+0000] {processor.py:186} INFO - Started process (PID=894) to work on /home/airflow/.local/lib/python3.12/site-packages/airflow/example_dags/example_python_operator.py
[2025-02-06T00:51:20.236+0000] {processor.py:914} INFO - Processing file /home/airflow/.local/lib/python3.12/site-packages/airflow/example_dags/example_python_operator.py for tasks to queue
[2025-02-06T00:51:20.238+0000] {logging_mixin.py:190} INFO - [2025-02-06T00:51:20.238+0000] {dagbag.py:588} INFO - Filling up the DagBag from /home/airflow/.local/lib/python3.12/site-packages/airflow/example_dags/example_python_operator.py
[2025-02-06T00:51:20.250+0000] {processor.py:925} INFO - DAG(s) 'example_python_operator' retrieved from /home/airflow/.local/lib/python3.12/site-packages/airflow/example_dags/example_python_operator.py
[2025-02-06T00:51:20.273+0000] {logging_mixin.py:190} INFO - [2025-02-06T00:51:20.272+0000] {dag.py:3239} INFO - Sync 1 DAGs
[2025-02-06T00:51:20.288+0000] {logging_mixin.py:190} INFO - [2025-02-06T00:51:20.287+0000] {dag.py:4180} INFO - Setting next_dagrun for example_python_operator to None, run_after=None
[2025-02-06T00:51:20.309+0000] {processor.py:208} INFO - Processing /home/airflow/.local/lib/python3.12/site-packages/airflow/example_dags/example_python_operator.py took 0.080 seconds
[2025-02-06T00:51:53.071+0000] {processor.py:186} INFO - Started process (PID=957) to work on /home/airflow/.local/lib/python3.12/site-packages/airflow/example_dags/example_python_operator.py
[2025-02-06T00:51:53.072+0000] {processor.py:914} INFO - Processing file /home/airflow/.local/lib/python3.12/site-packages/airflow/example_dags/example_python_operator.py for tasks to queue
[2025-02-06T00:51:53.075+0000] {logging_mixin.py:190} INFO - [2025-02-06T00:51:53.074+0000] {dagbag.py:588} INFO - Filling up the DagBag from /home/airflow/.local/lib/python3.12/site-packages/airflow/example_dags/example_python_operator.py
[2025-02-06T00:51:53.086+0000] {processor.py:925} INFO - DAG(s) 'example_python_operator' retrieved from /home/airflow/.local/lib/python3.12/site-packages/airflow/example_dags/example_python_operator.py
[2025-02-06T00:51:53.110+0000] {logging_mixin.py:190} INFO - [2025-02-06T00:51:53.110+0000] {dag.py:3239} INFO - Sync 1 DAGs
[2025-02-06T00:51:53.128+0000] {logging_mixin.py:190} INFO - [2025-02-06T00:51:53.127+0000] {dag.py:4180} INFO - Setting next_dagrun for example_python_operator to None, run_after=None
[2025-02-06T00:51:53.153+0000] {processor.py:208} INFO - Processing /home/airflow/.local/lib/python3.12/site-packages/airflow/example_dags/example_python_operator.py took 0.088 seconds
[2025-02-06T00:52:23.514+0000] {processor.py:186} INFO - Started process (PID=1019) to work on /home/airflow/.local/lib/python3.12/site-packages/airflow/example_dags/example_python_operator.py
[2025-02-06T00:52:23.515+0000] {processor.py:914} INFO - Processing file /home/airflow/.local/lib/python3.12/site-packages/airflow/example_dags/example_python_operator.py for tasks to queue
[2025-02-06T00:52:23.517+0000] {logging_mixin.py:190} INFO - [2025-02-06T00:52:23.517+0000] {dagbag.py:588} INFO - Filling up the DagBag from /home/airflow/.local/lib/python3.12/site-packages/airflow/example_dags/example_python_operator.py
[2025-02-06T00:52:23.530+0000] {processor.py:925} INFO - DAG(s) 'example_python_operator' retrieved from /home/airflow/.local/lib/python3.12/site-packages/airflow/example_dags/example_python_operator.py
[2025-02-06T00:52:23.553+0000] {logging_mixin.py:190} INFO - [2025-02-06T00:52:23.552+0000] {dag.py:3239} INFO - Sync 1 DAGs
[2025-02-06T00:52:23.569+0000] {logging_mixin.py:190} INFO - [2025-02-06T00:52:23.569+0000] {dag.py:4180} INFO - Setting next_dagrun for example_python_operator to None, run_after=None
[2025-02-06T00:52:23.590+0000] {processor.py:208} INFO - Processing /home/airflow/.local/lib/python3.12/site-packages/airflow/example_dags/example_python_operator.py took 0.081 seconds
[2025-02-06T00:52:54.011+0000] {processor.py:186} INFO - Started process (PID=1082) to work on /home/airflow/.local/lib/python3.12/site-packages/airflow/example_dags/example_python_operator.py
[2025-02-06T00:52:54.012+0000] {processor.py:914} INFO - Processing file /home/airflow/.local/lib/python3.12/site-packages/airflow/example_dags/example_python_operator.py for tasks to queue
[2025-02-06T00:52:54.015+0000] {logging_mixin.py:190} INFO - [2025-02-06T00:52:54.015+0000] {dagbag.py:588} INFO - Filling up the DagBag from /home/airflow/.local/lib/python3.12/site-packages/airflow/example_dags/example_python_operator.py
[2025-02-06T00:52:54.027+0000] {processor.py:925} INFO - DAG(s) 'example_python_operator' retrieved from /home/airflow/.local/lib/python3.12/site-packages/airflow/example_dags/example_python_operator.py
[2025-02-06T00:52:54.051+0000] {logging_mixin.py:190} INFO - [2025-02-06T00:52:54.050+0000] {dag.py:3239} INFO - Sync 1 DAGs
[2025-02-06T00:52:54.069+0000] {logging_mixin.py:190} INFO - [2025-02-06T00:52:54.069+0000] {dag.py:4180} INFO - Setting next_dagrun for example_python_operator to None, run_after=None
[2025-02-06T00:52:54.091+0000] {processor.py:208} INFO - Processing /home/airflow/.local/lib/python3.12/site-packages/airflow/example_dags/example_python_operator.py took 0.084 seconds
[2025-02-06T00:53:24.652+0000] {processor.py:186} INFO - Started process (PID=1145) to work on /home/airflow/.local/lib/python3.12/site-packages/airflow/example_dags/example_python_operator.py
[2025-02-06T00:53:24.662+0000] {processor.py:914} INFO - Processing file /home/airflow/.local/lib/python3.12/site-packages/airflow/example_dags/example_python_operator.py for tasks to queue
[2025-02-06T00:53:24.665+0000] {logging_mixin.py:190} INFO - [2025-02-06T00:53:24.665+0000] {dagbag.py:588} INFO - Filling up the DagBag from /home/airflow/.local/lib/python3.12/site-packages/airflow/example_dags/example_python_operator.py
[2025-02-06T00:53:24.687+0000] {processor.py:925} INFO - DAG(s) 'example_python_operator' retrieved from /home/airflow/.local/lib/python3.12/site-packages/airflow/example_dags/example_python_operator.py
[2025-02-06T00:53:24.722+0000] {logging_mixin.py:190} INFO - [2025-02-06T00:53:24.721+0000] {dag.py:3239} INFO - Sync 1 DAGs
[2025-02-06T00:53:24.742+0000] {logging_mixin.py:190} INFO - [2025-02-06T00:53:24.741+0000] {dag.py:4180} INFO - Setting next_dagrun for example_python_operator to None, run_after=None
[2025-02-06T00:53:24.773+0000] {processor.py:208} INFO - Processing /home/airflow/.local/lib/python3.12/site-packages/airflow/example_dags/example_python_operator.py took 0.126 seconds
[2025-02-06T00:53:55.156+0000] {processor.py:186} INFO - Started process (PID=1208) to work on /home/airflow/.local/lib/python3.12/site-packages/airflow/example_dags/example_python_operator.py
[2025-02-06T00:53:55.157+0000] {processor.py:914} INFO - Processing file /home/airflow/.local/lib/python3.12/site-packages/airflow/example_dags/example_python_operator.py for tasks to queue
[2025-02-06T00:53:55.159+0000] {logging_mixin.py:190} INFO - [2025-02-06T00:53:55.159+0000] {dagbag.py:588} INFO - Filling up the DagBag from /home/airflow/.local/lib/python3.12/site-packages/airflow/example_dags/example_python_operator.py
[2025-02-06T00:53:55.169+0000] {processor.py:925} INFO - DAG(s) 'example_python_operator' retrieved from /home/airflow/.local/lib/python3.12/site-packages/airflow/example_dags/example_python_operator.py
[2025-02-06T00:53:55.187+0000] {logging_mixin.py:190} INFO - [2025-02-06T00:53:55.187+0000] {dag.py:3239} INFO - Sync 1 DAGs
[2025-02-06T00:53:55.200+0000] {logging_mixin.py:190} INFO - [2025-02-06T00:53:55.199+0000] {dag.py:4180} INFO - Setting next_dagrun for example_python_operator to None, run_after=None
[2025-02-06T00:53:55.221+0000] {processor.py:208} INFO - Processing /home/airflow/.local/lib/python3.12/site-packages/airflow/example_dags/example_python_operator.py took 0.069 seconds
[2025-02-06T00:54:25.447+0000] {processor.py:186} INFO - Started process (PID=1271) to work on /home/airflow/.local/lib/python3.12/site-packages/airflow/example_dags/example_python_operator.py
[2025-02-06T00:54:25.448+0000] {processor.py:914} INFO - Processing file /home/airflow/.local/lib/python3.12/site-packages/airflow/example_dags/example_python_operator.py for tasks to queue
[2025-02-06T00:54:25.452+0000] {logging_mixin.py:190} INFO - [2025-02-06T00:54:25.451+0000] {dagbag.py:588} INFO - Filling up the DagBag from /home/airflow/.local/lib/python3.12/site-packages/airflow/example_dags/example_python_operator.py
[2025-02-06T00:54:25.463+0000] {processor.py:925} INFO - DAG(s) 'example_python_operator' retrieved from /home/airflow/.local/lib/python3.12/site-packages/airflow/example_dags/example_python_operator.py
[2025-02-06T00:54:25.486+0000] {logging_mixin.py:190} INFO - [2025-02-06T00:54:25.485+0000] {dag.py:3239} INFO - Sync 1 DAGs
[2025-02-06T00:54:25.503+0000] {logging_mixin.py:190} INFO - [2025-02-06T00:54:25.502+0000] {dag.py:4180} INFO - Setting next_dagrun for example_python_operator to None, run_after=None
[2025-02-06T00:54:25.531+0000] {processor.py:208} INFO - Processing /home/airflow/.local/lib/python3.12/site-packages/airflow/example_dags/example_python_operator.py took 0.091 seconds
[2025-02-06T00:54:56.364+0000] {processor.py:186} INFO - Started process (PID=1334) to work on /home/airflow/.local/lib/python3.12/site-packages/airflow/example_dags/example_python_operator.py
[2025-02-06T00:54:56.365+0000] {processor.py:914} INFO - Processing file /home/airflow/.local/lib/python3.12/site-packages/airflow/example_dags/example_python_operator.py for tasks to queue
[2025-02-06T00:54:56.367+0000] {logging_mixin.py:190} INFO - [2025-02-06T00:54:56.367+0000] {dagbag.py:588} INFO - Filling up the DagBag from /home/airflow/.local/lib/python3.12/site-packages/airflow/example_dags/example_python_operator.py
[2025-02-06T00:54:56.377+0000] {processor.py:925} INFO - DAG(s) 'example_python_operator' retrieved from /home/airflow/.local/lib/python3.12/site-packages/airflow/example_dags/example_python_operator.py
[2025-02-06T00:54:56.397+0000] {logging_mixin.py:190} INFO - [2025-02-06T00:54:56.397+0000] {dag.py:3239} INFO - Sync 1 DAGs
[2025-02-06T00:54:56.410+0000] {logging_mixin.py:190} INFO - [2025-02-06T00:54:56.410+0000] {dag.py:4180} INFO - Setting next_dagrun for example_python_operator to None, run_after=None
[2025-02-06T00:54:56.429+0000] {processor.py:208} INFO - Processing /home/airflow/.local/lib/python3.12/site-packages/airflow/example_dags/example_python_operator.py took 0.070 seconds
[2025-02-06T00:55:27.161+0000] {processor.py:186} INFO - Started process (PID=1397) to work on /home/airflow/.local/lib/python3.12/site-packages/airflow/example_dags/example_python_operator.py
[2025-02-06T00:55:27.162+0000] {processor.py:914} INFO - Processing file /home/airflow/.local/lib/python3.12/site-packages/airflow/example_dags/example_python_operator.py for tasks to queue
[2025-02-06T00:55:27.164+0000] {logging_mixin.py:190} INFO - [2025-02-06T00:55:27.164+0000] {dagbag.py:588} INFO - Filling up the DagBag from /home/airflow/.local/lib/python3.12/site-packages/airflow/example_dags/example_python_operator.py
[2025-02-06T00:55:27.174+0000] {processor.py:925} INFO - DAG(s) 'example_python_operator' retrieved from /home/airflow/.local/lib/python3.12/site-packages/airflow/example_dags/example_python_operator.py
[2025-02-06T00:55:27.194+0000] {logging_mixin.py:190} INFO - [2025-02-06T00:55:27.194+0000] {dag.py:3239} INFO - Sync 1 DAGs
[2025-02-06T00:55:27.206+0000] {logging_mixin.py:190} INFO - [2025-02-06T00:55:27.206+0000] {dag.py:4180} INFO - Setting next_dagrun for example_python_operator to None, run_after=None
[2025-02-06T00:55:27.231+0000] {processor.py:208} INFO - Processing /home/airflow/.local/lib/python3.12/site-packages/airflow/example_dags/example_python_operator.py took 0.075 seconds
[2025-02-06T00:55:57.465+0000] {processor.py:186} INFO - Started process (PID=1460) to work on /home/airflow/.local/lib/python3.12/site-packages/airflow/example_dags/example_python_operator.py
[2025-02-06T00:55:57.467+0000] {processor.py:914} INFO - Processing file /home/airflow/.local/lib/python3.12/site-packages/airflow/example_dags/example_python_operator.py for tasks to queue
[2025-02-06T00:55:57.469+0000] {logging_mixin.py:190} INFO - [2025-02-06T00:55:57.469+0000] {dagbag.py:588} INFO - Filling up the DagBag from /home/airflow/.local/lib/python3.12/site-packages/airflow/example_dags/example_python_operator.py
[2025-02-06T00:55:57.482+0000] {processor.py:925} INFO - DAG(s) 'example_python_operator' retrieved from /home/airflow/.local/lib/python3.12/site-packages/airflow/example_dags/example_python_operator.py
[2025-02-06T00:55:57.502+0000] {logging_mixin.py:190} INFO - [2025-02-06T00:55:57.502+0000] {dag.py:3239} INFO - Sync 1 DAGs
[2025-02-06T00:55:57.514+0000] {logging_mixin.py:190} INFO - [2025-02-06T00:55:57.514+0000] {dag.py:4180} INFO - Setting next_dagrun for example_python_operator to None, run_after=None
[2025-02-06T00:55:57.534+0000] {processor.py:208} INFO - Processing /home/airflow/.local/lib/python3.12/site-packages/airflow/example_dags/example_python_operator.py took 0.075 seconds
[2025-02-06T00:56:27.848+0000] {processor.py:186} INFO - Started process (PID=1517) to work on /home/airflow/.local/lib/python3.12/site-packages/airflow/example_dags/example_python_operator.py
[2025-02-06T00:56:27.850+0000] {processor.py:914} INFO - Processing file /home/airflow/.local/lib/python3.12/site-packages/airflow/example_dags/example_python_operator.py for tasks to queue
[2025-02-06T00:56:27.854+0000] {logging_mixin.py:190} INFO - [2025-02-06T00:56:27.853+0000] {dagbag.py:588} INFO - Filling up the DagBag from /home/airflow/.local/lib/python3.12/site-packages/airflow/example_dags/example_python_operator.py
[2025-02-06T00:56:27.868+0000] {processor.py:925} INFO - DAG(s) 'example_python_operator' retrieved from /home/airflow/.local/lib/python3.12/site-packages/airflow/example_dags/example_python_operator.py
[2025-02-06T00:56:27.889+0000] {logging_mixin.py:190} INFO - [2025-02-06T00:56:27.889+0000] {dag.py:3239} INFO - Sync 1 DAGs
[2025-02-06T00:56:27.902+0000] {logging_mixin.py:190} INFO - [2025-02-06T00:56:27.902+0000] {dag.py:4180} INFO - Setting next_dagrun for example_python_operator to None, run_after=None
[2025-02-06T00:56:27.927+0000] {processor.py:208} INFO - Processing /home/airflow/.local/lib/python3.12/site-packages/airflow/example_dags/example_python_operator.py took 0.084 seconds
[2025-02-06T00:56:58.648+0000] {processor.py:186} INFO - Started process (PID=1580) to work on /home/airflow/.local/lib/python3.12/site-packages/airflow/example_dags/example_python_operator.py
[2025-02-06T00:56:58.649+0000] {processor.py:914} INFO - Processing file /home/airflow/.local/lib/python3.12/site-packages/airflow/example_dags/example_python_operator.py for tasks to queue
[2025-02-06T00:56:58.651+0000] {logging_mixin.py:190} INFO - [2025-02-06T00:56:58.651+0000] {dagbag.py:588} INFO - Filling up the DagBag from /home/airflow/.local/lib/python3.12/site-packages/airflow/example_dags/example_python_operator.py
[2025-02-06T00:56:58.661+0000] {processor.py:925} INFO - DAG(s) 'example_python_operator' retrieved from /home/airflow/.local/lib/python3.12/site-packages/airflow/example_dags/example_python_operator.py
[2025-02-06T00:56:58.680+0000] {logging_mixin.py:190} INFO - [2025-02-06T00:56:58.679+0000] {dag.py:3239} INFO - Sync 1 DAGs
[2025-02-06T00:56:58.692+0000] {logging_mixin.py:190} INFO - [2025-02-06T00:56:58.692+0000] {dag.py:4180} INFO - Setting next_dagrun for example_python_operator to None, run_after=None
[2025-02-06T00:56:58.710+0000] {processor.py:208} INFO - Processing /home/airflow/.local/lib/python3.12/site-packages/airflow/example_dags/example_python_operator.py took 0.066 seconds
[2025-02-06T00:57:29.455+0000] {processor.py:186} INFO - Started process (PID=1643) to work on /home/airflow/.local/lib/python3.12/site-packages/airflow/example_dags/example_python_operator.py
[2025-02-06T00:57:29.465+0000] {processor.py:914} INFO - Processing file /home/airflow/.local/lib/python3.12/site-packages/airflow/example_dags/example_python_operator.py for tasks to queue
[2025-02-06T00:57:29.476+0000] {logging_mixin.py:190} INFO - [2025-02-06T00:57:29.476+0000] {dagbag.py:588} INFO - Filling up the DagBag from /home/airflow/.local/lib/python3.12/site-packages/airflow/example_dags/example_python_operator.py
[2025-02-06T00:57:29.486+0000] {processor.py:925} INFO - DAG(s) 'example_python_operator' retrieved from /home/airflow/.local/lib/python3.12/site-packages/airflow/example_dags/example_python_operator.py
[2025-02-06T00:57:29.512+0000] {logging_mixin.py:190} INFO - [2025-02-06T00:57:29.512+0000] {dag.py:3239} INFO - Sync 1 DAGs
[2025-02-06T00:57:29.525+0000] {logging_mixin.py:190} INFO - [2025-02-06T00:57:29.524+0000] {dag.py:4180} INFO - Setting next_dagrun for example_python_operator to None, run_after=None
[2025-02-06T00:57:29.553+0000] {processor.py:208} INFO - Processing /home/airflow/.local/lib/python3.12/site-packages/airflow/example_dags/example_python_operator.py took 0.105 seconds
[2025-02-06T00:58:00.299+0000] {processor.py:186} INFO - Started process (PID=1706) to work on /home/airflow/.local/lib/python3.12/site-packages/airflow/example_dags/example_python_operator.py
[2025-02-06T00:58:00.300+0000] {processor.py:914} INFO - Processing file /home/airflow/.local/lib/python3.12/site-packages/airflow/example_dags/example_python_operator.py for tasks to queue
[2025-02-06T00:58:00.302+0000] {logging_mixin.py:190} INFO - [2025-02-06T00:58:00.302+0000] {dagbag.py:588} INFO - Filling up the DagBag from /home/airflow/.local/lib/python3.12/site-packages/airflow/example_dags/example_python_operator.py
[2025-02-06T00:58:00.321+0000] {processor.py:925} INFO - DAG(s) 'example_python_operator' retrieved from /home/airflow/.local/lib/python3.12/site-packages/airflow/example_dags/example_python_operator.py
[2025-02-06T00:58:00.345+0000] {logging_mixin.py:190} INFO - [2025-02-06T00:58:00.345+0000] {dag.py:3239} INFO - Sync 1 DAGs
[2025-02-06T00:58:00.366+0000] {logging_mixin.py:190} INFO - [2025-02-06T00:58:00.366+0000] {dag.py:4180} INFO - Setting next_dagrun for example_python_operator to None, run_after=None
[2025-02-06T00:58:00.387+0000] {processor.py:208} INFO - Processing /home/airflow/.local/lib/python3.12/site-packages/airflow/example_dags/example_python_operator.py took 0.093 seconds
[2025-02-06T00:58:31.211+0000] {processor.py:186} INFO - Started process (PID=1769) to work on /home/airflow/.local/lib/python3.12/site-packages/airflow/example_dags/example_python_operator.py
[2025-02-06T00:58:31.212+0000] {processor.py:914} INFO - Processing file /home/airflow/.local/lib/python3.12/site-packages/airflow/example_dags/example_python_operator.py for tasks to queue
[2025-02-06T00:58:31.214+0000] {logging_mixin.py:190} INFO - [2025-02-06T00:58:31.214+0000] {dagbag.py:588} INFO - Filling up the DagBag from /home/airflow/.local/lib/python3.12/site-packages/airflow/example_dags/example_python_operator.py
[2025-02-06T00:58:31.234+0000] {processor.py:925} INFO - DAG(s) 'example_python_operator' retrieved from /home/airflow/.local/lib/python3.12/site-packages/airflow/example_dags/example_python_operator.py
[2025-02-06T00:58:31.256+0000] {logging_mixin.py:190} INFO - [2025-02-06T00:58:31.255+0000] {dag.py:3239} INFO - Sync 1 DAGs
[2025-02-06T00:58:31.269+0000] {logging_mixin.py:190} INFO - [2025-02-06T00:58:31.269+0000] {dag.py:4180} INFO - Setting next_dagrun for example_python_operator to None, run_after=None
[2025-02-06T00:58:31.293+0000] {processor.py:208} INFO - Processing /home/airflow/.local/lib/python3.12/site-packages/airflow/example_dags/example_python_operator.py took 0.087 seconds
[2025-02-06T00:59:02.270+0000] {processor.py:186} INFO - Started process (PID=1832) to work on /home/airflow/.local/lib/python3.12/site-packages/airflow/example_dags/example_python_operator.py
[2025-02-06T00:59:02.272+0000] {processor.py:914} INFO - Processing file /home/airflow/.local/lib/python3.12/site-packages/airflow/example_dags/example_python_operator.py for tasks to queue
[2025-02-06T00:59:02.274+0000] {logging_mixin.py:190} INFO - [2025-02-06T00:59:02.273+0000] {dagbag.py:588} INFO - Filling up the DagBag from /home/airflow/.local/lib/python3.12/site-packages/airflow/example_dags/example_python_operator.py
[2025-02-06T00:59:02.283+0000] {processor.py:925} INFO - DAG(s) 'example_python_operator' retrieved from /home/airflow/.local/lib/python3.12/site-packages/airflow/example_dags/example_python_operator.py
[2025-02-06T00:59:02.301+0000] {logging_mixin.py:190} INFO - [2025-02-06T00:59:02.301+0000] {dag.py:3239} INFO - Sync 1 DAGs
[2025-02-06T00:59:02.314+0000] {logging_mixin.py:190} INFO - [2025-02-06T00:59:02.313+0000] {dag.py:4180} INFO - Setting next_dagrun for example_python_operator to None, run_after=None
[2025-02-06T00:59:02.333+0000] {processor.py:208} INFO - Processing /home/airflow/.local/lib/python3.12/site-packages/airflow/example_dags/example_python_operator.py took 0.067 seconds
[2025-02-06T00:59:33.834+0000] {processor.py:186} INFO - Started process (PID=1874) to work on /home/airflow/.local/lib/python3.12/site-packages/airflow/example_dags/example_python_operator.py
[2025-02-06T00:59:33.836+0000] {processor.py:914} INFO - Processing file /home/airflow/.local/lib/python3.12/site-packages/airflow/example_dags/example_python_operator.py for tasks to queue
[2025-02-06T00:59:33.840+0000] {logging_mixin.py:190} INFO - [2025-02-06T00:59:33.839+0000] {dagbag.py:588} INFO - Filling up the DagBag from /home/airflow/.local/lib/python3.12/site-packages/airflow/example_dags/example_python_operator.py
[2025-02-06T00:59:33.857+0000] {processor.py:925} INFO - DAG(s) 'example_python_operator' retrieved from /home/airflow/.local/lib/python3.12/site-packages/airflow/example_dags/example_python_operator.py
[2025-02-06T00:59:33.888+0000] {logging_mixin.py:190} INFO - [2025-02-06T00:59:33.887+0000] {dag.py:3239} INFO - Sync 1 DAGs
[2025-02-06T00:59:33.903+0000] {logging_mixin.py:190} INFO - [2025-02-06T00:59:33.903+0000] {dag.py:4180} INFO - Setting next_dagrun for example_python_operator to None, run_after=None
[2025-02-06T00:59:33.927+0000] {processor.py:208} INFO - Processing /home/airflow/.local/lib/python3.12/site-packages/airflow/example_dags/example_python_operator.py took 0.100 seconds
[2025-02-06T01:00:04.466+0000] {processor.py:186} INFO - Started process (PID=1929) to work on /home/airflow/.local/lib/python3.12/site-packages/airflow/example_dags/example_python_operator.py
[2025-02-06T01:00:04.467+0000] {processor.py:914} INFO - Processing file /home/airflow/.local/lib/python3.12/site-packages/airflow/example_dags/example_python_operator.py for tasks to queue
[2025-02-06T01:00:04.470+0000] {logging_mixin.py:190} INFO - [2025-02-06T01:00:04.469+0000] {dagbag.py:588} INFO - Filling up the DagBag from /home/airflow/.local/lib/python3.12/site-packages/airflow/example_dags/example_python_operator.py
[2025-02-06T01:00:04.480+0000] {processor.py:925} INFO - DAG(s) 'example_python_operator' retrieved from /home/airflow/.local/lib/python3.12/site-packages/airflow/example_dags/example_python_operator.py
[2025-02-06T01:00:04.500+0000] {logging_mixin.py:190} INFO - [2025-02-06T01:00:04.499+0000] {dag.py:3239} INFO - Sync 1 DAGs
[2025-02-06T01:00:04.514+0000] {logging_mixin.py:190} INFO - [2025-02-06T01:00:04.514+0000] {dag.py:4180} INFO - Setting next_dagrun for example_python_operator to None, run_after=None
[2025-02-06T01:00:04.535+0000] {processor.py:208} INFO - Processing /home/airflow/.local/lib/python3.12/site-packages/airflow/example_dags/example_python_operator.py took 0.074 seconds
[2025-02-06T01:00:36.063+0000] {processor.py:186} INFO - Started process (PID=1972) to work on /home/airflow/.local/lib/python3.12/site-packages/airflow/example_dags/example_python_operator.py
[2025-02-06T01:00:36.066+0000] {processor.py:914} INFO - Processing file /home/airflow/.local/lib/python3.12/site-packages/airflow/example_dags/example_python_operator.py for tasks to queue
[2025-02-06T01:00:36.072+0000] {logging_mixin.py:190} INFO - [2025-02-06T01:00:36.071+0000] {dagbag.py:588} INFO - Filling up the DagBag from /home/airflow/.local/lib/python3.12/site-packages/airflow/example_dags/example_python_operator.py
[2025-02-06T01:00:36.086+0000] {processor.py:925} INFO - DAG(s) 'example_python_operator' retrieved from /home/airflow/.local/lib/python3.12/site-packages/airflow/example_dags/example_python_operator.py
[2025-02-06T01:00:36.106+0000] {logging_mixin.py:190} INFO - [2025-02-06T01:00:36.106+0000] {dag.py:3239} INFO - Sync 1 DAGs
[2025-02-06T01:00:36.120+0000] {logging_mixin.py:190} INFO - [2025-02-06T01:00:36.120+0000] {dag.py:4180} INFO - Setting next_dagrun for example_python_operator to None, run_after=None
[2025-02-06T01:00:36.143+0000] {processor.py:208} INFO - Processing /home/airflow/.local/lib/python3.12/site-packages/airflow/example_dags/example_python_operator.py took 0.086 seconds
[2025-02-06T01:01:07.919+0000] {processor.py:186} INFO - Started process (PID=2035) to work on /home/airflow/.local/lib/python3.12/site-packages/airflow/example_dags/example_python_operator.py
[2025-02-06T01:01:07.920+0000] {processor.py:914} INFO - Processing file /home/airflow/.local/lib/python3.12/site-packages/airflow/example_dags/example_python_operator.py for tasks to queue
[2025-02-06T01:01:07.923+0000] {logging_mixin.py:190} INFO - [2025-02-06T01:01:07.922+0000] {dagbag.py:588} INFO - Filling up the DagBag from /home/airflow/.local/lib/python3.12/site-packages/airflow/example_dags/example_python_operator.py
[2025-02-06T01:01:07.938+0000] {processor.py:925} INFO - DAG(s) 'example_python_operator' retrieved from /home/airflow/.local/lib/python3.12/site-packages/airflow/example_dags/example_python_operator.py
[2025-02-06T01:01:07.967+0000] {logging_mixin.py:190} INFO - [2025-02-06T01:01:07.967+0000] {dag.py:3239} INFO - Sync 1 DAGs
[2025-02-06T01:01:07.984+0000] {logging_mixin.py:190} INFO - [2025-02-06T01:01:07.983+0000] {dag.py:4180} INFO - Setting next_dagrun for example_python_operator to None, run_after=None
[2025-02-06T01:01:08.007+0000] {processor.py:208} INFO - Processing /home/airflow/.local/lib/python3.12/site-packages/airflow/example_dags/example_python_operator.py took 0.095 seconds
[2025-02-06T01:01:41.772+0000] {processor.py:186} INFO - Started process (PID=2098) to work on /home/airflow/.local/lib/python3.12/site-packages/airflow/example_dags/example_python_operator.py
[2025-02-06T01:01:41.775+0000] {processor.py:914} INFO - Processing file /home/airflow/.local/lib/python3.12/site-packages/airflow/example_dags/example_python_operator.py for tasks to queue
[2025-02-06T01:01:41.778+0000] {logging_mixin.py:190} INFO - [2025-02-06T01:01:41.778+0000] {dagbag.py:588} INFO - Filling up the DagBag from /home/airflow/.local/lib/python3.12/site-packages/airflow/example_dags/example_python_operator.py
[2025-02-06T01:01:41.794+0000] {processor.py:925} INFO - DAG(s) 'example_python_operator' retrieved from /home/airflow/.local/lib/python3.12/site-packages/airflow/example_dags/example_python_operator.py
[2025-02-06T01:01:41.827+0000] {logging_mixin.py:190} INFO - [2025-02-06T01:01:41.826+0000] {dag.py:3239} INFO - Sync 1 DAGs
[2025-02-06T01:01:41.847+0000] {logging_mixin.py:190} INFO - [2025-02-06T01:01:41.846+0000] {dag.py:4180} INFO - Setting next_dagrun for example_python_operator to None, run_after=None
[2025-02-06T01:01:41.894+0000] {processor.py:208} INFO - Processing /home/airflow/.local/lib/python3.12/site-packages/airflow/example_dags/example_python_operator.py took 0.131 seconds
[2025-02-06T01:02:13.827+0000] {processor.py:186} INFO - Started process (PID=2161) to work on /home/airflow/.local/lib/python3.12/site-packages/airflow/example_dags/example_python_operator.py
[2025-02-06T01:02:13.830+0000] {processor.py:914} INFO - Processing file /home/airflow/.local/lib/python3.12/site-packages/airflow/example_dags/example_python_operator.py for tasks to queue
[2025-02-06T01:02:13.833+0000] {logging_mixin.py:190} INFO - [2025-02-06T01:02:13.833+0000] {dagbag.py:588} INFO - Filling up the DagBag from /home/airflow/.local/lib/python3.12/site-packages/airflow/example_dags/example_python_operator.py
[2025-02-06T01:02:13.851+0000] {processor.py:925} INFO - DAG(s) 'example_python_operator' retrieved from /home/airflow/.local/lib/python3.12/site-packages/airflow/example_dags/example_python_operator.py
[2025-02-06T01:02:13.881+0000] {logging_mixin.py:190} INFO - [2025-02-06T01:02:13.880+0000] {dag.py:3239} INFO - Sync 1 DAGs
[2025-02-06T01:02:13.898+0000] {logging_mixin.py:190} INFO - [2025-02-06T01:02:13.898+0000] {dag.py:4180} INFO - Setting next_dagrun for example_python_operator to None, run_after=None
[2025-02-06T01:02:13.930+0000] {processor.py:208} INFO - Processing /home/airflow/.local/lib/python3.12/site-packages/airflow/example_dags/example_python_operator.py took 0.111 seconds
[2025-02-06T01:02:46.962+0000] {processor.py:186} INFO - Started process (PID=2224) to work on /home/airflow/.local/lib/python3.12/site-packages/airflow/example_dags/example_python_operator.py
[2025-02-06T01:02:46.965+0000] {processor.py:914} INFO - Processing file /home/airflow/.local/lib/python3.12/site-packages/airflow/example_dags/example_python_operator.py for tasks to queue
[2025-02-06T01:02:46.968+0000] {logging_mixin.py:190} INFO - [2025-02-06T01:02:46.968+0000] {dagbag.py:588} INFO - Filling up the DagBag from /home/airflow/.local/lib/python3.12/site-packages/airflow/example_dags/example_python_operator.py
[2025-02-06T01:02:46.993+0000] {processor.py:925} INFO - DAG(s) 'example_python_operator' retrieved from /home/airflow/.local/lib/python3.12/site-packages/airflow/example_dags/example_python_operator.py
[2025-02-06T01:02:47.039+0000] {logging_mixin.py:190} INFO - [2025-02-06T01:02:47.038+0000] {dag.py:3239} INFO - Sync 1 DAGs
[2025-02-06T01:02:47.074+0000] {logging_mixin.py:190} INFO - [2025-02-06T01:02:47.074+0000] {dag.py:4180} INFO - Setting next_dagrun for example_python_operator to None, run_after=None
[2025-02-06T01:02:47.115+0000] {processor.py:208} INFO - Processing /home/airflow/.local/lib/python3.12/site-packages/airflow/example_dags/example_python_operator.py took 0.164 seconds
[2025-02-06T01:03:18.873+0000] {processor.py:186} INFO - Started process (PID=2287) to work on /home/airflow/.local/lib/python3.12/site-packages/airflow/example_dags/example_python_operator.py
[2025-02-06T01:03:18.875+0000] {processor.py:914} INFO - Processing file /home/airflow/.local/lib/python3.12/site-packages/airflow/example_dags/example_python_operator.py for tasks to queue
[2025-02-06T01:03:18.879+0000] {logging_mixin.py:190} INFO - [2025-02-06T01:03:18.878+0000] {dagbag.py:588} INFO - Filling up the DagBag from /home/airflow/.local/lib/python3.12/site-packages/airflow/example_dags/example_python_operator.py
[2025-02-06T01:03:18.900+0000] {processor.py:925} INFO - DAG(s) 'example_python_operator' retrieved from /home/airflow/.local/lib/python3.12/site-packages/airflow/example_dags/example_python_operator.py
[2025-02-06T01:03:18.925+0000] {logging_mixin.py:190} INFO - [2025-02-06T01:03:18.925+0000] {dag.py:3239} INFO - Sync 1 DAGs
[2025-02-06T01:03:18.942+0000] {logging_mixin.py:190} INFO - [2025-02-06T01:03:18.942+0000] {dag.py:4180} INFO - Setting next_dagrun for example_python_operator to None, run_after=None
[2025-02-06T01:03:18.967+0000] {processor.py:208} INFO - Processing /home/airflow/.local/lib/python3.12/site-packages/airflow/example_dags/example_python_operator.py took 0.104 seconds
[2025-02-06T01:03:51.667+0000] {processor.py:186} INFO - Started process (PID=2350) to work on /home/airflow/.local/lib/python3.12/site-packages/airflow/example_dags/example_python_operator.py
[2025-02-06T01:03:51.668+0000] {processor.py:914} INFO - Processing file /home/airflow/.local/lib/python3.12/site-packages/airflow/example_dags/example_python_operator.py for tasks to queue
[2025-02-06T01:03:51.671+0000] {logging_mixin.py:190} INFO - [2025-02-06T01:03:51.670+0000] {dagbag.py:588} INFO - Filling up the DagBag from /home/airflow/.local/lib/python3.12/site-packages/airflow/example_dags/example_python_operator.py
[2025-02-06T01:03:51.680+0000] {processor.py:925} INFO - DAG(s) 'example_python_operator' retrieved from /home/airflow/.local/lib/python3.12/site-packages/airflow/example_dags/example_python_operator.py
[2025-02-06T01:03:51.701+0000] {logging_mixin.py:190} INFO - [2025-02-06T01:03:51.701+0000] {dag.py:3239} INFO - Sync 1 DAGs
[2025-02-06T01:03:51.718+0000] {logging_mixin.py:190} INFO - [2025-02-06T01:03:51.717+0000] {dag.py:4180} INFO - Setting next_dagrun for example_python_operator to None, run_after=None
[2025-02-06T01:03:51.743+0000] {processor.py:208} INFO - Processing /home/airflow/.local/lib/python3.12/site-packages/airflow/example_dags/example_python_operator.py took 0.080 seconds
[2025-02-06T01:04:24.915+0000] {processor.py:186} INFO - Started process (PID=2413) to work on /home/airflow/.local/lib/python3.12/site-packages/airflow/example_dags/example_python_operator.py
[2025-02-06T01:04:24.916+0000] {processor.py:914} INFO - Processing file /home/airflow/.local/lib/python3.12/site-packages/airflow/example_dags/example_python_operator.py for tasks to queue
[2025-02-06T01:04:24.918+0000] {logging_mixin.py:190} INFO - [2025-02-06T01:04:24.918+0000] {dagbag.py:588} INFO - Filling up the DagBag from /home/airflow/.local/lib/python3.12/site-packages/airflow/example_dags/example_python_operator.py
[2025-02-06T01:04:24.928+0000] {processor.py:925} INFO - DAG(s) 'example_python_operator' retrieved from /home/airflow/.local/lib/python3.12/site-packages/airflow/example_dags/example_python_operator.py
[2025-02-06T01:04:24.948+0000] {logging_mixin.py:190} INFO - [2025-02-06T01:04:24.948+0000] {dag.py:3239} INFO - Sync 1 DAGs
[2025-02-06T01:04:24.961+0000] {logging_mixin.py:190} INFO - [2025-02-06T01:04:24.961+0000] {dag.py:4180} INFO - Setting next_dagrun for example_python_operator to None, run_after=None
[2025-02-06T01:04:24.981+0000] {processor.py:208} INFO - Processing /home/airflow/.local/lib/python3.12/site-packages/airflow/example_dags/example_python_operator.py took 0.071 seconds
[2025-02-06T01:04:57.022+0000] {processor.py:186} INFO - Started process (PID=2476) to work on /home/airflow/.local/lib/python3.12/site-packages/airflow/example_dags/example_python_operator.py
[2025-02-06T01:04:57.023+0000] {processor.py:914} INFO - Processing file /home/airflow/.local/lib/python3.12/site-packages/airflow/example_dags/example_python_operator.py for tasks to queue
[2025-02-06T01:04:57.025+0000] {logging_mixin.py:190} INFO - [2025-02-06T01:04:57.025+0000] {dagbag.py:588} INFO - Filling up the DagBag from /home/airflow/.local/lib/python3.12/site-packages/airflow/example_dags/example_python_operator.py
[2025-02-06T01:04:57.037+0000] {processor.py:925} INFO - DAG(s) 'example_python_operator' retrieved from /home/airflow/.local/lib/python3.12/site-packages/airflow/example_dags/example_python_operator.py
[2025-02-06T01:04:57.059+0000] {logging_mixin.py:190} INFO - [2025-02-06T01:04:57.059+0000] {dag.py:3239} INFO - Sync 1 DAGs
[2025-02-06T01:04:57.073+0000] {logging_mixin.py:190} INFO - [2025-02-06T01:04:57.073+0000] {dag.py:4180} INFO - Setting next_dagrun for example_python_operator to None, run_after=None
[2025-02-06T01:04:57.100+0000] {processor.py:208} INFO - Processing /home/airflow/.local/lib/python3.12/site-packages/airflow/example_dags/example_python_operator.py took 0.084 seconds
[2025-02-06T01:05:30.521+0000] {processor.py:186} INFO - Started process (PID=2539) to work on /home/airflow/.local/lib/python3.12/site-packages/airflow/example_dags/example_python_operator.py
[2025-02-06T01:05:30.522+0000] {processor.py:914} INFO - Processing file /home/airflow/.local/lib/python3.12/site-packages/airflow/example_dags/example_python_operator.py for tasks to queue
[2025-02-06T01:05:30.524+0000] {logging_mixin.py:190} INFO - [2025-02-06T01:05:30.523+0000] {dagbag.py:588} INFO - Filling up the DagBag from /home/airflow/.local/lib/python3.12/site-packages/airflow/example_dags/example_python_operator.py
[2025-02-06T01:05:30.533+0000] {processor.py:925} INFO - DAG(s) 'example_python_operator' retrieved from /home/airflow/.local/lib/python3.12/site-packages/airflow/example_dags/example_python_operator.py
[2025-02-06T01:05:30.553+0000] {logging_mixin.py:190} INFO - [2025-02-06T01:05:30.553+0000] {dag.py:3239} INFO - Sync 1 DAGs
[2025-02-06T01:05:30.564+0000] {logging_mixin.py:190} INFO - [2025-02-06T01:05:30.564+0000] {dag.py:4180} INFO - Setting next_dagrun for example_python_operator to None, run_after=None
[2025-02-06T01:05:30.580+0000] {processor.py:208} INFO - Processing /home/airflow/.local/lib/python3.12/site-packages/airflow/example_dags/example_python_operator.py took 0.064 seconds
[2025-02-06T01:06:02.374+0000] {processor.py:186} INFO - Started process (PID=2602) to work on /home/airflow/.local/lib/python3.12/site-packages/airflow/example_dags/example_python_operator.py
[2025-02-06T01:06:02.375+0000] {processor.py:914} INFO - Processing file /home/airflow/.local/lib/python3.12/site-packages/airflow/example_dags/example_python_operator.py for tasks to queue
[2025-02-06T01:06:02.378+0000] {logging_mixin.py:190} INFO - [2025-02-06T01:06:02.377+0000] {dagbag.py:588} INFO - Filling up the DagBag from /home/airflow/.local/lib/python3.12/site-packages/airflow/example_dags/example_python_operator.py
[2025-02-06T01:06:02.388+0000] {processor.py:925} INFO - DAG(s) 'example_python_operator' retrieved from /home/airflow/.local/lib/python3.12/site-packages/airflow/example_dags/example_python_operator.py
[2025-02-06T01:06:02.409+0000] {logging_mixin.py:190} INFO - [2025-02-06T01:06:02.408+0000] {dag.py:3239} INFO - Sync 1 DAGs
[2025-02-06T01:06:02.421+0000] {logging_mixin.py:190} INFO - [2025-02-06T01:06:02.421+0000] {dag.py:4180} INFO - Setting next_dagrun for example_python_operator to None, run_after=None
[2025-02-06T01:06:02.452+0000] {processor.py:208} INFO - Processing /home/airflow/.local/lib/python3.12/site-packages/airflow/example_dags/example_python_operator.py took 0.083 seconds
[2025-02-06T01:06:35.418+0000] {processor.py:186} INFO - Started process (PID=2665) to work on /home/airflow/.local/lib/python3.12/site-packages/airflow/example_dags/example_python_operator.py
[2025-02-06T01:06:35.419+0000] {processor.py:914} INFO - Processing file /home/airflow/.local/lib/python3.12/site-packages/airflow/example_dags/example_python_operator.py for tasks to queue
[2025-02-06T01:06:35.422+0000] {logging_mixin.py:190} INFO - [2025-02-06T01:06:35.421+0000] {dagbag.py:588} INFO - Filling up the DagBag from /home/airflow/.local/lib/python3.12/site-packages/airflow/example_dags/example_python_operator.py
[2025-02-06T01:06:35.434+0000] {processor.py:925} INFO - DAG(s) 'example_python_operator' retrieved from /home/airflow/.local/lib/python3.12/site-packages/airflow/example_dags/example_python_operator.py
[2025-02-06T01:06:35.458+0000] {logging_mixin.py:190} INFO - [2025-02-06T01:06:35.458+0000] {dag.py:3239} INFO - Sync 1 DAGs
[2025-02-06T01:06:35.471+0000] {logging_mixin.py:190} INFO - [2025-02-06T01:06:35.470+0000] {dag.py:4180} INFO - Setting next_dagrun for example_python_operator to None, run_after=None
[2025-02-06T01:06:35.494+0000] {processor.py:208} INFO - Processing /home/airflow/.local/lib/python3.12/site-packages/airflow/example_dags/example_python_operator.py took 0.081 seconds
[2025-02-06T01:07:08.298+0000] {processor.py:186} INFO - Started process (PID=2728) to work on /home/airflow/.local/lib/python3.12/site-packages/airflow/example_dags/example_python_operator.py
[2025-02-06T01:07:08.299+0000] {processor.py:914} INFO - Processing file /home/airflow/.local/lib/python3.12/site-packages/airflow/example_dags/example_python_operator.py for tasks to queue
[2025-02-06T01:07:08.301+0000] {logging_mixin.py:190} INFO - [2025-02-06T01:07:08.301+0000] {dagbag.py:588} INFO - Filling up the DagBag from /home/airflow/.local/lib/python3.12/site-packages/airflow/example_dags/example_python_operator.py
[2025-02-06T01:07:08.312+0000] {processor.py:925} INFO - DAG(s) 'example_python_operator' retrieved from /home/airflow/.local/lib/python3.12/site-packages/airflow/example_dags/example_python_operator.py
[2025-02-06T01:07:08.333+0000] {logging_mixin.py:190} INFO - [2025-02-06T01:07:08.333+0000] {dag.py:3239} INFO - Sync 1 DAGs
[2025-02-06T01:07:08.345+0000] {logging_mixin.py:190} INFO - [2025-02-06T01:07:08.345+0000] {dag.py:4180} INFO - Setting next_dagrun for example_python_operator to None, run_after=None
[2025-02-06T01:07:08.363+0000] {processor.py:208} INFO - Processing /home/airflow/.local/lib/python3.12/site-packages/airflow/example_dags/example_python_operator.py took 0.070 seconds
[2025-02-06T01:07:40.865+0000] {processor.py:186} INFO - Started process (PID=2791) to work on /home/airflow/.local/lib/python3.12/site-packages/airflow/example_dags/example_python_operator.py
[2025-02-06T01:07:40.866+0000] {processor.py:914} INFO - Processing file /home/airflow/.local/lib/python3.12/site-packages/airflow/example_dags/example_python_operator.py for tasks to queue
[2025-02-06T01:07:40.869+0000] {logging_mixin.py:190} INFO - [2025-02-06T01:07:40.868+0000] {dagbag.py:588} INFO - Filling up the DagBag from /home/airflow/.local/lib/python3.12/site-packages/airflow/example_dags/example_python_operator.py
[2025-02-06T01:07:40.880+0000] {processor.py:925} INFO - DAG(s) 'example_python_operator' retrieved from /home/airflow/.local/lib/python3.12/site-packages/airflow/example_dags/example_python_operator.py
[2025-02-06T01:07:40.903+0000] {logging_mixin.py:190} INFO - [2025-02-06T01:07:40.902+0000] {dag.py:3239} INFO - Sync 1 DAGs
[2025-02-06T01:07:40.916+0000] {logging_mixin.py:190} INFO - [2025-02-06T01:07:40.915+0000] {dag.py:4180} INFO - Setting next_dagrun for example_python_operator to None, run_after=None
[2025-02-06T01:07:40.938+0000] {processor.py:208} INFO - Processing /home/airflow/.local/lib/python3.12/site-packages/airflow/example_dags/example_python_operator.py took 0.078 seconds
[2025-02-06T01:08:14.114+0000] {processor.py:186} INFO - Started process (PID=2854) to work on /home/airflow/.local/lib/python3.12/site-packages/airflow/example_dags/example_python_operator.py
[2025-02-06T01:08:14.116+0000] {processor.py:914} INFO - Processing file /home/airflow/.local/lib/python3.12/site-packages/airflow/example_dags/example_python_operator.py for tasks to queue
[2025-02-06T01:08:14.118+0000] {logging_mixin.py:190} INFO - [2025-02-06T01:08:14.118+0000] {dagbag.py:588} INFO - Filling up the DagBag from /home/airflow/.local/lib/python3.12/site-packages/airflow/example_dags/example_python_operator.py
[2025-02-06T01:08:14.130+0000] {processor.py:925} INFO - DAG(s) 'example_python_operator' retrieved from /home/airflow/.local/lib/python3.12/site-packages/airflow/example_dags/example_python_operator.py
[2025-02-06T01:08:14.152+0000] {logging_mixin.py:190} INFO - [2025-02-06T01:08:14.152+0000] {dag.py:3239} INFO - Sync 1 DAGs
[2025-02-06T01:08:14.165+0000] {logging_mixin.py:190} INFO - [2025-02-06T01:08:14.165+0000] {dag.py:4180} INFO - Setting next_dagrun for example_python_operator to None, run_after=None
[2025-02-06T01:08:14.194+0000] {processor.py:208} INFO - Processing /home/airflow/.local/lib/python3.12/site-packages/airflow/example_dags/example_python_operator.py took 0.086 seconds
[2025-02-06T01:08:46.425+0000] {processor.py:186} INFO - Started process (PID=2917) to work on /home/airflow/.local/lib/python3.12/site-packages/airflow/example_dags/example_python_operator.py
[2025-02-06T01:08:46.426+0000] {processor.py:914} INFO - Processing file /home/airflow/.local/lib/python3.12/site-packages/airflow/example_dags/example_python_operator.py for tasks to queue
[2025-02-06T01:08:46.430+0000] {logging_mixin.py:190} INFO - [2025-02-06T01:08:46.430+0000] {dagbag.py:588} INFO - Filling up the DagBag from /home/airflow/.local/lib/python3.12/site-packages/airflow/example_dags/example_python_operator.py
[2025-02-06T01:08:46.446+0000] {processor.py:925} INFO - DAG(s) 'example_python_operator' retrieved from /home/airflow/.local/lib/python3.12/site-packages/airflow/example_dags/example_python_operator.py
[2025-02-06T01:08:46.474+0000] {logging_mixin.py:190} INFO - [2025-02-06T01:08:46.474+0000] {dag.py:3239} INFO - Sync 1 DAGs
[2025-02-06T01:08:46.497+0000] {logging_mixin.py:190} INFO - [2025-02-06T01:08:46.496+0000] {dag.py:4180} INFO - Setting next_dagrun for example_python_operator to None, run_after=None
[2025-02-06T01:08:46.520+0000] {processor.py:208} INFO - Processing /home/airflow/.local/lib/python3.12/site-packages/airflow/example_dags/example_python_operator.py took 0.104 seconds
[2025-02-06T01:09:19.583+0000] {processor.py:186} INFO - Started process (PID=2980) to work on /home/airflow/.local/lib/python3.12/site-packages/airflow/example_dags/example_python_operator.py
[2025-02-06T01:09:19.584+0000] {processor.py:914} INFO - Processing file /home/airflow/.local/lib/python3.12/site-packages/airflow/example_dags/example_python_operator.py for tasks to queue
[2025-02-06T01:09:19.587+0000] {logging_mixin.py:190} INFO - [2025-02-06T01:09:19.586+0000] {dagbag.py:588} INFO - Filling up the DagBag from /home/airflow/.local/lib/python3.12/site-packages/airflow/example_dags/example_python_operator.py
[2025-02-06T01:09:19.597+0000] {processor.py:925} INFO - DAG(s) 'example_python_operator' retrieved from /home/airflow/.local/lib/python3.12/site-packages/airflow/example_dags/example_python_operator.py
[2025-02-06T01:09:19.621+0000] {logging_mixin.py:190} INFO - [2025-02-06T01:09:19.620+0000] {dag.py:3239} INFO - Sync 1 DAGs
[2025-02-06T01:09:19.644+0000] {logging_mixin.py:190} INFO - [2025-02-06T01:09:19.644+0000] {dag.py:4180} INFO - Setting next_dagrun for example_python_operator to None, run_after=None
[2025-02-06T01:09:19.675+0000] {processor.py:208} INFO - Processing /home/airflow/.local/lib/python3.12/site-packages/airflow/example_dags/example_python_operator.py took 0.098 seconds
[2025-02-06T01:09:52.089+0000] {processor.py:186} INFO - Started process (PID=3043) to work on /home/airflow/.local/lib/python3.12/site-packages/airflow/example_dags/example_python_operator.py
[2025-02-06T01:09:52.090+0000] {processor.py:914} INFO - Processing file /home/airflow/.local/lib/python3.12/site-packages/airflow/example_dags/example_python_operator.py for tasks to queue
[2025-02-06T01:09:52.092+0000] {logging_mixin.py:190} INFO - [2025-02-06T01:09:52.092+0000] {dagbag.py:588} INFO - Filling up the DagBag from /home/airflow/.local/lib/python3.12/site-packages/airflow/example_dags/example_python_operator.py
[2025-02-06T01:09:52.102+0000] {processor.py:925} INFO - DAG(s) 'example_python_operator' retrieved from /home/airflow/.local/lib/python3.12/site-packages/airflow/example_dags/example_python_operator.py
[2025-02-06T01:09:52.124+0000] {logging_mixin.py:190} INFO - [2025-02-06T01:09:52.124+0000] {dag.py:3239} INFO - Sync 1 DAGs
[2025-02-06T01:09:52.143+0000] {logging_mixin.py:190} INFO - [2025-02-06T01:09:52.143+0000] {dag.py:4180} INFO - Setting next_dagrun for example_python_operator to None, run_after=None
[2025-02-06T01:09:52.168+0000] {processor.py:208} INFO - Processing /home/airflow/.local/lib/python3.12/site-packages/airflow/example_dags/example_python_operator.py took 0.085 seconds
[2025-02-06T01:10:24.528+0000] {processor.py:186} INFO - Started process (PID=3106) to work on /home/airflow/.local/lib/python3.12/site-packages/airflow/example_dags/example_python_operator.py
[2025-02-06T01:10:24.531+0000] {processor.py:914} INFO - Processing file /home/airflow/.local/lib/python3.12/site-packages/airflow/example_dags/example_python_operator.py for tasks to queue
[2025-02-06T01:10:24.535+0000] {logging_mixin.py:190} INFO - [2025-02-06T01:10:24.535+0000] {dagbag.py:588} INFO - Filling up the DagBag from /home/airflow/.local/lib/python3.12/site-packages/airflow/example_dags/example_python_operator.py
[2025-02-06T01:10:24.578+0000] {processor.py:925} INFO - DAG(s) 'example_python_operator' retrieved from /home/airflow/.local/lib/python3.12/site-packages/airflow/example_dags/example_python_operator.py
[2025-02-06T01:10:24.643+0000] {logging_mixin.py:190} INFO - [2025-02-06T01:10:24.642+0000] {dag.py:3239} INFO - Sync 1 DAGs
[2025-02-06T01:10:24.700+0000] {logging_mixin.py:190} INFO - [2025-02-06T01:10:24.700+0000] {dag.py:4180} INFO - Setting next_dagrun for example_python_operator to None, run_after=None
[2025-02-06T01:10:24.753+0000] {processor.py:208} INFO - Processing /home/airflow/.local/lib/python3.12/site-packages/airflow/example_dags/example_python_operator.py took 0.238 seconds
[2025-02-06T01:10:58.071+0000] {processor.py:186} INFO - Started process (PID=3169) to work on /home/airflow/.local/lib/python3.12/site-packages/airflow/example_dags/example_python_operator.py
[2025-02-06T01:10:58.073+0000] {processor.py:914} INFO - Processing file /home/airflow/.local/lib/python3.12/site-packages/airflow/example_dags/example_python_operator.py for tasks to queue
[2025-02-06T01:10:58.075+0000] {logging_mixin.py:190} INFO - [2025-02-06T01:10:58.075+0000] {dagbag.py:588} INFO - Filling up the DagBag from /home/airflow/.local/lib/python3.12/site-packages/airflow/example_dags/example_python_operator.py
[2025-02-06T01:10:58.088+0000] {processor.py:925} INFO - DAG(s) 'example_python_operator' retrieved from /home/airflow/.local/lib/python3.12/site-packages/airflow/example_dags/example_python_operator.py
[2025-02-06T01:10:58.118+0000] {logging_mixin.py:190} INFO - [2025-02-06T01:10:58.117+0000] {dag.py:3239} INFO - Sync 1 DAGs
[2025-02-06T01:10:58.133+0000] {logging_mixin.py:190} INFO - [2025-02-06T01:10:58.132+0000] {dag.py:4180} INFO - Setting next_dagrun for example_python_operator to None, run_after=None
[2025-02-06T01:10:58.150+0000] {processor.py:208} INFO - Processing /home/airflow/.local/lib/python3.12/site-packages/airflow/example_dags/example_python_operator.py took 0.084 seconds
[2025-02-06T01:11:30.333+0000] {processor.py:186} INFO - Started process (PID=3232) to work on /home/airflow/.local/lib/python3.12/site-packages/airflow/example_dags/example_python_operator.py
[2025-02-06T01:11:30.334+0000] {processor.py:914} INFO - Processing file /home/airflow/.local/lib/python3.12/site-packages/airflow/example_dags/example_python_operator.py for tasks to queue
[2025-02-06T01:11:30.336+0000] {logging_mixin.py:190} INFO - [2025-02-06T01:11:30.336+0000] {dagbag.py:588} INFO - Filling up the DagBag from /home/airflow/.local/lib/python3.12/site-packages/airflow/example_dags/example_python_operator.py
[2025-02-06T01:11:30.346+0000] {processor.py:925} INFO - DAG(s) 'example_python_operator' retrieved from /home/airflow/.local/lib/python3.12/site-packages/airflow/example_dags/example_python_operator.py
[2025-02-06T01:11:30.365+0000] {logging_mixin.py:190} INFO - [2025-02-06T01:11:30.365+0000] {dag.py:3239} INFO - Sync 1 DAGs
[2025-02-06T01:11:30.376+0000] {logging_mixin.py:190} INFO - [2025-02-06T01:11:30.376+0000] {dag.py:4180} INFO - Setting next_dagrun for example_python_operator to None, run_after=None
[2025-02-06T01:11:30.395+0000] {processor.py:208} INFO - Processing /home/airflow/.local/lib/python3.12/site-packages/airflow/example_dags/example_python_operator.py took 0.066 seconds
[2025-02-06T01:12:03.704+0000] {processor.py:186} INFO - Started process (PID=3295) to work on /home/airflow/.local/lib/python3.12/site-packages/airflow/example_dags/example_python_operator.py
[2025-02-06T01:12:03.705+0000] {processor.py:914} INFO - Processing file /home/airflow/.local/lib/python3.12/site-packages/airflow/example_dags/example_python_operator.py for tasks to queue
[2025-02-06T01:12:03.708+0000] {logging_mixin.py:190} INFO - [2025-02-06T01:12:03.707+0000] {dagbag.py:588} INFO - Filling up the DagBag from /home/airflow/.local/lib/python3.12/site-packages/airflow/example_dags/example_python_operator.py
[2025-02-06T01:12:03.720+0000] {processor.py:925} INFO - DAG(s) 'example_python_operator' retrieved from /home/airflow/.local/lib/python3.12/site-packages/airflow/example_dags/example_python_operator.py
[2025-02-06T01:12:03.745+0000] {logging_mixin.py:190} INFO - [2025-02-06T01:12:03.745+0000] {dag.py:3239} INFO - Sync 1 DAGs
[2025-02-06T01:12:03.762+0000] {logging_mixin.py:190} INFO - [2025-02-06T01:12:03.762+0000] {dag.py:4180} INFO - Setting next_dagrun for example_python_operator to None, run_after=None
[2025-02-06T01:12:03.785+0000] {processor.py:208} INFO - Processing /home/airflow/.local/lib/python3.12/site-packages/airflow/example_dags/example_python_operator.py took 0.087 seconds
[2025-02-06T01:12:36.077+0000] {processor.py:186} INFO - Started process (PID=3358) to work on /home/airflow/.local/lib/python3.12/site-packages/airflow/example_dags/example_python_operator.py
[2025-02-06T01:12:36.078+0000] {processor.py:914} INFO - Processing file /home/airflow/.local/lib/python3.12/site-packages/airflow/example_dags/example_python_operator.py for tasks to queue
[2025-02-06T01:12:36.080+0000] {logging_mixin.py:190} INFO - [2025-02-06T01:12:36.080+0000] {dagbag.py:588} INFO - Filling up the DagBag from /home/airflow/.local/lib/python3.12/site-packages/airflow/example_dags/example_python_operator.py
[2025-02-06T01:12:36.093+0000] {processor.py:925} INFO - DAG(s) 'example_python_operator' retrieved from /home/airflow/.local/lib/python3.12/site-packages/airflow/example_dags/example_python_operator.py
[2025-02-06T01:12:36.115+0000] {logging_mixin.py:190} INFO - [2025-02-06T01:12:36.115+0000] {dag.py:3239} INFO - Sync 1 DAGs
[2025-02-06T01:12:36.381+0000] {logging_mixin.py:190} INFO - [2025-02-06T01:12:36.381+0000] {dag.py:4180} INFO - Setting next_dagrun for example_python_operator to None, run_after=None
[2025-02-06T01:12:36.427+0000] {processor.py:208} INFO - Processing /home/airflow/.local/lib/python3.12/site-packages/airflow/example_dags/example_python_operator.py took 0.355 seconds
[2025-02-06T01:13:08.248+0000] {processor.py:186} INFO - Started process (PID=3422) to work on /home/airflow/.local/lib/python3.12/site-packages/airflow/example_dags/example_python_operator.py
[2025-02-06T01:13:08.249+0000] {processor.py:914} INFO - Processing file /home/airflow/.local/lib/python3.12/site-packages/airflow/example_dags/example_python_operator.py for tasks to queue
[2025-02-06T01:13:08.252+0000] {logging_mixin.py:190} INFO - [2025-02-06T01:13:08.251+0000] {dagbag.py:588} INFO - Filling up the DagBag from /home/airflow/.local/lib/python3.12/site-packages/airflow/example_dags/example_python_operator.py
[2025-02-06T01:13:08.261+0000] {processor.py:925} INFO - DAG(s) 'example_python_operator' retrieved from /home/airflow/.local/lib/python3.12/site-packages/airflow/example_dags/example_python_operator.py
[2025-02-06T01:13:08.283+0000] {logging_mixin.py:190} INFO - [2025-02-06T01:13:08.282+0000] {dag.py:3239} INFO - Sync 1 DAGs
[2025-02-06T01:13:08.298+0000] {logging_mixin.py:190} INFO - [2025-02-06T01:13:08.298+0000] {dag.py:4180} INFO - Setting next_dagrun for example_python_operator to None, run_after=None
[2025-02-06T01:13:08.320+0000] {processor.py:208} INFO - Processing /home/airflow/.local/lib/python3.12/site-packages/airflow/example_dags/example_python_operator.py took 0.076 seconds
[2025-02-06T01:13:38.724+0000] {processor.py:186} INFO - Started process (PID=3484) to work on /home/airflow/.local/lib/python3.12/site-packages/airflow/example_dags/example_python_operator.py
[2025-02-06T01:13:38.725+0000] {processor.py:914} INFO - Processing file /home/airflow/.local/lib/python3.12/site-packages/airflow/example_dags/example_python_operator.py for tasks to queue
[2025-02-06T01:13:38.727+0000] {logging_mixin.py:190} INFO - [2025-02-06T01:13:38.727+0000] {dagbag.py:588} INFO - Filling up the DagBag from /home/airflow/.local/lib/python3.12/site-packages/airflow/example_dags/example_python_operator.py
[2025-02-06T01:13:38.737+0000] {processor.py:925} INFO - DAG(s) 'example_python_operator' retrieved from /home/airflow/.local/lib/python3.12/site-packages/airflow/example_dags/example_python_operator.py
[2025-02-06T01:13:38.757+0000] {logging_mixin.py:190} INFO - [2025-02-06T01:13:38.757+0000] {dag.py:3239} INFO - Sync 1 DAGs
[2025-02-06T01:13:38.770+0000] {logging_mixin.py:190} INFO - [2025-02-06T01:13:38.770+0000] {dag.py:4180} INFO - Setting next_dagrun for example_python_operator to None, run_after=None
[2025-02-06T01:13:38.789+0000] {processor.py:208} INFO - Processing /home/airflow/.local/lib/python3.12/site-packages/airflow/example_dags/example_python_operator.py took 0.070 seconds
[2025-02-06T01:14:09.168+0000] {processor.py:186} INFO - Started process (PID=3547) to work on /home/airflow/.local/lib/python3.12/site-packages/airflow/example_dags/example_python_operator.py
[2025-02-06T01:14:09.169+0000] {processor.py:914} INFO - Processing file /home/airflow/.local/lib/python3.12/site-packages/airflow/example_dags/example_python_operator.py for tasks to queue
[2025-02-06T01:14:09.171+0000] {logging_mixin.py:190} INFO - [2025-02-06T01:14:09.171+0000] {dagbag.py:588} INFO - Filling up the DagBag from /home/airflow/.local/lib/python3.12/site-packages/airflow/example_dags/example_python_operator.py
[2025-02-06T01:14:09.182+0000] {processor.py:925} INFO - DAG(s) 'example_python_operator' retrieved from /home/airflow/.local/lib/python3.12/site-packages/airflow/example_dags/example_python_operator.py
[2025-02-06T01:14:09.205+0000] {logging_mixin.py:190} INFO - [2025-02-06T01:14:09.204+0000] {dag.py:3239} INFO - Sync 1 DAGs
[2025-02-06T01:14:09.221+0000] {logging_mixin.py:190} INFO - [2025-02-06T01:14:09.221+0000] {dag.py:4180} INFO - Setting next_dagrun for example_python_operator to None, run_after=None
[2025-02-06T01:14:09.245+0000] {processor.py:208} INFO - Processing /home/airflow/.local/lib/python3.12/site-packages/airflow/example_dags/example_python_operator.py took 0.082 seconds
[2025-02-06T01:14:39.377+0000] {processor.py:186} INFO - Started process (PID=3610) to work on /home/airflow/.local/lib/python3.12/site-packages/airflow/example_dags/example_python_operator.py
[2025-02-06T01:14:39.379+0000] {processor.py:914} INFO - Processing file /home/airflow/.local/lib/python3.12/site-packages/airflow/example_dags/example_python_operator.py for tasks to queue
[2025-02-06T01:14:39.381+0000] {logging_mixin.py:190} INFO - [2025-02-06T01:14:39.381+0000] {dagbag.py:588} INFO - Filling up the DagBag from /home/airflow/.local/lib/python3.12/site-packages/airflow/example_dags/example_python_operator.py
[2025-02-06T01:14:39.392+0000] {processor.py:925} INFO - DAG(s) 'example_python_operator' retrieved from /home/airflow/.local/lib/python3.12/site-packages/airflow/example_dags/example_python_operator.py
[2025-02-06T01:14:39.412+0000] {logging_mixin.py:190} INFO - [2025-02-06T01:14:39.412+0000] {dag.py:3239} INFO - Sync 1 DAGs
[2025-02-06T01:14:39.425+0000] {logging_mixin.py:190} INFO - [2025-02-06T01:14:39.424+0000] {dag.py:4180} INFO - Setting next_dagrun for example_python_operator to None, run_after=None
[2025-02-06T01:14:39.445+0000] {processor.py:208} INFO - Processing /home/airflow/.local/lib/python3.12/site-packages/airflow/example_dags/example_python_operator.py took 0.073 seconds
[2025-02-06T01:15:10.257+0000] {processor.py:186} INFO - Started process (PID=3673) to work on /home/airflow/.local/lib/python3.12/site-packages/airflow/example_dags/example_python_operator.py
[2025-02-06T01:15:10.257+0000] {processor.py:914} INFO - Processing file /home/airflow/.local/lib/python3.12/site-packages/airflow/example_dags/example_python_operator.py for tasks to queue
[2025-02-06T01:15:10.260+0000] {logging_mixin.py:190} INFO - [2025-02-06T01:15:10.259+0000] {dagbag.py:588} INFO - Filling up the DagBag from /home/airflow/.local/lib/python3.12/site-packages/airflow/example_dags/example_python_operator.py
[2025-02-06T01:15:10.270+0000] {processor.py:925} INFO - DAG(s) 'example_python_operator' retrieved from /home/airflow/.local/lib/python3.12/site-packages/airflow/example_dags/example_python_operator.py
[2025-02-06T01:15:10.290+0000] {logging_mixin.py:190} INFO - [2025-02-06T01:15:10.290+0000] {dag.py:3239} INFO - Sync 1 DAGs
[2025-02-06T01:15:10.303+0000] {logging_mixin.py:190} INFO - [2025-02-06T01:15:10.303+0000] {dag.py:4180} INFO - Setting next_dagrun for example_python_operator to None, run_after=None
[2025-02-06T01:15:10.326+0000] {processor.py:208} INFO - Processing /home/airflow/.local/lib/python3.12/site-packages/airflow/example_dags/example_python_operator.py took 0.074 seconds
[2025-02-06T01:15:40.422+0000] {processor.py:186} INFO - Started process (PID=3736) to work on /home/airflow/.local/lib/python3.12/site-packages/airflow/example_dags/example_python_operator.py
[2025-02-06T01:15:40.424+0000] {processor.py:914} INFO - Processing file /home/airflow/.local/lib/python3.12/site-packages/airflow/example_dags/example_python_operator.py for tasks to queue
[2025-02-06T01:15:40.426+0000] {logging_mixin.py:190} INFO - [2025-02-06T01:15:40.426+0000] {dagbag.py:588} INFO - Filling up the DagBag from /home/airflow/.local/lib/python3.12/site-packages/airflow/example_dags/example_python_operator.py
[2025-02-06T01:15:40.437+0000] {processor.py:925} INFO - DAG(s) 'example_python_operator' retrieved from /home/airflow/.local/lib/python3.12/site-packages/airflow/example_dags/example_python_operator.py
[2025-02-06T01:15:40.462+0000] {logging_mixin.py:190} INFO - [2025-02-06T01:15:40.462+0000] {dag.py:3239} INFO - Sync 1 DAGs
[2025-02-06T01:15:40.489+0000] {logging_mixin.py:190} INFO - [2025-02-06T01:15:40.489+0000] {dag.py:4180} INFO - Setting next_dagrun for example_python_operator to None, run_after=None
[2025-02-06T01:15:40.515+0000] {processor.py:208} INFO - Processing /home/airflow/.local/lib/python3.12/site-packages/airflow/example_dags/example_python_operator.py took 0.099 seconds
[2025-02-06T01:16:10.777+0000] {processor.py:186} INFO - Started process (PID=3799) to work on /home/airflow/.local/lib/python3.12/site-packages/airflow/example_dags/example_python_operator.py
[2025-02-06T01:16:10.779+0000] {processor.py:914} INFO - Processing file /home/airflow/.local/lib/python3.12/site-packages/airflow/example_dags/example_python_operator.py for tasks to queue
[2025-02-06T01:16:10.785+0000] {logging_mixin.py:190} INFO - [2025-02-06T01:16:10.784+0000] {dagbag.py:588} INFO - Filling up the DagBag from /home/airflow/.local/lib/python3.12/site-packages/airflow/example_dags/example_python_operator.py
[2025-02-06T01:16:10.801+0000] {processor.py:925} INFO - DAG(s) 'example_python_operator' retrieved from /home/airflow/.local/lib/python3.12/site-packages/airflow/example_dags/example_python_operator.py
[2025-02-06T01:16:10.828+0000] {logging_mixin.py:190} INFO - [2025-02-06T01:16:10.827+0000] {dag.py:3239} INFO - Sync 1 DAGs
[2025-02-06T01:16:10.844+0000] {logging_mixin.py:190} INFO - [2025-02-06T01:16:10.843+0000] {dag.py:4180} INFO - Setting next_dagrun for example_python_operator to None, run_after=None
[2025-02-06T01:16:10.870+0000] {processor.py:208} INFO - Processing /home/airflow/.local/lib/python3.12/site-packages/airflow/example_dags/example_python_operator.py took 0.100 seconds
