[2025-02-06T00:44:41.900+0000] {processor.py:186} INFO - Started process (PID=120) to work on /home/airflow/.local/lib/python3.12/site-packages/airflow/example_dags/example_bash_operator.py
[2025-02-06T00:44:41.901+0000] {processor.py:914} INFO - Processing file /home/airflow/.local/lib/python3.12/site-packages/airflow/example_dags/example_bash_operator.py for tasks to queue
[2025-02-06T00:44:41.905+0000] {logging_mixin.py:190} INFO - [2025-02-06T00:44:41.904+0000] {dagbag.py:588} INFO - Filling up the DagBag from /home/airflow/.local/lib/python3.12/site-packages/airflow/example_dags/example_bash_operator.py
[2025-02-06T00:44:41.919+0000] {processor.py:925} INFO - DAG(s) 'example_bash_operator' retrieved from /home/airflow/.local/lib/python3.12/site-packages/airflow/example_dags/example_bash_operator.py
[2025-02-06T00:44:42.017+0000] {logging_mixin.py:190} INFO - [2025-02-06T00:44:42.016+0000] {override.py:1911} INFO - Created Permission View: can delete on DAG:example_bash_operator
[2025-02-06T00:44:42.029+0000] {logging_mixin.py:190} INFO - [2025-02-06T00:44:42.029+0000] {override.py:1911} INFO - Created Permission View: can edit on DAG:example_bash_operator
[2025-02-06T00:44:42.038+0000] {logging_mixin.py:190} INFO - [2025-02-06T00:44:42.038+0000] {override.py:1911} INFO - Created Permission View: can read on DAG:example_bash_operator
[2025-02-06T00:44:42.051+0000] {logging_mixin.py:190} INFO - [2025-02-06T00:44:42.050+0000] {override.py:1911} INFO - Created Permission View: menu access on DAG Run:example_bash_operator
[2025-02-06T00:44:42.063+0000] {logging_mixin.py:190} INFO - [2025-02-06T00:44:42.063+0000] {override.py:1911} INFO - Created Permission View: can delete on DAG Run:example_bash_operator
[2025-02-06T00:44:42.070+0000] {logging_mixin.py:190} INFO - [2025-02-06T00:44:42.070+0000] {override.py:1911} INFO - Created Permission View: can read on DAG Run:example_bash_operator
[2025-02-06T00:44:42.080+0000] {logging_mixin.py:190} INFO - [2025-02-06T00:44:42.079+0000] {override.py:1911} INFO - Created Permission View: can create on DAG Run:example_bash_operator
[2025-02-06T00:44:42.080+0000] {logging_mixin.py:190} INFO - [2025-02-06T00:44:42.080+0000] {dag.py:3239} INFO - Sync 1 DAGs
[2025-02-06T00:44:42.098+0000] {logging_mixin.py:190} INFO - [2025-02-06T00:44:42.097+0000] {dag.py:3262} INFO - Creating ORM DAG for example_bash_operator
[2025-02-06T00:44:42.107+0000] {logging_mixin.py:190} INFO - [2025-02-06T00:44:42.106+0000] {dag.py:4180} INFO - Setting next_dagrun for example_bash_operator to 2025-02-05 00:00:00+00:00, run_after=2025-02-06 00:00:00+00:00
[2025-02-06T00:44:42.126+0000] {processor.py:208} INFO - Processing /home/airflow/.local/lib/python3.12/site-packages/airflow/example_dags/example_bash_operator.py took 0.231 seconds
[2025-02-06T00:45:12.669+0000] {processor.py:186} INFO - Started process (PID=183) to work on /home/airflow/.local/lib/python3.12/site-packages/airflow/example_dags/example_bash_operator.py
[2025-02-06T00:45:12.670+0000] {processor.py:914} INFO - Processing file /home/airflow/.local/lib/python3.12/site-packages/airflow/example_dags/example_bash_operator.py for tasks to queue
[2025-02-06T00:45:12.672+0000] {logging_mixin.py:190} INFO - [2025-02-06T00:45:12.672+0000] {dagbag.py:588} INFO - Filling up the DagBag from /home/airflow/.local/lib/python3.12/site-packages/airflow/example_dags/example_bash_operator.py
[2025-02-06T00:45:12.683+0000] {processor.py:925} INFO - DAG(s) 'example_bash_operator' retrieved from /home/airflow/.local/lib/python3.12/site-packages/airflow/example_dags/example_bash_operator.py
[2025-02-06T00:45:12.708+0000] {logging_mixin.py:190} INFO - [2025-02-06T00:45:12.707+0000] {dag.py:3239} INFO - Sync 1 DAGs
[2025-02-06T00:45:12.729+0000] {logging_mixin.py:190} INFO - [2025-02-06T00:45:12.729+0000] {dag.py:4180} INFO - Setting next_dagrun for example_bash_operator to 2025-02-05 00:00:00+00:00, run_after=2025-02-06 00:00:00+00:00
[2025-02-06T00:45:12.750+0000] {processor.py:208} INFO - Processing /home/airflow/.local/lib/python3.12/site-packages/airflow/example_dags/example_bash_operator.py took 0.086 seconds
[2025-02-06T00:45:43.247+0000] {processor.py:186} INFO - Started process (PID=246) to work on /home/airflow/.local/lib/python3.12/site-packages/airflow/example_dags/example_bash_operator.py
[2025-02-06T00:45:43.261+0000] {processor.py:914} INFO - Processing file /home/airflow/.local/lib/python3.12/site-packages/airflow/example_dags/example_bash_operator.py for tasks to queue
[2025-02-06T00:45:43.263+0000] {logging_mixin.py:190} INFO - [2025-02-06T00:45:43.263+0000] {dagbag.py:588} INFO - Filling up the DagBag from /home/airflow/.local/lib/python3.12/site-packages/airflow/example_dags/example_bash_operator.py
[2025-02-06T00:45:43.305+0000] {processor.py:925} INFO - DAG(s) 'example_bash_operator' retrieved from /home/airflow/.local/lib/python3.12/site-packages/airflow/example_dags/example_bash_operator.py
[2025-02-06T00:45:43.341+0000] {logging_mixin.py:190} INFO - [2025-02-06T00:45:43.341+0000] {dag.py:3239} INFO - Sync 1 DAGs
[2025-02-06T00:45:43.384+0000] {logging_mixin.py:190} INFO - [2025-02-06T00:45:43.384+0000] {dag.py:4180} INFO - Setting next_dagrun for example_bash_operator to 2025-02-05 00:00:00+00:00, run_after=2025-02-06 00:00:00+00:00
[2025-02-06T00:45:43.431+0000] {processor.py:208} INFO - Processing /home/airflow/.local/lib/python3.12/site-packages/airflow/example_dags/example_bash_operator.py took 0.189 seconds
[2025-02-06T00:46:14.023+0000] {processor.py:186} INFO - Started process (PID=309) to work on /home/airflow/.local/lib/python3.12/site-packages/airflow/example_dags/example_bash_operator.py
[2025-02-06T00:46:14.024+0000] {processor.py:914} INFO - Processing file /home/airflow/.local/lib/python3.12/site-packages/airflow/example_dags/example_bash_operator.py for tasks to queue
[2025-02-06T00:46:14.027+0000] {logging_mixin.py:190} INFO - [2025-02-06T00:46:14.027+0000] {dagbag.py:588} INFO - Filling up the DagBag from /home/airflow/.local/lib/python3.12/site-packages/airflow/example_dags/example_bash_operator.py
[2025-02-06T00:46:14.038+0000] {processor.py:925} INFO - DAG(s) 'example_bash_operator' retrieved from /home/airflow/.local/lib/python3.12/site-packages/airflow/example_dags/example_bash_operator.py
[2025-02-06T00:46:14.063+0000] {logging_mixin.py:190} INFO - [2025-02-06T00:46:14.062+0000] {dag.py:3239} INFO - Sync 1 DAGs
[2025-02-06T00:46:14.084+0000] {logging_mixin.py:190} INFO - [2025-02-06T00:46:14.084+0000] {dag.py:4180} INFO - Setting next_dagrun for example_bash_operator to 2025-02-05 00:00:00+00:00, run_after=2025-02-06 00:00:00+00:00
[2025-02-06T00:46:14.108+0000] {processor.py:208} INFO - Processing /home/airflow/.local/lib/python3.12/site-packages/airflow/example_dags/example_bash_operator.py took 0.090 seconds
[2025-02-06T00:46:44.934+0000] {processor.py:186} INFO - Started process (PID=372) to work on /home/airflow/.local/lib/python3.12/site-packages/airflow/example_dags/example_bash_operator.py
[2025-02-06T00:46:44.935+0000] {processor.py:914} INFO - Processing file /home/airflow/.local/lib/python3.12/site-packages/airflow/example_dags/example_bash_operator.py for tasks to queue
[2025-02-06T00:46:44.937+0000] {logging_mixin.py:190} INFO - [2025-02-06T00:46:44.937+0000] {dagbag.py:588} INFO - Filling up the DagBag from /home/airflow/.local/lib/python3.12/site-packages/airflow/example_dags/example_bash_operator.py
[2025-02-06T00:46:44.949+0000] {processor.py:925} INFO - DAG(s) 'example_bash_operator' retrieved from /home/airflow/.local/lib/python3.12/site-packages/airflow/example_dags/example_bash_operator.py
[2025-02-06T00:46:44.977+0000] {logging_mixin.py:190} INFO - [2025-02-06T00:46:44.977+0000] {dag.py:3239} INFO - Sync 1 DAGs
[2025-02-06T00:46:45.002+0000] {logging_mixin.py:190} INFO - [2025-02-06T00:46:45.001+0000] {dag.py:4180} INFO - Setting next_dagrun for example_bash_operator to 2025-02-05 00:00:00+00:00, run_after=2025-02-06 00:00:00+00:00
[2025-02-06T00:46:45.027+0000] {processor.py:208} INFO - Processing /home/airflow/.local/lib/python3.12/site-packages/airflow/example_dags/example_bash_operator.py took 0.098 seconds
[2025-02-06T00:47:15.088+0000] {processor.py:186} INFO - Started process (PID=435) to work on /home/airflow/.local/lib/python3.12/site-packages/airflow/example_dags/example_bash_operator.py
[2025-02-06T00:47:15.089+0000] {processor.py:914} INFO - Processing file /home/airflow/.local/lib/python3.12/site-packages/airflow/example_dags/example_bash_operator.py for tasks to queue
[2025-02-06T00:47:15.091+0000] {logging_mixin.py:190} INFO - [2025-02-06T00:47:15.091+0000] {dagbag.py:588} INFO - Filling up the DagBag from /home/airflow/.local/lib/python3.12/site-packages/airflow/example_dags/example_bash_operator.py
[2025-02-06T00:47:15.102+0000] {processor.py:925} INFO - DAG(s) 'example_bash_operator' retrieved from /home/airflow/.local/lib/python3.12/site-packages/airflow/example_dags/example_bash_operator.py
[2025-02-06T00:47:15.127+0000] {logging_mixin.py:190} INFO - [2025-02-06T00:47:15.127+0000] {dag.py:3239} INFO - Sync 1 DAGs
[2025-02-06T00:47:15.147+0000] {logging_mixin.py:190} INFO - [2025-02-06T00:47:15.147+0000] {dag.py:4180} INFO - Setting next_dagrun for example_bash_operator to 2025-02-05 00:00:00+00:00, run_after=2025-02-06 00:00:00+00:00
[2025-02-06T00:47:15.164+0000] {processor.py:208} INFO - Processing /home/airflow/.local/lib/python3.12/site-packages/airflow/example_dags/example_bash_operator.py took 0.080 seconds
[2025-02-06T00:47:46.067+0000] {processor.py:186} INFO - Started process (PID=498) to work on /home/airflow/.local/lib/python3.12/site-packages/airflow/example_dags/example_bash_operator.py
[2025-02-06T00:47:46.068+0000] {processor.py:914} INFO - Processing file /home/airflow/.local/lib/python3.12/site-packages/airflow/example_dags/example_bash_operator.py for tasks to queue
[2025-02-06T00:47:46.070+0000] {logging_mixin.py:190} INFO - [2025-02-06T00:47:46.070+0000] {dagbag.py:588} INFO - Filling up the DagBag from /home/airflow/.local/lib/python3.12/site-packages/airflow/example_dags/example_bash_operator.py
[2025-02-06T00:47:46.083+0000] {processor.py:925} INFO - DAG(s) 'example_bash_operator' retrieved from /home/airflow/.local/lib/python3.12/site-packages/airflow/example_dags/example_bash_operator.py
[2025-02-06T00:47:46.115+0000] {logging_mixin.py:190} INFO - [2025-02-06T00:47:46.115+0000] {dag.py:3239} INFO - Sync 1 DAGs
[2025-02-06T00:47:46.139+0000] {logging_mixin.py:190} INFO - [2025-02-06T00:47:46.139+0000] {dag.py:4180} INFO - Setting next_dagrun for example_bash_operator to 2025-02-05 00:00:00+00:00, run_after=2025-02-06 00:00:00+00:00
[2025-02-06T00:47:46.184+0000] {processor.py:208} INFO - Processing /home/airflow/.local/lib/python3.12/site-packages/airflow/example_dags/example_bash_operator.py took 0.122 seconds
[2025-02-06T00:48:17.049+0000] {processor.py:186} INFO - Started process (PID=555) to work on /home/airflow/.local/lib/python3.12/site-packages/airflow/example_dags/example_bash_operator.py
[2025-02-06T00:48:17.050+0000] {processor.py:914} INFO - Processing file /home/airflow/.local/lib/python3.12/site-packages/airflow/example_dags/example_bash_operator.py for tasks to queue
[2025-02-06T00:48:17.052+0000] {logging_mixin.py:190} INFO - [2025-02-06T00:48:17.051+0000] {dagbag.py:588} INFO - Filling up the DagBag from /home/airflow/.local/lib/python3.12/site-packages/airflow/example_dags/example_bash_operator.py
[2025-02-06T00:48:17.061+0000] {processor.py:925} INFO - DAG(s) 'example_bash_operator' retrieved from /home/airflow/.local/lib/python3.12/site-packages/airflow/example_dags/example_bash_operator.py
[2025-02-06T00:48:17.082+0000] {logging_mixin.py:190} INFO - [2025-02-06T00:48:17.082+0000] {dag.py:3239} INFO - Sync 1 DAGs
[2025-02-06T00:48:17.101+0000] {logging_mixin.py:190} INFO - [2025-02-06T00:48:17.101+0000] {dag.py:4180} INFO - Setting next_dagrun for example_bash_operator to 2025-02-05 00:00:00+00:00, run_after=2025-02-06 00:00:00+00:00
[2025-02-06T00:48:17.117+0000] {processor.py:208} INFO - Processing /home/airflow/.local/lib/python3.12/site-packages/airflow/example_dags/example_bash_operator.py took 0.073 seconds
[2025-02-06T00:48:47.173+0000] {processor.py:186} INFO - Started process (PID=617) to work on /home/airflow/.local/lib/python3.12/site-packages/airflow/example_dags/example_bash_operator.py
[2025-02-06T00:48:47.174+0000] {processor.py:914} INFO - Processing file /home/airflow/.local/lib/python3.12/site-packages/airflow/example_dags/example_bash_operator.py for tasks to queue
[2025-02-06T00:48:47.177+0000] {logging_mixin.py:190} INFO - [2025-02-06T00:48:47.176+0000] {dagbag.py:588} INFO - Filling up the DagBag from /home/airflow/.local/lib/python3.12/site-packages/airflow/example_dags/example_bash_operator.py
[2025-02-06T00:48:47.191+0000] {processor.py:925} INFO - DAG(s) 'example_bash_operator' retrieved from /home/airflow/.local/lib/python3.12/site-packages/airflow/example_dags/example_bash_operator.py
[2025-02-06T00:48:47.213+0000] {logging_mixin.py:190} INFO - [2025-02-06T00:48:47.213+0000] {dag.py:3239} INFO - Sync 1 DAGs
[2025-02-06T00:48:47.233+0000] {logging_mixin.py:190} INFO - [2025-02-06T00:48:47.233+0000] {dag.py:4180} INFO - Setting next_dagrun for example_bash_operator to 2025-02-05 00:00:00+00:00, run_after=2025-02-06 00:00:00+00:00
[2025-02-06T00:48:47.250+0000] {processor.py:208} INFO - Processing /home/airflow/.local/lib/python3.12/site-packages/airflow/example_dags/example_bash_operator.py took 0.083 seconds
[2025-02-06T00:49:17.371+0000] {processor.py:186} INFO - Started process (PID=680) to work on /home/airflow/.local/lib/python3.12/site-packages/airflow/example_dags/example_bash_operator.py
[2025-02-06T00:49:17.372+0000] {processor.py:914} INFO - Processing file /home/airflow/.local/lib/python3.12/site-packages/airflow/example_dags/example_bash_operator.py for tasks to queue
[2025-02-06T00:49:17.381+0000] {logging_mixin.py:190} INFO - [2025-02-06T00:49:17.381+0000] {dagbag.py:588} INFO - Filling up the DagBag from /home/airflow/.local/lib/python3.12/site-packages/airflow/example_dags/example_bash_operator.py
[2025-02-06T00:49:17.394+0000] {processor.py:925} INFO - DAG(s) 'example_bash_operator' retrieved from /home/airflow/.local/lib/python3.12/site-packages/airflow/example_dags/example_bash_operator.py
[2025-02-06T00:49:17.438+0000] {logging_mixin.py:190} INFO - [2025-02-06T00:49:17.437+0000] {dag.py:3239} INFO - Sync 1 DAGs
[2025-02-06T00:49:17.469+0000] {logging_mixin.py:190} INFO - [2025-02-06T00:49:17.468+0000] {dag.py:4180} INFO - Setting next_dagrun for example_bash_operator to 2025-02-05 00:00:00+00:00, run_after=2025-02-06 00:00:00+00:00
[2025-02-06T00:49:17.508+0000] {processor.py:208} INFO - Processing /home/airflow/.local/lib/python3.12/site-packages/airflow/example_dags/example_bash_operator.py took 0.142 seconds
[2025-02-06T00:49:48.574+0000] {processor.py:186} INFO - Started process (PID=743) to work on /home/airflow/.local/lib/python3.12/site-packages/airflow/example_dags/example_bash_operator.py
[2025-02-06T00:49:48.575+0000] {processor.py:914} INFO - Processing file /home/airflow/.local/lib/python3.12/site-packages/airflow/example_dags/example_bash_operator.py for tasks to queue
[2025-02-06T00:49:48.578+0000] {logging_mixin.py:190} INFO - [2025-02-06T00:49:48.578+0000] {dagbag.py:588} INFO - Filling up the DagBag from /home/airflow/.local/lib/python3.12/site-packages/airflow/example_dags/example_bash_operator.py
[2025-02-06T00:49:48.588+0000] {processor.py:925} INFO - DAG(s) 'example_bash_operator' retrieved from /home/airflow/.local/lib/python3.12/site-packages/airflow/example_dags/example_bash_operator.py
[2025-02-06T00:49:48.612+0000] {logging_mixin.py:190} INFO - [2025-02-06T00:49:48.612+0000] {dag.py:3239} INFO - Sync 1 DAGs
[2025-02-06T00:49:48.650+0000] {logging_mixin.py:190} INFO - [2025-02-06T00:49:48.650+0000] {dag.py:4180} INFO - Setting next_dagrun for example_bash_operator to 2025-02-05 00:00:00+00:00, run_after=2025-02-06 00:00:00+00:00
[2025-02-06T00:49:48.692+0000] {processor.py:208} INFO - Processing /home/airflow/.local/lib/python3.12/site-packages/airflow/example_dags/example_bash_operator.py took 0.122 seconds
[2025-02-06T00:50:20.025+0000] {processor.py:186} INFO - Started process (PID=806) to work on /home/airflow/.local/lib/python3.12/site-packages/airflow/example_dags/example_bash_operator.py
[2025-02-06T00:50:20.034+0000] {processor.py:914} INFO - Processing file /home/airflow/.local/lib/python3.12/site-packages/airflow/example_dags/example_bash_operator.py for tasks to queue
[2025-02-06T00:50:20.046+0000] {logging_mixin.py:190} INFO - [2025-02-06T00:50:20.046+0000] {dagbag.py:588} INFO - Filling up the DagBag from /home/airflow/.local/lib/python3.12/site-packages/airflow/example_dags/example_bash_operator.py
[2025-02-06T00:50:20.056+0000] {processor.py:925} INFO - DAG(s) 'example_bash_operator' retrieved from /home/airflow/.local/lib/python3.12/site-packages/airflow/example_dags/example_bash_operator.py
[2025-02-06T00:50:20.084+0000] {logging_mixin.py:190} INFO - [2025-02-06T00:50:20.084+0000] {dag.py:3239} INFO - Sync 1 DAGs
[2025-02-06T00:50:20.105+0000] {logging_mixin.py:190} INFO - [2025-02-06T00:50:20.105+0000] {dag.py:4180} INFO - Setting next_dagrun for example_bash_operator to 2025-02-05 00:00:00+00:00, run_after=2025-02-06 00:00:00+00:00
[2025-02-06T00:50:20.141+0000] {processor.py:208} INFO - Processing /home/airflow/.local/lib/python3.12/site-packages/airflow/example_dags/example_bash_operator.py took 0.121 seconds
[2025-02-06T00:50:51.077+0000] {processor.py:186} INFO - Started process (PID=869) to work on /home/airflow/.local/lib/python3.12/site-packages/airflow/example_dags/example_bash_operator.py
[2025-02-06T00:50:51.078+0000] {processor.py:914} INFO - Processing file /home/airflow/.local/lib/python3.12/site-packages/airflow/example_dags/example_bash_operator.py for tasks to queue
[2025-02-06T00:50:51.080+0000] {logging_mixin.py:190} INFO - [2025-02-06T00:50:51.079+0000] {dagbag.py:588} INFO - Filling up the DagBag from /home/airflow/.local/lib/python3.12/site-packages/airflow/example_dags/example_bash_operator.py
[2025-02-06T00:50:51.092+0000] {processor.py:925} INFO - DAG(s) 'example_bash_operator' retrieved from /home/airflow/.local/lib/python3.12/site-packages/airflow/example_dags/example_bash_operator.py
[2025-02-06T00:50:51.118+0000] {logging_mixin.py:190} INFO - [2025-02-06T00:50:51.117+0000] {dag.py:3239} INFO - Sync 1 DAGs
[2025-02-06T00:50:51.146+0000] {logging_mixin.py:190} INFO - [2025-02-06T00:50:51.145+0000] {dag.py:4180} INFO - Setting next_dagrun for example_bash_operator to 2025-02-05 00:00:00+00:00, run_after=2025-02-06 00:00:00+00:00
[2025-02-06T00:50:51.171+0000] {processor.py:208} INFO - Processing /home/airflow/.local/lib/python3.12/site-packages/airflow/example_dags/example_bash_operator.py took 0.099 seconds
[2025-02-06T00:51:23.849+0000] {processor.py:186} INFO - Started process (PID=932) to work on /home/airflow/.local/lib/python3.12/site-packages/airflow/example_dags/example_bash_operator.py
[2025-02-06T00:51:23.850+0000] {processor.py:914} INFO - Processing file /home/airflow/.local/lib/python3.12/site-packages/airflow/example_dags/example_bash_operator.py for tasks to queue
[2025-02-06T00:51:23.857+0000] {logging_mixin.py:190} INFO - [2025-02-06T00:51:23.856+0000] {dagbag.py:588} INFO - Filling up the DagBag from /home/airflow/.local/lib/python3.12/site-packages/airflow/example_dags/example_bash_operator.py
[2025-02-06T00:51:23.878+0000] {processor.py:925} INFO - DAG(s) 'example_bash_operator' retrieved from /home/airflow/.local/lib/python3.12/site-packages/airflow/example_dags/example_bash_operator.py
[2025-02-06T00:51:23.909+0000] {logging_mixin.py:190} INFO - [2025-02-06T00:51:23.909+0000] {dag.py:3239} INFO - Sync 1 DAGs
[2025-02-06T00:51:23.946+0000] {logging_mixin.py:190} INFO - [2025-02-06T00:51:23.945+0000] {dag.py:4180} INFO - Setting next_dagrun for example_bash_operator to 2025-02-05 00:00:00+00:00, run_after=2025-02-06 00:00:00+00:00
[2025-02-06T00:51:24.011+0000] {processor.py:208} INFO - Processing /home/airflow/.local/lib/python3.12/site-packages/airflow/example_dags/example_bash_operator.py took 0.166 seconds
[2025-02-06T00:51:58.175+0000] {processor.py:186} INFO - Started process (PID=997) to work on /home/airflow/.local/lib/python3.12/site-packages/airflow/example_dags/example_bash_operator.py
[2025-02-06T00:51:58.176+0000] {processor.py:914} INFO - Processing file /home/airflow/.local/lib/python3.12/site-packages/airflow/example_dags/example_bash_operator.py for tasks to queue
[2025-02-06T00:51:58.180+0000] {logging_mixin.py:190} INFO - [2025-02-06T00:51:58.179+0000] {dagbag.py:588} INFO - Filling up the DagBag from /home/airflow/.local/lib/python3.12/site-packages/airflow/example_dags/example_bash_operator.py
[2025-02-06T00:51:58.196+0000] {processor.py:925} INFO - DAG(s) 'example_bash_operator' retrieved from /home/airflow/.local/lib/python3.12/site-packages/airflow/example_dags/example_bash_operator.py
[2025-02-06T00:51:58.227+0000] {logging_mixin.py:190} INFO - [2025-02-06T00:51:58.226+0000] {dag.py:3239} INFO - Sync 1 DAGs
[2025-02-06T00:51:58.258+0000] {logging_mixin.py:190} INFO - [2025-02-06T00:51:58.258+0000] {dag.py:4180} INFO - Setting next_dagrun for example_bash_operator to 2025-02-05 00:00:00+00:00, run_after=2025-02-06 00:00:00+00:00
[2025-02-06T00:51:58.285+0000] {processor.py:208} INFO - Processing /home/airflow/.local/lib/python3.12/site-packages/airflow/example_dags/example_bash_operator.py took 0.117 seconds
[2025-02-06T00:52:29.092+0000] {processor.py:186} INFO - Started process (PID=1060) to work on /home/airflow/.local/lib/python3.12/site-packages/airflow/example_dags/example_bash_operator.py
[2025-02-06T00:52:29.093+0000] {processor.py:914} INFO - Processing file /home/airflow/.local/lib/python3.12/site-packages/airflow/example_dags/example_bash_operator.py for tasks to queue
[2025-02-06T00:52:29.096+0000] {logging_mixin.py:190} INFO - [2025-02-06T00:52:29.096+0000] {dagbag.py:588} INFO - Filling up the DagBag from /home/airflow/.local/lib/python3.12/site-packages/airflow/example_dags/example_bash_operator.py
[2025-02-06T00:52:29.108+0000] {processor.py:925} INFO - DAG(s) 'example_bash_operator' retrieved from /home/airflow/.local/lib/python3.12/site-packages/airflow/example_dags/example_bash_operator.py
[2025-02-06T00:52:29.133+0000] {logging_mixin.py:190} INFO - [2025-02-06T00:52:29.132+0000] {dag.py:3239} INFO - Sync 1 DAGs
[2025-02-06T00:52:29.155+0000] {logging_mixin.py:190} INFO - [2025-02-06T00:52:29.155+0000] {dag.py:4180} INFO - Setting next_dagrun for example_bash_operator to 2025-02-05 00:00:00+00:00, run_after=2025-02-06 00:00:00+00:00
[2025-02-06T00:52:29.175+0000] {processor.py:208} INFO - Processing /home/airflow/.local/lib/python3.12/site-packages/airflow/example_dags/example_bash_operator.py took 0.088 seconds
[2025-02-06T00:53:01.476+0000] {processor.py:186} INFO - Started process (PID=1123) to work on /home/airflow/.local/lib/python3.12/site-packages/airflow/example_dags/example_bash_operator.py
[2025-02-06T00:53:01.477+0000] {processor.py:914} INFO - Processing file /home/airflow/.local/lib/python3.12/site-packages/airflow/example_dags/example_bash_operator.py for tasks to queue
[2025-02-06T00:53:01.480+0000] {logging_mixin.py:190} INFO - [2025-02-06T00:53:01.480+0000] {dagbag.py:588} INFO - Filling up the DagBag from /home/airflow/.local/lib/python3.12/site-packages/airflow/example_dags/example_bash_operator.py
[2025-02-06T00:53:01.492+0000] {processor.py:925} INFO - DAG(s) 'example_bash_operator' retrieved from /home/airflow/.local/lib/python3.12/site-packages/airflow/example_dags/example_bash_operator.py
[2025-02-06T00:53:01.523+0000] {logging_mixin.py:190} INFO - [2025-02-06T00:53:01.522+0000] {dag.py:3239} INFO - Sync 1 DAGs
[2025-02-06T00:53:01.553+0000] {logging_mixin.py:190} INFO - [2025-02-06T00:53:01.553+0000] {dag.py:4180} INFO - Setting next_dagrun for example_bash_operator to 2025-02-05 00:00:00+00:00, run_after=2025-02-06 00:00:00+00:00
[2025-02-06T00:53:01.582+0000] {processor.py:208} INFO - Processing /home/airflow/.local/lib/python3.12/site-packages/airflow/example_dags/example_bash_operator.py took 0.111 seconds
[2025-02-06T00:53:34.194+0000] {processor.py:186} INFO - Started process (PID=1186) to work on /home/airflow/.local/lib/python3.12/site-packages/airflow/example_dags/example_bash_operator.py
[2025-02-06T00:53:34.195+0000] {processor.py:914} INFO - Processing file /home/airflow/.local/lib/python3.12/site-packages/airflow/example_dags/example_bash_operator.py for tasks to queue
[2025-02-06T00:53:34.198+0000] {logging_mixin.py:190} INFO - [2025-02-06T00:53:34.198+0000] {dagbag.py:588} INFO - Filling up the DagBag from /home/airflow/.local/lib/python3.12/site-packages/airflow/example_dags/example_bash_operator.py
[2025-02-06T00:53:34.211+0000] {processor.py:925} INFO - DAG(s) 'example_bash_operator' retrieved from /home/airflow/.local/lib/python3.12/site-packages/airflow/example_dags/example_bash_operator.py
[2025-02-06T00:53:34.246+0000] {logging_mixin.py:190} INFO - [2025-02-06T00:53:34.245+0000] {dag.py:3239} INFO - Sync 1 DAGs
[2025-02-06T00:53:34.276+0000] {logging_mixin.py:190} INFO - [2025-02-06T00:53:34.276+0000] {dag.py:4180} INFO - Setting next_dagrun for example_bash_operator to 2025-02-05 00:00:00+00:00, run_after=2025-02-06 00:00:00+00:00
[2025-02-06T00:53:34.298+0000] {processor.py:208} INFO - Processing /home/airflow/.local/lib/python3.12/site-packages/airflow/example_dags/example_bash_operator.py took 0.110 seconds
[2025-02-06T00:54:07.493+0000] {processor.py:186} INFO - Started process (PID=1249) to work on /home/airflow/.local/lib/python3.12/site-packages/airflow/example_dags/example_bash_operator.py
[2025-02-06T00:54:07.494+0000] {processor.py:914} INFO - Processing file /home/airflow/.local/lib/python3.12/site-packages/airflow/example_dags/example_bash_operator.py for tasks to queue
[2025-02-06T00:54:07.497+0000] {logging_mixin.py:190} INFO - [2025-02-06T00:54:07.497+0000] {dagbag.py:588} INFO - Filling up the DagBag from /home/airflow/.local/lib/python3.12/site-packages/airflow/example_dags/example_bash_operator.py
[2025-02-06T00:54:07.509+0000] {processor.py:925} INFO - DAG(s) 'example_bash_operator' retrieved from /home/airflow/.local/lib/python3.12/site-packages/airflow/example_dags/example_bash_operator.py
[2025-02-06T00:54:07.550+0000] {logging_mixin.py:190} INFO - [2025-02-06T00:54:07.550+0000] {dag.py:3239} INFO - Sync 1 DAGs
[2025-02-06T00:54:07.577+0000] {logging_mixin.py:190} INFO - [2025-02-06T00:54:07.577+0000] {dag.py:4180} INFO - Setting next_dagrun for example_bash_operator to 2025-02-05 00:00:00+00:00, run_after=2025-02-06 00:00:00+00:00
[2025-02-06T00:54:07.598+0000] {processor.py:208} INFO - Processing /home/airflow/.local/lib/python3.12/site-packages/airflow/example_dags/example_bash_operator.py took 0.111 seconds
[2025-02-06T00:54:39.456+0000] {processor.py:186} INFO - Started process (PID=1312) to work on /home/airflow/.local/lib/python3.12/site-packages/airflow/example_dags/example_bash_operator.py
[2025-02-06T00:54:39.457+0000] {processor.py:914} INFO - Processing file /home/airflow/.local/lib/python3.12/site-packages/airflow/example_dags/example_bash_operator.py for tasks to queue
[2025-02-06T00:54:39.459+0000] {logging_mixin.py:190} INFO - [2025-02-06T00:54:39.459+0000] {dagbag.py:588} INFO - Filling up the DagBag from /home/airflow/.local/lib/python3.12/site-packages/airflow/example_dags/example_bash_operator.py
[2025-02-06T00:54:39.468+0000] {processor.py:925} INFO - DAG(s) 'example_bash_operator' retrieved from /home/airflow/.local/lib/python3.12/site-packages/airflow/example_dags/example_bash_operator.py
[2025-02-06T00:54:39.491+0000] {logging_mixin.py:190} INFO - [2025-02-06T00:54:39.491+0000] {dag.py:3239} INFO - Sync 1 DAGs
[2025-02-06T00:54:39.511+0000] {logging_mixin.py:190} INFO - [2025-02-06T00:54:39.510+0000] {dag.py:4180} INFO - Setting next_dagrun for example_bash_operator to 2025-02-05 00:00:00+00:00, run_after=2025-02-06 00:00:00+00:00
[2025-02-06T00:54:39.530+0000] {processor.py:208} INFO - Processing /home/airflow/.local/lib/python3.12/site-packages/airflow/example_dags/example_bash_operator.py took 0.078 seconds
[2025-02-06T00:55:12.246+0000] {processor.py:186} INFO - Started process (PID=1375) to work on /home/airflow/.local/lib/python3.12/site-packages/airflow/example_dags/example_bash_operator.py
[2025-02-06T00:55:12.247+0000] {processor.py:914} INFO - Processing file /home/airflow/.local/lib/python3.12/site-packages/airflow/example_dags/example_bash_operator.py for tasks to queue
[2025-02-06T00:55:12.249+0000] {logging_mixin.py:190} INFO - [2025-02-06T00:55:12.249+0000] {dagbag.py:588} INFO - Filling up the DagBag from /home/airflow/.local/lib/python3.12/site-packages/airflow/example_dags/example_bash_operator.py
[2025-02-06T00:55:12.259+0000] {processor.py:925} INFO - DAG(s) 'example_bash_operator' retrieved from /home/airflow/.local/lib/python3.12/site-packages/airflow/example_dags/example_bash_operator.py
[2025-02-06T00:55:12.283+0000] {logging_mixin.py:190} INFO - [2025-02-06T00:55:12.283+0000] {dag.py:3239} INFO - Sync 1 DAGs
[2025-02-06T00:55:12.305+0000] {logging_mixin.py:190} INFO - [2025-02-06T00:55:12.305+0000] {dag.py:4180} INFO - Setting next_dagrun for example_bash_operator to 2025-02-05 00:00:00+00:00, run_after=2025-02-06 00:00:00+00:00
[2025-02-06T00:55:12.322+0000] {processor.py:208} INFO - Processing /home/airflow/.local/lib/python3.12/site-packages/airflow/example_dags/example_bash_operator.py took 0.081 seconds
[2025-02-06T00:55:45.327+0000] {processor.py:186} INFO - Started process (PID=1438) to work on /home/airflow/.local/lib/python3.12/site-packages/airflow/example_dags/example_bash_operator.py
[2025-02-06T00:55:45.328+0000] {processor.py:914} INFO - Processing file /home/airflow/.local/lib/python3.12/site-packages/airflow/example_dags/example_bash_operator.py for tasks to queue
[2025-02-06T00:55:45.331+0000] {logging_mixin.py:190} INFO - [2025-02-06T00:55:45.331+0000] {dagbag.py:588} INFO - Filling up the DagBag from /home/airflow/.local/lib/python3.12/site-packages/airflow/example_dags/example_bash_operator.py
[2025-02-06T00:55:45.342+0000] {processor.py:925} INFO - DAG(s) 'example_bash_operator' retrieved from /home/airflow/.local/lib/python3.12/site-packages/airflow/example_dags/example_bash_operator.py
[2025-02-06T00:55:45.369+0000] {logging_mixin.py:190} INFO - [2025-02-06T00:55:45.369+0000] {dag.py:3239} INFO - Sync 1 DAGs
[2025-02-06T00:55:45.401+0000] {logging_mixin.py:190} INFO - [2025-02-06T00:55:45.400+0000] {dag.py:4180} INFO - Setting next_dagrun for example_bash_operator to 2025-02-05 00:00:00+00:00, run_after=2025-02-06 00:00:00+00:00
[2025-02-06T00:55:45.429+0000] {processor.py:208} INFO - Processing /home/airflow/.local/lib/python3.12/site-packages/airflow/example_dags/example_bash_operator.py took 0.110 seconds
[2025-02-06T00:56:17.731+0000] {processor.py:186} INFO - Started process (PID=1501) to work on /home/airflow/.local/lib/python3.12/site-packages/airflow/example_dags/example_bash_operator.py
[2025-02-06T00:56:17.732+0000] {processor.py:914} INFO - Processing file /home/airflow/.local/lib/python3.12/site-packages/airflow/example_dags/example_bash_operator.py for tasks to queue
[2025-02-06T00:56:17.735+0000] {logging_mixin.py:190} INFO - [2025-02-06T00:56:17.735+0000] {dagbag.py:588} INFO - Filling up the DagBag from /home/airflow/.local/lib/python3.12/site-packages/airflow/example_dags/example_bash_operator.py
[2025-02-06T00:56:17.747+0000] {processor.py:925} INFO - DAG(s) 'example_bash_operator' retrieved from /home/airflow/.local/lib/python3.12/site-packages/airflow/example_dags/example_bash_operator.py
[2025-02-06T00:56:17.778+0000] {logging_mixin.py:190} INFO - [2025-02-06T00:56:17.778+0000] {dag.py:3239} INFO - Sync 1 DAGs
[2025-02-06T00:56:17.804+0000] {logging_mixin.py:190} INFO - [2025-02-06T00:56:17.803+0000] {dag.py:4180} INFO - Setting next_dagrun for example_bash_operator to 2025-02-05 00:00:00+00:00, run_after=2025-02-06 00:00:00+00:00
[2025-02-06T00:56:17.825+0000] {processor.py:208} INFO - Processing /home/airflow/.local/lib/python3.12/site-packages/airflow/example_dags/example_bash_operator.py took 0.099 seconds
[2025-02-06T00:56:50.745+0000] {processor.py:186} INFO - Started process (PID=1564) to work on /home/airflow/.local/lib/python3.12/site-packages/airflow/example_dags/example_bash_operator.py
[2025-02-06T00:56:50.746+0000] {processor.py:914} INFO - Processing file /home/airflow/.local/lib/python3.12/site-packages/airflow/example_dags/example_bash_operator.py for tasks to queue
[2025-02-06T00:56:50.749+0000] {logging_mixin.py:190} INFO - [2025-02-06T00:56:50.749+0000] {dagbag.py:588} INFO - Filling up the DagBag from /home/airflow/.local/lib/python3.12/site-packages/airflow/example_dags/example_bash_operator.py
[2025-02-06T00:56:50.765+0000] {processor.py:925} INFO - DAG(s) 'example_bash_operator' retrieved from /home/airflow/.local/lib/python3.12/site-packages/airflow/example_dags/example_bash_operator.py
[2025-02-06T00:56:50.803+0000] {logging_mixin.py:190} INFO - [2025-02-06T00:56:50.803+0000] {dag.py:3239} INFO - Sync 1 DAGs
[2025-02-06T00:56:50.840+0000] {logging_mixin.py:190} INFO - [2025-02-06T00:56:50.840+0000] {dag.py:4180} INFO - Setting next_dagrun for example_bash_operator to 2025-02-05 00:00:00+00:00, run_after=2025-02-06 00:00:00+00:00
[2025-02-06T00:56:50.870+0000] {processor.py:208} INFO - Processing /home/airflow/.local/lib/python3.12/site-packages/airflow/example_dags/example_bash_operator.py took 0.130 seconds
[2025-02-06T00:57:22.407+0000] {processor.py:186} INFO - Started process (PID=1627) to work on /home/airflow/.local/lib/python3.12/site-packages/airflow/example_dags/example_bash_operator.py
[2025-02-06T00:57:22.408+0000] {processor.py:914} INFO - Processing file /home/airflow/.local/lib/python3.12/site-packages/airflow/example_dags/example_bash_operator.py for tasks to queue
[2025-02-06T00:57:22.411+0000] {logging_mixin.py:190} INFO - [2025-02-06T00:57:22.411+0000] {dagbag.py:588} INFO - Filling up the DagBag from /home/airflow/.local/lib/python3.12/site-packages/airflow/example_dags/example_bash_operator.py
[2025-02-06T00:57:22.424+0000] {processor.py:925} INFO - DAG(s) 'example_bash_operator' retrieved from /home/airflow/.local/lib/python3.12/site-packages/airflow/example_dags/example_bash_operator.py
[2025-02-06T00:57:22.450+0000] {logging_mixin.py:190} INFO - [2025-02-06T00:57:22.450+0000] {dag.py:3239} INFO - Sync 1 DAGs
[2025-02-06T00:57:22.476+0000] {logging_mixin.py:190} INFO - [2025-02-06T00:57:22.476+0000] {dag.py:4180} INFO - Setting next_dagrun for example_bash_operator to 2025-02-05 00:00:00+00:00, run_after=2025-02-06 00:00:00+00:00
[2025-02-06T00:57:22.497+0000] {processor.py:208} INFO - Processing /home/airflow/.local/lib/python3.12/site-packages/airflow/example_dags/example_bash_operator.py took 0.095 seconds
[2025-02-06T00:57:55.402+0000] {processor.py:186} INFO - Started process (PID=1690) to work on /home/airflow/.local/lib/python3.12/site-packages/airflow/example_dags/example_bash_operator.py
[2025-02-06T00:57:55.403+0000] {processor.py:914} INFO - Processing file /home/airflow/.local/lib/python3.12/site-packages/airflow/example_dags/example_bash_operator.py for tasks to queue
[2025-02-06T00:57:55.406+0000] {logging_mixin.py:190} INFO - [2025-02-06T00:57:55.406+0000] {dagbag.py:588} INFO - Filling up the DagBag from /home/airflow/.local/lib/python3.12/site-packages/airflow/example_dags/example_bash_operator.py
[2025-02-06T00:57:55.416+0000] {processor.py:925} INFO - DAG(s) 'example_bash_operator' retrieved from /home/airflow/.local/lib/python3.12/site-packages/airflow/example_dags/example_bash_operator.py
[2025-02-06T00:57:55.442+0000] {logging_mixin.py:190} INFO - [2025-02-06T00:57:55.442+0000] {dag.py:3239} INFO - Sync 1 DAGs
[2025-02-06T00:57:55.467+0000] {logging_mixin.py:190} INFO - [2025-02-06T00:57:55.467+0000] {dag.py:4180} INFO - Setting next_dagrun for example_bash_operator to 2025-02-05 00:00:00+00:00, run_after=2025-02-06 00:00:00+00:00
[2025-02-06T00:57:55.516+0000] {processor.py:208} INFO - Processing /home/airflow/.local/lib/python3.12/site-packages/airflow/example_dags/example_bash_operator.py took 0.119 seconds
[2025-02-06T00:58:28.450+0000] {processor.py:186} INFO - Started process (PID=1753) to work on /home/airflow/.local/lib/python3.12/site-packages/airflow/example_dags/example_bash_operator.py
[2025-02-06T00:58:28.451+0000] {processor.py:914} INFO - Processing file /home/airflow/.local/lib/python3.12/site-packages/airflow/example_dags/example_bash_operator.py for tasks to queue
[2025-02-06T00:58:28.454+0000] {logging_mixin.py:190} INFO - [2025-02-06T00:58:28.454+0000] {dagbag.py:588} INFO - Filling up the DagBag from /home/airflow/.local/lib/python3.12/site-packages/airflow/example_dags/example_bash_operator.py
[2025-02-06T00:58:28.466+0000] {processor.py:925} INFO - DAG(s) 'example_bash_operator' retrieved from /home/airflow/.local/lib/python3.12/site-packages/airflow/example_dags/example_bash_operator.py
[2025-02-06T00:58:28.492+0000] {logging_mixin.py:190} INFO - [2025-02-06T00:58:28.492+0000] {dag.py:3239} INFO - Sync 1 DAGs
[2025-02-06T00:58:28.517+0000] {logging_mixin.py:190} INFO - [2025-02-06T00:58:28.517+0000] {dag.py:4180} INFO - Setting next_dagrun for example_bash_operator to 2025-02-05 00:00:00+00:00, run_after=2025-02-06 00:00:00+00:00
[2025-02-06T00:58:28.539+0000] {processor.py:208} INFO - Processing /home/airflow/.local/lib/python3.12/site-packages/airflow/example_dags/example_bash_operator.py took 0.093 seconds
[2025-02-06T00:59:01.307+0000] {processor.py:186} INFO - Started process (PID=1816) to work on /home/airflow/.local/lib/python3.12/site-packages/airflow/example_dags/example_bash_operator.py
[2025-02-06T00:59:01.308+0000] {processor.py:914} INFO - Processing file /home/airflow/.local/lib/python3.12/site-packages/airflow/example_dags/example_bash_operator.py for tasks to queue
[2025-02-06T00:59:01.310+0000] {logging_mixin.py:190} INFO - [2025-02-06T00:59:01.310+0000] {dagbag.py:588} INFO - Filling up the DagBag from /home/airflow/.local/lib/python3.12/site-packages/airflow/example_dags/example_bash_operator.py
[2025-02-06T00:59:01.320+0000] {processor.py:925} INFO - DAG(s) 'example_bash_operator' retrieved from /home/airflow/.local/lib/python3.12/site-packages/airflow/example_dags/example_bash_operator.py
[2025-02-06T00:59:01.342+0000] {logging_mixin.py:190} INFO - [2025-02-06T00:59:01.342+0000] {dag.py:3239} INFO - Sync 1 DAGs
[2025-02-06T00:59:01.363+0000] {logging_mixin.py:190} INFO - [2025-02-06T00:59:01.362+0000] {dag.py:4180} INFO - Setting next_dagrun for example_bash_operator to 2025-02-05 00:00:00+00:00, run_after=2025-02-06 00:00:00+00:00
[2025-02-06T00:59:01.380+0000] {processor.py:208} INFO - Processing /home/airflow/.local/lib/python3.12/site-packages/airflow/example_dags/example_bash_operator.py took 0.077 seconds
[2025-02-06T00:59:35.865+0000] {processor.py:186} INFO - Started process (PID=1885) to work on /home/airflow/.local/lib/python3.12/site-packages/airflow/example_dags/example_bash_operator.py
[2025-02-06T00:59:35.869+0000] {processor.py:914} INFO - Processing file /home/airflow/.local/lib/python3.12/site-packages/airflow/example_dags/example_bash_operator.py for tasks to queue
[2025-02-06T00:59:35.874+0000] {logging_mixin.py:190} INFO - [2025-02-06T00:59:35.874+0000] {dagbag.py:588} INFO - Filling up the DagBag from /home/airflow/.local/lib/python3.12/site-packages/airflow/example_dags/example_bash_operator.py
[2025-02-06T00:59:35.886+0000] {processor.py:925} INFO - DAG(s) 'example_bash_operator' retrieved from /home/airflow/.local/lib/python3.12/site-packages/airflow/example_dags/example_bash_operator.py
[2025-02-06T00:59:35.918+0000] {logging_mixin.py:190} INFO - [2025-02-06T00:59:35.917+0000] {dag.py:3239} INFO - Sync 1 DAGs
[2025-02-06T00:59:35.943+0000] {logging_mixin.py:190} INFO - [2025-02-06T00:59:35.942+0000] {dag.py:4180} INFO - Setting next_dagrun for example_bash_operator to 2025-02-05 00:00:00+00:00, run_after=2025-02-06 00:00:00+00:00
[2025-02-06T00:59:35.967+0000] {processor.py:208} INFO - Processing /home/airflow/.local/lib/python3.12/site-packages/airflow/example_dags/example_bash_operator.py took 0.107 seconds
[2025-02-06T01:00:06.520+0000] {processor.py:186} INFO - Started process (PID=1948) to work on /home/airflow/.local/lib/python3.12/site-packages/airflow/example_dags/example_bash_operator.py
[2025-02-06T01:00:06.530+0000] {processor.py:914} INFO - Processing file /home/airflow/.local/lib/python3.12/site-packages/airflow/example_dags/example_bash_operator.py for tasks to queue
[2025-02-06T01:00:06.533+0000] {logging_mixin.py:190} INFO - [2025-02-06T01:00:06.533+0000] {dagbag.py:588} INFO - Filling up the DagBag from /home/airflow/.local/lib/python3.12/site-packages/airflow/example_dags/example_bash_operator.py
[2025-02-06T01:00:06.552+0000] {processor.py:925} INFO - DAG(s) 'example_bash_operator' retrieved from /home/airflow/.local/lib/python3.12/site-packages/airflow/example_dags/example_bash_operator.py
[2025-02-06T01:00:06.575+0000] {logging_mixin.py:190} INFO - [2025-02-06T01:00:06.575+0000] {dag.py:3239} INFO - Sync 1 DAGs
[2025-02-06T01:00:06.604+0000] {logging_mixin.py:190} INFO - [2025-02-06T01:00:06.604+0000] {dag.py:4180} INFO - Setting next_dagrun for example_bash_operator to 2025-02-05 00:00:00+00:00, run_after=2025-02-06 00:00:00+00:00
[2025-02-06T01:00:06.633+0000] {processor.py:208} INFO - Processing /home/airflow/.local/lib/python3.12/site-packages/airflow/example_dags/example_bash_operator.py took 0.117 seconds
[2025-02-06T01:00:40.960+0000] {processor.py:186} INFO - Started process (PID=2012) to work on /home/airflow/.local/lib/python3.12/site-packages/airflow/example_dags/example_bash_operator.py
[2025-02-06T01:00:40.961+0000] {processor.py:914} INFO - Processing file /home/airflow/.local/lib/python3.12/site-packages/airflow/example_dags/example_bash_operator.py for tasks to queue
[2025-02-06T01:00:40.965+0000] {logging_mixin.py:190} INFO - [2025-02-06T01:00:40.965+0000] {dagbag.py:588} INFO - Filling up the DagBag from /home/airflow/.local/lib/python3.12/site-packages/airflow/example_dags/example_bash_operator.py
[2025-02-06T01:00:40.983+0000] {processor.py:925} INFO - DAG(s) 'example_bash_operator' retrieved from /home/airflow/.local/lib/python3.12/site-packages/airflow/example_dags/example_bash_operator.py
[2025-02-06T01:00:41.024+0000] {logging_mixin.py:190} INFO - [2025-02-06T01:00:41.023+0000] {dag.py:3239} INFO - Sync 1 DAGs
[2025-02-06T01:00:41.061+0000] {logging_mixin.py:190} INFO - [2025-02-06T01:00:41.061+0000] {dag.py:4180} INFO - Setting next_dagrun for example_bash_operator to 2025-02-05 00:00:00+00:00, run_after=2025-02-06 00:00:00+00:00
[2025-02-06T01:00:41.086+0000] {processor.py:208} INFO - Processing /home/airflow/.local/lib/python3.12/site-packages/airflow/example_dags/example_bash_operator.py took 0.133 seconds
[2025-02-06T01:01:12.449+0000] {processor.py:186} INFO - Started process (PID=2075) to work on /home/airflow/.local/lib/python3.12/site-packages/airflow/example_dags/example_bash_operator.py
[2025-02-06T01:01:12.450+0000] {processor.py:914} INFO - Processing file /home/airflow/.local/lib/python3.12/site-packages/airflow/example_dags/example_bash_operator.py for tasks to queue
[2025-02-06T01:01:12.453+0000] {logging_mixin.py:190} INFO - [2025-02-06T01:01:12.453+0000] {dagbag.py:588} INFO - Filling up the DagBag from /home/airflow/.local/lib/python3.12/site-packages/airflow/example_dags/example_bash_operator.py
[2025-02-06T01:01:12.464+0000] {processor.py:925} INFO - DAG(s) 'example_bash_operator' retrieved from /home/airflow/.local/lib/python3.12/site-packages/airflow/example_dags/example_bash_operator.py
[2025-02-06T01:01:12.490+0000] {logging_mixin.py:190} INFO - [2025-02-06T01:01:12.490+0000] {dag.py:3239} INFO - Sync 1 DAGs
[2025-02-06T01:01:12.518+0000] {logging_mixin.py:190} INFO - [2025-02-06T01:01:12.518+0000] {dag.py:4180} INFO - Setting next_dagrun for example_bash_operator to 2025-02-05 00:00:00+00:00, run_after=2025-02-06 00:00:00+00:00
[2025-02-06T01:01:12.544+0000] {processor.py:208} INFO - Processing /home/airflow/.local/lib/python3.12/site-packages/airflow/example_dags/example_bash_operator.py took 0.098 seconds
[2025-02-06T01:01:47.721+0000] {processor.py:186} INFO - Started process (PID=2138) to work on /home/airflow/.local/lib/python3.12/site-packages/airflow/example_dags/example_bash_operator.py
[2025-02-06T01:01:47.722+0000] {processor.py:914} INFO - Processing file /home/airflow/.local/lib/python3.12/site-packages/airflow/example_dags/example_bash_operator.py for tasks to queue
[2025-02-06T01:01:47.725+0000] {logging_mixin.py:190} INFO - [2025-02-06T01:01:47.724+0000] {dagbag.py:588} INFO - Filling up the DagBag from /home/airflow/.local/lib/python3.12/site-packages/airflow/example_dags/example_bash_operator.py
[2025-02-06T01:01:47.735+0000] {processor.py:925} INFO - DAG(s) 'example_bash_operator' retrieved from /home/airflow/.local/lib/python3.12/site-packages/airflow/example_dags/example_bash_operator.py
[2025-02-06T01:01:47.760+0000] {logging_mixin.py:190} INFO - [2025-02-06T01:01:47.760+0000] {dag.py:3239} INFO - Sync 1 DAGs
[2025-02-06T01:01:47.783+0000] {logging_mixin.py:190} INFO - [2025-02-06T01:01:47.782+0000] {dag.py:4180} INFO - Setting next_dagrun for example_bash_operator to 2025-02-05 00:00:00+00:00, run_after=2025-02-06 00:00:00+00:00
[2025-02-06T01:01:47.807+0000] {processor.py:208} INFO - Processing /home/airflow/.local/lib/python3.12/site-packages/airflow/example_dags/example_bash_operator.py took 0.093 seconds
[2025-02-06T01:02:18.991+0000] {processor.py:186} INFO - Started process (PID=2201) to work on /home/airflow/.local/lib/python3.12/site-packages/airflow/example_dags/example_bash_operator.py
[2025-02-06T01:02:18.992+0000] {processor.py:914} INFO - Processing file /home/airflow/.local/lib/python3.12/site-packages/airflow/example_dags/example_bash_operator.py for tasks to queue
[2025-02-06T01:02:18.996+0000] {logging_mixin.py:190} INFO - [2025-02-06T01:02:18.995+0000] {dagbag.py:588} INFO - Filling up the DagBag from /home/airflow/.local/lib/python3.12/site-packages/airflow/example_dags/example_bash_operator.py
[2025-02-06T01:02:19.016+0000] {processor.py:925} INFO - DAG(s) 'example_bash_operator' retrieved from /home/airflow/.local/lib/python3.12/site-packages/airflow/example_dags/example_bash_operator.py
[2025-02-06T01:02:19.047+0000] {logging_mixin.py:190} INFO - [2025-02-06T01:02:19.046+0000] {dag.py:3239} INFO - Sync 1 DAGs
[2025-02-06T01:02:19.071+0000] {logging_mixin.py:190} INFO - [2025-02-06T01:02:19.071+0000] {dag.py:4180} INFO - Setting next_dagrun for example_bash_operator to 2025-02-05 00:00:00+00:00, run_after=2025-02-06 00:00:00+00:00
[2025-02-06T01:02:19.090+0000] {processor.py:208} INFO - Processing /home/airflow/.local/lib/python3.12/site-packages/airflow/example_dags/example_bash_operator.py took 0.117 seconds
[2025-02-06T01:02:51.803+0000] {processor.py:186} INFO - Started process (PID=2264) to work on /home/airflow/.local/lib/python3.12/site-packages/airflow/example_dags/example_bash_operator.py
[2025-02-06T01:02:51.804+0000] {processor.py:914} INFO - Processing file /home/airflow/.local/lib/python3.12/site-packages/airflow/example_dags/example_bash_operator.py for tasks to queue
[2025-02-06T01:02:51.808+0000] {logging_mixin.py:190} INFO - [2025-02-06T01:02:51.808+0000] {dagbag.py:588} INFO - Filling up the DagBag from /home/airflow/.local/lib/python3.12/site-packages/airflow/example_dags/example_bash_operator.py
[2025-02-06T01:02:51.818+0000] {processor.py:925} INFO - DAG(s) 'example_bash_operator' retrieved from /home/airflow/.local/lib/python3.12/site-packages/airflow/example_dags/example_bash_operator.py
[2025-02-06T01:02:51.841+0000] {logging_mixin.py:190} INFO - [2025-02-06T01:02:51.841+0000] {dag.py:3239} INFO - Sync 1 DAGs
[2025-02-06T01:02:51.863+0000] {logging_mixin.py:190} INFO - [2025-02-06T01:02:51.862+0000] {dag.py:4180} INFO - Setting next_dagrun for example_bash_operator to 2025-02-05 00:00:00+00:00, run_after=2025-02-06 00:00:00+00:00
[2025-02-06T01:02:51.882+0000] {processor.py:208} INFO - Processing /home/airflow/.local/lib/python3.12/site-packages/airflow/example_dags/example_bash_operator.py took 0.085 seconds
[2025-02-06T01:03:24.345+0000] {processor.py:186} INFO - Started process (PID=2327) to work on /home/airflow/.local/lib/python3.12/site-packages/airflow/example_dags/example_bash_operator.py
[2025-02-06T01:03:24.347+0000] {processor.py:914} INFO - Processing file /home/airflow/.local/lib/python3.12/site-packages/airflow/example_dags/example_bash_operator.py for tasks to queue
[2025-02-06T01:03:24.351+0000] {logging_mixin.py:190} INFO - [2025-02-06T01:03:24.350+0000] {dagbag.py:588} INFO - Filling up the DagBag from /home/airflow/.local/lib/python3.12/site-packages/airflow/example_dags/example_bash_operator.py
[2025-02-06T01:03:24.370+0000] {processor.py:925} INFO - DAG(s) 'example_bash_operator' retrieved from /home/airflow/.local/lib/python3.12/site-packages/airflow/example_dags/example_bash_operator.py
[2025-02-06T01:03:24.409+0000] {logging_mixin.py:190} INFO - [2025-02-06T01:03:24.409+0000] {dag.py:3239} INFO - Sync 1 DAGs
[2025-02-06T01:03:24.455+0000] {logging_mixin.py:190} INFO - [2025-02-06T01:03:24.454+0000] {dag.py:4180} INFO - Setting next_dagrun for example_bash_operator to 2025-02-05 00:00:00+00:00, run_after=2025-02-06 00:00:00+00:00
[2025-02-06T01:03:24.492+0000] {processor.py:208} INFO - Processing /home/airflow/.local/lib/python3.12/site-packages/airflow/example_dags/example_bash_operator.py took 0.157 seconds
[2025-02-06T01:03:55.935+0000] {processor.py:186} INFO - Started process (PID=2390) to work on /home/airflow/.local/lib/python3.12/site-packages/airflow/example_dags/example_bash_operator.py
[2025-02-06T01:03:55.936+0000] {processor.py:914} INFO - Processing file /home/airflow/.local/lib/python3.12/site-packages/airflow/example_dags/example_bash_operator.py for tasks to queue
[2025-02-06T01:03:55.940+0000] {logging_mixin.py:190} INFO - [2025-02-06T01:03:55.939+0000] {dagbag.py:588} INFO - Filling up the DagBag from /home/airflow/.local/lib/python3.12/site-packages/airflow/example_dags/example_bash_operator.py
[2025-02-06T01:03:55.954+0000] {processor.py:925} INFO - DAG(s) 'example_bash_operator' retrieved from /home/airflow/.local/lib/python3.12/site-packages/airflow/example_dags/example_bash_operator.py
[2025-02-06T01:03:55.979+0000] {logging_mixin.py:190} INFO - [2025-02-06T01:03:55.979+0000] {dag.py:3239} INFO - Sync 1 DAGs
[2025-02-06T01:03:56.002+0000] {logging_mixin.py:190} INFO - [2025-02-06T01:03:56.002+0000] {dag.py:4180} INFO - Setting next_dagrun for example_bash_operator to 2025-02-05 00:00:00+00:00, run_after=2025-02-06 00:00:00+00:00
[2025-02-06T01:03:56.025+0000] {processor.py:208} INFO - Processing /home/airflow/.local/lib/python3.12/site-packages/airflow/example_dags/example_bash_operator.py took 0.096 seconds
[2025-02-06T01:04:29.092+0000] {processor.py:186} INFO - Started process (PID=2453) to work on /home/airflow/.local/lib/python3.12/site-packages/airflow/example_dags/example_bash_operator.py
[2025-02-06T01:04:29.093+0000] {processor.py:914} INFO - Processing file /home/airflow/.local/lib/python3.12/site-packages/airflow/example_dags/example_bash_operator.py for tasks to queue
[2025-02-06T01:04:29.096+0000] {logging_mixin.py:190} INFO - [2025-02-06T01:04:29.096+0000] {dagbag.py:588} INFO - Filling up the DagBag from /home/airflow/.local/lib/python3.12/site-packages/airflow/example_dags/example_bash_operator.py
[2025-02-06T01:04:29.106+0000] {processor.py:925} INFO - DAG(s) 'example_bash_operator' retrieved from /home/airflow/.local/lib/python3.12/site-packages/airflow/example_dags/example_bash_operator.py
[2025-02-06T01:04:29.130+0000] {logging_mixin.py:190} INFO - [2025-02-06T01:04:29.130+0000] {dag.py:3239} INFO - Sync 1 DAGs
[2025-02-06T01:04:29.154+0000] {logging_mixin.py:190} INFO - [2025-02-06T01:04:29.154+0000] {dag.py:4180} INFO - Setting next_dagrun for example_bash_operator to 2025-02-05 00:00:00+00:00, run_after=2025-02-06 00:00:00+00:00
[2025-02-06T01:04:29.175+0000] {processor.py:208} INFO - Processing /home/airflow/.local/lib/python3.12/site-packages/airflow/example_dags/example_bash_operator.py took 0.088 seconds
[2025-02-06T01:05:01.459+0000] {processor.py:186} INFO - Started process (PID=2516) to work on /home/airflow/.local/lib/python3.12/site-packages/airflow/example_dags/example_bash_operator.py
[2025-02-06T01:05:01.460+0000] {processor.py:914} INFO - Processing file /home/airflow/.local/lib/python3.12/site-packages/airflow/example_dags/example_bash_operator.py for tasks to queue
[2025-02-06T01:05:01.463+0000] {logging_mixin.py:190} INFO - [2025-02-06T01:05:01.462+0000] {dagbag.py:588} INFO - Filling up the DagBag from /home/airflow/.local/lib/python3.12/site-packages/airflow/example_dags/example_bash_operator.py
[2025-02-06T01:05:01.473+0000] {processor.py:925} INFO - DAG(s) 'example_bash_operator' retrieved from /home/airflow/.local/lib/python3.12/site-packages/airflow/example_dags/example_bash_operator.py
[2025-02-06T01:05:01.496+0000] {logging_mixin.py:190} INFO - [2025-02-06T01:05:01.496+0000] {dag.py:3239} INFO - Sync 1 DAGs
[2025-02-06T01:05:01.517+0000] {logging_mixin.py:190} INFO - [2025-02-06T01:05:01.517+0000] {dag.py:4180} INFO - Setting next_dagrun for example_bash_operator to 2025-02-05 00:00:00+00:00, run_after=2025-02-06 00:00:00+00:00
[2025-02-06T01:05:01.539+0000] {processor.py:208} INFO - Processing /home/airflow/.local/lib/python3.12/site-packages/airflow/example_dags/example_bash_operator.py took 0.084 seconds
[2025-02-06T01:05:35.457+0000] {processor.py:186} INFO - Started process (PID=2579) to work on /home/airflow/.local/lib/python3.12/site-packages/airflow/example_dags/example_bash_operator.py
[2025-02-06T01:05:35.458+0000] {processor.py:914} INFO - Processing file /home/airflow/.local/lib/python3.12/site-packages/airflow/example_dags/example_bash_operator.py for tasks to queue
[2025-02-06T01:05:35.461+0000] {logging_mixin.py:190} INFO - [2025-02-06T01:05:35.460+0000] {dagbag.py:588} INFO - Filling up the DagBag from /home/airflow/.local/lib/python3.12/site-packages/airflow/example_dags/example_bash_operator.py
[2025-02-06T01:05:35.472+0000] {processor.py:925} INFO - DAG(s) 'example_bash_operator' retrieved from /home/airflow/.local/lib/python3.12/site-packages/airflow/example_dags/example_bash_operator.py
[2025-02-06T01:05:35.496+0000] {logging_mixin.py:190} INFO - [2025-02-06T01:05:35.496+0000] {dag.py:3239} INFO - Sync 1 DAGs
[2025-02-06T01:05:35.517+0000] {logging_mixin.py:190} INFO - [2025-02-06T01:05:35.517+0000] {dag.py:4180} INFO - Setting next_dagrun for example_bash_operator to 2025-02-05 00:00:00+00:00, run_after=2025-02-06 00:00:00+00:00
[2025-02-06T01:05:35.539+0000] {processor.py:208} INFO - Processing /home/airflow/.local/lib/python3.12/site-packages/airflow/example_dags/example_bash_operator.py took 0.088 seconds
[2025-02-06T01:06:06.407+0000] {processor.py:186} INFO - Started process (PID=2642) to work on /home/airflow/.local/lib/python3.12/site-packages/airflow/example_dags/example_bash_operator.py
[2025-02-06T01:06:06.408+0000] {processor.py:914} INFO - Processing file /home/airflow/.local/lib/python3.12/site-packages/airflow/example_dags/example_bash_operator.py for tasks to queue
[2025-02-06T01:06:06.411+0000] {logging_mixin.py:190} INFO - [2025-02-06T01:06:06.411+0000] {dagbag.py:588} INFO - Filling up the DagBag from /home/airflow/.local/lib/python3.12/site-packages/airflow/example_dags/example_bash_operator.py
[2025-02-06T01:06:06.424+0000] {processor.py:925} INFO - DAG(s) 'example_bash_operator' retrieved from /home/airflow/.local/lib/python3.12/site-packages/airflow/example_dags/example_bash_operator.py
[2025-02-06T01:06:06.449+0000] {logging_mixin.py:190} INFO - [2025-02-06T01:06:06.449+0000] {dag.py:3239} INFO - Sync 1 DAGs
[2025-02-06T01:06:06.471+0000] {logging_mixin.py:190} INFO - [2025-02-06T01:06:06.471+0000] {dag.py:4180} INFO - Setting next_dagrun for example_bash_operator to 2025-02-05 00:00:00+00:00, run_after=2025-02-06 00:00:00+00:00
[2025-02-06T01:06:06.493+0000] {processor.py:208} INFO - Processing /home/airflow/.local/lib/python3.12/site-packages/airflow/example_dags/example_bash_operator.py took 0.092 seconds
[2025-02-06T01:06:39.474+0000] {processor.py:186} INFO - Started process (PID=2705) to work on /home/airflow/.local/lib/python3.12/site-packages/airflow/example_dags/example_bash_operator.py
[2025-02-06T01:06:39.475+0000] {processor.py:914} INFO - Processing file /home/airflow/.local/lib/python3.12/site-packages/airflow/example_dags/example_bash_operator.py for tasks to queue
[2025-02-06T01:06:39.478+0000] {logging_mixin.py:190} INFO - [2025-02-06T01:06:39.478+0000] {dagbag.py:588} INFO - Filling up the DagBag from /home/airflow/.local/lib/python3.12/site-packages/airflow/example_dags/example_bash_operator.py
[2025-02-06T01:06:39.490+0000] {processor.py:925} INFO - DAG(s) 'example_bash_operator' retrieved from /home/airflow/.local/lib/python3.12/site-packages/airflow/example_dags/example_bash_operator.py
[2025-02-06T01:06:39.522+0000] {logging_mixin.py:190} INFO - [2025-02-06T01:06:39.521+0000] {dag.py:3239} INFO - Sync 1 DAGs
[2025-02-06T01:06:39.552+0000] {logging_mixin.py:190} INFO - [2025-02-06T01:06:39.551+0000] {dag.py:4180} INFO - Setting next_dagrun for example_bash_operator to 2025-02-05 00:00:00+00:00, run_after=2025-02-06 00:00:00+00:00
[2025-02-06T01:06:39.580+0000] {processor.py:208} INFO - Processing /home/airflow/.local/lib/python3.12/site-packages/airflow/example_dags/example_bash_operator.py took 0.112 seconds
[2025-02-06T01:07:13.615+0000] {processor.py:186} INFO - Started process (PID=2768) to work on /home/airflow/.local/lib/python3.12/site-packages/airflow/example_dags/example_bash_operator.py
[2025-02-06T01:07:13.616+0000] {processor.py:914} INFO - Processing file /home/airflow/.local/lib/python3.12/site-packages/airflow/example_dags/example_bash_operator.py for tasks to queue
[2025-02-06T01:07:13.619+0000] {logging_mixin.py:190} INFO - [2025-02-06T01:07:13.618+0000] {dagbag.py:588} INFO - Filling up the DagBag from /home/airflow/.local/lib/python3.12/site-packages/airflow/example_dags/example_bash_operator.py
[2025-02-06T01:07:13.629+0000] {processor.py:925} INFO - DAG(s) 'example_bash_operator' retrieved from /home/airflow/.local/lib/python3.12/site-packages/airflow/example_dags/example_bash_operator.py
[2025-02-06T01:07:13.654+0000] {logging_mixin.py:190} INFO - [2025-02-06T01:07:13.654+0000] {dag.py:3239} INFO - Sync 1 DAGs
[2025-02-06T01:07:13.675+0000] {logging_mixin.py:190} INFO - [2025-02-06T01:07:13.674+0000] {dag.py:4180} INFO - Setting next_dagrun for example_bash_operator to 2025-02-05 00:00:00+00:00, run_after=2025-02-06 00:00:00+00:00
[2025-02-06T01:07:13.700+0000] {processor.py:208} INFO - Processing /home/airflow/.local/lib/python3.12/site-packages/airflow/example_dags/example_bash_operator.py took 0.090 seconds
[2025-02-06T01:07:45.974+0000] {processor.py:186} INFO - Started process (PID=2831) to work on /home/airflow/.local/lib/python3.12/site-packages/airflow/example_dags/example_bash_operator.py
[2025-02-06T01:07:45.976+0000] {processor.py:914} INFO - Processing file /home/airflow/.local/lib/python3.12/site-packages/airflow/example_dags/example_bash_operator.py for tasks to queue
[2025-02-06T01:07:45.978+0000] {logging_mixin.py:190} INFO - [2025-02-06T01:07:45.978+0000] {dagbag.py:588} INFO - Filling up the DagBag from /home/airflow/.local/lib/python3.12/site-packages/airflow/example_dags/example_bash_operator.py
[2025-02-06T01:07:45.990+0000] {processor.py:925} INFO - DAG(s) 'example_bash_operator' retrieved from /home/airflow/.local/lib/python3.12/site-packages/airflow/example_dags/example_bash_operator.py
[2025-02-06T01:07:46.028+0000] {logging_mixin.py:190} INFO - [2025-02-06T01:07:46.027+0000] {dag.py:3239} INFO - Sync 1 DAGs
[2025-02-06T01:07:46.056+0000] {logging_mixin.py:190} INFO - [2025-02-06T01:07:46.056+0000] {dag.py:4180} INFO - Setting next_dagrun for example_bash_operator to 2025-02-05 00:00:00+00:00, run_after=2025-02-06 00:00:00+00:00
[2025-02-06T01:07:46.089+0000] {processor.py:208} INFO - Processing /home/airflow/.local/lib/python3.12/site-packages/airflow/example_dags/example_bash_operator.py took 0.119 seconds
[2025-02-06T01:08:19.116+0000] {processor.py:186} INFO - Started process (PID=2894) to work on /home/airflow/.local/lib/python3.12/site-packages/airflow/example_dags/example_bash_operator.py
[2025-02-06T01:08:19.118+0000] {processor.py:914} INFO - Processing file /home/airflow/.local/lib/python3.12/site-packages/airflow/example_dags/example_bash_operator.py for tasks to queue
[2025-02-06T01:08:19.121+0000] {logging_mixin.py:190} INFO - [2025-02-06T01:08:19.121+0000] {dagbag.py:588} INFO - Filling up the DagBag from /home/airflow/.local/lib/python3.12/site-packages/airflow/example_dags/example_bash_operator.py
[2025-02-06T01:08:19.134+0000] {processor.py:925} INFO - DAG(s) 'example_bash_operator' retrieved from /home/airflow/.local/lib/python3.12/site-packages/airflow/example_dags/example_bash_operator.py
[2025-02-06T01:08:19.191+0000] {logging_mixin.py:190} INFO - [2025-02-06T01:08:19.190+0000] {dag.py:3239} INFO - Sync 1 DAGs
[2025-02-06T01:08:19.254+0000] {logging_mixin.py:190} INFO - [2025-02-06T01:08:19.254+0000] {dag.py:4180} INFO - Setting next_dagrun for example_bash_operator to 2025-02-05 00:00:00+00:00, run_after=2025-02-06 00:00:00+00:00
[2025-02-06T01:08:19.310+0000] {processor.py:208} INFO - Processing /home/airflow/.local/lib/python3.12/site-packages/airflow/example_dags/example_bash_operator.py took 0.202 seconds
[2025-02-06T01:08:51.513+0000] {processor.py:186} INFO - Started process (PID=2957) to work on /home/airflow/.local/lib/python3.12/site-packages/airflow/example_dags/example_bash_operator.py
[2025-02-06T01:08:51.514+0000] {processor.py:914} INFO - Processing file /home/airflow/.local/lib/python3.12/site-packages/airflow/example_dags/example_bash_operator.py for tasks to queue
[2025-02-06T01:08:51.517+0000] {logging_mixin.py:190} INFO - [2025-02-06T01:08:51.516+0000] {dagbag.py:588} INFO - Filling up the DagBag from /home/airflow/.local/lib/python3.12/site-packages/airflow/example_dags/example_bash_operator.py
[2025-02-06T01:08:51.529+0000] {processor.py:925} INFO - DAG(s) 'example_bash_operator' retrieved from /home/airflow/.local/lib/python3.12/site-packages/airflow/example_dags/example_bash_operator.py
[2025-02-06T01:08:51.553+0000] {logging_mixin.py:190} INFO - [2025-02-06T01:08:51.553+0000] {dag.py:3239} INFO - Sync 1 DAGs
[2025-02-06T01:08:51.609+0000] {logging_mixin.py:190} INFO - [2025-02-06T01:08:51.609+0000] {dag.py:4180} INFO - Setting next_dagrun for example_bash_operator to 2025-02-05 00:00:00+00:00, run_after=2025-02-06 00:00:00+00:00
[2025-02-06T01:08:51.639+0000] {processor.py:208} INFO - Processing /home/airflow/.local/lib/python3.12/site-packages/airflow/example_dags/example_bash_operator.py took 0.131 seconds
[2025-02-06T01:09:24.375+0000] {processor.py:186} INFO - Started process (PID=3020) to work on /home/airflow/.local/lib/python3.12/site-packages/airflow/example_dags/example_bash_operator.py
[2025-02-06T01:09:24.377+0000] {processor.py:914} INFO - Processing file /home/airflow/.local/lib/python3.12/site-packages/airflow/example_dags/example_bash_operator.py for tasks to queue
[2025-02-06T01:09:24.381+0000] {logging_mixin.py:190} INFO - [2025-02-06T01:09:24.380+0000] {dagbag.py:588} INFO - Filling up the DagBag from /home/airflow/.local/lib/python3.12/site-packages/airflow/example_dags/example_bash_operator.py
[2025-02-06T01:09:24.401+0000] {processor.py:925} INFO - DAG(s) 'example_bash_operator' retrieved from /home/airflow/.local/lib/python3.12/site-packages/airflow/example_dags/example_bash_operator.py
[2025-02-06T01:09:24.437+0000] {logging_mixin.py:190} INFO - [2025-02-06T01:09:24.436+0000] {dag.py:3239} INFO - Sync 1 DAGs
[2025-02-06T01:09:24.463+0000] {logging_mixin.py:190} INFO - [2025-02-06T01:09:24.463+0000] {dag.py:4180} INFO - Setting next_dagrun for example_bash_operator to 2025-02-05 00:00:00+00:00, run_after=2025-02-06 00:00:00+00:00
[2025-02-06T01:09:24.500+0000] {processor.py:208} INFO - Processing /home/airflow/.local/lib/python3.12/site-packages/airflow/example_dags/example_bash_operator.py took 0.131 seconds
[2025-02-06T01:09:57.307+0000] {processor.py:186} INFO - Started process (PID=3083) to work on /home/airflow/.local/lib/python3.12/site-packages/airflow/example_dags/example_bash_operator.py
[2025-02-06T01:09:57.308+0000] {processor.py:914} INFO - Processing file /home/airflow/.local/lib/python3.12/site-packages/airflow/example_dags/example_bash_operator.py for tasks to queue
[2025-02-06T01:09:57.311+0000] {logging_mixin.py:190} INFO - [2025-02-06T01:09:57.310+0000] {dagbag.py:588} INFO - Filling up the DagBag from /home/airflow/.local/lib/python3.12/site-packages/airflow/example_dags/example_bash_operator.py
[2025-02-06T01:09:57.321+0000] {processor.py:925} INFO - DAG(s) 'example_bash_operator' retrieved from /home/airflow/.local/lib/python3.12/site-packages/airflow/example_dags/example_bash_operator.py
[2025-02-06T01:09:57.346+0000] {logging_mixin.py:190} INFO - [2025-02-06T01:09:57.346+0000] {dag.py:3239} INFO - Sync 1 DAGs
[2025-02-06T01:09:57.370+0000] {logging_mixin.py:190} INFO - [2025-02-06T01:09:57.370+0000] {dag.py:4180} INFO - Setting next_dagrun for example_bash_operator to 2025-02-05 00:00:00+00:00, run_after=2025-02-06 00:00:00+00:00
[2025-02-06T01:09:57.392+0000] {processor.py:208} INFO - Processing /home/airflow/.local/lib/python3.12/site-packages/airflow/example_dags/example_bash_operator.py took 0.093 seconds
[2025-02-06T01:10:30.735+0000] {processor.py:186} INFO - Started process (PID=3146) to work on /home/airflow/.local/lib/python3.12/site-packages/airflow/example_dags/example_bash_operator.py
[2025-02-06T01:10:30.736+0000] {processor.py:914} INFO - Processing file /home/airflow/.local/lib/python3.12/site-packages/airflow/example_dags/example_bash_operator.py for tasks to queue
[2025-02-06T01:10:30.739+0000] {logging_mixin.py:190} INFO - [2025-02-06T01:10:30.739+0000] {dagbag.py:588} INFO - Filling up the DagBag from /home/airflow/.local/lib/python3.12/site-packages/airflow/example_dags/example_bash_operator.py
[2025-02-06T01:10:30.750+0000] {processor.py:925} INFO - DAG(s) 'example_bash_operator' retrieved from /home/airflow/.local/lib/python3.12/site-packages/airflow/example_dags/example_bash_operator.py
[2025-02-06T01:10:30.782+0000] {logging_mixin.py:190} INFO - [2025-02-06T01:10:30.782+0000] {dag.py:3239} INFO - Sync 1 DAGs
[2025-02-06T01:10:30.808+0000] {logging_mixin.py:190} INFO - [2025-02-06T01:10:30.808+0000] {dag.py:4180} INFO - Setting next_dagrun for example_bash_operator to 2025-02-05 00:00:00+00:00, run_after=2025-02-06 00:00:00+00:00
[2025-02-06T01:10:30.831+0000] {processor.py:208} INFO - Processing /home/airflow/.local/lib/python3.12/site-packages/airflow/example_dags/example_bash_operator.py took 0.101 seconds
[2025-02-06T01:11:07.326+0000] {processor.py:186} INFO - Started process (PID=3209) to work on /home/airflow/.local/lib/python3.12/site-packages/airflow/example_dags/example_bash_operator.py
[2025-02-06T01:11:07.329+0000] {processor.py:914} INFO - Processing file /home/airflow/.local/lib/python3.12/site-packages/airflow/example_dags/example_bash_operator.py for tasks to queue
[2025-02-06T01:11:07.333+0000] {logging_mixin.py:190} INFO - [2025-02-06T01:11:07.333+0000] {dagbag.py:588} INFO - Filling up the DagBag from /home/airflow/.local/lib/python3.12/site-packages/airflow/example_dags/example_bash_operator.py
[2025-02-06T01:11:07.354+0000] {processor.py:925} INFO - DAG(s) 'example_bash_operator' retrieved from /home/airflow/.local/lib/python3.12/site-packages/airflow/example_dags/example_bash_operator.py
[2025-02-06T01:11:07.410+0000] {logging_mixin.py:190} INFO - [2025-02-06T01:11:07.410+0000] {dag.py:3239} INFO - Sync 1 DAGs
[2025-02-06T01:11:07.444+0000] {logging_mixin.py:190} INFO - [2025-02-06T01:11:07.444+0000] {dag.py:4180} INFO - Setting next_dagrun for example_bash_operator to 2025-02-05 00:00:00+00:00, run_after=2025-02-06 00:00:00+00:00
[2025-02-06T01:11:07.467+0000] {processor.py:208} INFO - Processing /home/airflow/.local/lib/python3.12/site-packages/airflow/example_dags/example_bash_operator.py took 0.155 seconds
[2025-02-06T01:11:38.943+0000] {processor.py:186} INFO - Started process (PID=3272) to work on /home/airflow/.local/lib/python3.12/site-packages/airflow/example_dags/example_bash_operator.py
[2025-02-06T01:11:38.944+0000] {processor.py:914} INFO - Processing file /home/airflow/.local/lib/python3.12/site-packages/airflow/example_dags/example_bash_operator.py for tasks to queue
[2025-02-06T01:11:38.947+0000] {logging_mixin.py:190} INFO - [2025-02-06T01:11:38.946+0000] {dagbag.py:588} INFO - Filling up the DagBag from /home/airflow/.local/lib/python3.12/site-packages/airflow/example_dags/example_bash_operator.py
[2025-02-06T01:11:38.963+0000] {processor.py:925} INFO - DAG(s) 'example_bash_operator' retrieved from /home/airflow/.local/lib/python3.12/site-packages/airflow/example_dags/example_bash_operator.py
[2025-02-06T01:11:39.001+0000] {logging_mixin.py:190} INFO - [2025-02-06T01:11:39.001+0000] {dag.py:3239} INFO - Sync 1 DAGs
[2025-02-06T01:11:39.317+0000] {logging_mixin.py:190} INFO - [2025-02-06T01:11:39.316+0000] {dag.py:4180} INFO - Setting next_dagrun for example_bash_operator to 2025-02-05 00:00:00+00:00, run_after=2025-02-06 00:00:00+00:00
[2025-02-06T01:11:39.338+0000] {processor.py:208} INFO - Processing /home/airflow/.local/lib/python3.12/site-packages/airflow/example_dags/example_bash_operator.py took 0.401 seconds
[2025-02-06T01:12:09.889+0000] {processor.py:186} INFO - Started process (PID=3335) to work on /home/airflow/.local/lib/python3.12/site-packages/airflow/example_dags/example_bash_operator.py
[2025-02-06T01:12:09.890+0000] {processor.py:914} INFO - Processing file /home/airflow/.local/lib/python3.12/site-packages/airflow/example_dags/example_bash_operator.py for tasks to queue
[2025-02-06T01:12:09.893+0000] {logging_mixin.py:190} INFO - [2025-02-06T01:12:09.893+0000] {dagbag.py:588} INFO - Filling up the DagBag from /home/airflow/.local/lib/python3.12/site-packages/airflow/example_dags/example_bash_operator.py
[2025-02-06T01:12:09.903+0000] {processor.py:925} INFO - DAG(s) 'example_bash_operator' retrieved from /home/airflow/.local/lib/python3.12/site-packages/airflow/example_dags/example_bash_operator.py
[2025-02-06T01:12:09.925+0000] {logging_mixin.py:190} INFO - [2025-02-06T01:12:09.925+0000] {dag.py:3239} INFO - Sync 1 DAGs
[2025-02-06T01:12:09.944+0000] {logging_mixin.py:190} INFO - [2025-02-06T01:12:09.944+0000] {dag.py:4180} INFO - Setting next_dagrun for example_bash_operator to 2025-02-05 00:00:00+00:00, run_after=2025-02-06 00:00:00+00:00
[2025-02-06T01:12:10.102+0000] {processor.py:208} INFO - Processing /home/airflow/.local/lib/python3.12/site-packages/airflow/example_dags/example_bash_operator.py took 0.217 seconds
[2025-02-06T01:12:42.261+0000] {processor.py:186} INFO - Started process (PID=3398) to work on /home/airflow/.local/lib/python3.12/site-packages/airflow/example_dags/example_bash_operator.py
[2025-02-06T01:12:42.263+0000] {processor.py:914} INFO - Processing file /home/airflow/.local/lib/python3.12/site-packages/airflow/example_dags/example_bash_operator.py for tasks to queue
[2025-02-06T01:12:42.265+0000] {logging_mixin.py:190} INFO - [2025-02-06T01:12:42.264+0000] {dagbag.py:588} INFO - Filling up the DagBag from /home/airflow/.local/lib/python3.12/site-packages/airflow/example_dags/example_bash_operator.py
[2025-02-06T01:12:42.276+0000] {processor.py:925} INFO - DAG(s) 'example_bash_operator' retrieved from /home/airflow/.local/lib/python3.12/site-packages/airflow/example_dags/example_bash_operator.py
[2025-02-06T01:12:42.302+0000] {logging_mixin.py:190} INFO - [2025-02-06T01:12:42.301+0000] {dag.py:3239} INFO - Sync 1 DAGs
[2025-02-06T01:12:42.323+0000] {logging_mixin.py:190} INFO - [2025-02-06T01:12:42.323+0000] {dag.py:4180} INFO - Setting next_dagrun for example_bash_operator to 2025-02-05 00:00:00+00:00, run_after=2025-02-06 00:00:00+00:00
[2025-02-06T01:12:42.346+0000] {processor.py:208} INFO - Processing /home/airflow/.local/lib/python3.12/site-packages/airflow/example_dags/example_bash_operator.py took 0.091 seconds
[2025-02-06T01:13:13.371+0000] {processor.py:186} INFO - Started process (PID=3462) to work on /home/airflow/.local/lib/python3.12/site-packages/airflow/example_dags/example_bash_operator.py
[2025-02-06T01:13:13.376+0000] {processor.py:914} INFO - Processing file /home/airflow/.local/lib/python3.12/site-packages/airflow/example_dags/example_bash_operator.py for tasks to queue
[2025-02-06T01:13:13.380+0000] {logging_mixin.py:190} INFO - [2025-02-06T01:13:13.380+0000] {dagbag.py:588} INFO - Filling up the DagBag from /home/airflow/.local/lib/python3.12/site-packages/airflow/example_dags/example_bash_operator.py
[2025-02-06T01:13:13.396+0000] {processor.py:925} INFO - DAG(s) 'example_bash_operator' retrieved from /home/airflow/.local/lib/python3.12/site-packages/airflow/example_dags/example_bash_operator.py
[2025-02-06T01:13:13.458+0000] {logging_mixin.py:190} INFO - [2025-02-06T01:13:13.457+0000] {dag.py:3239} INFO - Sync 1 DAGs
[2025-02-06T01:13:13.501+0000] {logging_mixin.py:190} INFO - [2025-02-06T01:13:13.501+0000] {dag.py:4180} INFO - Setting next_dagrun for example_bash_operator to 2025-02-05 00:00:00+00:00, run_after=2025-02-06 00:00:00+00:00
[2025-02-06T01:13:13.539+0000] {processor.py:208} INFO - Processing /home/airflow/.local/lib/python3.12/site-packages/airflow/example_dags/example_bash_operator.py took 0.175 seconds
[2025-02-06T01:13:43.962+0000] {processor.py:186} INFO - Started process (PID=3525) to work on /home/airflow/.local/lib/python3.12/site-packages/airflow/example_dags/example_bash_operator.py
[2025-02-06T01:13:43.963+0000] {processor.py:914} INFO - Processing file /home/airflow/.local/lib/python3.12/site-packages/airflow/example_dags/example_bash_operator.py for tasks to queue
[2025-02-06T01:13:43.966+0000] {logging_mixin.py:190} INFO - [2025-02-06T01:13:43.965+0000] {dagbag.py:588} INFO - Filling up the DagBag from /home/airflow/.local/lib/python3.12/site-packages/airflow/example_dags/example_bash_operator.py
[2025-02-06T01:13:43.987+0000] {processor.py:925} INFO - DAG(s) 'example_bash_operator' retrieved from /home/airflow/.local/lib/python3.12/site-packages/airflow/example_dags/example_bash_operator.py
[2025-02-06T01:13:44.012+0000] {logging_mixin.py:190} INFO - [2025-02-06T01:13:44.012+0000] {dag.py:3239} INFO - Sync 1 DAGs
[2025-02-06T01:13:44.033+0000] {logging_mixin.py:190} INFO - [2025-02-06T01:13:44.033+0000] {dag.py:4180} INFO - Setting next_dagrun for example_bash_operator to 2025-02-05 00:00:00+00:00, run_after=2025-02-06 00:00:00+00:00
[2025-02-06T01:13:44.051+0000] {processor.py:208} INFO - Processing /home/airflow/.local/lib/python3.12/site-packages/airflow/example_dags/example_bash_operator.py took 0.094 seconds
[2025-02-06T01:14:15.201+0000] {processor.py:186} INFO - Started process (PID=3588) to work on /home/airflow/.local/lib/python3.12/site-packages/airflow/example_dags/example_bash_operator.py
[2025-02-06T01:14:15.202+0000] {processor.py:914} INFO - Processing file /home/airflow/.local/lib/python3.12/site-packages/airflow/example_dags/example_bash_operator.py for tasks to queue
[2025-02-06T01:14:15.204+0000] {logging_mixin.py:190} INFO - [2025-02-06T01:14:15.204+0000] {dagbag.py:588} INFO - Filling up the DagBag from /home/airflow/.local/lib/python3.12/site-packages/airflow/example_dags/example_bash_operator.py
[2025-02-06T01:14:15.219+0000] {processor.py:925} INFO - DAG(s) 'example_bash_operator' retrieved from /home/airflow/.local/lib/python3.12/site-packages/airflow/example_dags/example_bash_operator.py
[2025-02-06T01:14:15.245+0000] {logging_mixin.py:190} INFO - [2025-02-06T01:14:15.244+0000] {dag.py:3239} INFO - Sync 1 DAGs
[2025-02-06T01:14:15.268+0000] {logging_mixin.py:190} INFO - [2025-02-06T01:14:15.268+0000] {dag.py:4180} INFO - Setting next_dagrun for example_bash_operator to 2025-02-05 00:00:00+00:00, run_after=2025-02-06 00:00:00+00:00
[2025-02-06T01:14:15.289+0000] {processor.py:208} INFO - Processing /home/airflow/.local/lib/python3.12/site-packages/airflow/example_dags/example_bash_operator.py took 0.095 seconds
[2025-02-06T01:14:48.102+0000] {processor.py:186} INFO - Started process (PID=3651) to work on /home/airflow/.local/lib/python3.12/site-packages/airflow/example_dags/example_bash_operator.py
[2025-02-06T01:14:48.103+0000] {processor.py:914} INFO - Processing file /home/airflow/.local/lib/python3.12/site-packages/airflow/example_dags/example_bash_operator.py for tasks to queue
[2025-02-06T01:14:48.105+0000] {logging_mixin.py:190} INFO - [2025-02-06T01:14:48.105+0000] {dagbag.py:588} INFO - Filling up the DagBag from /home/airflow/.local/lib/python3.12/site-packages/airflow/example_dags/example_bash_operator.py
[2025-02-06T01:14:48.115+0000] {processor.py:925} INFO - DAG(s) 'example_bash_operator' retrieved from /home/airflow/.local/lib/python3.12/site-packages/airflow/example_dags/example_bash_operator.py
[2025-02-06T01:14:48.139+0000] {logging_mixin.py:190} INFO - [2025-02-06T01:14:48.139+0000] {dag.py:3239} INFO - Sync 1 DAGs
[2025-02-06T01:14:48.163+0000] {logging_mixin.py:190} INFO - [2025-02-06T01:14:48.163+0000] {dag.py:4180} INFO - Setting next_dagrun for example_bash_operator to 2025-02-05 00:00:00+00:00, run_after=2025-02-06 00:00:00+00:00
[2025-02-06T01:14:48.183+0000] {processor.py:208} INFO - Processing /home/airflow/.local/lib/python3.12/site-packages/airflow/example_dags/example_bash_operator.py took 0.086 seconds
[2025-02-06T01:15:22.311+0000] {processor.py:186} INFO - Started process (PID=3714) to work on /home/airflow/.local/lib/python3.12/site-packages/airflow/example_dags/example_bash_operator.py
[2025-02-06T01:15:22.312+0000] {processor.py:914} INFO - Processing file /home/airflow/.local/lib/python3.12/site-packages/airflow/example_dags/example_bash_operator.py for tasks to queue
[2025-02-06T01:15:22.315+0000] {logging_mixin.py:190} INFO - [2025-02-06T01:15:22.315+0000] {dagbag.py:588} INFO - Filling up the DagBag from /home/airflow/.local/lib/python3.12/site-packages/airflow/example_dags/example_bash_operator.py
[2025-02-06T01:15:22.325+0000] {processor.py:925} INFO - DAG(s) 'example_bash_operator' retrieved from /home/airflow/.local/lib/python3.12/site-packages/airflow/example_dags/example_bash_operator.py
[2025-02-06T01:15:22.351+0000] {logging_mixin.py:190} INFO - [2025-02-06T01:15:22.351+0000] {dag.py:3239} INFO - Sync 1 DAGs
[2025-02-06T01:15:22.378+0000] {logging_mixin.py:190} INFO - [2025-02-06T01:15:22.378+0000] {dag.py:4180} INFO - Setting next_dagrun for example_bash_operator to 2025-02-05 00:00:00+00:00, run_after=2025-02-06 00:00:00+00:00
[2025-02-06T01:15:22.405+0000] {processor.py:208} INFO - Processing /home/airflow/.local/lib/python3.12/site-packages/airflow/example_dags/example_bash_operator.py took 0.100 seconds
[2025-02-06T01:15:53.712+0000] {processor.py:186} INFO - Started process (PID=3777) to work on /home/airflow/.local/lib/python3.12/site-packages/airflow/example_dags/example_bash_operator.py
[2025-02-06T01:15:53.713+0000] {processor.py:914} INFO - Processing file /home/airflow/.local/lib/python3.12/site-packages/airflow/example_dags/example_bash_operator.py for tasks to queue
[2025-02-06T01:15:53.715+0000] {logging_mixin.py:190} INFO - [2025-02-06T01:15:53.715+0000] {dagbag.py:588} INFO - Filling up the DagBag from /home/airflow/.local/lib/python3.12/site-packages/airflow/example_dags/example_bash_operator.py
[2025-02-06T01:15:53.726+0000] {processor.py:925} INFO - DAG(s) 'example_bash_operator' retrieved from /home/airflow/.local/lib/python3.12/site-packages/airflow/example_dags/example_bash_operator.py
[2025-02-06T01:15:53.754+0000] {logging_mixin.py:190} INFO - [2025-02-06T01:15:53.754+0000] {dag.py:3239} INFO - Sync 1 DAGs
[2025-02-06T01:15:53.777+0000] {logging_mixin.py:190} INFO - [2025-02-06T01:15:53.777+0000] {dag.py:4180} INFO - Setting next_dagrun for example_bash_operator to 2025-02-05 00:00:00+00:00, run_after=2025-02-06 00:00:00+00:00
[2025-02-06T01:15:53.795+0000] {processor.py:208} INFO - Processing /home/airflow/.local/lib/python3.12/site-packages/airflow/example_dags/example_bash_operator.py took 0.088 seconds
[2025-02-06T01:16:29.289+0000] {processor.py:186} INFO - Started process (PID=3840) to work on /home/airflow/.local/lib/python3.12/site-packages/airflow/example_dags/example_bash_operator.py
[2025-02-06T01:16:29.290+0000] {processor.py:914} INFO - Processing file /home/airflow/.local/lib/python3.12/site-packages/airflow/example_dags/example_bash_operator.py for tasks to queue
[2025-02-06T01:16:29.292+0000] {logging_mixin.py:190} INFO - [2025-02-06T01:16:29.292+0000] {dagbag.py:588} INFO - Filling up the DagBag from /home/airflow/.local/lib/python3.12/site-packages/airflow/example_dags/example_bash_operator.py
[2025-02-06T01:16:29.302+0000] {processor.py:925} INFO - DAG(s) 'example_bash_operator' retrieved from /home/airflow/.local/lib/python3.12/site-packages/airflow/example_dags/example_bash_operator.py
[2025-02-06T01:16:29.324+0000] {logging_mixin.py:190} INFO - [2025-02-06T01:16:29.324+0000] {dag.py:3239} INFO - Sync 1 DAGs
[2025-02-06T01:16:29.344+0000] {logging_mixin.py:190} INFO - [2025-02-06T01:16:29.344+0000] {dag.py:4180} INFO - Setting next_dagrun for example_bash_operator to 2025-02-05 00:00:00+00:00, run_after=2025-02-06 00:00:00+00:00
[2025-02-06T01:16:29.365+0000] {processor.py:208} INFO - Processing /home/airflow/.local/lib/python3.12/site-packages/airflow/example_dags/example_bash_operator.py took 0.081 seconds
