[2025-03-09T18:45:30.701+0000] {local_task_job_runner.py:123} INFO - ::group::Pre task execution logs
[2025-03-09T18:45:30.719+0000] {taskinstance.py:2613} INFO - Dependencies all met for dep_context=non-requeueable deps ti=<TaskInstance: processar_emails_excel.ler_emails scheduled__2025-03-08T00:00:00+00:00 [queued]>
[2025-03-09T18:45:30.727+0000] {taskinstance.py:2613} INFO - Dependencies all met for dep_context=requeueable deps ti=<TaskInstance: processar_emails_excel.ler_emails scheduled__2025-03-08T00:00:00+00:00 [queued]>
[2025-03-09T18:45:30.728+0000] {taskinstance.py:2866} INFO - Starting attempt 1 of 2
[2025-03-09T18:45:30.743+0000] {taskinstance.py:2889} INFO - Executing <Task(PythonOperator): ler_emails> on 2025-03-08 00:00:00+00:00
[2025-03-09T18:45:30.751+0000] {warnings.py:112} WARNING - /home/***/.local/lib/python3.12/site-packages/***/task/task_runner/standard_task_runner.py:70: DeprecationWarning: This process (pid=792) is multi-threaded, use of fork() may lead to deadlocks in the child.
  pid = os.fork()

[2025-03-09T18:45:30.754+0000] {standard_task_runner.py:72} INFO - Started process 794 to run task
[2025-03-09T18:45:30.753+0000] {standard_task_runner.py:104} INFO - Running: ['***', 'tasks', 'run', 'processar_emails_excel', 'ler_emails', 'scheduled__2025-03-08T00:00:00+00:00', '--job-id', '149', '--raw', '--subdir', 'DAGS_FOLDER/extraiEmail.py', '--cfg-path', '/tmp/tmplbgv2vw4']
[2025-03-09T18:45:30.754+0000] {standard_task_runner.py:105} INFO - Job 149: Subtask ler_emails
[2025-03-09T18:45:31.008+0000] {task_command.py:467} INFO - Running <TaskInstance: processar_emails_excel.ler_emails scheduled__2025-03-08T00:00:00+00:00 [running]> on host 4052a614e333
[2025-03-09T18:45:31.099+0000] {taskinstance.py:3132} INFO - Exporting env vars: AIRFLOW_CTX_DAG_OWNER='***' AIRFLOW_CTX_DAG_ID='processar_emails_excel' AIRFLOW_CTX_TASK_ID='ler_emails' AIRFLOW_CTX_EXECUTION_DATE='2025-03-08T00:00:00+00:00' AIRFLOW_CTX_TRY_NUMBER='1' AIRFLOW_CTX_DAG_RUN_ID='scheduled__2025-03-08T00:00:00+00:00'
[2025-03-09T18:45:31.100+0000] {logging_mixin.py:190} INFO - Task instance is in running state
[2025-03-09T18:45:31.101+0000] {logging_mixin.py:190} INFO -  Previous state of the Task instance: queued
[2025-03-09T18:45:31.101+0000] {logging_mixin.py:190} INFO - Current task name:ler_emails state:running start_date:2025-03-09 18:45:30.719737+00:00
[2025-03-09T18:45:31.101+0000] {logging_mixin.py:190} INFO - Dag name:processar_emails_excel and current dag run status:running
[2025-03-09T18:45:31.102+0000] {taskinstance.py:731} INFO - ::endgroup::
[2025-03-09T18:45:33.284+0000] {logging_mixin.py:190} INFO - Erro ao ler o arquivo Excel Base_Mapas.xlsx do email AAMkADYxM2NlOTI5LWY1MTktNGMyNy1hNjY1LWJhYWJiNWZiZTgyYwBGAAAAAAC5IPjWJ04VQpYSryQAlxGRBwANCyP7qFxARatkPsS4io6hAAFQX5S3AAANCyP7qFxARatkPsS4io6hAAFQYGCcAAA=: Missing optional dependency 'openpyxl'.  Use pip or conda to install openpyxl.
[2025-03-09T18:45:33.300+0000] {python.py:240} INFO - Done. Returned value was: None
[2025-03-09T18:45:33.310+0000] {taskinstance.py:340} INFO - ::group::Post task execution logs
[2025-03-09T18:45:33.311+0000] {taskinstance.py:352} INFO - Marking task as SUCCESS. dag_id=processar_emails_excel, task_id=ler_emails, run_id=scheduled__2025-03-08T00:00:00+00:00, execution_date=20250308T000000, start_date=20250309T184530, end_date=20250309T184533
[2025-03-09T18:45:33.322+0000] {logging_mixin.py:190} INFO - Task instance in success state
[2025-03-09T18:45:33.323+0000] {logging_mixin.py:190} INFO -  Previous state of the Task instance: running
[2025-03-09T18:45:33.323+0000] {logging_mixin.py:190} INFO - Dag name:processar_emails_excel queued_at:2025-03-09 18:45:20.435393+00:00
[2025-03-09T18:45:33.324+0000] {logging_mixin.py:190} INFO - Task hostname:4052a614e333 operator:PythonOperator
[2025-03-09T18:45:33.376+0000] {local_task_job_runner.py:266} INFO - Task exited with return code 0
[2025-03-09T18:45:33.577+0000] {taskinstance.py:3895} INFO - 1 downstream tasks scheduled from follow-on schedule check
[2025-03-09T18:45:33.579+0000] {local_task_job_runner.py:245} INFO - ::endgroup::
