[2025-03-09T17:45:39.043+0000] {processor.py:186} INFO - Started process (PID=122) to work on /home/airflow/.local/lib/python3.12/site-packages/airflow/example_dags/example_bash_operator.py
[2025-03-09T17:45:39.045+0000] {processor.py:914} INFO - Processing file /home/airflow/.local/lib/python3.12/site-packages/airflow/example_dags/example_bash_operator.py for tasks to queue
[2025-03-09T17:45:39.047+0000] {logging_mixin.py:190} INFO - [2025-03-09T17:45:39.047+0000] {dagbag.py:588} INFO - Filling up the DagBag from /home/airflow/.local/lib/python3.12/site-packages/airflow/example_dags/example_bash_operator.py
[2025-03-09T17:45:39.065+0000] {processor.py:925} INFO - DAG(s) 'example_bash_operator' retrieved from /home/airflow/.local/lib/python3.12/site-packages/airflow/example_dags/example_bash_operator.py
[2025-03-09T17:45:39.096+0000] {logging_mixin.py:190} INFO - [2025-03-09T17:45:39.095+0000] {dag.py:3239} INFO - Sync 1 DAGs
[2025-03-09T17:45:39.127+0000] {logging_mixin.py:190} INFO - [2025-03-09T17:45:39.127+0000] {dag.py:4180} INFO - Setting next_dagrun for example_bash_operator to 2025-03-08 00:00:00+00:00, run_after=2025-03-09 00:00:00+00:00
[2025-03-09T17:45:39.151+0000] {processor.py:208} INFO - Processing /home/airflow/.local/lib/python3.12/site-packages/airflow/example_dags/example_bash_operator.py took 0.116 seconds
[2025-03-09T17:46:10.176+0000] {processor.py:186} INFO - Started process (PID=188) to work on /home/airflow/.local/lib/python3.12/site-packages/airflow/example_dags/example_bash_operator.py
[2025-03-09T17:46:10.178+0000] {processor.py:914} INFO - Processing file /home/airflow/.local/lib/python3.12/site-packages/airflow/example_dags/example_bash_operator.py for tasks to queue
[2025-03-09T17:46:10.182+0000] {logging_mixin.py:190} INFO - [2025-03-09T17:46:10.181+0000] {dagbag.py:588} INFO - Filling up the DagBag from /home/airflow/.local/lib/python3.12/site-packages/airflow/example_dags/example_bash_operator.py
[2025-03-09T17:46:10.207+0000] {processor.py:925} INFO - DAG(s) 'example_bash_operator' retrieved from /home/airflow/.local/lib/python3.12/site-packages/airflow/example_dags/example_bash_operator.py
[2025-03-09T17:46:10.285+0000] {logging_mixin.py:190} INFO - [2025-03-09T17:46:10.285+0000] {dag.py:3239} INFO - Sync 1 DAGs
[2025-03-09T17:46:10.345+0000] {logging_mixin.py:190} INFO - [2025-03-09T17:46:10.345+0000] {dag.py:4180} INFO - Setting next_dagrun for example_bash_operator to 2025-03-08 00:00:00+00:00, run_after=2025-03-09 00:00:00+00:00
[2025-03-09T17:46:10.385+0000] {processor.py:208} INFO - Processing /home/airflow/.local/lib/python3.12/site-packages/airflow/example_dags/example_bash_operator.py took 0.220 seconds
[2025-03-09T17:46:42.648+0000] {processor.py:186} INFO - Started process (PID=254) to work on /home/airflow/.local/lib/python3.12/site-packages/airflow/example_dags/example_bash_operator.py
[2025-03-09T17:46:42.649+0000] {processor.py:914} INFO - Processing file /home/airflow/.local/lib/python3.12/site-packages/airflow/example_dags/example_bash_operator.py for tasks to queue
[2025-03-09T17:46:42.652+0000] {logging_mixin.py:190} INFO - [2025-03-09T17:46:42.652+0000] {dagbag.py:588} INFO - Filling up the DagBag from /home/airflow/.local/lib/python3.12/site-packages/airflow/example_dags/example_bash_operator.py
[2025-03-09T17:46:42.668+0000] {processor.py:925} INFO - DAG(s) 'example_bash_operator' retrieved from /home/airflow/.local/lib/python3.12/site-packages/airflow/example_dags/example_bash_operator.py
[2025-03-09T17:46:42.694+0000] {logging_mixin.py:190} INFO - [2025-03-09T17:46:42.694+0000] {dag.py:3239} INFO - Sync 1 DAGs
[2025-03-09T17:46:42.719+0000] {logging_mixin.py:190} INFO - [2025-03-09T17:46:42.719+0000] {dag.py:4180} INFO - Setting next_dagrun for example_bash_operator to 2025-03-08 00:00:00+00:00, run_after=2025-03-09 00:00:00+00:00
[2025-03-09T17:46:42.740+0000] {processor.py:208} INFO - Processing /home/airflow/.local/lib/python3.12/site-packages/airflow/example_dags/example_bash_operator.py took 0.097 seconds
[2025-03-09T17:47:13.453+0000] {processor.py:186} INFO - Started process (PID=319) to work on /home/airflow/.local/lib/python3.12/site-packages/airflow/example_dags/example_bash_operator.py
[2025-03-09T17:47:13.454+0000] {processor.py:914} INFO - Processing file /home/airflow/.local/lib/python3.12/site-packages/airflow/example_dags/example_bash_operator.py for tasks to queue
[2025-03-09T17:47:13.457+0000] {logging_mixin.py:190} INFO - [2025-03-09T17:47:13.457+0000] {dagbag.py:588} INFO - Filling up the DagBag from /home/airflow/.local/lib/python3.12/site-packages/airflow/example_dags/example_bash_operator.py
[2025-03-09T17:47:13.470+0000] {processor.py:925} INFO - DAG(s) 'example_bash_operator' retrieved from /home/airflow/.local/lib/python3.12/site-packages/airflow/example_dags/example_bash_operator.py
[2025-03-09T17:47:13.499+0000] {logging_mixin.py:190} INFO - [2025-03-09T17:47:13.499+0000] {dag.py:3239} INFO - Sync 1 DAGs
[2025-03-09T17:47:13.528+0000] {logging_mixin.py:190} INFO - [2025-03-09T17:47:13.527+0000] {dag.py:4180} INFO - Setting next_dagrun for example_bash_operator to 2025-03-08 00:00:00+00:00, run_after=2025-03-09 00:00:00+00:00
[2025-03-09T17:47:13.552+0000] {processor.py:208} INFO - Processing /home/airflow/.local/lib/python3.12/site-packages/airflow/example_dags/example_bash_operator.py took 0.104 seconds
[2025-03-09T17:47:46.864+0000] {processor.py:186} INFO - Started process (PID=384) to work on /home/airflow/.local/lib/python3.12/site-packages/airflow/example_dags/example_bash_operator.py
[2025-03-09T17:47:46.866+0000] {processor.py:914} INFO - Processing file /home/airflow/.local/lib/python3.12/site-packages/airflow/example_dags/example_bash_operator.py for tasks to queue
[2025-03-09T17:47:46.869+0000] {logging_mixin.py:190} INFO - [2025-03-09T17:47:46.868+0000] {dagbag.py:588} INFO - Filling up the DagBag from /home/airflow/.local/lib/python3.12/site-packages/airflow/example_dags/example_bash_operator.py
[2025-03-09T17:47:46.886+0000] {processor.py:925} INFO - DAG(s) 'example_bash_operator' retrieved from /home/airflow/.local/lib/python3.12/site-packages/airflow/example_dags/example_bash_operator.py
[2025-03-09T17:47:46.963+0000] {logging_mixin.py:190} INFO - [2025-03-09T17:47:46.963+0000] {dag.py:3239} INFO - Sync 1 DAGs
[2025-03-09T17:47:47.033+0000] {logging_mixin.py:190} INFO - [2025-03-09T17:47:47.033+0000] {dag.py:4180} INFO - Setting next_dagrun for example_bash_operator to 2025-03-08 00:00:00+00:00, run_after=2025-03-09 00:00:00+00:00
[2025-03-09T17:47:47.083+0000] {processor.py:208} INFO - Processing /home/airflow/.local/lib/python3.12/site-packages/airflow/example_dags/example_bash_operator.py took 0.241 seconds
[2025-03-09T17:48:17.414+0000] {processor.py:186} INFO - Started process (PID=449) to work on /home/airflow/.local/lib/python3.12/site-packages/airflow/example_dags/example_bash_operator.py
[2025-03-09T17:48:17.415+0000] {processor.py:914} INFO - Processing file /home/airflow/.local/lib/python3.12/site-packages/airflow/example_dags/example_bash_operator.py for tasks to queue
[2025-03-09T17:48:17.418+0000] {logging_mixin.py:190} INFO - [2025-03-09T17:48:17.418+0000] {dagbag.py:588} INFO - Filling up the DagBag from /home/airflow/.local/lib/python3.12/site-packages/airflow/example_dags/example_bash_operator.py
[2025-03-09T17:48:17.431+0000] {processor.py:925} INFO - DAG(s) 'example_bash_operator' retrieved from /home/airflow/.local/lib/python3.12/site-packages/airflow/example_dags/example_bash_operator.py
[2025-03-09T17:48:17.458+0000] {logging_mixin.py:190} INFO - [2025-03-09T17:48:17.457+0000] {dag.py:3239} INFO - Sync 1 DAGs
[2025-03-09T17:48:17.482+0000] {logging_mixin.py:190} INFO - [2025-03-09T17:48:17.482+0000] {dag.py:4180} INFO - Setting next_dagrun for example_bash_operator to 2025-03-08 00:00:00+00:00, run_after=2025-03-09 00:00:00+00:00
[2025-03-09T17:48:17.507+0000] {processor.py:208} INFO - Processing /home/airflow/.local/lib/python3.12/site-packages/airflow/example_dags/example_bash_operator.py took 0.099 seconds
[2025-03-09T17:48:47.656+0000] {processor.py:186} INFO - Started process (PID=513) to work on /home/airflow/.local/lib/python3.12/site-packages/airflow/example_dags/example_bash_operator.py
[2025-03-09T17:48:47.658+0000] {processor.py:914} INFO - Processing file /home/airflow/.local/lib/python3.12/site-packages/airflow/example_dags/example_bash_operator.py for tasks to queue
[2025-03-09T17:48:47.661+0000] {logging_mixin.py:190} INFO - [2025-03-09T17:48:47.661+0000] {dagbag.py:588} INFO - Filling up the DagBag from /home/airflow/.local/lib/python3.12/site-packages/airflow/example_dags/example_bash_operator.py
[2025-03-09T17:48:47.674+0000] {processor.py:925} INFO - DAG(s) 'example_bash_operator' retrieved from /home/airflow/.local/lib/python3.12/site-packages/airflow/example_dags/example_bash_operator.py
[2025-03-09T17:48:47.707+0000] {logging_mixin.py:190} INFO - [2025-03-09T17:48:47.707+0000] {dag.py:3239} INFO - Sync 1 DAGs
[2025-03-09T17:48:47.747+0000] {logging_mixin.py:190} INFO - [2025-03-09T17:48:47.747+0000] {dag.py:4180} INFO - Setting next_dagrun for example_bash_operator to 2025-03-08 00:00:00+00:00, run_after=2025-03-09 00:00:00+00:00
[2025-03-09T17:48:47.774+0000] {processor.py:208} INFO - Processing /home/airflow/.local/lib/python3.12/site-packages/airflow/example_dags/example_bash_operator.py took 0.125 seconds
[2025-03-09T17:49:20.225+0000] {processor.py:186} INFO - Started process (PID=579) to work on /home/airflow/.local/lib/python3.12/site-packages/airflow/example_dags/example_bash_operator.py
[2025-03-09T17:49:20.226+0000] {processor.py:914} INFO - Processing file /home/airflow/.local/lib/python3.12/site-packages/airflow/example_dags/example_bash_operator.py for tasks to queue
[2025-03-09T17:49:20.229+0000] {logging_mixin.py:190} INFO - [2025-03-09T17:49:20.228+0000] {dagbag.py:588} INFO - Filling up the DagBag from /home/airflow/.local/lib/python3.12/site-packages/airflow/example_dags/example_bash_operator.py
[2025-03-09T17:49:20.245+0000] {processor.py:925} INFO - DAG(s) 'example_bash_operator' retrieved from /home/airflow/.local/lib/python3.12/site-packages/airflow/example_dags/example_bash_operator.py
[2025-03-09T17:49:20.280+0000] {logging_mixin.py:190} INFO - [2025-03-09T17:49:20.279+0000] {dag.py:3239} INFO - Sync 1 DAGs
[2025-03-09T17:49:20.315+0000] {logging_mixin.py:190} INFO - [2025-03-09T17:49:20.314+0000] {dag.py:4180} INFO - Setting next_dagrun for example_bash_operator to 2025-03-08 00:00:00+00:00, run_after=2025-03-09 00:00:00+00:00
[2025-03-09T17:49:20.346+0000] {processor.py:208} INFO - Processing /home/airflow/.local/lib/python3.12/site-packages/airflow/example_dags/example_bash_operator.py took 0.127 seconds
[2025-03-09T17:49:54.062+0000] {processor.py:186} INFO - Started process (PID=644) to work on /home/airflow/.local/lib/python3.12/site-packages/airflow/example_dags/example_bash_operator.py
[2025-03-09T17:49:54.063+0000] {processor.py:914} INFO - Processing file /home/airflow/.local/lib/python3.12/site-packages/airflow/example_dags/example_bash_operator.py for tasks to queue
[2025-03-09T17:49:54.066+0000] {logging_mixin.py:190} INFO - [2025-03-09T17:49:54.066+0000] {dagbag.py:588} INFO - Filling up the DagBag from /home/airflow/.local/lib/python3.12/site-packages/airflow/example_dags/example_bash_operator.py
[2025-03-09T17:49:54.080+0000] {processor.py:925} INFO - DAG(s) 'example_bash_operator' retrieved from /home/airflow/.local/lib/python3.12/site-packages/airflow/example_dags/example_bash_operator.py
[2025-03-09T17:49:54.113+0000] {logging_mixin.py:190} INFO - [2025-03-09T17:49:54.112+0000] {dag.py:3239} INFO - Sync 1 DAGs
[2025-03-09T17:49:54.142+0000] {logging_mixin.py:190} INFO - [2025-03-09T17:49:54.142+0000] {dag.py:4180} INFO - Setting next_dagrun for example_bash_operator to 2025-03-08 00:00:00+00:00, run_after=2025-03-09 00:00:00+00:00
[2025-03-09T17:49:54.172+0000] {processor.py:208} INFO - Processing /home/airflow/.local/lib/python3.12/site-packages/airflow/example_dags/example_bash_operator.py took 0.115 seconds
[2025-03-09T17:50:24.899+0000] {processor.py:186} INFO - Started process (PID=710) to work on /home/airflow/.local/lib/python3.12/site-packages/airflow/example_dags/example_bash_operator.py
[2025-03-09T17:50:24.900+0000] {processor.py:914} INFO - Processing file /home/airflow/.local/lib/python3.12/site-packages/airflow/example_dags/example_bash_operator.py for tasks to queue
[2025-03-09T17:50:24.913+0000] {logging_mixin.py:190} INFO - [2025-03-09T17:50:24.912+0000] {dagbag.py:588} INFO - Filling up the DagBag from /home/airflow/.local/lib/python3.12/site-packages/airflow/example_dags/example_bash_operator.py
[2025-03-09T17:50:24.934+0000] {processor.py:925} INFO - DAG(s) 'example_bash_operator' retrieved from /home/airflow/.local/lib/python3.12/site-packages/airflow/example_dags/example_bash_operator.py
[2025-03-09T17:50:24.974+0000] {logging_mixin.py:190} INFO - [2025-03-09T17:50:24.974+0000] {dag.py:3239} INFO - Sync 1 DAGs
[2025-03-09T17:50:25.032+0000] {logging_mixin.py:190} INFO - [2025-03-09T17:50:25.032+0000] {dag.py:4180} INFO - Setting next_dagrun for example_bash_operator to 2025-03-08 00:00:00+00:00, run_after=2025-03-09 00:00:00+00:00
[2025-03-09T17:50:25.064+0000] {processor.py:208} INFO - Processing /home/airflow/.local/lib/python3.12/site-packages/airflow/example_dags/example_bash_operator.py took 0.172 seconds
[2025-03-09T17:50:56.923+0000] {processor.py:186} INFO - Started process (PID=775) to work on /home/airflow/.local/lib/python3.12/site-packages/airflow/example_dags/example_bash_operator.py
[2025-03-09T17:50:56.924+0000] {processor.py:914} INFO - Processing file /home/airflow/.local/lib/python3.12/site-packages/airflow/example_dags/example_bash_operator.py for tasks to queue
[2025-03-09T17:50:56.928+0000] {logging_mixin.py:190} INFO - [2025-03-09T17:50:56.928+0000] {dagbag.py:588} INFO - Filling up the DagBag from /home/airflow/.local/lib/python3.12/site-packages/airflow/example_dags/example_bash_operator.py
[2025-03-09T17:50:56.943+0000] {processor.py:925} INFO - DAG(s) 'example_bash_operator' retrieved from /home/airflow/.local/lib/python3.12/site-packages/airflow/example_dags/example_bash_operator.py
[2025-03-09T17:50:56.973+0000] {logging_mixin.py:190} INFO - [2025-03-09T17:50:56.973+0000] {dag.py:3239} INFO - Sync 1 DAGs
[2025-03-09T17:50:57.001+0000] {logging_mixin.py:190} INFO - [2025-03-09T17:50:57.001+0000] {dag.py:4180} INFO - Setting next_dagrun for example_bash_operator to 2025-03-08 00:00:00+00:00, run_after=2025-03-09 00:00:00+00:00
[2025-03-09T17:50:57.026+0000] {processor.py:208} INFO - Processing /home/airflow/.local/lib/python3.12/site-packages/airflow/example_dags/example_bash_operator.py took 0.108 seconds
[2025-03-09T17:51:27.980+0000] {processor.py:186} INFO - Started process (PID=841) to work on /home/airflow/.local/lib/python3.12/site-packages/airflow/example_dags/example_bash_operator.py
[2025-03-09T17:51:27.982+0000] {processor.py:914} INFO - Processing file /home/airflow/.local/lib/python3.12/site-packages/airflow/example_dags/example_bash_operator.py for tasks to queue
[2025-03-09T17:51:27.986+0000] {logging_mixin.py:190} INFO - [2025-03-09T17:51:27.986+0000] {dagbag.py:588} INFO - Filling up the DagBag from /home/airflow/.local/lib/python3.12/site-packages/airflow/example_dags/example_bash_operator.py
[2025-03-09T17:51:28.020+0000] {processor.py:925} INFO - DAG(s) 'example_bash_operator' retrieved from /home/airflow/.local/lib/python3.12/site-packages/airflow/example_dags/example_bash_operator.py
[2025-03-09T17:51:28.061+0000] {logging_mixin.py:190} INFO - [2025-03-09T17:51:28.061+0000] {dag.py:3239} INFO - Sync 1 DAGs
[2025-03-09T17:51:28.092+0000] {logging_mixin.py:190} INFO - [2025-03-09T17:51:28.091+0000] {dag.py:4180} INFO - Setting next_dagrun for example_bash_operator to 2025-03-08 00:00:00+00:00, run_after=2025-03-09 00:00:00+00:00
[2025-03-09T17:51:28.117+0000] {processor.py:208} INFO - Processing /home/airflow/.local/lib/python3.12/site-packages/airflow/example_dags/example_bash_operator.py took 0.145 seconds
[2025-03-09T17:51:58.437+0000] {processor.py:186} INFO - Started process (PID=906) to work on /home/airflow/.local/lib/python3.12/site-packages/airflow/example_dags/example_bash_operator.py
[2025-03-09T17:51:58.439+0000] {processor.py:914} INFO - Processing file /home/airflow/.local/lib/python3.12/site-packages/airflow/example_dags/example_bash_operator.py for tasks to queue
[2025-03-09T17:51:58.442+0000] {logging_mixin.py:190} INFO - [2025-03-09T17:51:58.442+0000] {dagbag.py:588} INFO - Filling up the DagBag from /home/airflow/.local/lib/python3.12/site-packages/airflow/example_dags/example_bash_operator.py
[2025-03-09T17:51:58.463+0000] {processor.py:925} INFO - DAG(s) 'example_bash_operator' retrieved from /home/airflow/.local/lib/python3.12/site-packages/airflow/example_dags/example_bash_operator.py
[2025-03-09T17:51:58.503+0000] {logging_mixin.py:190} INFO - [2025-03-09T17:51:58.502+0000] {dag.py:3239} INFO - Sync 1 DAGs
[2025-03-09T17:51:58.535+0000] {logging_mixin.py:190} INFO - [2025-03-09T17:51:58.534+0000] {dag.py:4180} INFO - Setting next_dagrun for example_bash_operator to 2025-03-08 00:00:00+00:00, run_after=2025-03-09 00:00:00+00:00
[2025-03-09T17:51:58.565+0000] {processor.py:208} INFO - Processing /home/airflow/.local/lib/python3.12/site-packages/airflow/example_dags/example_bash_operator.py took 0.134 seconds
[2025-03-09T17:52:28.954+0000] {processor.py:186} INFO - Started process (PID=971) to work on /home/airflow/.local/lib/python3.12/site-packages/airflow/example_dags/example_bash_operator.py
[2025-03-09T17:52:28.955+0000] {processor.py:914} INFO - Processing file /home/airflow/.local/lib/python3.12/site-packages/airflow/example_dags/example_bash_operator.py for tasks to queue
[2025-03-09T17:52:28.958+0000] {logging_mixin.py:190} INFO - [2025-03-09T17:52:28.958+0000] {dagbag.py:588} INFO - Filling up the DagBag from /home/airflow/.local/lib/python3.12/site-packages/airflow/example_dags/example_bash_operator.py
[2025-03-09T17:52:28.978+0000] {processor.py:925} INFO - DAG(s) 'example_bash_operator' retrieved from /home/airflow/.local/lib/python3.12/site-packages/airflow/example_dags/example_bash_operator.py
[2025-03-09T17:52:29.010+0000] {logging_mixin.py:190} INFO - [2025-03-09T17:52:29.009+0000] {dag.py:3239} INFO - Sync 1 DAGs
[2025-03-09T17:52:29.052+0000] {logging_mixin.py:190} INFO - [2025-03-09T17:52:29.052+0000] {dag.py:4180} INFO - Setting next_dagrun for example_bash_operator to 2025-03-08 00:00:00+00:00, run_after=2025-03-09 00:00:00+00:00
[2025-03-09T17:52:29.088+0000] {processor.py:208} INFO - Processing /home/airflow/.local/lib/python3.12/site-packages/airflow/example_dags/example_bash_operator.py took 0.146 seconds
[2025-03-09T17:52:59.803+0000] {processor.py:186} INFO - Started process (PID=1037) to work on /home/airflow/.local/lib/python3.12/site-packages/airflow/example_dags/example_bash_operator.py
[2025-03-09T17:52:59.804+0000] {processor.py:914} INFO - Processing file /home/airflow/.local/lib/python3.12/site-packages/airflow/example_dags/example_bash_operator.py for tasks to queue
[2025-03-09T17:52:59.807+0000] {logging_mixin.py:190} INFO - [2025-03-09T17:52:59.807+0000] {dagbag.py:588} INFO - Filling up the DagBag from /home/airflow/.local/lib/python3.12/site-packages/airflow/example_dags/example_bash_operator.py
[2025-03-09T17:52:59.819+0000] {processor.py:925} INFO - DAG(s) 'example_bash_operator' retrieved from /home/airflow/.local/lib/python3.12/site-packages/airflow/example_dags/example_bash_operator.py
[2025-03-09T17:52:59.845+0000] {logging_mixin.py:190} INFO - [2025-03-09T17:52:59.845+0000] {dag.py:3239} INFO - Sync 1 DAGs
[2025-03-09T17:52:59.872+0000] {logging_mixin.py:190} INFO - [2025-03-09T17:52:59.871+0000] {dag.py:4180} INFO - Setting next_dagrun for example_bash_operator to 2025-03-08 00:00:00+00:00, run_after=2025-03-09 00:00:00+00:00
[2025-03-09T17:52:59.895+0000] {processor.py:208} INFO - Processing /home/airflow/.local/lib/python3.12/site-packages/airflow/example_dags/example_bash_operator.py took 0.097 seconds
[2025-03-09T17:53:31.695+0000] {processor.py:186} INFO - Started process (PID=1103) to work on /home/airflow/.local/lib/python3.12/site-packages/airflow/example_dags/example_bash_operator.py
[2025-03-09T17:53:31.697+0000] {processor.py:914} INFO - Processing file /home/airflow/.local/lib/python3.12/site-packages/airflow/example_dags/example_bash_operator.py for tasks to queue
[2025-03-09T17:53:31.701+0000] {logging_mixin.py:190} INFO - [2025-03-09T17:53:31.701+0000] {dagbag.py:588} INFO - Filling up the DagBag from /home/airflow/.local/lib/python3.12/site-packages/airflow/example_dags/example_bash_operator.py
[2025-03-09T17:53:31.716+0000] {processor.py:925} INFO - DAG(s) 'example_bash_operator' retrieved from /home/airflow/.local/lib/python3.12/site-packages/airflow/example_dags/example_bash_operator.py
[2025-03-09T17:53:31.751+0000] {logging_mixin.py:190} INFO - [2025-03-09T17:53:31.750+0000] {dag.py:3239} INFO - Sync 1 DAGs
[2025-03-09T17:53:31.787+0000] {logging_mixin.py:190} INFO - [2025-03-09T17:53:31.787+0000] {dag.py:4180} INFO - Setting next_dagrun for example_bash_operator to 2025-03-08 00:00:00+00:00, run_after=2025-03-09 00:00:00+00:00
[2025-03-09T17:53:31.824+0000] {processor.py:208} INFO - Processing /home/airflow/.local/lib/python3.12/site-packages/airflow/example_dags/example_bash_operator.py took 0.139 seconds
