[2025-03-09T17:45:38.860+0000] {processor.py:186} INFO - Started process (PID=119) to work on /home/airflow/.local/lib/python3.12/site-packages/airflow/example_dags/example_display_name.py
[2025-03-09T17:45:38.862+0000] {processor.py:914} INFO - Processing file /home/airflow/.local/lib/python3.12/site-packages/airflow/example_dags/example_display_name.py for tasks to queue
[2025-03-09T17:45:38.864+0000] {logging_mixin.py:190} INFO - [2025-03-09T17:45:38.864+0000] {dagbag.py:588} INFO - Filling up the DagBag from /home/airflow/.local/lib/python3.12/site-packages/airflow/example_dags/example_display_name.py
[2025-03-09T17:45:38.872+0000] {processor.py:925} INFO - DAG(s) 'example_display_name' retrieved from /home/airflow/.local/lib/python3.12/site-packages/airflow/example_dags/example_display_name.py
[2025-03-09T17:45:38.893+0000] {logging_mixin.py:190} INFO - [2025-03-09T17:45:38.893+0000] {dag.py:3239} INFO - Sync 1 DAGs
[2025-03-09T17:45:38.908+0000] {logging_mixin.py:190} INFO - [2025-03-09T17:45:38.907+0000] {dag.py:4180} INFO - Setting next_dagrun for example_display_name to None, run_after=None
[2025-03-09T17:45:38.936+0000] {processor.py:208} INFO - Processing /home/airflow/.local/lib/python3.12/site-packages/airflow/example_dags/example_display_name.py took 0.082 seconds
[2025-03-09T17:46:09.906+0000] {processor.py:186} INFO - Started process (PID=185) to work on /home/airflow/.local/lib/python3.12/site-packages/airflow/example_dags/example_display_name.py
[2025-03-09T17:46:09.908+0000] {processor.py:914} INFO - Processing file /home/airflow/.local/lib/python3.12/site-packages/airflow/example_dags/example_display_name.py for tasks to queue
[2025-03-09T17:46:09.912+0000] {logging_mixin.py:190} INFO - [2025-03-09T17:46:09.911+0000] {dagbag.py:588} INFO - Filling up the DagBag from /home/airflow/.local/lib/python3.12/site-packages/airflow/example_dags/example_display_name.py
[2025-03-09T17:46:09.921+0000] {processor.py:925} INFO - DAG(s) 'example_display_name' retrieved from /home/airflow/.local/lib/python3.12/site-packages/airflow/example_dags/example_display_name.py
[2025-03-09T17:46:09.952+0000] {logging_mixin.py:190} INFO - [2025-03-09T17:46:09.951+0000] {dag.py:3239} INFO - Sync 1 DAGs
[2025-03-09T17:46:09.985+0000] {logging_mixin.py:190} INFO - [2025-03-09T17:46:09.985+0000] {dag.py:4180} INFO - Setting next_dagrun for example_display_name to None, run_after=None
[2025-03-09T17:46:10.037+0000] {processor.py:208} INFO - Processing /home/airflow/.local/lib/python3.12/site-packages/airflow/example_dags/example_display_name.py took 0.138 seconds
[2025-03-09T17:46:42.346+0000] {processor.py:186} INFO - Started process (PID=251) to work on /home/airflow/.local/lib/python3.12/site-packages/airflow/example_dags/example_display_name.py
[2025-03-09T17:46:42.347+0000] {processor.py:914} INFO - Processing file /home/airflow/.local/lib/python3.12/site-packages/airflow/example_dags/example_display_name.py for tasks to queue
[2025-03-09T17:46:42.350+0000] {logging_mixin.py:190} INFO - [2025-03-09T17:46:42.350+0000] {dagbag.py:588} INFO - Filling up the DagBag from /home/airflow/.local/lib/python3.12/site-packages/airflow/example_dags/example_display_name.py
[2025-03-09T17:46:42.360+0000] {processor.py:925} INFO - DAG(s) 'example_display_name' retrieved from /home/airflow/.local/lib/python3.12/site-packages/airflow/example_dags/example_display_name.py
[2025-03-09T17:46:42.390+0000] {logging_mixin.py:190} INFO - [2025-03-09T17:46:42.387+0000] {dag.py:3239} INFO - Sync 1 DAGs
[2025-03-09T17:46:42.405+0000] {logging_mixin.py:190} INFO - [2025-03-09T17:46:42.405+0000] {dag.py:4180} INFO - Setting next_dagrun for example_display_name to None, run_after=None
[2025-03-09T17:46:42.436+0000] {processor.py:208} INFO - Processing /home/airflow/.local/lib/python3.12/site-packages/airflow/example_dags/example_display_name.py took 0.095 seconds
[2025-03-09T17:47:13.112+0000] {processor.py:186} INFO - Started process (PID=316) to work on /home/airflow/.local/lib/python3.12/site-packages/airflow/example_dags/example_display_name.py
[2025-03-09T17:47:13.113+0000] {processor.py:914} INFO - Processing file /home/airflow/.local/lib/python3.12/site-packages/airflow/example_dags/example_display_name.py for tasks to queue
[2025-03-09T17:47:13.116+0000] {logging_mixin.py:190} INFO - [2025-03-09T17:47:13.115+0000] {dagbag.py:588} INFO - Filling up the DagBag from /home/airflow/.local/lib/python3.12/site-packages/airflow/example_dags/example_display_name.py
[2025-03-09T17:47:13.123+0000] {processor.py:925} INFO - DAG(s) 'example_display_name' retrieved from /home/airflow/.local/lib/python3.12/site-packages/airflow/example_dags/example_display_name.py
[2025-03-09T17:47:13.142+0000] {logging_mixin.py:190} INFO - [2025-03-09T17:47:13.142+0000] {dag.py:3239} INFO - Sync 1 DAGs
[2025-03-09T17:47:13.157+0000] {logging_mixin.py:190} INFO - [2025-03-09T17:47:13.156+0000] {dag.py:4180} INFO - Setting next_dagrun for example_display_name to None, run_after=None
[2025-03-09T17:47:13.178+0000] {processor.py:208} INFO - Processing /home/airflow/.local/lib/python3.12/site-packages/airflow/example_dags/example_display_name.py took 0.071 seconds
[2025-03-09T17:47:46.095+0000] {processor.py:186} INFO - Started process (PID=381) to work on /home/airflow/.local/lib/python3.12/site-packages/airflow/example_dags/example_display_name.py
[2025-03-09T17:47:46.097+0000] {processor.py:914} INFO - Processing file /home/airflow/.local/lib/python3.12/site-packages/airflow/example_dags/example_display_name.py for tasks to queue
[2025-03-09T17:47:46.102+0000] {logging_mixin.py:190} INFO - [2025-03-09T17:47:46.102+0000] {dagbag.py:588} INFO - Filling up the DagBag from /home/airflow/.local/lib/python3.12/site-packages/airflow/example_dags/example_display_name.py
[2025-03-09T17:47:46.113+0000] {processor.py:925} INFO - DAG(s) 'example_display_name' retrieved from /home/airflow/.local/lib/python3.12/site-packages/airflow/example_dags/example_display_name.py
[2025-03-09T17:47:46.152+0000] {logging_mixin.py:190} INFO - [2025-03-09T17:47:46.152+0000] {dag.py:3239} INFO - Sync 1 DAGs
[2025-03-09T17:47:46.185+0000] {logging_mixin.py:190} INFO - [2025-03-09T17:47:46.184+0000] {dag.py:4180} INFO - Setting next_dagrun for example_display_name to None, run_after=None
[2025-03-09T17:47:46.239+0000] {processor.py:208} INFO - Processing /home/airflow/.local/lib/python3.12/site-packages/airflow/example_dags/example_display_name.py took 0.151 seconds
[2025-03-09T17:48:17.010+0000] {processor.py:186} INFO - Started process (PID=445) to work on /home/airflow/.local/lib/python3.12/site-packages/airflow/example_dags/example_display_name.py
[2025-03-09T17:48:17.011+0000] {processor.py:914} INFO - Processing file /home/airflow/.local/lib/python3.12/site-packages/airflow/example_dags/example_display_name.py for tasks to queue
[2025-03-09T17:48:17.014+0000] {logging_mixin.py:190} INFO - [2025-03-09T17:48:17.013+0000] {dagbag.py:588} INFO - Filling up the DagBag from /home/airflow/.local/lib/python3.12/site-packages/airflow/example_dags/example_display_name.py
[2025-03-09T17:48:17.023+0000] {processor.py:925} INFO - DAG(s) 'example_display_name' retrieved from /home/airflow/.local/lib/python3.12/site-packages/airflow/example_dags/example_display_name.py
[2025-03-09T17:48:17.048+0000] {logging_mixin.py:190} INFO - [2025-03-09T17:48:17.048+0000] {dag.py:3239} INFO - Sync 1 DAGs
[2025-03-09T17:48:17.063+0000] {logging_mixin.py:190} INFO - [2025-03-09T17:48:17.063+0000] {dag.py:4180} INFO - Setting next_dagrun for example_display_name to None, run_after=None
[2025-03-09T17:48:17.143+0000] {processor.py:208} INFO - Processing /home/airflow/.local/lib/python3.12/site-packages/airflow/example_dags/example_display_name.py took 0.141 seconds
[2025-03-09T17:48:47.305+0000] {processor.py:186} INFO - Started process (PID=510) to work on /home/airflow/.local/lib/python3.12/site-packages/airflow/example_dags/example_display_name.py
[2025-03-09T17:48:47.306+0000] {processor.py:914} INFO - Processing file /home/airflow/.local/lib/python3.12/site-packages/airflow/example_dags/example_display_name.py for tasks to queue
[2025-03-09T17:48:47.309+0000] {logging_mixin.py:190} INFO - [2025-03-09T17:48:47.308+0000] {dagbag.py:588} INFO - Filling up the DagBag from /home/airflow/.local/lib/python3.12/site-packages/airflow/example_dags/example_display_name.py
[2025-03-09T17:48:47.316+0000] {processor.py:925} INFO - DAG(s) 'example_display_name' retrieved from /home/airflow/.local/lib/python3.12/site-packages/airflow/example_dags/example_display_name.py
[2025-03-09T17:48:47.339+0000] {logging_mixin.py:190} INFO - [2025-03-09T17:48:47.338+0000] {dag.py:3239} INFO - Sync 1 DAGs
[2025-03-09T17:48:47.354+0000] {logging_mixin.py:190} INFO - [2025-03-09T17:48:47.354+0000] {dag.py:4180} INFO - Setting next_dagrun for example_display_name to None, run_after=None
[2025-03-09T17:48:47.376+0000] {processor.py:208} INFO - Processing /home/airflow/.local/lib/python3.12/site-packages/airflow/example_dags/example_display_name.py took 0.077 seconds
[2025-03-09T17:49:19.093+0000] {processor.py:186} INFO - Started process (PID=574) to work on /home/airflow/.local/lib/python3.12/site-packages/airflow/example_dags/example_display_name.py
[2025-03-09T17:49:19.095+0000] {processor.py:914} INFO - Processing file /home/airflow/.local/lib/python3.12/site-packages/airflow/example_dags/example_display_name.py for tasks to queue
[2025-03-09T17:49:19.098+0000] {logging_mixin.py:190} INFO - [2025-03-09T17:49:19.098+0000] {dagbag.py:588} INFO - Filling up the DagBag from /home/airflow/.local/lib/python3.12/site-packages/airflow/example_dags/example_display_name.py
[2025-03-09T17:49:19.106+0000] {processor.py:925} INFO - DAG(s) 'example_display_name' retrieved from /home/airflow/.local/lib/python3.12/site-packages/airflow/example_dags/example_display_name.py
[2025-03-09T17:49:19.125+0000] {logging_mixin.py:190} INFO - [2025-03-09T17:49:19.125+0000] {dag.py:3239} INFO - Sync 1 DAGs
[2025-03-09T17:49:19.143+0000] {logging_mixin.py:190} INFO - [2025-03-09T17:49:19.143+0000] {dag.py:4180} INFO - Setting next_dagrun for example_display_name to None, run_after=None
[2025-03-09T17:49:19.165+0000] {processor.py:208} INFO - Processing /home/airflow/.local/lib/python3.12/site-packages/airflow/example_dags/example_display_name.py took 0.079 seconds
[2025-03-09T17:49:53.770+0000] {processor.py:186} INFO - Started process (PID=641) to work on /home/airflow/.local/lib/python3.12/site-packages/airflow/example_dags/example_display_name.py
[2025-03-09T17:49:53.773+0000] {processor.py:914} INFO - Processing file /home/airflow/.local/lib/python3.12/site-packages/airflow/example_dags/example_display_name.py for tasks to queue
[2025-03-09T17:49:53.779+0000] {logging_mixin.py:190} INFO - [2025-03-09T17:49:53.778+0000] {dagbag.py:588} INFO - Filling up the DagBag from /home/airflow/.local/lib/python3.12/site-packages/airflow/example_dags/example_display_name.py
[2025-03-09T17:49:53.792+0000] {processor.py:925} INFO - DAG(s) 'example_display_name' retrieved from /home/airflow/.local/lib/python3.12/site-packages/airflow/example_dags/example_display_name.py
[2025-03-09T17:49:53.855+0000] {logging_mixin.py:190} INFO - [2025-03-09T17:49:53.855+0000] {dag.py:3239} INFO - Sync 1 DAGs
[2025-03-09T17:49:53.872+0000] {logging_mixin.py:190} INFO - [2025-03-09T17:49:53.872+0000] {dag.py:4180} INFO - Setting next_dagrun for example_display_name to None, run_after=None
[2025-03-09T17:49:53.926+0000] {processor.py:208} INFO - Processing /home/airflow/.local/lib/python3.12/site-packages/airflow/example_dags/example_display_name.py took 0.167 seconds
[2025-03-09T17:50:24.449+0000] {processor.py:186} INFO - Started process (PID=707) to work on /home/airflow/.local/lib/python3.12/site-packages/airflow/example_dags/example_display_name.py
[2025-03-09T17:50:24.450+0000] {processor.py:914} INFO - Processing file /home/airflow/.local/lib/python3.12/site-packages/airflow/example_dags/example_display_name.py for tasks to queue
[2025-03-09T17:50:24.453+0000] {logging_mixin.py:190} INFO - [2025-03-09T17:50:24.453+0000] {dagbag.py:588} INFO - Filling up the DagBag from /home/airflow/.local/lib/python3.12/site-packages/airflow/example_dags/example_display_name.py
[2025-03-09T17:50:24.465+0000] {processor.py:925} INFO - DAG(s) 'example_display_name' retrieved from /home/airflow/.local/lib/python3.12/site-packages/airflow/example_dags/example_display_name.py
[2025-03-09T17:50:24.487+0000] {logging_mixin.py:190} INFO - [2025-03-09T17:50:24.487+0000] {dag.py:3239} INFO - Sync 1 DAGs
[2025-03-09T17:50:24.502+0000] {logging_mixin.py:190} INFO - [2025-03-09T17:50:24.502+0000] {dag.py:4180} INFO - Setting next_dagrun for example_display_name to None, run_after=None
[2025-03-09T17:50:24.523+0000] {processor.py:208} INFO - Processing /home/airflow/.local/lib/python3.12/site-packages/airflow/example_dags/example_display_name.py took 0.082 seconds
[2025-03-09T17:50:56.440+0000] {processor.py:186} INFO - Started process (PID=771) to work on /home/airflow/.local/lib/python3.12/site-packages/airflow/example_dags/example_display_name.py
[2025-03-09T17:50:56.441+0000] {processor.py:914} INFO - Processing file /home/airflow/.local/lib/python3.12/site-packages/airflow/example_dags/example_display_name.py for tasks to queue
[2025-03-09T17:50:56.444+0000] {logging_mixin.py:190} INFO - [2025-03-09T17:50:56.443+0000] {dagbag.py:588} INFO - Filling up the DagBag from /home/airflow/.local/lib/python3.12/site-packages/airflow/example_dags/example_display_name.py
[2025-03-09T17:50:56.451+0000] {processor.py:925} INFO - DAG(s) 'example_display_name' retrieved from /home/airflow/.local/lib/python3.12/site-packages/airflow/example_dags/example_display_name.py
[2025-03-09T17:50:56.474+0000] {logging_mixin.py:190} INFO - [2025-03-09T17:50:56.473+0000] {dag.py:3239} INFO - Sync 1 DAGs
[2025-03-09T17:50:56.486+0000] {logging_mixin.py:190} INFO - [2025-03-09T17:50:56.485+0000] {dag.py:4180} INFO - Setting next_dagrun for example_display_name to None, run_after=None
[2025-03-09T17:50:56.504+0000] {processor.py:208} INFO - Processing /home/airflow/.local/lib/python3.12/site-packages/airflow/example_dags/example_display_name.py took 0.071 seconds
[2025-03-09T17:51:27.411+0000] {processor.py:186} INFO - Started process (PID=837) to work on /home/airflow/.local/lib/python3.12/site-packages/airflow/example_dags/example_display_name.py
[2025-03-09T17:51:27.412+0000] {processor.py:914} INFO - Processing file /home/airflow/.local/lib/python3.12/site-packages/airflow/example_dags/example_display_name.py for tasks to queue
[2025-03-09T17:51:27.416+0000] {logging_mixin.py:190} INFO - [2025-03-09T17:51:27.416+0000] {dagbag.py:588} INFO - Filling up the DagBag from /home/airflow/.local/lib/python3.12/site-packages/airflow/example_dags/example_display_name.py
[2025-03-09T17:51:27.423+0000] {processor.py:925} INFO - DAG(s) 'example_display_name' retrieved from /home/airflow/.local/lib/python3.12/site-packages/airflow/example_dags/example_display_name.py
[2025-03-09T17:51:27.445+0000] {logging_mixin.py:190} INFO - [2025-03-09T17:51:27.445+0000] {dag.py:3239} INFO - Sync 1 DAGs
[2025-03-09T17:51:27.459+0000] {logging_mixin.py:190} INFO - [2025-03-09T17:51:27.459+0000] {dag.py:4180} INFO - Setting next_dagrun for example_display_name to None, run_after=None
[2025-03-09T17:51:27.484+0000] {processor.py:208} INFO - Processing /home/airflow/.local/lib/python3.12/site-packages/airflow/example_dags/example_display_name.py took 0.079 seconds
[2025-03-09T17:51:57.869+0000] {processor.py:186} INFO - Started process (PID=903) to work on /home/airflow/.local/lib/python3.12/site-packages/airflow/example_dags/example_display_name.py
[2025-03-09T17:51:57.871+0000] {processor.py:914} INFO - Processing file /home/airflow/.local/lib/python3.12/site-packages/airflow/example_dags/example_display_name.py for tasks to queue
[2025-03-09T17:51:57.876+0000] {logging_mixin.py:190} INFO - [2025-03-09T17:51:57.875+0000] {dagbag.py:588} INFO - Filling up the DagBag from /home/airflow/.local/lib/python3.12/site-packages/airflow/example_dags/example_display_name.py
[2025-03-09T17:51:57.889+0000] {processor.py:925} INFO - DAG(s) 'example_display_name' retrieved from /home/airflow/.local/lib/python3.12/site-packages/airflow/example_dags/example_display_name.py
[2025-03-09T17:51:57.924+0000] {logging_mixin.py:190} INFO - [2025-03-09T17:51:57.923+0000] {dag.py:3239} INFO - Sync 1 DAGs
[2025-03-09T17:51:57.946+0000] {logging_mixin.py:190} INFO - [2025-03-09T17:51:57.945+0000] {dag.py:4180} INFO - Setting next_dagrun for example_display_name to None, run_after=None
[2025-03-09T17:51:57.999+0000] {processor.py:208} INFO - Processing /home/airflow/.local/lib/python3.12/site-packages/airflow/example_dags/example_display_name.py took 0.138 seconds
[2025-03-09T17:52:28.712+0000] {processor.py:186} INFO - Started process (PID=968) to work on /home/airflow/.local/lib/python3.12/site-packages/airflow/example_dags/example_display_name.py
[2025-03-09T17:52:28.713+0000] {processor.py:914} INFO - Processing file /home/airflow/.local/lib/python3.12/site-packages/airflow/example_dags/example_display_name.py for tasks to queue
[2025-03-09T17:52:28.716+0000] {logging_mixin.py:190} INFO - [2025-03-09T17:52:28.716+0000] {dagbag.py:588} INFO - Filling up the DagBag from /home/airflow/.local/lib/python3.12/site-packages/airflow/example_dags/example_display_name.py
[2025-03-09T17:52:28.724+0000] {processor.py:925} INFO - DAG(s) 'example_display_name' retrieved from /home/airflow/.local/lib/python3.12/site-packages/airflow/example_dags/example_display_name.py
[2025-03-09T17:52:28.743+0000] {logging_mixin.py:190} INFO - [2025-03-09T17:52:28.743+0000] {dag.py:3239} INFO - Sync 1 DAGs
[2025-03-09T17:52:28.759+0000] {logging_mixin.py:190} INFO - [2025-03-09T17:52:28.759+0000] {dag.py:4180} INFO - Setting next_dagrun for example_display_name to None, run_after=None
[2025-03-09T17:52:28.782+0000] {processor.py:208} INFO - Processing /home/airflow/.local/lib/python3.12/site-packages/airflow/example_dags/example_display_name.py took 0.076 seconds
[2025-03-09T17:52:59.584+0000] {processor.py:186} INFO - Started process (PID=1034) to work on /home/airflow/.local/lib/python3.12/site-packages/airflow/example_dags/example_display_name.py
[2025-03-09T17:52:59.585+0000] {processor.py:914} INFO - Processing file /home/airflow/.local/lib/python3.12/site-packages/airflow/example_dags/example_display_name.py for tasks to queue
[2025-03-09T17:52:59.588+0000] {logging_mixin.py:190} INFO - [2025-03-09T17:52:59.587+0000] {dagbag.py:588} INFO - Filling up the DagBag from /home/airflow/.local/lib/python3.12/site-packages/airflow/example_dags/example_display_name.py
[2025-03-09T17:52:59.595+0000] {processor.py:925} INFO - DAG(s) 'example_display_name' retrieved from /home/airflow/.local/lib/python3.12/site-packages/airflow/example_dags/example_display_name.py
[2025-03-09T17:52:59.618+0000] {logging_mixin.py:190} INFO - [2025-03-09T17:52:59.618+0000] {dag.py:3239} INFO - Sync 1 DAGs
[2025-03-09T17:52:59.635+0000] {logging_mixin.py:190} INFO - [2025-03-09T17:52:59.634+0000] {dag.py:4180} INFO - Setting next_dagrun for example_display_name to None, run_after=None
[2025-03-09T17:52:59.666+0000] {processor.py:208} INFO - Processing /home/airflow/.local/lib/python3.12/site-packages/airflow/example_dags/example_display_name.py took 0.089 seconds
[2025-03-09T17:53:31.136+0000] {processor.py:186} INFO - Started process (PID=1100) to work on /home/airflow/.local/lib/python3.12/site-packages/airflow/example_dags/example_display_name.py
[2025-03-09T17:53:31.138+0000] {processor.py:914} INFO - Processing file /home/airflow/.local/lib/python3.12/site-packages/airflow/example_dags/example_display_name.py for tasks to queue
[2025-03-09T17:53:31.143+0000] {logging_mixin.py:190} INFO - [2025-03-09T17:53:31.142+0000] {dagbag.py:588} INFO - Filling up the DagBag from /home/airflow/.local/lib/python3.12/site-packages/airflow/example_dags/example_display_name.py
[2025-03-09T17:53:31.174+0000] {processor.py:925} INFO - DAG(s) 'example_display_name' retrieved from /home/airflow/.local/lib/python3.12/site-packages/airflow/example_dags/example_display_name.py
[2025-03-09T17:53:31.236+0000] {logging_mixin.py:190} INFO - [2025-03-09T17:53:31.235+0000] {dag.py:3239} INFO - Sync 1 DAGs
[2025-03-09T17:53:31.275+0000] {logging_mixin.py:190} INFO - [2025-03-09T17:53:31.275+0000] {dag.py:4180} INFO - Setting next_dagrun for example_display_name to None, run_after=None
[2025-03-09T17:53:31.321+0000] {processor.py:208} INFO - Processing /home/airflow/.local/lib/python3.12/site-packages/airflow/example_dags/example_display_name.py took 0.195 seconds
[2025-03-09T17:54:04.049+0000] {processor.py:186} INFO - Started process (PID=1167) to work on /home/airflow/.local/lib/python3.12/site-packages/airflow/example_dags/example_display_name.py
[2025-03-09T17:54:04.051+0000] {processor.py:914} INFO - Processing file /home/airflow/.local/lib/python3.12/site-packages/airflow/example_dags/example_display_name.py for tasks to queue
[2025-03-09T17:54:04.056+0000] {logging_mixin.py:190} INFO - [2025-03-09T17:54:04.056+0000] {dagbag.py:588} INFO - Filling up the DagBag from /home/airflow/.local/lib/python3.12/site-packages/airflow/example_dags/example_display_name.py
[2025-03-09T17:54:04.071+0000] {processor.py:925} INFO - DAG(s) 'example_display_name' retrieved from /home/airflow/.local/lib/python3.12/site-packages/airflow/example_dags/example_display_name.py
[2025-03-09T17:54:04.108+0000] {logging_mixin.py:190} INFO - [2025-03-09T17:54:04.107+0000] {dag.py:3239} INFO - Sync 1 DAGs
[2025-03-09T17:54:04.138+0000] {logging_mixin.py:190} INFO - [2025-03-09T17:54:04.138+0000] {dag.py:4180} INFO - Setting next_dagrun for example_display_name to None, run_after=None
[2025-03-09T17:54:04.177+0000] {processor.py:208} INFO - Processing /home/airflow/.local/lib/python3.12/site-packages/airflow/example_dags/example_display_name.py took 0.141 seconds
[2025-03-09T17:54:34.402+0000] {processor.py:186} INFO - Started process (PID=1232) to work on /home/airflow/.local/lib/python3.12/site-packages/airflow/example_dags/example_display_name.py
[2025-03-09T17:54:34.403+0000] {processor.py:914} INFO - Processing file /home/airflow/.local/lib/python3.12/site-packages/airflow/example_dags/example_display_name.py for tasks to queue
[2025-03-09T17:54:34.406+0000] {logging_mixin.py:190} INFO - [2025-03-09T17:54:34.406+0000] {dagbag.py:588} INFO - Filling up the DagBag from /home/airflow/.local/lib/python3.12/site-packages/airflow/example_dags/example_display_name.py
[2025-03-09T17:54:34.413+0000] {processor.py:925} INFO - DAG(s) 'example_display_name' retrieved from /home/airflow/.local/lib/python3.12/site-packages/airflow/example_dags/example_display_name.py
[2025-03-09T17:54:34.434+0000] {logging_mixin.py:190} INFO - [2025-03-09T17:54:34.434+0000] {dag.py:3239} INFO - Sync 1 DAGs
[2025-03-09T17:54:34.449+0000] {logging_mixin.py:190} INFO - [2025-03-09T17:54:34.449+0000] {dag.py:4180} INFO - Setting next_dagrun for example_display_name to None, run_after=None
[2025-03-09T17:54:34.474+0000] {processor.py:208} INFO - Processing /home/airflow/.local/lib/python3.12/site-packages/airflow/example_dags/example_display_name.py took 0.077 seconds
[2025-03-09T17:55:05.703+0000] {processor.py:186} INFO - Started process (PID=1298) to work on /home/airflow/.local/lib/python3.12/site-packages/airflow/example_dags/example_display_name.py
[2025-03-09T17:55:05.704+0000] {processor.py:914} INFO - Processing file /home/airflow/.local/lib/python3.12/site-packages/airflow/example_dags/example_display_name.py for tasks to queue
[2025-03-09T17:55:05.707+0000] {logging_mixin.py:190} INFO - [2025-03-09T17:55:05.706+0000] {dagbag.py:588} INFO - Filling up the DagBag from /home/airflow/.local/lib/python3.12/site-packages/airflow/example_dags/example_display_name.py
[2025-03-09T17:55:05.714+0000] {processor.py:925} INFO - DAG(s) 'example_display_name' retrieved from /home/airflow/.local/lib/python3.12/site-packages/airflow/example_dags/example_display_name.py
[2025-03-09T17:55:05.755+0000] {logging_mixin.py:190} INFO - [2025-03-09T17:55:05.754+0000] {dag.py:3239} INFO - Sync 1 DAGs
[2025-03-09T17:55:05.787+0000] {logging_mixin.py:190} INFO - [2025-03-09T17:55:05.787+0000] {dag.py:4180} INFO - Setting next_dagrun for example_display_name to None, run_after=None
[2025-03-09T17:55:05.871+0000] {processor.py:208} INFO - Processing /home/airflow/.local/lib/python3.12/site-packages/airflow/example_dags/example_display_name.py took 0.176 seconds
[2025-03-09T17:55:36.804+0000] {processor.py:186} INFO - Started process (PID=1364) to work on /home/airflow/.local/lib/python3.12/site-packages/airflow/example_dags/example_display_name.py
[2025-03-09T17:55:36.806+0000] {processor.py:914} INFO - Processing file /home/airflow/.local/lib/python3.12/site-packages/airflow/example_dags/example_display_name.py for tasks to queue
[2025-03-09T17:55:36.810+0000] {logging_mixin.py:190} INFO - [2025-03-09T17:55:36.810+0000] {dagbag.py:588} INFO - Filling up the DagBag from /home/airflow/.local/lib/python3.12/site-packages/airflow/example_dags/example_display_name.py
[2025-03-09T17:55:36.819+0000] {processor.py:925} INFO - DAG(s) 'example_display_name' retrieved from /home/airflow/.local/lib/python3.12/site-packages/airflow/example_dags/example_display_name.py
[2025-03-09T17:55:36.846+0000] {logging_mixin.py:190} INFO - [2025-03-09T17:55:36.846+0000] {dag.py:3239} INFO - Sync 1 DAGs
[2025-03-09T17:55:36.864+0000] {logging_mixin.py:190} INFO - [2025-03-09T17:55:36.864+0000] {dag.py:4180} INFO - Setting next_dagrun for example_display_name to None, run_after=None
[2025-03-09T17:55:36.890+0000] {processor.py:208} INFO - Processing /home/airflow/.local/lib/python3.12/site-packages/airflow/example_dags/example_display_name.py took 0.094 seconds
[2025-03-09T17:56:09.835+0000] {processor.py:186} INFO - Started process (PID=1432) to work on /home/airflow/.local/lib/python3.12/site-packages/airflow/example_dags/example_display_name.py
[2025-03-09T17:56:09.836+0000] {processor.py:914} INFO - Processing file /home/airflow/.local/lib/python3.12/site-packages/airflow/example_dags/example_display_name.py for tasks to queue
[2025-03-09T17:56:09.838+0000] {logging_mixin.py:190} INFO - [2025-03-09T17:56:09.838+0000] {dagbag.py:588} INFO - Filling up the DagBag from /home/airflow/.local/lib/python3.12/site-packages/airflow/example_dags/example_display_name.py
[2025-03-09T17:56:09.846+0000] {processor.py:925} INFO - DAG(s) 'example_display_name' retrieved from /home/airflow/.local/lib/python3.12/site-packages/airflow/example_dags/example_display_name.py
[2025-03-09T17:56:09.868+0000] {logging_mixin.py:190} INFO - [2025-03-09T17:56:09.868+0000] {dag.py:3239} INFO - Sync 1 DAGs
[2025-03-09T17:56:09.882+0000] {logging_mixin.py:190} INFO - [2025-03-09T17:56:09.882+0000] {dag.py:4180} INFO - Setting next_dagrun for example_display_name to None, run_after=None
[2025-03-09T17:56:09.905+0000] {processor.py:208} INFO - Processing /home/airflow/.local/lib/python3.12/site-packages/airflow/example_dags/example_display_name.py took 0.075 seconds
[2025-03-09T17:56:42.179+0000] {processor.py:186} INFO - Started process (PID=1498) to work on /home/airflow/.local/lib/python3.12/site-packages/airflow/example_dags/example_display_name.py
[2025-03-09T17:56:42.181+0000] {processor.py:914} INFO - Processing file /home/airflow/.local/lib/python3.12/site-packages/airflow/example_dags/example_display_name.py for tasks to queue
[2025-03-09T17:56:42.185+0000] {logging_mixin.py:190} INFO - [2025-03-09T17:56:42.185+0000] {dagbag.py:588} INFO - Filling up the DagBag from /home/airflow/.local/lib/python3.12/site-packages/airflow/example_dags/example_display_name.py
[2025-03-09T17:56:42.198+0000] {processor.py:925} INFO - DAG(s) 'example_display_name' retrieved from /home/airflow/.local/lib/python3.12/site-packages/airflow/example_dags/example_display_name.py
[2025-03-09T17:56:42.256+0000] {logging_mixin.py:190} INFO - [2025-03-09T17:56:42.255+0000] {dag.py:3239} INFO - Sync 1 DAGs
[2025-03-09T17:56:42.286+0000] {logging_mixin.py:190} INFO - [2025-03-09T17:56:42.286+0000] {dag.py:4180} INFO - Setting next_dagrun for example_display_name to None, run_after=None
[2025-03-09T17:56:42.320+0000] {processor.py:208} INFO - Processing /home/airflow/.local/lib/python3.12/site-packages/airflow/example_dags/example_display_name.py took 0.151 seconds
[2025-03-09T17:57:13.030+0000] {processor.py:186} INFO - Started process (PID=1564) to work on /home/airflow/.local/lib/python3.12/site-packages/airflow/example_dags/example_display_name.py
[2025-03-09T17:57:13.031+0000] {processor.py:914} INFO - Processing file /home/airflow/.local/lib/python3.12/site-packages/airflow/example_dags/example_display_name.py for tasks to queue
[2025-03-09T17:57:13.033+0000] {logging_mixin.py:190} INFO - [2025-03-09T17:57:13.033+0000] {dagbag.py:588} INFO - Filling up the DagBag from /home/airflow/.local/lib/python3.12/site-packages/airflow/example_dags/example_display_name.py
[2025-03-09T17:57:13.039+0000] {processor.py:925} INFO - DAG(s) 'example_display_name' retrieved from /home/airflow/.local/lib/python3.12/site-packages/airflow/example_dags/example_display_name.py
[2025-03-09T17:57:13.056+0000] {logging_mixin.py:190} INFO - [2025-03-09T17:57:13.056+0000] {dag.py:3239} INFO - Sync 1 DAGs
[2025-03-09T17:57:13.070+0000] {logging_mixin.py:190} INFO - [2025-03-09T17:57:13.070+0000] {dag.py:4180} INFO - Setting next_dagrun for example_display_name to None, run_after=None
[2025-03-09T17:57:13.090+0000] {processor.py:208} INFO - Processing /home/airflow/.local/lib/python3.12/site-packages/airflow/example_dags/example_display_name.py took 0.066 seconds
[2025-03-09T17:57:44.015+0000] {processor.py:186} INFO - Started process (PID=1630) to work on /home/airflow/.local/lib/python3.12/site-packages/airflow/example_dags/example_display_name.py
[2025-03-09T17:57:44.016+0000] {processor.py:914} INFO - Processing file /home/airflow/.local/lib/python3.12/site-packages/airflow/example_dags/example_display_name.py for tasks to queue
[2025-03-09T17:57:44.019+0000] {logging_mixin.py:190} INFO - [2025-03-09T17:57:44.019+0000] {dagbag.py:588} INFO - Filling up the DagBag from /home/airflow/.local/lib/python3.12/site-packages/airflow/example_dags/example_display_name.py
[2025-03-09T17:57:44.026+0000] {processor.py:925} INFO - DAG(s) 'example_display_name' retrieved from /home/airflow/.local/lib/python3.12/site-packages/airflow/example_dags/example_display_name.py
[2025-03-09T17:57:44.047+0000] {logging_mixin.py:190} INFO - [2025-03-09T17:57:44.047+0000] {dag.py:3239} INFO - Sync 1 DAGs
[2025-03-09T17:57:44.063+0000] {logging_mixin.py:190} INFO - [2025-03-09T17:57:44.062+0000] {dag.py:4180} INFO - Setting next_dagrun for example_display_name to None, run_after=None
[2025-03-09T17:57:44.087+0000] {processor.py:208} INFO - Processing /home/airflow/.local/lib/python3.12/site-packages/airflow/example_dags/example_display_name.py took 0.078 seconds
[2025-03-09T17:58:15.708+0000] {processor.py:186} INFO - Started process (PID=1698) to work on /home/airflow/.local/lib/python3.12/site-packages/airflow/example_dags/example_display_name.py
[2025-03-09T17:58:15.709+0000] {processor.py:914} INFO - Processing file /home/airflow/.local/lib/python3.12/site-packages/airflow/example_dags/example_display_name.py for tasks to queue
[2025-03-09T17:58:15.712+0000] {logging_mixin.py:190} INFO - [2025-03-09T17:58:15.711+0000] {dagbag.py:588} INFO - Filling up the DagBag from /home/airflow/.local/lib/python3.12/site-packages/airflow/example_dags/example_display_name.py
[2025-03-09T17:58:15.720+0000] {processor.py:925} INFO - DAG(s) 'example_display_name' retrieved from /home/airflow/.local/lib/python3.12/site-packages/airflow/example_dags/example_display_name.py
[2025-03-09T17:58:15.740+0000] {logging_mixin.py:190} INFO - [2025-03-09T17:58:15.740+0000] {dag.py:3239} INFO - Sync 1 DAGs
[2025-03-09T17:58:15.754+0000] {logging_mixin.py:190} INFO - [2025-03-09T17:58:15.753+0000] {dag.py:4180} INFO - Setting next_dagrun for example_display_name to None, run_after=None
[2025-03-09T17:58:15.775+0000] {processor.py:208} INFO - Processing /home/airflow/.local/lib/python3.12/site-packages/airflow/example_dags/example_display_name.py took 0.073 seconds
[2025-03-09T17:58:47.197+0000] {processor.py:186} INFO - Started process (PID=1764) to work on /home/airflow/.local/lib/python3.12/site-packages/airflow/example_dags/example_display_name.py
[2025-03-09T17:58:47.198+0000] {processor.py:914} INFO - Processing file /home/airflow/.local/lib/python3.12/site-packages/airflow/example_dags/example_display_name.py for tasks to queue
[2025-03-09T17:58:47.201+0000] {logging_mixin.py:190} INFO - [2025-03-09T17:58:47.200+0000] {dagbag.py:588} INFO - Filling up the DagBag from /home/airflow/.local/lib/python3.12/site-packages/airflow/example_dags/example_display_name.py
[2025-03-09T17:58:47.209+0000] {processor.py:925} INFO - DAG(s) 'example_display_name' retrieved from /home/airflow/.local/lib/python3.12/site-packages/airflow/example_dags/example_display_name.py
[2025-03-09T17:58:47.227+0000] {logging_mixin.py:190} INFO - [2025-03-09T17:58:47.227+0000] {dag.py:3239} INFO - Sync 1 DAGs
[2025-03-09T17:58:47.240+0000] {logging_mixin.py:190} INFO - [2025-03-09T17:58:47.240+0000] {dag.py:4180} INFO - Setting next_dagrun for example_display_name to None, run_after=None
[2025-03-09T17:58:47.261+0000] {processor.py:208} INFO - Processing /home/airflow/.local/lib/python3.12/site-packages/airflow/example_dags/example_display_name.py took 0.069 seconds
[2025-03-09T17:59:18.686+0000] {processor.py:186} INFO - Started process (PID=1830) to work on /home/airflow/.local/lib/python3.12/site-packages/airflow/example_dags/example_display_name.py
[2025-03-09T17:59:18.687+0000] {processor.py:914} INFO - Processing file /home/airflow/.local/lib/python3.12/site-packages/airflow/example_dags/example_display_name.py for tasks to queue
[2025-03-09T17:59:18.690+0000] {logging_mixin.py:190} INFO - [2025-03-09T17:59:18.690+0000] {dagbag.py:588} INFO - Filling up the DagBag from /home/airflow/.local/lib/python3.12/site-packages/airflow/example_dags/example_display_name.py
[2025-03-09T17:59:18.701+0000] {processor.py:925} INFO - DAG(s) 'example_display_name' retrieved from /home/airflow/.local/lib/python3.12/site-packages/airflow/example_dags/example_display_name.py
[2025-03-09T17:59:18.724+0000] {logging_mixin.py:190} INFO - [2025-03-09T17:59:18.724+0000] {dag.py:3239} INFO - Sync 1 DAGs
[2025-03-09T17:59:18.740+0000] {logging_mixin.py:190} INFO - [2025-03-09T17:59:18.740+0000] {dag.py:4180} INFO - Setting next_dagrun for example_display_name to None, run_after=None
[2025-03-09T17:59:18.768+0000] {processor.py:208} INFO - Processing /home/airflow/.local/lib/python3.12/site-packages/airflow/example_dags/example_display_name.py took 0.091 seconds
[2025-03-09T17:59:49.168+0000] {processor.py:186} INFO - Started process (PID=1895) to work on /home/airflow/.local/lib/python3.12/site-packages/airflow/example_dags/example_display_name.py
[2025-03-09T17:59:49.173+0000] {processor.py:914} INFO - Processing file /home/airflow/.local/lib/python3.12/site-packages/airflow/example_dags/example_display_name.py for tasks to queue
[2025-03-09T17:59:49.178+0000] {logging_mixin.py:190} INFO - [2025-03-09T17:59:49.177+0000] {dagbag.py:588} INFO - Filling up the DagBag from /home/airflow/.local/lib/python3.12/site-packages/airflow/example_dags/example_display_name.py
[2025-03-09T17:59:49.195+0000] {processor.py:925} INFO - DAG(s) 'example_display_name' retrieved from /home/airflow/.local/lib/python3.12/site-packages/airflow/example_dags/example_display_name.py
[2025-03-09T17:59:49.225+0000] {logging_mixin.py:190} INFO - [2025-03-09T17:59:49.225+0000] {dag.py:3239} INFO - Sync 1 DAGs
[2025-03-09T17:59:49.239+0000] {logging_mixin.py:190} INFO - [2025-03-09T17:59:49.239+0000] {dag.py:4180} INFO - Setting next_dagrun for example_display_name to None, run_after=None
[2025-03-09T17:59:49.264+0000] {processor.py:208} INFO - Processing /home/airflow/.local/lib/python3.12/site-packages/airflow/example_dags/example_display_name.py took 0.102 seconds
[2025-03-09T18:00:22.119+0000] {processor.py:186} INFO - Started process (PID=1961) to work on /home/airflow/.local/lib/python3.12/site-packages/airflow/example_dags/example_display_name.py
[2025-03-09T18:00:22.120+0000] {processor.py:914} INFO - Processing file /home/airflow/.local/lib/python3.12/site-packages/airflow/example_dags/example_display_name.py for tasks to queue
[2025-03-09T18:00:22.122+0000] {logging_mixin.py:190} INFO - [2025-03-09T18:00:22.122+0000] {dagbag.py:588} INFO - Filling up the DagBag from /home/airflow/.local/lib/python3.12/site-packages/airflow/example_dags/example_display_name.py
[2025-03-09T18:00:22.129+0000] {processor.py:925} INFO - DAG(s) 'example_display_name' retrieved from /home/airflow/.local/lib/python3.12/site-packages/airflow/example_dags/example_display_name.py
[2025-03-09T18:00:22.149+0000] {logging_mixin.py:190} INFO - [2025-03-09T18:00:22.148+0000] {dag.py:3239} INFO - Sync 1 DAGs
[2025-03-09T18:00:22.163+0000] {logging_mixin.py:190} INFO - [2025-03-09T18:00:22.163+0000] {dag.py:4180} INFO - Setting next_dagrun for example_display_name to None, run_after=None
[2025-03-09T18:00:22.187+0000] {processor.py:208} INFO - Processing /home/airflow/.local/lib/python3.12/site-packages/airflow/example_dags/example_display_name.py took 0.074 seconds
[2025-03-09T18:00:53.534+0000] {processor.py:186} INFO - Started process (PID=2027) to work on /home/airflow/.local/lib/python3.12/site-packages/airflow/example_dags/example_display_name.py
[2025-03-09T18:00:53.535+0000] {processor.py:914} INFO - Processing file /home/airflow/.local/lib/python3.12/site-packages/airflow/example_dags/example_display_name.py for tasks to queue
[2025-03-09T18:00:53.538+0000] {logging_mixin.py:190} INFO - [2025-03-09T18:00:53.538+0000] {dagbag.py:588} INFO - Filling up the DagBag from /home/airflow/.local/lib/python3.12/site-packages/airflow/example_dags/example_display_name.py
[2025-03-09T18:00:53.548+0000] {processor.py:925} INFO - DAG(s) 'example_display_name' retrieved from /home/airflow/.local/lib/python3.12/site-packages/airflow/example_dags/example_display_name.py
[2025-03-09T18:00:53.576+0000] {logging_mixin.py:190} INFO - [2025-03-09T18:00:53.575+0000] {dag.py:3239} INFO - Sync 1 DAGs
[2025-03-09T18:00:53.603+0000] {logging_mixin.py:190} INFO - [2025-03-09T18:00:53.602+0000] {dag.py:4180} INFO - Setting next_dagrun for example_display_name to None, run_after=None
[2025-03-09T18:00:53.670+0000] {processor.py:208} INFO - Processing /home/airflow/.local/lib/python3.12/site-packages/airflow/example_dags/example_display_name.py took 0.142 seconds
[2025-03-09T18:01:23.937+0000] {processor.py:186} INFO - Started process (PID=2093) to work on /home/airflow/.local/lib/python3.12/site-packages/airflow/example_dags/example_display_name.py
[2025-03-09T18:01:23.938+0000] {processor.py:914} INFO - Processing file /home/airflow/.local/lib/python3.12/site-packages/airflow/example_dags/example_display_name.py for tasks to queue
[2025-03-09T18:01:23.940+0000] {logging_mixin.py:190} INFO - [2025-03-09T18:01:23.940+0000] {dagbag.py:588} INFO - Filling up the DagBag from /home/airflow/.local/lib/python3.12/site-packages/airflow/example_dags/example_display_name.py
[2025-03-09T18:01:23.948+0000] {processor.py:925} INFO - DAG(s) 'example_display_name' retrieved from /home/airflow/.local/lib/python3.12/site-packages/airflow/example_dags/example_display_name.py
[2025-03-09T18:01:23.970+0000] {logging_mixin.py:190} INFO - [2025-03-09T18:01:23.970+0000] {dag.py:3239} INFO - Sync 1 DAGs
[2025-03-09T18:01:23.997+0000] {logging_mixin.py:190} INFO - [2025-03-09T18:01:23.996+0000] {dag.py:4180} INFO - Setting next_dagrun for example_display_name to None, run_after=None
[2025-03-09T18:01:24.028+0000] {processor.py:208} INFO - Processing /home/airflow/.local/lib/python3.12/site-packages/airflow/example_dags/example_display_name.py took 0.096 seconds
[2025-03-09T18:01:55.362+0000] {processor.py:186} INFO - Started process (PID=2159) to work on /home/airflow/.local/lib/python3.12/site-packages/airflow/example_dags/example_display_name.py
[2025-03-09T18:01:55.362+0000] {processor.py:914} INFO - Processing file /home/airflow/.local/lib/python3.12/site-packages/airflow/example_dags/example_display_name.py for tasks to queue
[2025-03-09T18:01:55.376+0000] {logging_mixin.py:190} INFO - [2025-03-09T18:01:55.375+0000] {dagbag.py:588} INFO - Filling up the DagBag from /home/airflow/.local/lib/python3.12/site-packages/airflow/example_dags/example_display_name.py
[2025-03-09T18:01:55.393+0000] {processor.py:925} INFO - DAG(s) 'example_display_name' retrieved from /home/airflow/.local/lib/python3.12/site-packages/airflow/example_dags/example_display_name.py
[2025-03-09T18:01:55.435+0000] {logging_mixin.py:190} INFO - [2025-03-09T18:01:55.433+0000] {dag.py:3239} INFO - Sync 1 DAGs
[2025-03-09T18:01:55.474+0000] {logging_mixin.py:190} INFO - [2025-03-09T18:01:55.473+0000] {dag.py:4180} INFO - Setting next_dagrun for example_display_name to None, run_after=None
[2025-03-09T18:01:55.492+0000] {processor.py:208} INFO - Processing /home/airflow/.local/lib/python3.12/site-packages/airflow/example_dags/example_display_name.py took 0.135 seconds
[2025-03-09T18:02:26.458+0000] {processor.py:186} INFO - Started process (PID=2225) to work on /home/airflow/.local/lib/python3.12/site-packages/airflow/example_dags/example_display_name.py
[2025-03-09T18:02:26.460+0000] {processor.py:914} INFO - Processing file /home/airflow/.local/lib/python3.12/site-packages/airflow/example_dags/example_display_name.py for tasks to queue
[2025-03-09T18:02:26.463+0000] {logging_mixin.py:190} INFO - [2025-03-09T18:02:26.463+0000] {dagbag.py:588} INFO - Filling up the DagBag from /home/airflow/.local/lib/python3.12/site-packages/airflow/example_dags/example_display_name.py
[2025-03-09T18:02:26.471+0000] {processor.py:925} INFO - DAG(s) 'example_display_name' retrieved from /home/airflow/.local/lib/python3.12/site-packages/airflow/example_dags/example_display_name.py
[2025-03-09T18:02:26.492+0000] {logging_mixin.py:190} INFO - [2025-03-09T18:02:26.491+0000] {dag.py:3239} INFO - Sync 1 DAGs
[2025-03-09T18:02:26.507+0000] {logging_mixin.py:190} INFO - [2025-03-09T18:02:26.507+0000] {dag.py:4180} INFO - Setting next_dagrun for example_display_name to None, run_after=None
[2025-03-09T18:02:26.531+0000] {processor.py:208} INFO - Processing /home/airflow/.local/lib/python3.12/site-packages/airflow/example_dags/example_display_name.py took 0.078 seconds
[2025-03-09T18:02:57.461+0000] {processor.py:186} INFO - Started process (PID=2292) to work on /home/airflow/.local/lib/python3.12/site-packages/airflow/example_dags/example_display_name.py
[2025-03-09T18:02:57.462+0000] {processor.py:914} INFO - Processing file /home/airflow/.local/lib/python3.12/site-packages/airflow/example_dags/example_display_name.py for tasks to queue
[2025-03-09T18:02:57.466+0000] {logging_mixin.py:190} INFO - [2025-03-09T18:02:57.465+0000] {dagbag.py:588} INFO - Filling up the DagBag from /home/airflow/.local/lib/python3.12/site-packages/airflow/example_dags/example_display_name.py
[2025-03-09T18:02:57.474+0000] {processor.py:925} INFO - DAG(s) 'example_display_name' retrieved from /home/airflow/.local/lib/python3.12/site-packages/airflow/example_dags/example_display_name.py
[2025-03-09T18:02:57.494+0000] {logging_mixin.py:190} INFO - [2025-03-09T18:02:57.494+0000] {dag.py:3239} INFO - Sync 1 DAGs
[2025-03-09T18:02:57.507+0000] {logging_mixin.py:190} INFO - [2025-03-09T18:02:57.507+0000] {dag.py:4180} INFO - Setting next_dagrun for example_display_name to None, run_after=None
[2025-03-09T18:02:57.527+0000] {processor.py:208} INFO - Processing /home/airflow/.local/lib/python3.12/site-packages/airflow/example_dags/example_display_name.py took 0.072 seconds
[2025-03-09T18:03:28.581+0000] {processor.py:186} INFO - Started process (PID=2358) to work on /home/airflow/.local/lib/python3.12/site-packages/airflow/example_dags/example_display_name.py
[2025-03-09T18:03:28.583+0000] {processor.py:914} INFO - Processing file /home/airflow/.local/lib/python3.12/site-packages/airflow/example_dags/example_display_name.py for tasks to queue
[2025-03-09T18:03:28.586+0000] {logging_mixin.py:190} INFO - [2025-03-09T18:03:28.586+0000] {dagbag.py:588} INFO - Filling up the DagBag from /home/airflow/.local/lib/python3.12/site-packages/airflow/example_dags/example_display_name.py
[2025-03-09T18:03:28.596+0000] {processor.py:925} INFO - DAG(s) 'example_display_name' retrieved from /home/airflow/.local/lib/python3.12/site-packages/airflow/example_dags/example_display_name.py
[2025-03-09T18:03:28.632+0000] {logging_mixin.py:190} INFO - [2025-03-09T18:03:28.632+0000] {dag.py:3239} INFO - Sync 1 DAGs
[2025-03-09T18:03:28.656+0000] {logging_mixin.py:190} INFO - [2025-03-09T18:03:28.656+0000] {dag.py:4180} INFO - Setting next_dagrun for example_display_name to None, run_after=None
[2025-03-09T18:03:28.678+0000] {processor.py:208} INFO - Processing /home/airflow/.local/lib/python3.12/site-packages/airflow/example_dags/example_display_name.py took 0.103 seconds
[2025-03-09T18:04:00.278+0000] {processor.py:186} INFO - Started process (PID=2424) to work on /home/airflow/.local/lib/python3.12/site-packages/airflow/example_dags/example_display_name.py
[2025-03-09T18:04:00.279+0000] {processor.py:914} INFO - Processing file /home/airflow/.local/lib/python3.12/site-packages/airflow/example_dags/example_display_name.py for tasks to queue
[2025-03-09T18:04:00.282+0000] {logging_mixin.py:190} INFO - [2025-03-09T18:04:00.282+0000] {dagbag.py:588} INFO - Filling up the DagBag from /home/airflow/.local/lib/python3.12/site-packages/airflow/example_dags/example_display_name.py
[2025-03-09T18:04:00.289+0000] {processor.py:925} INFO - DAG(s) 'example_display_name' retrieved from /home/airflow/.local/lib/python3.12/site-packages/airflow/example_dags/example_display_name.py
[2025-03-09T18:04:00.309+0000] {logging_mixin.py:190} INFO - [2025-03-09T18:04:00.309+0000] {dag.py:3239} INFO - Sync 1 DAGs
[2025-03-09T18:04:00.322+0000] {logging_mixin.py:190} INFO - [2025-03-09T18:04:00.322+0000] {dag.py:4180} INFO - Setting next_dagrun for example_display_name to None, run_after=None
[2025-03-09T18:04:00.341+0000] {processor.py:208} INFO - Processing /home/airflow/.local/lib/python3.12/site-packages/airflow/example_dags/example_display_name.py took 0.068 seconds
[2025-03-09T18:04:33.762+0000] {processor.py:186} INFO - Started process (PID=2492) to work on /home/airflow/.local/lib/python3.12/site-packages/airflow/example_dags/example_display_name.py
[2025-03-09T18:04:33.763+0000] {processor.py:914} INFO - Processing file /home/airflow/.local/lib/python3.12/site-packages/airflow/example_dags/example_display_name.py for tasks to queue
[2025-03-09T18:04:33.766+0000] {logging_mixin.py:190} INFO - [2025-03-09T18:04:33.766+0000] {dagbag.py:588} INFO - Filling up the DagBag from /home/airflow/.local/lib/python3.12/site-packages/airflow/example_dags/example_display_name.py
[2025-03-09T18:04:33.774+0000] {processor.py:925} INFO - DAG(s) 'example_display_name' retrieved from /home/airflow/.local/lib/python3.12/site-packages/airflow/example_dags/example_display_name.py
[2025-03-09T18:04:33.794+0000] {logging_mixin.py:190} INFO - [2025-03-09T18:04:33.794+0000] {dag.py:3239} INFO - Sync 1 DAGs
[2025-03-09T18:04:33.808+0000] {logging_mixin.py:190} INFO - [2025-03-09T18:04:33.808+0000] {dag.py:4180} INFO - Setting next_dagrun for example_display_name to None, run_after=None
[2025-03-09T18:04:33.835+0000] {processor.py:208} INFO - Processing /home/airflow/.local/lib/python3.12/site-packages/airflow/example_dags/example_display_name.py took 0.079 seconds
[2025-03-09T18:05:05.609+0000] {processor.py:186} INFO - Started process (PID=2562) to work on /home/airflow/.local/lib/python3.12/site-packages/airflow/example_dags/example_display_name.py
[2025-03-09T18:05:05.610+0000] {processor.py:914} INFO - Processing file /home/airflow/.local/lib/python3.12/site-packages/airflow/example_dags/example_display_name.py for tasks to queue
[2025-03-09T18:05:05.619+0000] {logging_mixin.py:190} INFO - [2025-03-09T18:05:05.613+0000] {dagbag.py:588} INFO - Filling up the DagBag from /home/airflow/.local/lib/python3.12/site-packages/airflow/example_dags/example_display_name.py
[2025-03-09T18:05:05.638+0000] {processor.py:925} INFO - DAG(s) 'example_display_name' retrieved from /home/airflow/.local/lib/python3.12/site-packages/airflow/example_dags/example_display_name.py
[2025-03-09T18:05:05.684+0000] {logging_mixin.py:190} INFO - [2025-03-09T18:05:05.683+0000] {dag.py:3239} INFO - Sync 1 DAGs
[2025-03-09T18:05:05.745+0000] {logging_mixin.py:190} INFO - [2025-03-09T18:05:05.741+0000] {dag.py:4180} INFO - Setting next_dagrun for example_display_name to None, run_after=None
[2025-03-09T18:05:05.784+0000] {processor.py:208} INFO - Processing /home/airflow/.local/lib/python3.12/site-packages/airflow/example_dags/example_display_name.py took 0.183 seconds
[2025-03-09T18:05:37.181+0000] {processor.py:186} INFO - Started process (PID=2628) to work on /home/airflow/.local/lib/python3.12/site-packages/airflow/example_dags/example_display_name.py
[2025-03-09T18:05:37.183+0000] {processor.py:914} INFO - Processing file /home/airflow/.local/lib/python3.12/site-packages/airflow/example_dags/example_display_name.py for tasks to queue
[2025-03-09T18:05:37.187+0000] {logging_mixin.py:190} INFO - [2025-03-09T18:05:37.187+0000] {dagbag.py:588} INFO - Filling up the DagBag from /home/airflow/.local/lib/python3.12/site-packages/airflow/example_dags/example_display_name.py
[2025-03-09T18:05:37.197+0000] {processor.py:925} INFO - DAG(s) 'example_display_name' retrieved from /home/airflow/.local/lib/python3.12/site-packages/airflow/example_dags/example_display_name.py
[2025-03-09T18:05:37.224+0000] {logging_mixin.py:190} INFO - [2025-03-09T18:05:37.224+0000] {dag.py:3239} INFO - Sync 1 DAGs
[2025-03-09T18:05:37.243+0000] {logging_mixin.py:190} INFO - [2025-03-09T18:05:37.243+0000] {dag.py:4180} INFO - Setting next_dagrun for example_display_name to None, run_after=None
[2025-03-09T18:05:37.272+0000] {processor.py:208} INFO - Processing /home/airflow/.local/lib/python3.12/site-packages/airflow/example_dags/example_display_name.py took 0.100 seconds
[2025-03-09T18:06:08.271+0000] {processor.py:186} INFO - Started process (PID=2694) to work on /home/airflow/.local/lib/python3.12/site-packages/airflow/example_dags/example_display_name.py
[2025-03-09T18:06:08.273+0000] {processor.py:914} INFO - Processing file /home/airflow/.local/lib/python3.12/site-packages/airflow/example_dags/example_display_name.py for tasks to queue
[2025-03-09T18:06:08.276+0000] {logging_mixin.py:190} INFO - [2025-03-09T18:06:08.276+0000] {dagbag.py:588} INFO - Filling up the DagBag from /home/airflow/.local/lib/python3.12/site-packages/airflow/example_dags/example_display_name.py
[2025-03-09T18:06:08.284+0000] {processor.py:925} INFO - DAG(s) 'example_display_name' retrieved from /home/airflow/.local/lib/python3.12/site-packages/airflow/example_dags/example_display_name.py
[2025-03-09T18:06:08.303+0000] {logging_mixin.py:190} INFO - [2025-03-09T18:06:08.303+0000] {dag.py:3239} INFO - Sync 1 DAGs
[2025-03-09T18:06:08.317+0000] {logging_mixin.py:190} INFO - [2025-03-09T18:06:08.317+0000] {dag.py:4180} INFO - Setting next_dagrun for example_display_name to None, run_after=None
[2025-03-09T18:06:08.338+0000] {processor.py:208} INFO - Processing /home/airflow/.local/lib/python3.12/site-packages/airflow/example_dags/example_display_name.py took 0.073 seconds
[2025-03-09T18:06:39.492+0000] {processor.py:186} INFO - Started process (PID=2760) to work on /home/airflow/.local/lib/python3.12/site-packages/airflow/example_dags/example_display_name.py
[2025-03-09T18:06:39.493+0000] {processor.py:914} INFO - Processing file /home/airflow/.local/lib/python3.12/site-packages/airflow/example_dags/example_display_name.py for tasks to queue
[2025-03-09T18:06:39.495+0000] {logging_mixin.py:190} INFO - [2025-03-09T18:06:39.495+0000] {dagbag.py:588} INFO - Filling up the DagBag from /home/airflow/.local/lib/python3.12/site-packages/airflow/example_dags/example_display_name.py
[2025-03-09T18:06:39.507+0000] {processor.py:925} INFO - DAG(s) 'example_display_name' retrieved from /home/airflow/.local/lib/python3.12/site-packages/airflow/example_dags/example_display_name.py
[2025-03-09T18:06:39.526+0000] {logging_mixin.py:190} INFO - [2025-03-09T18:06:39.526+0000] {dag.py:3239} INFO - Sync 1 DAGs
[2025-03-09T18:06:39.543+0000] {logging_mixin.py:190} INFO - [2025-03-09T18:06:39.543+0000] {dag.py:4180} INFO - Setting next_dagrun for example_display_name to None, run_after=None
[2025-03-09T18:06:39.566+0000] {processor.py:208} INFO - Processing /home/airflow/.local/lib/python3.12/site-packages/airflow/example_dags/example_display_name.py took 0.078 seconds
[2025-03-09T18:07:10.961+0000] {processor.py:186} INFO - Started process (PID=2826) to work on /home/airflow/.local/lib/python3.12/site-packages/airflow/example_dags/example_display_name.py
[2025-03-09T18:07:10.963+0000] {processor.py:914} INFO - Processing file /home/airflow/.local/lib/python3.12/site-packages/airflow/example_dags/example_display_name.py for tasks to queue
[2025-03-09T18:07:10.968+0000] {logging_mixin.py:190} INFO - [2025-03-09T18:07:10.968+0000] {dagbag.py:588} INFO - Filling up the DagBag from /home/airflow/.local/lib/python3.12/site-packages/airflow/example_dags/example_display_name.py
[2025-03-09T18:07:10.976+0000] {processor.py:925} INFO - DAG(s) 'example_display_name' retrieved from /home/airflow/.local/lib/python3.12/site-packages/airflow/example_dags/example_display_name.py
[2025-03-09T18:07:11.001+0000] {logging_mixin.py:190} INFO - [2025-03-09T18:07:11.001+0000] {dag.py:3239} INFO - Sync 1 DAGs
[2025-03-09T18:07:11.017+0000] {logging_mixin.py:190} INFO - [2025-03-09T18:07:11.017+0000] {dag.py:4180} INFO - Setting next_dagrun for example_display_name to None, run_after=None
[2025-03-09T18:07:11.046+0000] {processor.py:208} INFO - Processing /home/airflow/.local/lib/python3.12/site-packages/airflow/example_dags/example_display_name.py took 0.092 seconds
[2025-03-09T18:07:42.590+0000] {processor.py:186} INFO - Started process (PID=2892) to work on /home/airflow/.local/lib/python3.12/site-packages/airflow/example_dags/example_display_name.py
[2025-03-09T18:07:42.591+0000] {processor.py:914} INFO - Processing file /home/airflow/.local/lib/python3.12/site-packages/airflow/example_dags/example_display_name.py for tasks to queue
[2025-03-09T18:07:42.597+0000] {logging_mixin.py:190} INFO - [2025-03-09T18:07:42.596+0000] {dagbag.py:588} INFO - Filling up the DagBag from /home/airflow/.local/lib/python3.12/site-packages/airflow/example_dags/example_display_name.py
[2025-03-09T18:07:42.606+0000] {processor.py:925} INFO - DAG(s) 'example_display_name' retrieved from /home/airflow/.local/lib/python3.12/site-packages/airflow/example_dags/example_display_name.py
[2025-03-09T18:07:42.625+0000] {logging_mixin.py:190} INFO - [2025-03-09T18:07:42.625+0000] {dag.py:3239} INFO - Sync 1 DAGs
[2025-03-09T18:07:42.643+0000] {logging_mixin.py:190} INFO - [2025-03-09T18:07:42.643+0000] {dag.py:4180} INFO - Setting next_dagrun for example_display_name to None, run_after=None
[2025-03-09T18:07:42.665+0000] {processor.py:208} INFO - Processing /home/airflow/.local/lib/python3.12/site-packages/airflow/example_dags/example_display_name.py took 0.080 seconds
[2025-03-09T18:08:14.108+0000] {processor.py:186} INFO - Started process (PID=2958) to work on /home/airflow/.local/lib/python3.12/site-packages/airflow/example_dags/example_display_name.py
[2025-03-09T18:08:14.109+0000] {processor.py:914} INFO - Processing file /home/airflow/.local/lib/python3.12/site-packages/airflow/example_dags/example_display_name.py for tasks to queue
[2025-03-09T18:08:14.113+0000] {logging_mixin.py:190} INFO - [2025-03-09T18:08:14.113+0000] {dagbag.py:588} INFO - Filling up the DagBag from /home/airflow/.local/lib/python3.12/site-packages/airflow/example_dags/example_display_name.py
[2025-03-09T18:08:14.121+0000] {processor.py:925} INFO - DAG(s) 'example_display_name' retrieved from /home/airflow/.local/lib/python3.12/site-packages/airflow/example_dags/example_display_name.py
[2025-03-09T18:08:14.141+0000] {logging_mixin.py:190} INFO - [2025-03-09T18:08:14.141+0000] {dag.py:3239} INFO - Sync 1 DAGs
[2025-03-09T18:08:14.158+0000] {logging_mixin.py:190} INFO - [2025-03-09T18:08:14.157+0000] {dag.py:4180} INFO - Setting next_dagrun for example_display_name to None, run_after=None
[2025-03-09T18:08:14.191+0000] {processor.py:208} INFO - Processing /home/airflow/.local/lib/python3.12/site-packages/airflow/example_dags/example_display_name.py took 0.091 seconds
[2025-03-09T18:08:45.520+0000] {processor.py:186} INFO - Started process (PID=3026) to work on /home/airflow/.local/lib/python3.12/site-packages/airflow/example_dags/example_display_name.py
[2025-03-09T18:08:45.521+0000] {processor.py:914} INFO - Processing file /home/airflow/.local/lib/python3.12/site-packages/airflow/example_dags/example_display_name.py for tasks to queue
[2025-03-09T18:08:45.525+0000] {logging_mixin.py:190} INFO - [2025-03-09T18:08:45.525+0000] {dagbag.py:588} INFO - Filling up the DagBag from /home/airflow/.local/lib/python3.12/site-packages/airflow/example_dags/example_display_name.py
[2025-03-09T18:08:45.532+0000] {processor.py:925} INFO - DAG(s) 'example_display_name' retrieved from /home/airflow/.local/lib/python3.12/site-packages/airflow/example_dags/example_display_name.py
[2025-03-09T18:08:45.551+0000] {logging_mixin.py:190} INFO - [2025-03-09T18:08:45.551+0000] {dag.py:3239} INFO - Sync 1 DAGs
[2025-03-09T18:08:45.565+0000] {logging_mixin.py:190} INFO - [2025-03-09T18:08:45.564+0000] {dag.py:4180} INFO - Setting next_dagrun for example_display_name to None, run_after=None
[2025-03-09T18:08:45.587+0000] {processor.py:208} INFO - Processing /home/airflow/.local/lib/python3.12/site-packages/airflow/example_dags/example_display_name.py took 0.072 seconds
[2025-03-09T18:09:16.833+0000] {processor.py:186} INFO - Started process (PID=3092) to work on /home/airflow/.local/lib/python3.12/site-packages/airflow/example_dags/example_display_name.py
[2025-03-09T18:09:16.834+0000] {processor.py:914} INFO - Processing file /home/airflow/.local/lib/python3.12/site-packages/airflow/example_dags/example_display_name.py for tasks to queue
[2025-03-09T18:09:16.838+0000] {logging_mixin.py:190} INFO - [2025-03-09T18:09:16.838+0000] {dagbag.py:588} INFO - Filling up the DagBag from /home/airflow/.local/lib/python3.12/site-packages/airflow/example_dags/example_display_name.py
[2025-03-09T18:09:16.845+0000] {processor.py:925} INFO - DAG(s) 'example_display_name' retrieved from /home/airflow/.local/lib/python3.12/site-packages/airflow/example_dags/example_display_name.py
[2025-03-09T18:09:16.864+0000] {logging_mixin.py:190} INFO - [2025-03-09T18:09:16.864+0000] {dag.py:3239} INFO - Sync 1 DAGs
[2025-03-09T18:09:16.878+0000] {logging_mixin.py:190} INFO - [2025-03-09T18:09:16.877+0000] {dag.py:4180} INFO - Setting next_dagrun for example_display_name to None, run_after=None
[2025-03-09T18:09:16.899+0000] {processor.py:208} INFO - Processing /home/airflow/.local/lib/python3.12/site-packages/airflow/example_dags/example_display_name.py took 0.070 seconds
[2025-03-09T18:09:47.835+0000] {processor.py:186} INFO - Started process (PID=3158) to work on /home/airflow/.local/lib/python3.12/site-packages/airflow/example_dags/example_display_name.py
[2025-03-09T18:09:47.837+0000] {processor.py:914} INFO - Processing file /home/airflow/.local/lib/python3.12/site-packages/airflow/example_dags/example_display_name.py for tasks to queue
[2025-03-09T18:09:47.841+0000] {logging_mixin.py:190} INFO - [2025-03-09T18:09:47.840+0000] {dagbag.py:588} INFO - Filling up the DagBag from /home/airflow/.local/lib/python3.12/site-packages/airflow/example_dags/example_display_name.py
[2025-03-09T18:09:47.848+0000] {processor.py:925} INFO - DAG(s) 'example_display_name' retrieved from /home/airflow/.local/lib/python3.12/site-packages/airflow/example_dags/example_display_name.py
[2025-03-09T18:09:47.872+0000] {logging_mixin.py:190} INFO - [2025-03-09T18:09:47.871+0000] {dag.py:3239} INFO - Sync 1 DAGs
[2025-03-09T18:09:47.886+0000] {logging_mixin.py:190} INFO - [2025-03-09T18:09:47.886+0000] {dag.py:4180} INFO - Setting next_dagrun for example_display_name to None, run_after=None
[2025-03-09T18:09:47.910+0000] {processor.py:208} INFO - Processing /home/airflow/.local/lib/python3.12/site-packages/airflow/example_dags/example_display_name.py took 0.080 seconds
[2025-03-09T18:10:19.347+0000] {processor.py:186} INFO - Started process (PID=3224) to work on /home/airflow/.local/lib/python3.12/site-packages/airflow/example_dags/example_display_name.py
[2025-03-09T18:10:19.348+0000] {processor.py:914} INFO - Processing file /home/airflow/.local/lib/python3.12/site-packages/airflow/example_dags/example_display_name.py for tasks to queue
[2025-03-09T18:10:19.351+0000] {logging_mixin.py:190} INFO - [2025-03-09T18:10:19.350+0000] {dagbag.py:588} INFO - Filling up the DagBag from /home/airflow/.local/lib/python3.12/site-packages/airflow/example_dags/example_display_name.py
[2025-03-09T18:10:19.358+0000] {processor.py:925} INFO - DAG(s) 'example_display_name' retrieved from /home/airflow/.local/lib/python3.12/site-packages/airflow/example_dags/example_display_name.py
[2025-03-09T18:10:19.378+0000] {logging_mixin.py:190} INFO - [2025-03-09T18:10:19.378+0000] {dag.py:3239} INFO - Sync 1 DAGs
[2025-03-09T18:10:19.395+0000] {logging_mixin.py:190} INFO - [2025-03-09T18:10:19.395+0000] {dag.py:4180} INFO - Setting next_dagrun for example_display_name to None, run_after=None
[2025-03-09T18:10:19.417+0000] {processor.py:208} INFO - Processing /home/airflow/.local/lib/python3.12/site-packages/airflow/example_dags/example_display_name.py took 0.075 seconds
[2025-03-09T18:10:50.757+0000] {processor.py:186} INFO - Started process (PID=3289) to work on /home/airflow/.local/lib/python3.12/site-packages/airflow/example_dags/example_display_name.py
[2025-03-09T18:10:50.758+0000] {processor.py:914} INFO - Processing file /home/airflow/.local/lib/python3.12/site-packages/airflow/example_dags/example_display_name.py for tasks to queue
[2025-03-09T18:10:50.762+0000] {logging_mixin.py:190} INFO - [2025-03-09T18:10:50.761+0000] {dagbag.py:588} INFO - Filling up the DagBag from /home/airflow/.local/lib/python3.12/site-packages/airflow/example_dags/example_display_name.py
[2025-03-09T18:10:50.768+0000] {processor.py:925} INFO - DAG(s) 'example_display_name' retrieved from /home/airflow/.local/lib/python3.12/site-packages/airflow/example_dags/example_display_name.py
[2025-03-09T18:10:50.787+0000] {logging_mixin.py:190} INFO - [2025-03-09T18:10:50.787+0000] {dag.py:3239} INFO - Sync 1 DAGs
[2025-03-09T18:10:50.800+0000] {logging_mixin.py:190} INFO - [2025-03-09T18:10:50.800+0000] {dag.py:4180} INFO - Setting next_dagrun for example_display_name to None, run_after=None
[2025-03-09T18:10:50.821+0000] {processor.py:208} INFO - Processing /home/airflow/.local/lib/python3.12/site-packages/airflow/example_dags/example_display_name.py took 0.069 seconds
[2025-03-09T18:11:22.205+0000] {processor.py:186} INFO - Started process (PID=3354) to work on /home/airflow/.local/lib/python3.12/site-packages/airflow/example_dags/example_display_name.py
[2025-03-09T18:11:22.206+0000] {processor.py:914} INFO - Processing file /home/airflow/.local/lib/python3.12/site-packages/airflow/example_dags/example_display_name.py for tasks to queue
[2025-03-09T18:11:22.210+0000] {logging_mixin.py:190} INFO - [2025-03-09T18:11:22.209+0000] {dagbag.py:588} INFO - Filling up the DagBag from /home/airflow/.local/lib/python3.12/site-packages/airflow/example_dags/example_display_name.py
[2025-03-09T18:11:22.218+0000] {processor.py:925} INFO - DAG(s) 'example_display_name' retrieved from /home/airflow/.local/lib/python3.12/site-packages/airflow/example_dags/example_display_name.py
[2025-03-09T18:11:22.239+0000] {logging_mixin.py:190} INFO - [2025-03-09T18:11:22.239+0000] {dag.py:3239} INFO - Sync 1 DAGs
[2025-03-09T18:11:22.254+0000] {logging_mixin.py:190} INFO - [2025-03-09T18:11:22.254+0000] {dag.py:4180} INFO - Setting next_dagrun for example_display_name to None, run_after=None
[2025-03-09T18:11:22.276+0000] {processor.py:208} INFO - Processing /home/airflow/.local/lib/python3.12/site-packages/airflow/example_dags/example_display_name.py took 0.075 seconds
[2025-03-09T18:11:53.936+0000] {processor.py:186} INFO - Started process (PID=3419) to work on /home/airflow/.local/lib/python3.12/site-packages/airflow/example_dags/example_display_name.py
[2025-03-09T18:11:53.937+0000] {processor.py:914} INFO - Processing file /home/airflow/.local/lib/python3.12/site-packages/airflow/example_dags/example_display_name.py for tasks to queue
[2025-03-09T18:11:53.939+0000] {logging_mixin.py:190} INFO - [2025-03-09T18:11:53.939+0000] {dagbag.py:588} INFO - Filling up the DagBag from /home/airflow/.local/lib/python3.12/site-packages/airflow/example_dags/example_display_name.py
[2025-03-09T18:11:53.947+0000] {processor.py:925} INFO - DAG(s) 'example_display_name' retrieved from /home/airflow/.local/lib/python3.12/site-packages/airflow/example_dags/example_display_name.py
[2025-03-09T18:11:53.967+0000] {logging_mixin.py:190} INFO - [2025-03-09T18:11:53.967+0000] {dag.py:3239} INFO - Sync 1 DAGs
[2025-03-09T18:11:53.981+0000] {logging_mixin.py:190} INFO - [2025-03-09T18:11:53.981+0000] {dag.py:4180} INFO - Setting next_dagrun for example_display_name to None, run_after=None
[2025-03-09T18:11:54.002+0000] {processor.py:208} INFO - Processing /home/airflow/.local/lib/python3.12/site-packages/airflow/example_dags/example_display_name.py took 0.071 seconds
[2025-03-09T18:12:24.679+0000] {processor.py:186} INFO - Started process (PID=3484) to work on /home/airflow/.local/lib/python3.12/site-packages/airflow/example_dags/example_display_name.py
[2025-03-09T18:12:24.680+0000] {processor.py:914} INFO - Processing file /home/airflow/.local/lib/python3.12/site-packages/airflow/example_dags/example_display_name.py for tasks to queue
[2025-03-09T18:12:24.682+0000] {logging_mixin.py:190} INFO - [2025-03-09T18:12:24.682+0000] {dagbag.py:588} INFO - Filling up the DagBag from /home/airflow/.local/lib/python3.12/site-packages/airflow/example_dags/example_display_name.py
[2025-03-09T18:12:24.690+0000] {processor.py:925} INFO - DAG(s) 'example_display_name' retrieved from /home/airflow/.local/lib/python3.12/site-packages/airflow/example_dags/example_display_name.py
[2025-03-09T18:12:24.711+0000] {logging_mixin.py:190} INFO - [2025-03-09T18:12:24.711+0000] {dag.py:3239} INFO - Sync 1 DAGs
[2025-03-09T18:12:24.732+0000] {logging_mixin.py:190} INFO - [2025-03-09T18:12:24.732+0000] {dag.py:4180} INFO - Setting next_dagrun for example_display_name to None, run_after=None
[2025-03-09T18:12:24.774+0000] {processor.py:208} INFO - Processing /home/airflow/.local/lib/python3.12/site-packages/airflow/example_dags/example_display_name.py took 0.104 seconds
[2025-03-09T18:12:56.260+0000] {processor.py:186} INFO - Started process (PID=3549) to work on /home/airflow/.local/lib/python3.12/site-packages/airflow/example_dags/example_display_name.py
[2025-03-09T18:12:56.261+0000] {processor.py:914} INFO - Processing file /home/airflow/.local/lib/python3.12/site-packages/airflow/example_dags/example_display_name.py for tasks to queue
[2025-03-09T18:12:56.264+0000] {logging_mixin.py:190} INFO - [2025-03-09T18:12:56.263+0000] {dagbag.py:588} INFO - Filling up the DagBag from /home/airflow/.local/lib/python3.12/site-packages/airflow/example_dags/example_display_name.py
[2025-03-09T18:12:56.270+0000] {processor.py:925} INFO - DAG(s) 'example_display_name' retrieved from /home/airflow/.local/lib/python3.12/site-packages/airflow/example_dags/example_display_name.py
[2025-03-09T18:12:56.289+0000] {logging_mixin.py:190} INFO - [2025-03-09T18:12:56.289+0000] {dag.py:3239} INFO - Sync 1 DAGs
[2025-03-09T18:12:56.302+0000] {logging_mixin.py:190} INFO - [2025-03-09T18:12:56.302+0000] {dag.py:4180} INFO - Setting next_dagrun for example_display_name to None, run_after=None
[2025-03-09T18:12:56.323+0000] {processor.py:208} INFO - Processing /home/airflow/.local/lib/python3.12/site-packages/airflow/example_dags/example_display_name.py took 0.068 seconds
[2025-03-09T18:13:27.186+0000] {processor.py:186} INFO - Started process (PID=3614) to work on /home/airflow/.local/lib/python3.12/site-packages/airflow/example_dags/example_display_name.py
[2025-03-09T18:13:27.187+0000] {processor.py:914} INFO - Processing file /home/airflow/.local/lib/python3.12/site-packages/airflow/example_dags/example_display_name.py for tasks to queue
[2025-03-09T18:13:27.190+0000] {logging_mixin.py:190} INFO - [2025-03-09T18:13:27.189+0000] {dagbag.py:588} INFO - Filling up the DagBag from /home/airflow/.local/lib/python3.12/site-packages/airflow/example_dags/example_display_name.py
[2025-03-09T18:13:27.198+0000] {processor.py:925} INFO - DAG(s) 'example_display_name' retrieved from /home/airflow/.local/lib/python3.12/site-packages/airflow/example_dags/example_display_name.py
[2025-03-09T18:13:27.220+0000] {logging_mixin.py:190} INFO - [2025-03-09T18:13:27.219+0000] {dag.py:3239} INFO - Sync 1 DAGs
[2025-03-09T18:13:27.235+0000] {logging_mixin.py:190} INFO - [2025-03-09T18:13:27.234+0000] {dag.py:4180} INFO - Setting next_dagrun for example_display_name to None, run_after=None
[2025-03-09T18:13:27.259+0000] {processor.py:208} INFO - Processing /home/airflow/.local/lib/python3.12/site-packages/airflow/example_dags/example_display_name.py took 0.079 seconds
[2025-03-09T18:14:00.971+0000] {processor.py:186} INFO - Started process (PID=3679) to work on /home/airflow/.local/lib/python3.12/site-packages/airflow/example_dags/example_display_name.py
[2025-03-09T18:14:00.972+0000] {processor.py:914} INFO - Processing file /home/airflow/.local/lib/python3.12/site-packages/airflow/example_dags/example_display_name.py for tasks to queue
[2025-03-09T18:14:00.975+0000] {logging_mixin.py:190} INFO - [2025-03-09T18:14:00.974+0000] {dagbag.py:588} INFO - Filling up the DagBag from /home/airflow/.local/lib/python3.12/site-packages/airflow/example_dags/example_display_name.py
[2025-03-09T18:14:00.985+0000] {processor.py:925} INFO - DAG(s) 'example_display_name' retrieved from /home/airflow/.local/lib/python3.12/site-packages/airflow/example_dags/example_display_name.py
[2025-03-09T18:14:01.007+0000] {logging_mixin.py:190} INFO - [2025-03-09T18:14:01.007+0000] {dag.py:3239} INFO - Sync 1 DAGs
[2025-03-09T18:14:01.236+0000] {logging_mixin.py:190} INFO - [2025-03-09T18:14:01.236+0000] {dag.py:4180} INFO - Setting next_dagrun for example_display_name to None, run_after=None
[2025-03-09T18:14:01.259+0000] {processor.py:208} INFO - Processing /home/airflow/.local/lib/python3.12/site-packages/airflow/example_dags/example_display_name.py took 0.294 seconds
[2025-03-09T18:14:31.826+0000] {processor.py:186} INFO - Started process (PID=3744) to work on /home/airflow/.local/lib/python3.12/site-packages/airflow/example_dags/example_display_name.py
[2025-03-09T18:14:31.828+0000] {processor.py:914} INFO - Processing file /home/airflow/.local/lib/python3.12/site-packages/airflow/example_dags/example_display_name.py for tasks to queue
[2025-03-09T18:14:31.832+0000] {logging_mixin.py:190} INFO - [2025-03-09T18:14:31.831+0000] {dagbag.py:588} INFO - Filling up the DagBag from /home/airflow/.local/lib/python3.12/site-packages/airflow/example_dags/example_display_name.py
[2025-03-09T18:14:31.847+0000] {processor.py:925} INFO - DAG(s) 'example_display_name' retrieved from /home/airflow/.local/lib/python3.12/site-packages/airflow/example_dags/example_display_name.py
[2025-03-09T18:14:31.884+0000] {logging_mixin.py:190} INFO - [2025-03-09T18:14:31.883+0000] {dag.py:3239} INFO - Sync 1 DAGs
[2025-03-09T18:14:31.914+0000] {logging_mixin.py:190} INFO - [2025-03-09T18:14:31.913+0000] {dag.py:4180} INFO - Setting next_dagrun for example_display_name to None, run_after=None
[2025-03-09T18:14:31.961+0000] {processor.py:208} INFO - Processing /home/airflow/.local/lib/python3.12/site-packages/airflow/example_dags/example_display_name.py took 0.147 seconds
[2025-03-09T18:15:02.737+0000] {processor.py:186} INFO - Started process (PID=3810) to work on /home/airflow/.local/lib/python3.12/site-packages/airflow/example_dags/example_display_name.py
[2025-03-09T18:15:02.738+0000] {processor.py:914} INFO - Processing file /home/airflow/.local/lib/python3.12/site-packages/airflow/example_dags/example_display_name.py for tasks to queue
[2025-03-09T18:15:02.741+0000] {logging_mixin.py:190} INFO - [2025-03-09T18:15:02.741+0000] {dagbag.py:588} INFO - Filling up the DagBag from /home/airflow/.local/lib/python3.12/site-packages/airflow/example_dags/example_display_name.py
[2025-03-09T18:15:02.749+0000] {processor.py:925} INFO - DAG(s) 'example_display_name' retrieved from /home/airflow/.local/lib/python3.12/site-packages/airflow/example_dags/example_display_name.py
[2025-03-09T18:15:02.769+0000] {logging_mixin.py:190} INFO - [2025-03-09T18:15:02.769+0000] {dag.py:3239} INFO - Sync 1 DAGs
[2025-03-09T18:15:02.786+0000] {logging_mixin.py:190} INFO - [2025-03-09T18:15:02.786+0000] {dag.py:4180} INFO - Setting next_dagrun for example_display_name to None, run_after=None
[2025-03-09T18:15:02.811+0000] {processor.py:208} INFO - Processing /home/airflow/.local/lib/python3.12/site-packages/airflow/example_dags/example_display_name.py took 0.079 seconds
[2025-03-09T18:15:33.303+0000] {processor.py:186} INFO - Started process (PID=3875) to work on /home/airflow/.local/lib/python3.12/site-packages/airflow/example_dags/example_display_name.py
[2025-03-09T18:15:33.304+0000] {processor.py:914} INFO - Processing file /home/airflow/.local/lib/python3.12/site-packages/airflow/example_dags/example_display_name.py for tasks to queue
[2025-03-09T18:15:33.307+0000] {logging_mixin.py:190} INFO - [2025-03-09T18:15:33.307+0000] {dagbag.py:588} INFO - Filling up the DagBag from /home/airflow/.local/lib/python3.12/site-packages/airflow/example_dags/example_display_name.py
[2025-03-09T18:15:33.314+0000] {processor.py:925} INFO - DAG(s) 'example_display_name' retrieved from /home/airflow/.local/lib/python3.12/site-packages/airflow/example_dags/example_display_name.py
[2025-03-09T18:15:33.336+0000] {logging_mixin.py:190} INFO - [2025-03-09T18:15:33.335+0000] {dag.py:3239} INFO - Sync 1 DAGs
[2025-03-09T18:15:33.349+0000] {logging_mixin.py:190} INFO - [2025-03-09T18:15:33.349+0000] {dag.py:4180} INFO - Setting next_dagrun for example_display_name to None, run_after=None
[2025-03-09T18:15:33.376+0000] {processor.py:208} INFO - Processing /home/airflow/.local/lib/python3.12/site-packages/airflow/example_dags/example_display_name.py took 0.078 seconds
[2025-03-09T18:16:08.376+0000] {processor.py:186} INFO - Started process (PID=3940) to work on /home/airflow/.local/lib/python3.12/site-packages/airflow/example_dags/example_display_name.py
[2025-03-09T18:16:08.378+0000] {processor.py:914} INFO - Processing file /home/airflow/.local/lib/python3.12/site-packages/airflow/example_dags/example_display_name.py for tasks to queue
[2025-03-09T18:16:08.381+0000] {logging_mixin.py:190} INFO - [2025-03-09T18:16:08.380+0000] {dagbag.py:588} INFO - Filling up the DagBag from /home/airflow/.local/lib/python3.12/site-packages/airflow/example_dags/example_display_name.py
[2025-03-09T18:16:08.388+0000] {processor.py:925} INFO - DAG(s) 'example_display_name' retrieved from /home/airflow/.local/lib/python3.12/site-packages/airflow/example_dags/example_display_name.py
[2025-03-09T18:16:08.410+0000] {logging_mixin.py:190} INFO - [2025-03-09T18:16:08.409+0000] {dag.py:3239} INFO - Sync 1 DAGs
[2025-03-09T18:16:08.424+0000] {logging_mixin.py:190} INFO - [2025-03-09T18:16:08.424+0000] {dag.py:4180} INFO - Setting next_dagrun for example_display_name to None, run_after=None
[2025-03-09T18:16:08.446+0000] {processor.py:208} INFO - Processing /home/airflow/.local/lib/python3.12/site-packages/airflow/example_dags/example_display_name.py took 0.076 seconds
[2025-03-09T18:16:39.057+0000] {processor.py:186} INFO - Started process (PID=4005) to work on /home/airflow/.local/lib/python3.12/site-packages/airflow/example_dags/example_display_name.py
[2025-03-09T18:16:39.058+0000] {processor.py:914} INFO - Processing file /home/airflow/.local/lib/python3.12/site-packages/airflow/example_dags/example_display_name.py for tasks to queue
[2025-03-09T18:16:39.061+0000] {logging_mixin.py:190} INFO - [2025-03-09T18:16:39.061+0000] {dagbag.py:588} INFO - Filling up the DagBag from /home/airflow/.local/lib/python3.12/site-packages/airflow/example_dags/example_display_name.py
[2025-03-09T18:16:39.067+0000] {processor.py:925} INFO - DAG(s) 'example_display_name' retrieved from /home/airflow/.local/lib/python3.12/site-packages/airflow/example_dags/example_display_name.py
[2025-03-09T18:16:39.086+0000] {logging_mixin.py:190} INFO - [2025-03-09T18:16:39.086+0000] {dag.py:3239} INFO - Sync 1 DAGs
[2025-03-09T18:16:39.100+0000] {logging_mixin.py:190} INFO - [2025-03-09T18:16:39.100+0000] {dag.py:4180} INFO - Setting next_dagrun for example_display_name to None, run_after=None
[2025-03-09T18:16:39.121+0000] {processor.py:208} INFO - Processing /home/airflow/.local/lib/python3.12/site-packages/airflow/example_dags/example_display_name.py took 0.069 seconds
[2025-03-09T18:17:10.385+0000] {processor.py:186} INFO - Started process (PID=4070) to work on /home/airflow/.local/lib/python3.12/site-packages/airflow/example_dags/example_display_name.py
[2025-03-09T18:17:10.386+0000] {processor.py:914} INFO - Processing file /home/airflow/.local/lib/python3.12/site-packages/airflow/example_dags/example_display_name.py for tasks to queue
[2025-03-09T18:17:10.389+0000] {logging_mixin.py:190} INFO - [2025-03-09T18:17:10.388+0000] {dagbag.py:588} INFO - Filling up the DagBag from /home/airflow/.local/lib/python3.12/site-packages/airflow/example_dags/example_display_name.py
[2025-03-09T18:17:10.398+0000] {processor.py:925} INFO - DAG(s) 'example_display_name' retrieved from /home/airflow/.local/lib/python3.12/site-packages/airflow/example_dags/example_display_name.py
[2025-03-09T18:17:10.421+0000] {logging_mixin.py:190} INFO - [2025-03-09T18:17:10.420+0000] {dag.py:3239} INFO - Sync 1 DAGs
[2025-03-09T18:17:10.435+0000] {logging_mixin.py:190} INFO - [2025-03-09T18:17:10.435+0000] {dag.py:4180} INFO - Setting next_dagrun for example_display_name to None, run_after=None
[2025-03-09T18:17:10.474+0000] {processor.py:208} INFO - Processing /home/airflow/.local/lib/python3.12/site-packages/airflow/example_dags/example_display_name.py took 0.098 seconds
[2025-03-09T18:17:41.029+0000] {processor.py:186} INFO - Started process (PID=4135) to work on /home/airflow/.local/lib/python3.12/site-packages/airflow/example_dags/example_display_name.py
[2025-03-09T18:17:41.030+0000] {processor.py:914} INFO - Processing file /home/airflow/.local/lib/python3.12/site-packages/airflow/example_dags/example_display_name.py for tasks to queue
[2025-03-09T18:17:41.033+0000] {logging_mixin.py:190} INFO - [2025-03-09T18:17:41.033+0000] {dagbag.py:588} INFO - Filling up the DagBag from /home/airflow/.local/lib/python3.12/site-packages/airflow/example_dags/example_display_name.py
[2025-03-09T18:17:41.039+0000] {processor.py:925} INFO - DAG(s) 'example_display_name' retrieved from /home/airflow/.local/lib/python3.12/site-packages/airflow/example_dags/example_display_name.py
[2025-03-09T18:17:41.064+0000] {logging_mixin.py:190} INFO - [2025-03-09T18:17:41.063+0000] {dag.py:3239} INFO - Sync 1 DAGs
[2025-03-09T18:17:41.081+0000] {logging_mixin.py:190} INFO - [2025-03-09T18:17:41.080+0000] {dag.py:4180} INFO - Setting next_dagrun for example_display_name to None, run_after=None
[2025-03-09T18:17:41.104+0000] {processor.py:208} INFO - Processing /home/airflow/.local/lib/python3.12/site-packages/airflow/example_dags/example_display_name.py took 0.079 seconds
[2025-03-09T18:18:11.523+0000] {processor.py:186} INFO - Started process (PID=4200) to work on /home/airflow/.local/lib/python3.12/site-packages/airflow/example_dags/example_display_name.py
[2025-03-09T18:18:11.524+0000] {processor.py:914} INFO - Processing file /home/airflow/.local/lib/python3.12/site-packages/airflow/example_dags/example_display_name.py for tasks to queue
[2025-03-09T18:18:11.527+0000] {logging_mixin.py:190} INFO - [2025-03-09T18:18:11.526+0000] {dagbag.py:588} INFO - Filling up the DagBag from /home/airflow/.local/lib/python3.12/site-packages/airflow/example_dags/example_display_name.py
[2025-03-09T18:18:11.534+0000] {processor.py:925} INFO - DAG(s) 'example_display_name' retrieved from /home/airflow/.local/lib/python3.12/site-packages/airflow/example_dags/example_display_name.py
[2025-03-09T18:18:11.552+0000] {logging_mixin.py:190} INFO - [2025-03-09T18:18:11.552+0000] {dag.py:3239} INFO - Sync 1 DAGs
[2025-03-09T18:18:11.566+0000] {logging_mixin.py:190} INFO - [2025-03-09T18:18:11.566+0000] {dag.py:4180} INFO - Setting next_dagrun for example_display_name to None, run_after=None
[2025-03-09T18:18:11.587+0000] {processor.py:208} INFO - Processing /home/airflow/.local/lib/python3.12/site-packages/airflow/example_dags/example_display_name.py took 0.069 seconds
[2025-03-09T18:18:42.740+0000] {processor.py:186} INFO - Started process (PID=4265) to work on /home/airflow/.local/lib/python3.12/site-packages/airflow/example_dags/example_display_name.py
[2025-03-09T18:18:42.741+0000] {processor.py:914} INFO - Processing file /home/airflow/.local/lib/python3.12/site-packages/airflow/example_dags/example_display_name.py for tasks to queue
[2025-03-09T18:18:42.743+0000] {logging_mixin.py:190} INFO - [2025-03-09T18:18:42.743+0000] {dagbag.py:588} INFO - Filling up the DagBag from /home/airflow/.local/lib/python3.12/site-packages/airflow/example_dags/example_display_name.py
[2025-03-09T18:18:42.750+0000] {processor.py:925} INFO - DAG(s) 'example_display_name' retrieved from /home/airflow/.local/lib/python3.12/site-packages/airflow/example_dags/example_display_name.py
[2025-03-09T18:18:42.768+0000] {logging_mixin.py:190} INFO - [2025-03-09T18:18:42.767+0000] {dag.py:3239} INFO - Sync 1 DAGs
[2025-03-09T18:18:42.781+0000] {logging_mixin.py:190} INFO - [2025-03-09T18:18:42.781+0000] {dag.py:4180} INFO - Setting next_dagrun for example_display_name to None, run_after=None
[2025-03-09T18:18:42.801+0000] {processor.py:208} INFO - Processing /home/airflow/.local/lib/python3.12/site-packages/airflow/example_dags/example_display_name.py took 0.067 seconds
