[2025-03-09T17:45:37.088+0000] {processor.py:186} INFO - Started process (PID=105) to work on /home/airflow/.local/lib/python3.12/site-packages/airflow/example_dags/example_skip_dag.py
[2025-03-09T17:45:37.090+0000] {processor.py:914} INFO - Processing file /home/airflow/.local/lib/python3.12/site-packages/airflow/example_dags/example_skip_dag.py for tasks to queue
[2025-03-09T17:45:37.093+0000] {logging_mixin.py:190} INFO - [2025-03-09T17:45:37.092+0000] {dagbag.py:588} INFO - Filling up the DagBag from /home/airflow/.local/lib/python3.12/site-packages/airflow/example_dags/example_skip_dag.py
[2025-03-09T17:45:37.102+0000] {processor.py:925} INFO - DAG(s) 'example_skip_dag' retrieved from /home/airflow/.local/lib/python3.12/site-packages/airflow/example_dags/example_skip_dag.py
[2025-03-09T17:45:37.129+0000] {logging_mixin.py:190} INFO - [2025-03-09T17:45:37.128+0000] {dag.py:3239} INFO - Sync 1 DAGs
[2025-03-09T17:45:37.158+0000] {logging_mixin.py:190} INFO - [2025-03-09T17:45:37.158+0000] {dag.py:4180} INFO - Setting next_dagrun for example_skip_dag to 2025-03-08 00:00:00+00:00, run_after=2025-03-09 00:00:00+00:00
[2025-03-09T17:45:37.184+0000] {processor.py:208} INFO - Processing /home/airflow/.local/lib/python3.12/site-packages/airflow/example_dags/example_skip_dag.py took 0.102 seconds
[2025-03-09T17:46:08.278+0000] {processor.py:186} INFO - Started process (PID=171) to work on /home/airflow/.local/lib/python3.12/site-packages/airflow/example_dags/example_skip_dag.py
[2025-03-09T17:46:08.279+0000] {processor.py:914} INFO - Processing file /home/airflow/.local/lib/python3.12/site-packages/airflow/example_dags/example_skip_dag.py for tasks to queue
[2025-03-09T17:46:08.282+0000] {logging_mixin.py:190} INFO - [2025-03-09T17:46:08.281+0000] {dagbag.py:588} INFO - Filling up the DagBag from /home/airflow/.local/lib/python3.12/site-packages/airflow/example_dags/example_skip_dag.py
[2025-03-09T17:46:08.290+0000] {processor.py:925} INFO - DAG(s) 'example_skip_dag' retrieved from /home/airflow/.local/lib/python3.12/site-packages/airflow/example_dags/example_skip_dag.py
[2025-03-09T17:46:08.310+0000] {logging_mixin.py:190} INFO - [2025-03-09T17:46:08.310+0000] {dag.py:3239} INFO - Sync 1 DAGs
[2025-03-09T17:46:08.332+0000] {logging_mixin.py:190} INFO - [2025-03-09T17:46:08.332+0000] {dag.py:4180} INFO - Setting next_dagrun for example_skip_dag to 2025-03-08 00:00:00+00:00, run_after=2025-03-09 00:00:00+00:00
[2025-03-09T17:46:08.354+0000] {processor.py:208} INFO - Processing /home/airflow/.local/lib/python3.12/site-packages/airflow/example_dags/example_skip_dag.py took 0.081 seconds
[2025-03-09T17:46:40.113+0000] {processor.py:186} INFO - Started process (PID=237) to work on /home/airflow/.local/lib/python3.12/site-packages/airflow/example_dags/example_skip_dag.py
[2025-03-09T17:46:40.115+0000] {processor.py:914} INFO - Processing file /home/airflow/.local/lib/python3.12/site-packages/airflow/example_dags/example_skip_dag.py for tasks to queue
[2025-03-09T17:46:40.124+0000] {logging_mixin.py:190} INFO - [2025-03-09T17:46:40.123+0000] {dagbag.py:588} INFO - Filling up the DagBag from /home/airflow/.local/lib/python3.12/site-packages/airflow/example_dags/example_skip_dag.py
[2025-03-09T17:46:40.136+0000] {processor.py:925} INFO - DAG(s) 'example_skip_dag' retrieved from /home/airflow/.local/lib/python3.12/site-packages/airflow/example_dags/example_skip_dag.py
[2025-03-09T17:46:40.166+0000] {logging_mixin.py:190} INFO - [2025-03-09T17:46:40.165+0000] {dag.py:3239} INFO - Sync 1 DAGs
[2025-03-09T17:46:40.201+0000] {logging_mixin.py:190} INFO - [2025-03-09T17:46:40.201+0000] {dag.py:4180} INFO - Setting next_dagrun for example_skip_dag to 2025-03-08 00:00:00+00:00, run_after=2025-03-09 00:00:00+00:00
[2025-03-09T17:46:40.239+0000] {processor.py:208} INFO - Processing /home/airflow/.local/lib/python3.12/site-packages/airflow/example_dags/example_skip_dag.py took 0.135 seconds
[2025-03-09T17:47:11.002+0000] {processor.py:186} INFO - Started process (PID=302) to work on /home/airflow/.local/lib/python3.12/site-packages/airflow/example_dags/example_skip_dag.py
[2025-03-09T17:47:11.003+0000] {processor.py:914} INFO - Processing file /home/airflow/.local/lib/python3.12/site-packages/airflow/example_dags/example_skip_dag.py for tasks to queue
[2025-03-09T17:47:11.006+0000] {logging_mixin.py:190} INFO - [2025-03-09T17:47:11.005+0000] {dagbag.py:588} INFO - Filling up the DagBag from /home/airflow/.local/lib/python3.12/site-packages/airflow/example_dags/example_skip_dag.py
[2025-03-09T17:47:11.019+0000] {processor.py:925} INFO - DAG(s) 'example_skip_dag' retrieved from /home/airflow/.local/lib/python3.12/site-packages/airflow/example_dags/example_skip_dag.py
[2025-03-09T17:47:11.054+0000] {logging_mixin.py:190} INFO - [2025-03-09T17:47:11.054+0000] {dag.py:3239} INFO - Sync 1 DAGs
[2025-03-09T17:47:11.090+0000] {logging_mixin.py:190} INFO - [2025-03-09T17:47:11.089+0000] {dag.py:4180} INFO - Setting next_dagrun for example_skip_dag to 2025-03-08 00:00:00+00:00, run_after=2025-03-09 00:00:00+00:00
[2025-03-09T17:47:11.129+0000] {processor.py:208} INFO - Processing /home/airflow/.local/lib/python3.12/site-packages/airflow/example_dags/example_skip_dag.py took 0.136 seconds
[2025-03-09T17:47:43.967+0000] {processor.py:186} INFO - Started process (PID=367) to work on /home/airflow/.local/lib/python3.12/site-packages/airflow/example_dags/example_skip_dag.py
[2025-03-09T17:47:43.969+0000] {processor.py:914} INFO - Processing file /home/airflow/.local/lib/python3.12/site-packages/airflow/example_dags/example_skip_dag.py for tasks to queue
[2025-03-09T17:47:43.972+0000] {logging_mixin.py:190} INFO - [2025-03-09T17:47:43.971+0000] {dagbag.py:588} INFO - Filling up the DagBag from /home/airflow/.local/lib/python3.12/site-packages/airflow/example_dags/example_skip_dag.py
[2025-03-09T17:47:43.983+0000] {processor.py:925} INFO - DAG(s) 'example_skip_dag' retrieved from /home/airflow/.local/lib/python3.12/site-packages/airflow/example_dags/example_skip_dag.py
[2025-03-09T17:47:44.017+0000] {logging_mixin.py:190} INFO - [2025-03-09T17:47:44.017+0000] {dag.py:3239} INFO - Sync 1 DAGs
[2025-03-09T17:47:44.045+0000] {logging_mixin.py:190} INFO - [2025-03-09T17:47:44.044+0000] {dag.py:4180} INFO - Setting next_dagrun for example_skip_dag to 2025-03-08 00:00:00+00:00, run_after=2025-03-09 00:00:00+00:00
[2025-03-09T17:47:44.073+0000] {processor.py:208} INFO - Processing /home/airflow/.local/lib/python3.12/site-packages/airflow/example_dags/example_skip_dag.py took 0.113 seconds
[2025-03-09T17:48:14.951+0000] {processor.py:186} INFO - Started process (PID=432) to work on /home/airflow/.local/lib/python3.12/site-packages/airflow/example_dags/example_skip_dag.py
[2025-03-09T17:48:14.953+0000] {processor.py:914} INFO - Processing file /home/airflow/.local/lib/python3.12/site-packages/airflow/example_dags/example_skip_dag.py for tasks to queue
[2025-03-09T17:48:14.964+0000] {logging_mixin.py:190} INFO - [2025-03-09T17:48:14.958+0000] {dagbag.py:588} INFO - Filling up the DagBag from /home/airflow/.local/lib/python3.12/site-packages/airflow/example_dags/example_skip_dag.py
[2025-03-09T17:48:14.981+0000] {processor.py:925} INFO - DAG(s) 'example_skip_dag' retrieved from /home/airflow/.local/lib/python3.12/site-packages/airflow/example_dags/example_skip_dag.py
[2025-03-09T17:48:15.014+0000] {logging_mixin.py:190} INFO - [2025-03-09T17:48:15.014+0000] {dag.py:3239} INFO - Sync 1 DAGs
[2025-03-09T17:48:15.038+0000] {logging_mixin.py:190} INFO - [2025-03-09T17:48:15.037+0000] {dag.py:4180} INFO - Setting next_dagrun for example_skip_dag to 2025-03-08 00:00:00+00:00, run_after=2025-03-09 00:00:00+00:00
[2025-03-09T17:48:15.070+0000] {processor.py:208} INFO - Processing /home/airflow/.local/lib/python3.12/site-packages/airflow/example_dags/example_skip_dag.py took 0.125 seconds
[2025-03-09T17:48:46.331+0000] {processor.py:186} INFO - Started process (PID=497) to work on /home/airflow/.local/lib/python3.12/site-packages/airflow/example_dags/example_skip_dag.py
[2025-03-09T17:48:46.332+0000] {processor.py:914} INFO - Processing file /home/airflow/.local/lib/python3.12/site-packages/airflow/example_dags/example_skip_dag.py for tasks to queue
[2025-03-09T17:48:46.335+0000] {logging_mixin.py:190} INFO - [2025-03-09T17:48:46.335+0000] {dagbag.py:588} INFO - Filling up the DagBag from /home/airflow/.local/lib/python3.12/site-packages/airflow/example_dags/example_skip_dag.py
[2025-03-09T17:48:46.345+0000] {processor.py:925} INFO - DAG(s) 'example_skip_dag' retrieved from /home/airflow/.local/lib/python3.12/site-packages/airflow/example_dags/example_skip_dag.py
[2025-03-09T17:48:46.365+0000] {logging_mixin.py:190} INFO - [2025-03-09T17:48:46.365+0000] {dag.py:3239} INFO - Sync 1 DAGs
[2025-03-09T17:48:46.389+0000] {logging_mixin.py:190} INFO - [2025-03-09T17:48:46.388+0000] {dag.py:4180} INFO - Setting next_dagrun for example_skip_dag to 2025-03-08 00:00:00+00:00, run_after=2025-03-09 00:00:00+00:00
[2025-03-09T17:48:46.410+0000] {processor.py:208} INFO - Processing /home/airflow/.local/lib/python3.12/site-packages/airflow/example_dags/example_skip_dag.py took 0.084 seconds
[2025-03-09T17:49:18.203+0000] {processor.py:186} INFO - Started process (PID=562) to work on /home/airflow/.local/lib/python3.12/site-packages/airflow/example_dags/example_skip_dag.py
[2025-03-09T17:49:18.204+0000] {processor.py:914} INFO - Processing file /home/airflow/.local/lib/python3.12/site-packages/airflow/example_dags/example_skip_dag.py for tasks to queue
[2025-03-09T17:49:18.206+0000] {logging_mixin.py:190} INFO - [2025-03-09T17:49:18.206+0000] {dagbag.py:588} INFO - Filling up the DagBag from /home/airflow/.local/lib/python3.12/site-packages/airflow/example_dags/example_skip_dag.py
[2025-03-09T17:49:18.216+0000] {processor.py:925} INFO - DAG(s) 'example_skip_dag' retrieved from /home/airflow/.local/lib/python3.12/site-packages/airflow/example_dags/example_skip_dag.py
[2025-03-09T17:49:18.237+0000] {logging_mixin.py:190} INFO - [2025-03-09T17:49:18.237+0000] {dag.py:3239} INFO - Sync 1 DAGs
[2025-03-09T17:49:18.262+0000] {logging_mixin.py:190} INFO - [2025-03-09T17:49:18.261+0000] {dag.py:4180} INFO - Setting next_dagrun for example_skip_dag to 2025-03-08 00:00:00+00:00, run_after=2025-03-09 00:00:00+00:00
[2025-03-09T17:49:18.285+0000] {processor.py:208} INFO - Processing /home/airflow/.local/lib/python3.12/site-packages/airflow/example_dags/example_skip_dag.py took 0.088 seconds
[2025-03-09T17:49:51.536+0000] {processor.py:186} INFO - Started process (PID=627) to work on /home/airflow/.local/lib/python3.12/site-packages/airflow/example_dags/example_skip_dag.py
[2025-03-09T17:49:51.537+0000] {processor.py:914} INFO - Processing file /home/airflow/.local/lib/python3.12/site-packages/airflow/example_dags/example_skip_dag.py for tasks to queue
[2025-03-09T17:49:51.539+0000] {logging_mixin.py:190} INFO - [2025-03-09T17:49:51.539+0000] {dagbag.py:588} INFO - Filling up the DagBag from /home/airflow/.local/lib/python3.12/site-packages/airflow/example_dags/example_skip_dag.py
[2025-03-09T17:49:51.547+0000] {processor.py:925} INFO - DAG(s) 'example_skip_dag' retrieved from /home/airflow/.local/lib/python3.12/site-packages/airflow/example_dags/example_skip_dag.py
[2025-03-09T17:49:51.574+0000] {logging_mixin.py:190} INFO - [2025-03-09T17:49:51.574+0000] {dag.py:3239} INFO - Sync 1 DAGs
[2025-03-09T17:49:51.605+0000] {logging_mixin.py:190} INFO - [2025-03-09T17:49:51.605+0000] {dag.py:4180} INFO - Setting next_dagrun for example_skip_dag to 2025-03-08 00:00:00+00:00, run_after=2025-03-09 00:00:00+00:00
[2025-03-09T17:49:51.645+0000] {processor.py:208} INFO - Processing /home/airflow/.local/lib/python3.12/site-packages/airflow/example_dags/example_skip_dag.py took 0.115 seconds
[2025-03-09T17:50:22.727+0000] {processor.py:186} INFO - Started process (PID=693) to work on /home/airflow/.local/lib/python3.12/site-packages/airflow/example_dags/example_skip_dag.py
[2025-03-09T17:50:22.728+0000] {processor.py:914} INFO - Processing file /home/airflow/.local/lib/python3.12/site-packages/airflow/example_dags/example_skip_dag.py for tasks to queue
[2025-03-09T17:50:22.737+0000] {logging_mixin.py:190} INFO - [2025-03-09T17:50:22.737+0000] {dagbag.py:588} INFO - Filling up the DagBag from /home/airflow/.local/lib/python3.12/site-packages/airflow/example_dags/example_skip_dag.py
[2025-03-09T17:50:22.750+0000] {processor.py:925} INFO - DAG(s) 'example_skip_dag' retrieved from /home/airflow/.local/lib/python3.12/site-packages/airflow/example_dags/example_skip_dag.py
[2025-03-09T17:50:22.808+0000] {logging_mixin.py:190} INFO - [2025-03-09T17:50:22.807+0000] {dag.py:3239} INFO - Sync 1 DAGs
[2025-03-09T17:50:22.864+0000] {logging_mixin.py:190} INFO - [2025-03-09T17:50:22.864+0000] {dag.py:4180} INFO - Setting next_dagrun for example_skip_dag to 2025-03-08 00:00:00+00:00, run_after=2025-03-09 00:00:00+00:00
[2025-03-09T17:50:22.891+0000] {processor.py:208} INFO - Processing /home/airflow/.local/lib/python3.12/site-packages/airflow/example_dags/example_skip_dag.py took 0.170 seconds
[2025-03-09T17:50:54.665+0000] {processor.py:186} INFO - Started process (PID=758) to work on /home/airflow/.local/lib/python3.12/site-packages/airflow/example_dags/example_skip_dag.py
[2025-03-09T17:50:54.666+0000] {processor.py:914} INFO - Processing file /home/airflow/.local/lib/python3.12/site-packages/airflow/example_dags/example_skip_dag.py for tasks to queue
[2025-03-09T17:50:54.668+0000] {logging_mixin.py:190} INFO - [2025-03-09T17:50:54.668+0000] {dagbag.py:588} INFO - Filling up the DagBag from /home/airflow/.local/lib/python3.12/site-packages/airflow/example_dags/example_skip_dag.py
[2025-03-09T17:50:54.676+0000] {processor.py:925} INFO - DAG(s) 'example_skip_dag' retrieved from /home/airflow/.local/lib/python3.12/site-packages/airflow/example_dags/example_skip_dag.py
[2025-03-09T17:50:54.696+0000] {logging_mixin.py:190} INFO - [2025-03-09T17:50:54.696+0000] {dag.py:3239} INFO - Sync 1 DAGs
[2025-03-09T17:50:54.723+0000] {logging_mixin.py:190} INFO - [2025-03-09T17:50:54.722+0000] {dag.py:4180} INFO - Setting next_dagrun for example_skip_dag to 2025-03-08 00:00:00+00:00, run_after=2025-03-09 00:00:00+00:00
[2025-03-09T17:50:54.745+0000] {processor.py:208} INFO - Processing /home/airflow/.local/lib/python3.12/site-packages/airflow/example_dags/example_skip_dag.py took 0.085 seconds
[2025-03-09T17:51:24.903+0000] {processor.py:186} INFO - Started process (PID=824) to work on /home/airflow/.local/lib/python3.12/site-packages/airflow/example_dags/example_skip_dag.py
[2025-03-09T17:51:24.904+0000] {processor.py:914} INFO - Processing file /home/airflow/.local/lib/python3.12/site-packages/airflow/example_dags/example_skip_dag.py for tasks to queue
[2025-03-09T17:51:24.906+0000] {logging_mixin.py:190} INFO - [2025-03-09T17:51:24.906+0000] {dagbag.py:588} INFO - Filling up the DagBag from /home/airflow/.local/lib/python3.12/site-packages/airflow/example_dags/example_skip_dag.py
[2025-03-09T17:51:24.914+0000] {processor.py:925} INFO - DAG(s) 'example_skip_dag' retrieved from /home/airflow/.local/lib/python3.12/site-packages/airflow/example_dags/example_skip_dag.py
[2025-03-09T17:51:24.937+0000] {logging_mixin.py:190} INFO - [2025-03-09T17:51:24.937+0000] {dag.py:3239} INFO - Sync 1 DAGs
[2025-03-09T17:51:24.962+0000] {logging_mixin.py:190} INFO - [2025-03-09T17:51:24.962+0000] {dag.py:4180} INFO - Setting next_dagrun for example_skip_dag to 2025-03-08 00:00:00+00:00, run_after=2025-03-09 00:00:00+00:00
[2025-03-09T17:51:24.992+0000] {processor.py:208} INFO - Processing /home/airflow/.local/lib/python3.12/site-packages/airflow/example_dags/example_skip_dag.py took 0.094 seconds
[2025-03-09T17:51:56.803+0000] {processor.py:186} INFO - Started process (PID=890) to work on /home/airflow/.local/lib/python3.12/site-packages/airflow/example_dags/example_skip_dag.py
[2025-03-09T17:51:56.805+0000] {processor.py:914} INFO - Processing file /home/airflow/.local/lib/python3.12/site-packages/airflow/example_dags/example_skip_dag.py for tasks to queue
[2025-03-09T17:51:56.808+0000] {logging_mixin.py:190} INFO - [2025-03-09T17:51:56.808+0000] {dagbag.py:588} INFO - Filling up the DagBag from /home/airflow/.local/lib/python3.12/site-packages/airflow/example_dags/example_skip_dag.py
[2025-03-09T17:51:56.816+0000] {processor.py:925} INFO - DAG(s) 'example_skip_dag' retrieved from /home/airflow/.local/lib/python3.12/site-packages/airflow/example_dags/example_skip_dag.py
[2025-03-09T17:51:56.874+0000] {logging_mixin.py:190} INFO - [2025-03-09T17:51:56.874+0000] {dag.py:3239} INFO - Sync 1 DAGs
[2025-03-09T17:51:56.902+0000] {logging_mixin.py:190} INFO - [2025-03-09T17:51:56.902+0000] {dag.py:4180} INFO - Setting next_dagrun for example_skip_dag to 2025-03-08 00:00:00+00:00, run_after=2025-03-09 00:00:00+00:00
[2025-03-09T17:51:56.922+0000] {processor.py:208} INFO - Processing /home/airflow/.local/lib/python3.12/site-packages/airflow/example_dags/example_skip_dag.py took 0.124 seconds
[2025-03-09T17:52:27.655+0000] {processor.py:186} INFO - Started process (PID=956) to work on /home/airflow/.local/lib/python3.12/site-packages/airflow/example_dags/example_skip_dag.py
[2025-03-09T17:52:27.656+0000] {processor.py:914} INFO - Processing file /home/airflow/.local/lib/python3.12/site-packages/airflow/example_dags/example_skip_dag.py for tasks to queue
[2025-03-09T17:52:27.658+0000] {logging_mixin.py:190} INFO - [2025-03-09T17:52:27.658+0000] {dagbag.py:588} INFO - Filling up the DagBag from /home/airflow/.local/lib/python3.12/site-packages/airflow/example_dags/example_skip_dag.py
[2025-03-09T17:52:27.666+0000] {processor.py:925} INFO - DAG(s) 'example_skip_dag' retrieved from /home/airflow/.local/lib/python3.12/site-packages/airflow/example_dags/example_skip_dag.py
[2025-03-09T17:52:27.691+0000] {logging_mixin.py:190} INFO - [2025-03-09T17:52:27.691+0000] {dag.py:3239} INFO - Sync 1 DAGs
[2025-03-09T17:52:27.714+0000] {logging_mixin.py:190} INFO - [2025-03-09T17:52:27.714+0000] {dag.py:4180} INFO - Setting next_dagrun for example_skip_dag to 2025-03-08 00:00:00+00:00, run_after=2025-03-09 00:00:00+00:00
[2025-03-09T17:52:27.738+0000] {processor.py:208} INFO - Processing /home/airflow/.local/lib/python3.12/site-packages/airflow/example_dags/example_skip_dag.py took 0.090 seconds
[2025-03-09T17:52:58.718+0000] {processor.py:186} INFO - Started process (PID=1022) to work on /home/airflow/.local/lib/python3.12/site-packages/airflow/example_dags/example_skip_dag.py
[2025-03-09T17:52:58.719+0000] {processor.py:914} INFO - Processing file /home/airflow/.local/lib/python3.12/site-packages/airflow/example_dags/example_skip_dag.py for tasks to queue
[2025-03-09T17:52:58.722+0000] {logging_mixin.py:190} INFO - [2025-03-09T17:52:58.721+0000] {dagbag.py:588} INFO - Filling up the DagBag from /home/airflow/.local/lib/python3.12/site-packages/airflow/example_dags/example_skip_dag.py
[2025-03-09T17:52:58.729+0000] {processor.py:925} INFO - DAG(s) 'example_skip_dag' retrieved from /home/airflow/.local/lib/python3.12/site-packages/airflow/example_dags/example_skip_dag.py
[2025-03-09T17:52:58.752+0000] {logging_mixin.py:190} INFO - [2025-03-09T17:52:58.752+0000] {dag.py:3239} INFO - Sync 1 DAGs
[2025-03-09T17:52:58.776+0000] {logging_mixin.py:190} INFO - [2025-03-09T17:52:58.776+0000] {dag.py:4180} INFO - Setting next_dagrun for example_skip_dag to 2025-03-08 00:00:00+00:00, run_after=2025-03-09 00:00:00+00:00
[2025-03-09T17:52:58.798+0000] {processor.py:208} INFO - Processing /home/airflow/.local/lib/python3.12/site-packages/airflow/example_dags/example_skip_dag.py took 0.085 seconds
[2025-03-09T17:53:30.127+0000] {processor.py:186} INFO - Started process (PID=1088) to work on /home/airflow/.local/lib/python3.12/site-packages/airflow/example_dags/example_skip_dag.py
[2025-03-09T17:53:30.129+0000] {processor.py:914} INFO - Processing file /home/airflow/.local/lib/python3.12/site-packages/airflow/example_dags/example_skip_dag.py for tasks to queue
[2025-03-09T17:53:30.131+0000] {logging_mixin.py:190} INFO - [2025-03-09T17:53:30.131+0000] {dagbag.py:588} INFO - Filling up the DagBag from /home/airflow/.local/lib/python3.12/site-packages/airflow/example_dags/example_skip_dag.py
[2025-03-09T17:53:30.139+0000] {processor.py:925} INFO - DAG(s) 'example_skip_dag' retrieved from /home/airflow/.local/lib/python3.12/site-packages/airflow/example_dags/example_skip_dag.py
[2025-03-09T17:53:30.162+0000] {logging_mixin.py:190} INFO - [2025-03-09T17:53:30.162+0000] {dag.py:3239} INFO - Sync 1 DAGs
[2025-03-09T17:53:30.190+0000] {logging_mixin.py:190} INFO - [2025-03-09T17:53:30.189+0000] {dag.py:4180} INFO - Setting next_dagrun for example_skip_dag to 2025-03-08 00:00:00+00:00, run_after=2025-03-09 00:00:00+00:00
[2025-03-09T17:53:30.214+0000] {processor.py:208} INFO - Processing /home/airflow/.local/lib/python3.12/site-packages/airflow/example_dags/example_skip_dag.py took 0.091 seconds
[2025-03-09T17:54:02.519+0000] {processor.py:186} INFO - Started process (PID=1154) to work on /home/airflow/.local/lib/python3.12/site-packages/airflow/example_dags/example_skip_dag.py
[2025-03-09T17:54:02.520+0000] {processor.py:914} INFO - Processing file /home/airflow/.local/lib/python3.12/site-packages/airflow/example_dags/example_skip_dag.py for tasks to queue
[2025-03-09T17:54:02.524+0000] {logging_mixin.py:190} INFO - [2025-03-09T17:54:02.523+0000] {dagbag.py:588} INFO - Filling up the DagBag from /home/airflow/.local/lib/python3.12/site-packages/airflow/example_dags/example_skip_dag.py
[2025-03-09T17:54:02.536+0000] {processor.py:925} INFO - DAG(s) 'example_skip_dag' retrieved from /home/airflow/.local/lib/python3.12/site-packages/airflow/example_dags/example_skip_dag.py
[2025-03-09T17:54:02.560+0000] {logging_mixin.py:190} INFO - [2025-03-09T17:54:02.559+0000] {dag.py:3239} INFO - Sync 1 DAGs
[2025-03-09T17:54:02.586+0000] {logging_mixin.py:190} INFO - [2025-03-09T17:54:02.586+0000] {dag.py:4180} INFO - Setting next_dagrun for example_skip_dag to 2025-03-08 00:00:00+00:00, run_after=2025-03-09 00:00:00+00:00
[2025-03-09T17:54:02.608+0000] {processor.py:208} INFO - Processing /home/airflow/.local/lib/python3.12/site-packages/airflow/example_dags/example_skip_dag.py took 0.099 seconds
