[2025-03-09T17:45:35.896+0000] {processor.py:186} INFO - Started process (PID=92) to work on /home/airflow/.local/lib/python3.12/site-packages/airflow/example_dags/example_latest_only.py
[2025-03-09T17:45:35.897+0000] {processor.py:914} INFO - Processing file /home/airflow/.local/lib/python3.12/site-packages/airflow/example_dags/example_latest_only.py for tasks to queue
[2025-03-09T17:45:35.901+0000] {logging_mixin.py:190} INFO - [2025-03-09T17:45:35.900+0000] {dagbag.py:588} INFO - Filling up the DagBag from /home/airflow/.local/lib/python3.12/site-packages/airflow/example_dags/example_latest_only.py
[2025-03-09T17:45:35.909+0000] {processor.py:925} INFO - DAG(s) 'latest_only' retrieved from /home/airflow/.local/lib/python3.12/site-packages/airflow/example_dags/example_latest_only.py
[2025-03-09T17:45:35.931+0000] {logging_mixin.py:190} INFO - [2025-03-09T17:45:35.931+0000] {dag.py:3239} INFO - Sync 1 DAGs
[2025-03-09T17:45:35.960+0000] {logging_mixin.py:190} INFO - [2025-03-09T17:45:35.960+0000] {dag.py:4180} INFO - Setting next_dagrun for latest_only to 2025-03-09 12:00:00+00:00, run_after=2025-03-09 16:00:00+00:00
[2025-03-09T17:45:35.994+0000] {processor.py:208} INFO - Processing /home/airflow/.local/lib/python3.12/site-packages/airflow/example_dags/example_latest_only.py took 0.106 seconds
[2025-03-09T17:46:07.371+0000] {processor.py:186} INFO - Started process (PID=158) to work on /home/airflow/.local/lib/python3.12/site-packages/airflow/example_dags/example_latest_only.py
[2025-03-09T17:46:07.372+0000] {processor.py:914} INFO - Processing file /home/airflow/.local/lib/python3.12/site-packages/airflow/example_dags/example_latest_only.py for tasks to queue
[2025-03-09T17:46:07.375+0000] {logging_mixin.py:190} INFO - [2025-03-09T17:46:07.374+0000] {dagbag.py:588} INFO - Filling up the DagBag from /home/airflow/.local/lib/python3.12/site-packages/airflow/example_dags/example_latest_only.py
[2025-03-09T17:46:07.381+0000] {processor.py:925} INFO - DAG(s) 'latest_only' retrieved from /home/airflow/.local/lib/python3.12/site-packages/airflow/example_dags/example_latest_only.py
[2025-03-09T17:46:07.400+0000] {logging_mixin.py:190} INFO - [2025-03-09T17:46:07.400+0000] {dag.py:3239} INFO - Sync 1 DAGs
[2025-03-09T17:46:07.421+0000] {logging_mixin.py:190} INFO - [2025-03-09T17:46:07.420+0000] {dag.py:4180} INFO - Setting next_dagrun for latest_only to 2025-03-09 12:00:00+00:00, run_after=2025-03-09 16:00:00+00:00
[2025-03-09T17:46:07.441+0000] {processor.py:208} INFO - Processing /home/airflow/.local/lib/python3.12/site-packages/airflow/example_dags/example_latest_only.py took 0.075 seconds
[2025-03-09T17:46:38.887+0000] {processor.py:186} INFO - Started process (PID=224) to work on /home/airflow/.local/lib/python3.12/site-packages/airflow/example_dags/example_latest_only.py
[2025-03-09T17:46:38.888+0000] {processor.py:914} INFO - Processing file /home/airflow/.local/lib/python3.12/site-packages/airflow/example_dags/example_latest_only.py for tasks to queue
[2025-03-09T17:46:38.891+0000] {logging_mixin.py:190} INFO - [2025-03-09T17:46:38.891+0000] {dagbag.py:588} INFO - Filling up the DagBag from /home/airflow/.local/lib/python3.12/site-packages/airflow/example_dags/example_latest_only.py
[2025-03-09T17:46:38.899+0000] {processor.py:925} INFO - DAG(s) 'latest_only' retrieved from /home/airflow/.local/lib/python3.12/site-packages/airflow/example_dags/example_latest_only.py
[2025-03-09T17:46:38.922+0000] {logging_mixin.py:190} INFO - [2025-03-09T17:46:38.922+0000] {dag.py:3239} INFO - Sync 1 DAGs
[2025-03-09T17:46:38.947+0000] {logging_mixin.py:190} INFO - [2025-03-09T17:46:38.947+0000] {dag.py:4180} INFO - Setting next_dagrun for latest_only to 2025-03-09 12:00:00+00:00, run_after=2025-03-09 16:00:00+00:00
[2025-03-09T17:46:38.970+0000] {processor.py:208} INFO - Processing /home/airflow/.local/lib/python3.12/site-packages/airflow/example_dags/example_latest_only.py took 0.088 seconds
[2025-03-09T17:47:09.933+0000] {processor.py:186} INFO - Started process (PID=289) to work on /home/airflow/.local/lib/python3.12/site-packages/airflow/example_dags/example_latest_only.py
[2025-03-09T17:47:09.934+0000] {processor.py:914} INFO - Processing file /home/airflow/.local/lib/python3.12/site-packages/airflow/example_dags/example_latest_only.py for tasks to queue
[2025-03-09T17:47:09.937+0000] {logging_mixin.py:190} INFO - [2025-03-09T17:47:09.936+0000] {dagbag.py:588} INFO - Filling up the DagBag from /home/airflow/.local/lib/python3.12/site-packages/airflow/example_dags/example_latest_only.py
[2025-03-09T17:47:09.946+0000] {processor.py:925} INFO - DAG(s) 'latest_only' retrieved from /home/airflow/.local/lib/python3.12/site-packages/airflow/example_dags/example_latest_only.py
[2025-03-09T17:47:09.970+0000] {logging_mixin.py:190} INFO - [2025-03-09T17:47:09.970+0000] {dag.py:3239} INFO - Sync 1 DAGs
[2025-03-09T17:47:10.003+0000] {logging_mixin.py:190} INFO - [2025-03-09T17:47:10.003+0000] {dag.py:4180} INFO - Setting next_dagrun for latest_only to 2025-03-09 12:00:00+00:00, run_after=2025-03-09 16:00:00+00:00
[2025-03-09T17:47:10.036+0000] {processor.py:208} INFO - Processing /home/airflow/.local/lib/python3.12/site-packages/airflow/example_dags/example_latest_only.py took 0.108 seconds
[2025-03-09T17:47:42.669+0000] {processor.py:186} INFO - Started process (PID=354) to work on /home/airflow/.local/lib/python3.12/site-packages/airflow/example_dags/example_latest_only.py
[2025-03-09T17:47:42.670+0000] {processor.py:914} INFO - Processing file /home/airflow/.local/lib/python3.12/site-packages/airflow/example_dags/example_latest_only.py for tasks to queue
[2025-03-09T17:47:42.673+0000] {logging_mixin.py:190} INFO - [2025-03-09T17:47:42.673+0000] {dagbag.py:588} INFO - Filling up the DagBag from /home/airflow/.local/lib/python3.12/site-packages/airflow/example_dags/example_latest_only.py
[2025-03-09T17:47:42.681+0000] {processor.py:925} INFO - DAG(s) 'latest_only' retrieved from /home/airflow/.local/lib/python3.12/site-packages/airflow/example_dags/example_latest_only.py
[2025-03-09T17:47:42.709+0000] {logging_mixin.py:190} INFO - [2025-03-09T17:47:42.708+0000] {dag.py:3239} INFO - Sync 1 DAGs
[2025-03-09T17:47:42.745+0000] {logging_mixin.py:190} INFO - [2025-03-09T17:47:42.745+0000] {dag.py:4180} INFO - Setting next_dagrun for latest_only to 2025-03-09 12:00:00+00:00, run_after=2025-03-09 16:00:00+00:00
[2025-03-09T17:47:42.793+0000] {processor.py:208} INFO - Processing /home/airflow/.local/lib/python3.12/site-packages/airflow/example_dags/example_latest_only.py took 0.132 seconds
[2025-03-09T17:48:13.544+0000] {processor.py:186} INFO - Started process (PID=419) to work on /home/airflow/.local/lib/python3.12/site-packages/airflow/example_dags/example_latest_only.py
[2025-03-09T17:48:13.545+0000] {processor.py:914} INFO - Processing file /home/airflow/.local/lib/python3.12/site-packages/airflow/example_dags/example_latest_only.py for tasks to queue
[2025-03-09T17:48:13.547+0000] {logging_mixin.py:190} INFO - [2025-03-09T17:48:13.547+0000] {dagbag.py:588} INFO - Filling up the DagBag from /home/airflow/.local/lib/python3.12/site-packages/airflow/example_dags/example_latest_only.py
[2025-03-09T17:48:13.554+0000] {processor.py:925} INFO - DAG(s) 'latest_only' retrieved from /home/airflow/.local/lib/python3.12/site-packages/airflow/example_dags/example_latest_only.py
[2025-03-09T17:48:13.601+0000] {logging_mixin.py:190} INFO - [2025-03-09T17:48:13.600+0000] {dag.py:3239} INFO - Sync 1 DAGs
[2025-03-09T17:48:13.651+0000] {logging_mixin.py:190} INFO - [2025-03-09T17:48:13.650+0000] {dag.py:4180} INFO - Setting next_dagrun for latest_only to 2025-03-09 12:00:00+00:00, run_after=2025-03-09 16:00:00+00:00
[2025-03-09T17:48:13.687+0000] {processor.py:208} INFO - Processing /home/airflow/.local/lib/python3.12/site-packages/airflow/example_dags/example_latest_only.py took 0.149 seconds
[2025-03-09T17:48:45.362+0000] {processor.py:186} INFO - Started process (PID=484) to work on /home/airflow/.local/lib/python3.12/site-packages/airflow/example_dags/example_latest_only.py
[2025-03-09T17:48:45.363+0000] {processor.py:914} INFO - Processing file /home/airflow/.local/lib/python3.12/site-packages/airflow/example_dags/example_latest_only.py for tasks to queue
[2025-03-09T17:48:45.365+0000] {logging_mixin.py:190} INFO - [2025-03-09T17:48:45.365+0000] {dagbag.py:588} INFO - Filling up the DagBag from /home/airflow/.local/lib/python3.12/site-packages/airflow/example_dags/example_latest_only.py
[2025-03-09T17:48:45.372+0000] {processor.py:925} INFO - DAG(s) 'latest_only' retrieved from /home/airflow/.local/lib/python3.12/site-packages/airflow/example_dags/example_latest_only.py
[2025-03-09T17:48:45.394+0000] {logging_mixin.py:190} INFO - [2025-03-09T17:48:45.394+0000] {dag.py:3239} INFO - Sync 1 DAGs
[2025-03-09T17:48:45.417+0000] {logging_mixin.py:190} INFO - [2025-03-09T17:48:45.417+0000] {dag.py:4180} INFO - Setting next_dagrun for latest_only to 2025-03-09 12:00:00+00:00, run_after=2025-03-09 16:00:00+00:00
[2025-03-09T17:48:45.437+0000] {processor.py:208} INFO - Processing /home/airflow/.local/lib/python3.12/site-packages/airflow/example_dags/example_latest_only.py took 0.080 seconds
[2025-03-09T17:49:17.150+0000] {processor.py:186} INFO - Started process (PID=549) to work on /home/airflow/.local/lib/python3.12/site-packages/airflow/example_dags/example_latest_only.py
[2025-03-09T17:49:17.152+0000] {processor.py:914} INFO - Processing file /home/airflow/.local/lib/python3.12/site-packages/airflow/example_dags/example_latest_only.py for tasks to queue
[2025-03-09T17:49:17.155+0000] {logging_mixin.py:190} INFO - [2025-03-09T17:49:17.155+0000] {dagbag.py:588} INFO - Filling up the DagBag from /home/airflow/.local/lib/python3.12/site-packages/airflow/example_dags/example_latest_only.py
[2025-03-09T17:49:17.163+0000] {processor.py:925} INFO - DAG(s) 'latest_only' retrieved from /home/airflow/.local/lib/python3.12/site-packages/airflow/example_dags/example_latest_only.py
[2025-03-09T17:49:17.184+0000] {logging_mixin.py:190} INFO - [2025-03-09T17:49:17.184+0000] {dag.py:3239} INFO - Sync 1 DAGs
[2025-03-09T17:49:17.212+0000] {logging_mixin.py:190} INFO - [2025-03-09T17:49:17.211+0000] {dag.py:4180} INFO - Setting next_dagrun for latest_only to 2025-03-09 12:00:00+00:00, run_after=2025-03-09 16:00:00+00:00
[2025-03-09T17:49:17.234+0000] {processor.py:208} INFO - Processing /home/airflow/.local/lib/python3.12/site-packages/airflow/example_dags/example_latest_only.py took 0.090 seconds
[2025-03-09T17:49:49.861+0000] {processor.py:186} INFO - Started process (PID=614) to work on /home/airflow/.local/lib/python3.12/site-packages/airflow/example_dags/example_latest_only.py
[2025-03-09T17:49:49.863+0000] {processor.py:914} INFO - Processing file /home/airflow/.local/lib/python3.12/site-packages/airflow/example_dags/example_latest_only.py for tasks to queue
[2025-03-09T17:49:49.868+0000] {logging_mixin.py:190} INFO - [2025-03-09T17:49:49.867+0000] {dagbag.py:588} INFO - Filling up the DagBag from /home/airflow/.local/lib/python3.12/site-packages/airflow/example_dags/example_latest_only.py
[2025-03-09T17:49:49.876+0000] {processor.py:925} INFO - DAG(s) 'latest_only' retrieved from /home/airflow/.local/lib/python3.12/site-packages/airflow/example_dags/example_latest_only.py
[2025-03-09T17:49:49.907+0000] {logging_mixin.py:190} INFO - [2025-03-09T17:49:49.906+0000] {dag.py:3239} INFO - Sync 1 DAGs
[2025-03-09T17:49:49.940+0000] {logging_mixin.py:190} INFO - [2025-03-09T17:49:49.940+0000] {dag.py:4180} INFO - Setting next_dagrun for latest_only to 2025-03-09 12:00:00+00:00, run_after=2025-03-09 16:00:00+00:00
[2025-03-09T17:49:49.987+0000] {processor.py:208} INFO - Processing /home/airflow/.local/lib/python3.12/site-packages/airflow/example_dags/example_latest_only.py took 0.133 seconds
[2025-03-09T17:50:21.735+0000] {processor.py:186} INFO - Started process (PID=680) to work on /home/airflow/.local/lib/python3.12/site-packages/airflow/example_dags/example_latest_only.py
[2025-03-09T17:50:21.736+0000] {processor.py:914} INFO - Processing file /home/airflow/.local/lib/python3.12/site-packages/airflow/example_dags/example_latest_only.py for tasks to queue
[2025-03-09T17:50:21.740+0000] {logging_mixin.py:190} INFO - [2025-03-09T17:50:21.739+0000] {dagbag.py:588} INFO - Filling up the DagBag from /home/airflow/.local/lib/python3.12/site-packages/airflow/example_dags/example_latest_only.py
[2025-03-09T17:50:21.748+0000] {processor.py:925} INFO - DAG(s) 'latest_only' retrieved from /home/airflow/.local/lib/python3.12/site-packages/airflow/example_dags/example_latest_only.py
[2025-03-09T17:50:21.768+0000] {logging_mixin.py:190} INFO - [2025-03-09T17:50:21.767+0000] {dag.py:3239} INFO - Sync 1 DAGs
[2025-03-09T17:50:21.791+0000] {logging_mixin.py:190} INFO - [2025-03-09T17:50:21.791+0000] {dag.py:4180} INFO - Setting next_dagrun for latest_only to 2025-03-09 12:00:00+00:00, run_after=2025-03-09 16:00:00+00:00
[2025-03-09T17:50:21.811+0000] {processor.py:208} INFO - Processing /home/airflow/.local/lib/python3.12/site-packages/airflow/example_dags/example_latest_only.py took 0.081 seconds
[2025-03-09T17:50:53.079+0000] {processor.py:186} INFO - Started process (PID=745) to work on /home/airflow/.local/lib/python3.12/site-packages/airflow/example_dags/example_latest_only.py
[2025-03-09T17:50:53.081+0000] {processor.py:914} INFO - Processing file /home/airflow/.local/lib/python3.12/site-packages/airflow/example_dags/example_latest_only.py for tasks to queue
[2025-03-09T17:50:53.096+0000] {logging_mixin.py:190} INFO - [2025-03-09T17:50:53.096+0000] {dagbag.py:588} INFO - Filling up the DagBag from /home/airflow/.local/lib/python3.12/site-packages/airflow/example_dags/example_latest_only.py
[2025-03-09T17:50:53.120+0000] {processor.py:925} INFO - DAG(s) 'latest_only' retrieved from /home/airflow/.local/lib/python3.12/site-packages/airflow/example_dags/example_latest_only.py
[2025-03-09T17:50:53.161+0000] {logging_mixin.py:190} INFO - [2025-03-09T17:50:53.160+0000] {dag.py:3239} INFO - Sync 1 DAGs
[2025-03-09T17:50:53.222+0000] {logging_mixin.py:190} INFO - [2025-03-09T17:50:53.221+0000] {dag.py:4180} INFO - Setting next_dagrun for latest_only to 2025-03-09 12:00:00+00:00, run_after=2025-03-09 16:00:00+00:00
[2025-03-09T17:50:53.285+0000] {processor.py:208} INFO - Processing /home/airflow/.local/lib/python3.12/site-packages/airflow/example_dags/example_latest_only.py took 0.226 seconds
[2025-03-09T17:51:23.898+0000] {processor.py:186} INFO - Started process (PID=811) to work on /home/airflow/.local/lib/python3.12/site-packages/airflow/example_dags/example_latest_only.py
[2025-03-09T17:51:23.900+0000] {processor.py:914} INFO - Processing file /home/airflow/.local/lib/python3.12/site-packages/airflow/example_dags/example_latest_only.py for tasks to queue
[2025-03-09T17:51:23.902+0000] {logging_mixin.py:190} INFO - [2025-03-09T17:51:23.902+0000] {dagbag.py:588} INFO - Filling up the DagBag from /home/airflow/.local/lib/python3.12/site-packages/airflow/example_dags/example_latest_only.py
[2025-03-09T17:51:23.910+0000] {processor.py:925} INFO - DAG(s) 'latest_only' retrieved from /home/airflow/.local/lib/python3.12/site-packages/airflow/example_dags/example_latest_only.py
[2025-03-09T17:51:23.931+0000] {logging_mixin.py:190} INFO - [2025-03-09T17:51:23.931+0000] {dag.py:3239} INFO - Sync 1 DAGs
[2025-03-09T17:51:23.958+0000] {logging_mixin.py:190} INFO - [2025-03-09T17:51:23.958+0000] {dag.py:4180} INFO - Setting next_dagrun for latest_only to 2025-03-09 12:00:00+00:00, run_after=2025-03-09 16:00:00+00:00
[2025-03-09T17:51:23.979+0000] {processor.py:208} INFO - Processing /home/airflow/.local/lib/python3.12/site-packages/airflow/example_dags/example_latest_only.py took 0.090 seconds
[2025-03-09T17:51:55.200+0000] {processor.py:186} INFO - Started process (PID=877) to work on /home/airflow/.local/lib/python3.12/site-packages/airflow/example_dags/example_latest_only.py
[2025-03-09T17:51:55.201+0000] {processor.py:914} INFO - Processing file /home/airflow/.local/lib/python3.12/site-packages/airflow/example_dags/example_latest_only.py for tasks to queue
[2025-03-09T17:51:55.204+0000] {logging_mixin.py:190} INFO - [2025-03-09T17:51:55.204+0000] {dagbag.py:588} INFO - Filling up the DagBag from /home/airflow/.local/lib/python3.12/site-packages/airflow/example_dags/example_latest_only.py
[2025-03-09T17:51:55.212+0000] {processor.py:925} INFO - DAG(s) 'latest_only' retrieved from /home/airflow/.local/lib/python3.12/site-packages/airflow/example_dags/example_latest_only.py
[2025-03-09T17:51:55.235+0000] {logging_mixin.py:190} INFO - [2025-03-09T17:51:55.235+0000] {dag.py:3239} INFO - Sync 1 DAGs
[2025-03-09T17:51:55.272+0000] {logging_mixin.py:190} INFO - [2025-03-09T17:51:55.271+0000] {dag.py:4180} INFO - Setting next_dagrun for latest_only to 2025-03-09 12:00:00+00:00, run_after=2025-03-09 16:00:00+00:00
[2025-03-09T17:51:55.305+0000] {processor.py:208} INFO - Processing /home/airflow/.local/lib/python3.12/site-packages/airflow/example_dags/example_latest_only.py took 0.111 seconds
[2025-03-09T17:52:26.450+0000] {processor.py:186} INFO - Started process (PID=943) to work on /home/airflow/.local/lib/python3.12/site-packages/airflow/example_dags/example_latest_only.py
[2025-03-09T17:52:26.451+0000] {processor.py:914} INFO - Processing file /home/airflow/.local/lib/python3.12/site-packages/airflow/example_dags/example_latest_only.py for tasks to queue
[2025-03-09T17:52:26.454+0000] {logging_mixin.py:190} INFO - [2025-03-09T17:52:26.454+0000] {dagbag.py:588} INFO - Filling up the DagBag from /home/airflow/.local/lib/python3.12/site-packages/airflow/example_dags/example_latest_only.py
[2025-03-09T17:52:26.462+0000] {processor.py:925} INFO - DAG(s) 'latest_only' retrieved from /home/airflow/.local/lib/python3.12/site-packages/airflow/example_dags/example_latest_only.py
[2025-03-09T17:52:26.487+0000] {logging_mixin.py:190} INFO - [2025-03-09T17:52:26.487+0000] {dag.py:3239} INFO - Sync 1 DAGs
[2025-03-09T17:52:26.515+0000] {logging_mixin.py:190} INFO - [2025-03-09T17:52:26.515+0000] {dag.py:4180} INFO - Setting next_dagrun for latest_only to 2025-03-09 12:00:00+00:00, run_after=2025-03-09 16:00:00+00:00
[2025-03-09T17:52:26.540+0000] {processor.py:208} INFO - Processing /home/airflow/.local/lib/python3.12/site-packages/airflow/example_dags/example_latest_only.py took 0.095 seconds
[2025-03-09T17:52:57.617+0000] {processor.py:186} INFO - Started process (PID=1009) to work on /home/airflow/.local/lib/python3.12/site-packages/airflow/example_dags/example_latest_only.py
[2025-03-09T17:52:57.618+0000] {processor.py:914} INFO - Processing file /home/airflow/.local/lib/python3.12/site-packages/airflow/example_dags/example_latest_only.py for tasks to queue
[2025-03-09T17:52:57.620+0000] {logging_mixin.py:190} INFO - [2025-03-09T17:52:57.620+0000] {dagbag.py:588} INFO - Filling up the DagBag from /home/airflow/.local/lib/python3.12/site-packages/airflow/example_dags/example_latest_only.py
[2025-03-09T17:52:57.627+0000] {processor.py:925} INFO - DAG(s) 'latest_only' retrieved from /home/airflow/.local/lib/python3.12/site-packages/airflow/example_dags/example_latest_only.py
[2025-03-09T17:52:57.646+0000] {logging_mixin.py:190} INFO - [2025-03-09T17:52:57.645+0000] {dag.py:3239} INFO - Sync 1 DAGs
[2025-03-09T17:52:57.668+0000] {logging_mixin.py:190} INFO - [2025-03-09T17:52:57.668+0000] {dag.py:4180} INFO - Setting next_dagrun for latest_only to 2025-03-09 12:00:00+00:00, run_after=2025-03-09 16:00:00+00:00
[2025-03-09T17:52:57.690+0000] {processor.py:208} INFO - Processing /home/airflow/.local/lib/python3.12/site-packages/airflow/example_dags/example_latest_only.py took 0.078 seconds
[2025-03-09T17:53:29.055+0000] {processor.py:186} INFO - Started process (PID=1075) to work on /home/airflow/.local/lib/python3.12/site-packages/airflow/example_dags/example_latest_only.py
[2025-03-09T17:53:29.057+0000] {processor.py:914} INFO - Processing file /home/airflow/.local/lib/python3.12/site-packages/airflow/example_dags/example_latest_only.py for tasks to queue
[2025-03-09T17:53:29.059+0000] {logging_mixin.py:190} INFO - [2025-03-09T17:53:29.059+0000] {dagbag.py:588} INFO - Filling up the DagBag from /home/airflow/.local/lib/python3.12/site-packages/airflow/example_dags/example_latest_only.py
[2025-03-09T17:53:29.066+0000] {processor.py:925} INFO - DAG(s) 'latest_only' retrieved from /home/airflow/.local/lib/python3.12/site-packages/airflow/example_dags/example_latest_only.py
[2025-03-09T17:53:29.088+0000] {logging_mixin.py:190} INFO - [2025-03-09T17:53:29.088+0000] {dag.py:3239} INFO - Sync 1 DAGs
[2025-03-09T17:53:29.114+0000] {logging_mixin.py:190} INFO - [2025-03-09T17:53:29.114+0000] {dag.py:4180} INFO - Setting next_dagrun for latest_only to 2025-03-09 12:00:00+00:00, run_after=2025-03-09 16:00:00+00:00
[2025-03-09T17:53:29.134+0000] {processor.py:208} INFO - Processing /home/airflow/.local/lib/python3.12/site-packages/airflow/example_dags/example_latest_only.py took 0.085 seconds
[2025-03-09T17:54:00.958+0000] {processor.py:186} INFO - Started process (PID=1141) to work on /home/airflow/.local/lib/python3.12/site-packages/airflow/example_dags/example_latest_only.py
[2025-03-09T17:54:00.959+0000] {processor.py:914} INFO - Processing file /home/airflow/.local/lib/python3.12/site-packages/airflow/example_dags/example_latest_only.py for tasks to queue
[2025-03-09T17:54:00.963+0000] {logging_mixin.py:190} INFO - [2025-03-09T17:54:00.962+0000] {dagbag.py:588} INFO - Filling up the DagBag from /home/airflow/.local/lib/python3.12/site-packages/airflow/example_dags/example_latest_only.py
[2025-03-09T17:54:00.974+0000] {processor.py:925} INFO - DAG(s) 'latest_only' retrieved from /home/airflow/.local/lib/python3.12/site-packages/airflow/example_dags/example_latest_only.py
[2025-03-09T17:54:01.008+0000] {logging_mixin.py:190} INFO - [2025-03-09T17:54:01.008+0000] {dag.py:3239} INFO - Sync 1 DAGs
[2025-03-09T17:54:01.063+0000] {logging_mixin.py:190} INFO - [2025-03-09T17:54:01.063+0000] {dag.py:4180} INFO - Setting next_dagrun for latest_only to 2025-03-09 12:00:00+00:00, run_after=2025-03-09 16:00:00+00:00
[2025-03-09T17:54:01.106+0000] {processor.py:208} INFO - Processing /home/airflow/.local/lib/python3.12/site-packages/airflow/example_dags/example_latest_only.py took 0.157 seconds
[2025-03-09T17:54:32.518+0000] {processor.py:186} INFO - Started process (PID=1207) to work on /home/airflow/.local/lib/python3.12/site-packages/airflow/example_dags/example_latest_only.py
[2025-03-09T17:54:32.520+0000] {processor.py:914} INFO - Processing file /home/airflow/.local/lib/python3.12/site-packages/airflow/example_dags/example_latest_only.py for tasks to queue
[2025-03-09T17:54:32.522+0000] {logging_mixin.py:190} INFO - [2025-03-09T17:54:32.522+0000] {dagbag.py:588} INFO - Filling up the DagBag from /home/airflow/.local/lib/python3.12/site-packages/airflow/example_dags/example_latest_only.py
[2025-03-09T17:54:32.531+0000] {processor.py:925} INFO - DAG(s) 'latest_only' retrieved from /home/airflow/.local/lib/python3.12/site-packages/airflow/example_dags/example_latest_only.py
[2025-03-09T17:54:32.552+0000] {logging_mixin.py:190} INFO - [2025-03-09T17:54:32.552+0000] {dag.py:3239} INFO - Sync 1 DAGs
[2025-03-09T17:54:32.578+0000] {logging_mixin.py:190} INFO - [2025-03-09T17:54:32.578+0000] {dag.py:4180} INFO - Setting next_dagrun for latest_only to 2025-03-09 12:00:00+00:00, run_after=2025-03-09 16:00:00+00:00
[2025-03-09T17:54:32.603+0000] {processor.py:208} INFO - Processing /home/airflow/.local/lib/python3.12/site-packages/airflow/example_dags/example_latest_only.py took 0.090 seconds
[2025-03-09T17:55:03.635+0000] {processor.py:186} INFO - Started process (PID=1273) to work on /home/airflow/.local/lib/python3.12/site-packages/airflow/example_dags/example_latest_only.py
[2025-03-09T17:55:03.636+0000] {processor.py:914} INFO - Processing file /home/airflow/.local/lib/python3.12/site-packages/airflow/example_dags/example_latest_only.py for tasks to queue
[2025-03-09T17:55:03.638+0000] {logging_mixin.py:190} INFO - [2025-03-09T17:55:03.638+0000] {dagbag.py:588} INFO - Filling up the DagBag from /home/airflow/.local/lib/python3.12/site-packages/airflow/example_dags/example_latest_only.py
[2025-03-09T17:55:03.645+0000] {processor.py:925} INFO - DAG(s) 'latest_only' retrieved from /home/airflow/.local/lib/python3.12/site-packages/airflow/example_dags/example_latest_only.py
[2025-03-09T17:55:03.667+0000] {logging_mixin.py:190} INFO - [2025-03-09T17:55:03.666+0000] {dag.py:3239} INFO - Sync 1 DAGs
[2025-03-09T17:55:03.693+0000] {logging_mixin.py:190} INFO - [2025-03-09T17:55:03.692+0000] {dag.py:4180} INFO - Setting next_dagrun for latest_only to 2025-03-09 12:00:00+00:00, run_after=2025-03-09 16:00:00+00:00
[2025-03-09T17:55:03.716+0000] {processor.py:208} INFO - Processing /home/airflow/.local/lib/python3.12/site-packages/airflow/example_dags/example_latest_only.py took 0.087 seconds
[2025-03-09T17:55:34.907+0000] {processor.py:186} INFO - Started process (PID=1339) to work on /home/airflow/.local/lib/python3.12/site-packages/airflow/example_dags/example_latest_only.py
[2025-03-09T17:55:34.908+0000] {processor.py:914} INFO - Processing file /home/airflow/.local/lib/python3.12/site-packages/airflow/example_dags/example_latest_only.py for tasks to queue
[2025-03-09T17:55:34.910+0000] {logging_mixin.py:190} INFO - [2025-03-09T17:55:34.910+0000] {dagbag.py:588} INFO - Filling up the DagBag from /home/airflow/.local/lib/python3.12/site-packages/airflow/example_dags/example_latest_only.py
[2025-03-09T17:55:34.917+0000] {processor.py:925} INFO - DAG(s) 'latest_only' retrieved from /home/airflow/.local/lib/python3.12/site-packages/airflow/example_dags/example_latest_only.py
[2025-03-09T17:55:34.939+0000] {logging_mixin.py:190} INFO - [2025-03-09T17:55:34.938+0000] {dag.py:3239} INFO - Sync 1 DAGs
[2025-03-09T17:55:34.962+0000] {logging_mixin.py:190} INFO - [2025-03-09T17:55:34.962+0000] {dag.py:4180} INFO - Setting next_dagrun for latest_only to 2025-03-09 12:00:00+00:00, run_after=2025-03-09 16:00:00+00:00
[2025-03-09T17:55:34.987+0000] {processor.py:208} INFO - Processing /home/airflow/.local/lib/python3.12/site-packages/airflow/example_dags/example_latest_only.py took 0.085 seconds
[2025-03-09T17:56:06.857+0000] {processor.py:186} INFO - Started process (PID=1405) to work on /home/airflow/.local/lib/python3.12/site-packages/airflow/example_dags/example_latest_only.py
[2025-03-09T17:56:06.859+0000] {processor.py:914} INFO - Processing file /home/airflow/.local/lib/python3.12/site-packages/airflow/example_dags/example_latest_only.py for tasks to queue
[2025-03-09T17:56:06.863+0000] {logging_mixin.py:190} INFO - [2025-03-09T17:56:06.862+0000] {dagbag.py:588} INFO - Filling up the DagBag from /home/airflow/.local/lib/python3.12/site-packages/airflow/example_dags/example_latest_only.py
[2025-03-09T17:56:06.873+0000] {processor.py:925} INFO - DAG(s) 'latest_only' retrieved from /home/airflow/.local/lib/python3.12/site-packages/airflow/example_dags/example_latest_only.py
[2025-03-09T17:56:06.900+0000] {logging_mixin.py:190} INFO - [2025-03-09T17:56:06.900+0000] {dag.py:3239} INFO - Sync 1 DAGs
[2025-03-09T17:56:06.931+0000] {logging_mixin.py:190} INFO - [2025-03-09T17:56:06.931+0000] {dag.py:4180} INFO - Setting next_dagrun for latest_only to 2025-03-09 12:00:00+00:00, run_after=2025-03-09 16:00:00+00:00
[2025-03-09T17:56:06.963+0000] {processor.py:208} INFO - Processing /home/airflow/.local/lib/python3.12/site-packages/airflow/example_dags/example_latest_only.py took 0.115 seconds
[2025-03-09T17:56:38.779+0000] {processor.py:186} INFO - Started process (PID=1471) to work on /home/airflow/.local/lib/python3.12/site-packages/airflow/example_dags/example_latest_only.py
[2025-03-09T17:56:38.780+0000] {processor.py:914} INFO - Processing file /home/airflow/.local/lib/python3.12/site-packages/airflow/example_dags/example_latest_only.py for tasks to queue
[2025-03-09T17:56:38.782+0000] {logging_mixin.py:190} INFO - [2025-03-09T17:56:38.782+0000] {dagbag.py:588} INFO - Filling up the DagBag from /home/airflow/.local/lib/python3.12/site-packages/airflow/example_dags/example_latest_only.py
[2025-03-09T17:56:38.792+0000] {processor.py:925} INFO - DAG(s) 'latest_only' retrieved from /home/airflow/.local/lib/python3.12/site-packages/airflow/example_dags/example_latest_only.py
[2025-03-09T17:56:38.831+0000] {logging_mixin.py:190} INFO - [2025-03-09T17:56:38.830+0000] {dag.py:3239} INFO - Sync 1 DAGs
[2025-03-09T17:56:38.902+0000] {logging_mixin.py:190} INFO - [2025-03-09T17:56:38.901+0000] {dag.py:4180} INFO - Setting next_dagrun for latest_only to 2025-03-09 12:00:00+00:00, run_after=2025-03-09 16:00:00+00:00
[2025-03-09T17:56:38.924+0000] {processor.py:208} INFO - Processing /home/airflow/.local/lib/python3.12/site-packages/airflow/example_dags/example_latest_only.py took 0.151 seconds
[2025-03-09T17:57:09.441+0000] {processor.py:186} INFO - Started process (PID=1537) to work on /home/airflow/.local/lib/python3.12/site-packages/airflow/example_dags/example_latest_only.py
[2025-03-09T17:57:09.443+0000] {processor.py:914} INFO - Processing file /home/airflow/.local/lib/python3.12/site-packages/airflow/example_dags/example_latest_only.py for tasks to queue
[2025-03-09T17:57:09.445+0000] {logging_mixin.py:190} INFO - [2025-03-09T17:57:09.445+0000] {dagbag.py:588} INFO - Filling up the DagBag from /home/airflow/.local/lib/python3.12/site-packages/airflow/example_dags/example_latest_only.py
[2025-03-09T17:57:09.454+0000] {processor.py:925} INFO - DAG(s) 'latest_only' retrieved from /home/airflow/.local/lib/python3.12/site-packages/airflow/example_dags/example_latest_only.py
[2025-03-09T17:57:09.477+0000] {logging_mixin.py:190} INFO - [2025-03-09T17:57:09.477+0000] {dag.py:3239} INFO - Sync 1 DAGs
[2025-03-09T17:57:09.502+0000] {logging_mixin.py:190} INFO - [2025-03-09T17:57:09.502+0000] {dag.py:4180} INFO - Setting next_dagrun for latest_only to 2025-03-09 12:00:00+00:00, run_after=2025-03-09 16:00:00+00:00
[2025-03-09T17:57:09.528+0000] {processor.py:208} INFO - Processing /home/airflow/.local/lib/python3.12/site-packages/airflow/example_dags/example_latest_only.py took 0.091 seconds
[2025-03-09T17:57:40.447+0000] {processor.py:186} INFO - Started process (PID=1603) to work on /home/airflow/.local/lib/python3.12/site-packages/airflow/example_dags/example_latest_only.py
[2025-03-09T17:57:40.448+0000] {processor.py:914} INFO - Processing file /home/airflow/.local/lib/python3.12/site-packages/airflow/example_dags/example_latest_only.py for tasks to queue
[2025-03-09T17:57:40.451+0000] {logging_mixin.py:190} INFO - [2025-03-09T17:57:40.450+0000] {dagbag.py:588} INFO - Filling up the DagBag from /home/airflow/.local/lib/python3.12/site-packages/airflow/example_dags/example_latest_only.py
[2025-03-09T17:57:40.458+0000] {processor.py:925} INFO - DAG(s) 'latest_only' retrieved from /home/airflow/.local/lib/python3.12/site-packages/airflow/example_dags/example_latest_only.py
[2025-03-09T17:57:40.478+0000] {logging_mixin.py:190} INFO - [2025-03-09T17:57:40.478+0000] {dag.py:3239} INFO - Sync 1 DAGs
[2025-03-09T17:57:40.500+0000] {logging_mixin.py:190} INFO - [2025-03-09T17:57:40.500+0000] {dag.py:4180} INFO - Setting next_dagrun for latest_only to 2025-03-09 12:00:00+00:00, run_after=2025-03-09 16:00:00+00:00
[2025-03-09T17:57:40.523+0000] {processor.py:208} INFO - Processing /home/airflow/.local/lib/python3.12/site-packages/airflow/example_dags/example_latest_only.py took 0.081 seconds
[2025-03-09T17:58:13.381+0000] {processor.py:186} INFO - Started process (PID=1672) to work on /home/airflow/.local/lib/python3.12/site-packages/airflow/example_dags/example_latest_only.py
[2025-03-09T17:58:13.382+0000] {processor.py:914} INFO - Processing file /home/airflow/.local/lib/python3.12/site-packages/airflow/example_dags/example_latest_only.py for tasks to queue
[2025-03-09T17:58:13.386+0000] {logging_mixin.py:190} INFO - [2025-03-09T17:58:13.385+0000] {dagbag.py:588} INFO - Filling up the DagBag from /home/airflow/.local/lib/python3.12/site-packages/airflow/example_dags/example_latest_only.py
[2025-03-09T17:58:13.397+0000] {processor.py:925} INFO - DAG(s) 'latest_only' retrieved from /home/airflow/.local/lib/python3.12/site-packages/airflow/example_dags/example_latest_only.py
[2025-03-09T17:58:13.421+0000] {logging_mixin.py:190} INFO - [2025-03-09T17:58:13.421+0000] {dag.py:3239} INFO - Sync 1 DAGs
[2025-03-09T17:58:13.459+0000] {logging_mixin.py:190} INFO - [2025-03-09T17:58:13.459+0000] {dag.py:4180} INFO - Setting next_dagrun for latest_only to 2025-03-09 12:00:00+00:00, run_after=2025-03-09 16:00:00+00:00
[2025-03-09T17:58:13.493+0000] {processor.py:208} INFO - Processing /home/airflow/.local/lib/python3.12/site-packages/airflow/example_dags/example_latest_only.py took 0.120 seconds
[2025-03-09T17:58:44.489+0000] {processor.py:186} INFO - Started process (PID=1738) to work on /home/airflow/.local/lib/python3.12/site-packages/airflow/example_dags/example_latest_only.py
[2025-03-09T17:58:44.492+0000] {processor.py:914} INFO - Processing file /home/airflow/.local/lib/python3.12/site-packages/airflow/example_dags/example_latest_only.py for tasks to queue
[2025-03-09T17:58:44.495+0000] {logging_mixin.py:190} INFO - [2025-03-09T17:58:44.495+0000] {dagbag.py:588} INFO - Filling up the DagBag from /home/airflow/.local/lib/python3.12/site-packages/airflow/example_dags/example_latest_only.py
[2025-03-09T17:58:44.506+0000] {processor.py:925} INFO - DAG(s) 'latest_only' retrieved from /home/airflow/.local/lib/python3.12/site-packages/airflow/example_dags/example_latest_only.py
[2025-03-09T17:58:44.558+0000] {logging_mixin.py:190} INFO - [2025-03-09T17:58:44.557+0000] {dag.py:3239} INFO - Sync 1 DAGs
[2025-03-09T17:58:44.589+0000] {logging_mixin.py:190} INFO - [2025-03-09T17:58:44.589+0000] {dag.py:4180} INFO - Setting next_dagrun for latest_only to 2025-03-09 12:00:00+00:00, run_after=2025-03-09 16:00:00+00:00
[2025-03-09T17:58:44.621+0000] {processor.py:208} INFO - Processing /home/airflow/.local/lib/python3.12/site-packages/airflow/example_dags/example_latest_only.py took 0.141 seconds
[2025-03-09T17:59:15.916+0000] {processor.py:186} INFO - Started process (PID=1804) to work on /home/airflow/.local/lib/python3.12/site-packages/airflow/example_dags/example_latest_only.py
[2025-03-09T17:59:15.917+0000] {processor.py:914} INFO - Processing file /home/airflow/.local/lib/python3.12/site-packages/airflow/example_dags/example_latest_only.py for tasks to queue
[2025-03-09T17:59:15.923+0000] {logging_mixin.py:190} INFO - [2025-03-09T17:59:15.923+0000] {dagbag.py:588} INFO - Filling up the DagBag from /home/airflow/.local/lib/python3.12/site-packages/airflow/example_dags/example_latest_only.py
[2025-03-09T17:59:15.934+0000] {processor.py:925} INFO - DAG(s) 'latest_only' retrieved from /home/airflow/.local/lib/python3.12/site-packages/airflow/example_dags/example_latest_only.py
[2025-03-09T17:59:15.961+0000] {logging_mixin.py:190} INFO - [2025-03-09T17:59:15.961+0000] {dag.py:3239} INFO - Sync 1 DAGs
[2025-03-09T17:59:15.994+0000] {logging_mixin.py:190} INFO - [2025-03-09T17:59:15.994+0000] {dag.py:4180} INFO - Setting next_dagrun for latest_only to 2025-03-09 12:00:00+00:00, run_after=2025-03-09 16:00:00+00:00
[2025-03-09T17:59:16.023+0000] {processor.py:208} INFO - Processing /home/airflow/.local/lib/python3.12/site-packages/airflow/example_dags/example_latest_only.py took 0.114 seconds
[2025-03-09T17:59:47.065+0000] {processor.py:186} INFO - Started process (PID=1870) to work on /home/airflow/.local/lib/python3.12/site-packages/airflow/example_dags/example_latest_only.py
[2025-03-09T17:59:47.066+0000] {processor.py:914} INFO - Processing file /home/airflow/.local/lib/python3.12/site-packages/airflow/example_dags/example_latest_only.py for tasks to queue
[2025-03-09T17:59:47.069+0000] {logging_mixin.py:190} INFO - [2025-03-09T17:59:47.069+0000] {dagbag.py:588} INFO - Filling up the DagBag from /home/airflow/.local/lib/python3.12/site-packages/airflow/example_dags/example_latest_only.py
[2025-03-09T17:59:47.079+0000] {processor.py:925} INFO - DAG(s) 'latest_only' retrieved from /home/airflow/.local/lib/python3.12/site-packages/airflow/example_dags/example_latest_only.py
[2025-03-09T17:59:47.103+0000] {logging_mixin.py:190} INFO - [2025-03-09T17:59:47.103+0000] {dag.py:3239} INFO - Sync 1 DAGs
[2025-03-09T17:59:47.128+0000] {logging_mixin.py:190} INFO - [2025-03-09T17:59:47.128+0000] {dag.py:4180} INFO - Setting next_dagrun for latest_only to 2025-03-09 12:00:00+00:00, run_after=2025-03-09 16:00:00+00:00
[2025-03-09T17:59:47.152+0000] {processor.py:208} INFO - Processing /home/airflow/.local/lib/python3.12/site-packages/airflow/example_dags/example_latest_only.py took 0.092 seconds
[2025-03-09T18:00:19.528+0000] {processor.py:186} INFO - Started process (PID=1936) to work on /home/airflow/.local/lib/python3.12/site-packages/airflow/example_dags/example_latest_only.py
[2025-03-09T18:00:19.529+0000] {processor.py:914} INFO - Processing file /home/airflow/.local/lib/python3.12/site-packages/airflow/example_dags/example_latest_only.py for tasks to queue
[2025-03-09T18:00:19.533+0000] {logging_mixin.py:190} INFO - [2025-03-09T18:00:19.533+0000] {dagbag.py:588} INFO - Filling up the DagBag from /home/airflow/.local/lib/python3.12/site-packages/airflow/example_dags/example_latest_only.py
[2025-03-09T18:00:19.547+0000] {processor.py:925} INFO - DAG(s) 'latest_only' retrieved from /home/airflow/.local/lib/python3.12/site-packages/airflow/example_dags/example_latest_only.py
[2025-03-09T18:00:19.592+0000] {logging_mixin.py:190} INFO - [2025-03-09T18:00:19.592+0000] {dag.py:3239} INFO - Sync 1 DAGs
[2025-03-09T18:00:19.638+0000] {logging_mixin.py:190} INFO - [2025-03-09T18:00:19.636+0000] {dag.py:4180} INFO - Setting next_dagrun for latest_only to 2025-03-09 12:00:00+00:00, run_after=2025-03-09 16:00:00+00:00
[2025-03-09T18:00:19.688+0000] {processor.py:208} INFO - Processing /home/airflow/.local/lib/python3.12/site-packages/airflow/example_dags/example_latest_only.py took 0.170 seconds
[2025-03-09T18:00:51.407+0000] {processor.py:186} INFO - Started process (PID=2002) to work on /home/airflow/.local/lib/python3.12/site-packages/airflow/example_dags/example_latest_only.py
[2025-03-09T18:00:51.408+0000] {processor.py:914} INFO - Processing file /home/airflow/.local/lib/python3.12/site-packages/airflow/example_dags/example_latest_only.py for tasks to queue
[2025-03-09T18:00:51.413+0000] {logging_mixin.py:190} INFO - [2025-03-09T18:00:51.412+0000] {dagbag.py:588} INFO - Filling up the DagBag from /home/airflow/.local/lib/python3.12/site-packages/airflow/example_dags/example_latest_only.py
[2025-03-09T18:00:51.428+0000] {processor.py:925} INFO - DAG(s) 'latest_only' retrieved from /home/airflow/.local/lib/python3.12/site-packages/airflow/example_dags/example_latest_only.py
[2025-03-09T18:00:51.551+0000] {logging_mixin.py:190} INFO - [2025-03-09T18:00:51.550+0000] {dag.py:3239} INFO - Sync 1 DAGs
[2025-03-09T18:00:51.639+0000] {logging_mixin.py:190} INFO - [2025-03-09T18:00:51.638+0000] {dag.py:4180} INFO - Setting next_dagrun for latest_only to 2025-03-09 12:00:00+00:00, run_after=2025-03-09 16:00:00+00:00
[2025-03-09T18:00:51.691+0000] {processor.py:208} INFO - Processing /home/airflow/.local/lib/python3.12/site-packages/airflow/example_dags/example_latest_only.py took 0.295 seconds
[2025-03-09T18:01:22.343+0000] {processor.py:186} INFO - Started process (PID=2068) to work on /home/airflow/.local/lib/python3.12/site-packages/airflow/example_dags/example_latest_only.py
[2025-03-09T18:01:22.344+0000] {processor.py:914} INFO - Processing file /home/airflow/.local/lib/python3.12/site-packages/airflow/example_dags/example_latest_only.py for tasks to queue
[2025-03-09T18:01:22.346+0000] {logging_mixin.py:190} INFO - [2025-03-09T18:01:22.346+0000] {dagbag.py:588} INFO - Filling up the DagBag from /home/airflow/.local/lib/python3.12/site-packages/airflow/example_dags/example_latest_only.py
[2025-03-09T18:01:22.353+0000] {processor.py:925} INFO - DAG(s) 'latest_only' retrieved from /home/airflow/.local/lib/python3.12/site-packages/airflow/example_dags/example_latest_only.py
[2025-03-09T18:01:22.370+0000] {logging_mixin.py:190} INFO - [2025-03-09T18:01:22.370+0000] {dag.py:3239} INFO - Sync 1 DAGs
[2025-03-09T18:01:22.391+0000] {logging_mixin.py:190} INFO - [2025-03-09T18:01:22.391+0000] {dag.py:4180} INFO - Setting next_dagrun for latest_only to 2025-03-09 12:00:00+00:00, run_after=2025-03-09 16:00:00+00:00
[2025-03-09T18:01:22.413+0000] {processor.py:208} INFO - Processing /home/airflow/.local/lib/python3.12/site-packages/airflow/example_dags/example_latest_only.py took 0.074 seconds
[2025-03-09T18:01:53.471+0000] {processor.py:186} INFO - Started process (PID=2134) to work on /home/airflow/.local/lib/python3.12/site-packages/airflow/example_dags/example_latest_only.py
[2025-03-09T18:01:53.472+0000] {processor.py:914} INFO - Processing file /home/airflow/.local/lib/python3.12/site-packages/airflow/example_dags/example_latest_only.py for tasks to queue
[2025-03-09T18:01:53.475+0000] {logging_mixin.py:190} INFO - [2025-03-09T18:01:53.474+0000] {dagbag.py:588} INFO - Filling up the DagBag from /home/airflow/.local/lib/python3.12/site-packages/airflow/example_dags/example_latest_only.py
[2025-03-09T18:01:53.481+0000] {processor.py:925} INFO - DAG(s) 'latest_only' retrieved from /home/airflow/.local/lib/python3.12/site-packages/airflow/example_dags/example_latest_only.py
[2025-03-09T18:01:53.501+0000] {logging_mixin.py:190} INFO - [2025-03-09T18:01:53.501+0000] {dag.py:3239} INFO - Sync 1 DAGs
[2025-03-09T18:01:53.524+0000] {logging_mixin.py:190} INFO - [2025-03-09T18:01:53.524+0000] {dag.py:4180} INFO - Setting next_dagrun for latest_only to 2025-03-09 12:00:00+00:00, run_after=2025-03-09 16:00:00+00:00
[2025-03-09T18:01:53.545+0000] {processor.py:208} INFO - Processing /home/airflow/.local/lib/python3.12/site-packages/airflow/example_dags/example_latest_only.py took 0.079 seconds
[2025-03-09T18:02:24.578+0000] {processor.py:186} INFO - Started process (PID=2200) to work on /home/airflow/.local/lib/python3.12/site-packages/airflow/example_dags/example_latest_only.py
[2025-03-09T18:02:24.580+0000] {processor.py:914} INFO - Processing file /home/airflow/.local/lib/python3.12/site-packages/airflow/example_dags/example_latest_only.py for tasks to queue
[2025-03-09T18:02:24.583+0000] {logging_mixin.py:190} INFO - [2025-03-09T18:02:24.582+0000] {dagbag.py:588} INFO - Filling up the DagBag from /home/airflow/.local/lib/python3.12/site-packages/airflow/example_dags/example_latest_only.py
[2025-03-09T18:02:24.590+0000] {processor.py:925} INFO - DAG(s) 'latest_only' retrieved from /home/airflow/.local/lib/python3.12/site-packages/airflow/example_dags/example_latest_only.py
[2025-03-09T18:02:24.613+0000] {logging_mixin.py:190} INFO - [2025-03-09T18:02:24.612+0000] {dag.py:3239} INFO - Sync 1 DAGs
[2025-03-09T18:02:24.637+0000] {logging_mixin.py:190} INFO - [2025-03-09T18:02:24.637+0000] {dag.py:4180} INFO - Setting next_dagrun for latest_only to 2025-03-09 12:00:00+00:00, run_after=2025-03-09 16:00:00+00:00
[2025-03-09T18:02:24.662+0000] {processor.py:208} INFO - Processing /home/airflow/.local/lib/python3.12/site-packages/airflow/example_dags/example_latest_only.py took 0.089 seconds
[2025-03-09T18:02:55.905+0000] {processor.py:186} INFO - Started process (PID=2266) to work on /home/airflow/.local/lib/python3.12/site-packages/airflow/example_dags/example_latest_only.py
[2025-03-09T18:02:55.906+0000] {processor.py:914} INFO - Processing file /home/airflow/.local/lib/python3.12/site-packages/airflow/example_dags/example_latest_only.py for tasks to queue
[2025-03-09T18:02:55.909+0000] {logging_mixin.py:190} INFO - [2025-03-09T18:02:55.908+0000] {dagbag.py:588} INFO - Filling up the DagBag from /home/airflow/.local/lib/python3.12/site-packages/airflow/example_dags/example_latest_only.py
[2025-03-09T18:02:55.916+0000] {processor.py:925} INFO - DAG(s) 'latest_only' retrieved from /home/airflow/.local/lib/python3.12/site-packages/airflow/example_dags/example_latest_only.py
[2025-03-09T18:02:55.936+0000] {logging_mixin.py:190} INFO - [2025-03-09T18:02:55.935+0000] {dag.py:3239} INFO - Sync 1 DAGs
[2025-03-09T18:02:55.958+0000] {logging_mixin.py:190} INFO - [2025-03-09T18:02:55.958+0000] {dag.py:4180} INFO - Setting next_dagrun for latest_only to 2025-03-09 12:00:00+00:00, run_after=2025-03-09 16:00:00+00:00
[2025-03-09T18:02:55.982+0000] {processor.py:208} INFO - Processing /home/airflow/.local/lib/python3.12/site-packages/airflow/example_dags/example_latest_only.py took 0.083 seconds
[2025-03-09T18:03:26.896+0000] {processor.py:186} INFO - Started process (PID=2332) to work on /home/airflow/.local/lib/python3.12/site-packages/airflow/example_dags/example_latest_only.py
[2025-03-09T18:03:26.897+0000] {processor.py:914} INFO - Processing file /home/airflow/.local/lib/python3.12/site-packages/airflow/example_dags/example_latest_only.py for tasks to queue
[2025-03-09T18:03:26.901+0000] {logging_mixin.py:190} INFO - [2025-03-09T18:03:26.900+0000] {dagbag.py:588} INFO - Filling up the DagBag from /home/airflow/.local/lib/python3.12/site-packages/airflow/example_dags/example_latest_only.py
[2025-03-09T18:03:26.908+0000] {processor.py:925} INFO - DAG(s) 'latest_only' retrieved from /home/airflow/.local/lib/python3.12/site-packages/airflow/example_dags/example_latest_only.py
[2025-03-09T18:03:26.935+0000] {logging_mixin.py:190} INFO - [2025-03-09T18:03:26.935+0000] {dag.py:3239} INFO - Sync 1 DAGs
[2025-03-09T18:03:26.964+0000] {logging_mixin.py:190} INFO - [2025-03-09T18:03:26.963+0000] {dag.py:4180} INFO - Setting next_dagrun for latest_only to 2025-03-09 12:00:00+00:00, run_after=2025-03-09 16:00:00+00:00
[2025-03-09T18:03:26.988+0000] {processor.py:208} INFO - Processing /home/airflow/.local/lib/python3.12/site-packages/airflow/example_dags/example_latest_only.py took 0.099 seconds
[2025-03-09T18:03:57.914+0000] {processor.py:186} INFO - Started process (PID=2398) to work on /home/airflow/.local/lib/python3.12/site-packages/airflow/example_dags/example_latest_only.py
[2025-03-09T18:03:57.916+0000] {processor.py:914} INFO - Processing file /home/airflow/.local/lib/python3.12/site-packages/airflow/example_dags/example_latest_only.py for tasks to queue
[2025-03-09T18:03:57.919+0000] {logging_mixin.py:190} INFO - [2025-03-09T18:03:57.918+0000] {dagbag.py:588} INFO - Filling up the DagBag from /home/airflow/.local/lib/python3.12/site-packages/airflow/example_dags/example_latest_only.py
[2025-03-09T18:03:57.928+0000] {processor.py:925} INFO - DAG(s) 'latest_only' retrieved from /home/airflow/.local/lib/python3.12/site-packages/airflow/example_dags/example_latest_only.py
[2025-03-09T18:03:57.957+0000] {logging_mixin.py:190} INFO - [2025-03-09T18:03:57.956+0000] {dag.py:3239} INFO - Sync 1 DAGs
[2025-03-09T18:03:57.993+0000] {logging_mixin.py:190} INFO - [2025-03-09T18:03:57.993+0000] {dag.py:4180} INFO - Setting next_dagrun for latest_only to 2025-03-09 12:00:00+00:00, run_after=2025-03-09 16:00:00+00:00
[2025-03-09T18:03:58.034+0000] {processor.py:208} INFO - Processing /home/airflow/.local/lib/python3.12/site-packages/airflow/example_dags/example_latest_only.py took 0.126 seconds
[2025-03-09T18:04:29.591+0000] {processor.py:186} INFO - Started process (PID=2465) to work on /home/airflow/.local/lib/python3.12/site-packages/airflow/example_dags/example_latest_only.py
[2025-03-09T18:04:29.593+0000] {processor.py:914} INFO - Processing file /home/airflow/.local/lib/python3.12/site-packages/airflow/example_dags/example_latest_only.py for tasks to queue
[2025-03-09T18:04:29.596+0000] {logging_mixin.py:190} INFO - [2025-03-09T18:04:29.595+0000] {dagbag.py:588} INFO - Filling up the DagBag from /home/airflow/.local/lib/python3.12/site-packages/airflow/example_dags/example_latest_only.py
[2025-03-09T18:04:29.607+0000] {processor.py:925} INFO - DAG(s) 'latest_only' retrieved from /home/airflow/.local/lib/python3.12/site-packages/airflow/example_dags/example_latest_only.py
[2025-03-09T18:04:29.653+0000] {logging_mixin.py:190} INFO - [2025-03-09T18:04:29.653+0000] {dag.py:3239} INFO - Sync 1 DAGs
[2025-03-09T18:04:29.692+0000] {logging_mixin.py:190} INFO - [2025-03-09T18:04:29.692+0000] {dag.py:4180} INFO - Setting next_dagrun for latest_only to 2025-03-09 12:00:00+00:00, run_after=2025-03-09 16:00:00+00:00
[2025-03-09T18:04:29.724+0000] {processor.py:208} INFO - Processing /home/airflow/.local/lib/python3.12/site-packages/airflow/example_dags/example_latest_only.py took 0.142 seconds
[2025-03-09T18:05:00.027+0000] {processor.py:186} INFO - Started process (PID=2530) to work on /home/airflow/.local/lib/python3.12/site-packages/airflow/example_dags/example_latest_only.py
[2025-03-09T18:05:00.028+0000] {processor.py:914} INFO - Processing file /home/airflow/.local/lib/python3.12/site-packages/airflow/example_dags/example_latest_only.py for tasks to queue
[2025-03-09T18:05:00.031+0000] {logging_mixin.py:190} INFO - [2025-03-09T18:05:00.031+0000] {dagbag.py:588} INFO - Filling up the DagBag from /home/airflow/.local/lib/python3.12/site-packages/airflow/example_dags/example_latest_only.py
[2025-03-09T18:05:00.039+0000] {processor.py:925} INFO - DAG(s) 'latest_only' retrieved from /home/airflow/.local/lib/python3.12/site-packages/airflow/example_dags/example_latest_only.py
[2025-03-09T18:05:00.061+0000] {logging_mixin.py:190} INFO - [2025-03-09T18:05:00.061+0000] {dag.py:3239} INFO - Sync 1 DAGs
[2025-03-09T18:05:00.083+0000] {logging_mixin.py:190} INFO - [2025-03-09T18:05:00.083+0000] {dag.py:4180} INFO - Setting next_dagrun for latest_only to 2025-03-09 12:00:00+00:00, run_after=2025-03-09 16:00:00+00:00
[2025-03-09T18:05:00.107+0000] {processor.py:208} INFO - Processing /home/airflow/.local/lib/python3.12/site-packages/airflow/example_dags/example_latest_only.py took 0.088 seconds
