[2025-03-09T17:45:33.398+0000] {processor.py:186} INFO - Started process (PID=81) to work on /home/airflow/.local/lib/python3.12/site-packages/airflow/example_dags/example_subdag_operator.py
[2025-03-09T17:45:33.400+0000] {processor.py:914} INFO - Processing file /home/airflow/.local/lib/python3.12/site-packages/airflow/example_dags/example_subdag_operator.py for tasks to queue
[2025-03-09T17:45:33.406+0000] {logging_mixin.py:190} INFO - [2025-03-09T17:45:33.405+0000] {dagbag.py:588} INFO - Filling up the DagBag from /home/airflow/.local/lib/python3.12/site-packages/airflow/example_dags/example_subdag_operator.py
[2025-03-09T17:45:33.477+0000] {processor.py:925} INFO - DAG(s) 'example_subdag_operator.section-1', 'example_subdag_operator.section-2', 'example_subdag_operator' retrieved from /home/airflow/.local/lib/python3.12/site-packages/airflow/example_dags/example_subdag_operator.py
[2025-03-09T17:45:33.505+0000] {logging_mixin.py:190} INFO - [2025-03-09T17:45:33.505+0000] {dag.py:3239} INFO - Sync 3 DAGs
[2025-03-09T17:45:33.550+0000] {logging_mixin.py:190} INFO - [2025-03-09T17:45:33.549+0000] {dag.py:4180} INFO - Setting next_dagrun for example_subdag_operator to 2022-01-01 00:00:00+00:00, run_after=2022-01-01 00:00:00+00:00
[2025-03-09T17:45:33.560+0000] {logging_mixin.py:190} INFO - [2025-03-09T17:45:33.560+0000] {dag.py:4180} INFO - Setting next_dagrun for example_subdag_operator.section-1 to None, run_after=None
[2025-03-09T17:45:33.563+0000] {logging_mixin.py:190} INFO - [2025-03-09T17:45:33.563+0000] {dag.py:4180} INFO - Setting next_dagrun for example_subdag_operator.section-2 to None, run_after=None
[2025-03-09T17:45:33.578+0000] {logging_mixin.py:190} INFO - [2025-03-09T17:45:33.578+0000] {dag.py:3239} INFO - Sync 2 DAGs
[2025-03-09T17:45:33.593+0000] {logging_mixin.py:190} INFO - [2025-03-09T17:45:33.593+0000] {dag.py:4180} INFO - Setting next_dagrun for example_subdag_operator.section-1 to None, run_after=None
[2025-03-09T17:45:33.594+0000] {logging_mixin.py:190} INFO - [2025-03-09T17:45:33.594+0000] {dag.py:4180} INFO - Setting next_dagrun for example_subdag_operator.section-2 to None, run_after=None
[2025-03-09T17:45:33.622+0000] {processor.py:208} INFO - Processing /home/airflow/.local/lib/python3.12/site-packages/airflow/example_dags/example_subdag_operator.py took 0.239 seconds
[2025-03-09T17:46:04.122+0000] {processor.py:186} INFO - Started process (PID=146) to work on /home/airflow/.local/lib/python3.12/site-packages/airflow/example_dags/example_subdag_operator.py
[2025-03-09T17:46:04.125+0000] {processor.py:914} INFO - Processing file /home/airflow/.local/lib/python3.12/site-packages/airflow/example_dags/example_subdag_operator.py for tasks to queue
[2025-03-09T17:46:04.130+0000] {logging_mixin.py:190} INFO - [2025-03-09T17:46:04.129+0000] {dagbag.py:588} INFO - Filling up the DagBag from /home/airflow/.local/lib/python3.12/site-packages/airflow/example_dags/example_subdag_operator.py
[2025-03-09T17:46:04.183+0000] {processor.py:925} INFO - DAG(s) 'example_subdag_operator.section-1', 'example_subdag_operator.section-2', 'example_subdag_operator' retrieved from /home/airflow/.local/lib/python3.12/site-packages/airflow/example_dags/example_subdag_operator.py
[2025-03-09T17:46:04.209+0000] {logging_mixin.py:190} INFO - [2025-03-09T17:46:04.208+0000] {dag.py:3239} INFO - Sync 3 DAGs
[2025-03-09T17:46:04.235+0000] {logging_mixin.py:190} INFO - [2025-03-09T17:46:04.235+0000] {dag.py:4180} INFO - Setting next_dagrun for example_subdag_operator to 2022-01-01 00:00:00+00:00, run_after=2022-01-01 00:00:00+00:00
[2025-03-09T17:46:04.240+0000] {logging_mixin.py:190} INFO - [2025-03-09T17:46:04.240+0000] {dag.py:4180} INFO - Setting next_dagrun for example_subdag_operator.section-1 to None, run_after=None
[2025-03-09T17:46:04.243+0000] {logging_mixin.py:190} INFO - [2025-03-09T17:46:04.242+0000] {dag.py:4180} INFO - Setting next_dagrun for example_subdag_operator.section-2 to None, run_after=None
[2025-03-09T17:46:04.253+0000] {logging_mixin.py:190} INFO - [2025-03-09T17:46:04.253+0000] {dag.py:3239} INFO - Sync 2 DAGs
[2025-03-09T17:46:04.260+0000] {logging_mixin.py:190} INFO - [2025-03-09T17:46:04.260+0000] {dag.py:4180} INFO - Setting next_dagrun for example_subdag_operator.section-1 to None, run_after=None
[2025-03-09T17:46:04.261+0000] {logging_mixin.py:190} INFO - [2025-03-09T17:46:04.261+0000] {dag.py:4180} INFO - Setting next_dagrun for example_subdag_operator.section-2 to None, run_after=None
[2025-03-09T17:46:04.279+0000] {processor.py:208} INFO - Processing /home/airflow/.local/lib/python3.12/site-packages/airflow/example_dags/example_subdag_operator.py took 0.163 seconds
[2025-03-09T17:46:34.336+0000] {processor.py:186} INFO - Started process (PID=212) to work on /home/airflow/.local/lib/python3.12/site-packages/airflow/example_dags/example_subdag_operator.py
[2025-03-09T17:46:34.338+0000] {processor.py:914} INFO - Processing file /home/airflow/.local/lib/python3.12/site-packages/airflow/example_dags/example_subdag_operator.py for tasks to queue
[2025-03-09T17:46:34.340+0000] {logging_mixin.py:190} INFO - [2025-03-09T17:46:34.340+0000] {dagbag.py:588} INFO - Filling up the DagBag from /home/airflow/.local/lib/python3.12/site-packages/airflow/example_dags/example_subdag_operator.py
[2025-03-09T17:46:34.365+0000] {processor.py:925} INFO - DAG(s) 'example_subdag_operator.section-1', 'example_subdag_operator.section-2', 'example_subdag_operator' retrieved from /home/airflow/.local/lib/python3.12/site-packages/airflow/example_dags/example_subdag_operator.py
[2025-03-09T17:46:34.378+0000] {logging_mixin.py:190} INFO - [2025-03-09T17:46:34.378+0000] {dag.py:3239} INFO - Sync 3 DAGs
[2025-03-09T17:46:34.399+0000] {logging_mixin.py:190} INFO - [2025-03-09T17:46:34.399+0000] {dag.py:4180} INFO - Setting next_dagrun for example_subdag_operator to 2022-01-01 00:00:00+00:00, run_after=2022-01-01 00:00:00+00:00
[2025-03-09T17:46:34.403+0000] {logging_mixin.py:190} INFO - [2025-03-09T17:46:34.403+0000] {dag.py:4180} INFO - Setting next_dagrun for example_subdag_operator.section-1 to None, run_after=None
[2025-03-09T17:46:34.405+0000] {logging_mixin.py:190} INFO - [2025-03-09T17:46:34.405+0000] {dag.py:4180} INFO - Setting next_dagrun for example_subdag_operator.section-2 to None, run_after=None
[2025-03-09T17:46:34.412+0000] {logging_mixin.py:190} INFO - [2025-03-09T17:46:34.412+0000] {dag.py:3239} INFO - Sync 2 DAGs
[2025-03-09T17:46:34.419+0000] {logging_mixin.py:190} INFO - [2025-03-09T17:46:34.419+0000] {dag.py:4180} INFO - Setting next_dagrun for example_subdag_operator.section-1 to None, run_after=None
[2025-03-09T17:46:34.420+0000] {logging_mixin.py:190} INFO - [2025-03-09T17:46:34.420+0000] {dag.py:4180} INFO - Setting next_dagrun for example_subdag_operator.section-2 to None, run_after=None
[2025-03-09T17:46:34.434+0000] {processor.py:208} INFO - Processing /home/airflow/.local/lib/python3.12/site-packages/airflow/example_dags/example_subdag_operator.py took 0.103 seconds
[2025-03-09T17:47:04.495+0000] {processor.py:186} INFO - Started process (PID=277) to work on /home/airflow/.local/lib/python3.12/site-packages/airflow/example_dags/example_subdag_operator.py
[2025-03-09T17:47:04.497+0000] {processor.py:914} INFO - Processing file /home/airflow/.local/lib/python3.12/site-packages/airflow/example_dags/example_subdag_operator.py for tasks to queue
[2025-03-09T17:47:04.499+0000] {logging_mixin.py:190} INFO - [2025-03-09T17:47:04.499+0000] {dagbag.py:588} INFO - Filling up the DagBag from /home/airflow/.local/lib/python3.12/site-packages/airflow/example_dags/example_subdag_operator.py
[2025-03-09T17:47:04.530+0000] {processor.py:925} INFO - DAG(s) 'example_subdag_operator.section-1', 'example_subdag_operator.section-2', 'example_subdag_operator' retrieved from /home/airflow/.local/lib/python3.12/site-packages/airflow/example_dags/example_subdag_operator.py
[2025-03-09T17:47:04.552+0000] {logging_mixin.py:190} INFO - [2025-03-09T17:47:04.551+0000] {dag.py:3239} INFO - Sync 3 DAGs
[2025-03-09T17:47:04.584+0000] {logging_mixin.py:190} INFO - [2025-03-09T17:47:04.583+0000] {dag.py:4180} INFO - Setting next_dagrun for example_subdag_operator to 2022-01-01 00:00:00+00:00, run_after=2022-01-01 00:00:00+00:00
[2025-03-09T17:47:04.589+0000] {logging_mixin.py:190} INFO - [2025-03-09T17:47:04.589+0000] {dag.py:4180} INFO - Setting next_dagrun for example_subdag_operator.section-1 to None, run_after=None
[2025-03-09T17:47:04.592+0000] {logging_mixin.py:190} INFO - [2025-03-09T17:47:04.591+0000] {dag.py:4180} INFO - Setting next_dagrun for example_subdag_operator.section-2 to None, run_after=None
[2025-03-09T17:47:04.609+0000] {logging_mixin.py:190} INFO - [2025-03-09T17:47:04.608+0000] {dag.py:3239} INFO - Sync 2 DAGs
[2025-03-09T17:47:04.619+0000] {logging_mixin.py:190} INFO - [2025-03-09T17:47:04.619+0000] {dag.py:4180} INFO - Setting next_dagrun for example_subdag_operator.section-1 to None, run_after=None
[2025-03-09T17:47:04.621+0000] {logging_mixin.py:190} INFO - [2025-03-09T17:47:04.620+0000] {dag.py:4180} INFO - Setting next_dagrun for example_subdag_operator.section-2 to None, run_after=None
[2025-03-09T17:47:04.643+0000] {processor.py:208} INFO - Processing /home/airflow/.local/lib/python3.12/site-packages/airflow/example_dags/example_subdag_operator.py took 0.153 seconds
[2025-03-09T17:47:35.061+0000] {processor.py:186} INFO - Started process (PID=342) to work on /home/airflow/.local/lib/python3.12/site-packages/airflow/example_dags/example_subdag_operator.py
[2025-03-09T17:47:35.062+0000] {processor.py:914} INFO - Processing file /home/airflow/.local/lib/python3.12/site-packages/airflow/example_dags/example_subdag_operator.py for tasks to queue
[2025-03-09T17:47:35.064+0000] {logging_mixin.py:190} INFO - [2025-03-09T17:47:35.064+0000] {dagbag.py:588} INFO - Filling up the DagBag from /home/airflow/.local/lib/python3.12/site-packages/airflow/example_dags/example_subdag_operator.py
[2025-03-09T17:47:35.097+0000] {processor.py:925} INFO - DAG(s) 'example_subdag_operator.section-1', 'example_subdag_operator.section-2', 'example_subdag_operator' retrieved from /home/airflow/.local/lib/python3.12/site-packages/airflow/example_dags/example_subdag_operator.py
[2025-03-09T17:47:35.128+0000] {logging_mixin.py:190} INFO - [2025-03-09T17:47:35.128+0000] {dag.py:3239} INFO - Sync 3 DAGs
[2025-03-09T17:47:35.182+0000] {logging_mixin.py:190} INFO - [2025-03-09T17:47:35.181+0000] {dag.py:4180} INFO - Setting next_dagrun for example_subdag_operator to 2022-01-01 00:00:00+00:00, run_after=2022-01-01 00:00:00+00:00
[2025-03-09T17:47:35.213+0000] {logging_mixin.py:190} INFO - [2025-03-09T17:47:35.213+0000] {dag.py:4180} INFO - Setting next_dagrun for example_subdag_operator.section-1 to None, run_after=None
[2025-03-09T17:47:35.220+0000] {logging_mixin.py:190} INFO - [2025-03-09T17:47:35.220+0000] {dag.py:4180} INFO - Setting next_dagrun for example_subdag_operator.section-2 to None, run_after=None
[2025-03-09T17:47:35.244+0000] {logging_mixin.py:190} INFO - [2025-03-09T17:47:35.243+0000] {dag.py:3239} INFO - Sync 2 DAGs
[2025-03-09T17:47:35.270+0000] {logging_mixin.py:190} INFO - [2025-03-09T17:47:35.270+0000] {dag.py:4180} INFO - Setting next_dagrun for example_subdag_operator.section-1 to None, run_after=None
[2025-03-09T17:47:35.271+0000] {logging_mixin.py:190} INFO - [2025-03-09T17:47:35.271+0000] {dag.py:4180} INFO - Setting next_dagrun for example_subdag_operator.section-2 to None, run_after=None
[2025-03-09T17:47:35.296+0000] {processor.py:208} INFO - Processing /home/airflow/.local/lib/python3.12/site-packages/airflow/example_dags/example_subdag_operator.py took 0.240 seconds
[2025-03-09T17:48:05.929+0000] {processor.py:186} INFO - Started process (PID=401) to work on /home/airflow/.local/lib/python3.12/site-packages/airflow/example_dags/example_subdag_operator.py
[2025-03-09T17:48:05.935+0000] {processor.py:914} INFO - Processing file /home/airflow/.local/lib/python3.12/site-packages/airflow/example_dags/example_subdag_operator.py for tasks to queue
[2025-03-09T17:48:05.940+0000] {logging_mixin.py:190} INFO - [2025-03-09T17:48:05.940+0000] {dagbag.py:588} INFO - Filling up the DagBag from /home/airflow/.local/lib/python3.12/site-packages/airflow/example_dags/example_subdag_operator.py
[2025-03-09T17:48:05.991+0000] {processor.py:925} INFO - DAG(s) 'example_subdag_operator.section-1', 'example_subdag_operator.section-2', 'example_subdag_operator' retrieved from /home/airflow/.local/lib/python3.12/site-packages/airflow/example_dags/example_subdag_operator.py
[2025-03-09T17:48:06.011+0000] {logging_mixin.py:190} INFO - [2025-03-09T17:48:06.010+0000] {dag.py:3239} INFO - Sync 3 DAGs
[2025-03-09T17:48:06.043+0000] {logging_mixin.py:190} INFO - [2025-03-09T17:48:06.042+0000] {dag.py:4180} INFO - Setting next_dagrun for example_subdag_operator to 2022-01-01 00:00:00+00:00, run_after=2022-01-01 00:00:00+00:00
[2025-03-09T17:48:06.047+0000] {logging_mixin.py:190} INFO - [2025-03-09T17:48:06.046+0000] {dag.py:4180} INFO - Setting next_dagrun for example_subdag_operator.section-1 to None, run_after=None
[2025-03-09T17:48:06.049+0000] {logging_mixin.py:190} INFO - [2025-03-09T17:48:06.049+0000] {dag.py:4180} INFO - Setting next_dagrun for example_subdag_operator.section-2 to None, run_after=None
[2025-03-09T17:48:06.057+0000] {logging_mixin.py:190} INFO - [2025-03-09T17:48:06.056+0000] {dag.py:3239} INFO - Sync 2 DAGs
[2025-03-09T17:48:06.064+0000] {logging_mixin.py:190} INFO - [2025-03-09T17:48:06.063+0000] {dag.py:4180} INFO - Setting next_dagrun for example_subdag_operator.section-1 to None, run_after=None
[2025-03-09T17:48:06.065+0000] {logging_mixin.py:190} INFO - [2025-03-09T17:48:06.064+0000] {dag.py:4180} INFO - Setting next_dagrun for example_subdag_operator.section-2 to None, run_after=None
[2025-03-09T17:48:06.080+0000] {processor.py:208} INFO - Processing /home/airflow/.local/lib/python3.12/site-packages/airflow/example_dags/example_subdag_operator.py took 0.158 seconds
[2025-03-09T17:48:36.333+0000] {processor.py:186} INFO - Started process (PID=466) to work on /home/airflow/.local/lib/python3.12/site-packages/airflow/example_dags/example_subdag_operator.py
[2025-03-09T17:48:36.334+0000] {processor.py:914} INFO - Processing file /home/airflow/.local/lib/python3.12/site-packages/airflow/example_dags/example_subdag_operator.py for tasks to queue
[2025-03-09T17:48:36.336+0000] {logging_mixin.py:190} INFO - [2025-03-09T17:48:36.336+0000] {dagbag.py:588} INFO - Filling up the DagBag from /home/airflow/.local/lib/python3.12/site-packages/airflow/example_dags/example_subdag_operator.py
[2025-03-09T17:48:36.367+0000] {processor.py:925} INFO - DAG(s) 'example_subdag_operator.section-1', 'example_subdag_operator.section-2', 'example_subdag_operator' retrieved from /home/airflow/.local/lib/python3.12/site-packages/airflow/example_dags/example_subdag_operator.py
[2025-03-09T17:48:36.383+0000] {logging_mixin.py:190} INFO - [2025-03-09T17:48:36.382+0000] {dag.py:3239} INFO - Sync 3 DAGs
[2025-03-09T17:48:36.411+0000] {logging_mixin.py:190} INFO - [2025-03-09T17:48:36.410+0000] {dag.py:4180} INFO - Setting next_dagrun for example_subdag_operator to 2022-01-01 00:00:00+00:00, run_after=2022-01-01 00:00:00+00:00
[2025-03-09T17:48:36.416+0000] {logging_mixin.py:190} INFO - [2025-03-09T17:48:36.415+0000] {dag.py:4180} INFO - Setting next_dagrun for example_subdag_operator.section-1 to None, run_after=None
[2025-03-09T17:48:36.419+0000] {logging_mixin.py:190} INFO - [2025-03-09T17:48:36.419+0000] {dag.py:4180} INFO - Setting next_dagrun for example_subdag_operator.section-2 to None, run_after=None
[2025-03-09T17:48:36.432+0000] {logging_mixin.py:190} INFO - [2025-03-09T17:48:36.431+0000] {dag.py:3239} INFO - Sync 2 DAGs
[2025-03-09T17:48:36.440+0000] {logging_mixin.py:190} INFO - [2025-03-09T17:48:36.439+0000] {dag.py:4180} INFO - Setting next_dagrun for example_subdag_operator.section-1 to None, run_after=None
[2025-03-09T17:48:36.440+0000] {logging_mixin.py:190} INFO - [2025-03-09T17:48:36.440+0000] {dag.py:4180} INFO - Setting next_dagrun for example_subdag_operator.section-2 to None, run_after=None
[2025-03-09T17:48:36.456+0000] {processor.py:208} INFO - Processing /home/airflow/.local/lib/python3.12/site-packages/airflow/example_dags/example_subdag_operator.py took 0.128 seconds
[2025-03-09T17:49:06.711+0000] {processor.py:186} INFO - Started process (PID=531) to work on /home/airflow/.local/lib/python3.12/site-packages/airflow/example_dags/example_subdag_operator.py
[2025-03-09T17:49:06.712+0000] {processor.py:914} INFO - Processing file /home/airflow/.local/lib/python3.12/site-packages/airflow/example_dags/example_subdag_operator.py for tasks to queue
[2025-03-09T17:49:06.716+0000] {logging_mixin.py:190} INFO - [2025-03-09T17:49:06.716+0000] {dagbag.py:588} INFO - Filling up the DagBag from /home/airflow/.local/lib/python3.12/site-packages/airflow/example_dags/example_subdag_operator.py
[2025-03-09T17:49:06.749+0000] {processor.py:925} INFO - DAG(s) 'example_subdag_operator.section-1', 'example_subdag_operator.section-2', 'example_subdag_operator' retrieved from /home/airflow/.local/lib/python3.12/site-packages/airflow/example_dags/example_subdag_operator.py
[2025-03-09T17:49:06.764+0000] {logging_mixin.py:190} INFO - [2025-03-09T17:49:06.764+0000] {dag.py:3239} INFO - Sync 3 DAGs
[2025-03-09T17:49:06.788+0000] {logging_mixin.py:190} INFO - [2025-03-09T17:49:06.788+0000] {dag.py:4180} INFO - Setting next_dagrun for example_subdag_operator to 2022-01-01 00:00:00+00:00, run_after=2022-01-01 00:00:00+00:00
[2025-03-09T17:49:06.792+0000] {logging_mixin.py:190} INFO - [2025-03-09T17:49:06.792+0000] {dag.py:4180} INFO - Setting next_dagrun for example_subdag_operator.section-1 to None, run_after=None
[2025-03-09T17:49:06.794+0000] {logging_mixin.py:190} INFO - [2025-03-09T17:49:06.794+0000] {dag.py:4180} INFO - Setting next_dagrun for example_subdag_operator.section-2 to None, run_after=None
[2025-03-09T17:49:06.802+0000] {logging_mixin.py:190} INFO - [2025-03-09T17:49:06.801+0000] {dag.py:3239} INFO - Sync 2 DAGs
[2025-03-09T17:49:06.811+0000] {logging_mixin.py:190} INFO - [2025-03-09T17:49:06.810+0000] {dag.py:4180} INFO - Setting next_dagrun for example_subdag_operator.section-1 to None, run_after=None
[2025-03-09T17:49:06.812+0000] {logging_mixin.py:190} INFO - [2025-03-09T17:49:06.811+0000] {dag.py:4180} INFO - Setting next_dagrun for example_subdag_operator.section-2 to None, run_after=None
[2025-03-09T17:49:06.825+0000] {processor.py:208} INFO - Processing /home/airflow/.local/lib/python3.12/site-packages/airflow/example_dags/example_subdag_operator.py took 0.121 seconds
[2025-03-09T17:49:37.231+0000] {processor.py:186} INFO - Started process (PID=596) to work on /home/airflow/.local/lib/python3.12/site-packages/airflow/example_dags/example_subdag_operator.py
[2025-03-09T17:49:37.234+0000] {processor.py:914} INFO - Processing file /home/airflow/.local/lib/python3.12/site-packages/airflow/example_dags/example_subdag_operator.py for tasks to queue
[2025-03-09T17:49:37.239+0000] {logging_mixin.py:190} INFO - [2025-03-09T17:49:37.238+0000] {dagbag.py:588} INFO - Filling up the DagBag from /home/airflow/.local/lib/python3.12/site-packages/airflow/example_dags/example_subdag_operator.py
[2025-03-09T17:49:37.276+0000] {processor.py:925} INFO - DAG(s) 'example_subdag_operator.section-1', 'example_subdag_operator.section-2', 'example_subdag_operator' retrieved from /home/airflow/.local/lib/python3.12/site-packages/airflow/example_dags/example_subdag_operator.py
[2025-03-09T17:49:37.293+0000] {logging_mixin.py:190} INFO - [2025-03-09T17:49:37.292+0000] {dag.py:3239} INFO - Sync 3 DAGs
[2025-03-09T17:49:37.322+0000] {logging_mixin.py:190} INFO - [2025-03-09T17:49:37.321+0000] {dag.py:4180} INFO - Setting next_dagrun for example_subdag_operator to 2022-01-01 00:00:00+00:00, run_after=2022-01-01 00:00:00+00:00
[2025-03-09T17:49:37.326+0000] {logging_mixin.py:190} INFO - [2025-03-09T17:49:37.326+0000] {dag.py:4180} INFO - Setting next_dagrun for example_subdag_operator.section-1 to None, run_after=None
[2025-03-09T17:49:37.328+0000] {logging_mixin.py:190} INFO - [2025-03-09T17:49:37.328+0000] {dag.py:4180} INFO - Setting next_dagrun for example_subdag_operator.section-2 to None, run_after=None
[2025-03-09T17:49:37.338+0000] {logging_mixin.py:190} INFO - [2025-03-09T17:49:37.337+0000] {dag.py:3239} INFO - Sync 2 DAGs
[2025-03-09T17:49:37.345+0000] {logging_mixin.py:190} INFO - [2025-03-09T17:49:37.344+0000] {dag.py:4180} INFO - Setting next_dagrun for example_subdag_operator.section-1 to None, run_after=None
[2025-03-09T17:49:37.346+0000] {logging_mixin.py:190} INFO - [2025-03-09T17:49:37.345+0000] {dag.py:4180} INFO - Setting next_dagrun for example_subdag_operator.section-2 to None, run_after=None
[2025-03-09T17:49:37.360+0000] {processor.py:208} INFO - Processing /home/airflow/.local/lib/python3.12/site-packages/airflow/example_dags/example_subdag_operator.py took 0.137 seconds
[2025-03-09T17:50:07.915+0000] {processor.py:186} INFO - Started process (PID=661) to work on /home/airflow/.local/lib/python3.12/site-packages/airflow/example_dags/example_subdag_operator.py
[2025-03-09T17:50:07.916+0000] {processor.py:914} INFO - Processing file /home/airflow/.local/lib/python3.12/site-packages/airflow/example_dags/example_subdag_operator.py for tasks to queue
[2025-03-09T17:50:07.919+0000] {logging_mixin.py:190} INFO - [2025-03-09T17:50:07.918+0000] {dagbag.py:588} INFO - Filling up the DagBag from /home/airflow/.local/lib/python3.12/site-packages/airflow/example_dags/example_subdag_operator.py
[2025-03-09T17:50:07.954+0000] {processor.py:925} INFO - DAG(s) 'example_subdag_operator.section-1', 'example_subdag_operator.section-2', 'example_subdag_operator' retrieved from /home/airflow/.local/lib/python3.12/site-packages/airflow/example_dags/example_subdag_operator.py
[2025-03-09T17:50:07.975+0000] {logging_mixin.py:190} INFO - [2025-03-09T17:50:07.974+0000] {dag.py:3239} INFO - Sync 3 DAGs
[2025-03-09T17:50:08.005+0000] {logging_mixin.py:190} INFO - [2025-03-09T17:50:08.004+0000] {dag.py:4180} INFO - Setting next_dagrun for example_subdag_operator to 2022-01-01 00:00:00+00:00, run_after=2022-01-01 00:00:00+00:00
[2025-03-09T17:50:08.009+0000] {logging_mixin.py:190} INFO - [2025-03-09T17:50:08.009+0000] {dag.py:4180} INFO - Setting next_dagrun for example_subdag_operator.section-1 to None, run_after=None
[2025-03-09T17:50:08.012+0000] {logging_mixin.py:190} INFO - [2025-03-09T17:50:08.012+0000] {dag.py:4180} INFO - Setting next_dagrun for example_subdag_operator.section-2 to None, run_after=None
[2025-03-09T17:50:08.022+0000] {logging_mixin.py:190} INFO - [2025-03-09T17:50:08.022+0000] {dag.py:3239} INFO - Sync 2 DAGs
[2025-03-09T17:50:08.032+0000] {logging_mixin.py:190} INFO - [2025-03-09T17:50:08.032+0000] {dag.py:4180} INFO - Setting next_dagrun for example_subdag_operator.section-1 to None, run_after=None
[2025-03-09T17:50:08.033+0000] {logging_mixin.py:190} INFO - [2025-03-09T17:50:08.032+0000] {dag.py:4180} INFO - Setting next_dagrun for example_subdag_operator.section-2 to None, run_after=None
[2025-03-09T17:50:08.048+0000] {processor.py:208} INFO - Processing /home/airflow/.local/lib/python3.12/site-packages/airflow/example_dags/example_subdag_operator.py took 0.139 seconds
[2025-03-09T17:50:38.375+0000] {processor.py:186} INFO - Started process (PID=729) to work on /home/airflow/.local/lib/python3.12/site-packages/airflow/example_dags/example_subdag_operator.py
[2025-03-09T17:50:38.376+0000] {processor.py:914} INFO - Processing file /home/airflow/.local/lib/python3.12/site-packages/airflow/example_dags/example_subdag_operator.py for tasks to queue
[2025-03-09T17:50:38.379+0000] {logging_mixin.py:190} INFO - [2025-03-09T17:50:38.378+0000] {dagbag.py:588} INFO - Filling up the DagBag from /home/airflow/.local/lib/python3.12/site-packages/airflow/example_dags/example_subdag_operator.py
[2025-03-09T17:50:38.405+0000] {processor.py:925} INFO - DAG(s) 'example_subdag_operator.section-1', 'example_subdag_operator.section-2', 'example_subdag_operator' retrieved from /home/airflow/.local/lib/python3.12/site-packages/airflow/example_dags/example_subdag_operator.py
[2025-03-09T17:50:38.421+0000] {logging_mixin.py:190} INFO - [2025-03-09T17:50:38.421+0000] {dag.py:3239} INFO - Sync 3 DAGs
[2025-03-09T17:50:38.446+0000] {logging_mixin.py:190} INFO - [2025-03-09T17:50:38.445+0000] {dag.py:4180} INFO - Setting next_dagrun for example_subdag_operator to 2022-01-01 00:00:00+00:00, run_after=2022-01-01 00:00:00+00:00
[2025-03-09T17:50:38.451+0000] {logging_mixin.py:190} INFO - [2025-03-09T17:50:38.450+0000] {dag.py:4180} INFO - Setting next_dagrun for example_subdag_operator.section-1 to None, run_after=None
[2025-03-09T17:50:38.454+0000] {logging_mixin.py:190} INFO - [2025-03-09T17:50:38.454+0000] {dag.py:4180} INFO - Setting next_dagrun for example_subdag_operator.section-2 to None, run_after=None
[2025-03-09T17:50:38.463+0000] {logging_mixin.py:190} INFO - [2025-03-09T17:50:38.463+0000] {dag.py:3239} INFO - Sync 2 DAGs
[2025-03-09T17:50:38.472+0000] {logging_mixin.py:190} INFO - [2025-03-09T17:50:38.471+0000] {dag.py:4180} INFO - Setting next_dagrun for example_subdag_operator.section-1 to None, run_after=None
[2025-03-09T17:50:38.473+0000] {logging_mixin.py:190} INFO - [2025-03-09T17:50:38.472+0000] {dag.py:4180} INFO - Setting next_dagrun for example_subdag_operator.section-2 to None, run_after=None
[2025-03-09T17:50:38.488+0000] {processor.py:208} INFO - Processing /home/airflow/.local/lib/python3.12/site-packages/airflow/example_dags/example_subdag_operator.py took 0.118 seconds
[2025-03-09T17:51:08.656+0000] {processor.py:186} INFO - Started process (PID=793) to work on /home/airflow/.local/lib/python3.12/site-packages/airflow/example_dags/example_subdag_operator.py
[2025-03-09T17:51:08.657+0000] {processor.py:914} INFO - Processing file /home/airflow/.local/lib/python3.12/site-packages/airflow/example_dags/example_subdag_operator.py for tasks to queue
[2025-03-09T17:51:08.659+0000] {logging_mixin.py:190} INFO - [2025-03-09T17:51:08.659+0000] {dagbag.py:588} INFO - Filling up the DagBag from /home/airflow/.local/lib/python3.12/site-packages/airflow/example_dags/example_subdag_operator.py
[2025-03-09T17:51:08.686+0000] {processor.py:925} INFO - DAG(s) 'example_subdag_operator.section-1', 'example_subdag_operator.section-2', 'example_subdag_operator' retrieved from /home/airflow/.local/lib/python3.12/site-packages/airflow/example_dags/example_subdag_operator.py
[2025-03-09T17:51:08.701+0000] {logging_mixin.py:190} INFO - [2025-03-09T17:51:08.701+0000] {dag.py:3239} INFO - Sync 3 DAGs
[2025-03-09T17:51:08.723+0000] {logging_mixin.py:190} INFO - [2025-03-09T17:51:08.723+0000] {dag.py:4180} INFO - Setting next_dagrun for example_subdag_operator to 2022-01-01 00:00:00+00:00, run_after=2022-01-01 00:00:00+00:00
[2025-03-09T17:51:08.727+0000] {logging_mixin.py:190} INFO - [2025-03-09T17:51:08.727+0000] {dag.py:4180} INFO - Setting next_dagrun for example_subdag_operator.section-1 to None, run_after=None
[2025-03-09T17:51:08.729+0000] {logging_mixin.py:190} INFO - [2025-03-09T17:51:08.729+0000] {dag.py:4180} INFO - Setting next_dagrun for example_subdag_operator.section-2 to None, run_after=None
[2025-03-09T17:51:08.737+0000] {logging_mixin.py:190} INFO - [2025-03-09T17:51:08.737+0000] {dag.py:3239} INFO - Sync 2 DAGs
[2025-03-09T17:51:08.743+0000] {logging_mixin.py:190} INFO - [2025-03-09T17:51:08.743+0000] {dag.py:4180} INFO - Setting next_dagrun for example_subdag_operator.section-1 to None, run_after=None
[2025-03-09T17:51:08.744+0000] {logging_mixin.py:190} INFO - [2025-03-09T17:51:08.743+0000] {dag.py:4180} INFO - Setting next_dagrun for example_subdag_operator.section-2 to None, run_after=None
[2025-03-09T17:51:08.760+0000] {processor.py:208} INFO - Processing /home/airflow/.local/lib/python3.12/site-packages/airflow/example_dags/example_subdag_operator.py took 0.110 seconds
[2025-03-09T17:51:40.682+0000] {processor.py:186} INFO - Started process (PID=859) to work on /home/airflow/.local/lib/python3.12/site-packages/airflow/example_dags/example_subdag_operator.py
[2025-03-09T17:51:40.683+0000] {processor.py:914} INFO - Processing file /home/airflow/.local/lib/python3.12/site-packages/airflow/example_dags/example_subdag_operator.py for tasks to queue
[2025-03-09T17:51:40.686+0000] {logging_mixin.py:190} INFO - [2025-03-09T17:51:40.685+0000] {dagbag.py:588} INFO - Filling up the DagBag from /home/airflow/.local/lib/python3.12/site-packages/airflow/example_dags/example_subdag_operator.py
[2025-03-09T17:51:40.715+0000] {processor.py:925} INFO - DAG(s) 'example_subdag_operator.section-1', 'example_subdag_operator.section-2', 'example_subdag_operator' retrieved from /home/airflow/.local/lib/python3.12/site-packages/airflow/example_dags/example_subdag_operator.py
[2025-03-09T17:51:40.730+0000] {logging_mixin.py:190} INFO - [2025-03-09T17:51:40.730+0000] {dag.py:3239} INFO - Sync 3 DAGs
[2025-03-09T17:51:40.754+0000] {logging_mixin.py:190} INFO - [2025-03-09T17:51:40.754+0000] {dag.py:4180} INFO - Setting next_dagrun for example_subdag_operator to 2022-01-01 00:00:00+00:00, run_after=2022-01-01 00:00:00+00:00
[2025-03-09T17:51:40.759+0000] {logging_mixin.py:190} INFO - [2025-03-09T17:51:40.759+0000] {dag.py:4180} INFO - Setting next_dagrun for example_subdag_operator.section-1 to None, run_after=None
[2025-03-09T17:51:40.762+0000] {logging_mixin.py:190} INFO - [2025-03-09T17:51:40.761+0000] {dag.py:4180} INFO - Setting next_dagrun for example_subdag_operator.section-2 to None, run_after=None
[2025-03-09T17:51:40.772+0000] {logging_mixin.py:190} INFO - [2025-03-09T17:51:40.771+0000] {dag.py:3239} INFO - Sync 2 DAGs
[2025-03-09T17:51:40.780+0000] {logging_mixin.py:190} INFO - [2025-03-09T17:51:40.780+0000] {dag.py:4180} INFO - Setting next_dagrun for example_subdag_operator.section-1 to None, run_after=None
[2025-03-09T17:51:40.781+0000] {logging_mixin.py:190} INFO - [2025-03-09T17:51:40.781+0000] {dag.py:4180} INFO - Setting next_dagrun for example_subdag_operator.section-2 to None, run_after=None
[2025-03-09T17:51:40.805+0000] {processor.py:208} INFO - Processing /home/airflow/.local/lib/python3.12/site-packages/airflow/example_dags/example_subdag_operator.py took 0.130 seconds
[2025-03-09T17:52:11.348+0000] {processor.py:186} INFO - Started process (PID=925) to work on /home/airflow/.local/lib/python3.12/site-packages/airflow/example_dags/example_subdag_operator.py
[2025-03-09T17:52:11.351+0000] {processor.py:914} INFO - Processing file /home/airflow/.local/lib/python3.12/site-packages/airflow/example_dags/example_subdag_operator.py for tasks to queue
[2025-03-09T17:52:11.357+0000] {logging_mixin.py:190} INFO - [2025-03-09T17:52:11.356+0000] {dagbag.py:588} INFO - Filling up the DagBag from /home/airflow/.local/lib/python3.12/site-packages/airflow/example_dags/example_subdag_operator.py
[2025-03-09T17:52:11.414+0000] {processor.py:925} INFO - DAG(s) 'example_subdag_operator.section-1', 'example_subdag_operator.section-2', 'example_subdag_operator' retrieved from /home/airflow/.local/lib/python3.12/site-packages/airflow/example_dags/example_subdag_operator.py
[2025-03-09T17:52:11.461+0000] {logging_mixin.py:190} INFO - [2025-03-09T17:52:11.460+0000] {dag.py:3239} INFO - Sync 3 DAGs
[2025-03-09T17:52:11.511+0000] {logging_mixin.py:190} INFO - [2025-03-09T17:52:11.510+0000] {dag.py:4180} INFO - Setting next_dagrun for example_subdag_operator to 2022-01-01 00:00:00+00:00, run_after=2022-01-01 00:00:00+00:00
[2025-03-09T17:52:11.519+0000] {logging_mixin.py:190} INFO - [2025-03-09T17:52:11.519+0000] {dag.py:4180} INFO - Setting next_dagrun for example_subdag_operator.section-1 to None, run_after=None
[2025-03-09T17:52:11.524+0000] {logging_mixin.py:190} INFO - [2025-03-09T17:52:11.523+0000] {dag.py:4180} INFO - Setting next_dagrun for example_subdag_operator.section-2 to None, run_after=None
[2025-03-09T17:52:11.546+0000] {logging_mixin.py:190} INFO - [2025-03-09T17:52:11.546+0000] {dag.py:3239} INFO - Sync 2 DAGs
[2025-03-09T17:52:11.562+0000] {logging_mixin.py:190} INFO - [2025-03-09T17:52:11.561+0000] {dag.py:4180} INFO - Setting next_dagrun for example_subdag_operator.section-1 to None, run_after=None
[2025-03-09T17:52:11.564+0000] {logging_mixin.py:190} INFO - [2025-03-09T17:52:11.563+0000] {dag.py:4180} INFO - Setting next_dagrun for example_subdag_operator.section-2 to None, run_after=None
[2025-03-09T17:52:11.599+0000] {processor.py:208} INFO - Processing /home/airflow/.local/lib/python3.12/site-packages/airflow/example_dags/example_subdag_operator.py took 0.260 seconds
[2025-03-09T17:52:42.898+0000] {processor.py:186} INFO - Started process (PID=991) to work on /home/airflow/.local/lib/python3.12/site-packages/airflow/example_dags/example_subdag_operator.py
[2025-03-09T17:52:42.899+0000] {processor.py:914} INFO - Processing file /home/airflow/.local/lib/python3.12/site-packages/airflow/example_dags/example_subdag_operator.py for tasks to queue
[2025-03-09T17:52:42.901+0000] {logging_mixin.py:190} INFO - [2025-03-09T17:52:42.901+0000] {dagbag.py:588} INFO - Filling up the DagBag from /home/airflow/.local/lib/python3.12/site-packages/airflow/example_dags/example_subdag_operator.py
[2025-03-09T17:52:42.928+0000] {processor.py:925} INFO - DAG(s) 'example_subdag_operator.section-1', 'example_subdag_operator.section-2', 'example_subdag_operator' retrieved from /home/airflow/.local/lib/python3.12/site-packages/airflow/example_dags/example_subdag_operator.py
[2025-03-09T17:52:42.949+0000] {logging_mixin.py:190} INFO - [2025-03-09T17:52:42.949+0000] {dag.py:3239} INFO - Sync 3 DAGs
[2025-03-09T17:52:42.975+0000] {logging_mixin.py:190} INFO - [2025-03-09T17:52:42.975+0000] {dag.py:4180} INFO - Setting next_dagrun for example_subdag_operator to 2022-01-01 00:00:00+00:00, run_after=2022-01-01 00:00:00+00:00
[2025-03-09T17:52:42.979+0000] {logging_mixin.py:190} INFO - [2025-03-09T17:52:42.979+0000] {dag.py:4180} INFO - Setting next_dagrun for example_subdag_operator.section-1 to None, run_after=None
[2025-03-09T17:52:42.982+0000] {logging_mixin.py:190} INFO - [2025-03-09T17:52:42.982+0000] {dag.py:4180} INFO - Setting next_dagrun for example_subdag_operator.section-2 to None, run_after=None
[2025-03-09T17:52:42.991+0000] {logging_mixin.py:190} INFO - [2025-03-09T17:52:42.991+0000] {dag.py:3239} INFO - Sync 2 DAGs
[2025-03-09T17:52:43.002+0000] {logging_mixin.py:190} INFO - [2025-03-09T17:52:43.000+0000] {dag.py:4180} INFO - Setting next_dagrun for example_subdag_operator.section-1 to None, run_after=None
[2025-03-09T17:52:43.012+0000] {logging_mixin.py:190} INFO - [2025-03-09T17:52:43.012+0000] {dag.py:4180} INFO - Setting next_dagrun for example_subdag_operator.section-2 to None, run_after=None
[2025-03-09T17:52:43.060+0000] {processor.py:208} INFO - Processing /home/airflow/.local/lib/python3.12/site-packages/airflow/example_dags/example_subdag_operator.py took 0.167 seconds
[2025-03-09T17:53:14.120+0000] {processor.py:186} INFO - Started process (PID=1057) to work on /home/airflow/.local/lib/python3.12/site-packages/airflow/example_dags/example_subdag_operator.py
[2025-03-09T17:53:14.122+0000] {processor.py:914} INFO - Processing file /home/airflow/.local/lib/python3.12/site-packages/airflow/example_dags/example_subdag_operator.py for tasks to queue
[2025-03-09T17:53:14.125+0000] {logging_mixin.py:190} INFO - [2025-03-09T17:53:14.124+0000] {dagbag.py:588} INFO - Filling up the DagBag from /home/airflow/.local/lib/python3.12/site-packages/airflow/example_dags/example_subdag_operator.py
[2025-03-09T17:53:14.169+0000] {processor.py:925} INFO - DAG(s) 'example_subdag_operator.section-1', 'example_subdag_operator.section-2', 'example_subdag_operator' retrieved from /home/airflow/.local/lib/python3.12/site-packages/airflow/example_dags/example_subdag_operator.py
[2025-03-09T17:53:14.187+0000] {logging_mixin.py:190} INFO - [2025-03-09T17:53:14.187+0000] {dag.py:3239} INFO - Sync 3 DAGs
[2025-03-09T17:53:14.216+0000] {logging_mixin.py:190} INFO - [2025-03-09T17:53:14.215+0000] {dag.py:4180} INFO - Setting next_dagrun for example_subdag_operator to 2022-01-01 00:00:00+00:00, run_after=2022-01-01 00:00:00+00:00
[2025-03-09T17:53:14.221+0000] {logging_mixin.py:190} INFO - [2025-03-09T17:53:14.220+0000] {dag.py:4180} INFO - Setting next_dagrun for example_subdag_operator.section-1 to None, run_after=None
[2025-03-09T17:53:14.223+0000] {logging_mixin.py:190} INFO - [2025-03-09T17:53:14.222+0000] {dag.py:4180} INFO - Setting next_dagrun for example_subdag_operator.section-2 to None, run_after=None
[2025-03-09T17:53:14.232+0000] {logging_mixin.py:190} INFO - [2025-03-09T17:53:14.231+0000] {dag.py:3239} INFO - Sync 2 DAGs
[2025-03-09T17:53:14.240+0000] {logging_mixin.py:190} INFO - [2025-03-09T17:53:14.240+0000] {dag.py:4180} INFO - Setting next_dagrun for example_subdag_operator.section-1 to None, run_after=None
[2025-03-09T17:53:14.241+0000] {logging_mixin.py:190} INFO - [2025-03-09T17:53:14.240+0000] {dag.py:4180} INFO - Setting next_dagrun for example_subdag_operator.section-2 to None, run_after=None
[2025-03-09T17:53:14.257+0000] {processor.py:208} INFO - Processing /home/airflow/.local/lib/python3.12/site-packages/airflow/example_dags/example_subdag_operator.py took 0.142 seconds
[2025-03-09T17:53:45.734+0000] {processor.py:186} INFO - Started process (PID=1123) to work on /home/airflow/.local/lib/python3.12/site-packages/airflow/example_dags/example_subdag_operator.py
[2025-03-09T17:53:45.736+0000] {processor.py:914} INFO - Processing file /home/airflow/.local/lib/python3.12/site-packages/airflow/example_dags/example_subdag_operator.py for tasks to queue
[2025-03-09T17:53:45.738+0000] {logging_mixin.py:190} INFO - [2025-03-09T17:53:45.738+0000] {dagbag.py:588} INFO - Filling up the DagBag from /home/airflow/.local/lib/python3.12/site-packages/airflow/example_dags/example_subdag_operator.py
[2025-03-09T17:53:45.769+0000] {processor.py:925} INFO - DAG(s) 'example_subdag_operator.section-1', 'example_subdag_operator.section-2', 'example_subdag_operator' retrieved from /home/airflow/.local/lib/python3.12/site-packages/airflow/example_dags/example_subdag_operator.py
[2025-03-09T17:53:45.783+0000] {logging_mixin.py:190} INFO - [2025-03-09T17:53:45.782+0000] {dag.py:3239} INFO - Sync 3 DAGs
[2025-03-09T17:53:45.813+0000] {logging_mixin.py:190} INFO - [2025-03-09T17:53:45.813+0000] {dag.py:4180} INFO - Setting next_dagrun for example_subdag_operator to 2022-01-01 00:00:00+00:00, run_after=2022-01-01 00:00:00+00:00
[2025-03-09T17:53:45.817+0000] {logging_mixin.py:190} INFO - [2025-03-09T17:53:45.817+0000] {dag.py:4180} INFO - Setting next_dagrun for example_subdag_operator.section-1 to None, run_after=None
[2025-03-09T17:53:45.822+0000] {logging_mixin.py:190} INFO - [2025-03-09T17:53:45.822+0000] {dag.py:4180} INFO - Setting next_dagrun for example_subdag_operator.section-2 to None, run_after=None
[2025-03-09T17:53:45.838+0000] {logging_mixin.py:190} INFO - [2025-03-09T17:53:45.838+0000] {dag.py:3239} INFO - Sync 2 DAGs
[2025-03-09T17:53:45.847+0000] {logging_mixin.py:190} INFO - [2025-03-09T17:53:45.847+0000] {dag.py:4180} INFO - Setting next_dagrun for example_subdag_operator.section-1 to None, run_after=None
[2025-03-09T17:53:45.848+0000] {logging_mixin.py:190} INFO - [2025-03-09T17:53:45.848+0000] {dag.py:4180} INFO - Setting next_dagrun for example_subdag_operator.section-2 to None, run_after=None
[2025-03-09T17:53:45.863+0000] {processor.py:208} INFO - Processing /home/airflow/.local/lib/python3.12/site-packages/airflow/example_dags/example_subdag_operator.py took 0.147 seconds
