[2025-03-09T17:45:36.599+0000] {processor.py:186} INFO - Started process (PID=112) to work on /home/airflow/.local/lib/python3.12/site-packages/airflow/example_dags/example_branch_labels.py
[2025-03-09T17:45:36.600+0000] {processor.py:914} INFO - Processing file /home/airflow/.local/lib/python3.12/site-packages/airflow/example_dags/example_branch_labels.py for tasks to queue
[2025-03-09T17:45:36.603+0000] {logging_mixin.py:190} INFO - [2025-03-09T17:45:36.602+0000] {dagbag.py:588} INFO - Filling up the DagBag from /home/airflow/.local/lib/python3.12/site-packages/airflow/example_dags/example_branch_labels.py
[2025-03-09T17:45:36.614+0000] {processor.py:925} INFO - DAG(s) 'example_branch_labels' retrieved from /home/airflow/.local/lib/python3.12/site-packages/airflow/example_dags/example_branch_labels.py
[2025-03-09T17:45:36.641+0000] {logging_mixin.py:190} INFO - [2025-03-09T17:45:36.641+0000] {dag.py:3239} INFO - Sync 1 DAGs
[2025-03-09T17:45:36.671+0000] {logging_mixin.py:190} INFO - [2025-03-09T17:45:36.671+0000] {dag.py:4180} INFO - Setting next_dagrun for example_branch_labels to 2025-03-08 00:00:00+00:00, run_after=2025-03-09 00:00:00+00:00
[2025-03-09T17:45:36.698+0000] {processor.py:208} INFO - Processing /home/airflow/.local/lib/python3.12/site-packages/airflow/example_dags/example_branch_labels.py took 0.105 seconds
[2025-03-09T17:46:08.617+0000] {processor.py:186} INFO - Started process (PID=177) to work on /home/airflow/.local/lib/python3.12/site-packages/airflow/example_dags/example_branch_labels.py
[2025-03-09T17:46:08.618+0000] {processor.py:914} INFO - Processing file /home/airflow/.local/lib/python3.12/site-packages/airflow/example_dags/example_branch_labels.py for tasks to queue
[2025-03-09T17:46:08.620+0000] {logging_mixin.py:190} INFO - [2025-03-09T17:46:08.620+0000] {dagbag.py:588} INFO - Filling up the DagBag from /home/airflow/.local/lib/python3.12/site-packages/airflow/example_dags/example_branch_labels.py
[2025-03-09T17:46:08.629+0000] {processor.py:925} INFO - DAG(s) 'example_branch_labels' retrieved from /home/airflow/.local/lib/python3.12/site-packages/airflow/example_dags/example_branch_labels.py
[2025-03-09T17:46:08.649+0000] {logging_mixin.py:190} INFO - [2025-03-09T17:46:08.649+0000] {dag.py:3239} INFO - Sync 1 DAGs
[2025-03-09T17:46:08.673+0000] {logging_mixin.py:190} INFO - [2025-03-09T17:46:08.673+0000] {dag.py:4180} INFO - Setting next_dagrun for example_branch_labels to 2025-03-08 00:00:00+00:00, run_after=2025-03-09 00:00:00+00:00
[2025-03-09T17:46:08.693+0000] {processor.py:208} INFO - Processing /home/airflow/.local/lib/python3.12/site-packages/airflow/example_dags/example_branch_labels.py took 0.082 seconds
[2025-03-09T17:46:40.946+0000] {processor.py:186} INFO - Started process (PID=243) to work on /home/airflow/.local/lib/python3.12/site-packages/airflow/example_dags/example_branch_labels.py
[2025-03-09T17:46:40.947+0000] {processor.py:914} INFO - Processing file /home/airflow/.local/lib/python3.12/site-packages/airflow/example_dags/example_branch_labels.py for tasks to queue
[2025-03-09T17:46:40.949+0000] {logging_mixin.py:190} INFO - [2025-03-09T17:46:40.949+0000] {dagbag.py:588} INFO - Filling up the DagBag from /home/airflow/.local/lib/python3.12/site-packages/airflow/example_dags/example_branch_labels.py
[2025-03-09T17:46:40.959+0000] {processor.py:925} INFO - DAG(s) 'example_branch_labels' retrieved from /home/airflow/.local/lib/python3.12/site-packages/airflow/example_dags/example_branch_labels.py
[2025-03-09T17:46:40.980+0000] {logging_mixin.py:190} INFO - [2025-03-09T17:46:40.979+0000] {dag.py:3239} INFO - Sync 1 DAGs
[2025-03-09T17:46:41.004+0000] {logging_mixin.py:190} INFO - [2025-03-09T17:46:41.004+0000] {dag.py:4180} INFO - Setting next_dagrun for example_branch_labels to 2025-03-08 00:00:00+00:00, run_after=2025-03-09 00:00:00+00:00
[2025-03-09T17:46:41.024+0000] {processor.py:208} INFO - Processing /home/airflow/.local/lib/python3.12/site-packages/airflow/example_dags/example_branch_labels.py took 0.083 seconds
[2025-03-09T17:47:11.755+0000] {processor.py:186} INFO - Started process (PID=309) to work on /home/airflow/.local/lib/python3.12/site-packages/airflow/example_dags/example_branch_labels.py
[2025-03-09T17:47:11.757+0000] {processor.py:914} INFO - Processing file /home/airflow/.local/lib/python3.12/site-packages/airflow/example_dags/example_branch_labels.py for tasks to queue
[2025-03-09T17:47:11.760+0000] {logging_mixin.py:190} INFO - [2025-03-09T17:47:11.760+0000] {dagbag.py:588} INFO - Filling up the DagBag from /home/airflow/.local/lib/python3.12/site-packages/airflow/example_dags/example_branch_labels.py
[2025-03-09T17:47:11.794+0000] {processor.py:925} INFO - DAG(s) 'example_branch_labels' retrieved from /home/airflow/.local/lib/python3.12/site-packages/airflow/example_dags/example_branch_labels.py
[2025-03-09T17:47:11.817+0000] {logging_mixin.py:190} INFO - [2025-03-09T17:47:11.816+0000] {dag.py:3239} INFO - Sync 1 DAGs
[2025-03-09T17:47:11.842+0000] {logging_mixin.py:190} INFO - [2025-03-09T17:47:11.842+0000] {dag.py:4180} INFO - Setting next_dagrun for example_branch_labels to 2025-03-08 00:00:00+00:00, run_after=2025-03-09 00:00:00+00:00
[2025-03-09T17:47:11.865+0000] {processor.py:208} INFO - Processing /home/airflow/.local/lib/python3.12/site-packages/airflow/example_dags/example_branch_labels.py took 0.127 seconds
[2025-03-09T17:47:44.490+0000] {processor.py:186} INFO - Started process (PID=374) to work on /home/airflow/.local/lib/python3.12/site-packages/airflow/example_dags/example_branch_labels.py
[2025-03-09T17:47:44.492+0000] {processor.py:914} INFO - Processing file /home/airflow/.local/lib/python3.12/site-packages/airflow/example_dags/example_branch_labels.py for tasks to queue
[2025-03-09T17:47:44.495+0000] {logging_mixin.py:190} INFO - [2025-03-09T17:47:44.494+0000] {dagbag.py:588} INFO - Filling up the DagBag from /home/airflow/.local/lib/python3.12/site-packages/airflow/example_dags/example_branch_labels.py
[2025-03-09T17:47:44.504+0000] {processor.py:925} INFO - DAG(s) 'example_branch_labels' retrieved from /home/airflow/.local/lib/python3.12/site-packages/airflow/example_dags/example_branch_labels.py
[2025-03-09T17:47:44.533+0000] {logging_mixin.py:190} INFO - [2025-03-09T17:47:44.533+0000] {dag.py:3239} INFO - Sync 1 DAGs
[2025-03-09T17:47:44.585+0000] {logging_mixin.py:190} INFO - [2025-03-09T17:47:44.585+0000] {dag.py:4180} INFO - Setting next_dagrun for example_branch_labels to 2025-03-08 00:00:00+00:00, run_after=2025-03-09 00:00:00+00:00
[2025-03-09T17:47:44.646+0000] {processor.py:208} INFO - Processing /home/airflow/.local/lib/python3.12/site-packages/airflow/example_dags/example_branch_labels.py took 0.162 seconds
[2025-03-09T17:48:15.705+0000] {processor.py:186} INFO - Started process (PID=439) to work on /home/airflow/.local/lib/python3.12/site-packages/airflow/example_dags/example_branch_labels.py
[2025-03-09T17:48:15.707+0000] {processor.py:914} INFO - Processing file /home/airflow/.local/lib/python3.12/site-packages/airflow/example_dags/example_branch_labels.py for tasks to queue
[2025-03-09T17:48:15.710+0000] {logging_mixin.py:190} INFO - [2025-03-09T17:48:15.709+0000] {dagbag.py:588} INFO - Filling up the DagBag from /home/airflow/.local/lib/python3.12/site-packages/airflow/example_dags/example_branch_labels.py
[2025-03-09T17:48:15.725+0000] {processor.py:925} INFO - DAG(s) 'example_branch_labels' retrieved from /home/airflow/.local/lib/python3.12/site-packages/airflow/example_dags/example_branch_labels.py
[2025-03-09T17:48:15.759+0000] {logging_mixin.py:190} INFO - [2025-03-09T17:48:15.758+0000] {dag.py:3239} INFO - Sync 1 DAGs
[2025-03-09T17:48:15.805+0000] {logging_mixin.py:190} INFO - [2025-03-09T17:48:15.804+0000] {dag.py:4180} INFO - Setting next_dagrun for example_branch_labels to 2025-03-08 00:00:00+00:00, run_after=2025-03-09 00:00:00+00:00
[2025-03-09T17:48:15.836+0000] {processor.py:208} INFO - Processing /home/airflow/.local/lib/python3.12/site-packages/airflow/example_dags/example_branch_labels.py took 0.142 seconds
[2025-03-09T17:48:46.835+0000] {processor.py:186} INFO - Started process (PID=504) to work on /home/airflow/.local/lib/python3.12/site-packages/airflow/example_dags/example_branch_labels.py
[2025-03-09T17:48:46.837+0000] {processor.py:914} INFO - Processing file /home/airflow/.local/lib/python3.12/site-packages/airflow/example_dags/example_branch_labels.py for tasks to queue
[2025-03-09T17:48:46.839+0000] {logging_mixin.py:190} INFO - [2025-03-09T17:48:46.839+0000] {dagbag.py:588} INFO - Filling up the DagBag from /home/airflow/.local/lib/python3.12/site-packages/airflow/example_dags/example_branch_labels.py
[2025-03-09T17:48:46.850+0000] {processor.py:925} INFO - DAG(s) 'example_branch_labels' retrieved from /home/airflow/.local/lib/python3.12/site-packages/airflow/example_dags/example_branch_labels.py
[2025-03-09T17:48:46.874+0000] {logging_mixin.py:190} INFO - [2025-03-09T17:48:46.873+0000] {dag.py:3239} INFO - Sync 1 DAGs
[2025-03-09T17:48:46.902+0000] {logging_mixin.py:190} INFO - [2025-03-09T17:48:46.902+0000] {dag.py:4180} INFO - Setting next_dagrun for example_branch_labels to 2025-03-08 00:00:00+00:00, run_after=2025-03-09 00:00:00+00:00
[2025-03-09T17:48:46.923+0000] {processor.py:208} INFO - Processing /home/airflow/.local/lib/python3.12/site-packages/airflow/example_dags/example_branch_labels.py took 0.092 seconds
[2025-03-09T17:49:18.790+0000] {processor.py:186} INFO - Started process (PID=569) to work on /home/airflow/.local/lib/python3.12/site-packages/airflow/example_dags/example_branch_labels.py
[2025-03-09T17:49:18.791+0000] {processor.py:914} INFO - Processing file /home/airflow/.local/lib/python3.12/site-packages/airflow/example_dags/example_branch_labels.py for tasks to queue
[2025-03-09T17:49:18.794+0000] {logging_mixin.py:190} INFO - [2025-03-09T17:49:18.794+0000] {dagbag.py:588} INFO - Filling up the DagBag from /home/airflow/.local/lib/python3.12/site-packages/airflow/example_dags/example_branch_labels.py
[2025-03-09T17:49:18.808+0000] {processor.py:925} INFO - DAG(s) 'example_branch_labels' retrieved from /home/airflow/.local/lib/python3.12/site-packages/airflow/example_dags/example_branch_labels.py
[2025-03-09T17:49:18.828+0000] {logging_mixin.py:190} INFO - [2025-03-09T17:49:18.828+0000] {dag.py:3239} INFO - Sync 1 DAGs
[2025-03-09T17:49:18.853+0000] {logging_mixin.py:190} INFO - [2025-03-09T17:49:18.853+0000] {dag.py:4180} INFO - Setting next_dagrun for example_branch_labels to 2025-03-08 00:00:00+00:00, run_after=2025-03-09 00:00:00+00:00
[2025-03-09T17:49:18.878+0000] {processor.py:208} INFO - Processing /home/airflow/.local/lib/python3.12/site-packages/airflow/example_dags/example_branch_labels.py took 0.095 seconds
[2025-03-09T17:49:52.052+0000] {processor.py:186} INFO - Started process (PID=634) to work on /home/airflow/.local/lib/python3.12/site-packages/airflow/example_dags/example_branch_labels.py
[2025-03-09T17:49:52.053+0000] {processor.py:914} INFO - Processing file /home/airflow/.local/lib/python3.12/site-packages/airflow/example_dags/example_branch_labels.py for tasks to queue
[2025-03-09T17:49:52.056+0000] {logging_mixin.py:190} INFO - [2025-03-09T17:49:52.055+0000] {dagbag.py:588} INFO - Filling up the DagBag from /home/airflow/.local/lib/python3.12/site-packages/airflow/example_dags/example_branch_labels.py
[2025-03-09T17:49:52.070+0000] {processor.py:925} INFO - DAG(s) 'example_branch_labels' retrieved from /home/airflow/.local/lib/python3.12/site-packages/airflow/example_dags/example_branch_labels.py
[2025-03-09T17:49:52.095+0000] {logging_mixin.py:190} INFO - [2025-03-09T17:49:52.095+0000] {dag.py:3239} INFO - Sync 1 DAGs
[2025-03-09T17:49:52.125+0000] {logging_mixin.py:190} INFO - [2025-03-09T17:49:52.125+0000] {dag.py:4180} INFO - Setting next_dagrun for example_branch_labels to 2025-03-08 00:00:00+00:00, run_after=2025-03-09 00:00:00+00:00
[2025-03-09T17:49:52.152+0000] {processor.py:208} INFO - Processing /home/airflow/.local/lib/python3.12/site-packages/airflow/example_dags/example_branch_labels.py took 0.106 seconds
[2025-03-09T17:50:23.275+0000] {processor.py:186} INFO - Started process (PID=700) to work on /home/airflow/.local/lib/python3.12/site-packages/airflow/example_dags/example_branch_labels.py
[2025-03-09T17:50:23.277+0000] {processor.py:914} INFO - Processing file /home/airflow/.local/lib/python3.12/site-packages/airflow/example_dags/example_branch_labels.py for tasks to queue
[2025-03-09T17:50:23.280+0000] {logging_mixin.py:190} INFO - [2025-03-09T17:50:23.279+0000] {dagbag.py:588} INFO - Filling up the DagBag from /home/airflow/.local/lib/python3.12/site-packages/airflow/example_dags/example_branch_labels.py
[2025-03-09T17:50:23.290+0000] {processor.py:925} INFO - DAG(s) 'example_branch_labels' retrieved from /home/airflow/.local/lib/python3.12/site-packages/airflow/example_dags/example_branch_labels.py
[2025-03-09T17:50:23.311+0000] {logging_mixin.py:190} INFO - [2025-03-09T17:50:23.311+0000] {dag.py:3239} INFO - Sync 1 DAGs
[2025-03-09T17:50:23.334+0000] {logging_mixin.py:190} INFO - [2025-03-09T17:50:23.334+0000] {dag.py:4180} INFO - Setting next_dagrun for example_branch_labels to 2025-03-08 00:00:00+00:00, run_after=2025-03-09 00:00:00+00:00
[2025-03-09T17:50:23.354+0000] {processor.py:208} INFO - Processing /home/airflow/.local/lib/python3.12/site-packages/airflow/example_dags/example_branch_labels.py took 0.084 seconds
[2025-03-09T17:50:55.232+0000] {processor.py:186} INFO - Started process (PID=765) to work on /home/airflow/.local/lib/python3.12/site-packages/airflow/example_dags/example_branch_labels.py
[2025-03-09T17:50:55.233+0000] {processor.py:914} INFO - Processing file /home/airflow/.local/lib/python3.12/site-packages/airflow/example_dags/example_branch_labels.py for tasks to queue
[2025-03-09T17:50:55.235+0000] {logging_mixin.py:190} INFO - [2025-03-09T17:50:55.235+0000] {dagbag.py:588} INFO - Filling up the DagBag from /home/airflow/.local/lib/python3.12/site-packages/airflow/example_dags/example_branch_labels.py
[2025-03-09T17:50:55.244+0000] {processor.py:925} INFO - DAG(s) 'example_branch_labels' retrieved from /home/airflow/.local/lib/python3.12/site-packages/airflow/example_dags/example_branch_labels.py
[2025-03-09T17:50:55.265+0000] {logging_mixin.py:190} INFO - [2025-03-09T17:50:55.265+0000] {dag.py:3239} INFO - Sync 1 DAGs
[2025-03-09T17:50:55.292+0000] {logging_mixin.py:190} INFO - [2025-03-09T17:50:55.291+0000] {dag.py:4180} INFO - Setting next_dagrun for example_branch_labels to 2025-03-08 00:00:00+00:00, run_after=2025-03-09 00:00:00+00:00
[2025-03-09T17:50:55.321+0000] {processor.py:208} INFO - Processing /home/airflow/.local/lib/python3.12/site-packages/airflow/example_dags/example_branch_labels.py took 0.094 seconds
[2025-03-09T17:51:25.716+0000] {processor.py:186} INFO - Started process (PID=831) to work on /home/airflow/.local/lib/python3.12/site-packages/airflow/example_dags/example_branch_labels.py
[2025-03-09T17:51:25.717+0000] {processor.py:914} INFO - Processing file /home/airflow/.local/lib/python3.12/site-packages/airflow/example_dags/example_branch_labels.py for tasks to queue
[2025-03-09T17:51:25.720+0000] {logging_mixin.py:190} INFO - [2025-03-09T17:51:25.719+0000] {dagbag.py:588} INFO - Filling up the DagBag from /home/airflow/.local/lib/python3.12/site-packages/airflow/example_dags/example_branch_labels.py
[2025-03-09T17:51:25.730+0000] {processor.py:925} INFO - DAG(s) 'example_branch_labels' retrieved from /home/airflow/.local/lib/python3.12/site-packages/airflow/example_dags/example_branch_labels.py
[2025-03-09T17:51:25.755+0000] {logging_mixin.py:190} INFO - [2025-03-09T17:51:25.755+0000] {dag.py:3239} INFO - Sync 1 DAGs
[2025-03-09T17:51:25.785+0000] {logging_mixin.py:190} INFO - [2025-03-09T17:51:25.784+0000] {dag.py:4180} INFO - Setting next_dagrun for example_branch_labels to 2025-03-08 00:00:00+00:00, run_after=2025-03-09 00:00:00+00:00
[2025-03-09T17:51:25.810+0000] {processor.py:208} INFO - Processing /home/airflow/.local/lib/python3.12/site-packages/airflow/example_dags/example_branch_labels.py took 0.100 seconds
[2025-03-09T17:51:57.393+0000] {processor.py:186} INFO - Started process (PID=897) to work on /home/airflow/.local/lib/python3.12/site-packages/airflow/example_dags/example_branch_labels.py
[2025-03-09T17:51:57.394+0000] {processor.py:914} INFO - Processing file /home/airflow/.local/lib/python3.12/site-packages/airflow/example_dags/example_branch_labels.py for tasks to queue
[2025-03-09T17:51:57.396+0000] {logging_mixin.py:190} INFO - [2025-03-09T17:51:57.396+0000] {dagbag.py:588} INFO - Filling up the DagBag from /home/airflow/.local/lib/python3.12/site-packages/airflow/example_dags/example_branch_labels.py
[2025-03-09T17:51:57.406+0000] {processor.py:925} INFO - DAG(s) 'example_branch_labels' retrieved from /home/airflow/.local/lib/python3.12/site-packages/airflow/example_dags/example_branch_labels.py
[2025-03-09T17:51:57.427+0000] {logging_mixin.py:190} INFO - [2025-03-09T17:51:57.427+0000] {dag.py:3239} INFO - Sync 1 DAGs
[2025-03-09T17:51:57.454+0000] {logging_mixin.py:190} INFO - [2025-03-09T17:51:57.453+0000] {dag.py:4180} INFO - Setting next_dagrun for example_branch_labels to 2025-03-08 00:00:00+00:00, run_after=2025-03-09 00:00:00+00:00
[2025-03-09T17:51:57.474+0000] {processor.py:208} INFO - Processing /home/airflow/.local/lib/python3.12/site-packages/airflow/example_dags/example_branch_labels.py took 0.088 seconds
[2025-03-09T17:52:28.225+0000] {processor.py:186} INFO - Started process (PID=963) to work on /home/airflow/.local/lib/python3.12/site-packages/airflow/example_dags/example_branch_labels.py
[2025-03-09T17:52:28.226+0000] {processor.py:914} INFO - Processing file /home/airflow/.local/lib/python3.12/site-packages/airflow/example_dags/example_branch_labels.py for tasks to queue
[2025-03-09T17:52:28.229+0000] {logging_mixin.py:190} INFO - [2025-03-09T17:52:28.228+0000] {dagbag.py:588} INFO - Filling up the DagBag from /home/airflow/.local/lib/python3.12/site-packages/airflow/example_dags/example_branch_labels.py
[2025-03-09T17:52:28.240+0000] {processor.py:925} INFO - DAG(s) 'example_branch_labels' retrieved from /home/airflow/.local/lib/python3.12/site-packages/airflow/example_dags/example_branch_labels.py
[2025-03-09T17:52:28.265+0000] {logging_mixin.py:190} INFO - [2025-03-09T17:52:28.264+0000] {dag.py:3239} INFO - Sync 1 DAGs
[2025-03-09T17:52:28.296+0000] {logging_mixin.py:190} INFO - [2025-03-09T17:52:28.296+0000] {dag.py:4180} INFO - Setting next_dagrun for example_branch_labels to 2025-03-08 00:00:00+00:00, run_after=2025-03-09 00:00:00+00:00
[2025-03-09T17:52:28.322+0000] {processor.py:208} INFO - Processing /home/airflow/.local/lib/python3.12/site-packages/airflow/example_dags/example_branch_labels.py took 0.103 seconds
[2025-03-09T17:52:59.273+0000] {processor.py:186} INFO - Started process (PID=1029) to work on /home/airflow/.local/lib/python3.12/site-packages/airflow/example_dags/example_branch_labels.py
[2025-03-09T17:52:59.274+0000] {processor.py:914} INFO - Processing file /home/airflow/.local/lib/python3.12/site-packages/airflow/example_dags/example_branch_labels.py for tasks to queue
[2025-03-09T17:52:59.278+0000] {logging_mixin.py:190} INFO - [2025-03-09T17:52:59.278+0000] {dagbag.py:588} INFO - Filling up the DagBag from /home/airflow/.local/lib/python3.12/site-packages/airflow/example_dags/example_branch_labels.py
[2025-03-09T17:52:59.288+0000] {processor.py:925} INFO - DAG(s) 'example_branch_labels' retrieved from /home/airflow/.local/lib/python3.12/site-packages/airflow/example_dags/example_branch_labels.py
[2025-03-09T17:52:59.315+0000] {logging_mixin.py:190} INFO - [2025-03-09T17:52:59.314+0000] {dag.py:3239} INFO - Sync 1 DAGs
[2025-03-09T17:52:59.345+0000] {logging_mixin.py:190} INFO - [2025-03-09T17:52:59.345+0000] {dag.py:4180} INFO - Setting next_dagrun for example_branch_labels to 2025-03-08 00:00:00+00:00, run_after=2025-03-09 00:00:00+00:00
[2025-03-09T17:52:59.371+0000] {processor.py:208} INFO - Processing /home/airflow/.local/lib/python3.12/site-packages/airflow/example_dags/example_branch_labels.py took 0.103 seconds
[2025-03-09T17:53:30.629+0000] {processor.py:186} INFO - Started process (PID=1095) to work on /home/airflow/.local/lib/python3.12/site-packages/airflow/example_dags/example_branch_labels.py
[2025-03-09T17:53:30.631+0000] {processor.py:914} INFO - Processing file /home/airflow/.local/lib/python3.12/site-packages/airflow/example_dags/example_branch_labels.py for tasks to queue
[2025-03-09T17:53:30.633+0000] {logging_mixin.py:190} INFO - [2025-03-09T17:53:30.633+0000] {dagbag.py:588} INFO - Filling up the DagBag from /home/airflow/.local/lib/python3.12/site-packages/airflow/example_dags/example_branch_labels.py
[2025-03-09T17:53:30.643+0000] {processor.py:925} INFO - DAG(s) 'example_branch_labels' retrieved from /home/airflow/.local/lib/python3.12/site-packages/airflow/example_dags/example_branch_labels.py
[2025-03-09T17:53:30.665+0000] {logging_mixin.py:190} INFO - [2025-03-09T17:53:30.665+0000] {dag.py:3239} INFO - Sync 1 DAGs
[2025-03-09T17:53:30.694+0000] {logging_mixin.py:190} INFO - [2025-03-09T17:53:30.693+0000] {dag.py:4180} INFO - Setting next_dagrun for example_branch_labels to 2025-03-08 00:00:00+00:00, run_after=2025-03-09 00:00:00+00:00
[2025-03-09T17:53:30.717+0000] {processor.py:208} INFO - Processing /home/airflow/.local/lib/python3.12/site-packages/airflow/example_dags/example_branch_labels.py took 0.094 seconds
[2025-03-09T17:54:03.189+0000] {processor.py:186} INFO - Started process (PID=1161) to work on /home/airflow/.local/lib/python3.12/site-packages/airflow/example_dags/example_branch_labels.py
[2025-03-09T17:54:03.190+0000] {processor.py:914} INFO - Processing file /home/airflow/.local/lib/python3.12/site-packages/airflow/example_dags/example_branch_labels.py for tasks to queue
[2025-03-09T17:54:03.193+0000] {logging_mixin.py:190} INFO - [2025-03-09T17:54:03.193+0000] {dagbag.py:588} INFO - Filling up the DagBag from /home/airflow/.local/lib/python3.12/site-packages/airflow/example_dags/example_branch_labels.py
[2025-03-09T17:54:03.203+0000] {processor.py:925} INFO - DAG(s) 'example_branch_labels' retrieved from /home/airflow/.local/lib/python3.12/site-packages/airflow/example_dags/example_branch_labels.py
[2025-03-09T17:54:03.230+0000] {logging_mixin.py:190} INFO - [2025-03-09T17:54:03.230+0000] {dag.py:3239} INFO - Sync 1 DAGs
[2025-03-09T17:54:03.285+0000] {logging_mixin.py:190} INFO - [2025-03-09T17:54:03.285+0000] {dag.py:4180} INFO - Setting next_dagrun for example_branch_labels to 2025-03-08 00:00:00+00:00, run_after=2025-03-09 00:00:00+00:00
[2025-03-09T17:54:03.344+0000] {processor.py:208} INFO - Processing /home/airflow/.local/lib/python3.12/site-packages/airflow/example_dags/example_branch_labels.py took 0.161 seconds
