[2025-03-09T17:45:37.396+0000] {processor.py:186} INFO - Started process (PID=109) to work on /home/airflow/.local/lib/python3.12/site-packages/airflow/example_dags/tutorial_dag.py
[2025-03-09T17:45:37.397+0000] {processor.py:914} INFO - Processing file /home/airflow/.local/lib/python3.12/site-packages/airflow/example_dags/tutorial_dag.py for tasks to queue
[2025-03-09T17:45:37.401+0000] {logging_mixin.py:190} INFO - [2025-03-09T17:45:37.400+0000] {dagbag.py:588} INFO - Filling up the DagBag from /home/airflow/.local/lib/python3.12/site-packages/airflow/example_dags/tutorial_dag.py
[2025-03-09T17:45:37.413+0000] {processor.py:925} INFO - DAG(s) 'tutorial_dag' retrieved from /home/airflow/.local/lib/python3.12/site-packages/airflow/example_dags/tutorial_dag.py
[2025-03-09T17:45:37.444+0000] {logging_mixin.py:190} INFO - [2025-03-09T17:45:37.444+0000] {dag.py:3239} INFO - Sync 1 DAGs
[2025-03-09T17:45:37.460+0000] {logging_mixin.py:190} INFO - [2025-03-09T17:45:37.460+0000] {dag.py:4180} INFO - Setting next_dagrun for tutorial_dag to None, run_after=None
[2025-03-09T17:45:37.485+0000] {processor.py:208} INFO - Processing /home/airflow/.local/lib/python3.12/site-packages/airflow/example_dags/tutorial_dag.py took 0.095 seconds
[2025-03-09T17:46:08.517+0000] {processor.py:186} INFO - Started process (PID=175) to work on /home/airflow/.local/lib/python3.12/site-packages/airflow/example_dags/tutorial_dag.py
[2025-03-09T17:46:08.518+0000] {processor.py:914} INFO - Processing file /home/airflow/.local/lib/python3.12/site-packages/airflow/example_dags/tutorial_dag.py for tasks to queue
[2025-03-09T17:46:08.521+0000] {logging_mixin.py:190} INFO - [2025-03-09T17:46:08.520+0000] {dagbag.py:588} INFO - Filling up the DagBag from /home/airflow/.local/lib/python3.12/site-packages/airflow/example_dags/tutorial_dag.py
[2025-03-09T17:46:08.528+0000] {processor.py:925} INFO - DAG(s) 'tutorial_dag' retrieved from /home/airflow/.local/lib/python3.12/site-packages/airflow/example_dags/tutorial_dag.py
[2025-03-09T17:46:08.547+0000] {logging_mixin.py:190} INFO - [2025-03-09T17:46:08.547+0000] {dag.py:3239} INFO - Sync 1 DAGs
[2025-03-09T17:46:08.559+0000] {logging_mixin.py:190} INFO - [2025-03-09T17:46:08.558+0000] {dag.py:4180} INFO - Setting next_dagrun for tutorial_dag to None, run_after=None
[2025-03-09T17:46:08.580+0000] {processor.py:208} INFO - Processing /home/airflow/.local/lib/python3.12/site-packages/airflow/example_dags/tutorial_dag.py took 0.069 seconds
[2025-03-09T17:46:40.590+0000] {processor.py:186} INFO - Started process (PID=241) to work on /home/airflow/.local/lib/python3.12/site-packages/airflow/example_dags/tutorial_dag.py
[2025-03-09T17:46:40.592+0000] {processor.py:914} INFO - Processing file /home/airflow/.local/lib/python3.12/site-packages/airflow/example_dags/tutorial_dag.py for tasks to queue
[2025-03-09T17:46:40.595+0000] {logging_mixin.py:190} INFO - [2025-03-09T17:46:40.595+0000] {dagbag.py:588} INFO - Filling up the DagBag from /home/airflow/.local/lib/python3.12/site-packages/airflow/example_dags/tutorial_dag.py
[2025-03-09T17:46:40.608+0000] {processor.py:925} INFO - DAG(s) 'tutorial_dag' retrieved from /home/airflow/.local/lib/python3.12/site-packages/airflow/example_dags/tutorial_dag.py
[2025-03-09T17:46:40.644+0000] {logging_mixin.py:190} INFO - [2025-03-09T17:46:40.643+0000] {dag.py:3239} INFO - Sync 1 DAGs
[2025-03-09T17:46:40.667+0000] {logging_mixin.py:190} INFO - [2025-03-09T17:46:40.667+0000] {dag.py:4180} INFO - Setting next_dagrun for tutorial_dag to None, run_after=None
[2025-03-09T17:46:40.742+0000] {processor.py:208} INFO - Processing /home/airflow/.local/lib/python3.12/site-packages/airflow/example_dags/tutorial_dag.py took 0.159 seconds
[2025-03-09T17:47:11.426+0000] {processor.py:186} INFO - Started process (PID=306) to work on /home/airflow/.local/lib/python3.12/site-packages/airflow/example_dags/tutorial_dag.py
[2025-03-09T17:47:11.428+0000] {processor.py:914} INFO - Processing file /home/airflow/.local/lib/python3.12/site-packages/airflow/example_dags/tutorial_dag.py for tasks to queue
[2025-03-09T17:47:11.432+0000] {logging_mixin.py:190} INFO - [2025-03-09T17:47:11.431+0000] {dagbag.py:588} INFO - Filling up the DagBag from /home/airflow/.local/lib/python3.12/site-packages/airflow/example_dags/tutorial_dag.py
[2025-03-09T17:47:11.444+0000] {processor.py:925} INFO - DAG(s) 'tutorial_dag' retrieved from /home/airflow/.local/lib/python3.12/site-packages/airflow/example_dags/tutorial_dag.py
[2025-03-09T17:47:11.483+0000] {logging_mixin.py:190} INFO - [2025-03-09T17:47:11.483+0000] {dag.py:3239} INFO - Sync 1 DAGs
[2025-03-09T17:47:11.510+0000] {logging_mixin.py:190} INFO - [2025-03-09T17:47:11.509+0000] {dag.py:4180} INFO - Setting next_dagrun for tutorial_dag to None, run_after=None
[2025-03-09T17:47:11.538+0000] {processor.py:208} INFO - Processing /home/airflow/.local/lib/python3.12/site-packages/airflow/example_dags/tutorial_dag.py took 0.120 seconds
[2025-03-09T17:47:44.278+0000] {processor.py:186} INFO - Started process (PID=371) to work on /home/airflow/.local/lib/python3.12/site-packages/airflow/example_dags/tutorial_dag.py
[2025-03-09T17:47:44.279+0000] {processor.py:914} INFO - Processing file /home/airflow/.local/lib/python3.12/site-packages/airflow/example_dags/tutorial_dag.py for tasks to queue
[2025-03-09T17:47:44.282+0000] {logging_mixin.py:190} INFO - [2025-03-09T17:47:44.282+0000] {dagbag.py:588} INFO - Filling up the DagBag from /home/airflow/.local/lib/python3.12/site-packages/airflow/example_dags/tutorial_dag.py
[2025-03-09T17:47:44.291+0000] {processor.py:925} INFO - DAG(s) 'tutorial_dag' retrieved from /home/airflow/.local/lib/python3.12/site-packages/airflow/example_dags/tutorial_dag.py
[2025-03-09T17:47:44.316+0000] {logging_mixin.py:190} INFO - [2025-03-09T17:47:44.316+0000] {dag.py:3239} INFO - Sync 1 DAGs
[2025-03-09T17:47:44.334+0000] {logging_mixin.py:190} INFO - [2025-03-09T17:47:44.334+0000] {dag.py:4180} INFO - Setting next_dagrun for tutorial_dag to None, run_after=None
[2025-03-09T17:47:44.360+0000] {processor.py:208} INFO - Processing /home/airflow/.local/lib/python3.12/site-packages/airflow/example_dags/tutorial_dag.py took 0.087 seconds
[2025-03-09T17:48:15.355+0000] {processor.py:186} INFO - Started process (PID=436) to work on /home/airflow/.local/lib/python3.12/site-packages/airflow/example_dags/tutorial_dag.py
[2025-03-09T17:48:15.357+0000] {processor.py:914} INFO - Processing file /home/airflow/.local/lib/python3.12/site-packages/airflow/example_dags/tutorial_dag.py for tasks to queue
[2025-03-09T17:48:15.360+0000] {logging_mixin.py:190} INFO - [2025-03-09T17:48:15.360+0000] {dagbag.py:588} INFO - Filling up the DagBag from /home/airflow/.local/lib/python3.12/site-packages/airflow/example_dags/tutorial_dag.py
[2025-03-09T17:48:15.372+0000] {processor.py:925} INFO - DAG(s) 'tutorial_dag' retrieved from /home/airflow/.local/lib/python3.12/site-packages/airflow/example_dags/tutorial_dag.py
[2025-03-09T17:48:15.411+0000] {logging_mixin.py:190} INFO - [2025-03-09T17:48:15.411+0000] {dag.py:3239} INFO - Sync 1 DAGs
[2025-03-09T17:48:15.432+0000] {logging_mixin.py:190} INFO - [2025-03-09T17:48:15.431+0000] {dag.py:4180} INFO - Setting next_dagrun for tutorial_dag to None, run_after=None
[2025-03-09T17:48:15.460+0000] {processor.py:208} INFO - Processing /home/airflow/.local/lib/python3.12/site-packages/airflow/example_dags/tutorial_dag.py took 0.112 seconds
[2025-03-09T17:48:46.601+0000] {processor.py:186} INFO - Started process (PID=501) to work on /home/airflow/.local/lib/python3.12/site-packages/airflow/example_dags/tutorial_dag.py
[2025-03-09T17:48:46.603+0000] {processor.py:914} INFO - Processing file /home/airflow/.local/lib/python3.12/site-packages/airflow/example_dags/tutorial_dag.py for tasks to queue
[2025-03-09T17:48:46.606+0000] {logging_mixin.py:190} INFO - [2025-03-09T17:48:46.605+0000] {dagbag.py:588} INFO - Filling up the DagBag from /home/airflow/.local/lib/python3.12/site-packages/airflow/example_dags/tutorial_dag.py
[2025-03-09T17:48:46.615+0000] {processor.py:925} INFO - DAG(s) 'tutorial_dag' retrieved from /home/airflow/.local/lib/python3.12/site-packages/airflow/example_dags/tutorial_dag.py
[2025-03-09T17:48:46.645+0000] {logging_mixin.py:190} INFO - [2025-03-09T17:48:46.644+0000] {dag.py:3239} INFO - Sync 1 DAGs
[2025-03-09T17:48:46.661+0000] {logging_mixin.py:190} INFO - [2025-03-09T17:48:46.660+0000] {dag.py:4180} INFO - Setting next_dagrun for tutorial_dag to None, run_after=None
[2025-03-09T17:48:46.683+0000] {processor.py:208} INFO - Processing /home/airflow/.local/lib/python3.12/site-packages/airflow/example_dags/tutorial_dag.py took 0.087 seconds
[2025-03-09T17:49:18.468+0000] {processor.py:186} INFO - Started process (PID=566) to work on /home/airflow/.local/lib/python3.12/site-packages/airflow/example_dags/tutorial_dag.py
[2025-03-09T17:49:18.469+0000] {processor.py:914} INFO - Processing file /home/airflow/.local/lib/python3.12/site-packages/airflow/example_dags/tutorial_dag.py for tasks to queue
[2025-03-09T17:49:18.478+0000] {logging_mixin.py:190} INFO - [2025-03-09T17:49:18.478+0000] {dagbag.py:588} INFO - Filling up the DagBag from /home/airflow/.local/lib/python3.12/site-packages/airflow/example_dags/tutorial_dag.py
[2025-03-09T17:49:18.486+0000] {processor.py:925} INFO - DAG(s) 'tutorial_dag' retrieved from /home/airflow/.local/lib/python3.12/site-packages/airflow/example_dags/tutorial_dag.py
[2025-03-09T17:49:18.513+0000] {logging_mixin.py:190} INFO - [2025-03-09T17:49:18.512+0000] {dag.py:3239} INFO - Sync 1 DAGs
[2025-03-09T17:49:18.526+0000] {logging_mixin.py:190} INFO - [2025-03-09T17:49:18.526+0000] {dag.py:4180} INFO - Setting next_dagrun for tutorial_dag to None, run_after=None
[2025-03-09T17:49:18.566+0000] {processor.py:208} INFO - Processing /home/airflow/.local/lib/python3.12/site-packages/airflow/example_dags/tutorial_dag.py took 0.103 seconds
[2025-03-09T17:49:51.883+0000] {processor.py:186} INFO - Started process (PID=631) to work on /home/airflow/.local/lib/python3.12/site-packages/airflow/example_dags/tutorial_dag.py
[2025-03-09T17:49:51.885+0000] {processor.py:914} INFO - Processing file /home/airflow/.local/lib/python3.12/site-packages/airflow/example_dags/tutorial_dag.py for tasks to queue
[2025-03-09T17:49:51.891+0000] {logging_mixin.py:190} INFO - [2025-03-09T17:49:51.890+0000] {dagbag.py:588} INFO - Filling up the DagBag from /home/airflow/.local/lib/python3.12/site-packages/airflow/example_dags/tutorial_dag.py
[2025-03-09T17:49:51.900+0000] {processor.py:925} INFO - DAG(s) 'tutorial_dag' retrieved from /home/airflow/.local/lib/python3.12/site-packages/airflow/example_dags/tutorial_dag.py
[2025-03-09T17:49:51.919+0000] {logging_mixin.py:190} INFO - [2025-03-09T17:49:51.919+0000] {dag.py:3239} INFO - Sync 1 DAGs
[2025-03-09T17:49:51.935+0000] {logging_mixin.py:190} INFO - [2025-03-09T17:49:51.935+0000] {dag.py:4180} INFO - Setting next_dagrun for tutorial_dag to None, run_after=None
[2025-03-09T17:49:51.956+0000] {processor.py:208} INFO - Processing /home/airflow/.local/lib/python3.12/site-packages/airflow/example_dags/tutorial_dag.py took 0.081 seconds
[2025-03-09T17:50:23.096+0000] {processor.py:186} INFO - Started process (PID=697) to work on /home/airflow/.local/lib/python3.12/site-packages/airflow/example_dags/tutorial_dag.py
[2025-03-09T17:50:23.097+0000] {processor.py:914} INFO - Processing file /home/airflow/.local/lib/python3.12/site-packages/airflow/example_dags/tutorial_dag.py for tasks to queue
[2025-03-09T17:50:23.099+0000] {logging_mixin.py:190} INFO - [2025-03-09T17:50:23.099+0000] {dagbag.py:588} INFO - Filling up the DagBag from /home/airflow/.local/lib/python3.12/site-packages/airflow/example_dags/tutorial_dag.py
[2025-03-09T17:50:23.106+0000] {processor.py:925} INFO - DAG(s) 'tutorial_dag' retrieved from /home/airflow/.local/lib/python3.12/site-packages/airflow/example_dags/tutorial_dag.py
[2025-03-09T17:50:23.128+0000] {logging_mixin.py:190} INFO - [2025-03-09T17:50:23.128+0000] {dag.py:3239} INFO - Sync 1 DAGs
[2025-03-09T17:50:23.145+0000] {logging_mixin.py:190} INFO - [2025-03-09T17:50:23.145+0000] {dag.py:4180} INFO - Setting next_dagrun for tutorial_dag to None, run_after=None
[2025-03-09T17:50:23.168+0000] {processor.py:208} INFO - Processing /home/airflow/.local/lib/python3.12/site-packages/airflow/example_dags/tutorial_dag.py took 0.077 seconds
[2025-03-09T17:50:55.111+0000] {processor.py:186} INFO - Started process (PID=762) to work on /home/airflow/.local/lib/python3.12/site-packages/airflow/example_dags/tutorial_dag.py
[2025-03-09T17:50:55.113+0000] {processor.py:914} INFO - Processing file /home/airflow/.local/lib/python3.12/site-packages/airflow/example_dags/tutorial_dag.py for tasks to queue
[2025-03-09T17:50:55.115+0000] {logging_mixin.py:190} INFO - [2025-03-09T17:50:55.115+0000] {dagbag.py:588} INFO - Filling up the DagBag from /home/airflow/.local/lib/python3.12/site-packages/airflow/example_dags/tutorial_dag.py
[2025-03-09T17:50:55.125+0000] {processor.py:925} INFO - DAG(s) 'tutorial_dag' retrieved from /home/airflow/.local/lib/python3.12/site-packages/airflow/example_dags/tutorial_dag.py
[2025-03-09T17:50:55.147+0000] {logging_mixin.py:190} INFO - [2025-03-09T17:50:55.147+0000] {dag.py:3239} INFO - Sync 1 DAGs
[2025-03-09T17:50:55.163+0000] {logging_mixin.py:190} INFO - [2025-03-09T17:50:55.163+0000] {dag.py:4180} INFO - Setting next_dagrun for tutorial_dag to None, run_after=None
[2025-03-09T17:50:55.188+0000] {processor.py:208} INFO - Processing /home/airflow/.local/lib/python3.12/site-packages/airflow/example_dags/tutorial_dag.py took 0.082 seconds
[2025-03-09T17:51:25.316+0000] {processor.py:186} INFO - Started process (PID=828) to work on /home/airflow/.local/lib/python3.12/site-packages/airflow/example_dags/tutorial_dag.py
[2025-03-09T17:51:25.317+0000] {processor.py:914} INFO - Processing file /home/airflow/.local/lib/python3.12/site-packages/airflow/example_dags/tutorial_dag.py for tasks to queue
[2025-03-09T17:51:25.319+0000] {logging_mixin.py:190} INFO - [2025-03-09T17:51:25.319+0000] {dagbag.py:588} INFO - Filling up the DagBag from /home/airflow/.local/lib/python3.12/site-packages/airflow/example_dags/tutorial_dag.py
[2025-03-09T17:51:25.327+0000] {processor.py:925} INFO - DAG(s) 'tutorial_dag' retrieved from /home/airflow/.local/lib/python3.12/site-packages/airflow/example_dags/tutorial_dag.py
[2025-03-09T17:51:25.362+0000] {logging_mixin.py:190} INFO - [2025-03-09T17:51:25.361+0000] {dag.py:3239} INFO - Sync 1 DAGs
[2025-03-09T17:51:25.378+0000] {logging_mixin.py:190} INFO - [2025-03-09T17:51:25.377+0000] {dag.py:4180} INFO - Setting next_dagrun for tutorial_dag to None, run_after=None
[2025-03-09T17:51:25.420+0000] {processor.py:208} INFO - Processing /home/airflow/.local/lib/python3.12/site-packages/airflow/example_dags/tutorial_dag.py took 0.111 seconds
[2025-03-09T17:51:57.096+0000] {processor.py:186} INFO - Started process (PID=894) to work on /home/airflow/.local/lib/python3.12/site-packages/airflow/example_dags/tutorial_dag.py
[2025-03-09T17:51:57.097+0000] {processor.py:914} INFO - Processing file /home/airflow/.local/lib/python3.12/site-packages/airflow/example_dags/tutorial_dag.py for tasks to queue
[2025-03-09T17:51:57.100+0000] {logging_mixin.py:190} INFO - [2025-03-09T17:51:57.100+0000] {dagbag.py:588} INFO - Filling up the DagBag from /home/airflow/.local/lib/python3.12/site-packages/airflow/example_dags/tutorial_dag.py
[2025-03-09T17:51:57.108+0000] {processor.py:925} INFO - DAG(s) 'tutorial_dag' retrieved from /home/airflow/.local/lib/python3.12/site-packages/airflow/example_dags/tutorial_dag.py
[2025-03-09T17:51:57.131+0000] {logging_mixin.py:190} INFO - [2025-03-09T17:51:57.130+0000] {dag.py:3239} INFO - Sync 1 DAGs
[2025-03-09T17:51:57.154+0000] {logging_mixin.py:190} INFO - [2025-03-09T17:51:57.154+0000] {dag.py:4180} INFO - Setting next_dagrun for tutorial_dag to None, run_after=None
[2025-03-09T17:51:57.200+0000] {processor.py:208} INFO - Processing /home/airflow/.local/lib/python3.12/site-packages/airflow/example_dags/tutorial_dag.py took 0.111 seconds
[2025-03-09T17:52:27.971+0000] {processor.py:186} INFO - Started process (PID=960) to work on /home/airflow/.local/lib/python3.12/site-packages/airflow/example_dags/tutorial_dag.py
[2025-03-09T17:52:27.973+0000] {processor.py:914} INFO - Processing file /home/airflow/.local/lib/python3.12/site-packages/airflow/example_dags/tutorial_dag.py for tasks to queue
[2025-03-09T17:52:27.976+0000] {logging_mixin.py:190} INFO - [2025-03-09T17:52:27.976+0000] {dagbag.py:588} INFO - Filling up the DagBag from /home/airflow/.local/lib/python3.12/site-packages/airflow/example_dags/tutorial_dag.py
[2025-03-09T17:52:27.984+0000] {processor.py:925} INFO - DAG(s) 'tutorial_dag' retrieved from /home/airflow/.local/lib/python3.12/site-packages/airflow/example_dags/tutorial_dag.py
[2025-03-09T17:52:28.010+0000] {logging_mixin.py:190} INFO - [2025-03-09T17:52:28.009+0000] {dag.py:3239} INFO - Sync 1 DAGs
[2025-03-09T17:52:28.022+0000] {logging_mixin.py:190} INFO - [2025-03-09T17:52:28.021+0000] {dag.py:4180} INFO - Setting next_dagrun for tutorial_dag to None, run_after=None
[2025-03-09T17:52:28.041+0000] {processor.py:208} INFO - Processing /home/airflow/.local/lib/python3.12/site-packages/airflow/example_dags/tutorial_dag.py took 0.076 seconds
[2025-03-09T17:52:58.978+0000] {processor.py:186} INFO - Started process (PID=1026) to work on /home/airflow/.local/lib/python3.12/site-packages/airflow/example_dags/tutorial_dag.py
[2025-03-09T17:52:58.979+0000] {processor.py:914} INFO - Processing file /home/airflow/.local/lib/python3.12/site-packages/airflow/example_dags/tutorial_dag.py for tasks to queue
[2025-03-09T17:52:58.981+0000] {logging_mixin.py:190} INFO - [2025-03-09T17:52:58.981+0000] {dagbag.py:588} INFO - Filling up the DagBag from /home/airflow/.local/lib/python3.12/site-packages/airflow/example_dags/tutorial_dag.py
[2025-03-09T17:52:58.995+0000] {processor.py:925} INFO - DAG(s) 'tutorial_dag' retrieved from /home/airflow/.local/lib/python3.12/site-packages/airflow/example_dags/tutorial_dag.py
[2025-03-09T17:52:59.030+0000] {logging_mixin.py:190} INFO - [2025-03-09T17:52:59.029+0000] {dag.py:3239} INFO - Sync 1 DAGs
[2025-03-09T17:52:59.060+0000] {logging_mixin.py:190} INFO - [2025-03-09T17:52:59.059+0000] {dag.py:4180} INFO - Setting next_dagrun for tutorial_dag to None, run_after=None
[2025-03-09T17:52:59.099+0000] {processor.py:208} INFO - Processing /home/airflow/.local/lib/python3.12/site-packages/airflow/example_dags/tutorial_dag.py took 0.127 seconds
[2025-03-09T17:53:30.380+0000] {processor.py:186} INFO - Started process (PID=1092) to work on /home/airflow/.local/lib/python3.12/site-packages/airflow/example_dags/tutorial_dag.py
[2025-03-09T17:53:30.391+0000] {processor.py:914} INFO - Processing file /home/airflow/.local/lib/python3.12/site-packages/airflow/example_dags/tutorial_dag.py for tasks to queue
[2025-03-09T17:53:30.393+0000] {logging_mixin.py:190} INFO - [2025-03-09T17:53:30.393+0000] {dagbag.py:588} INFO - Filling up the DagBag from /home/airflow/.local/lib/python3.12/site-packages/airflow/example_dags/tutorial_dag.py
[2025-03-09T17:53:30.409+0000] {processor.py:925} INFO - DAG(s) 'tutorial_dag' retrieved from /home/airflow/.local/lib/python3.12/site-packages/airflow/example_dags/tutorial_dag.py
[2025-03-09T17:53:30.429+0000] {logging_mixin.py:190} INFO - [2025-03-09T17:53:30.429+0000] {dag.py:3239} INFO - Sync 1 DAGs
[2025-03-09T17:53:30.441+0000] {logging_mixin.py:190} INFO - [2025-03-09T17:53:30.441+0000] {dag.py:4180} INFO - Setting next_dagrun for tutorial_dag to None, run_after=None
[2025-03-09T17:53:30.462+0000] {processor.py:208} INFO - Processing /home/airflow/.local/lib/python3.12/site-packages/airflow/example_dags/tutorial_dag.py took 0.087 seconds
[2025-03-09T17:54:02.967+0000] {processor.py:186} INFO - Started process (PID=1158) to work on /home/airflow/.local/lib/python3.12/site-packages/airflow/example_dags/tutorial_dag.py
[2025-03-09T17:54:02.968+0000] {processor.py:914} INFO - Processing file /home/airflow/.local/lib/python3.12/site-packages/airflow/example_dags/tutorial_dag.py for tasks to queue
[2025-03-09T17:54:02.971+0000] {logging_mixin.py:190} INFO - [2025-03-09T17:54:02.970+0000] {dagbag.py:588} INFO - Filling up the DagBag from /home/airflow/.local/lib/python3.12/site-packages/airflow/example_dags/tutorial_dag.py
[2025-03-09T17:54:02.979+0000] {processor.py:925} INFO - DAG(s) 'tutorial_dag' retrieved from /home/airflow/.local/lib/python3.12/site-packages/airflow/example_dags/tutorial_dag.py
[2025-03-09T17:54:03.001+0000] {logging_mixin.py:190} INFO - [2025-03-09T17:54:03.001+0000] {dag.py:3239} INFO - Sync 1 DAGs
[2025-03-09T17:54:03.018+0000] {logging_mixin.py:190} INFO - [2025-03-09T17:54:03.018+0000] {dag.py:4180} INFO - Setting next_dagrun for tutorial_dag to None, run_after=None
[2025-03-09T17:54:03.041+0000] {processor.py:208} INFO - Processing /home/airflow/.local/lib/python3.12/site-packages/airflow/example_dags/tutorial_dag.py took 0.079 seconds
[2025-03-09T17:54:33.829+0000] {processor.py:186} INFO - Started process (PID=1224) to work on /home/airflow/.local/lib/python3.12/site-packages/airflow/example_dags/tutorial_dag.py
[2025-03-09T17:54:33.830+0000] {processor.py:914} INFO - Processing file /home/airflow/.local/lib/python3.12/site-packages/airflow/example_dags/tutorial_dag.py for tasks to queue
[2025-03-09T17:54:33.833+0000] {logging_mixin.py:190} INFO - [2025-03-09T17:54:33.833+0000] {dagbag.py:588} INFO - Filling up the DagBag from /home/airflow/.local/lib/python3.12/site-packages/airflow/example_dags/tutorial_dag.py
[2025-03-09T17:54:33.840+0000] {processor.py:925} INFO - DAG(s) 'tutorial_dag' retrieved from /home/airflow/.local/lib/python3.12/site-packages/airflow/example_dags/tutorial_dag.py
[2025-03-09T17:54:33.860+0000] {logging_mixin.py:190} INFO - [2025-03-09T17:54:33.859+0000] {dag.py:3239} INFO - Sync 1 DAGs
[2025-03-09T17:54:33.873+0000] {logging_mixin.py:190} INFO - [2025-03-09T17:54:33.872+0000] {dag.py:4180} INFO - Setting next_dagrun for tutorial_dag to None, run_after=None
[2025-03-09T17:54:33.892+0000] {processor.py:208} INFO - Processing /home/airflow/.local/lib/python3.12/site-packages/airflow/example_dags/tutorial_dag.py took 0.069 seconds
[2025-03-09T17:55:05.148+0000] {processor.py:186} INFO - Started process (PID=1290) to work on /home/airflow/.local/lib/python3.12/site-packages/airflow/example_dags/tutorial_dag.py
[2025-03-09T17:55:05.150+0000] {processor.py:914} INFO - Processing file /home/airflow/.local/lib/python3.12/site-packages/airflow/example_dags/tutorial_dag.py for tasks to queue
[2025-03-09T17:55:05.153+0000] {logging_mixin.py:190} INFO - [2025-03-09T17:55:05.153+0000] {dagbag.py:588} INFO - Filling up the DagBag from /home/airflow/.local/lib/python3.12/site-packages/airflow/example_dags/tutorial_dag.py
[2025-03-09T17:55:05.161+0000] {processor.py:925} INFO - DAG(s) 'tutorial_dag' retrieved from /home/airflow/.local/lib/python3.12/site-packages/airflow/example_dags/tutorial_dag.py
[2025-03-09T17:55:05.199+0000] {logging_mixin.py:190} INFO - [2025-03-09T17:55:05.199+0000] {dag.py:3239} INFO - Sync 1 DAGs
[2025-03-09T17:55:05.223+0000] {logging_mixin.py:190} INFO - [2025-03-09T17:55:05.222+0000] {dag.py:4180} INFO - Setting next_dagrun for tutorial_dag to None, run_after=None
[2025-03-09T17:55:05.253+0000] {processor.py:208} INFO - Processing /home/airflow/.local/lib/python3.12/site-packages/airflow/example_dags/tutorial_dag.py took 0.111 seconds
[2025-03-09T17:55:36.262+0000] {processor.py:186} INFO - Started process (PID=1356) to work on /home/airflow/.local/lib/python3.12/site-packages/airflow/example_dags/tutorial_dag.py
[2025-03-09T17:55:36.263+0000] {processor.py:914} INFO - Processing file /home/airflow/.local/lib/python3.12/site-packages/airflow/example_dags/tutorial_dag.py for tasks to queue
[2025-03-09T17:55:36.265+0000] {logging_mixin.py:190} INFO - [2025-03-09T17:55:36.265+0000] {dagbag.py:588} INFO - Filling up the DagBag from /home/airflow/.local/lib/python3.12/site-packages/airflow/example_dags/tutorial_dag.py
[2025-03-09T17:55:36.272+0000] {processor.py:925} INFO - DAG(s) 'tutorial_dag' retrieved from /home/airflow/.local/lib/python3.12/site-packages/airflow/example_dags/tutorial_dag.py
[2025-03-09T17:55:36.295+0000] {logging_mixin.py:190} INFO - [2025-03-09T17:55:36.295+0000] {dag.py:3239} INFO - Sync 1 DAGs
[2025-03-09T17:55:36.311+0000] {logging_mixin.py:190} INFO - [2025-03-09T17:55:36.311+0000] {dag.py:4180} INFO - Setting next_dagrun for tutorial_dag to None, run_after=None
[2025-03-09T17:55:36.340+0000] {processor.py:208} INFO - Processing /home/airflow/.local/lib/python3.12/site-packages/airflow/example_dags/tutorial_dag.py took 0.084 seconds
[2025-03-09T17:56:08.802+0000] {processor.py:186} INFO - Started process (PID=1422) to work on /home/airflow/.local/lib/python3.12/site-packages/airflow/example_dags/tutorial_dag.py
[2025-03-09T17:56:08.803+0000] {processor.py:914} INFO - Processing file /home/airflow/.local/lib/python3.12/site-packages/airflow/example_dags/tutorial_dag.py for tasks to queue
[2025-03-09T17:56:08.807+0000] {logging_mixin.py:190} INFO - [2025-03-09T17:56:08.807+0000] {dagbag.py:588} INFO - Filling up the DagBag from /home/airflow/.local/lib/python3.12/site-packages/airflow/example_dags/tutorial_dag.py
[2025-03-09T17:56:08.816+0000] {processor.py:925} INFO - DAG(s) 'tutorial_dag' retrieved from /home/airflow/.local/lib/python3.12/site-packages/airflow/example_dags/tutorial_dag.py
[2025-03-09T17:56:08.839+0000] {logging_mixin.py:190} INFO - [2025-03-09T17:56:08.839+0000] {dag.py:3239} INFO - Sync 1 DAGs
[2025-03-09T17:56:08.853+0000] {logging_mixin.py:190} INFO - [2025-03-09T17:56:08.852+0000] {dag.py:4180} INFO - Setting next_dagrun for tutorial_dag to None, run_after=None
[2025-03-09T17:56:08.884+0000] {processor.py:208} INFO - Processing /home/airflow/.local/lib/python3.12/site-packages/airflow/example_dags/tutorial_dag.py took 0.089 seconds
[2025-03-09T17:56:40.592+0000] {processor.py:186} INFO - Started process (PID=1487) to work on /home/airflow/.local/lib/python3.12/site-packages/airflow/example_dags/tutorial_dag.py
[2025-03-09T17:56:40.594+0000] {processor.py:914} INFO - Processing file /home/airflow/.local/lib/python3.12/site-packages/airflow/example_dags/tutorial_dag.py for tasks to queue
[2025-03-09T17:56:40.599+0000] {logging_mixin.py:190} INFO - [2025-03-09T17:56:40.599+0000] {dagbag.py:588} INFO - Filling up the DagBag from /home/airflow/.local/lib/python3.12/site-packages/airflow/example_dags/tutorial_dag.py
[2025-03-09T17:56:40.609+0000] {processor.py:925} INFO - DAG(s) 'tutorial_dag' retrieved from /home/airflow/.local/lib/python3.12/site-packages/airflow/example_dags/tutorial_dag.py
[2025-03-09T17:56:40.633+0000] {logging_mixin.py:190} INFO - [2025-03-09T17:56:40.633+0000] {dag.py:3239} INFO - Sync 1 DAGs
[2025-03-09T17:56:40.651+0000] {logging_mixin.py:190} INFO - [2025-03-09T17:56:40.650+0000] {dag.py:4180} INFO - Setting next_dagrun for tutorial_dag to None, run_after=None
[2025-03-09T17:56:40.684+0000] {processor.py:208} INFO - Processing /home/airflow/.local/lib/python3.12/site-packages/airflow/example_dags/tutorial_dag.py took 0.101 seconds
[2025-03-09T17:57:10.928+0000] {processor.py:186} INFO - Started process (PID=1554) to work on /home/airflow/.local/lib/python3.12/site-packages/airflow/example_dags/tutorial_dag.py
[2025-03-09T17:57:10.930+0000] {processor.py:914} INFO - Processing file /home/airflow/.local/lib/python3.12/site-packages/airflow/example_dags/tutorial_dag.py for tasks to queue
[2025-03-09T17:57:10.933+0000] {logging_mixin.py:190} INFO - [2025-03-09T17:57:10.933+0000] {dagbag.py:588} INFO - Filling up the DagBag from /home/airflow/.local/lib/python3.12/site-packages/airflow/example_dags/tutorial_dag.py
[2025-03-09T17:57:10.947+0000] {processor.py:925} INFO - DAG(s) 'tutorial_dag' retrieved from /home/airflow/.local/lib/python3.12/site-packages/airflow/example_dags/tutorial_dag.py
[2025-03-09T17:57:10.990+0000] {logging_mixin.py:190} INFO - [2025-03-09T17:57:10.989+0000] {dag.py:3239} INFO - Sync 1 DAGs
[2025-03-09T17:57:11.042+0000] {logging_mixin.py:190} INFO - [2025-03-09T17:57:11.041+0000] {dag.py:4180} INFO - Setting next_dagrun for tutorial_dag to None, run_after=None
[2025-03-09T17:57:11.090+0000] {processor.py:208} INFO - Processing /home/airflow/.local/lib/python3.12/site-packages/airflow/example_dags/tutorial_dag.py took 0.169 seconds
[2025-03-09T17:57:42.271+0000] {processor.py:186} INFO - Started process (PID=1621) to work on /home/airflow/.local/lib/python3.12/site-packages/airflow/example_dags/tutorial_dag.py
[2025-03-09T17:57:42.273+0000] {processor.py:914} INFO - Processing file /home/airflow/.local/lib/python3.12/site-packages/airflow/example_dags/tutorial_dag.py for tasks to queue
[2025-03-09T17:57:42.276+0000] {logging_mixin.py:190} INFO - [2025-03-09T17:57:42.276+0000] {dagbag.py:588} INFO - Filling up the DagBag from /home/airflow/.local/lib/python3.12/site-packages/airflow/example_dags/tutorial_dag.py
[2025-03-09T17:57:42.285+0000] {processor.py:925} INFO - DAG(s) 'tutorial_dag' retrieved from /home/airflow/.local/lib/python3.12/site-packages/airflow/example_dags/tutorial_dag.py
[2025-03-09T17:57:42.307+0000] {logging_mixin.py:190} INFO - [2025-03-09T17:57:42.307+0000] {dag.py:3239} INFO - Sync 1 DAGs
[2025-03-09T17:57:42.322+0000] {logging_mixin.py:190} INFO - [2025-03-09T17:57:42.322+0000] {dag.py:4180} INFO - Setting next_dagrun for tutorial_dag to None, run_after=None
[2025-03-09T17:57:42.363+0000] {processor.py:208} INFO - Processing /home/airflow/.local/lib/python3.12/site-packages/airflow/example_dags/tutorial_dag.py took 0.101 seconds
[2025-03-09T17:58:14.782+0000] {processor.py:186} INFO - Started process (PID=1689) to work on /home/airflow/.local/lib/python3.12/site-packages/airflow/example_dags/tutorial_dag.py
[2025-03-09T17:58:14.784+0000] {processor.py:914} INFO - Processing file /home/airflow/.local/lib/python3.12/site-packages/airflow/example_dags/tutorial_dag.py for tasks to queue
[2025-03-09T17:58:14.786+0000] {logging_mixin.py:190} INFO - [2025-03-09T17:58:14.786+0000] {dagbag.py:588} INFO - Filling up the DagBag from /home/airflow/.local/lib/python3.12/site-packages/airflow/example_dags/tutorial_dag.py
[2025-03-09T17:58:14.794+0000] {processor.py:925} INFO - DAG(s) 'tutorial_dag' retrieved from /home/airflow/.local/lib/python3.12/site-packages/airflow/example_dags/tutorial_dag.py
[2025-03-09T17:58:14.814+0000] {logging_mixin.py:190} INFO - [2025-03-09T17:58:14.814+0000] {dag.py:3239} INFO - Sync 1 DAGs
[2025-03-09T17:58:14.829+0000] {logging_mixin.py:190} INFO - [2025-03-09T17:58:14.828+0000] {dag.py:4180} INFO - Setting next_dagrun for tutorial_dag to None, run_after=None
[2025-03-09T17:58:14.851+0000] {processor.py:208} INFO - Processing /home/airflow/.local/lib/python3.12/site-packages/airflow/example_dags/tutorial_dag.py took 0.075 seconds
[2025-03-09T17:58:46.225+0000] {processor.py:186} INFO - Started process (PID=1755) to work on /home/airflow/.local/lib/python3.12/site-packages/airflow/example_dags/tutorial_dag.py
[2025-03-09T17:58:46.226+0000] {processor.py:914} INFO - Processing file /home/airflow/.local/lib/python3.12/site-packages/airflow/example_dags/tutorial_dag.py for tasks to queue
[2025-03-09T17:58:46.228+0000] {logging_mixin.py:190} INFO - [2025-03-09T17:58:46.228+0000] {dagbag.py:588} INFO - Filling up the DagBag from /home/airflow/.local/lib/python3.12/site-packages/airflow/example_dags/tutorial_dag.py
[2025-03-09T17:58:46.238+0000] {processor.py:925} INFO - DAG(s) 'tutorial_dag' retrieved from /home/airflow/.local/lib/python3.12/site-packages/airflow/example_dags/tutorial_dag.py
[2025-03-09T17:58:46.260+0000] {logging_mixin.py:190} INFO - [2025-03-09T17:58:46.260+0000] {dag.py:3239} INFO - Sync 1 DAGs
[2025-03-09T17:58:46.273+0000] {logging_mixin.py:190} INFO - [2025-03-09T17:58:46.273+0000] {dag.py:4180} INFO - Setting next_dagrun for tutorial_dag to None, run_after=None
[2025-03-09T17:58:46.296+0000] {processor.py:208} INFO - Processing /home/airflow/.local/lib/python3.12/site-packages/airflow/example_dags/tutorial_dag.py took 0.076 seconds
[2025-03-09T17:59:17.476+0000] {processor.py:186} INFO - Started process (PID=1821) to work on /home/airflow/.local/lib/python3.12/site-packages/airflow/example_dags/tutorial_dag.py
[2025-03-09T17:59:17.477+0000] {processor.py:914} INFO - Processing file /home/airflow/.local/lib/python3.12/site-packages/airflow/example_dags/tutorial_dag.py for tasks to queue
[2025-03-09T17:59:17.480+0000] {logging_mixin.py:190} INFO - [2025-03-09T17:59:17.480+0000] {dagbag.py:588} INFO - Filling up the DagBag from /home/airflow/.local/lib/python3.12/site-packages/airflow/example_dags/tutorial_dag.py
[2025-03-09T17:59:17.490+0000] {processor.py:925} INFO - DAG(s) 'tutorial_dag' retrieved from /home/airflow/.local/lib/python3.12/site-packages/airflow/example_dags/tutorial_dag.py
[2025-03-09T17:59:17.511+0000] {logging_mixin.py:190} INFO - [2025-03-09T17:59:17.511+0000] {dag.py:3239} INFO - Sync 1 DAGs
[2025-03-09T17:59:17.527+0000] {logging_mixin.py:190} INFO - [2025-03-09T17:59:17.526+0000] {dag.py:4180} INFO - Setting next_dagrun for tutorial_dag to None, run_after=None
[2025-03-09T17:59:17.552+0000] {processor.py:208} INFO - Processing /home/airflow/.local/lib/python3.12/site-packages/airflow/example_dags/tutorial_dag.py took 0.082 seconds
[2025-03-09T17:59:48.617+0000] {processor.py:186} INFO - Started process (PID=1887) to work on /home/airflow/.local/lib/python3.12/site-packages/airflow/example_dags/tutorial_dag.py
[2025-03-09T17:59:48.619+0000] {processor.py:914} INFO - Processing file /home/airflow/.local/lib/python3.12/site-packages/airflow/example_dags/tutorial_dag.py for tasks to queue
[2025-03-09T17:59:48.621+0000] {logging_mixin.py:190} INFO - [2025-03-09T17:59:48.620+0000] {dagbag.py:588} INFO - Filling up the DagBag from /home/airflow/.local/lib/python3.12/site-packages/airflow/example_dags/tutorial_dag.py
[2025-03-09T17:59:48.628+0000] {processor.py:925} INFO - DAG(s) 'tutorial_dag' retrieved from /home/airflow/.local/lib/python3.12/site-packages/airflow/example_dags/tutorial_dag.py
[2025-03-09T17:59:48.651+0000] {logging_mixin.py:190} INFO - [2025-03-09T17:59:48.650+0000] {dag.py:3239} INFO - Sync 1 DAGs
[2025-03-09T17:59:48.667+0000] {logging_mixin.py:190} INFO - [2025-03-09T17:59:48.666+0000] {dag.py:4180} INFO - Setting next_dagrun for tutorial_dag to None, run_after=None
[2025-03-09T17:59:48.693+0000] {processor.py:208} INFO - Processing /home/airflow/.local/lib/python3.12/site-packages/airflow/example_dags/tutorial_dag.py took 0.082 seconds
[2025-03-09T18:00:21.569+0000] {processor.py:186} INFO - Started process (PID=1953) to work on /home/airflow/.local/lib/python3.12/site-packages/airflow/example_dags/tutorial_dag.py
[2025-03-09T18:00:21.571+0000] {processor.py:914} INFO - Processing file /home/airflow/.local/lib/python3.12/site-packages/airflow/example_dags/tutorial_dag.py for tasks to queue
[2025-03-09T18:00:21.574+0000] {logging_mixin.py:190} INFO - [2025-03-09T18:00:21.574+0000] {dagbag.py:588} INFO - Filling up the DagBag from /home/airflow/.local/lib/python3.12/site-packages/airflow/example_dags/tutorial_dag.py
[2025-03-09T18:00:21.588+0000] {processor.py:925} INFO - DAG(s) 'tutorial_dag' retrieved from /home/airflow/.local/lib/python3.12/site-packages/airflow/example_dags/tutorial_dag.py
[2025-03-09T18:00:21.612+0000] {logging_mixin.py:190} INFO - [2025-03-09T18:00:21.612+0000] {dag.py:3239} INFO - Sync 1 DAGs
[2025-03-09T18:00:21.628+0000] {logging_mixin.py:190} INFO - [2025-03-09T18:00:21.628+0000] {dag.py:4180} INFO - Setting next_dagrun for tutorial_dag to None, run_after=None
[2025-03-09T18:00:21.652+0000] {processor.py:208} INFO - Processing /home/airflow/.local/lib/python3.12/site-packages/airflow/example_dags/tutorial_dag.py took 0.089 seconds
[2025-03-09T18:00:53.009+0000] {processor.py:186} INFO - Started process (PID=2019) to work on /home/airflow/.local/lib/python3.12/site-packages/airflow/example_dags/tutorial_dag.py
[2025-03-09T18:00:53.011+0000] {processor.py:914} INFO - Processing file /home/airflow/.local/lib/python3.12/site-packages/airflow/example_dags/tutorial_dag.py for tasks to queue
[2025-03-09T18:00:53.015+0000] {logging_mixin.py:190} INFO - [2025-03-09T18:00:53.014+0000] {dagbag.py:588} INFO - Filling up the DagBag from /home/airflow/.local/lib/python3.12/site-packages/airflow/example_dags/tutorial_dag.py
[2025-03-09T18:00:53.023+0000] {processor.py:925} INFO - DAG(s) 'tutorial_dag' retrieved from /home/airflow/.local/lib/python3.12/site-packages/airflow/example_dags/tutorial_dag.py
[2025-03-09T18:00:53.050+0000] {logging_mixin.py:190} INFO - [2025-03-09T18:00:53.050+0000] {dag.py:3239} INFO - Sync 1 DAGs
[2025-03-09T18:00:53.070+0000] {logging_mixin.py:190} INFO - [2025-03-09T18:00:53.070+0000] {dag.py:4180} INFO - Setting next_dagrun for tutorial_dag to None, run_after=None
[2025-03-09T18:00:53.099+0000] {processor.py:208} INFO - Processing /home/airflow/.local/lib/python3.12/site-packages/airflow/example_dags/tutorial_dag.py took 0.095 seconds
[2025-03-09T18:01:23.405+0000] {processor.py:186} INFO - Started process (PID=2085) to work on /home/airflow/.local/lib/python3.12/site-packages/airflow/example_dags/tutorial_dag.py
[2025-03-09T18:01:23.406+0000] {processor.py:914} INFO - Processing file /home/airflow/.local/lib/python3.12/site-packages/airflow/example_dags/tutorial_dag.py for tasks to queue
[2025-03-09T18:01:23.408+0000] {logging_mixin.py:190} INFO - [2025-03-09T18:01:23.408+0000] {dagbag.py:588} INFO - Filling up the DagBag from /home/airflow/.local/lib/python3.12/site-packages/airflow/example_dags/tutorial_dag.py
[2025-03-09T18:01:23.416+0000] {processor.py:925} INFO - DAG(s) 'tutorial_dag' retrieved from /home/airflow/.local/lib/python3.12/site-packages/airflow/example_dags/tutorial_dag.py
[2025-03-09T18:01:23.435+0000] {logging_mixin.py:190} INFO - [2025-03-09T18:01:23.435+0000] {dag.py:3239} INFO - Sync 1 DAGs
[2025-03-09T18:01:23.451+0000] {logging_mixin.py:190} INFO - [2025-03-09T18:01:23.450+0000] {dag.py:4180} INFO - Setting next_dagrun for tutorial_dag to None, run_after=None
[2025-03-09T18:01:23.476+0000] {processor.py:208} INFO - Processing /home/airflow/.local/lib/python3.12/site-packages/airflow/example_dags/tutorial_dag.py took 0.075 seconds
[2025-03-09T18:01:54.678+0000] {processor.py:186} INFO - Started process (PID=2151) to work on /home/airflow/.local/lib/python3.12/site-packages/airflow/example_dags/tutorial_dag.py
[2025-03-09T18:01:54.679+0000] {processor.py:914} INFO - Processing file /home/airflow/.local/lib/python3.12/site-packages/airflow/example_dags/tutorial_dag.py for tasks to queue
[2025-03-09T18:01:54.682+0000] {logging_mixin.py:190} INFO - [2025-03-09T18:01:54.681+0000] {dagbag.py:588} INFO - Filling up the DagBag from /home/airflow/.local/lib/python3.12/site-packages/airflow/example_dags/tutorial_dag.py
[2025-03-09T18:01:54.688+0000] {processor.py:925} INFO - DAG(s) 'tutorial_dag' retrieved from /home/airflow/.local/lib/python3.12/site-packages/airflow/example_dags/tutorial_dag.py
[2025-03-09T18:01:54.707+0000] {logging_mixin.py:190} INFO - [2025-03-09T18:01:54.707+0000] {dag.py:3239} INFO - Sync 1 DAGs
[2025-03-09T18:01:54.721+0000] {logging_mixin.py:190} INFO - [2025-03-09T18:01:54.720+0000] {dag.py:4180} INFO - Setting next_dagrun for tutorial_dag to None, run_after=None
[2025-03-09T18:01:54.742+0000] {processor.py:208} INFO - Processing /home/airflow/.local/lib/python3.12/site-packages/airflow/example_dags/tutorial_dag.py took 0.069 seconds
[2025-03-09T18:02:25.958+0000] {processor.py:186} INFO - Started process (PID=2217) to work on /home/airflow/.local/lib/python3.12/site-packages/airflow/example_dags/tutorial_dag.py
[2025-03-09T18:02:25.960+0000] {processor.py:914} INFO - Processing file /home/airflow/.local/lib/python3.12/site-packages/airflow/example_dags/tutorial_dag.py for tasks to queue
[2025-03-09T18:02:25.963+0000] {logging_mixin.py:190} INFO - [2025-03-09T18:02:25.962+0000] {dagbag.py:588} INFO - Filling up the DagBag from /home/airflow/.local/lib/python3.12/site-packages/airflow/example_dags/tutorial_dag.py
[2025-03-09T18:02:25.974+0000] {processor.py:925} INFO - DAG(s) 'tutorial_dag' retrieved from /home/airflow/.local/lib/python3.12/site-packages/airflow/example_dags/tutorial_dag.py
[2025-03-09T18:02:25.996+0000] {logging_mixin.py:190} INFO - [2025-03-09T18:02:25.996+0000] {dag.py:3239} INFO - Sync 1 DAGs
[2025-03-09T18:02:26.016+0000] {logging_mixin.py:190} INFO - [2025-03-09T18:02:26.016+0000] {dag.py:4180} INFO - Setting next_dagrun for tutorial_dag to None, run_after=None
[2025-03-09T18:02:26.041+0000] {processor.py:208} INFO - Processing /home/airflow/.local/lib/python3.12/site-packages/airflow/example_dags/tutorial_dag.py took 0.089 seconds
[2025-03-09T18:02:56.971+0000] {processor.py:186} INFO - Started process (PID=2283) to work on /home/airflow/.local/lib/python3.12/site-packages/airflow/example_dags/tutorial_dag.py
[2025-03-09T18:02:56.972+0000] {processor.py:914} INFO - Processing file /home/airflow/.local/lib/python3.12/site-packages/airflow/example_dags/tutorial_dag.py for tasks to queue
[2025-03-09T18:02:56.975+0000] {logging_mixin.py:190} INFO - [2025-03-09T18:02:56.975+0000] {dagbag.py:588} INFO - Filling up the DagBag from /home/airflow/.local/lib/python3.12/site-packages/airflow/example_dags/tutorial_dag.py
[2025-03-09T18:02:56.982+0000] {processor.py:925} INFO - DAG(s) 'tutorial_dag' retrieved from /home/airflow/.local/lib/python3.12/site-packages/airflow/example_dags/tutorial_dag.py
[2025-03-09T18:02:57.004+0000] {logging_mixin.py:190} INFO - [2025-03-09T18:02:57.003+0000] {dag.py:3239} INFO - Sync 1 DAGs
[2025-03-09T18:02:57.018+0000] {logging_mixin.py:190} INFO - [2025-03-09T18:02:57.017+0000] {dag.py:4180} INFO - Setting next_dagrun for tutorial_dag to None, run_after=None
[2025-03-09T18:02:57.038+0000] {processor.py:208} INFO - Processing /home/airflow/.local/lib/python3.12/site-packages/airflow/example_dags/tutorial_dag.py took 0.073 seconds
[2025-03-09T18:03:28.093+0000] {processor.py:186} INFO - Started process (PID=2350) to work on /home/airflow/.local/lib/python3.12/site-packages/airflow/example_dags/tutorial_dag.py
[2025-03-09T18:03:28.094+0000] {processor.py:914} INFO - Processing file /home/airflow/.local/lib/python3.12/site-packages/airflow/example_dags/tutorial_dag.py for tasks to queue
[2025-03-09T18:03:28.096+0000] {logging_mixin.py:190} INFO - [2025-03-09T18:03:28.096+0000] {dagbag.py:588} INFO - Filling up the DagBag from /home/airflow/.local/lib/python3.12/site-packages/airflow/example_dags/tutorial_dag.py
[2025-03-09T18:03:28.104+0000] {processor.py:925} INFO - DAG(s) 'tutorial_dag' retrieved from /home/airflow/.local/lib/python3.12/site-packages/airflow/example_dags/tutorial_dag.py
[2025-03-09T18:03:28.131+0000] {logging_mixin.py:190} INFO - [2025-03-09T18:03:28.131+0000] {dag.py:3239} INFO - Sync 1 DAGs
[2025-03-09T18:03:28.147+0000] {logging_mixin.py:190} INFO - [2025-03-09T18:03:28.146+0000] {dag.py:4180} INFO - Setting next_dagrun for tutorial_dag to None, run_after=None
[2025-03-09T18:03:28.172+0000] {processor.py:208} INFO - Processing /home/airflow/.local/lib/python3.12/site-packages/airflow/example_dags/tutorial_dag.py took 0.085 seconds
[2025-03-09T18:03:59.547+0000] {processor.py:186} INFO - Started process (PID=2416) to work on /home/airflow/.local/lib/python3.12/site-packages/airflow/example_dags/tutorial_dag.py
[2025-03-09T18:03:59.548+0000] {processor.py:914} INFO - Processing file /home/airflow/.local/lib/python3.12/site-packages/airflow/example_dags/tutorial_dag.py for tasks to queue
[2025-03-09T18:03:59.550+0000] {logging_mixin.py:190} INFO - [2025-03-09T18:03:59.550+0000] {dagbag.py:588} INFO - Filling up the DagBag from /home/airflow/.local/lib/python3.12/site-packages/airflow/example_dags/tutorial_dag.py
[2025-03-09T18:03:59.558+0000] {processor.py:925} INFO - DAG(s) 'tutorial_dag' retrieved from /home/airflow/.local/lib/python3.12/site-packages/airflow/example_dags/tutorial_dag.py
[2025-03-09T18:03:59.577+0000] {logging_mixin.py:190} INFO - [2025-03-09T18:03:59.577+0000] {dag.py:3239} INFO - Sync 1 DAGs
[2025-03-09T18:03:59.591+0000] {logging_mixin.py:190} INFO - [2025-03-09T18:03:59.590+0000] {dag.py:4180} INFO - Setting next_dagrun for tutorial_dag to None, run_after=None
[2025-03-09T18:03:59.611+0000] {processor.py:208} INFO - Processing /home/airflow/.local/lib/python3.12/site-packages/airflow/example_dags/tutorial_dag.py took 0.069 seconds
[2025-03-09T18:04:31.674+0000] {processor.py:186} INFO - Started process (PID=2482) to work on /home/airflow/.local/lib/python3.12/site-packages/airflow/example_dags/tutorial_dag.py
[2025-03-09T18:04:31.682+0000] {processor.py:914} INFO - Processing file /home/airflow/.local/lib/python3.12/site-packages/airflow/example_dags/tutorial_dag.py for tasks to queue
[2025-03-09T18:04:31.687+0000] {logging_mixin.py:190} INFO - [2025-03-09T18:04:31.686+0000] {dagbag.py:588} INFO - Filling up the DagBag from /home/airflow/.local/lib/python3.12/site-packages/airflow/example_dags/tutorial_dag.py
[2025-03-09T18:04:31.731+0000] {processor.py:925} INFO - DAG(s) 'tutorial_dag' retrieved from /home/airflow/.local/lib/python3.12/site-packages/airflow/example_dags/tutorial_dag.py
[2025-03-09T18:04:31.792+0000] {logging_mixin.py:190} INFO - [2025-03-09T18:04:31.792+0000] {dag.py:3239} INFO - Sync 1 DAGs
[2025-03-09T18:04:31.835+0000] {logging_mixin.py:190} INFO - [2025-03-09T18:04:31.834+0000] {dag.py:4180} INFO - Setting next_dagrun for tutorial_dag to None, run_after=None
[2025-03-09T18:04:31.882+0000] {processor.py:208} INFO - Processing /home/airflow/.local/lib/python3.12/site-packages/airflow/example_dags/tutorial_dag.py took 0.227 seconds
[2025-03-09T18:05:03.150+0000] {processor.py:186} INFO - Started process (PID=2548) to work on /home/airflow/.local/lib/python3.12/site-packages/airflow/example_dags/tutorial_dag.py
[2025-03-09T18:05:03.152+0000] {processor.py:914} INFO - Processing file /home/airflow/.local/lib/python3.12/site-packages/airflow/example_dags/tutorial_dag.py for tasks to queue
[2025-03-09T18:05:03.155+0000] {logging_mixin.py:190} INFO - [2025-03-09T18:05:03.154+0000] {dagbag.py:588} INFO - Filling up the DagBag from /home/airflow/.local/lib/python3.12/site-packages/airflow/example_dags/tutorial_dag.py
[2025-03-09T18:05:03.165+0000] {processor.py:925} INFO - DAG(s) 'tutorial_dag' retrieved from /home/airflow/.local/lib/python3.12/site-packages/airflow/example_dags/tutorial_dag.py
[2025-03-09T18:05:03.191+0000] {logging_mixin.py:190} INFO - [2025-03-09T18:05:03.191+0000] {dag.py:3239} INFO - Sync 1 DAGs
[2025-03-09T18:05:03.208+0000] {logging_mixin.py:190} INFO - [2025-03-09T18:05:03.208+0000] {dag.py:4180} INFO - Setting next_dagrun for tutorial_dag to None, run_after=None
[2025-03-09T18:05:03.269+0000] {processor.py:208} INFO - Processing /home/airflow/.local/lib/python3.12/site-packages/airflow/example_dags/tutorial_dag.py took 0.127 seconds
[2025-03-09T18:05:34.929+0000] {processor.py:186} INFO - Started process (PID=2614) to work on /home/airflow/.local/lib/python3.12/site-packages/airflow/example_dags/tutorial_dag.py
[2025-03-09T18:05:34.930+0000] {processor.py:914} INFO - Processing file /home/airflow/.local/lib/python3.12/site-packages/airflow/example_dags/tutorial_dag.py for tasks to queue
[2025-03-09T18:05:34.934+0000] {logging_mixin.py:190} INFO - [2025-03-09T18:05:34.933+0000] {dagbag.py:588} INFO - Filling up the DagBag from /home/airflow/.local/lib/python3.12/site-packages/airflow/example_dags/tutorial_dag.py
[2025-03-09T18:05:34.948+0000] {processor.py:925} INFO - DAG(s) 'tutorial_dag' retrieved from /home/airflow/.local/lib/python3.12/site-packages/airflow/example_dags/tutorial_dag.py
[2025-03-09T18:05:34.999+0000] {logging_mixin.py:190} INFO - [2025-03-09T18:05:34.998+0000] {dag.py:3239} INFO - Sync 1 DAGs
[2025-03-09T18:05:35.036+0000] {logging_mixin.py:190} INFO - [2025-03-09T18:05:35.036+0000] {dag.py:4180} INFO - Setting next_dagrun for tutorial_dag to None, run_after=None
[2025-03-09T18:05:35.104+0000] {processor.py:208} INFO - Processing /home/airflow/.local/lib/python3.12/site-packages/airflow/example_dags/tutorial_dag.py took 0.181 seconds
[2025-03-09T18:06:05.573+0000] {processor.py:186} INFO - Started process (PID=2680) to work on /home/airflow/.local/lib/python3.12/site-packages/airflow/example_dags/tutorial_dag.py
[2025-03-09T18:06:05.574+0000] {processor.py:914} INFO - Processing file /home/airflow/.local/lib/python3.12/site-packages/airflow/example_dags/tutorial_dag.py for tasks to queue
[2025-03-09T18:06:05.578+0000] {logging_mixin.py:190} INFO - [2025-03-09T18:06:05.577+0000] {dagbag.py:588} INFO - Filling up the DagBag from /home/airflow/.local/lib/python3.12/site-packages/airflow/example_dags/tutorial_dag.py
[2025-03-09T18:06:05.586+0000] {processor.py:925} INFO - DAG(s) 'tutorial_dag' retrieved from /home/airflow/.local/lib/python3.12/site-packages/airflow/example_dags/tutorial_dag.py
[2025-03-09T18:06:05.607+0000] {logging_mixin.py:190} INFO - [2025-03-09T18:06:05.606+0000] {dag.py:3239} INFO - Sync 1 DAGs
[2025-03-09T18:06:05.622+0000] {logging_mixin.py:190} INFO - [2025-03-09T18:06:05.621+0000] {dag.py:4180} INFO - Setting next_dagrun for tutorial_dag to None, run_after=None
[2025-03-09T18:06:05.647+0000] {processor.py:208} INFO - Processing /home/airflow/.local/lib/python3.12/site-packages/airflow/example_dags/tutorial_dag.py took 0.080 seconds
[2025-03-09T18:06:37.250+0000] {processor.py:186} INFO - Started process (PID=2749) to work on /home/airflow/.local/lib/python3.12/site-packages/airflow/example_dags/tutorial_dag.py
[2025-03-09T18:06:37.251+0000] {processor.py:914} INFO - Processing file /home/airflow/.local/lib/python3.12/site-packages/airflow/example_dags/tutorial_dag.py for tasks to queue
[2025-03-09T18:06:37.254+0000] {logging_mixin.py:190} INFO - [2025-03-09T18:06:37.254+0000] {dagbag.py:588} INFO - Filling up the DagBag from /home/airflow/.local/lib/python3.12/site-packages/airflow/example_dags/tutorial_dag.py
[2025-03-09T18:06:37.261+0000] {processor.py:925} INFO - DAG(s) 'tutorial_dag' retrieved from /home/airflow/.local/lib/python3.12/site-packages/airflow/example_dags/tutorial_dag.py
[2025-03-09T18:06:37.281+0000] {logging_mixin.py:190} INFO - [2025-03-09T18:06:37.281+0000] {dag.py:3239} INFO - Sync 1 DAGs
[2025-03-09T18:06:37.299+0000] {logging_mixin.py:190} INFO - [2025-03-09T18:06:37.298+0000] {dag.py:4180} INFO - Setting next_dagrun for tutorial_dag to None, run_after=None
[2025-03-09T18:06:37.325+0000] {processor.py:208} INFO - Processing /home/airflow/.local/lib/python3.12/site-packages/airflow/example_dags/tutorial_dag.py took 0.080 seconds
[2025-03-09T18:07:08.607+0000] {processor.py:186} INFO - Started process (PID=2815) to work on /home/airflow/.local/lib/python3.12/site-packages/airflow/example_dags/tutorial_dag.py
[2025-03-09T18:07:08.608+0000] {processor.py:914} INFO - Processing file /home/airflow/.local/lib/python3.12/site-packages/airflow/example_dags/tutorial_dag.py for tasks to queue
[2025-03-09T18:07:08.610+0000] {logging_mixin.py:190} INFO - [2025-03-09T18:07:08.610+0000] {dagbag.py:588} INFO - Filling up the DagBag from /home/airflow/.local/lib/python3.12/site-packages/airflow/example_dags/tutorial_dag.py
[2025-03-09T18:07:08.619+0000] {processor.py:925} INFO - DAG(s) 'tutorial_dag' retrieved from /home/airflow/.local/lib/python3.12/site-packages/airflow/example_dags/tutorial_dag.py
[2025-03-09T18:07:08.640+0000] {logging_mixin.py:190} INFO - [2025-03-09T18:07:08.639+0000] {dag.py:3239} INFO - Sync 1 DAGs
[2025-03-09T18:07:08.653+0000] {logging_mixin.py:190} INFO - [2025-03-09T18:07:08.653+0000] {dag.py:4180} INFO - Setting next_dagrun for tutorial_dag to None, run_after=None
[2025-03-09T18:07:08.673+0000] {processor.py:208} INFO - Processing /home/airflow/.local/lib/python3.12/site-packages/airflow/example_dags/tutorial_dag.py took 0.072 seconds
[2025-03-09T18:07:39.684+0000] {processor.py:186} INFO - Started process (PID=2881) to work on /home/airflow/.local/lib/python3.12/site-packages/airflow/example_dags/tutorial_dag.py
[2025-03-09T18:07:39.687+0000] {processor.py:914} INFO - Processing file /home/airflow/.local/lib/python3.12/site-packages/airflow/example_dags/tutorial_dag.py for tasks to queue
[2025-03-09T18:07:39.691+0000] {logging_mixin.py:190} INFO - [2025-03-09T18:07:39.690+0000] {dagbag.py:588} INFO - Filling up the DagBag from /home/airflow/.local/lib/python3.12/site-packages/airflow/example_dags/tutorial_dag.py
[2025-03-09T18:07:39.700+0000] {processor.py:925} INFO - DAG(s) 'tutorial_dag' retrieved from /home/airflow/.local/lib/python3.12/site-packages/airflow/example_dags/tutorial_dag.py
[2025-03-09T18:07:39.722+0000] {logging_mixin.py:190} INFO - [2025-03-09T18:07:39.721+0000] {dag.py:3239} INFO - Sync 1 DAGs
[2025-03-09T18:07:39.738+0000] {logging_mixin.py:190} INFO - [2025-03-09T18:07:39.738+0000] {dag.py:4180} INFO - Setting next_dagrun for tutorial_dag to None, run_after=None
[2025-03-09T18:07:39.761+0000] {processor.py:208} INFO - Processing /home/airflow/.local/lib/python3.12/site-packages/airflow/example_dags/tutorial_dag.py took 0.081 seconds
[2025-03-09T18:08:11.485+0000] {processor.py:186} INFO - Started process (PID=2948) to work on /home/airflow/.local/lib/python3.12/site-packages/airflow/example_dags/tutorial_dag.py
[2025-03-09T18:08:11.487+0000] {processor.py:914} INFO - Processing file /home/airflow/.local/lib/python3.12/site-packages/airflow/example_dags/tutorial_dag.py for tasks to queue
[2025-03-09T18:08:11.489+0000] {logging_mixin.py:190} INFO - [2025-03-09T18:08:11.489+0000] {dagbag.py:588} INFO - Filling up the DagBag from /home/airflow/.local/lib/python3.12/site-packages/airflow/example_dags/tutorial_dag.py
[2025-03-09T18:08:11.501+0000] {processor.py:925} INFO - DAG(s) 'tutorial_dag' retrieved from /home/airflow/.local/lib/python3.12/site-packages/airflow/example_dags/tutorial_dag.py
[2025-03-09T18:08:11.527+0000] {logging_mixin.py:190} INFO - [2025-03-09T18:08:11.527+0000] {dag.py:3239} INFO - Sync 1 DAGs
[2025-03-09T18:08:11.547+0000] {logging_mixin.py:190} INFO - [2025-03-09T18:08:11.546+0000] {dag.py:4180} INFO - Setting next_dagrun for tutorial_dag to None, run_after=None
[2025-03-09T18:08:11.574+0000] {processor.py:208} INFO - Processing /home/airflow/.local/lib/python3.12/site-packages/airflow/example_dags/tutorial_dag.py took 0.096 seconds
[2025-03-09T18:08:43.282+0000] {processor.py:186} INFO - Started process (PID=3015) to work on /home/airflow/.local/lib/python3.12/site-packages/airflow/example_dags/tutorial_dag.py
[2025-03-09T18:08:43.283+0000] {processor.py:914} INFO - Processing file /home/airflow/.local/lib/python3.12/site-packages/airflow/example_dags/tutorial_dag.py for tasks to queue
[2025-03-09T18:08:43.286+0000] {logging_mixin.py:190} INFO - [2025-03-09T18:08:43.285+0000] {dagbag.py:588} INFO - Filling up the DagBag from /home/airflow/.local/lib/python3.12/site-packages/airflow/example_dags/tutorial_dag.py
[2025-03-09T18:08:43.294+0000] {processor.py:925} INFO - DAG(s) 'tutorial_dag' retrieved from /home/airflow/.local/lib/python3.12/site-packages/airflow/example_dags/tutorial_dag.py
[2025-03-09T18:08:43.313+0000] {logging_mixin.py:190} INFO - [2025-03-09T18:08:43.313+0000] {dag.py:3239} INFO - Sync 1 DAGs
[2025-03-09T18:08:43.328+0000] {logging_mixin.py:190} INFO - [2025-03-09T18:08:43.327+0000] {dag.py:4180} INFO - Setting next_dagrun for tutorial_dag to None, run_after=None
[2025-03-09T18:08:43.348+0000] {processor.py:208} INFO - Processing /home/airflow/.local/lib/python3.12/site-packages/airflow/example_dags/tutorial_dag.py took 0.071 seconds
[2025-03-09T18:09:15.107+0000] {processor.py:186} INFO - Started process (PID=3081) to work on /home/airflow/.local/lib/python3.12/site-packages/airflow/example_dags/tutorial_dag.py
[2025-03-09T18:09:15.109+0000] {processor.py:914} INFO - Processing file /home/airflow/.local/lib/python3.12/site-packages/airflow/example_dags/tutorial_dag.py for tasks to queue
[2025-03-09T18:09:15.113+0000] {logging_mixin.py:190} INFO - [2025-03-09T18:09:15.112+0000] {dagbag.py:588} INFO - Filling up the DagBag from /home/airflow/.local/lib/python3.12/site-packages/airflow/example_dags/tutorial_dag.py
[2025-03-09T18:09:15.121+0000] {processor.py:925} INFO - DAG(s) 'tutorial_dag' retrieved from /home/airflow/.local/lib/python3.12/site-packages/airflow/example_dags/tutorial_dag.py
[2025-03-09T18:09:15.151+0000] {logging_mixin.py:190} INFO - [2025-03-09T18:09:15.151+0000] {dag.py:3239} INFO - Sync 1 DAGs
[2025-03-09T18:09:15.168+0000] {logging_mixin.py:190} INFO - [2025-03-09T18:09:15.168+0000] {dag.py:4180} INFO - Setting next_dagrun for tutorial_dag to None, run_after=None
[2025-03-09T18:09:15.194+0000] {processor.py:208} INFO - Processing /home/airflow/.local/lib/python3.12/site-packages/airflow/example_dags/tutorial_dag.py took 0.093 seconds
[2025-03-09T18:09:45.526+0000] {processor.py:186} INFO - Started process (PID=3148) to work on /home/airflow/.local/lib/python3.12/site-packages/airflow/example_dags/tutorial_dag.py
[2025-03-09T18:09:45.527+0000] {processor.py:914} INFO - Processing file /home/airflow/.local/lib/python3.12/site-packages/airflow/example_dags/tutorial_dag.py for tasks to queue
[2025-03-09T18:09:45.530+0000] {logging_mixin.py:190} INFO - [2025-03-09T18:09:45.530+0000] {dagbag.py:588} INFO - Filling up the DagBag from /home/airflow/.local/lib/python3.12/site-packages/airflow/example_dags/tutorial_dag.py
[2025-03-09T18:09:45.538+0000] {processor.py:925} INFO - DAG(s) 'tutorial_dag' retrieved from /home/airflow/.local/lib/python3.12/site-packages/airflow/example_dags/tutorial_dag.py
[2025-03-09T18:09:45.557+0000] {logging_mixin.py:190} INFO - [2025-03-09T18:09:45.557+0000] {dag.py:3239} INFO - Sync 1 DAGs
[2025-03-09T18:09:45.570+0000] {logging_mixin.py:190} INFO - [2025-03-09T18:09:45.570+0000] {dag.py:4180} INFO - Setting next_dagrun for tutorial_dag to None, run_after=None
[2025-03-09T18:09:45.595+0000] {processor.py:208} INFO - Processing /home/airflow/.local/lib/python3.12/site-packages/airflow/example_dags/tutorial_dag.py took 0.076 seconds
[2025-03-09T18:10:17.159+0000] {processor.py:186} INFO - Started process (PID=3214) to work on /home/airflow/.local/lib/python3.12/site-packages/airflow/example_dags/tutorial_dag.py
[2025-03-09T18:10:17.160+0000] {processor.py:914} INFO - Processing file /home/airflow/.local/lib/python3.12/site-packages/airflow/example_dags/tutorial_dag.py for tasks to queue
[2025-03-09T18:10:17.163+0000] {logging_mixin.py:190} INFO - [2025-03-09T18:10:17.162+0000] {dagbag.py:588} INFO - Filling up the DagBag from /home/airflow/.local/lib/python3.12/site-packages/airflow/example_dags/tutorial_dag.py
[2025-03-09T18:10:17.170+0000] {processor.py:925} INFO - DAG(s) 'tutorial_dag' retrieved from /home/airflow/.local/lib/python3.12/site-packages/airflow/example_dags/tutorial_dag.py
[2025-03-09T18:10:17.190+0000] {logging_mixin.py:190} INFO - [2025-03-09T18:10:17.189+0000] {dag.py:3239} INFO - Sync 1 DAGs
[2025-03-09T18:10:17.203+0000] {logging_mixin.py:190} INFO - [2025-03-09T18:10:17.203+0000] {dag.py:4180} INFO - Setting next_dagrun for tutorial_dag to None, run_after=None
[2025-03-09T18:10:17.224+0000] {processor.py:208} INFO - Processing /home/airflow/.local/lib/python3.12/site-packages/airflow/example_dags/tutorial_dag.py took 0.070 seconds
[2025-03-09T18:10:48.490+0000] {processor.py:186} INFO - Started process (PID=3279) to work on /home/airflow/.local/lib/python3.12/site-packages/airflow/example_dags/tutorial_dag.py
[2025-03-09T18:10:48.491+0000] {processor.py:914} INFO - Processing file /home/airflow/.local/lib/python3.12/site-packages/airflow/example_dags/tutorial_dag.py for tasks to queue
[2025-03-09T18:10:48.494+0000] {logging_mixin.py:190} INFO - [2025-03-09T18:10:48.494+0000] {dagbag.py:588} INFO - Filling up the DagBag from /home/airflow/.local/lib/python3.12/site-packages/airflow/example_dags/tutorial_dag.py
[2025-03-09T18:10:48.501+0000] {processor.py:925} INFO - DAG(s) 'tutorial_dag' retrieved from /home/airflow/.local/lib/python3.12/site-packages/airflow/example_dags/tutorial_dag.py
[2025-03-09T18:10:48.522+0000] {logging_mixin.py:190} INFO - [2025-03-09T18:10:48.522+0000] {dag.py:3239} INFO - Sync 1 DAGs
[2025-03-09T18:10:48.535+0000] {logging_mixin.py:190} INFO - [2025-03-09T18:10:48.535+0000] {dag.py:4180} INFO - Setting next_dagrun for tutorial_dag to None, run_after=None
[2025-03-09T18:10:48.558+0000] {processor.py:208} INFO - Processing /home/airflow/.local/lib/python3.12/site-packages/airflow/example_dags/tutorial_dag.py took 0.073 seconds
[2025-03-09T18:11:19.763+0000] {processor.py:186} INFO - Started process (PID=3344) to work on /home/airflow/.local/lib/python3.12/site-packages/airflow/example_dags/tutorial_dag.py
[2025-03-09T18:11:19.764+0000] {processor.py:914} INFO - Processing file /home/airflow/.local/lib/python3.12/site-packages/airflow/example_dags/tutorial_dag.py for tasks to queue
[2025-03-09T18:11:19.767+0000] {logging_mixin.py:190} INFO - [2025-03-09T18:11:19.766+0000] {dagbag.py:588} INFO - Filling up the DagBag from /home/airflow/.local/lib/python3.12/site-packages/airflow/example_dags/tutorial_dag.py
[2025-03-09T18:11:19.774+0000] {processor.py:925} INFO - DAG(s) 'tutorial_dag' retrieved from /home/airflow/.local/lib/python3.12/site-packages/airflow/example_dags/tutorial_dag.py
[2025-03-09T18:11:19.793+0000] {logging_mixin.py:190} INFO - [2025-03-09T18:11:19.793+0000] {dag.py:3239} INFO - Sync 1 DAGs
[2025-03-09T18:11:19.808+0000] {logging_mixin.py:190} INFO - [2025-03-09T18:11:19.807+0000] {dag.py:4180} INFO - Setting next_dagrun for tutorial_dag to None, run_after=None
[2025-03-09T18:11:19.828+0000] {processor.py:208} INFO - Processing /home/airflow/.local/lib/python3.12/site-packages/airflow/example_dags/tutorial_dag.py took 0.071 seconds
[2025-03-09T18:11:51.067+0000] {processor.py:186} INFO - Started process (PID=3409) to work on /home/airflow/.local/lib/python3.12/site-packages/airflow/example_dags/tutorial_dag.py
[2025-03-09T18:11:51.069+0000] {processor.py:914} INFO - Processing file /home/airflow/.local/lib/python3.12/site-packages/airflow/example_dags/tutorial_dag.py for tasks to queue
[2025-03-09T18:11:51.072+0000] {logging_mixin.py:190} INFO - [2025-03-09T18:11:51.071+0000] {dagbag.py:588} INFO - Filling up the DagBag from /home/airflow/.local/lib/python3.12/site-packages/airflow/example_dags/tutorial_dag.py
[2025-03-09T18:11:51.079+0000] {processor.py:925} INFO - DAG(s) 'tutorial_dag' retrieved from /home/airflow/.local/lib/python3.12/site-packages/airflow/example_dags/tutorial_dag.py
[2025-03-09T18:11:51.103+0000] {logging_mixin.py:190} INFO - [2025-03-09T18:11:51.102+0000] {dag.py:3239} INFO - Sync 1 DAGs
[2025-03-09T18:11:51.119+0000] {logging_mixin.py:190} INFO - [2025-03-09T18:11:51.119+0000] {dag.py:4180} INFO - Setting next_dagrun for tutorial_dag to None, run_after=None
[2025-03-09T18:11:51.143+0000] {processor.py:208} INFO - Processing /home/airflow/.local/lib/python3.12/site-packages/airflow/example_dags/tutorial_dag.py took 0.083 seconds
[2025-03-09T18:12:22.502+0000] {processor.py:186} INFO - Started process (PID=3474) to work on /home/airflow/.local/lib/python3.12/site-packages/airflow/example_dags/tutorial_dag.py
[2025-03-09T18:12:22.504+0000] {processor.py:914} INFO - Processing file /home/airflow/.local/lib/python3.12/site-packages/airflow/example_dags/tutorial_dag.py for tasks to queue
[2025-03-09T18:12:22.507+0000] {logging_mixin.py:190} INFO - [2025-03-09T18:12:22.507+0000] {dagbag.py:588} INFO - Filling up the DagBag from /home/airflow/.local/lib/python3.12/site-packages/airflow/example_dags/tutorial_dag.py
[2025-03-09T18:12:22.514+0000] {processor.py:925} INFO - DAG(s) 'tutorial_dag' retrieved from /home/airflow/.local/lib/python3.12/site-packages/airflow/example_dags/tutorial_dag.py
[2025-03-09T18:12:22.535+0000] {logging_mixin.py:190} INFO - [2025-03-09T18:12:22.534+0000] {dag.py:3239} INFO - Sync 1 DAGs
[2025-03-09T18:12:22.548+0000] {logging_mixin.py:190} INFO - [2025-03-09T18:12:22.547+0000] {dag.py:4180} INFO - Setting next_dagrun for tutorial_dag to None, run_after=None
[2025-03-09T18:12:22.570+0000] {processor.py:208} INFO - Processing /home/airflow/.local/lib/python3.12/site-packages/airflow/example_dags/tutorial_dag.py took 0.074 seconds
[2025-03-09T18:12:53.069+0000] {processor.py:186} INFO - Started process (PID=3539) to work on /home/airflow/.local/lib/python3.12/site-packages/airflow/example_dags/tutorial_dag.py
[2025-03-09T18:12:53.070+0000] {processor.py:914} INFO - Processing file /home/airflow/.local/lib/python3.12/site-packages/airflow/example_dags/tutorial_dag.py for tasks to queue
[2025-03-09T18:12:53.073+0000] {logging_mixin.py:190} INFO - [2025-03-09T18:12:53.072+0000] {dagbag.py:588} INFO - Filling up the DagBag from /home/airflow/.local/lib/python3.12/site-packages/airflow/example_dags/tutorial_dag.py
[2025-03-09T18:12:53.079+0000] {processor.py:925} INFO - DAG(s) 'tutorial_dag' retrieved from /home/airflow/.local/lib/python3.12/site-packages/airflow/example_dags/tutorial_dag.py
[2025-03-09T18:12:53.099+0000] {logging_mixin.py:190} INFO - [2025-03-09T18:12:53.098+0000] {dag.py:3239} INFO - Sync 1 DAGs
[2025-03-09T18:12:53.112+0000] {logging_mixin.py:190} INFO - [2025-03-09T18:12:53.111+0000] {dag.py:4180} INFO - Setting next_dagrun for tutorial_dag to None, run_after=None
[2025-03-09T18:12:53.133+0000] {processor.py:208} INFO - Processing /home/airflow/.local/lib/python3.12/site-packages/airflow/example_dags/tutorial_dag.py took 0.069 seconds
[2025-03-09T18:13:25.639+0000] {processor.py:186} INFO - Started process (PID=3604) to work on /home/airflow/.local/lib/python3.12/site-packages/airflow/example_dags/tutorial_dag.py
[2025-03-09T18:13:25.640+0000] {processor.py:914} INFO - Processing file /home/airflow/.local/lib/python3.12/site-packages/airflow/example_dags/tutorial_dag.py for tasks to queue
[2025-03-09T18:13:25.643+0000] {logging_mixin.py:190} INFO - [2025-03-09T18:13:25.643+0000] {dagbag.py:588} INFO - Filling up the DagBag from /home/airflow/.local/lib/python3.12/site-packages/airflow/example_dags/tutorial_dag.py
[2025-03-09T18:13:25.652+0000] {processor.py:925} INFO - DAG(s) 'tutorial_dag' retrieved from /home/airflow/.local/lib/python3.12/site-packages/airflow/example_dags/tutorial_dag.py
[2025-03-09T18:13:25.679+0000] {logging_mixin.py:190} INFO - [2025-03-09T18:13:25.678+0000] {dag.py:3239} INFO - Sync 1 DAGs
[2025-03-09T18:13:25.695+0000] {logging_mixin.py:190} INFO - [2025-03-09T18:13:25.695+0000] {dag.py:4180} INFO - Setting next_dagrun for tutorial_dag to None, run_after=None
[2025-03-09T18:13:25.726+0000] {processor.py:208} INFO - Processing /home/airflow/.local/lib/python3.12/site-packages/airflow/example_dags/tutorial_dag.py took 0.093 seconds
[2025-03-09T18:13:58.053+0000] {processor.py:186} INFO - Started process (PID=3669) to work on /home/airflow/.local/lib/python3.12/site-packages/airflow/example_dags/tutorial_dag.py
[2025-03-09T18:13:58.054+0000] {processor.py:914} INFO - Processing file /home/airflow/.local/lib/python3.12/site-packages/airflow/example_dags/tutorial_dag.py for tasks to queue
[2025-03-09T18:13:58.058+0000] {logging_mixin.py:190} INFO - [2025-03-09T18:13:58.058+0000] {dagbag.py:588} INFO - Filling up the DagBag from /home/airflow/.local/lib/python3.12/site-packages/airflow/example_dags/tutorial_dag.py
[2025-03-09T18:13:58.068+0000] {processor.py:925} INFO - DAG(s) 'tutorial_dag' retrieved from /home/airflow/.local/lib/python3.12/site-packages/airflow/example_dags/tutorial_dag.py
[2025-03-09T18:13:58.095+0000] {logging_mixin.py:190} INFO - [2025-03-09T18:13:58.095+0000] {dag.py:3239} INFO - Sync 1 DAGs
[2025-03-09T18:13:58.478+0000] {logging_mixin.py:190} INFO - [2025-03-09T18:13:58.476+0000] {dag.py:4180} INFO - Setting next_dagrun for tutorial_dag to None, run_after=None
[2025-03-09T18:13:58.528+0000] {processor.py:208} INFO - Processing /home/airflow/.local/lib/python3.12/site-packages/airflow/example_dags/tutorial_dag.py took 0.484 seconds
[2025-03-09T18:14:28.667+0000] {processor.py:186} INFO - Started process (PID=3734) to work on /home/airflow/.local/lib/python3.12/site-packages/airflow/example_dags/tutorial_dag.py
[2025-03-09T18:14:28.668+0000] {processor.py:914} INFO - Processing file /home/airflow/.local/lib/python3.12/site-packages/airflow/example_dags/tutorial_dag.py for tasks to queue
[2025-03-09T18:14:28.671+0000] {logging_mixin.py:190} INFO - [2025-03-09T18:14:28.671+0000] {dagbag.py:588} INFO - Filling up the DagBag from /home/airflow/.local/lib/python3.12/site-packages/airflow/example_dags/tutorial_dag.py
[2025-03-09T18:14:28.680+0000] {processor.py:925} INFO - DAG(s) 'tutorial_dag' retrieved from /home/airflow/.local/lib/python3.12/site-packages/airflow/example_dags/tutorial_dag.py
[2025-03-09T18:14:28.700+0000] {logging_mixin.py:190} INFO - [2025-03-09T18:14:28.699+0000] {dag.py:3239} INFO - Sync 1 DAGs
[2025-03-09T18:14:28.713+0000] {logging_mixin.py:190} INFO - [2025-03-09T18:14:28.712+0000] {dag.py:4180} INFO - Setting next_dagrun for tutorial_dag to None, run_after=None
[2025-03-09T18:14:28.734+0000] {processor.py:208} INFO - Processing /home/airflow/.local/lib/python3.12/site-packages/airflow/example_dags/tutorial_dag.py took 0.072 seconds
[2025-03-09T18:14:59.527+0000] {processor.py:186} INFO - Started process (PID=3800) to work on /home/airflow/.local/lib/python3.12/site-packages/airflow/example_dags/tutorial_dag.py
[2025-03-09T18:14:59.528+0000] {processor.py:914} INFO - Processing file /home/airflow/.local/lib/python3.12/site-packages/airflow/example_dags/tutorial_dag.py for tasks to queue
[2025-03-09T18:14:59.532+0000] {logging_mixin.py:190} INFO - [2025-03-09T18:14:59.531+0000] {dagbag.py:588} INFO - Filling up the DagBag from /home/airflow/.local/lib/python3.12/site-packages/airflow/example_dags/tutorial_dag.py
[2025-03-09T18:14:59.541+0000] {processor.py:925} INFO - DAG(s) 'tutorial_dag' retrieved from /home/airflow/.local/lib/python3.12/site-packages/airflow/example_dags/tutorial_dag.py
[2025-03-09T18:14:59.575+0000] {logging_mixin.py:190} INFO - [2025-03-09T18:14:59.574+0000] {dag.py:3239} INFO - Sync 1 DAGs
[2025-03-09T18:14:59.598+0000] {logging_mixin.py:190} INFO - [2025-03-09T18:14:59.598+0000] {dag.py:4180} INFO - Setting next_dagrun for tutorial_dag to None, run_after=None
[2025-03-09T18:14:59.632+0000] {processor.py:208} INFO - Processing /home/airflow/.local/lib/python3.12/site-packages/airflow/example_dags/tutorial_dag.py took 0.111 seconds
[2025-03-09T18:15:30.277+0000] {processor.py:186} INFO - Started process (PID=3865) to work on /home/airflow/.local/lib/python3.12/site-packages/airflow/example_dags/tutorial_dag.py
[2025-03-09T18:15:30.278+0000] {processor.py:914} INFO - Processing file /home/airflow/.local/lib/python3.12/site-packages/airflow/example_dags/tutorial_dag.py for tasks to queue
[2025-03-09T18:15:30.281+0000] {logging_mixin.py:190} INFO - [2025-03-09T18:15:30.280+0000] {dagbag.py:588} INFO - Filling up the DagBag from /home/airflow/.local/lib/python3.12/site-packages/airflow/example_dags/tutorial_dag.py
[2025-03-09T18:15:30.288+0000] {processor.py:925} INFO - DAG(s) 'tutorial_dag' retrieved from /home/airflow/.local/lib/python3.12/site-packages/airflow/example_dags/tutorial_dag.py
[2025-03-09T18:15:30.308+0000] {logging_mixin.py:190} INFO - [2025-03-09T18:15:30.307+0000] {dag.py:3239} INFO - Sync 1 DAGs
[2025-03-09T18:15:30.320+0000] {logging_mixin.py:190} INFO - [2025-03-09T18:15:30.320+0000] {dag.py:4180} INFO - Setting next_dagrun for tutorial_dag to None, run_after=None
[2025-03-09T18:15:30.340+0000] {processor.py:208} INFO - Processing /home/airflow/.local/lib/python3.12/site-packages/airflow/example_dags/tutorial_dag.py took 0.068 seconds
[2025-03-09T18:16:05.976+0000] {processor.py:186} INFO - Started process (PID=3930) to work on /home/airflow/.local/lib/python3.12/site-packages/airflow/example_dags/tutorial_dag.py
[2025-03-09T18:16:05.984+0000] {processor.py:914} INFO - Processing file /home/airflow/.local/lib/python3.12/site-packages/airflow/example_dags/tutorial_dag.py for tasks to queue
[2025-03-09T18:16:06.017+0000] {logging_mixin.py:190} INFO - [2025-03-09T18:16:06.015+0000] {dagbag.py:588} INFO - Filling up the DagBag from /home/airflow/.local/lib/python3.12/site-packages/airflow/example_dags/tutorial_dag.py
[2025-03-09T18:16:06.064+0000] {processor.py:925} INFO - DAG(s) 'tutorial_dag' retrieved from /home/airflow/.local/lib/python3.12/site-packages/airflow/example_dags/tutorial_dag.py
[2025-03-09T18:16:06.168+0000] {logging_mixin.py:190} INFO - [2025-03-09T18:16:06.167+0000] {dag.py:3239} INFO - Sync 1 DAGs
[2025-03-09T18:16:06.236+0000] {logging_mixin.py:190} INFO - [2025-03-09T18:16:06.236+0000] {dag.py:4180} INFO - Setting next_dagrun for tutorial_dag to None, run_after=None
[2025-03-09T18:16:06.343+0000] {processor.py:208} INFO - Processing /home/airflow/.local/lib/python3.12/site-packages/airflow/example_dags/tutorial_dag.py took 0.396 seconds
[2025-03-09T18:16:36.892+0000] {processor.py:186} INFO - Started process (PID=3995) to work on /home/airflow/.local/lib/python3.12/site-packages/airflow/example_dags/tutorial_dag.py
[2025-03-09T18:16:36.893+0000] {processor.py:914} INFO - Processing file /home/airflow/.local/lib/python3.12/site-packages/airflow/example_dags/tutorial_dag.py for tasks to queue
[2025-03-09T18:16:36.896+0000] {logging_mixin.py:190} INFO - [2025-03-09T18:16:36.896+0000] {dagbag.py:588} INFO - Filling up the DagBag from /home/airflow/.local/lib/python3.12/site-packages/airflow/example_dags/tutorial_dag.py
[2025-03-09T18:16:36.905+0000] {processor.py:925} INFO - DAG(s) 'tutorial_dag' retrieved from /home/airflow/.local/lib/python3.12/site-packages/airflow/example_dags/tutorial_dag.py
[2025-03-09T18:16:36.927+0000] {logging_mixin.py:190} INFO - [2025-03-09T18:16:36.927+0000] {dag.py:3239} INFO - Sync 1 DAGs
[2025-03-09T18:16:36.945+0000] {logging_mixin.py:190} INFO - [2025-03-09T18:16:36.945+0000] {dag.py:4180} INFO - Setting next_dagrun for tutorial_dag to None, run_after=None
[2025-03-09T18:16:36.974+0000] {processor.py:208} INFO - Processing /home/airflow/.local/lib/python3.12/site-packages/airflow/example_dags/tutorial_dag.py took 0.088 seconds
[2025-03-09T18:17:07.272+0000] {processor.py:186} INFO - Started process (PID=4060) to work on /home/airflow/.local/lib/python3.12/site-packages/airflow/example_dags/tutorial_dag.py
[2025-03-09T18:17:07.273+0000] {processor.py:914} INFO - Processing file /home/airflow/.local/lib/python3.12/site-packages/airflow/example_dags/tutorial_dag.py for tasks to queue
[2025-03-09T18:17:07.277+0000] {logging_mixin.py:190} INFO - [2025-03-09T18:17:07.277+0000] {dagbag.py:588} INFO - Filling up the DagBag from /home/airflow/.local/lib/python3.12/site-packages/airflow/example_dags/tutorial_dag.py
[2025-03-09T18:17:07.285+0000] {processor.py:925} INFO - DAG(s) 'tutorial_dag' retrieved from /home/airflow/.local/lib/python3.12/site-packages/airflow/example_dags/tutorial_dag.py
[2025-03-09T18:17:07.306+0000] {logging_mixin.py:190} INFO - [2025-03-09T18:17:07.305+0000] {dag.py:3239} INFO - Sync 1 DAGs
[2025-03-09T18:17:07.319+0000] {logging_mixin.py:190} INFO - [2025-03-09T18:17:07.319+0000] {dag.py:4180} INFO - Setting next_dagrun for tutorial_dag to None, run_after=None
[2025-03-09T18:17:07.341+0000] {processor.py:208} INFO - Processing /home/airflow/.local/lib/python3.12/site-packages/airflow/example_dags/tutorial_dag.py took 0.076 seconds
[2025-03-09T18:17:37.898+0000] {processor.py:186} INFO - Started process (PID=4125) to work on /home/airflow/.local/lib/python3.12/site-packages/airflow/example_dags/tutorial_dag.py
[2025-03-09T18:17:37.900+0000] {processor.py:914} INFO - Processing file /home/airflow/.local/lib/python3.12/site-packages/airflow/example_dags/tutorial_dag.py for tasks to queue
[2025-03-09T18:17:37.903+0000] {logging_mixin.py:190} INFO - [2025-03-09T18:17:37.902+0000] {dagbag.py:588} INFO - Filling up the DagBag from /home/airflow/.local/lib/python3.12/site-packages/airflow/example_dags/tutorial_dag.py
[2025-03-09T18:17:37.912+0000] {processor.py:925} INFO - DAG(s) 'tutorial_dag' retrieved from /home/airflow/.local/lib/python3.12/site-packages/airflow/example_dags/tutorial_dag.py
[2025-03-09T18:17:37.939+0000] {logging_mixin.py:190} INFO - [2025-03-09T18:17:37.939+0000] {dag.py:3239} INFO - Sync 1 DAGs
[2025-03-09T18:17:37.957+0000] {logging_mixin.py:190} INFO - [2025-03-09T18:17:37.957+0000] {dag.py:4180} INFO - Setting next_dagrun for tutorial_dag to None, run_after=None
[2025-03-09T18:17:37.986+0000] {processor.py:208} INFO - Processing /home/airflow/.local/lib/python3.12/site-packages/airflow/example_dags/tutorial_dag.py took 0.096 seconds
[2025-03-09T18:18:08.515+0000] {processor.py:186} INFO - Started process (PID=4190) to work on /home/airflow/.local/lib/python3.12/site-packages/airflow/example_dags/tutorial_dag.py
[2025-03-09T18:18:08.516+0000] {processor.py:914} INFO - Processing file /home/airflow/.local/lib/python3.12/site-packages/airflow/example_dags/tutorial_dag.py for tasks to queue
[2025-03-09T18:18:08.519+0000] {logging_mixin.py:190} INFO - [2025-03-09T18:18:08.518+0000] {dagbag.py:588} INFO - Filling up the DagBag from /home/airflow/.local/lib/python3.12/site-packages/airflow/example_dags/tutorial_dag.py
[2025-03-09T18:18:08.526+0000] {processor.py:925} INFO - DAG(s) 'tutorial_dag' retrieved from /home/airflow/.local/lib/python3.12/site-packages/airflow/example_dags/tutorial_dag.py
[2025-03-09T18:18:08.545+0000] {logging_mixin.py:190} INFO - [2025-03-09T18:18:08.545+0000] {dag.py:3239} INFO - Sync 1 DAGs
[2025-03-09T18:18:08.559+0000] {logging_mixin.py:190} INFO - [2025-03-09T18:18:08.559+0000] {dag.py:4180} INFO - Setting next_dagrun for tutorial_dag to None, run_after=None
[2025-03-09T18:18:08.581+0000] {processor.py:208} INFO - Processing /home/airflow/.local/lib/python3.12/site-packages/airflow/example_dags/tutorial_dag.py took 0.071 seconds
[2025-03-09T18:18:38.699+0000] {processor.py:186} INFO - Started process (PID=4255) to work on /home/airflow/.local/lib/python3.12/site-packages/airflow/example_dags/tutorial_dag.py
[2025-03-09T18:18:38.699+0000] {processor.py:914} INFO - Processing file /home/airflow/.local/lib/python3.12/site-packages/airflow/example_dags/tutorial_dag.py for tasks to queue
[2025-03-09T18:18:38.703+0000] {logging_mixin.py:190} INFO - [2025-03-09T18:18:38.703+0000] {dagbag.py:588} INFO - Filling up the DagBag from /home/airflow/.local/lib/python3.12/site-packages/airflow/example_dags/tutorial_dag.py
[2025-03-09T18:18:38.710+0000] {processor.py:925} INFO - DAG(s) 'tutorial_dag' retrieved from /home/airflow/.local/lib/python3.12/site-packages/airflow/example_dags/tutorial_dag.py
[2025-03-09T18:18:38.731+0000] {logging_mixin.py:190} INFO - [2025-03-09T18:18:38.730+0000] {dag.py:3239} INFO - Sync 1 DAGs
[2025-03-09T18:18:38.743+0000] {logging_mixin.py:190} INFO - [2025-03-09T18:18:38.743+0000] {dag.py:4180} INFO - Setting next_dagrun for tutorial_dag to None, run_after=None
[2025-03-09T18:18:38.765+0000] {processor.py:208} INFO - Processing /home/airflow/.local/lib/python3.12/site-packages/airflow/example_dags/tutorial_dag.py took 0.072 seconds
