[2025-03-09T17:45:39.543+0000] {processor.py:186} INFO - Started process (PID=128) to work on /home/airflow/.local/lib/python3.12/site-packages/airflow/example_dags/tutorial.py
[2025-03-09T17:45:39.545+0000] {processor.py:914} INFO - Processing file /home/airflow/.local/lib/python3.12/site-packages/airflow/example_dags/tutorial.py for tasks to queue
[2025-03-09T17:45:39.548+0000] {logging_mixin.py:190} INFO - [2025-03-09T17:45:39.547+0000] {dagbag.py:588} INFO - Filling up the DagBag from /home/airflow/.local/lib/python3.12/site-packages/airflow/example_dags/tutorial.py
[2025-03-09T17:45:39.556+0000] {processor.py:925} INFO - DAG(s) 'tutorial' retrieved from /home/airflow/.local/lib/python3.12/site-packages/airflow/example_dags/tutorial.py
[2025-03-09T17:45:39.580+0000] {logging_mixin.py:190} INFO - [2025-03-09T17:45:39.580+0000] {dag.py:3239} INFO - Sync 1 DAGs
[2025-03-09T17:45:39.603+0000] {logging_mixin.py:190} INFO - [2025-03-09T17:45:39.603+0000] {dag.py:4180} INFO - Setting next_dagrun for tutorial to 2025-03-08 00:00:00+00:00, run_after=2025-03-09 00:00:00+00:00
[2025-03-09T17:45:39.628+0000] {processor.py:208} INFO - Processing /home/airflow/.local/lib/python3.12/site-packages/airflow/example_dags/tutorial.py took 0.091 seconds
[2025-03-09T17:46:10.677+0000] {processor.py:186} INFO - Started process (PID=194) to work on /home/airflow/.local/lib/python3.12/site-packages/airflow/example_dags/tutorial.py
[2025-03-09T17:46:10.678+0000] {processor.py:914} INFO - Processing file /home/airflow/.local/lib/python3.12/site-packages/airflow/example_dags/tutorial.py for tasks to queue
[2025-03-09T17:46:10.681+0000] {logging_mixin.py:190} INFO - [2025-03-09T17:46:10.681+0000] {dagbag.py:588} INFO - Filling up the DagBag from /home/airflow/.local/lib/python3.12/site-packages/airflow/example_dags/tutorial.py
[2025-03-09T17:46:10.688+0000] {processor.py:925} INFO - DAG(s) 'tutorial' retrieved from /home/airflow/.local/lib/python3.12/site-packages/airflow/example_dags/tutorial.py
[2025-03-09T17:46:10.711+0000] {logging_mixin.py:190} INFO - [2025-03-09T17:46:10.710+0000] {dag.py:3239} INFO - Sync 1 DAGs
[2025-03-09T17:46:10.739+0000] {logging_mixin.py:190} INFO - [2025-03-09T17:46:10.739+0000] {dag.py:4180} INFO - Setting next_dagrun for tutorial to 2025-03-08 00:00:00+00:00, run_after=2025-03-09 00:00:00+00:00
[2025-03-09T17:46:10.763+0000] {processor.py:208} INFO - Processing /home/airflow/.local/lib/python3.12/site-packages/airflow/example_dags/tutorial.py took 0.092 seconds
[2025-03-09T17:46:43.110+0000] {processor.py:186} INFO - Started process (PID=260) to work on /home/airflow/.local/lib/python3.12/site-packages/airflow/example_dags/tutorial.py
[2025-03-09T17:46:43.120+0000] {processor.py:914} INFO - Processing file /home/airflow/.local/lib/python3.12/site-packages/airflow/example_dags/tutorial.py for tasks to queue
[2025-03-09T17:46:43.127+0000] {logging_mixin.py:190} INFO - [2025-03-09T17:46:43.127+0000] {dagbag.py:588} INFO - Filling up the DagBag from /home/airflow/.local/lib/python3.12/site-packages/airflow/example_dags/tutorial.py
[2025-03-09T17:46:43.138+0000] {processor.py:925} INFO - DAG(s) 'tutorial' retrieved from /home/airflow/.local/lib/python3.12/site-packages/airflow/example_dags/tutorial.py
[2025-03-09T17:46:43.169+0000] {logging_mixin.py:190} INFO - [2025-03-09T17:46:43.169+0000] {dag.py:3239} INFO - Sync 1 DAGs
[2025-03-09T17:46:43.203+0000] {logging_mixin.py:190} INFO - [2025-03-09T17:46:43.203+0000] {dag.py:4180} INFO - Setting next_dagrun for tutorial to 2025-03-08 00:00:00+00:00, run_after=2025-03-09 00:00:00+00:00
[2025-03-09T17:46:43.237+0000] {processor.py:208} INFO - Processing /home/airflow/.local/lib/python3.12/site-packages/airflow/example_dags/tutorial.py took 0.146 seconds
[2025-03-09T17:47:14.122+0000] {processor.py:186} INFO - Started process (PID=325) to work on /home/airflow/.local/lib/python3.12/site-packages/airflow/example_dags/tutorial.py
[2025-03-09T17:47:14.123+0000] {processor.py:914} INFO - Processing file /home/airflow/.local/lib/python3.12/site-packages/airflow/example_dags/tutorial.py for tasks to queue
[2025-03-09T17:47:14.126+0000] {logging_mixin.py:190} INFO - [2025-03-09T17:47:14.126+0000] {dagbag.py:588} INFO - Filling up the DagBag from /home/airflow/.local/lib/python3.12/site-packages/airflow/example_dags/tutorial.py
[2025-03-09T17:47:14.137+0000] {processor.py:925} INFO - DAG(s) 'tutorial' retrieved from /home/airflow/.local/lib/python3.12/site-packages/airflow/example_dags/tutorial.py
[2025-03-09T17:47:14.163+0000] {logging_mixin.py:190} INFO - [2025-03-09T17:47:14.162+0000] {dag.py:3239} INFO - Sync 1 DAGs
[2025-03-09T17:47:14.188+0000] {logging_mixin.py:190} INFO - [2025-03-09T17:47:14.188+0000] {dag.py:4180} INFO - Setting next_dagrun for tutorial to 2025-03-08 00:00:00+00:00, run_after=2025-03-09 00:00:00+00:00
[2025-03-09T17:47:14.214+0000] {processor.py:208} INFO - Processing /home/airflow/.local/lib/python3.12/site-packages/airflow/example_dags/tutorial.py took 0.097 seconds
[2025-03-09T17:47:47.609+0000] {processor.py:186} INFO - Started process (PID=390) to work on /home/airflow/.local/lib/python3.12/site-packages/airflow/example_dags/tutorial.py
[2025-03-09T17:47:47.610+0000] {processor.py:914} INFO - Processing file /home/airflow/.local/lib/python3.12/site-packages/airflow/example_dags/tutorial.py for tasks to queue
[2025-03-09T17:47:47.612+0000] {logging_mixin.py:190} INFO - [2025-03-09T17:47:47.612+0000] {dagbag.py:588} INFO - Filling up the DagBag from /home/airflow/.local/lib/python3.12/site-packages/airflow/example_dags/tutorial.py
[2025-03-09T17:47:47.621+0000] {processor.py:925} INFO - DAG(s) 'tutorial' retrieved from /home/airflow/.local/lib/python3.12/site-packages/airflow/example_dags/tutorial.py
[2025-03-09T17:47:47.642+0000] {logging_mixin.py:190} INFO - [2025-03-09T17:47:47.642+0000] {dag.py:3239} INFO - Sync 1 DAGs
[2025-03-09T17:47:47.668+0000] {logging_mixin.py:190} INFO - [2025-03-09T17:47:47.668+0000] {dag.py:4180} INFO - Setting next_dagrun for tutorial to 2025-03-08 00:00:00+00:00, run_after=2025-03-09 00:00:00+00:00
[2025-03-09T17:47:47.694+0000] {processor.py:208} INFO - Processing /home/airflow/.local/lib/python3.12/site-packages/airflow/example_dags/tutorial.py took 0.092 seconds
[2025-03-09T17:48:18.168+0000] {processor.py:186} INFO - Started process (PID=455) to work on /home/airflow/.local/lib/python3.12/site-packages/airflow/example_dags/tutorial.py
[2025-03-09T17:48:18.169+0000] {processor.py:914} INFO - Processing file /home/airflow/.local/lib/python3.12/site-packages/airflow/example_dags/tutorial.py for tasks to queue
[2025-03-09T17:48:18.172+0000] {logging_mixin.py:190} INFO - [2025-03-09T17:48:18.171+0000] {dagbag.py:588} INFO - Filling up the DagBag from /home/airflow/.local/lib/python3.12/site-packages/airflow/example_dags/tutorial.py
[2025-03-09T17:48:18.180+0000] {processor.py:925} INFO - DAG(s) 'tutorial' retrieved from /home/airflow/.local/lib/python3.12/site-packages/airflow/example_dags/tutorial.py
[2025-03-09T17:48:18.200+0000] {logging_mixin.py:190} INFO - [2025-03-09T17:48:18.199+0000] {dag.py:3239} INFO - Sync 1 DAGs
[2025-03-09T17:48:18.240+0000] {logging_mixin.py:190} INFO - [2025-03-09T17:48:18.240+0000] {dag.py:4180} INFO - Setting next_dagrun for tutorial to 2025-03-08 00:00:00+00:00, run_after=2025-03-09 00:00:00+00:00
[2025-03-09T17:48:18.293+0000] {processor.py:208} INFO - Processing /home/airflow/.local/lib/python3.12/site-packages/airflow/example_dags/tutorial.py took 0.130 seconds
[2025-03-09T17:48:48.412+0000] {processor.py:186} INFO - Started process (PID=520) to work on /home/airflow/.local/lib/python3.12/site-packages/airflow/example_dags/tutorial.py
[2025-03-09T17:48:48.414+0000] {processor.py:914} INFO - Processing file /home/airflow/.local/lib/python3.12/site-packages/airflow/example_dags/tutorial.py for tasks to queue
[2025-03-09T17:48:48.417+0000] {logging_mixin.py:190} INFO - [2025-03-09T17:48:48.417+0000] {dagbag.py:588} INFO - Filling up the DagBag from /home/airflow/.local/lib/python3.12/site-packages/airflow/example_dags/tutorial.py
[2025-03-09T17:48:48.425+0000] {processor.py:925} INFO - DAG(s) 'tutorial' retrieved from /home/airflow/.local/lib/python3.12/site-packages/airflow/example_dags/tutorial.py
[2025-03-09T17:48:48.445+0000] {logging_mixin.py:190} INFO - [2025-03-09T17:48:48.445+0000] {dag.py:3239} INFO - Sync 1 DAGs
[2025-03-09T17:48:48.470+0000] {logging_mixin.py:190} INFO - [2025-03-09T17:48:48.470+0000] {dag.py:4180} INFO - Setting next_dagrun for tutorial to 2025-03-08 00:00:00+00:00, run_after=2025-03-09 00:00:00+00:00
[2025-03-09T17:48:48.493+0000] {processor.py:208} INFO - Processing /home/airflow/.local/lib/python3.12/site-packages/airflow/example_dags/tutorial.py took 0.087 seconds
[2025-03-09T17:49:21.090+0000] {processor.py:186} INFO - Started process (PID=585) to work on /home/airflow/.local/lib/python3.12/site-packages/airflow/example_dags/tutorial.py
[2025-03-09T17:49:21.091+0000] {processor.py:914} INFO - Processing file /home/airflow/.local/lib/python3.12/site-packages/airflow/example_dags/tutorial.py for tasks to queue
[2025-03-09T17:49:21.093+0000] {logging_mixin.py:190} INFO - [2025-03-09T17:49:21.093+0000] {dagbag.py:588} INFO - Filling up the DagBag from /home/airflow/.local/lib/python3.12/site-packages/airflow/example_dags/tutorial.py
[2025-03-09T17:49:21.102+0000] {processor.py:925} INFO - DAG(s) 'tutorial' retrieved from /home/airflow/.local/lib/python3.12/site-packages/airflow/example_dags/tutorial.py
[2025-03-09T17:49:21.129+0000] {logging_mixin.py:190} INFO - [2025-03-09T17:49:21.128+0000] {dag.py:3239} INFO - Sync 1 DAGs
[2025-03-09T17:49:21.155+0000] {logging_mixin.py:190} INFO - [2025-03-09T17:49:21.154+0000] {dag.py:4180} INFO - Setting next_dagrun for tutorial to 2025-03-08 00:00:00+00:00, run_after=2025-03-09 00:00:00+00:00
[2025-03-09T17:49:21.181+0000] {processor.py:208} INFO - Processing /home/airflow/.local/lib/python3.12/site-packages/airflow/example_dags/tutorial.py took 0.097 seconds
[2025-03-09T17:49:54.536+0000] {processor.py:186} INFO - Started process (PID=650) to work on /home/airflow/.local/lib/python3.12/site-packages/airflow/example_dags/tutorial.py
[2025-03-09T17:49:54.538+0000] {processor.py:914} INFO - Processing file /home/airflow/.local/lib/python3.12/site-packages/airflow/example_dags/tutorial.py for tasks to queue
[2025-03-09T17:49:54.541+0000] {logging_mixin.py:190} INFO - [2025-03-09T17:49:54.541+0000] {dagbag.py:588} INFO - Filling up the DagBag from /home/airflow/.local/lib/python3.12/site-packages/airflow/example_dags/tutorial.py
[2025-03-09T17:49:54.555+0000] {processor.py:925} INFO - DAG(s) 'tutorial' retrieved from /home/airflow/.local/lib/python3.12/site-packages/airflow/example_dags/tutorial.py
[2025-03-09T17:49:54.588+0000] {logging_mixin.py:190} INFO - [2025-03-09T17:49:54.587+0000] {dag.py:3239} INFO - Sync 1 DAGs
[2025-03-09T17:49:54.624+0000] {logging_mixin.py:190} INFO - [2025-03-09T17:49:54.624+0000] {dag.py:4180} INFO - Setting next_dagrun for tutorial to 2025-03-08 00:00:00+00:00, run_after=2025-03-09 00:00:00+00:00
[2025-03-09T17:49:54.657+0000] {processor.py:208} INFO - Processing /home/airflow/.local/lib/python3.12/site-packages/airflow/example_dags/tutorial.py took 0.129 seconds
[2025-03-09T17:50:25.563+0000] {processor.py:186} INFO - Started process (PID=716) to work on /home/airflow/.local/lib/python3.12/site-packages/airflow/example_dags/tutorial.py
[2025-03-09T17:50:25.564+0000] {processor.py:914} INFO - Processing file /home/airflow/.local/lib/python3.12/site-packages/airflow/example_dags/tutorial.py for tasks to queue
[2025-03-09T17:50:25.567+0000] {logging_mixin.py:190} INFO - [2025-03-09T17:50:25.566+0000] {dagbag.py:588} INFO - Filling up the DagBag from /home/airflow/.local/lib/python3.12/site-packages/airflow/example_dags/tutorial.py
[2025-03-09T17:50:25.578+0000] {processor.py:925} INFO - DAG(s) 'tutorial' retrieved from /home/airflow/.local/lib/python3.12/site-packages/airflow/example_dags/tutorial.py
[2025-03-09T17:50:25.605+0000] {logging_mixin.py:190} INFO - [2025-03-09T17:50:25.605+0000] {dag.py:3239} INFO - Sync 1 DAGs
[2025-03-09T17:50:25.637+0000] {logging_mixin.py:190} INFO - [2025-03-09T17:50:25.636+0000] {dag.py:4180} INFO - Setting next_dagrun for tutorial to 2025-03-08 00:00:00+00:00, run_after=2025-03-09 00:00:00+00:00
[2025-03-09T17:50:25.667+0000] {processor.py:208} INFO - Processing /home/airflow/.local/lib/python3.12/site-packages/airflow/example_dags/tutorial.py took 0.111 seconds
[2025-03-09T17:50:57.548+0000] {processor.py:186} INFO - Started process (PID=781) to work on /home/airflow/.local/lib/python3.12/site-packages/airflow/example_dags/tutorial.py
[2025-03-09T17:50:57.549+0000] {processor.py:914} INFO - Processing file /home/airflow/.local/lib/python3.12/site-packages/airflow/example_dags/tutorial.py for tasks to queue
[2025-03-09T17:50:57.552+0000] {logging_mixin.py:190} INFO - [2025-03-09T17:50:57.551+0000] {dagbag.py:588} INFO - Filling up the DagBag from /home/airflow/.local/lib/python3.12/site-packages/airflow/example_dags/tutorial.py
[2025-03-09T17:50:57.560+0000] {processor.py:925} INFO - DAG(s) 'tutorial' retrieved from /home/airflow/.local/lib/python3.12/site-packages/airflow/example_dags/tutorial.py
[2025-03-09T17:50:57.581+0000] {logging_mixin.py:190} INFO - [2025-03-09T17:50:57.580+0000] {dag.py:3239} INFO - Sync 1 DAGs
[2025-03-09T17:50:57.603+0000] {logging_mixin.py:190} INFO - [2025-03-09T17:50:57.603+0000] {dag.py:4180} INFO - Setting next_dagrun for tutorial to 2025-03-08 00:00:00+00:00, run_after=2025-03-09 00:00:00+00:00
[2025-03-09T17:50:57.623+0000] {processor.py:208} INFO - Processing /home/airflow/.local/lib/python3.12/site-packages/airflow/example_dags/tutorial.py took 0.081 seconds
[2025-03-09T17:51:28.762+0000] {processor.py:186} INFO - Started process (PID=848) to work on /home/airflow/.local/lib/python3.12/site-packages/airflow/example_dags/tutorial.py
[2025-03-09T17:51:28.763+0000] {processor.py:914} INFO - Processing file /home/airflow/.local/lib/python3.12/site-packages/airflow/example_dags/tutorial.py for tasks to queue
[2025-03-09T17:51:28.766+0000] {logging_mixin.py:190} INFO - [2025-03-09T17:51:28.765+0000] {dagbag.py:588} INFO - Filling up the DagBag from /home/airflow/.local/lib/python3.12/site-packages/airflow/example_dags/tutorial.py
[2025-03-09T17:51:28.775+0000] {processor.py:925} INFO - DAG(s) 'tutorial' retrieved from /home/airflow/.local/lib/python3.12/site-packages/airflow/example_dags/tutorial.py
[2025-03-09T17:51:28.798+0000] {logging_mixin.py:190} INFO - [2025-03-09T17:51:28.797+0000] {dag.py:3239} INFO - Sync 1 DAGs
[2025-03-09T17:51:28.822+0000] {logging_mixin.py:190} INFO - [2025-03-09T17:51:28.822+0000] {dag.py:4180} INFO - Setting next_dagrun for tutorial to 2025-03-08 00:00:00+00:00, run_after=2025-03-09 00:00:00+00:00
[2025-03-09T17:51:28.842+0000] {processor.py:208} INFO - Processing /home/airflow/.local/lib/python3.12/site-packages/airflow/example_dags/tutorial.py took 0.085 seconds
[2025-03-09T17:51:59.623+0000] {processor.py:186} INFO - Started process (PID=913) to work on /home/airflow/.local/lib/python3.12/site-packages/airflow/example_dags/tutorial.py
[2025-03-09T17:51:59.624+0000] {processor.py:914} INFO - Processing file /home/airflow/.local/lib/python3.12/site-packages/airflow/example_dags/tutorial.py for tasks to queue
[2025-03-09T17:51:59.628+0000] {logging_mixin.py:190} INFO - [2025-03-09T17:51:59.627+0000] {dagbag.py:588} INFO - Filling up the DagBag from /home/airflow/.local/lib/python3.12/site-packages/airflow/example_dags/tutorial.py
[2025-03-09T17:51:59.639+0000] {processor.py:925} INFO - DAG(s) 'tutorial' retrieved from /home/airflow/.local/lib/python3.12/site-packages/airflow/example_dags/tutorial.py
[2025-03-09T17:51:59.679+0000] {logging_mixin.py:190} INFO - [2025-03-09T17:51:59.679+0000] {dag.py:3239} INFO - Sync 1 DAGs
[2025-03-09T17:51:59.716+0000] {logging_mixin.py:190} INFO - [2025-03-09T17:51:59.715+0000] {dag.py:4180} INFO - Setting next_dagrun for tutorial to 2025-03-08 00:00:00+00:00, run_after=2025-03-09 00:00:00+00:00
[2025-03-09T17:51:59.737+0000] {processor.py:208} INFO - Processing /home/airflow/.local/lib/python3.12/site-packages/airflow/example_dags/tutorial.py took 0.120 seconds
[2025-03-09T17:52:29.860+0000] {processor.py:186} INFO - Started process (PID=978) to work on /home/airflow/.local/lib/python3.12/site-packages/airflow/example_dags/tutorial.py
[2025-03-09T17:52:29.862+0000] {processor.py:914} INFO - Processing file /home/airflow/.local/lib/python3.12/site-packages/airflow/example_dags/tutorial.py for tasks to queue
[2025-03-09T17:52:29.866+0000] {logging_mixin.py:190} INFO - [2025-03-09T17:52:29.866+0000] {dagbag.py:588} INFO - Filling up the DagBag from /home/airflow/.local/lib/python3.12/site-packages/airflow/example_dags/tutorial.py
[2025-03-09T17:52:29.880+0000] {processor.py:925} INFO - DAG(s) 'tutorial' retrieved from /home/airflow/.local/lib/python3.12/site-packages/airflow/example_dags/tutorial.py
[2025-03-09T17:52:29.908+0000] {logging_mixin.py:190} INFO - [2025-03-09T17:52:29.908+0000] {dag.py:3239} INFO - Sync 1 DAGs
[2025-03-09T17:52:29.933+0000] {logging_mixin.py:190} INFO - [2025-03-09T17:52:29.932+0000] {dag.py:4180} INFO - Setting next_dagrun for tutorial to 2025-03-08 00:00:00+00:00, run_after=2025-03-09 00:00:00+00:00
[2025-03-09T17:52:29.954+0000] {processor.py:208} INFO - Processing /home/airflow/.local/lib/python3.12/site-packages/airflow/example_dags/tutorial.py took 0.103 seconds
[2025-03-09T17:53:00.509+0000] {processor.py:186} INFO - Started process (PID=1044) to work on /home/airflow/.local/lib/python3.12/site-packages/airflow/example_dags/tutorial.py
[2025-03-09T17:53:00.511+0000] {processor.py:914} INFO - Processing file /home/airflow/.local/lib/python3.12/site-packages/airflow/example_dags/tutorial.py for tasks to queue
[2025-03-09T17:53:00.514+0000] {logging_mixin.py:190} INFO - [2025-03-09T17:53:00.514+0000] {dagbag.py:588} INFO - Filling up the DagBag from /home/airflow/.local/lib/python3.12/site-packages/airflow/example_dags/tutorial.py
[2025-03-09T17:53:00.527+0000] {processor.py:925} INFO - DAG(s) 'tutorial' retrieved from /home/airflow/.local/lib/python3.12/site-packages/airflow/example_dags/tutorial.py
[2025-03-09T17:53:00.562+0000] {logging_mixin.py:190} INFO - [2025-03-09T17:53:00.561+0000] {dag.py:3239} INFO - Sync 1 DAGs
[2025-03-09T17:53:00.589+0000] {logging_mixin.py:190} INFO - [2025-03-09T17:53:00.589+0000] {dag.py:4180} INFO - Setting next_dagrun for tutorial to 2025-03-08 00:00:00+00:00, run_after=2025-03-09 00:00:00+00:00
[2025-03-09T17:53:00.616+0000] {processor.py:208} INFO - Processing /home/airflow/.local/lib/python3.12/site-packages/airflow/example_dags/tutorial.py took 0.115 seconds
[2025-03-09T17:53:32.347+0000] {processor.py:186} INFO - Started process (PID=1110) to work on /home/airflow/.local/lib/python3.12/site-packages/airflow/example_dags/tutorial.py
[2025-03-09T17:53:32.348+0000] {processor.py:914} INFO - Processing file /home/airflow/.local/lib/python3.12/site-packages/airflow/example_dags/tutorial.py for tasks to queue
[2025-03-09T17:53:32.353+0000] {logging_mixin.py:190} INFO - [2025-03-09T17:53:32.352+0000] {dagbag.py:588} INFO - Filling up the DagBag from /home/airflow/.local/lib/python3.12/site-packages/airflow/example_dags/tutorial.py
[2025-03-09T17:53:32.368+0000] {processor.py:925} INFO - DAG(s) 'tutorial' retrieved from /home/airflow/.local/lib/python3.12/site-packages/airflow/example_dags/tutorial.py
[2025-03-09T17:53:32.396+0000] {logging_mixin.py:190} INFO - [2025-03-09T17:53:32.395+0000] {dag.py:3239} INFO - Sync 1 DAGs
[2025-03-09T17:53:32.423+0000] {logging_mixin.py:190} INFO - [2025-03-09T17:53:32.423+0000] {dag.py:4180} INFO - Setting next_dagrun for tutorial to 2025-03-08 00:00:00+00:00, run_after=2025-03-09 00:00:00+00:00
[2025-03-09T17:53:32.452+0000] {processor.py:208} INFO - Processing /home/airflow/.local/lib/python3.12/site-packages/airflow/example_dags/tutorial.py took 0.111 seconds
