[2025-03-13T00:00:03.026+0000] {local_task_job_runner.py:123} INFO - ::group::Pre task execution logs
[2025-03-13T00:00:03.043+0000] {taskinstance.py:2613} INFO - Dependencies all met for dep_context=non-requeueable deps ti=<TaskInstance: processar_emails_excel_operador.ler_emails_microsoft scheduled__2025-03-12T00:00:00+00:00 [queued]>
[2025-03-13T00:00:03.050+0000] {taskinstance.py:2613} INFO - Dependencies all met for dep_context=requeueable deps ti=<TaskInstance: processar_emails_excel_operador.ler_emails_microsoft scheduled__2025-03-12T00:00:00+00:00 [queued]>
[2025-03-13T00:00:03.053+0000] {taskinstance.py:2866} INFO - Starting attempt 1 of 2
[2025-03-13T00:00:03.282+0000] {taskinstance.py:2889} INFO - Executing <Task(EmailOperator): ler_emails_microsoft> on 2025-03-12 00:00:00+00:00
[2025-03-13T00:00:03.290+0000] {warnings.py:112} WARNING - /home/***/.local/lib/python3.12/site-packages/***/task/task_runner/standard_task_runner.py:70: DeprecationWarning: This process (pid=445) is multi-threaded, use of fork() may lead to deadlocks in the child.
  pid = os.fork()

[2025-03-13T00:00:03.291+0000] {standard_task_runner.py:72} INFO - Started process 447 to run task
[2025-03-13T00:00:03.291+0000] {standard_task_runner.py:104} INFO - Running: ['***', 'tasks', 'run', 'processar_emails_excel_operador', 'ler_emails_microsoft', 'scheduled__2025-03-12T00:00:00+00:00', '--job-id', '163', '--raw', '--subdir', 'DAGS_FOLDER/extraiEmail.py', '--cfg-path', '/tmp/tmp9rk4e7q9']
[2025-03-13T00:00:03.293+0000] {standard_task_runner.py:105} INFO - Job 163: Subtask ler_emails_microsoft
[2025-03-13T00:00:03.342+0000] {task_command.py:467} INFO - Running <TaskInstance: processar_emails_excel_operador.ler_emails_microsoft scheduled__2025-03-12T00:00:00+00:00 [running]> on host 4052a614e333
[2025-03-13T00:00:03.424+0000] {taskinstance.py:3132} INFO - Exporting env vars: AIRFLOW_CTX_DAG_OWNER='***' AIRFLOW_CTX_DAG_ID='processar_emails_excel_operador' AIRFLOW_CTX_TASK_ID='ler_emails_microsoft' AIRFLOW_CTX_EXECUTION_DATE='2025-03-12T00:00:00+00:00' AIRFLOW_CTX_TRY_NUMBER='1' AIRFLOW_CTX_DAG_RUN_ID='scheduled__2025-03-12T00:00:00+00:00'
[2025-03-13T00:00:03.425+0000] {logging_mixin.py:190} INFO - Task instance is in running state
[2025-03-13T00:00:03.426+0000] {logging_mixin.py:190} INFO -  Previous state of the Task instance: queued
[2025-03-13T00:00:03.426+0000] {logging_mixin.py:190} INFO - Current task name:ler_emails_microsoft state:running start_date:2025-03-13 00:00:03.043995+00:00
[2025-03-13T00:00:03.426+0000] {logging_mixin.py:190} INFO - Dag name:processar_emails_excel_operador and current dag run status:running
[2025-03-13T00:00:03.427+0000] {taskinstance.py:731} INFO - ::endgroup::
[2025-03-13T00:00:22.005+0000] {logging_mixin.py:190} INFO - Erro ao ler o arquivo Excel Base_Mapas.xlsx do email AAMkADYxM2NlOTI5LWY1MTktNGMyNy1hNjY1LWJhYWJiNWZiZTgyYwBGAAAAAAC5IPjWJ04VQpYSryQAlxGRBwANCyP7qFxARatkPsS4io6hAAFQX5S3AAANCyP7qFxARatkPsS4io6hAAFjfv3tAAA=: Missing optional dependency 'openpyxl'.  Use pip or conda to install openpyxl.
[2025-03-13T00:00:22.033+0000] {taskinstance.py:340} INFO - ::group::Post task execution logs
[2025-03-13T00:00:22.033+0000] {taskinstance.py:352} INFO - Marking task as SUCCESS. dag_id=processar_emails_excel_operador, task_id=ler_emails_microsoft, run_id=scheduled__2025-03-12T00:00:00+00:00, execution_date=20250312T000000, start_date=20250313T000003, end_date=20250313T000022
[2025-03-13T00:00:22.047+0000] {logging_mixin.py:190} INFO - Task instance in success state
[2025-03-13T00:00:22.047+0000] {logging_mixin.py:190} INFO -  Previous state of the Task instance: running
[2025-03-13T00:00:22.048+0000] {logging_mixin.py:190} INFO - Dag name:processar_emails_excel_operador queued_at:2025-03-13 00:00:00.468394+00:00
[2025-03-13T00:00:22.048+0000] {logging_mixin.py:190} INFO - Task hostname:4052a614e333 operator:EmailOperator
[2025-03-13T00:00:22.079+0000] {local_task_job_runner.py:266} INFO - Task exited with return code 0
[2025-03-13T00:00:22.099+0000] {taskinstance.py:3895} INFO - 1 downstream tasks scheduled from follow-on schedule check
[2025-03-13T00:00:22.102+0000] {local_task_job_runner.py:245} INFO - ::endgroup::
