[2025-03-12T23:31:07.087+0000] {processor.py:186} INFO - Started process (PID=90) to work on /home/airflow/.local/lib/python3.12/site-packages/airflow/example_dags/example_setup_teardown.py
[2025-03-12T23:31:07.090+0000] {processor.py:914} INFO - Processing file /home/airflow/.local/lib/python3.12/site-packages/airflow/example_dags/example_setup_teardown.py for tasks to queue
[2025-03-12T23:31:07.100+0000] {logging_mixin.py:190} INFO - [2025-03-12T23:31:07.099+0000] {dagbag.py:588} INFO - Filling up the DagBag from /home/airflow/.local/lib/python3.12/site-packages/airflow/example_dags/example_setup_teardown.py
[2025-03-12T23:31:07.116+0000] {processor.py:925} INFO - DAG(s) 'example_setup_teardown' retrieved from /home/airflow/.local/lib/python3.12/site-packages/airflow/example_dags/example_setup_teardown.py
[2025-03-12T23:31:07.146+0000] {logging_mixin.py:190} INFO - [2025-03-12T23:31:07.146+0000] {dag.py:3239} INFO - Sync 1 DAGs
[2025-03-12T23:31:07.161+0000] {logging_mixin.py:190} INFO - [2025-03-12T23:31:07.161+0000] {dag.py:4180} INFO - Setting next_dagrun for example_setup_teardown to None, run_after=None
[2025-03-12T23:31:07.190+0000] {processor.py:208} INFO - Processing /home/airflow/.local/lib/python3.12/site-packages/airflow/example_dags/example_setup_teardown.py took 0.116 seconds
[2025-03-12T23:31:38.140+0000] {processor.py:186} INFO - Started process (PID=157) to work on /home/airflow/.local/lib/python3.12/site-packages/airflow/example_dags/example_setup_teardown.py
[2025-03-12T23:31:38.142+0000] {processor.py:914} INFO - Processing file /home/airflow/.local/lib/python3.12/site-packages/airflow/example_dags/example_setup_teardown.py for tasks to queue
[2025-03-12T23:31:38.146+0000] {logging_mixin.py:190} INFO - [2025-03-12T23:31:38.145+0000] {dagbag.py:588} INFO - Filling up the DagBag from /home/airflow/.local/lib/python3.12/site-packages/airflow/example_dags/example_setup_teardown.py
[2025-03-12T23:31:38.162+0000] {processor.py:925} INFO - DAG(s) 'example_setup_teardown' retrieved from /home/airflow/.local/lib/python3.12/site-packages/airflow/example_dags/example_setup_teardown.py
[2025-03-12T23:31:38.224+0000] {logging_mixin.py:190} INFO - [2025-03-12T23:31:38.222+0000] {dag.py:3239} INFO - Sync 1 DAGs
[2025-03-12T23:31:38.256+0000] {logging_mixin.py:190} INFO - [2025-03-12T23:31:38.255+0000] {dag.py:4180} INFO - Setting next_dagrun for example_setup_teardown to None, run_after=None
[2025-03-12T23:31:38.295+0000] {processor.py:208} INFO - Processing /home/airflow/.local/lib/python3.12/site-packages/airflow/example_dags/example_setup_teardown.py took 0.169 seconds
[2025-03-12T23:32:09.199+0000] {processor.py:186} INFO - Started process (PID=223) to work on /home/airflow/.local/lib/python3.12/site-packages/airflow/example_dags/example_setup_teardown.py
[2025-03-12T23:32:09.201+0000] {processor.py:914} INFO - Processing file /home/airflow/.local/lib/python3.12/site-packages/airflow/example_dags/example_setup_teardown.py for tasks to queue
[2025-03-12T23:32:09.206+0000] {logging_mixin.py:190} INFO - [2025-03-12T23:32:09.205+0000] {dagbag.py:588} INFO - Filling up the DagBag from /home/airflow/.local/lib/python3.12/site-packages/airflow/example_dags/example_setup_teardown.py
[2025-03-12T23:32:09.221+0000] {processor.py:925} INFO - DAG(s) 'example_setup_teardown' retrieved from /home/airflow/.local/lib/python3.12/site-packages/airflow/example_dags/example_setup_teardown.py
[2025-03-12T23:32:09.277+0000] {logging_mixin.py:190} INFO - [2025-03-12T23:32:09.276+0000] {dag.py:3239} INFO - Sync 1 DAGs
[2025-03-12T23:32:09.334+0000] {logging_mixin.py:190} INFO - [2025-03-12T23:32:09.333+0000] {dag.py:4180} INFO - Setting next_dagrun for example_setup_teardown to None, run_after=None
[2025-03-12T23:32:09.373+0000] {processor.py:208} INFO - Processing /home/airflow/.local/lib/python3.12/site-packages/airflow/example_dags/example_setup_teardown.py took 0.191 seconds
[2025-03-12T23:32:39.454+0000] {processor.py:186} INFO - Started process (PID=288) to work on /home/airflow/.local/lib/python3.12/site-packages/airflow/example_dags/example_setup_teardown.py
[2025-03-12T23:32:39.455+0000] {processor.py:914} INFO - Processing file /home/airflow/.local/lib/python3.12/site-packages/airflow/example_dags/example_setup_teardown.py for tasks to queue
[2025-03-12T23:32:39.458+0000] {logging_mixin.py:190} INFO - [2025-03-12T23:32:39.457+0000] {dagbag.py:588} INFO - Filling up the DagBag from /home/airflow/.local/lib/python3.12/site-packages/airflow/example_dags/example_setup_teardown.py
[2025-03-12T23:32:39.466+0000] {processor.py:925} INFO - DAG(s) 'example_setup_teardown' retrieved from /home/airflow/.local/lib/python3.12/site-packages/airflow/example_dags/example_setup_teardown.py
[2025-03-12T23:32:39.489+0000] {logging_mixin.py:190} INFO - [2025-03-12T23:32:39.488+0000] {dag.py:3239} INFO - Sync 1 DAGs
[2025-03-12T23:32:39.507+0000] {logging_mixin.py:190} INFO - [2025-03-12T23:32:39.506+0000] {dag.py:4180} INFO - Setting next_dagrun for example_setup_teardown to None, run_after=None
[2025-03-12T23:32:39.528+0000] {processor.py:208} INFO - Processing /home/airflow/.local/lib/python3.12/site-packages/airflow/example_dags/example_setup_teardown.py took 0.080 seconds
[2025-03-12T23:33:09.839+0000] {processor.py:186} INFO - Started process (PID=353) to work on /home/airflow/.local/lib/python3.12/site-packages/airflow/example_dags/example_setup_teardown.py
[2025-03-12T23:33:09.841+0000] {processor.py:914} INFO - Processing file /home/airflow/.local/lib/python3.12/site-packages/airflow/example_dags/example_setup_teardown.py for tasks to queue
[2025-03-12T23:33:09.844+0000] {logging_mixin.py:190} INFO - [2025-03-12T23:33:09.844+0000] {dagbag.py:588} INFO - Filling up the DagBag from /home/airflow/.local/lib/python3.12/site-packages/airflow/example_dags/example_setup_teardown.py
[2025-03-12T23:33:09.854+0000] {processor.py:925} INFO - DAG(s) 'example_setup_teardown' retrieved from /home/airflow/.local/lib/python3.12/site-packages/airflow/example_dags/example_setup_teardown.py
[2025-03-12T23:33:09.889+0000] {logging_mixin.py:190} INFO - [2025-03-12T23:33:09.889+0000] {dag.py:3239} INFO - Sync 1 DAGs
[2025-03-12T23:33:09.904+0000] {logging_mixin.py:190} INFO - [2025-03-12T23:33:09.903+0000] {dag.py:4180} INFO - Setting next_dagrun for example_setup_teardown to None, run_after=None
[2025-03-12T23:33:09.935+0000] {processor.py:208} INFO - Processing /home/airflow/.local/lib/python3.12/site-packages/airflow/example_dags/example_setup_teardown.py took 0.106 seconds
[2025-03-12T23:33:40.139+0000] {processor.py:186} INFO - Started process (PID=419) to work on /home/airflow/.local/lib/python3.12/site-packages/airflow/example_dags/example_setup_teardown.py
[2025-03-12T23:33:40.140+0000] {processor.py:914} INFO - Processing file /home/airflow/.local/lib/python3.12/site-packages/airflow/example_dags/example_setup_teardown.py for tasks to queue
[2025-03-12T23:33:40.143+0000] {logging_mixin.py:190} INFO - [2025-03-12T23:33:40.142+0000] {dagbag.py:588} INFO - Filling up the DagBag from /home/airflow/.local/lib/python3.12/site-packages/airflow/example_dags/example_setup_teardown.py
[2025-03-12T23:33:40.151+0000] {processor.py:925} INFO - DAG(s) 'example_setup_teardown' retrieved from /home/airflow/.local/lib/python3.12/site-packages/airflow/example_dags/example_setup_teardown.py
[2025-03-12T23:33:40.173+0000] {logging_mixin.py:190} INFO - [2025-03-12T23:33:40.173+0000] {dag.py:3239} INFO - Sync 1 DAGs
[2025-03-12T23:33:40.199+0000] {logging_mixin.py:190} INFO - [2025-03-12T23:33:40.199+0000] {dag.py:4180} INFO - Setting next_dagrun for example_setup_teardown to None, run_after=None
[2025-03-12T23:33:40.239+0000] {processor.py:208} INFO - Processing /home/airflow/.local/lib/python3.12/site-packages/airflow/example_dags/example_setup_teardown.py took 0.105 seconds
[2025-03-12T23:34:10.916+0000] {processor.py:186} INFO - Started process (PID=484) to work on /home/airflow/.local/lib/python3.12/site-packages/airflow/example_dags/example_setup_teardown.py
[2025-03-12T23:34:10.917+0000] {processor.py:914} INFO - Processing file /home/airflow/.local/lib/python3.12/site-packages/airflow/example_dags/example_setup_teardown.py for tasks to queue
[2025-03-12T23:34:10.918+0000] {logging_mixin.py:190} INFO - [2025-03-12T23:34:10.918+0000] {dagbag.py:588} INFO - Filling up the DagBag from /home/airflow/.local/lib/python3.12/site-packages/airflow/example_dags/example_setup_teardown.py
[2025-03-12T23:34:10.927+0000] {processor.py:925} INFO - DAG(s) 'example_setup_teardown' retrieved from /home/airflow/.local/lib/python3.12/site-packages/airflow/example_dags/example_setup_teardown.py
[2025-03-12T23:34:10.951+0000] {logging_mixin.py:190} INFO - [2025-03-12T23:34:10.951+0000] {dag.py:3239} INFO - Sync 1 DAGs
[2025-03-12T23:34:10.966+0000] {logging_mixin.py:190} INFO - [2025-03-12T23:34:10.965+0000] {dag.py:4180} INFO - Setting next_dagrun for example_setup_teardown to None, run_after=None
[2025-03-12T23:34:10.992+0000] {processor.py:208} INFO - Processing /home/airflow/.local/lib/python3.12/site-packages/airflow/example_dags/example_setup_teardown.py took 0.081 seconds
[2025-03-12T23:34:41.108+0000] {processor.py:186} INFO - Started process (PID=550) to work on /home/airflow/.local/lib/python3.12/site-packages/airflow/example_dags/example_setup_teardown.py
[2025-03-12T23:34:41.110+0000] {processor.py:914} INFO - Processing file /home/airflow/.local/lib/python3.12/site-packages/airflow/example_dags/example_setup_teardown.py for tasks to queue
[2025-03-12T23:34:41.111+0000] {logging_mixin.py:190} INFO - [2025-03-12T23:34:41.111+0000] {dagbag.py:588} INFO - Filling up the DagBag from /home/airflow/.local/lib/python3.12/site-packages/airflow/example_dags/example_setup_teardown.py
[2025-03-12T23:34:41.124+0000] {processor.py:925} INFO - DAG(s) 'example_setup_teardown' retrieved from /home/airflow/.local/lib/python3.12/site-packages/airflow/example_dags/example_setup_teardown.py
[2025-03-12T23:34:41.150+0000] {logging_mixin.py:190} INFO - [2025-03-12T23:34:41.150+0000] {dag.py:3239} INFO - Sync 1 DAGs
[2025-03-12T23:34:41.171+0000] {logging_mixin.py:190} INFO - [2025-03-12T23:34:41.171+0000] {dag.py:4180} INFO - Setting next_dagrun for example_setup_teardown to None, run_after=None
[2025-03-12T23:34:41.199+0000] {processor.py:208} INFO - Processing /home/airflow/.local/lib/python3.12/site-packages/airflow/example_dags/example_setup_teardown.py took 0.099 seconds
[2025-03-12T23:35:11.372+0000] {processor.py:186} INFO - Started process (PID=616) to work on /home/airflow/.local/lib/python3.12/site-packages/airflow/example_dags/example_setup_teardown.py
[2025-03-12T23:35:11.375+0000] {processor.py:914} INFO - Processing file /home/airflow/.local/lib/python3.12/site-packages/airflow/example_dags/example_setup_teardown.py for tasks to queue
[2025-03-12T23:35:11.377+0000] {logging_mixin.py:190} INFO - [2025-03-12T23:35:11.376+0000] {dagbag.py:588} INFO - Filling up the DagBag from /home/airflow/.local/lib/python3.12/site-packages/airflow/example_dags/example_setup_teardown.py
[2025-03-12T23:35:11.392+0000] {processor.py:925} INFO - DAG(s) 'example_setup_teardown' retrieved from /home/airflow/.local/lib/python3.12/site-packages/airflow/example_dags/example_setup_teardown.py
[2025-03-12T23:35:11.417+0000] {logging_mixin.py:190} INFO - [2025-03-12T23:35:11.416+0000] {dag.py:3239} INFO - Sync 1 DAGs
[2025-03-12T23:35:11.434+0000] {logging_mixin.py:190} INFO - [2025-03-12T23:35:11.433+0000] {dag.py:4180} INFO - Setting next_dagrun for example_setup_teardown to None, run_after=None
[2025-03-12T23:35:11.461+0000] {processor.py:208} INFO - Processing /home/airflow/.local/lib/python3.12/site-packages/airflow/example_dags/example_setup_teardown.py took 0.096 seconds
[2025-03-12T23:35:41.754+0000] {processor.py:186} INFO - Started process (PID=682) to work on /home/airflow/.local/lib/python3.12/site-packages/airflow/example_dags/example_setup_teardown.py
[2025-03-12T23:35:41.755+0000] {processor.py:914} INFO - Processing file /home/airflow/.local/lib/python3.12/site-packages/airflow/example_dags/example_setup_teardown.py for tasks to queue
[2025-03-12T23:35:41.756+0000] {logging_mixin.py:190} INFO - [2025-03-12T23:35:41.756+0000] {dagbag.py:588} INFO - Filling up the DagBag from /home/airflow/.local/lib/python3.12/site-packages/airflow/example_dags/example_setup_teardown.py
[2025-03-12T23:35:41.766+0000] {processor.py:925} INFO - DAG(s) 'example_setup_teardown' retrieved from /home/airflow/.local/lib/python3.12/site-packages/airflow/example_dags/example_setup_teardown.py
[2025-03-12T23:35:41.787+0000] {logging_mixin.py:190} INFO - [2025-03-12T23:35:41.786+0000] {dag.py:3239} INFO - Sync 1 DAGs
[2025-03-12T23:35:41.802+0000] {logging_mixin.py:190} INFO - [2025-03-12T23:35:41.802+0000] {dag.py:4180} INFO - Setting next_dagrun for example_setup_teardown to None, run_after=None
[2025-03-12T23:35:41.835+0000] {processor.py:208} INFO - Processing /home/airflow/.local/lib/python3.12/site-packages/airflow/example_dags/example_setup_teardown.py took 0.076 seconds
[2025-03-12T23:36:12.210+0000] {processor.py:186} INFO - Started process (PID=748) to work on /home/airflow/.local/lib/python3.12/site-packages/airflow/example_dags/example_setup_teardown.py
[2025-03-12T23:36:12.212+0000] {processor.py:914} INFO - Processing file /home/airflow/.local/lib/python3.12/site-packages/airflow/example_dags/example_setup_teardown.py for tasks to queue
[2025-03-12T23:36:12.214+0000] {logging_mixin.py:190} INFO - [2025-03-12T23:36:12.214+0000] {dagbag.py:588} INFO - Filling up the DagBag from /home/airflow/.local/lib/python3.12/site-packages/airflow/example_dags/example_setup_teardown.py
[2025-03-12T23:36:12.240+0000] {processor.py:925} INFO - DAG(s) 'example_setup_teardown' retrieved from /home/airflow/.local/lib/python3.12/site-packages/airflow/example_dags/example_setup_teardown.py
[2025-03-12T23:36:12.281+0000] {logging_mixin.py:190} INFO - [2025-03-12T23:36:12.280+0000] {dag.py:3239} INFO - Sync 1 DAGs
[2025-03-12T23:36:12.300+0000] {logging_mixin.py:190} INFO - [2025-03-12T23:36:12.299+0000] {dag.py:4180} INFO - Setting next_dagrun for example_setup_teardown to None, run_after=None
[2025-03-12T23:36:12.330+0000] {processor.py:208} INFO - Processing /home/airflow/.local/lib/python3.12/site-packages/airflow/example_dags/example_setup_teardown.py took 0.126 seconds
[2025-03-12T23:36:42.549+0000] {processor.py:186} INFO - Started process (PID=814) to work on /home/airflow/.local/lib/python3.12/site-packages/airflow/example_dags/example_setup_teardown.py
[2025-03-12T23:36:42.560+0000] {processor.py:914} INFO - Processing file /home/airflow/.local/lib/python3.12/site-packages/airflow/example_dags/example_setup_teardown.py for tasks to queue
[2025-03-12T23:36:42.562+0000] {logging_mixin.py:190} INFO - [2025-03-12T23:36:42.562+0000] {dagbag.py:588} INFO - Filling up the DagBag from /home/airflow/.local/lib/python3.12/site-packages/airflow/example_dags/example_setup_teardown.py
[2025-03-12T23:36:42.582+0000] {processor.py:925} INFO - DAG(s) 'example_setup_teardown' retrieved from /home/airflow/.local/lib/python3.12/site-packages/airflow/example_dags/example_setup_teardown.py
[2025-03-12T23:36:42.606+0000] {logging_mixin.py:190} INFO - [2025-03-12T23:36:42.606+0000] {dag.py:3239} INFO - Sync 1 DAGs
[2025-03-12T23:36:42.631+0000] {logging_mixin.py:190} INFO - [2025-03-12T23:36:42.630+0000] {dag.py:4180} INFO - Setting next_dagrun for example_setup_teardown to None, run_after=None
[2025-03-12T23:36:42.658+0000] {processor.py:208} INFO - Processing /home/airflow/.local/lib/python3.12/site-packages/airflow/example_dags/example_setup_teardown.py took 0.117 seconds
[2025-03-12T23:37:12.760+0000] {processor.py:186} INFO - Started process (PID=880) to work on /home/airflow/.local/lib/python3.12/site-packages/airflow/example_dags/example_setup_teardown.py
[2025-03-12T23:37:12.761+0000] {processor.py:914} INFO - Processing file /home/airflow/.local/lib/python3.12/site-packages/airflow/example_dags/example_setup_teardown.py for tasks to queue
[2025-03-12T23:37:12.763+0000] {logging_mixin.py:190} INFO - [2025-03-12T23:37:12.763+0000] {dagbag.py:588} INFO - Filling up the DagBag from /home/airflow/.local/lib/python3.12/site-packages/airflow/example_dags/example_setup_teardown.py
[2025-03-12T23:37:12.773+0000] {processor.py:925} INFO - DAG(s) 'example_setup_teardown' retrieved from /home/airflow/.local/lib/python3.12/site-packages/airflow/example_dags/example_setup_teardown.py
[2025-03-12T23:37:12.794+0000] {logging_mixin.py:190} INFO - [2025-03-12T23:37:12.794+0000] {dag.py:3239} INFO - Sync 1 DAGs
[2025-03-12T23:37:12.811+0000] {logging_mixin.py:190} INFO - [2025-03-12T23:37:12.810+0000] {dag.py:4180} INFO - Setting next_dagrun for example_setup_teardown to None, run_after=None
[2025-03-12T23:37:12.833+0000] {processor.py:208} INFO - Processing /home/airflow/.local/lib/python3.12/site-packages/airflow/example_dags/example_setup_teardown.py took 0.078 seconds
[2025-03-12T23:37:43.259+0000] {processor.py:186} INFO - Started process (PID=946) to work on /home/airflow/.local/lib/python3.12/site-packages/airflow/example_dags/example_setup_teardown.py
[2025-03-12T23:37:43.273+0000] {processor.py:914} INFO - Processing file /home/airflow/.local/lib/python3.12/site-packages/airflow/example_dags/example_setup_teardown.py for tasks to queue
[2025-03-12T23:37:43.276+0000] {logging_mixin.py:190} INFO - [2025-03-12T23:37:43.276+0000] {dagbag.py:588} INFO - Filling up the DagBag from /home/airflow/.local/lib/python3.12/site-packages/airflow/example_dags/example_setup_teardown.py
[2025-03-12T23:37:43.284+0000] {processor.py:925} INFO - DAG(s) 'example_setup_teardown' retrieved from /home/airflow/.local/lib/python3.12/site-packages/airflow/example_dags/example_setup_teardown.py
[2025-03-12T23:37:43.342+0000] {logging_mixin.py:190} INFO - [2025-03-12T23:37:43.341+0000] {dag.py:3239} INFO - Sync 1 DAGs
[2025-03-12T23:37:43.395+0000] {logging_mixin.py:190} INFO - [2025-03-12T23:37:43.394+0000] {dag.py:4180} INFO - Setting next_dagrun for example_setup_teardown to None, run_after=None
[2025-03-12T23:37:43.422+0000] {processor.py:208} INFO - Processing /home/airflow/.local/lib/python3.12/site-packages/airflow/example_dags/example_setup_teardown.py took 0.169 seconds
[2025-03-12T23:38:13.532+0000] {processor.py:186} INFO - Started process (PID=1011) to work on /home/airflow/.local/lib/python3.12/site-packages/airflow/example_dags/example_setup_teardown.py
[2025-03-12T23:38:13.535+0000] {processor.py:914} INFO - Processing file /home/airflow/.local/lib/python3.12/site-packages/airflow/example_dags/example_setup_teardown.py for tasks to queue
[2025-03-12T23:38:13.544+0000] {logging_mixin.py:190} INFO - [2025-03-12T23:38:13.543+0000] {dagbag.py:588} INFO - Filling up the DagBag from /home/airflow/.local/lib/python3.12/site-packages/airflow/example_dags/example_setup_teardown.py
[2025-03-12T23:38:13.576+0000] {processor.py:925} INFO - DAG(s) 'example_setup_teardown' retrieved from /home/airflow/.local/lib/python3.12/site-packages/airflow/example_dags/example_setup_teardown.py
[2025-03-12T23:38:13.643+0000] {logging_mixin.py:190} INFO - [2025-03-12T23:38:13.642+0000] {dag.py:3239} INFO - Sync 1 DAGs
[2025-03-12T23:38:13.672+0000] {logging_mixin.py:190} INFO - [2025-03-12T23:38:13.672+0000] {dag.py:4180} INFO - Setting next_dagrun for example_setup_teardown to None, run_after=None
[2025-03-12T23:38:13.705+0000] {processor.py:208} INFO - Processing /home/airflow/.local/lib/python3.12/site-packages/airflow/example_dags/example_setup_teardown.py took 0.193 seconds
[2025-03-12T23:38:44.587+0000] {processor.py:186} INFO - Started process (PID=1077) to work on /home/airflow/.local/lib/python3.12/site-packages/airflow/example_dags/example_setup_teardown.py
[2025-03-12T23:38:44.588+0000] {processor.py:914} INFO - Processing file /home/airflow/.local/lib/python3.12/site-packages/airflow/example_dags/example_setup_teardown.py for tasks to queue
[2025-03-12T23:38:44.589+0000] {logging_mixin.py:190} INFO - [2025-03-12T23:38:44.589+0000] {dagbag.py:588} INFO - Filling up the DagBag from /home/airflow/.local/lib/python3.12/site-packages/airflow/example_dags/example_setup_teardown.py
[2025-03-12T23:38:44.598+0000] {processor.py:925} INFO - DAG(s) 'example_setup_teardown' retrieved from /home/airflow/.local/lib/python3.12/site-packages/airflow/example_dags/example_setup_teardown.py
[2025-03-12T23:38:44.620+0000] {logging_mixin.py:190} INFO - [2025-03-12T23:38:44.619+0000] {dag.py:3239} INFO - Sync 1 DAGs
[2025-03-12T23:38:44.594+0000] {logging_mixin.py:190} INFO - [2025-03-12T23:38:44.594+0000] {dag.py:4180} INFO - Setting next_dagrun for example_setup_teardown to None, run_after=None
[2025-03-12T23:38:44.616+0000] {processor.py:208} INFO - Processing /home/airflow/.local/lib/python3.12/site-packages/airflow/example_dags/example_setup_teardown.py took 0.076 seconds
[2025-03-12T23:39:15.319+0000] {processor.py:186} INFO - Started process (PID=1143) to work on /home/airflow/.local/lib/python3.12/site-packages/airflow/example_dags/example_setup_teardown.py
[2025-03-12T23:39:15.320+0000] {processor.py:914} INFO - Processing file /home/airflow/.local/lib/python3.12/site-packages/airflow/example_dags/example_setup_teardown.py for tasks to queue
[2025-03-12T23:39:15.321+0000] {logging_mixin.py:190} INFO - [2025-03-12T23:39:15.321+0000] {dagbag.py:588} INFO - Filling up the DagBag from /home/airflow/.local/lib/python3.12/site-packages/airflow/example_dags/example_setup_teardown.py
[2025-03-12T23:39:15.328+0000] {processor.py:925} INFO - DAG(s) 'example_setup_teardown' retrieved from /home/airflow/.local/lib/python3.12/site-packages/airflow/example_dags/example_setup_teardown.py
[2025-03-12T23:39:15.348+0000] {logging_mixin.py:190} INFO - [2025-03-12T23:39:15.347+0000] {dag.py:3239} INFO - Sync 1 DAGs
[2025-03-12T23:39:15.361+0000] {logging_mixin.py:190} INFO - [2025-03-12T23:39:15.361+0000] {dag.py:4180} INFO - Setting next_dagrun for example_setup_teardown to None, run_after=None
[2025-03-12T23:39:15.382+0000] {processor.py:208} INFO - Processing /home/airflow/.local/lib/python3.12/site-packages/airflow/example_dags/example_setup_teardown.py took 0.068 seconds
[2025-03-12T23:39:45.472+0000] {processor.py:186} INFO - Started process (PID=1210) to work on /home/airflow/.local/lib/python3.12/site-packages/airflow/example_dags/example_setup_teardown.py
[2025-03-12T23:39:45.473+0000] {processor.py:914} INFO - Processing file /home/airflow/.local/lib/python3.12/site-packages/airflow/example_dags/example_setup_teardown.py for tasks to queue
[2025-03-12T23:39:45.474+0000] {logging_mixin.py:190} INFO - [2025-03-12T23:39:45.474+0000] {dagbag.py:588} INFO - Filling up the DagBag from /home/airflow/.local/lib/python3.12/site-packages/airflow/example_dags/example_setup_teardown.py
[2025-03-12T23:39:45.483+0000] {processor.py:925} INFO - DAG(s) 'example_setup_teardown' retrieved from /home/airflow/.local/lib/python3.12/site-packages/airflow/example_dags/example_setup_teardown.py
[2025-03-12T23:39:45.507+0000] {logging_mixin.py:190} INFO - [2025-03-12T23:39:45.507+0000] {dag.py:3239} INFO - Sync 1 DAGs
[2025-03-12T23:39:45.522+0000] {logging_mixin.py:190} INFO - [2025-03-12T23:39:45.522+0000] {dag.py:4180} INFO - Setting next_dagrun for example_setup_teardown to None, run_after=None
[2025-03-12T23:39:45.545+0000] {processor.py:208} INFO - Processing /home/airflow/.local/lib/python3.12/site-packages/airflow/example_dags/example_setup_teardown.py took 0.080 seconds
[2025-03-12T23:40:16.135+0000] {processor.py:186} INFO - Started process (PID=1276) to work on /home/airflow/.local/lib/python3.12/site-packages/airflow/example_dags/example_setup_teardown.py
[2025-03-12T23:40:16.137+0000] {processor.py:914} INFO - Processing file /home/airflow/.local/lib/python3.12/site-packages/airflow/example_dags/example_setup_teardown.py for tasks to queue
[2025-03-12T23:40:16.139+0000] {logging_mixin.py:190} INFO - [2025-03-12T23:40:16.138+0000] {dagbag.py:588} INFO - Filling up the DagBag from /home/airflow/.local/lib/python3.12/site-packages/airflow/example_dags/example_setup_teardown.py
[2025-03-12T23:40:16.151+0000] {processor.py:925} INFO - DAG(s) 'example_setup_teardown' retrieved from /home/airflow/.local/lib/python3.12/site-packages/airflow/example_dags/example_setup_teardown.py
[2025-03-12T23:40:16.219+0000] {logging_mixin.py:190} INFO - [2025-03-12T23:40:16.219+0000] {dag.py:3239} INFO - Sync 1 DAGs
[2025-03-12T23:40:16.240+0000] {logging_mixin.py:190} INFO - [2025-03-12T23:40:16.240+0000] {dag.py:4180} INFO - Setting next_dagrun for example_setup_teardown to None, run_after=None
[2025-03-12T23:40:16.267+0000] {processor.py:208} INFO - Processing /home/airflow/.local/lib/python3.12/site-packages/airflow/example_dags/example_setup_teardown.py took 0.138 seconds
[2025-03-12T23:40:46.903+0000] {processor.py:186} INFO - Started process (PID=1342) to work on /home/airflow/.local/lib/python3.12/site-packages/airflow/example_dags/example_setup_teardown.py
[2025-03-12T23:40:46.905+0000] {processor.py:914} INFO - Processing file /home/airflow/.local/lib/python3.12/site-packages/airflow/example_dags/example_setup_teardown.py for tasks to queue
[2025-03-12T23:40:46.906+0000] {logging_mixin.py:190} INFO - [2025-03-12T23:40:46.905+0000] {dagbag.py:588} INFO - Filling up the DagBag from /home/airflow/.local/lib/python3.12/site-packages/airflow/example_dags/example_setup_teardown.py
[2025-03-12T23:40:46.915+0000] {processor.py:925} INFO - DAG(s) 'example_setup_teardown' retrieved from /home/airflow/.local/lib/python3.12/site-packages/airflow/example_dags/example_setup_teardown.py
[2025-03-12T23:40:46.938+0000] {logging_mixin.py:190} INFO - [2025-03-12T23:40:46.938+0000] {dag.py:3239} INFO - Sync 1 DAGs
[2025-03-12T23:40:46.955+0000] {logging_mixin.py:190} INFO - [2025-03-12T23:40:46.955+0000] {dag.py:4180} INFO - Setting next_dagrun for example_setup_teardown to None, run_after=None
[2025-03-12T23:40:46.977+0000] {processor.py:208} INFO - Processing /home/airflow/.local/lib/python3.12/site-packages/airflow/example_dags/example_setup_teardown.py took 0.080 seconds
[2025-03-12T23:41:17.718+0000] {processor.py:186} INFO - Started process (PID=1408) to work on /home/airflow/.local/lib/python3.12/site-packages/airflow/example_dags/example_setup_teardown.py
[2025-03-12T23:41:17.720+0000] {processor.py:914} INFO - Processing file /home/airflow/.local/lib/python3.12/site-packages/airflow/example_dags/example_setup_teardown.py for tasks to queue
[2025-03-12T23:41:17.732+0000] {logging_mixin.py:190} INFO - [2025-03-12T23:41:17.731+0000] {dagbag.py:588} INFO - Filling up the DagBag from /home/airflow/.local/lib/python3.12/site-packages/airflow/example_dags/example_setup_teardown.py
[2025-03-12T23:41:17.743+0000] {processor.py:925} INFO - DAG(s) 'example_setup_teardown' retrieved from /home/airflow/.local/lib/python3.12/site-packages/airflow/example_dags/example_setup_teardown.py
[2025-03-12T23:41:17.772+0000] {logging_mixin.py:190} INFO - [2025-03-12T23:41:17.771+0000] {dag.py:3239} INFO - Sync 1 DAGs
[2025-03-12T23:41:17.793+0000] {logging_mixin.py:190} INFO - [2025-03-12T23:41:17.793+0000] {dag.py:4180} INFO - Setting next_dagrun for example_setup_teardown to None, run_after=None
[2025-03-12T23:41:17.817+0000] {processor.py:208} INFO - Processing /home/airflow/.local/lib/python3.12/site-packages/airflow/example_dags/example_setup_teardown.py took 0.116 seconds
[2025-03-12T23:41:48.212+0000] {processor.py:186} INFO - Started process (PID=1475) to work on /home/airflow/.local/lib/python3.12/site-packages/airflow/example_dags/example_setup_teardown.py
[2025-03-12T23:41:48.215+0000] {processor.py:914} INFO - Processing file /home/airflow/.local/lib/python3.12/site-packages/airflow/example_dags/example_setup_teardown.py for tasks to queue
[2025-03-12T23:41:48.218+0000] {logging_mixin.py:190} INFO - [2025-03-12T23:41:48.218+0000] {dagbag.py:588} INFO - Filling up the DagBag from /home/airflow/.local/lib/python3.12/site-packages/airflow/example_dags/example_setup_teardown.py
[2025-03-12T23:41:48.228+0000] {processor.py:925} INFO - DAG(s) 'example_setup_teardown' retrieved from /home/airflow/.local/lib/python3.12/site-packages/airflow/example_dags/example_setup_teardown.py
[2025-03-12T23:41:48.257+0000] {logging_mixin.py:190} INFO - [2025-03-12T23:41:48.257+0000] {dag.py:3239} INFO - Sync 1 DAGs
[2025-03-12T23:41:48.273+0000] {logging_mixin.py:190} INFO - [2025-03-12T23:41:48.273+0000] {dag.py:4180} INFO - Setting next_dagrun for example_setup_teardown to None, run_after=None
[2025-03-12T23:41:48.307+0000] {processor.py:208} INFO - Processing /home/airflow/.local/lib/python3.12/site-packages/airflow/example_dags/example_setup_teardown.py took 0.101 seconds
[2025-03-12T23:42:18.635+0000] {processor.py:186} INFO - Started process (PID=1541) to work on /home/airflow/.local/lib/python3.12/site-packages/airflow/example_dags/example_setup_teardown.py
[2025-03-12T23:42:18.640+0000] {processor.py:914} INFO - Processing file /home/airflow/.local/lib/python3.12/site-packages/airflow/example_dags/example_setup_teardown.py for tasks to queue
[2025-03-12T23:42:18.641+0000] {logging_mixin.py:190} INFO - [2025-03-12T23:42:18.641+0000] {dagbag.py:588} INFO - Filling up the DagBag from /home/airflow/.local/lib/python3.12/site-packages/airflow/example_dags/example_setup_teardown.py
[2025-03-12T23:42:18.654+0000] {processor.py:925} INFO - DAG(s) 'example_setup_teardown' retrieved from /home/airflow/.local/lib/python3.12/site-packages/airflow/example_dags/example_setup_teardown.py
[2025-03-12T23:42:18.678+0000] {logging_mixin.py:190} INFO - [2025-03-12T23:42:18.678+0000] {dag.py:3239} INFO - Sync 1 DAGs
[2025-03-12T23:42:18.703+0000] {logging_mixin.py:190} INFO - [2025-03-12T23:42:18.703+0000] {dag.py:4180} INFO - Setting next_dagrun for example_setup_teardown to None, run_after=None
[2025-03-12T23:42:18.727+0000] {processor.py:208} INFO - Processing /home/airflow/.local/lib/python3.12/site-packages/airflow/example_dags/example_setup_teardown.py took 0.096 seconds
[2025-03-12T23:42:49.303+0000] {processor.py:186} INFO - Started process (PID=1607) to work on /home/airflow/.local/lib/python3.12/site-packages/airflow/example_dags/example_setup_teardown.py
[2025-03-12T23:42:49.307+0000] {processor.py:914} INFO - Processing file /home/airflow/.local/lib/python3.12/site-packages/airflow/example_dags/example_setup_teardown.py for tasks to queue
[2025-03-12T23:42:49.310+0000] {logging_mixin.py:190} INFO - [2025-03-12T23:42:49.309+0000] {dagbag.py:588} INFO - Filling up the DagBag from /home/airflow/.local/lib/python3.12/site-packages/airflow/example_dags/example_setup_teardown.py
[2025-03-12T23:42:49.340+0000] {processor.py:925} INFO - DAG(s) 'example_setup_teardown' retrieved from /home/airflow/.local/lib/python3.12/site-packages/airflow/example_dags/example_setup_teardown.py
[2025-03-12T23:42:49.380+0000] {logging_mixin.py:190} INFO - [2025-03-12T23:42:49.380+0000] {dag.py:3239} INFO - Sync 1 DAGs
[2025-03-12T23:42:49.407+0000] {logging_mixin.py:190} INFO - [2025-03-12T23:42:49.406+0000] {dag.py:4180} INFO - Setting next_dagrun for example_setup_teardown to None, run_after=None
[2025-03-12T23:42:49.444+0000] {processor.py:208} INFO - Processing /home/airflow/.local/lib/python3.12/site-packages/airflow/example_dags/example_setup_teardown.py took 0.158 seconds
[2025-03-12T23:43:20.409+0000] {processor.py:186} INFO - Started process (PID=1673) to work on /home/airflow/.local/lib/python3.12/site-packages/airflow/example_dags/example_setup_teardown.py
[2025-03-12T23:43:20.411+0000] {processor.py:914} INFO - Processing file /home/airflow/.local/lib/python3.12/site-packages/airflow/example_dags/example_setup_teardown.py for tasks to queue
[2025-03-12T23:43:20.413+0000] {logging_mixin.py:190} INFO - [2025-03-12T23:43:20.412+0000] {dagbag.py:588} INFO - Filling up the DagBag from /home/airflow/.local/lib/python3.12/site-packages/airflow/example_dags/example_setup_teardown.py
[2025-03-12T23:43:20.421+0000] {processor.py:925} INFO - DAG(s) 'example_setup_teardown' retrieved from /home/airflow/.local/lib/python3.12/site-packages/airflow/example_dags/example_setup_teardown.py
[2025-03-12T23:43:20.442+0000] {logging_mixin.py:190} INFO - [2025-03-12T23:43:20.441+0000] {dag.py:3239} INFO - Sync 1 DAGs
[2025-03-12T23:43:20.457+0000] {logging_mixin.py:190} INFO - [2025-03-12T23:43:20.457+0000] {dag.py:4180} INFO - Setting next_dagrun for example_setup_teardown to None, run_after=None
[2025-03-12T23:43:20.478+0000] {processor.py:208} INFO - Processing /home/airflow/.local/lib/python3.12/site-packages/airflow/example_dags/example_setup_teardown.py took 0.074 seconds
[2025-03-12T23:43:51.102+0000] {processor.py:186} INFO - Started process (PID=1739) to work on /home/airflow/.local/lib/python3.12/site-packages/airflow/example_dags/example_setup_teardown.py
[2025-03-12T23:43:51.104+0000] {processor.py:914} INFO - Processing file /home/airflow/.local/lib/python3.12/site-packages/airflow/example_dags/example_setup_teardown.py for tasks to queue
[2025-03-12T23:43:51.105+0000] {logging_mixin.py:190} INFO - [2025-03-12T23:43:51.105+0000] {dagbag.py:588} INFO - Filling up the DagBag from /home/airflow/.local/lib/python3.12/site-packages/airflow/example_dags/example_setup_teardown.py
[2025-03-12T23:43:51.115+0000] {processor.py:925} INFO - DAG(s) 'example_setup_teardown' retrieved from /home/airflow/.local/lib/python3.12/site-packages/airflow/example_dags/example_setup_teardown.py
[2025-03-12T23:43:51.139+0000] {logging_mixin.py:190} INFO - [2025-03-12T23:43:51.139+0000] {dag.py:3239} INFO - Sync 1 DAGs
[2025-03-12T23:43:51.153+0000] {logging_mixin.py:190} INFO - [2025-03-12T23:43:51.153+0000] {dag.py:4180} INFO - Setting next_dagrun for example_setup_teardown to None, run_after=None
[2025-03-12T23:43:51.172+0000] {processor.py:208} INFO - Processing /home/airflow/.local/lib/python3.12/site-packages/airflow/example_dags/example_setup_teardown.py took 0.078 seconds
[2025-03-12T23:44:21.430+0000] {processor.py:186} INFO - Started process (PID=1805) to work on /home/airflow/.local/lib/python3.12/site-packages/airflow/example_dags/example_setup_teardown.py
[2025-03-12T23:44:21.441+0000] {processor.py:914} INFO - Processing file /home/airflow/.local/lib/python3.12/site-packages/airflow/example_dags/example_setup_teardown.py for tasks to queue
[2025-03-12T23:44:21.443+0000] {logging_mixin.py:190} INFO - [2025-03-12T23:44:21.442+0000] {dagbag.py:588} INFO - Filling up the DagBag from /home/airflow/.local/lib/python3.12/site-packages/airflow/example_dags/example_setup_teardown.py
[2025-03-12T23:44:21.463+0000] {processor.py:925} INFO - DAG(s) 'example_setup_teardown' retrieved from /home/airflow/.local/lib/python3.12/site-packages/airflow/example_dags/example_setup_teardown.py
[2025-03-12T23:44:21.484+0000] {logging_mixin.py:190} INFO - [2025-03-12T23:44:21.484+0000] {dag.py:3239} INFO - Sync 1 DAGs
[2025-03-12T23:44:21.500+0000] {logging_mixin.py:190} INFO - [2025-03-12T23:44:21.500+0000] {dag.py:4180} INFO - Setting next_dagrun for example_setup_teardown to None, run_after=None
[2025-03-12T23:44:21.561+0000] {processor.py:208} INFO - Processing /home/airflow/.local/lib/python3.12/site-packages/airflow/example_dags/example_setup_teardown.py took 0.138 seconds
[2025-03-12T23:44:52.321+0000] {processor.py:186} INFO - Started process (PID=1871) to work on /home/airflow/.local/lib/python3.12/site-packages/airflow/example_dags/example_setup_teardown.py
[2025-03-12T23:44:52.322+0000] {processor.py:914} INFO - Processing file /home/airflow/.local/lib/python3.12/site-packages/airflow/example_dags/example_setup_teardown.py for tasks to queue
[2025-03-12T23:44:52.324+0000] {logging_mixin.py:190} INFO - [2025-03-12T23:44:52.323+0000] {dagbag.py:588} INFO - Filling up the DagBag from /home/airflow/.local/lib/python3.12/site-packages/airflow/example_dags/example_setup_teardown.py
[2025-03-12T23:44:52.332+0000] {processor.py:925} INFO - DAG(s) 'example_setup_teardown' retrieved from /home/airflow/.local/lib/python3.12/site-packages/airflow/example_dags/example_setup_teardown.py
[2025-03-12T23:44:52.353+0000] {logging_mixin.py:190} INFO - [2025-03-12T23:44:52.352+0000] {dag.py:3239} INFO - Sync 1 DAGs
[2025-03-12T23:44:52.367+0000] {logging_mixin.py:190} INFO - [2025-03-12T23:44:52.366+0000] {dag.py:4180} INFO - Setting next_dagrun for example_setup_teardown to None, run_after=None
[2025-03-12T23:44:52.387+0000] {processor.py:208} INFO - Processing /home/airflow/.local/lib/python3.12/site-packages/airflow/example_dags/example_setup_teardown.py took 0.071 seconds
[2025-03-12T23:45:23.381+0000] {processor.py:186} INFO - Started process (PID=1943) to work on /home/airflow/.local/lib/python3.12/site-packages/airflow/example_dags/example_setup_teardown.py
[2025-03-12T23:45:23.383+0000] {processor.py:914} INFO - Processing file /home/airflow/.local/lib/python3.12/site-packages/airflow/example_dags/example_setup_teardown.py for tasks to queue
[2025-03-12T23:45:23.385+0000] {logging_mixin.py:190} INFO - [2025-03-12T23:45:23.384+0000] {dagbag.py:588} INFO - Filling up the DagBag from /home/airflow/.local/lib/python3.12/site-packages/airflow/example_dags/example_setup_teardown.py
[2025-03-12T23:45:23.394+0000] {processor.py:925} INFO - DAG(s) 'example_setup_teardown' retrieved from /home/airflow/.local/lib/python3.12/site-packages/airflow/example_dags/example_setup_teardown.py
[2025-03-12T23:45:23.432+0000] {logging_mixin.py:190} INFO - [2025-03-12T23:45:23.432+0000] {dag.py:3239} INFO - Sync 1 DAGs
[2025-03-12T23:45:23.453+0000] {logging_mixin.py:190} INFO - [2025-03-12T23:45:23.453+0000] {dag.py:4180} INFO - Setting next_dagrun for example_setup_teardown to None, run_after=None
[2025-03-12T23:45:23.484+0000] {processor.py:208} INFO - Processing /home/airflow/.local/lib/python3.12/site-packages/airflow/example_dags/example_setup_teardown.py took 0.114 seconds
[2025-03-12T23:45:53.949+0000] {processor.py:186} INFO - Started process (PID=2009) to work on /home/airflow/.local/lib/python3.12/site-packages/airflow/example_dags/example_setup_teardown.py
[2025-03-12T23:45:53.951+0000] {processor.py:914} INFO - Processing file /home/airflow/.local/lib/python3.12/site-packages/airflow/example_dags/example_setup_teardown.py for tasks to queue
[2025-03-12T23:45:53.953+0000] {logging_mixin.py:190} INFO - [2025-03-12T23:45:53.952+0000] {dagbag.py:588} INFO - Filling up the DagBag from /home/airflow/.local/lib/python3.12/site-packages/airflow/example_dags/example_setup_teardown.py
[2025-03-12T23:45:53.967+0000] {processor.py:925} INFO - DAG(s) 'example_setup_teardown' retrieved from /home/airflow/.local/lib/python3.12/site-packages/airflow/example_dags/example_setup_teardown.py
[2025-03-12T23:45:53.997+0000] {logging_mixin.py:190} INFO - [2025-03-12T23:45:53.996+0000] {dag.py:3239} INFO - Sync 1 DAGs
[2025-03-12T23:45:54.021+0000] {logging_mixin.py:190} INFO - [2025-03-12T23:45:54.021+0000] {dag.py:4180} INFO - Setting next_dagrun for example_setup_teardown to None, run_after=None
[2025-03-12T23:45:54.062+0000] {processor.py:208} INFO - Processing /home/airflow/.local/lib/python3.12/site-packages/airflow/example_dags/example_setup_teardown.py took 0.120 seconds
[2025-03-12T23:46:24.595+0000] {processor.py:186} INFO - Started process (PID=2074) to work on /home/airflow/.local/lib/python3.12/site-packages/airflow/example_dags/example_setup_teardown.py
[2025-03-12T23:46:24.597+0000] {processor.py:914} INFO - Processing file /home/airflow/.local/lib/python3.12/site-packages/airflow/example_dags/example_setup_teardown.py for tasks to queue
[2025-03-12T23:46:24.601+0000] {logging_mixin.py:190} INFO - [2025-03-12T23:46:24.600+0000] {dagbag.py:588} INFO - Filling up the DagBag from /home/airflow/.local/lib/python3.12/site-packages/airflow/example_dags/example_setup_teardown.py
[2025-03-12T23:46:24.617+0000] {processor.py:925} INFO - DAG(s) 'example_setup_teardown' retrieved from /home/airflow/.local/lib/python3.12/site-packages/airflow/example_dags/example_setup_teardown.py
[2025-03-12T23:46:24.649+0000] {logging_mixin.py:190} INFO - [2025-03-12T23:46:24.649+0000] {dag.py:3239} INFO - Sync 1 DAGs
[2025-03-12T23:46:24.667+0000] {logging_mixin.py:190} INFO - [2025-03-12T23:46:24.667+0000] {dag.py:4180} INFO - Setting next_dagrun for example_setup_teardown to None, run_after=None
[2025-03-12T23:46:24.696+0000] {processor.py:208} INFO - Processing /home/airflow/.local/lib/python3.12/site-packages/airflow/example_dags/example_setup_teardown.py took 0.111 seconds
[2025-03-12T23:46:55.020+0000] {processor.py:186} INFO - Started process (PID=2139) to work on /home/airflow/.local/lib/python3.12/site-packages/airflow/example_dags/example_setup_teardown.py
[2025-03-12T23:46:55.021+0000] {processor.py:914} INFO - Processing file /home/airflow/.local/lib/python3.12/site-packages/airflow/example_dags/example_setup_teardown.py for tasks to queue
[2025-03-12T23:46:55.023+0000] {logging_mixin.py:190} INFO - [2025-03-12T23:46:55.023+0000] {dagbag.py:588} INFO - Filling up the DagBag from /home/airflow/.local/lib/python3.12/site-packages/airflow/example_dags/example_setup_teardown.py
[2025-03-12T23:46:55.040+0000] {processor.py:925} INFO - DAG(s) 'example_setup_teardown' retrieved from /home/airflow/.local/lib/python3.12/site-packages/airflow/example_dags/example_setup_teardown.py
[2025-03-12T23:46:55.080+0000] {logging_mixin.py:190} INFO - [2025-03-12T23:46:55.079+0000] {dag.py:3239} INFO - Sync 1 DAGs
[2025-03-12T23:46:55.109+0000] {logging_mixin.py:190} INFO - [2025-03-12T23:46:55.108+0000] {dag.py:4180} INFO - Setting next_dagrun for example_setup_teardown to None, run_after=None
[2025-03-12T23:46:55.148+0000] {processor.py:208} INFO - Processing /home/airflow/.local/lib/python3.12/site-packages/airflow/example_dags/example_setup_teardown.py took 0.135 seconds
[2025-03-12T23:47:26.106+0000] {processor.py:186} INFO - Started process (PID=2204) to work on /home/airflow/.local/lib/python3.12/site-packages/airflow/example_dags/example_setup_teardown.py
[2025-03-12T23:47:26.108+0000] {processor.py:914} INFO - Processing file /home/airflow/.local/lib/python3.12/site-packages/airflow/example_dags/example_setup_teardown.py for tasks to queue
[2025-03-12T23:47:26.110+0000] {logging_mixin.py:190} INFO - [2025-03-12T23:47:26.109+0000] {dagbag.py:588} INFO - Filling up the DagBag from /home/airflow/.local/lib/python3.12/site-packages/airflow/example_dags/example_setup_teardown.py
[2025-03-12T23:47:26.117+0000] {processor.py:925} INFO - DAG(s) 'example_setup_teardown' retrieved from /home/airflow/.local/lib/python3.12/site-packages/airflow/example_dags/example_setup_teardown.py
[2025-03-12T23:47:26.140+0000] {logging_mixin.py:190} INFO - [2025-03-12T23:47:26.139+0000] {dag.py:3239} INFO - Sync 1 DAGs
[2025-03-12T23:47:26.154+0000] {logging_mixin.py:190} INFO - [2025-03-12T23:47:26.154+0000] {dag.py:4180} INFO - Setting next_dagrun for example_setup_teardown to None, run_after=None
[2025-03-12T23:47:26.180+0000] {processor.py:208} INFO - Processing /home/airflow/.local/lib/python3.12/site-packages/airflow/example_dags/example_setup_teardown.py took 0.080 seconds
[2025-03-12T23:47:56.974+0000] {processor.py:186} INFO - Started process (PID=2270) to work on /home/airflow/.local/lib/python3.12/site-packages/airflow/example_dags/example_setup_teardown.py
[2025-03-12T23:47:56.982+0000] {processor.py:914} INFO - Processing file /home/airflow/.local/lib/python3.12/site-packages/airflow/example_dags/example_setup_teardown.py for tasks to queue
[2025-03-12T23:47:56.984+0000] {logging_mixin.py:190} INFO - [2025-03-12T23:47:56.984+0000] {dagbag.py:588} INFO - Filling up the DagBag from /home/airflow/.local/lib/python3.12/site-packages/airflow/example_dags/example_setup_teardown.py
[2025-03-12T23:47:57.019+0000] {processor.py:925} INFO - DAG(s) 'example_setup_teardown' retrieved from /home/airflow/.local/lib/python3.12/site-packages/airflow/example_dags/example_setup_teardown.py
[2025-03-12T23:47:57.094+0000] {logging_mixin.py:190} INFO - [2025-03-12T23:47:57.094+0000] {dag.py:3239} INFO - Sync 1 DAGs
[2025-03-12T23:47:57.125+0000] {logging_mixin.py:190} INFO - [2025-03-12T23:47:57.125+0000] {dag.py:4180} INFO - Setting next_dagrun for example_setup_teardown to None, run_after=None
[2025-03-12T23:47:57.155+0000] {processor.py:208} INFO - Processing /home/airflow/.local/lib/python3.12/site-packages/airflow/example_dags/example_setup_teardown.py took 0.197 seconds
[2025-03-12T23:48:28.157+0000] {processor.py:186} INFO - Started process (PID=2336) to work on /home/airflow/.local/lib/python3.12/site-packages/airflow/example_dags/example_setup_teardown.py
[2025-03-12T23:48:28.161+0000] {processor.py:914} INFO - Processing file /home/airflow/.local/lib/python3.12/site-packages/airflow/example_dags/example_setup_teardown.py for tasks to queue
[2025-03-12T23:48:28.166+0000] {logging_mixin.py:190} INFO - [2025-03-12T23:48:28.164+0000] {dagbag.py:588} INFO - Filling up the DagBag from /home/airflow/.local/lib/python3.12/site-packages/airflow/example_dags/example_setup_teardown.py
[2025-03-12T23:48:28.219+0000] {processor.py:925} INFO - DAG(s) 'example_setup_teardown' retrieved from /home/airflow/.local/lib/python3.12/site-packages/airflow/example_dags/example_setup_teardown.py
[2025-03-12T23:48:28.299+0000] {logging_mixin.py:190} INFO - [2025-03-12T23:48:28.298+0000] {dag.py:3239} INFO - Sync 1 DAGs
[2025-03-12T23:48:28.346+0000] {logging_mixin.py:190} INFO - [2025-03-12T23:48:28.345+0000] {dag.py:4180} INFO - Setting next_dagrun for example_setup_teardown to None, run_after=None
[2025-03-12T23:48:28.383+0000] {processor.py:208} INFO - Processing /home/airflow/.local/lib/python3.12/site-packages/airflow/example_dags/example_setup_teardown.py took 0.248 seconds
[2025-03-12T23:48:58.501+0000] {processor.py:186} INFO - Started process (PID=2402) to work on /home/airflow/.local/lib/python3.12/site-packages/airflow/example_dags/example_setup_teardown.py
[2025-03-12T23:48:58.504+0000] {processor.py:914} INFO - Processing file /home/airflow/.local/lib/python3.12/site-packages/airflow/example_dags/example_setup_teardown.py for tasks to queue
[2025-03-12T23:48:58.507+0000] {logging_mixin.py:190} INFO - [2025-03-12T23:48:58.507+0000] {dagbag.py:588} INFO - Filling up the DagBag from /home/airflow/.local/lib/python3.12/site-packages/airflow/example_dags/example_setup_teardown.py
[2025-03-12T23:48:58.531+0000] {processor.py:925} INFO - DAG(s) 'example_setup_teardown' retrieved from /home/airflow/.local/lib/python3.12/site-packages/airflow/example_dags/example_setup_teardown.py
[2025-03-12T23:48:58.588+0000] {logging_mixin.py:190} INFO - [2025-03-12T23:48:58.587+0000] {dag.py:3239} INFO - Sync 1 DAGs
[2025-03-12T23:48:58.633+0000] {logging_mixin.py:190} INFO - [2025-03-12T23:48:58.633+0000] {dag.py:4180} INFO - Setting next_dagrun for example_setup_teardown to None, run_after=None
[2025-03-12T23:48:58.708+0000] {processor.py:208} INFO - Processing /home/airflow/.local/lib/python3.12/site-packages/airflow/example_dags/example_setup_teardown.py took 0.220 seconds
[2025-03-12T23:49:29.128+0000] {processor.py:186} INFO - Started process (PID=2461) to work on /home/airflow/.local/lib/python3.12/site-packages/airflow/example_dags/example_setup_teardown.py
[2025-03-12T23:49:29.130+0000] {processor.py:914} INFO - Processing file /home/airflow/.local/lib/python3.12/site-packages/airflow/example_dags/example_setup_teardown.py for tasks to queue
[2025-03-12T23:49:29.131+0000] {logging_mixin.py:190} INFO - [2025-03-12T23:49:29.131+0000] {dagbag.py:588} INFO - Filling up the DagBag from /home/airflow/.local/lib/python3.12/site-packages/airflow/example_dags/example_setup_teardown.py
[2025-03-12T23:49:29.141+0000] {processor.py:925} INFO - DAG(s) 'example_setup_teardown' retrieved from /home/airflow/.local/lib/python3.12/site-packages/airflow/example_dags/example_setup_teardown.py
[2025-03-12T23:49:29.163+0000] {logging_mixin.py:190} INFO - [2025-03-12T23:49:29.163+0000] {dag.py:3239} INFO - Sync 1 DAGs
[2025-03-12T23:49:29.180+0000] {logging_mixin.py:190} INFO - [2025-03-12T23:49:29.180+0000] {dag.py:4180} INFO - Setting next_dagrun for example_setup_teardown to None, run_after=None
[2025-03-12T23:49:29.206+0000] {processor.py:208} INFO - Processing /home/airflow/.local/lib/python3.12/site-packages/airflow/example_dags/example_setup_teardown.py took 0.083 seconds
[2025-03-12T23:50:00.341+0000] {processor.py:186} INFO - Started process (PID=2523) to work on /home/airflow/.local/lib/python3.12/site-packages/airflow/example_dags/example_setup_teardown.py
[2025-03-12T23:50:00.343+0000] {processor.py:914} INFO - Processing file /home/airflow/.local/lib/python3.12/site-packages/airflow/example_dags/example_setup_teardown.py for tasks to queue
[2025-03-12T23:50:00.346+0000] {logging_mixin.py:190} INFO - [2025-03-12T23:50:00.345+0000] {dagbag.py:588} INFO - Filling up the DagBag from /home/airflow/.local/lib/python3.12/site-packages/airflow/example_dags/example_setup_teardown.py
[2025-03-12T23:50:00.361+0000] {processor.py:925} INFO - DAG(s) 'example_setup_teardown' retrieved from /home/airflow/.local/lib/python3.12/site-packages/airflow/example_dags/example_setup_teardown.py
[2025-03-12T23:50:00.388+0000] {logging_mixin.py:190} INFO - [2025-03-12T23:50:00.388+0000] {dag.py:3239} INFO - Sync 1 DAGs
[2025-03-12T23:50:00.403+0000] {logging_mixin.py:190} INFO - [2025-03-12T23:50:00.403+0000] {dag.py:4180} INFO - Setting next_dagrun for example_setup_teardown to None, run_after=None
[2025-03-12T23:50:00.426+0000] {processor.py:208} INFO - Processing /home/airflow/.local/lib/python3.12/site-packages/airflow/example_dags/example_setup_teardown.py took 0.093 seconds
[2025-03-12T23:50:31.656+0000] {processor.py:186} INFO - Started process (PID=2590) to work on /home/airflow/.local/lib/python3.12/site-packages/airflow/example_dags/example_setup_teardown.py
[2025-03-12T23:50:31.658+0000] {processor.py:914} INFO - Processing file /home/airflow/.local/lib/python3.12/site-packages/airflow/example_dags/example_setup_teardown.py for tasks to queue
[2025-03-12T23:50:31.661+0000] {logging_mixin.py:190} INFO - [2025-03-12T23:50:31.660+0000] {dagbag.py:588} INFO - Filling up the DagBag from /home/airflow/.local/lib/python3.12/site-packages/airflow/example_dags/example_setup_teardown.py
[2025-03-12T23:50:31.674+0000] {processor.py:925} INFO - DAG(s) 'example_setup_teardown' retrieved from /home/airflow/.local/lib/python3.12/site-packages/airflow/example_dags/example_setup_teardown.py
[2025-03-12T23:50:31.710+0000] {logging_mixin.py:190} INFO - [2025-03-12T23:50:31.709+0000] {dag.py:3239} INFO - Sync 1 DAGs
[2025-03-12T23:50:31.731+0000] {logging_mixin.py:190} INFO - [2025-03-12T23:50:31.730+0000] {dag.py:4180} INFO - Setting next_dagrun for example_setup_teardown to None, run_after=None
[2025-03-12T23:50:31.756+0000] {processor.py:208} INFO - Processing /home/airflow/.local/lib/python3.12/site-packages/airflow/example_dags/example_setup_teardown.py took 0.109 seconds
[2025-03-12T23:51:02.840+0000] {processor.py:186} INFO - Started process (PID=2655) to work on /home/airflow/.local/lib/python3.12/site-packages/airflow/example_dags/example_setup_teardown.py
[2025-03-12T23:51:02.841+0000] {processor.py:914} INFO - Processing file /home/airflow/.local/lib/python3.12/site-packages/airflow/example_dags/example_setup_teardown.py for tasks to queue
[2025-03-12T23:51:02.842+0000] {logging_mixin.py:190} INFO - [2025-03-12T23:51:02.842+0000] {dagbag.py:588} INFO - Filling up the DagBag from /home/airflow/.local/lib/python3.12/site-packages/airflow/example_dags/example_setup_teardown.py
[2025-03-12T23:51:02.854+0000] {processor.py:925} INFO - DAG(s) 'example_setup_teardown' retrieved from /home/airflow/.local/lib/python3.12/site-packages/airflow/example_dags/example_setup_teardown.py
[2025-03-12T23:51:02.877+0000] {logging_mixin.py:190} INFO - [2025-03-12T23:51:02.877+0000] {dag.py:3239} INFO - Sync 1 DAGs
[2025-03-12T23:51:02.897+0000] {logging_mixin.py:190} INFO - [2025-03-12T23:51:02.897+0000] {dag.py:4180} INFO - Setting next_dagrun for example_setup_teardown to None, run_after=None
[2025-03-12T23:51:02.921+0000] {processor.py:208} INFO - Processing /home/airflow/.local/lib/python3.12/site-packages/airflow/example_dags/example_setup_teardown.py took 0.086 seconds
[2025-03-12T23:51:34.099+0000] {processor.py:186} INFO - Started process (PID=2721) to work on /home/airflow/.local/lib/python3.12/site-packages/airflow/example_dags/example_setup_teardown.py
[2025-03-12T23:51:34.100+0000] {processor.py:914} INFO - Processing file /home/airflow/.local/lib/python3.12/site-packages/airflow/example_dags/example_setup_teardown.py for tasks to queue
[2025-03-12T23:51:34.102+0000] {logging_mixin.py:190} INFO - [2025-03-12T23:51:34.101+0000] {dagbag.py:588} INFO - Filling up the DagBag from /home/airflow/.local/lib/python3.12/site-packages/airflow/example_dags/example_setup_teardown.py
[2025-03-12T23:51:34.112+0000] {processor.py:925} INFO - DAG(s) 'example_setup_teardown' retrieved from /home/airflow/.local/lib/python3.12/site-packages/airflow/example_dags/example_setup_teardown.py
[2025-03-12T23:51:34.138+0000] {logging_mixin.py:190} INFO - [2025-03-12T23:51:34.137+0000] {dag.py:3239} INFO - Sync 1 DAGs
[2025-03-12T23:51:34.153+0000] {logging_mixin.py:190} INFO - [2025-03-12T23:51:34.153+0000] {dag.py:4180} INFO - Setting next_dagrun for example_setup_teardown to None, run_after=None
[2025-03-12T23:51:34.177+0000] {processor.py:208} INFO - Processing /home/airflow/.local/lib/python3.12/site-packages/airflow/example_dags/example_setup_teardown.py took 0.085 seconds
[2025-03-12T23:52:06.643+0000] {processor.py:186} INFO - Started process (PID=2787) to work on /home/airflow/.local/lib/python3.12/site-packages/airflow/example_dags/example_setup_teardown.py
[2025-03-12T23:52:06.659+0000] {processor.py:914} INFO - Processing file /home/airflow/.local/lib/python3.12/site-packages/airflow/example_dags/example_setup_teardown.py for tasks to queue
[2025-03-12T23:52:06.662+0000] {logging_mixin.py:190} INFO - [2025-03-12T23:52:06.661+0000] {dagbag.py:588} INFO - Filling up the DagBag from /home/airflow/.local/lib/python3.12/site-packages/airflow/example_dags/example_setup_teardown.py
[2025-03-12T23:52:06.676+0000] {processor.py:925} INFO - DAG(s) 'example_setup_teardown' retrieved from /home/airflow/.local/lib/python3.12/site-packages/airflow/example_dags/example_setup_teardown.py
[2025-03-12T23:52:06.722+0000] {logging_mixin.py:190} INFO - [2025-03-12T23:52:06.722+0000] {dag.py:3239} INFO - Sync 1 DAGs
[2025-03-12T23:52:06.763+0000] {logging_mixin.py:190} INFO - [2025-03-12T23:52:06.763+0000] {dag.py:4180} INFO - Setting next_dagrun for example_setup_teardown to None, run_after=None
[2025-03-12T23:52:06.810+0000] {processor.py:208} INFO - Processing /home/airflow/.local/lib/python3.12/site-packages/airflow/example_dags/example_setup_teardown.py took 0.174 seconds
[2025-03-12T23:52:37.170+0000] {processor.py:186} INFO - Started process (PID=2851) to work on /home/airflow/.local/lib/python3.12/site-packages/airflow/example_dags/example_setup_teardown.py
[2025-03-12T23:52:37.171+0000] {processor.py:914} INFO - Processing file /home/airflow/.local/lib/python3.12/site-packages/airflow/example_dags/example_setup_teardown.py for tasks to queue
[2025-03-12T23:52:37.174+0000] {logging_mixin.py:190} INFO - [2025-03-12T23:52:37.173+0000] {dagbag.py:588} INFO - Filling up the DagBag from /home/airflow/.local/lib/python3.12/site-packages/airflow/example_dags/example_setup_teardown.py
[2025-03-12T23:52:37.190+0000] {processor.py:925} INFO - DAG(s) 'example_setup_teardown' retrieved from /home/airflow/.local/lib/python3.12/site-packages/airflow/example_dags/example_setup_teardown.py
[2025-03-12T23:52:37.222+0000] {logging_mixin.py:190} INFO - [2025-03-12T23:52:37.221+0000] {dag.py:3239} INFO - Sync 1 DAGs
[2025-03-12T23:52:37.249+0000] {logging_mixin.py:190} INFO - [2025-03-12T23:52:37.249+0000] {dag.py:4180} INFO - Setting next_dagrun for example_setup_teardown to None, run_after=None
[2025-03-12T23:52:37.277+0000] {processor.py:208} INFO - Processing /home/airflow/.local/lib/python3.12/site-packages/airflow/example_dags/example_setup_teardown.py took 0.128 seconds
[2025-03-12T23:53:07.512+0000] {processor.py:186} INFO - Started process (PID=2917) to work on /home/airflow/.local/lib/python3.12/site-packages/airflow/example_dags/example_setup_teardown.py
[2025-03-12T23:53:07.513+0000] {processor.py:914} INFO - Processing file /home/airflow/.local/lib/python3.12/site-packages/airflow/example_dags/example_setup_teardown.py for tasks to queue
[2025-03-12T23:53:07.514+0000] {logging_mixin.py:190} INFO - [2025-03-12T23:53:07.514+0000] {dagbag.py:588} INFO - Filling up the DagBag from /home/airflow/.local/lib/python3.12/site-packages/airflow/example_dags/example_setup_teardown.py
[2025-03-12T23:53:07.523+0000] {processor.py:925} INFO - DAG(s) 'example_setup_teardown' retrieved from /home/airflow/.local/lib/python3.12/site-packages/airflow/example_dags/example_setup_teardown.py
[2025-03-12T23:53:07.546+0000] {logging_mixin.py:190} INFO - [2025-03-12T23:53:07.545+0000] {dag.py:3239} INFO - Sync 1 DAGs
[2025-03-12T23:53:07.562+0000] {logging_mixin.py:190} INFO - [2025-03-12T23:53:07.562+0000] {dag.py:4180} INFO - Setting next_dagrun for example_setup_teardown to None, run_after=None
[2025-03-12T23:53:07.586+0000] {processor.py:208} INFO - Processing /home/airflow/.local/lib/python3.12/site-packages/airflow/example_dags/example_setup_teardown.py took 0.080 seconds
[2025-03-12T23:53:37.702+0000] {processor.py:186} INFO - Started process (PID=2982) to work on /home/airflow/.local/lib/python3.12/site-packages/airflow/example_dags/example_setup_teardown.py
[2025-03-12T23:53:37.703+0000] {processor.py:914} INFO - Processing file /home/airflow/.local/lib/python3.12/site-packages/airflow/example_dags/example_setup_teardown.py for tasks to queue
[2025-03-12T23:53:37.705+0000] {logging_mixin.py:190} INFO - [2025-03-12T23:53:37.704+0000] {dagbag.py:588} INFO - Filling up the DagBag from /home/airflow/.local/lib/python3.12/site-packages/airflow/example_dags/example_setup_teardown.py
[2025-03-12T23:53:37.713+0000] {processor.py:925} INFO - DAG(s) 'example_setup_teardown' retrieved from /home/airflow/.local/lib/python3.12/site-packages/airflow/example_dags/example_setup_teardown.py
[2025-03-12T23:53:37.733+0000] {logging_mixin.py:190} INFO - [2025-03-12T23:53:37.732+0000] {dag.py:3239} INFO - Sync 1 DAGs
[2025-03-12T23:53:37.747+0000] {logging_mixin.py:190} INFO - [2025-03-12T23:53:37.747+0000] {dag.py:4180} INFO - Setting next_dagrun for example_setup_teardown to None, run_after=None
[2025-03-12T23:53:37.770+0000] {processor.py:208} INFO - Processing /home/airflow/.local/lib/python3.12/site-packages/airflow/example_dags/example_setup_teardown.py took 0.073 seconds
[2025-03-12T23:54:08.160+0000] {processor.py:186} INFO - Started process (PID=3048) to work on /home/airflow/.local/lib/python3.12/site-packages/airflow/example_dags/example_setup_teardown.py
[2025-03-12T23:54:08.161+0000] {processor.py:914} INFO - Processing file /home/airflow/.local/lib/python3.12/site-packages/airflow/example_dags/example_setup_teardown.py for tasks to queue
[2025-03-12T23:54:08.162+0000] {logging_mixin.py:190} INFO - [2025-03-12T23:54:08.161+0000] {dagbag.py:588} INFO - Filling up the DagBag from /home/airflow/.local/lib/python3.12/site-packages/airflow/example_dags/example_setup_teardown.py
[2025-03-12T23:54:08.170+0000] {processor.py:925} INFO - DAG(s) 'example_setup_teardown' retrieved from /home/airflow/.local/lib/python3.12/site-packages/airflow/example_dags/example_setup_teardown.py
[2025-03-12T23:54:08.194+0000] {logging_mixin.py:190} INFO - [2025-03-12T23:54:08.193+0000] {dag.py:3239} INFO - Sync 1 DAGs
[2025-03-12T23:54:08.216+0000] {logging_mixin.py:190} INFO - [2025-03-12T23:54:08.216+0000] {dag.py:4180} INFO - Setting next_dagrun for example_setup_teardown to None, run_after=None
[2025-03-12T23:54:08.240+0000] {processor.py:208} INFO - Processing /home/airflow/.local/lib/python3.12/site-packages/airflow/example_dags/example_setup_teardown.py took 0.087 seconds
[2025-03-12T23:54:38.445+0000] {processor.py:186} INFO - Started process (PID=3114) to work on /home/airflow/.local/lib/python3.12/site-packages/airflow/example_dags/example_setup_teardown.py
[2025-03-12T23:54:38.446+0000] {processor.py:914} INFO - Processing file /home/airflow/.local/lib/python3.12/site-packages/airflow/example_dags/example_setup_teardown.py for tasks to queue
[2025-03-12T23:54:38.448+0000] {logging_mixin.py:190} INFO - [2025-03-12T23:54:38.447+0000] {dagbag.py:588} INFO - Filling up the DagBag from /home/airflow/.local/lib/python3.12/site-packages/airflow/example_dags/example_setup_teardown.py
[2025-03-12T23:54:38.457+0000] {processor.py:925} INFO - DAG(s) 'example_setup_teardown' retrieved from /home/airflow/.local/lib/python3.12/site-packages/airflow/example_dags/example_setup_teardown.py
[2025-03-12T23:54:38.479+0000] {logging_mixin.py:190} INFO - [2025-03-12T23:54:38.479+0000] {dag.py:3239} INFO - Sync 1 DAGs
[2025-03-12T23:54:38.493+0000] {logging_mixin.py:190} INFO - [2025-03-12T23:54:38.493+0000] {dag.py:4180} INFO - Setting next_dagrun for example_setup_teardown to None, run_after=None
[2025-03-12T23:54:38.512+0000] {processor.py:208} INFO - Processing /home/airflow/.local/lib/python3.12/site-packages/airflow/example_dags/example_setup_teardown.py took 0.074 seconds
[2025-03-12T23:55:09.033+0000] {processor.py:186} INFO - Started process (PID=3180) to work on /home/airflow/.local/lib/python3.12/site-packages/airflow/example_dags/example_setup_teardown.py
[2025-03-12T23:55:09.034+0000] {processor.py:914} INFO - Processing file /home/airflow/.local/lib/python3.12/site-packages/airflow/example_dags/example_setup_teardown.py for tasks to queue
[2025-03-12T23:55:09.036+0000] {logging_mixin.py:190} INFO - [2025-03-12T23:55:09.035+0000] {dagbag.py:588} INFO - Filling up the DagBag from /home/airflow/.local/lib/python3.12/site-packages/airflow/example_dags/example_setup_teardown.py
[2025-03-12T23:55:09.043+0000] {processor.py:925} INFO - DAG(s) 'example_setup_teardown' retrieved from /home/airflow/.local/lib/python3.12/site-packages/airflow/example_dags/example_setup_teardown.py
[2025-03-12T23:55:09.062+0000] {logging_mixin.py:190} INFO - [2025-03-12T23:55:09.061+0000] {dag.py:3239} INFO - Sync 1 DAGs
[2025-03-12T23:55:09.075+0000] {logging_mixin.py:190} INFO - [2025-03-12T23:55:09.074+0000] {dag.py:4180} INFO - Setting next_dagrun for example_setup_teardown to None, run_after=None
[2025-03-12T23:55:09.095+0000] {processor.py:208} INFO - Processing /home/airflow/.local/lib/python3.12/site-packages/airflow/example_dags/example_setup_teardown.py took 0.068 seconds
[2025-03-12T23:55:39.667+0000] {processor.py:186} INFO - Started process (PID=3246) to work on /home/airflow/.local/lib/python3.12/site-packages/airflow/example_dags/example_setup_teardown.py
[2025-03-12T23:55:39.668+0000] {processor.py:914} INFO - Processing file /home/airflow/.local/lib/python3.12/site-packages/airflow/example_dags/example_setup_teardown.py for tasks to queue
[2025-03-12T23:55:39.669+0000] {logging_mixin.py:190} INFO - [2025-03-12T23:55:39.669+0000] {dagbag.py:588} INFO - Filling up the DagBag from /home/airflow/.local/lib/python3.12/site-packages/airflow/example_dags/example_setup_teardown.py
[2025-03-12T23:55:39.677+0000] {processor.py:925} INFO - DAG(s) 'example_setup_teardown' retrieved from /home/airflow/.local/lib/python3.12/site-packages/airflow/example_dags/example_setup_teardown.py
[2025-03-12T23:55:39.695+0000] {logging_mixin.py:190} INFO - [2025-03-12T23:55:39.694+0000] {dag.py:3239} INFO - Sync 1 DAGs
[2025-03-12T23:55:39.708+0000] {logging_mixin.py:190} INFO - [2025-03-12T23:55:39.707+0000] {dag.py:4180} INFO - Setting next_dagrun for example_setup_teardown to None, run_after=None
[2025-03-12T23:55:39.726+0000] {processor.py:208} INFO - Processing /home/airflow/.local/lib/python3.12/site-packages/airflow/example_dags/example_setup_teardown.py took 0.066 seconds
[2025-03-12T23:56:10.358+0000] {processor.py:186} INFO - Started process (PID=3312) to work on /home/airflow/.local/lib/python3.12/site-packages/airflow/example_dags/example_setup_teardown.py
[2025-03-12T23:56:10.359+0000] {processor.py:914} INFO - Processing file /home/airflow/.local/lib/python3.12/site-packages/airflow/example_dags/example_setup_teardown.py for tasks to queue
[2025-03-12T23:56:10.360+0000] {logging_mixin.py:190} INFO - [2025-03-12T23:56:10.360+0000] {dagbag.py:588} INFO - Filling up the DagBag from /home/airflow/.local/lib/python3.12/site-packages/airflow/example_dags/example_setup_teardown.py
[2025-03-12T23:56:10.367+0000] {processor.py:925} INFO - DAG(s) 'example_setup_teardown' retrieved from /home/airflow/.local/lib/python3.12/site-packages/airflow/example_dags/example_setup_teardown.py
[2025-03-12T23:56:10.548+0000] {logging_mixin.py:190} INFO - [2025-03-12T23:56:10.548+0000] {dag.py:3239} INFO - Sync 1 DAGs
[2025-03-12T23:56:10.559+0000] {logging_mixin.py:190} INFO - [2025-03-12T23:56:10.559+0000] {dag.py:4180} INFO - Setting next_dagrun for example_setup_teardown to None, run_after=None
[2025-03-12T23:56:10.577+0000] {processor.py:208} INFO - Processing /home/airflow/.local/lib/python3.12/site-packages/airflow/example_dags/example_setup_teardown.py took 0.224 seconds
[2025-03-12T23:56:41.138+0000] {processor.py:186} INFO - Started process (PID=3378) to work on /home/airflow/.local/lib/python3.12/site-packages/airflow/example_dags/example_setup_teardown.py
[2025-03-12T23:56:41.139+0000] {processor.py:914} INFO - Processing file /home/airflow/.local/lib/python3.12/site-packages/airflow/example_dags/example_setup_teardown.py for tasks to queue
[2025-03-12T23:56:41.141+0000] {logging_mixin.py:190} INFO - [2025-03-12T23:56:41.140+0000] {dagbag.py:588} INFO - Filling up the DagBag from /home/airflow/.local/lib/python3.12/site-packages/airflow/example_dags/example_setup_teardown.py
[2025-03-12T23:56:41.149+0000] {processor.py:925} INFO - DAG(s) 'example_setup_teardown' retrieved from /home/airflow/.local/lib/python3.12/site-packages/airflow/example_dags/example_setup_teardown.py
[2025-03-12T23:56:41.167+0000] {logging_mixin.py:190} INFO - [2025-03-12T23:56:41.167+0000] {dag.py:3239} INFO - Sync 1 DAGs
[2025-03-12T23:56:41.179+0000] {logging_mixin.py:190} INFO - [2025-03-12T23:56:41.179+0000] {dag.py:4180} INFO - Setting next_dagrun for example_setup_teardown to None, run_after=None
[2025-03-12T23:56:41.198+0000] {processor.py:208} INFO - Processing /home/airflow/.local/lib/python3.12/site-packages/airflow/example_dags/example_setup_teardown.py took 0.065 seconds
[2025-03-12T23:57:11.757+0000] {processor.py:186} INFO - Started process (PID=3444) to work on /home/airflow/.local/lib/python3.12/site-packages/airflow/example_dags/example_setup_teardown.py
[2025-03-12T23:57:11.758+0000] {processor.py:914} INFO - Processing file /home/airflow/.local/lib/python3.12/site-packages/airflow/example_dags/example_setup_teardown.py for tasks to queue
[2025-03-12T23:57:11.760+0000] {logging_mixin.py:190} INFO - [2025-03-12T23:57:11.760+0000] {dagbag.py:588} INFO - Filling up the DagBag from /home/airflow/.local/lib/python3.12/site-packages/airflow/example_dags/example_setup_teardown.py
[2025-03-12T23:57:11.768+0000] {processor.py:925} INFO - DAG(s) 'example_setup_teardown' retrieved from /home/airflow/.local/lib/python3.12/site-packages/airflow/example_dags/example_setup_teardown.py
[2025-03-12T23:57:11.808+0000] {logging_mixin.py:190} INFO - [2025-03-12T23:57:11.807+0000] {dag.py:3239} INFO - Sync 1 DAGs
[2025-03-12T23:57:11.822+0000] {logging_mixin.py:190} INFO - [2025-03-12T23:57:11.822+0000] {dag.py:4180} INFO - Setting next_dagrun for example_setup_teardown to None, run_after=None
[2025-03-12T23:57:11.840+0000] {processor.py:208} INFO - Processing /home/airflow/.local/lib/python3.12/site-packages/airflow/example_dags/example_setup_teardown.py took 0.088 seconds
[2025-03-12T23:57:42.518+0000] {processor.py:186} INFO - Started process (PID=3510) to work on /home/airflow/.local/lib/python3.12/site-packages/airflow/example_dags/example_setup_teardown.py
[2025-03-12T23:57:42.519+0000] {processor.py:914} INFO - Processing file /home/airflow/.local/lib/python3.12/site-packages/airflow/example_dags/example_setup_teardown.py for tasks to queue
[2025-03-12T23:57:42.521+0000] {logging_mixin.py:190} INFO - [2025-03-12T23:57:42.521+0000] {dagbag.py:588} INFO - Filling up the DagBag from /home/airflow/.local/lib/python3.12/site-packages/airflow/example_dags/example_setup_teardown.py
[2025-03-12T23:57:42.529+0000] {processor.py:925} INFO - DAG(s) 'example_setup_teardown' retrieved from /home/airflow/.local/lib/python3.12/site-packages/airflow/example_dags/example_setup_teardown.py
[2025-03-12T23:57:42.547+0000] {logging_mixin.py:190} INFO - [2025-03-12T23:57:42.546+0000] {dag.py:3239} INFO - Sync 1 DAGs
[2025-03-12T23:57:42.560+0000] {logging_mixin.py:190} INFO - [2025-03-12T23:57:42.560+0000] {dag.py:4180} INFO - Setting next_dagrun for example_setup_teardown to None, run_after=None
[2025-03-12T23:57:42.580+0000] {processor.py:208} INFO - Processing /home/airflow/.local/lib/python3.12/site-packages/airflow/example_dags/example_setup_teardown.py took 0.067 seconds
[2025-03-12T23:58:12.923+0000] {processor.py:186} INFO - Started process (PID=3576) to work on /home/airflow/.local/lib/python3.12/site-packages/airflow/example_dags/example_setup_teardown.py
[2025-03-12T23:58:12.924+0000] {processor.py:914} INFO - Processing file /home/airflow/.local/lib/python3.12/site-packages/airflow/example_dags/example_setup_teardown.py for tasks to queue
[2025-03-12T23:58:12.926+0000] {logging_mixin.py:190} INFO - [2025-03-12T23:58:12.925+0000] {dagbag.py:588} INFO - Filling up the DagBag from /home/airflow/.local/lib/python3.12/site-packages/airflow/example_dags/example_setup_teardown.py
[2025-03-12T23:58:12.934+0000] {processor.py:925} INFO - DAG(s) 'example_setup_teardown' retrieved from /home/airflow/.local/lib/python3.12/site-packages/airflow/example_dags/example_setup_teardown.py
[2025-03-12T23:58:12.955+0000] {logging_mixin.py:190} INFO - [2025-03-12T23:58:12.955+0000] {dag.py:3239} INFO - Sync 1 DAGs
[2025-03-12T23:58:12.972+0000] {logging_mixin.py:190} INFO - [2025-03-12T23:58:12.972+0000] {dag.py:4180} INFO - Setting next_dagrun for example_setup_teardown to None, run_after=None
[2025-03-12T23:58:12.997+0000] {processor.py:208} INFO - Processing /home/airflow/.local/lib/python3.12/site-packages/airflow/example_dags/example_setup_teardown.py took 0.079 seconds
[2025-03-12T23:58:43.622+0000] {processor.py:186} INFO - Started process (PID=3642) to work on /home/airflow/.local/lib/python3.12/site-packages/airflow/example_dags/example_setup_teardown.py
[2025-03-12T23:58:43.623+0000] {processor.py:914} INFO - Processing file /home/airflow/.local/lib/python3.12/site-packages/airflow/example_dags/example_setup_teardown.py for tasks to queue
[2025-03-12T23:58:43.624+0000] {logging_mixin.py:190} INFO - [2025-03-12T23:58:43.624+0000] {dagbag.py:588} INFO - Filling up the DagBag from /home/airflow/.local/lib/python3.12/site-packages/airflow/example_dags/example_setup_teardown.py
[2025-03-12T23:58:43.631+0000] {processor.py:925} INFO - DAG(s) 'example_setup_teardown' retrieved from /home/airflow/.local/lib/python3.12/site-packages/airflow/example_dags/example_setup_teardown.py
[2025-03-12T23:58:43.651+0000] {logging_mixin.py:190} INFO - [2025-03-12T23:58:43.651+0000] {dag.py:3239} INFO - Sync 1 DAGs
[2025-03-12T23:58:43.665+0000] {logging_mixin.py:190} INFO - [2025-03-12T23:58:43.665+0000] {dag.py:4180} INFO - Setting next_dagrun for example_setup_teardown to None, run_after=None
[2025-03-12T23:58:43.685+0000] {processor.py:208} INFO - Processing /home/airflow/.local/lib/python3.12/site-packages/airflow/example_dags/example_setup_teardown.py took 0.068 seconds
[2025-03-12T23:59:14.558+0000] {processor.py:186} INFO - Started process (PID=3708) to work on /home/airflow/.local/lib/python3.12/site-packages/airflow/example_dags/example_setup_teardown.py
[2025-03-12T23:59:14.559+0000] {processor.py:914} INFO - Processing file /home/airflow/.local/lib/python3.12/site-packages/airflow/example_dags/example_setup_teardown.py for tasks to queue
[2025-03-12T23:59:14.561+0000] {logging_mixin.py:190} INFO - [2025-03-12T23:59:14.561+0000] {dagbag.py:588} INFO - Filling up the DagBag from /home/airflow/.local/lib/python3.12/site-packages/airflow/example_dags/example_setup_teardown.py
[2025-03-12T23:59:14.572+0000] {processor.py:925} INFO - DAG(s) 'example_setup_teardown' retrieved from /home/airflow/.local/lib/python3.12/site-packages/airflow/example_dags/example_setup_teardown.py
[2025-03-12T23:59:14.598+0000] {logging_mixin.py:190} INFO - [2025-03-12T23:59:14.598+0000] {dag.py:3239} INFO - Sync 1 DAGs
[2025-03-12T23:59:14.615+0000] {logging_mixin.py:190} INFO - [2025-03-12T23:59:14.615+0000] {dag.py:4180} INFO - Setting next_dagrun for example_setup_teardown to None, run_after=None
[2025-03-12T23:59:14.639+0000] {processor.py:208} INFO - Processing /home/airflow/.local/lib/python3.12/site-packages/airflow/example_dags/example_setup_teardown.py took 0.089 seconds
[2025-03-12T23:59:45.211+0000] {processor.py:186} INFO - Started process (PID=3774) to work on /home/airflow/.local/lib/python3.12/site-packages/airflow/example_dags/example_setup_teardown.py
[2025-03-12T23:59:45.212+0000] {processor.py:914} INFO - Processing file /home/airflow/.local/lib/python3.12/site-packages/airflow/example_dags/example_setup_teardown.py for tasks to queue
[2025-03-12T23:59:45.213+0000] {logging_mixin.py:190} INFO - [2025-03-12T23:59:45.213+0000] {dagbag.py:588} INFO - Filling up the DagBag from /home/airflow/.local/lib/python3.12/site-packages/airflow/example_dags/example_setup_teardown.py
[2025-03-12T23:59:45.220+0000] {processor.py:925} INFO - DAG(s) 'example_setup_teardown' retrieved from /home/airflow/.local/lib/python3.12/site-packages/airflow/example_dags/example_setup_teardown.py
[2025-03-12T23:59:45.240+0000] {logging_mixin.py:190} INFO - [2025-03-12T23:59:45.240+0000] {dag.py:3239} INFO - Sync 1 DAGs
[2025-03-12T23:59:45.254+0000] {logging_mixin.py:190} INFO - [2025-03-12T23:59:45.253+0000] {dag.py:4180} INFO - Setting next_dagrun for example_setup_teardown to None, run_after=None
[2025-03-12T23:59:45.274+0000] {processor.py:208} INFO - Processing /home/airflow/.local/lib/python3.12/site-packages/airflow/example_dags/example_setup_teardown.py took 0.068 seconds
