[2025-03-12T23:31:12.091+0000] {processor.py:186} INFO - Started process (PID=117) to work on /home/airflow/.local/lib/python3.12/site-packages/airflow/example_dags/example_inlet_event_extra.py
[2025-03-12T23:31:12.092+0000] {processor.py:914} INFO - Processing file /home/airflow/.local/lib/python3.12/site-packages/airflow/example_dags/example_inlet_event_extra.py for tasks to queue
[2025-03-12T23:31:12.096+0000] {logging_mixin.py:190} INFO - [2025-03-12T23:31:12.096+0000] {dagbag.py:588} INFO - Filling up the DagBag from /home/airflow/.local/lib/python3.12/site-packages/airflow/example_dags/example_inlet_event_extra.py
[2025-03-12T23:31:13.626+0000] {processor.py:925} INFO - DAG(s) 'read_dataset_event_from_classic', 'read_dataset_event' retrieved from /home/airflow/.local/lib/python3.12/site-packages/airflow/example_dags/example_inlet_event_extra.py
[2025-03-12T23:31:13.660+0000] {logging_mixin.py:190} INFO - [2025-03-12T23:31:13.660+0000] {dag.py:3239} INFO - Sync 2 DAGs
[2025-03-12T23:31:13.697+0000] {logging_mixin.py:190} INFO - [2025-03-12T23:31:13.697+0000] {dag.py:4180} INFO - Setting next_dagrun for read_dataset_event to 2025-03-11 00:00:00+00:00, run_after=2025-03-12 00:00:00+00:00
[2025-03-12T23:31:13.706+0000] {logging_mixin.py:190} INFO - [2025-03-12T23:31:13.706+0000] {dag.py:4180} INFO - Setting next_dagrun for read_dataset_event_from_classic to 2025-03-11 00:00:00+00:00, run_after=2025-03-12 00:00:00+00:00
[2025-03-12T23:31:13.736+0000] {processor.py:208} INFO - Processing /home/airflow/.local/lib/python3.12/site-packages/airflow/example_dags/example_inlet_event_extra.py took 1.657 seconds
[2025-03-12T23:31:44.095+0000] {processor.py:186} INFO - Started process (PID=184) to work on /home/airflow/.local/lib/python3.12/site-packages/airflow/example_dags/example_inlet_event_extra.py
[2025-03-12T23:31:44.096+0000] {processor.py:914} INFO - Processing file /home/airflow/.local/lib/python3.12/site-packages/airflow/example_dags/example_inlet_event_extra.py for tasks to queue
[2025-03-12T23:31:44.099+0000] {logging_mixin.py:190} INFO - [2025-03-12T23:31:44.098+0000] {dagbag.py:588} INFO - Filling up the DagBag from /home/airflow/.local/lib/python3.12/site-packages/airflow/example_dags/example_inlet_event_extra.py
[2025-03-12T23:31:45.064+0000] {processor.py:925} INFO - DAG(s) 'read_dataset_event_from_classic', 'read_dataset_event' retrieved from /home/airflow/.local/lib/python3.12/site-packages/airflow/example_dags/example_inlet_event_extra.py
[2025-03-12T23:31:45.128+0000] {logging_mixin.py:190} INFO - [2025-03-12T23:31:45.128+0000] {dag.py:3239} INFO - Sync 2 DAGs
[2025-03-12T23:31:45.229+0000] {logging_mixin.py:190} INFO - [2025-03-12T23:31:45.228+0000] {dag.py:4180} INFO - Setting next_dagrun for read_dataset_event to 2025-03-11 00:00:00+00:00, run_after=2025-03-12 00:00:00+00:00
[2025-03-12T23:31:45.264+0000] {logging_mixin.py:190} INFO - [2025-03-12T23:31:45.263+0000] {dag.py:4180} INFO - Setting next_dagrun for read_dataset_event_from_classic to 2025-03-11 00:00:00+00:00, run_after=2025-03-12 00:00:00+00:00
[2025-03-12T23:31:45.330+0000] {processor.py:208} INFO - Processing /home/airflow/.local/lib/python3.12/site-packages/airflow/example_dags/example_inlet_event_extra.py took 1.267 seconds
[2025-03-12T23:32:15.561+0000] {processor.py:186} INFO - Started process (PID=252) to work on /home/airflow/.local/lib/python3.12/site-packages/airflow/example_dags/example_inlet_event_extra.py
[2025-03-12T23:32:15.562+0000] {processor.py:914} INFO - Processing file /home/airflow/.local/lib/python3.12/site-packages/airflow/example_dags/example_inlet_event_extra.py for tasks to queue
[2025-03-12T23:32:15.565+0000] {logging_mixin.py:190} INFO - [2025-03-12T23:32:15.565+0000] {dagbag.py:588} INFO - Filling up the DagBag from /home/airflow/.local/lib/python3.12/site-packages/airflow/example_dags/example_inlet_event_extra.py
[2025-03-12T23:32:16.812+0000] {processor.py:925} INFO - DAG(s) 'read_dataset_event', 'read_dataset_event_from_classic' retrieved from /home/airflow/.local/lib/python3.12/site-packages/airflow/example_dags/example_inlet_event_extra.py
[2025-03-12T23:32:16.842+0000] {logging_mixin.py:190} INFO - [2025-03-12T23:32:16.841+0000] {dag.py:3239} INFO - Sync 2 DAGs
[2025-03-12T23:32:16.876+0000] {logging_mixin.py:190} INFO - [2025-03-12T23:32:16.875+0000] {dag.py:4180} INFO - Setting next_dagrun for read_dataset_event to 2025-03-11 00:00:00+00:00, run_after=2025-03-12 00:00:00+00:00
[2025-03-12T23:32:16.883+0000] {logging_mixin.py:190} INFO - [2025-03-12T23:32:16.882+0000] {dag.py:4180} INFO - Setting next_dagrun for read_dataset_event_from_classic to 2025-03-11 00:00:00+00:00, run_after=2025-03-12 00:00:00+00:00
[2025-03-12T23:32:16.911+0000] {processor.py:208} INFO - Processing /home/airflow/.local/lib/python3.12/site-packages/airflow/example_dags/example_inlet_event_extra.py took 1.356 seconds
[2025-03-12T23:32:47.015+0000] {processor.py:186} INFO - Started process (PID=322) to work on /home/airflow/.local/lib/python3.12/site-packages/airflow/example_dags/example_inlet_event_extra.py
[2025-03-12T23:32:47.016+0000] {processor.py:914} INFO - Processing file /home/airflow/.local/lib/python3.12/site-packages/airflow/example_dags/example_inlet_event_extra.py for tasks to queue
[2025-03-12T23:32:47.018+0000] {logging_mixin.py:190} INFO - [2025-03-12T23:32:47.018+0000] {dagbag.py:588} INFO - Filling up the DagBag from /home/airflow/.local/lib/python3.12/site-packages/airflow/example_dags/example_inlet_event_extra.py
[2025-03-12T23:32:47.909+0000] {processor.py:925} INFO - DAG(s) 'read_dataset_event', 'read_dataset_event_from_classic' retrieved from /home/airflow/.local/lib/python3.12/site-packages/airflow/example_dags/example_inlet_event_extra.py
[2025-03-12T23:32:47.981+0000] {logging_mixin.py:190} INFO - [2025-03-12T23:32:47.981+0000] {dag.py:3239} INFO - Sync 2 DAGs
[2025-03-12T23:32:48.019+0000] {logging_mixin.py:190} INFO - [2025-03-12T23:32:48.019+0000] {dag.py:4180} INFO - Setting next_dagrun for read_dataset_event to 2025-03-11 00:00:00+00:00, run_after=2025-03-12 00:00:00+00:00
[2025-03-12T23:32:48.029+0000] {logging_mixin.py:190} INFO - [2025-03-12T23:32:48.028+0000] {dag.py:4180} INFO - Setting next_dagrun for read_dataset_event_from_classic to 2025-03-11 00:00:00+00:00, run_after=2025-03-12 00:00:00+00:00
[2025-03-12T23:32:48.058+0000] {processor.py:208} INFO - Processing /home/airflow/.local/lib/python3.12/site-packages/airflow/example_dags/example_inlet_event_extra.py took 1.048 seconds
