[2025-03-12T23:31:07.719+0000] {processor.py:186} INFO - Started process (PID=94) to work on /home/airflow/.local/lib/python3.12/site-packages/airflow/example_dags/example_dag_decorator.py
[2025-03-12T23:31:07.721+0000] {processor.py:914} INFO - Processing file /home/airflow/.local/lib/python3.12/site-packages/airflow/example_dags/example_dag_decorator.py for tasks to queue
[2025-03-12T23:31:07.726+0000] {logging_mixin.py:190} INFO - [2025-03-12T23:31:07.726+0000] {dagbag.py:588} INFO - Filling up the DagBag from /home/airflow/.local/lib/python3.12/site-packages/airflow/example_dags/example_dag_decorator.py
[2025-03-12T23:31:07.755+0000] {processor.py:925} INFO - DAG(s) 'example_dag_decorator' retrieved from /home/airflow/.local/lib/python3.12/site-packages/airflow/example_dags/example_dag_decorator.py
[2025-03-12T23:31:08.067+0000] {logging_mixin.py:190} INFO - [2025-03-12T23:31:08.066+0000] {dag.py:3239} INFO - Sync 1 DAGs
[2025-03-12T23:31:08.119+0000] {logging_mixin.py:190} INFO - [2025-03-12T23:31:08.118+0000] {dag.py:4180} INFO - Setting next_dagrun for example_dag_decorator to None, run_after=None
[2025-03-12T23:31:08.191+0000] {processor.py:208} INFO - Processing /home/airflow/.local/lib/python3.12/site-packages/airflow/example_dags/example_dag_decorator.py took 0.480 seconds
[2025-03-12T23:31:39.329+0000] {processor.py:186} INFO - Started process (PID=162) to work on /home/airflow/.local/lib/python3.12/site-packages/airflow/example_dags/example_dag_decorator.py
[2025-03-12T23:31:39.332+0000] {processor.py:914} INFO - Processing file /home/airflow/.local/lib/python3.12/site-packages/airflow/example_dags/example_dag_decorator.py for tasks to queue
[2025-03-12T23:31:39.335+0000] {logging_mixin.py:190} INFO - [2025-03-12T23:31:39.335+0000] {dagbag.py:588} INFO - Filling up the DagBag from /home/airflow/.local/lib/python3.12/site-packages/airflow/example_dags/example_dag_decorator.py
[2025-03-12T23:31:39.360+0000] {processor.py:925} INFO - DAG(s) 'example_dag_decorator' retrieved from /home/airflow/.local/lib/python3.12/site-packages/airflow/example_dags/example_dag_decorator.py
[2025-03-12T23:31:39.423+0000] {logging_mixin.py:190} INFO - [2025-03-12T23:31:39.422+0000] {dag.py:3239} INFO - Sync 1 DAGs
[2025-03-12T23:31:39.448+0000] {logging_mixin.py:190} INFO - [2025-03-12T23:31:39.447+0000] {dag.py:4180} INFO - Setting next_dagrun for example_dag_decorator to None, run_after=None
[2025-03-12T23:31:39.495+0000] {processor.py:208} INFO - Processing /home/airflow/.local/lib/python3.12/site-packages/airflow/example_dags/example_dag_decorator.py took 0.178 seconds
[2025-03-12T23:32:09.970+0000] {processor.py:186} INFO - Started process (PID=227) to work on /home/airflow/.local/lib/python3.12/site-packages/airflow/example_dags/example_dag_decorator.py
[2025-03-12T23:32:09.973+0000] {processor.py:914} INFO - Processing file /home/airflow/.local/lib/python3.12/site-packages/airflow/example_dags/example_dag_decorator.py for tasks to queue
[2025-03-12T23:32:09.977+0000] {logging_mixin.py:190} INFO - [2025-03-12T23:32:09.977+0000] {dagbag.py:588} INFO - Filling up the DagBag from /home/airflow/.local/lib/python3.12/site-packages/airflow/example_dags/example_dag_decorator.py
[2025-03-12T23:32:09.998+0000] {processor.py:925} INFO - DAG(s) 'example_dag_decorator' retrieved from /home/airflow/.local/lib/python3.12/site-packages/airflow/example_dags/example_dag_decorator.py
[2025-03-12T23:32:10.184+0000] {logging_mixin.py:190} INFO - [2025-03-12T23:32:10.183+0000] {dag.py:3239} INFO - Sync 1 DAGs
[2025-03-12T23:32:10.201+0000] {logging_mixin.py:190} INFO - [2025-03-12T23:32:10.201+0000] {dag.py:4180} INFO - Setting next_dagrun for example_dag_decorator to None, run_after=None
[2025-03-12T23:32:10.235+0000] {processor.py:208} INFO - Processing /home/airflow/.local/lib/python3.12/site-packages/airflow/example_dags/example_dag_decorator.py took 0.277 seconds
[2025-03-12T23:32:40.620+0000] {processor.py:186} INFO - Started process (PID=293) to work on /home/airflow/.local/lib/python3.12/site-packages/airflow/example_dags/example_dag_decorator.py
[2025-03-12T23:32:40.621+0000] {processor.py:914} INFO - Processing file /home/airflow/.local/lib/python3.12/site-packages/airflow/example_dags/example_dag_decorator.py for tasks to queue
[2025-03-12T23:32:40.624+0000] {logging_mixin.py:190} INFO - [2025-03-12T23:32:40.623+0000] {dagbag.py:588} INFO - Filling up the DagBag from /home/airflow/.local/lib/python3.12/site-packages/airflow/example_dags/example_dag_decorator.py
[2025-03-12T23:32:40.636+0000] {processor.py:925} INFO - DAG(s) 'example_dag_decorator' retrieved from /home/airflow/.local/lib/python3.12/site-packages/airflow/example_dags/example_dag_decorator.py
[2025-03-12T23:32:40.784+0000] {logging_mixin.py:190} INFO - [2025-03-12T23:32:40.784+0000] {dag.py:3239} INFO - Sync 1 DAGs
[2025-03-12T23:32:40.799+0000] {logging_mixin.py:190} INFO - [2025-03-12T23:32:40.798+0000] {dag.py:4180} INFO - Setting next_dagrun for example_dag_decorator to None, run_after=None
[2025-03-12T23:32:40.824+0000] {processor.py:208} INFO - Processing /home/airflow/.local/lib/python3.12/site-packages/airflow/example_dags/example_dag_decorator.py took 0.209 seconds
[2025-03-12T23:33:11.478+0000] {processor.py:186} INFO - Started process (PID=358) to work on /home/airflow/.local/lib/python3.12/site-packages/airflow/example_dags/example_dag_decorator.py
[2025-03-12T23:33:11.480+0000] {processor.py:914} INFO - Processing file /home/airflow/.local/lib/python3.12/site-packages/airflow/example_dags/example_dag_decorator.py for tasks to queue
[2025-03-12T23:33:11.490+0000] {logging_mixin.py:190} INFO - [2025-03-12T23:33:11.489+0000] {dagbag.py:588} INFO - Filling up the DagBag from /home/airflow/.local/lib/python3.12/site-packages/airflow/example_dags/example_dag_decorator.py
[2025-03-12T23:33:11.511+0000] {processor.py:925} INFO - DAG(s) 'example_dag_decorator' retrieved from /home/airflow/.local/lib/python3.12/site-packages/airflow/example_dags/example_dag_decorator.py
[2025-03-12T23:33:11.686+0000] {logging_mixin.py:190} INFO - [2025-03-12T23:33:11.685+0000] {dag.py:3239} INFO - Sync 1 DAGs
[2025-03-12T23:33:11.702+0000] {logging_mixin.py:190} INFO - [2025-03-12T23:33:11.701+0000] {dag.py:4180} INFO - Setting next_dagrun for example_dag_decorator to None, run_after=None
[2025-03-12T23:33:11.742+0000] {processor.py:208} INFO - Processing /home/airflow/.local/lib/python3.12/site-packages/airflow/example_dags/example_dag_decorator.py took 0.273 seconds
[2025-03-12T23:33:42.604+0000] {processor.py:186} INFO - Started process (PID=424) to work on /home/airflow/.local/lib/python3.12/site-packages/airflow/example_dags/example_dag_decorator.py
[2025-03-12T23:33:42.606+0000] {processor.py:914} INFO - Processing file /home/airflow/.local/lib/python3.12/site-packages/airflow/example_dags/example_dag_decorator.py for tasks to queue
[2025-03-12T23:33:42.612+0000] {logging_mixin.py:190} INFO - [2025-03-12T23:33:42.611+0000] {dagbag.py:588} INFO - Filling up the DagBag from /home/airflow/.local/lib/python3.12/site-packages/airflow/example_dags/example_dag_decorator.py
[2025-03-12T23:33:42.626+0000] {processor.py:925} INFO - DAG(s) 'example_dag_decorator' retrieved from /home/airflow/.local/lib/python3.12/site-packages/airflow/example_dags/example_dag_decorator.py
[2025-03-12T23:33:42.788+0000] {logging_mixin.py:190} INFO - [2025-03-12T23:33:42.788+0000] {dag.py:3239} INFO - Sync 1 DAGs
[2025-03-12T23:33:42.804+0000] {logging_mixin.py:190} INFO - [2025-03-12T23:33:42.803+0000] {dag.py:4180} INFO - Setting next_dagrun for example_dag_decorator to None, run_after=None
[2025-03-12T23:33:42.836+0000] {processor.py:208} INFO - Processing /home/airflow/.local/lib/python3.12/site-packages/airflow/example_dags/example_dag_decorator.py took 0.245 seconds
[2025-03-12T23:34:13.105+0000] {processor.py:186} INFO - Started process (PID=489) to work on /home/airflow/.local/lib/python3.12/site-packages/airflow/example_dags/example_dag_decorator.py
[2025-03-12T23:34:13.107+0000] {processor.py:914} INFO - Processing file /home/airflow/.local/lib/python3.12/site-packages/airflow/example_dags/example_dag_decorator.py for tasks to queue
[2025-03-12T23:34:13.109+0000] {logging_mixin.py:190} INFO - [2025-03-12T23:34:13.109+0000] {dagbag.py:588} INFO - Filling up the DagBag from /home/airflow/.local/lib/python3.12/site-packages/airflow/example_dags/example_dag_decorator.py
[2025-03-12T23:34:13.124+0000] {processor.py:925} INFO - DAG(s) 'example_dag_decorator' retrieved from /home/airflow/.local/lib/python3.12/site-packages/airflow/example_dags/example_dag_decorator.py
[2025-03-12T23:34:13.308+0000] {logging_mixin.py:190} INFO - [2025-03-12T23:34:13.307+0000] {dag.py:3239} INFO - Sync 1 DAGs
[2025-03-12T23:34:13.329+0000] {logging_mixin.py:190} INFO - [2025-03-12T23:34:13.329+0000] {dag.py:4180} INFO - Setting next_dagrun for example_dag_decorator to None, run_after=None
[2025-03-12T23:34:13.380+0000] {processor.py:208} INFO - Processing /home/airflow/.local/lib/python3.12/site-packages/airflow/example_dags/example_dag_decorator.py took 0.284 seconds
[2025-03-12T23:34:43.579+0000] {processor.py:186} INFO - Started process (PID=555) to work on /home/airflow/.local/lib/python3.12/site-packages/airflow/example_dags/example_dag_decorator.py
[2025-03-12T23:34:43.581+0000] {processor.py:914} INFO - Processing file /home/airflow/.local/lib/python3.12/site-packages/airflow/example_dags/example_dag_decorator.py for tasks to queue
[2025-03-12T23:34:43.582+0000] {logging_mixin.py:190} INFO - [2025-03-12T23:34:43.582+0000] {dagbag.py:588} INFO - Filling up the DagBag from /home/airflow/.local/lib/python3.12/site-packages/airflow/example_dags/example_dag_decorator.py
[2025-03-12T23:34:43.593+0000] {processor.py:925} INFO - DAG(s) 'example_dag_decorator' retrieved from /home/airflow/.local/lib/python3.12/site-packages/airflow/example_dags/example_dag_decorator.py
[2025-03-12T23:34:43.705+0000] {logging_mixin.py:190} INFO - [2025-03-12T23:34:43.705+0000] {dag.py:3239} INFO - Sync 1 DAGs
[2025-03-12T23:34:43.720+0000] {logging_mixin.py:190} INFO - [2025-03-12T23:34:43.720+0000] {dag.py:4180} INFO - Setting next_dagrun for example_dag_decorator to None, run_after=None
[2025-03-12T23:34:43.747+0000] {processor.py:208} INFO - Processing /home/airflow/.local/lib/python3.12/site-packages/airflow/example_dags/example_dag_decorator.py took 0.173 seconds
[2025-03-12T23:35:13.820+0000] {processor.py:186} INFO - Started process (PID=620) to work on /home/airflow/.local/lib/python3.12/site-packages/airflow/example_dags/example_dag_decorator.py
[2025-03-12T23:35:13.821+0000] {processor.py:914} INFO - Processing file /home/airflow/.local/lib/python3.12/site-packages/airflow/example_dags/example_dag_decorator.py for tasks to queue
[2025-03-12T23:35:13.822+0000] {logging_mixin.py:190} INFO - [2025-03-12T23:35:13.822+0000] {dagbag.py:588} INFO - Filling up the DagBag from /home/airflow/.local/lib/python3.12/site-packages/airflow/example_dags/example_dag_decorator.py
[2025-03-12T23:35:13.834+0000] {processor.py:925} INFO - DAG(s) 'example_dag_decorator' retrieved from /home/airflow/.local/lib/python3.12/site-packages/airflow/example_dags/example_dag_decorator.py
[2025-03-12T23:35:13.956+0000] {logging_mixin.py:190} INFO - [2025-03-12T23:35:13.956+0000] {dag.py:3239} INFO - Sync 1 DAGs
[2025-03-12T23:35:13.971+0000] {logging_mixin.py:190} INFO - [2025-03-12T23:35:13.971+0000] {dag.py:4180} INFO - Setting next_dagrun for example_dag_decorator to None, run_after=None
[2025-03-12T23:35:14.000+0000] {processor.py:208} INFO - Processing /home/airflow/.local/lib/python3.12/site-packages/airflow/example_dags/example_dag_decorator.py took 0.185 seconds
[2025-03-12T23:35:44.067+0000] {processor.py:186} INFO - Started process (PID=686) to work on /home/airflow/.local/lib/python3.12/site-packages/airflow/example_dags/example_dag_decorator.py
[2025-03-12T23:35:44.068+0000] {processor.py:914} INFO - Processing file /home/airflow/.local/lib/python3.12/site-packages/airflow/example_dags/example_dag_decorator.py for tasks to queue
[2025-03-12T23:35:44.069+0000] {logging_mixin.py:190} INFO - [2025-03-12T23:35:44.069+0000] {dagbag.py:588} INFO - Filling up the DagBag from /home/airflow/.local/lib/python3.12/site-packages/airflow/example_dags/example_dag_decorator.py
[2025-03-12T23:35:44.081+0000] {processor.py:925} INFO - DAG(s) 'example_dag_decorator' retrieved from /home/airflow/.local/lib/python3.12/site-packages/airflow/example_dags/example_dag_decorator.py
[2025-03-12T23:35:44.206+0000] {logging_mixin.py:190} INFO - [2025-03-12T23:35:44.205+0000] {dag.py:3239} INFO - Sync 1 DAGs
[2025-03-12T23:35:44.222+0000] {logging_mixin.py:190} INFO - [2025-03-12T23:35:44.222+0000] {dag.py:4180} INFO - Setting next_dagrun for example_dag_decorator to None, run_after=None
[2025-03-12T23:35:44.298+0000] {processor.py:208} INFO - Processing /home/airflow/.local/lib/python3.12/site-packages/airflow/example_dags/example_dag_decorator.py took 0.237 seconds
[2025-03-12T23:36:14.678+0000] {processor.py:186} INFO - Started process (PID=752) to work on /home/airflow/.local/lib/python3.12/site-packages/airflow/example_dags/example_dag_decorator.py
[2025-03-12T23:36:14.681+0000] {processor.py:914} INFO - Processing file /home/airflow/.local/lib/python3.12/site-packages/airflow/example_dags/example_dag_decorator.py for tasks to queue
[2025-03-12T23:36:14.689+0000] {logging_mixin.py:190} INFO - [2025-03-12T23:36:14.686+0000] {dagbag.py:588} INFO - Filling up the DagBag from /home/airflow/.local/lib/python3.12/site-packages/airflow/example_dags/example_dag_decorator.py
[2025-03-12T23:36:14.728+0000] {processor.py:925} INFO - DAG(s) 'example_dag_decorator' retrieved from /home/airflow/.local/lib/python3.12/site-packages/airflow/example_dags/example_dag_decorator.py
[2025-03-12T23:36:14.836+0000] {logging_mixin.py:190} INFO - [2025-03-12T23:36:14.835+0000] {dag.py:3239} INFO - Sync 1 DAGs
[2025-03-12T23:36:14.849+0000] {logging_mixin.py:190} INFO - [2025-03-12T23:36:14.849+0000] {dag.py:4180} INFO - Setting next_dagrun for example_dag_decorator to None, run_after=None
[2025-03-12T23:36:14.874+0000] {processor.py:208} INFO - Processing /home/airflow/.local/lib/python3.12/site-packages/airflow/example_dags/example_dag_decorator.py took 0.237 seconds
[2025-03-12T23:36:45.033+0000] {processor.py:186} INFO - Started process (PID=818) to work on /home/airflow/.local/lib/python3.12/site-packages/airflow/example_dags/example_dag_decorator.py
[2025-03-12T23:36:45.044+0000] {processor.py:914} INFO - Processing file /home/airflow/.local/lib/python3.12/site-packages/airflow/example_dags/example_dag_decorator.py for tasks to queue
[2025-03-12T23:36:45.046+0000] {logging_mixin.py:190} INFO - [2025-03-12T23:36:45.045+0000] {dagbag.py:588} INFO - Filling up the DagBag from /home/airflow/.local/lib/python3.12/site-packages/airflow/example_dags/example_dag_decorator.py
[2025-03-12T23:36:45.075+0000] {processor.py:925} INFO - DAG(s) 'example_dag_decorator' retrieved from /home/airflow/.local/lib/python3.12/site-packages/airflow/example_dags/example_dag_decorator.py
[2025-03-12T23:36:45.292+0000] {logging_mixin.py:190} INFO - [2025-03-12T23:36:45.291+0000] {dag.py:3239} INFO - Sync 1 DAGs
[2025-03-12T23:36:45.309+0000] {logging_mixin.py:190} INFO - [2025-03-12T23:36:45.309+0000] {dag.py:4180} INFO - Setting next_dagrun for example_dag_decorator to None, run_after=None
[2025-03-12T23:36:45.335+0000] {processor.py:208} INFO - Processing /home/airflow/.local/lib/python3.12/site-packages/airflow/example_dags/example_dag_decorator.py took 0.308 seconds
[2025-03-12T23:37:16.104+0000] {processor.py:186} INFO - Started process (PID=884) to work on /home/airflow/.local/lib/python3.12/site-packages/airflow/example_dags/example_dag_decorator.py
[2025-03-12T23:37:16.106+0000] {processor.py:914} INFO - Processing file /home/airflow/.local/lib/python3.12/site-packages/airflow/example_dags/example_dag_decorator.py for tasks to queue
[2025-03-12T23:37:16.109+0000] {logging_mixin.py:190} INFO - [2025-03-12T23:37:16.108+0000] {dagbag.py:588} INFO - Filling up the DagBag from /home/airflow/.local/lib/python3.12/site-packages/airflow/example_dags/example_dag_decorator.py
[2025-03-12T23:37:16.125+0000] {processor.py:925} INFO - DAG(s) 'example_dag_decorator' retrieved from /home/airflow/.local/lib/python3.12/site-packages/airflow/example_dags/example_dag_decorator.py
[2025-03-12T23:37:16.370+0000] {logging_mixin.py:190} INFO - [2025-03-12T23:37:16.370+0000] {dag.py:3239} INFO - Sync 1 DAGs
[2025-03-12T23:37:16.386+0000] {logging_mixin.py:190} INFO - [2025-03-12T23:37:16.386+0000] {dag.py:4180} INFO - Setting next_dagrun for example_dag_decorator to None, run_after=None
[2025-03-12T23:37:16.419+0000] {processor.py:208} INFO - Processing /home/airflow/.local/lib/python3.12/site-packages/airflow/example_dags/example_dag_decorator.py took 0.324 seconds
[2025-03-12T23:37:46.478+0000] {processor.py:186} INFO - Started process (PID=950) to work on /home/airflow/.local/lib/python3.12/site-packages/airflow/example_dags/example_dag_decorator.py
[2025-03-12T23:37:46.479+0000] {processor.py:914} INFO - Processing file /home/airflow/.local/lib/python3.12/site-packages/airflow/example_dags/example_dag_decorator.py for tasks to queue
[2025-03-12T23:37:46.481+0000] {logging_mixin.py:190} INFO - [2025-03-12T23:37:46.480+0000] {dagbag.py:588} INFO - Filling up the DagBag from /home/airflow/.local/lib/python3.12/site-packages/airflow/example_dags/example_dag_decorator.py
[2025-03-12T23:37:46.491+0000] {processor.py:925} INFO - DAG(s) 'example_dag_decorator' retrieved from /home/airflow/.local/lib/python3.12/site-packages/airflow/example_dags/example_dag_decorator.py
[2025-03-12T23:37:46.601+0000] {logging_mixin.py:190} INFO - [2025-03-12T23:37:46.600+0000] {dag.py:3239} INFO - Sync 1 DAGs
[2025-03-12T23:37:46.617+0000] {logging_mixin.py:190} INFO - [2025-03-12T23:37:46.616+0000] {dag.py:4180} INFO - Setting next_dagrun for example_dag_decorator to None, run_after=None
[2025-03-12T23:37:46.645+0000] {processor.py:208} INFO - Processing /home/airflow/.local/lib/python3.12/site-packages/airflow/example_dags/example_dag_decorator.py took 0.172 seconds
[2025-03-12T23:38:17.696+0000] {processor.py:186} INFO - Started process (PID=1015) to work on /home/airflow/.local/lib/python3.12/site-packages/airflow/example_dags/example_dag_decorator.py
[2025-03-12T23:38:17.698+0000] {processor.py:914} INFO - Processing file /home/airflow/.local/lib/python3.12/site-packages/airflow/example_dags/example_dag_decorator.py for tasks to queue
[2025-03-12T23:38:17.700+0000] {logging_mixin.py:190} INFO - [2025-03-12T23:38:17.699+0000] {dagbag.py:588} INFO - Filling up the DagBag from /home/airflow/.local/lib/python3.12/site-packages/airflow/example_dags/example_dag_decorator.py
[2025-03-12T23:38:17.714+0000] {processor.py:925} INFO - DAG(s) 'example_dag_decorator' retrieved from /home/airflow/.local/lib/python3.12/site-packages/airflow/example_dags/example_dag_decorator.py
[2025-03-12T23:38:17.872+0000] {logging_mixin.py:190} INFO - [2025-03-12T23:38:17.872+0000] {dag.py:3239} INFO - Sync 1 DAGs
[2025-03-12T23:38:17.888+0000] {logging_mixin.py:190} INFO - [2025-03-12T23:38:17.888+0000] {dag.py:4180} INFO - Setting next_dagrun for example_dag_decorator to None, run_after=None
[2025-03-12T23:38:17.914+0000] {processor.py:208} INFO - Processing /home/airflow/.local/lib/python3.12/site-packages/airflow/example_dags/example_dag_decorator.py took 0.227 seconds
[2025-03-12T23:38:48.842+0000] {processor.py:186} INFO - Started process (PID=1081) to work on /home/airflow/.local/lib/python3.12/site-packages/airflow/example_dags/example_dag_decorator.py
[2025-03-12T23:38:48.843+0000] {processor.py:914} INFO - Processing file /home/airflow/.local/lib/python3.12/site-packages/airflow/example_dags/example_dag_decorator.py for tasks to queue
[2025-03-12T23:38:48.844+0000] {logging_mixin.py:190} INFO - [2025-03-12T23:38:48.844+0000] {dagbag.py:588} INFO - Filling up the DagBag from /home/airflow/.local/lib/python3.12/site-packages/airflow/example_dags/example_dag_decorator.py
[2025-03-12T23:38:48.855+0000] {processor.py:925} INFO - DAG(s) 'example_dag_decorator' retrieved from /home/airflow/.local/lib/python3.12/site-packages/airflow/example_dags/example_dag_decorator.py
[2025-03-12T23:38:48.968+0000] {logging_mixin.py:190} INFO - [2025-03-12T23:38:48.968+0000] {dag.py:3239} INFO - Sync 1 DAGs
[2025-03-12T23:38:48.980+0000] {logging_mixin.py:190} INFO - [2025-03-12T23:38:48.980+0000] {dag.py:4180} INFO - Setting next_dagrun for example_dag_decorator to None, run_after=None
[2025-03-12T23:38:49.004+0000] {processor.py:208} INFO - Processing /home/airflow/.local/lib/python3.12/site-packages/airflow/example_dags/example_dag_decorator.py took 0.167 seconds
[2025-03-12T23:39:19.660+0000] {processor.py:186} INFO - Started process (PID=1147) to work on /home/airflow/.local/lib/python3.12/site-packages/airflow/example_dags/example_dag_decorator.py
[2025-03-12T23:39:19.661+0000] {processor.py:914} INFO - Processing file /home/airflow/.local/lib/python3.12/site-packages/airflow/example_dags/example_dag_decorator.py for tasks to queue
[2025-03-12T23:39:19.662+0000] {logging_mixin.py:190} INFO - [2025-03-12T23:39:19.662+0000] {dagbag.py:588} INFO - Filling up the DagBag from /home/airflow/.local/lib/python3.12/site-packages/airflow/example_dags/example_dag_decorator.py
[2025-03-12T23:39:19.674+0000] {processor.py:925} INFO - DAG(s) 'example_dag_decorator' retrieved from /home/airflow/.local/lib/python3.12/site-packages/airflow/example_dags/example_dag_decorator.py
[2025-03-12T23:39:19.786+0000] {logging_mixin.py:190} INFO - [2025-03-12T23:39:19.786+0000] {dag.py:3239} INFO - Sync 1 DAGs
[2025-03-12T23:39:19.799+0000] {logging_mixin.py:190} INFO - [2025-03-12T23:39:19.799+0000] {dag.py:4180} INFO - Setting next_dagrun for example_dag_decorator to None, run_after=None
[2025-03-12T23:39:19.824+0000] {processor.py:208} INFO - Processing /home/airflow/.local/lib/python3.12/site-packages/airflow/example_dags/example_dag_decorator.py took 0.169 seconds
[2025-03-12T23:39:49.923+0000] {processor.py:186} INFO - Started process (PID=1214) to work on /home/airflow/.local/lib/python3.12/site-packages/airflow/example_dags/example_dag_decorator.py
[2025-03-12T23:39:49.924+0000] {processor.py:914} INFO - Processing file /home/airflow/.local/lib/python3.12/site-packages/airflow/example_dags/example_dag_decorator.py for tasks to queue
[2025-03-12T23:39:49.925+0000] {logging_mixin.py:190} INFO - [2025-03-12T23:39:49.925+0000] {dagbag.py:588} INFO - Filling up the DagBag from /home/airflow/.local/lib/python3.12/site-packages/airflow/example_dags/example_dag_decorator.py
[2025-03-12T23:39:49.936+0000] {processor.py:925} INFO - DAG(s) 'example_dag_decorator' retrieved from /home/airflow/.local/lib/python3.12/site-packages/airflow/example_dags/example_dag_decorator.py
[2025-03-12T23:39:50.050+0000] {logging_mixin.py:190} INFO - [2025-03-12T23:39:50.050+0000] {dag.py:3239} INFO - Sync 1 DAGs
[2025-03-12T23:39:50.063+0000] {logging_mixin.py:190} INFO - [2025-03-12T23:39:50.062+0000] {dag.py:4180} INFO - Setting next_dagrun for example_dag_decorator to None, run_after=None
[2025-03-12T23:39:50.087+0000] {processor.py:208} INFO - Processing /home/airflow/.local/lib/python3.12/site-packages/airflow/example_dags/example_dag_decorator.py took 0.169 seconds
[2025-03-12T23:40:20.612+0000] {processor.py:186} INFO - Started process (PID=1280) to work on /home/airflow/.local/lib/python3.12/site-packages/airflow/example_dags/example_dag_decorator.py
[2025-03-12T23:40:20.613+0000] {processor.py:914} INFO - Processing file /home/airflow/.local/lib/python3.12/site-packages/airflow/example_dags/example_dag_decorator.py for tasks to queue
[2025-03-12T23:40:20.615+0000] {logging_mixin.py:190} INFO - [2025-03-12T23:40:20.614+0000] {dagbag.py:588} INFO - Filling up the DagBag from /home/airflow/.local/lib/python3.12/site-packages/airflow/example_dags/example_dag_decorator.py
[2025-03-12T23:40:20.626+0000] {processor.py:925} INFO - DAG(s) 'example_dag_decorator' retrieved from /home/airflow/.local/lib/python3.12/site-packages/airflow/example_dags/example_dag_decorator.py
[2025-03-12T23:40:20.788+0000] {logging_mixin.py:190} INFO - [2025-03-12T23:40:20.787+0000] {dag.py:3239} INFO - Sync 1 DAGs
[2025-03-12T23:40:20.831+0000] {logging_mixin.py:190} INFO - [2025-03-12T23:40:20.830+0000] {dag.py:4180} INFO - Setting next_dagrun for example_dag_decorator to None, run_after=None
[2025-03-12T23:40:20.899+0000] {processor.py:208} INFO - Processing /home/airflow/.local/lib/python3.12/site-packages/airflow/example_dags/example_dag_decorator.py took 0.292 seconds
[2025-03-12T23:40:51.126+0000] {processor.py:186} INFO - Started process (PID=1346) to work on /home/airflow/.local/lib/python3.12/site-packages/airflow/example_dags/example_dag_decorator.py
[2025-03-12T23:40:51.127+0000] {processor.py:914} INFO - Processing file /home/airflow/.local/lib/python3.12/site-packages/airflow/example_dags/example_dag_decorator.py for tasks to queue
[2025-03-12T23:40:51.129+0000] {logging_mixin.py:190} INFO - [2025-03-12T23:40:51.128+0000] {dagbag.py:588} INFO - Filling up the DagBag from /home/airflow/.local/lib/python3.12/site-packages/airflow/example_dags/example_dag_decorator.py
[2025-03-12T23:40:51.147+0000] {processor.py:925} INFO - DAG(s) 'example_dag_decorator' retrieved from /home/airflow/.local/lib/python3.12/site-packages/airflow/example_dags/example_dag_decorator.py
[2025-03-12T23:40:51.353+0000] {logging_mixin.py:190} INFO - [2025-03-12T23:40:51.352+0000] {dag.py:3239} INFO - Sync 1 DAGs
[2025-03-12T23:40:51.377+0000] {logging_mixin.py:190} INFO - [2025-03-12T23:40:51.376+0000] {dag.py:4180} INFO - Setting next_dagrun for example_dag_decorator to None, run_after=None
[2025-03-12T23:40:51.406+0000] {processor.py:208} INFO - Processing /home/airflow/.local/lib/python3.12/site-packages/airflow/example_dags/example_dag_decorator.py took 0.287 seconds
[2025-03-12T23:41:22.046+0000] {processor.py:186} INFO - Started process (PID=1412) to work on /home/airflow/.local/lib/python3.12/site-packages/airflow/example_dags/example_dag_decorator.py
[2025-03-12T23:41:22.048+0000] {processor.py:914} INFO - Processing file /home/airflow/.local/lib/python3.12/site-packages/airflow/example_dags/example_dag_decorator.py for tasks to queue
[2025-03-12T23:41:22.049+0000] {logging_mixin.py:190} INFO - [2025-03-12T23:41:22.049+0000] {dagbag.py:588} INFO - Filling up the DagBag from /home/airflow/.local/lib/python3.12/site-packages/airflow/example_dags/example_dag_decorator.py
[2025-03-12T23:41:22.062+0000] {processor.py:925} INFO - DAG(s) 'example_dag_decorator' retrieved from /home/airflow/.local/lib/python3.12/site-packages/airflow/example_dags/example_dag_decorator.py
[2025-03-12T23:41:22.193+0000] {logging_mixin.py:190} INFO - [2025-03-12T23:41:22.193+0000] {dag.py:3239} INFO - Sync 1 DAGs
[2025-03-12T23:41:22.209+0000] {logging_mixin.py:190} INFO - [2025-03-12T23:41:22.209+0000] {dag.py:4180} INFO - Setting next_dagrun for example_dag_decorator to None, run_after=None
[2025-03-12T23:41:22.237+0000] {processor.py:208} INFO - Processing /home/airflow/.local/lib/python3.12/site-packages/airflow/example_dags/example_dag_decorator.py took 0.197 seconds
[2025-03-12T23:41:52.443+0000] {processor.py:186} INFO - Started process (PID=1479) to work on /home/airflow/.local/lib/python3.12/site-packages/airflow/example_dags/example_dag_decorator.py
[2025-03-12T23:41:52.445+0000] {processor.py:914} INFO - Processing file /home/airflow/.local/lib/python3.12/site-packages/airflow/example_dags/example_dag_decorator.py for tasks to queue
[2025-03-12T23:41:52.446+0000] {logging_mixin.py:190} INFO - [2025-03-12T23:41:52.446+0000] {dagbag.py:588} INFO - Filling up the DagBag from /home/airflow/.local/lib/python3.12/site-packages/airflow/example_dags/example_dag_decorator.py
[2025-03-12T23:41:52.460+0000] {processor.py:925} INFO - DAG(s) 'example_dag_decorator' retrieved from /home/airflow/.local/lib/python3.12/site-packages/airflow/example_dags/example_dag_decorator.py
[2025-03-12T23:41:52.486+0000] {logging_mixin.py:190} INFO - [2025-03-12T23:41:52.485+0000] {dag.py:3239} INFO - Sync 1 DAGs
[2025-03-12T23:41:52.503+0000] {logging_mixin.py:190} INFO - [2025-03-12T23:41:52.503+0000] {dag.py:4180} INFO - Setting next_dagrun for example_dag_decorator to None, run_after=None
[2025-03-12T23:41:52.547+0000] {processor.py:208} INFO - Processing /home/airflow/.local/lib/python3.12/site-packages/airflow/example_dags/example_dag_decorator.py took 0.110 seconds
