[2025-03-12T23:31:09.441+0000] {processor.py:186} INFO - Started process (PID=103) to work on /home/airflow/.local/lib/python3.12/site-packages/airflow/example_dags/example_sensors.py
[2025-03-12T23:31:09.457+0000] {processor.py:914} INFO - Processing file /home/airflow/.local/lib/python3.12/site-packages/airflow/example_dags/example_sensors.py for tasks to queue
[2025-03-12T23:31:09.491+0000] {logging_mixin.py:190} INFO - [2025-03-12T23:31:09.465+0000] {dagbag.py:588} INFO - Filling up the DagBag from /home/airflow/.local/lib/python3.12/site-packages/airflow/example_dags/example_sensors.py
[2025-03-12T23:31:09.538+0000] {processor.py:925} INFO - DAG(s) 'example_sensors' retrieved from /home/airflow/.local/lib/python3.12/site-packages/airflow/example_dags/example_sensors.py
[2025-03-12T23:31:09.611+0000] {logging_mixin.py:190} INFO - [2025-03-12T23:31:09.610+0000] {dag.py:3239} INFO - Sync 1 DAGs
[2025-03-12T23:31:09.635+0000] {logging_mixin.py:190} INFO - [2025-03-12T23:31:09.634+0000] {dag.py:4180} INFO - Setting next_dagrun for example_sensors to None, run_after=None
[2025-03-12T23:31:09.707+0000] {processor.py:208} INFO - Processing /home/airflow/.local/lib/python3.12/site-packages/airflow/example_dags/example_sensors.py took 0.285 seconds
[2025-03-12T23:31:40.526+0000] {processor.py:186} INFO - Started process (PID=170) to work on /home/airflow/.local/lib/python3.12/site-packages/airflow/example_dags/example_sensors.py
[2025-03-12T23:31:40.527+0000] {processor.py:914} INFO - Processing file /home/airflow/.local/lib/python3.12/site-packages/airflow/example_dags/example_sensors.py for tasks to queue
[2025-03-12T23:31:40.531+0000] {logging_mixin.py:190} INFO - [2025-03-12T23:31:40.530+0000] {dagbag.py:588} INFO - Filling up the DagBag from /home/airflow/.local/lib/python3.12/site-packages/airflow/example_dags/example_sensors.py
[2025-03-12T23:31:40.547+0000] {processor.py:925} INFO - DAG(s) 'example_sensors' retrieved from /home/airflow/.local/lib/python3.12/site-packages/airflow/example_dags/example_sensors.py
[2025-03-12T23:31:40.589+0000] {logging_mixin.py:190} INFO - [2025-03-12T23:31:40.589+0000] {dag.py:3239} INFO - Sync 1 DAGs
[2025-03-12T23:31:40.616+0000] {logging_mixin.py:190} INFO - [2025-03-12T23:31:40.615+0000] {dag.py:4180} INFO - Setting next_dagrun for example_sensors to None, run_after=None
[2025-03-12T23:31:40.659+0000] {processor.py:208} INFO - Processing /home/airflow/.local/lib/python3.12/site-packages/airflow/example_dags/example_sensors.py took 0.142 seconds
[2025-03-12T23:32:11.186+0000] {processor.py:186} INFO - Started process (PID=237) to work on /home/airflow/.local/lib/python3.12/site-packages/airflow/example_dags/example_sensors.py
[2025-03-12T23:32:11.187+0000] {processor.py:914} INFO - Processing file /home/airflow/.local/lib/python3.12/site-packages/airflow/example_dags/example_sensors.py for tasks to queue
[2025-03-12T23:32:11.190+0000] {logging_mixin.py:190} INFO - [2025-03-12T23:32:11.189+0000] {dagbag.py:588} INFO - Filling up the DagBag from /home/airflow/.local/lib/python3.12/site-packages/airflow/example_dags/example_sensors.py
[2025-03-12T23:32:11.200+0000] {processor.py:925} INFO - DAG(s) 'example_sensors' retrieved from /home/airflow/.local/lib/python3.12/site-packages/airflow/example_dags/example_sensors.py
[2025-03-12T23:32:11.244+0000] {logging_mixin.py:190} INFO - [2025-03-12T23:32:11.244+0000] {dag.py:3239} INFO - Sync 1 DAGs
[2025-03-12T23:32:11.281+0000] {logging_mixin.py:190} INFO - [2025-03-12T23:32:11.280+0000] {dag.py:4180} INFO - Setting next_dagrun for example_sensors to None, run_after=None
[2025-03-12T23:32:11.324+0000] {processor.py:208} INFO - Processing /home/airflow/.local/lib/python3.12/site-packages/airflow/example_dags/example_sensors.py took 0.144 seconds
[2025-03-12T23:32:42.062+0000] {processor.py:186} INFO - Started process (PID=303) to work on /home/airflow/.local/lib/python3.12/site-packages/airflow/example_dags/example_sensors.py
[2025-03-12T23:32:42.064+0000] {processor.py:914} INFO - Processing file /home/airflow/.local/lib/python3.12/site-packages/airflow/example_dags/example_sensors.py for tasks to queue
[2025-03-12T23:32:42.066+0000] {logging_mixin.py:190} INFO - [2025-03-12T23:32:42.066+0000] {dagbag.py:588} INFO - Filling up the DagBag from /home/airflow/.local/lib/python3.12/site-packages/airflow/example_dags/example_sensors.py
[2025-03-12T23:32:42.085+0000] {processor.py:925} INFO - DAG(s) 'example_sensors' retrieved from /home/airflow/.local/lib/python3.12/site-packages/airflow/example_dags/example_sensors.py
[2025-03-12T23:32:42.116+0000] {logging_mixin.py:190} INFO - [2025-03-12T23:32:42.116+0000] {dag.py:3239} INFO - Sync 1 DAGs
[2025-03-12T23:32:42.132+0000] {logging_mixin.py:190} INFO - [2025-03-12T23:32:42.132+0000] {dag.py:4180} INFO - Setting next_dagrun for example_sensors to None, run_after=None
[2025-03-12T23:32:42.154+0000] {processor.py:208} INFO - Processing /home/airflow/.local/lib/python3.12/site-packages/airflow/example_dags/example_sensors.py took 0.099 seconds
[2025-03-12T23:33:13.474+0000] {processor.py:186} INFO - Started process (PID=369) to work on /home/airflow/.local/lib/python3.12/site-packages/airflow/example_dags/example_sensors.py
[2025-03-12T23:33:13.476+0000] {processor.py:914} INFO - Processing file /home/airflow/.local/lib/python3.12/site-packages/airflow/example_dags/example_sensors.py for tasks to queue
[2025-03-12T23:33:13.479+0000] {logging_mixin.py:190} INFO - [2025-03-12T23:33:13.478+0000] {dagbag.py:588} INFO - Filling up the DagBag from /home/airflow/.local/lib/python3.12/site-packages/airflow/example_dags/example_sensors.py
[2025-03-12T23:33:13.497+0000] {processor.py:925} INFO - DAG(s) 'example_sensors' retrieved from /home/airflow/.local/lib/python3.12/site-packages/airflow/example_dags/example_sensors.py
[2025-03-12T23:33:13.531+0000] {logging_mixin.py:190} INFO - [2025-03-12T23:33:13.531+0000] {dag.py:3239} INFO - Sync 1 DAGs
[2025-03-12T23:33:13.555+0000] {logging_mixin.py:190} INFO - [2025-03-12T23:33:13.555+0000] {dag.py:4180} INFO - Setting next_dagrun for example_sensors to None, run_after=None
[2025-03-12T23:33:13.582+0000] {processor.py:208} INFO - Processing /home/airflow/.local/lib/python3.12/site-packages/airflow/example_dags/example_sensors.py took 0.114 seconds
[2025-03-12T23:33:45.091+0000] {processor.py:186} INFO - Started process (PID=435) to work on /home/airflow/.local/lib/python3.12/site-packages/airflow/example_dags/example_sensors.py
[2025-03-12T23:33:45.096+0000] {processor.py:914} INFO - Processing file /home/airflow/.local/lib/python3.12/site-packages/airflow/example_dags/example_sensors.py for tasks to queue
[2025-03-12T23:33:45.101+0000] {logging_mixin.py:190} INFO - [2025-03-12T23:33:45.100+0000] {dagbag.py:588} INFO - Filling up the DagBag from /home/airflow/.local/lib/python3.12/site-packages/airflow/example_dags/example_sensors.py
[2025-03-12T23:33:45.122+0000] {processor.py:925} INFO - DAG(s) 'example_sensors' retrieved from /home/airflow/.local/lib/python3.12/site-packages/airflow/example_dags/example_sensors.py
[2025-03-12T23:33:45.224+0000] {logging_mixin.py:190} INFO - [2025-03-12T23:33:45.213+0000] {dag.py:3239} INFO - Sync 1 DAGs
[2025-03-12T23:33:45.248+0000] {logging_mixin.py:190} INFO - [2025-03-12T23:33:45.248+0000] {dag.py:4180} INFO - Setting next_dagrun for example_sensors to None, run_after=None
[2025-03-12T23:33:45.278+0000] {processor.py:208} INFO - Processing /home/airflow/.local/lib/python3.12/site-packages/airflow/example_dags/example_sensors.py took 0.199 seconds
[2025-03-12T23:34:16.023+0000] {processor.py:186} INFO - Started process (PID=501) to work on /home/airflow/.local/lib/python3.12/site-packages/airflow/example_dags/example_sensors.py
[2025-03-12T23:34:16.024+0000] {processor.py:914} INFO - Processing file /home/airflow/.local/lib/python3.12/site-packages/airflow/example_dags/example_sensors.py for tasks to queue
[2025-03-12T23:34:16.027+0000] {logging_mixin.py:190} INFO - [2025-03-12T23:34:16.026+0000] {dagbag.py:588} INFO - Filling up the DagBag from /home/airflow/.local/lib/python3.12/site-packages/airflow/example_dags/example_sensors.py
[2025-03-12T23:34:16.052+0000] {processor.py:925} INFO - DAG(s) 'example_sensors' retrieved from /home/airflow/.local/lib/python3.12/site-packages/airflow/example_dags/example_sensors.py
[2025-03-12T23:34:16.142+0000] {logging_mixin.py:190} INFO - [2025-03-12T23:34:16.141+0000] {dag.py:3239} INFO - Sync 1 DAGs
[2025-03-12T23:34:16.179+0000] {logging_mixin.py:190} INFO - [2025-03-12T23:34:16.178+0000] {dag.py:4180} INFO - Setting next_dagrun for example_sensors to None, run_after=None
[2025-03-12T23:34:16.223+0000] {processor.py:208} INFO - Processing /home/airflow/.local/lib/python3.12/site-packages/airflow/example_dags/example_sensors.py took 0.211 seconds
[2025-03-12T23:34:46.884+0000] {processor.py:186} INFO - Started process (PID=566) to work on /home/airflow/.local/lib/python3.12/site-packages/airflow/example_dags/example_sensors.py
[2025-03-12T23:34:46.885+0000] {processor.py:914} INFO - Processing file /home/airflow/.local/lib/python3.12/site-packages/airflow/example_dags/example_sensors.py for tasks to queue
[2025-03-12T23:34:46.886+0000] {logging_mixin.py:190} INFO - [2025-03-12T23:34:46.886+0000] {dagbag.py:588} INFO - Filling up the DagBag from /home/airflow/.local/lib/python3.12/site-packages/airflow/example_dags/example_sensors.py
[2025-03-12T23:34:46.899+0000] {processor.py:925} INFO - DAG(s) 'example_sensors' retrieved from /home/airflow/.local/lib/python3.12/site-packages/airflow/example_dags/example_sensors.py
[2025-03-12T23:34:46.928+0000] {logging_mixin.py:190} INFO - [2025-03-12T23:34:46.928+0000] {dag.py:3239} INFO - Sync 1 DAGs
[2025-03-12T23:34:46.943+0000] {logging_mixin.py:190} INFO - [2025-03-12T23:34:46.943+0000] {dag.py:4180} INFO - Setting next_dagrun for example_sensors to None, run_after=None
[2025-03-12T23:34:46.971+0000] {processor.py:208} INFO - Processing /home/airflow/.local/lib/python3.12/site-packages/airflow/example_dags/example_sensors.py took 0.093 seconds
[2025-03-12T23:35:18.068+0000] {processor.py:186} INFO - Started process (PID=632) to work on /home/airflow/.local/lib/python3.12/site-packages/airflow/example_dags/example_sensors.py
[2025-03-12T23:35:18.069+0000] {processor.py:914} INFO - Processing file /home/airflow/.local/lib/python3.12/site-packages/airflow/example_dags/example_sensors.py for tasks to queue
[2025-03-12T23:35:18.071+0000] {logging_mixin.py:190} INFO - [2025-03-12T23:35:18.071+0000] {dagbag.py:588} INFO - Filling up the DagBag from /home/airflow/.local/lib/python3.12/site-packages/airflow/example_dags/example_sensors.py
[2025-03-12T23:35:18.084+0000] {processor.py:925} INFO - DAG(s) 'example_sensors' retrieved from /home/airflow/.local/lib/python3.12/site-packages/airflow/example_dags/example_sensors.py
[2025-03-12T23:35:18.118+0000] {logging_mixin.py:190} INFO - [2025-03-12T23:35:18.117+0000] {dag.py:3239} INFO - Sync 1 DAGs
[2025-03-12T23:35:18.134+0000] {logging_mixin.py:190} INFO - [2025-03-12T23:35:18.134+0000] {dag.py:4180} INFO - Setting next_dagrun for example_sensors to None, run_after=None
[2025-03-12T23:35:18.173+0000] {processor.py:208} INFO - Processing /home/airflow/.local/lib/python3.12/site-packages/airflow/example_dags/example_sensors.py took 0.111 seconds
[2025-03-12T23:35:48.309+0000] {processor.py:186} INFO - Started process (PID=697) to work on /home/airflow/.local/lib/python3.12/site-packages/airflow/example_dags/example_sensors.py
[2025-03-12T23:35:48.311+0000] {processor.py:914} INFO - Processing file /home/airflow/.local/lib/python3.12/site-packages/airflow/example_dags/example_sensors.py for tasks to queue
[2025-03-12T23:35:48.313+0000] {logging_mixin.py:190} INFO - [2025-03-12T23:35:48.313+0000] {dagbag.py:588} INFO - Filling up the DagBag from /home/airflow/.local/lib/python3.12/site-packages/airflow/example_dags/example_sensors.py
[2025-03-12T23:35:48.331+0000] {processor.py:925} INFO - DAG(s) 'example_sensors' retrieved from /home/airflow/.local/lib/python3.12/site-packages/airflow/example_dags/example_sensors.py
[2025-03-12T23:35:48.370+0000] {logging_mixin.py:190} INFO - [2025-03-12T23:35:48.370+0000] {dag.py:3239} INFO - Sync 1 DAGs
[2025-03-12T23:35:48.386+0000] {logging_mixin.py:190} INFO - [2025-03-12T23:35:48.385+0000] {dag.py:4180} INFO - Setting next_dagrun for example_sensors to None, run_after=None
[2025-03-12T23:35:48.406+0000] {processor.py:208} INFO - Processing /home/airflow/.local/lib/python3.12/site-packages/airflow/example_dags/example_sensors.py took 0.105 seconds
[2025-03-12T23:36:19.036+0000] {processor.py:186} INFO - Started process (PID=763) to work on /home/airflow/.local/lib/python3.12/site-packages/airflow/example_dags/example_sensors.py
[2025-03-12T23:36:19.038+0000] {processor.py:914} INFO - Processing file /home/airflow/.local/lib/python3.12/site-packages/airflow/example_dags/example_sensors.py for tasks to queue
[2025-03-12T23:36:19.039+0000] {logging_mixin.py:190} INFO - [2025-03-12T23:36:19.039+0000] {dagbag.py:588} INFO - Filling up the DagBag from /home/airflow/.local/lib/python3.12/site-packages/airflow/example_dags/example_sensors.py
[2025-03-12T23:36:19.049+0000] {processor.py:925} INFO - DAG(s) 'example_sensors' retrieved from /home/airflow/.local/lib/python3.12/site-packages/airflow/example_dags/example_sensors.py
[2025-03-12T23:36:19.081+0000] {logging_mixin.py:190} INFO - [2025-03-12T23:36:19.080+0000] {dag.py:3239} INFO - Sync 1 DAGs
[2025-03-12T23:36:19.097+0000] {logging_mixin.py:190} INFO - [2025-03-12T23:36:19.097+0000] {dag.py:4180} INFO - Setting next_dagrun for example_sensors to None, run_after=None
[2025-03-12T23:36:19.125+0000] {processor.py:208} INFO - Processing /home/airflow/.local/lib/python3.12/site-packages/airflow/example_dags/example_sensors.py took 0.095 seconds
[2025-03-12T23:36:49.193+0000] {processor.py:186} INFO - Started process (PID=829) to work on /home/airflow/.local/lib/python3.12/site-packages/airflow/example_dags/example_sensors.py
[2025-03-12T23:36:49.194+0000] {processor.py:914} INFO - Processing file /home/airflow/.local/lib/python3.12/site-packages/airflow/example_dags/example_sensors.py for tasks to queue
[2025-03-12T23:36:49.196+0000] {logging_mixin.py:190} INFO - [2025-03-12T23:36:49.195+0000] {dagbag.py:588} INFO - Filling up the DagBag from /home/airflow/.local/lib/python3.12/site-packages/airflow/example_dags/example_sensors.py
[2025-03-12T23:36:49.207+0000] {processor.py:925} INFO - DAG(s) 'example_sensors' retrieved from /home/airflow/.local/lib/python3.12/site-packages/airflow/example_dags/example_sensors.py
[2025-03-12T23:36:49.243+0000] {logging_mixin.py:190} INFO - [2025-03-12T23:36:49.243+0000] {dag.py:3239} INFO - Sync 1 DAGs
[2025-03-12T23:36:49.268+0000] {logging_mixin.py:190} INFO - [2025-03-12T23:36:49.267+0000] {dag.py:4180} INFO - Setting next_dagrun for example_sensors to None, run_after=None
[2025-03-12T23:36:49.307+0000] {processor.py:208} INFO - Processing /home/airflow/.local/lib/python3.12/site-packages/airflow/example_dags/example_sensors.py took 0.119 seconds
[2025-03-12T23:37:19.680+0000] {processor.py:186} INFO - Started process (PID=895) to work on /home/airflow/.local/lib/python3.12/site-packages/airflow/example_dags/example_sensors.py
[2025-03-12T23:37:19.681+0000] {processor.py:914} INFO - Processing file /home/airflow/.local/lib/python3.12/site-packages/airflow/example_dags/example_sensors.py for tasks to queue
[2025-03-12T23:37:19.683+0000] {logging_mixin.py:190} INFO - [2025-03-12T23:37:19.683+0000] {dagbag.py:588} INFO - Filling up the DagBag from /home/airflow/.local/lib/python3.12/site-packages/airflow/example_dags/example_sensors.py
[2025-03-12T23:37:19.699+0000] {processor.py:925} INFO - DAG(s) 'example_sensors' retrieved from /home/airflow/.local/lib/python3.12/site-packages/airflow/example_dags/example_sensors.py
[2025-03-12T23:37:19.731+0000] {logging_mixin.py:190} INFO - [2025-03-12T23:37:19.730+0000] {dag.py:3239} INFO - Sync 1 DAGs
[2025-03-12T23:37:19.746+0000] {logging_mixin.py:190} INFO - [2025-03-12T23:37:19.745+0000] {dag.py:4180} INFO - Setting next_dagrun for example_sensors to None, run_after=None
[2025-03-12T23:37:19.768+0000] {processor.py:208} INFO - Processing /home/airflow/.local/lib/python3.12/site-packages/airflow/example_dags/example_sensors.py took 0.097 seconds
[2025-03-12T23:37:49.965+0000] {processor.py:186} INFO - Started process (PID=960) to work on /home/airflow/.local/lib/python3.12/site-packages/airflow/example_dags/example_sensors.py
[2025-03-12T23:37:49.967+0000] {processor.py:914} INFO - Processing file /home/airflow/.local/lib/python3.12/site-packages/airflow/example_dags/example_sensors.py for tasks to queue
[2025-03-12T23:37:49.968+0000] {logging_mixin.py:190} INFO - [2025-03-12T23:37:49.967+0000] {dagbag.py:588} INFO - Filling up the DagBag from /home/airflow/.local/lib/python3.12/site-packages/airflow/example_dags/example_sensors.py
[2025-03-12T23:37:49.978+0000] {processor.py:925} INFO - DAG(s) 'example_sensors' retrieved from /home/airflow/.local/lib/python3.12/site-packages/airflow/example_dags/example_sensors.py
[2025-03-12T23:37:50.004+0000] {logging_mixin.py:190} INFO - [2025-03-12T23:37:50.004+0000] {dag.py:3239} INFO - Sync 1 DAGs
[2025-03-12T23:37:50.018+0000] {logging_mixin.py:190} INFO - [2025-03-12T23:37:50.018+0000] {dag.py:4180} INFO - Setting next_dagrun for example_sensors to None, run_after=None
[2025-03-12T23:37:50.041+0000] {processor.py:208} INFO - Processing /home/airflow/.local/lib/python3.12/site-packages/airflow/example_dags/example_sensors.py took 0.080 seconds
[2025-03-12T23:38:20.538+0000] {processor.py:186} INFO - Started process (PID=1025) to work on /home/airflow/.local/lib/python3.12/site-packages/airflow/example_dags/example_sensors.py
[2025-03-12T23:38:20.539+0000] {processor.py:914} INFO - Processing file /home/airflow/.local/lib/python3.12/site-packages/airflow/example_dags/example_sensors.py for tasks to queue
[2025-03-12T23:38:20.541+0000] {logging_mixin.py:190} INFO - [2025-03-12T23:38:20.541+0000] {dagbag.py:588} INFO - Filling up the DagBag from /home/airflow/.local/lib/python3.12/site-packages/airflow/example_dags/example_sensors.py
[2025-03-12T23:38:20.573+0000] {processor.py:925} INFO - DAG(s) 'example_sensors' retrieved from /home/airflow/.local/lib/python3.12/site-packages/airflow/example_dags/example_sensors.py
[2025-03-12T23:38:20.632+0000] {logging_mixin.py:190} INFO - [2025-03-12T23:38:20.632+0000] {dag.py:3239} INFO - Sync 1 DAGs
[2025-03-12T23:38:20.657+0000] {logging_mixin.py:190} INFO - [2025-03-12T23:38:20.656+0000] {dag.py:4180} INFO - Setting next_dagrun for example_sensors to None, run_after=None
[2025-03-12T23:38:20.701+0000] {processor.py:208} INFO - Processing /home/airflow/.local/lib/python3.12/site-packages/airflow/example_dags/example_sensors.py took 0.171 seconds
[2025-03-12T23:38:51.560+0000] {processor.py:186} INFO - Started process (PID=1091) to work on /home/airflow/.local/lib/python3.12/site-packages/airflow/example_dags/example_sensors.py
[2025-03-12T23:38:51.562+0000] {processor.py:914} INFO - Processing file /home/airflow/.local/lib/python3.12/site-packages/airflow/example_dags/example_sensors.py for tasks to queue
[2025-03-12T23:38:51.564+0000] {logging_mixin.py:190} INFO - [2025-03-12T23:38:51.563+0000] {dagbag.py:588} INFO - Filling up the DagBag from /home/airflow/.local/lib/python3.12/site-packages/airflow/example_dags/example_sensors.py
[2025-03-12T23:38:51.575+0000] {processor.py:925} INFO - DAG(s) 'example_sensors' retrieved from /home/airflow/.local/lib/python3.12/site-packages/airflow/example_dags/example_sensors.py
[2025-03-12T23:38:51.604+0000] {logging_mixin.py:190} INFO - [2025-03-12T23:38:51.603+0000] {dag.py:3239} INFO - Sync 1 DAGs
[2025-03-12T23:38:51.619+0000] {logging_mixin.py:190} INFO - [2025-03-12T23:38:51.618+0000] {dag.py:4180} INFO - Setting next_dagrun for example_sensors to None, run_after=None
[2025-03-12T23:38:51.642+0000] {processor.py:208} INFO - Processing /home/airflow/.local/lib/python3.12/site-packages/airflow/example_dags/example_sensors.py took 0.087 seconds
[2025-03-12T23:39:22.465+0000] {processor.py:186} INFO - Started process (PID=1157) to work on /home/airflow/.local/lib/python3.12/site-packages/airflow/example_dags/example_sensors.py
[2025-03-12T23:39:22.466+0000] {processor.py:914} INFO - Processing file /home/airflow/.local/lib/python3.12/site-packages/airflow/example_dags/example_sensors.py for tasks to queue
[2025-03-12T23:39:22.468+0000] {logging_mixin.py:190} INFO - [2025-03-12T23:39:22.468+0000] {dagbag.py:588} INFO - Filling up the DagBag from /home/airflow/.local/lib/python3.12/site-packages/airflow/example_dags/example_sensors.py
[2025-03-12T23:39:22.478+0000] {processor.py:925} INFO - DAG(s) 'example_sensors' retrieved from /home/airflow/.local/lib/python3.12/site-packages/airflow/example_dags/example_sensors.py
[2025-03-12T23:39:22.504+0000] {logging_mixin.py:190} INFO - [2025-03-12T23:39:22.503+0000] {dag.py:3239} INFO - Sync 1 DAGs
[2025-03-12T23:39:22.517+0000] {logging_mixin.py:190} INFO - [2025-03-12T23:39:22.517+0000] {dag.py:4180} INFO - Setting next_dagrun for example_sensors to None, run_after=None
[2025-03-12T23:39:22.540+0000] {processor.py:208} INFO - Processing /home/airflow/.local/lib/python3.12/site-packages/airflow/example_dags/example_sensors.py took 0.080 seconds
[2025-03-12T23:39:52.623+0000] {processor.py:186} INFO - Started process (PID=1224) to work on /home/airflow/.local/lib/python3.12/site-packages/airflow/example_dags/example_sensors.py
[2025-03-12T23:39:52.624+0000] {processor.py:914} INFO - Processing file /home/airflow/.local/lib/python3.12/site-packages/airflow/example_dags/example_sensors.py for tasks to queue
[2025-03-12T23:39:52.625+0000] {logging_mixin.py:190} INFO - [2025-03-12T23:39:52.625+0000] {dagbag.py:588} INFO - Filling up the DagBag from /home/airflow/.local/lib/python3.12/site-packages/airflow/example_dags/example_sensors.py
[2025-03-12T23:39:52.636+0000] {processor.py:925} INFO - DAG(s) 'example_sensors' retrieved from /home/airflow/.local/lib/python3.12/site-packages/airflow/example_dags/example_sensors.py
[2025-03-12T23:39:52.660+0000] {logging_mixin.py:190} INFO - [2025-03-12T23:39:52.660+0000] {dag.py:3239} INFO - Sync 1 DAGs
[2025-03-12T23:39:52.686+0000] {logging_mixin.py:190} INFO - [2025-03-12T23:39:52.685+0000] {dag.py:4180} INFO - Setting next_dagrun for example_sensors to None, run_after=None
[2025-03-12T23:39:52.714+0000] {processor.py:208} INFO - Processing /home/airflow/.local/lib/python3.12/site-packages/airflow/example_dags/example_sensors.py took 0.096 seconds
[2025-03-12T23:40:23.675+0000] {processor.py:186} INFO - Started process (PID=1296) to work on /home/airflow/.local/lib/python3.12/site-packages/airflow/example_dags/example_sensors.py
[2025-03-12T23:40:23.676+0000] {processor.py:914} INFO - Processing file /home/airflow/.local/lib/python3.12/site-packages/airflow/example_dags/example_sensors.py for tasks to queue
[2025-03-12T23:40:23.678+0000] {logging_mixin.py:190} INFO - [2025-03-12T23:40:23.677+0000] {dagbag.py:588} INFO - Filling up the DagBag from /home/airflow/.local/lib/python3.12/site-packages/airflow/example_dags/example_sensors.py
[2025-03-12T23:40:23.691+0000] {processor.py:925} INFO - DAG(s) 'example_sensors' retrieved from /home/airflow/.local/lib/python3.12/site-packages/airflow/example_dags/example_sensors.py
[2025-03-12T23:40:23.724+0000] {logging_mixin.py:190} INFO - [2025-03-12T23:40:23.724+0000] {dag.py:3239} INFO - Sync 1 DAGs
[2025-03-12T23:40:23.742+0000] {logging_mixin.py:190} INFO - [2025-03-12T23:40:23.742+0000] {dag.py:4180} INFO - Setting next_dagrun for example_sensors to None, run_after=None
[2025-03-12T23:40:23.766+0000] {processor.py:208} INFO - Processing /home/airflow/.local/lib/python3.12/site-packages/airflow/example_dags/example_sensors.py took 0.099 seconds
[2025-03-12T23:40:54.130+0000] {processor.py:186} INFO - Started process (PID=1362) to work on /home/airflow/.local/lib/python3.12/site-packages/airflow/example_dags/example_sensors.py
[2025-03-12T23:40:54.131+0000] {processor.py:914} INFO - Processing file /home/airflow/.local/lib/python3.12/site-packages/airflow/example_dags/example_sensors.py for tasks to queue
[2025-03-12T23:40:54.132+0000] {logging_mixin.py:190} INFO - [2025-03-12T23:40:54.132+0000] {dagbag.py:588} INFO - Filling up the DagBag from /home/airflow/.local/lib/python3.12/site-packages/airflow/example_dags/example_sensors.py
[2025-03-12T23:40:54.142+0000] {processor.py:925} INFO - DAG(s) 'example_sensors' retrieved from /home/airflow/.local/lib/python3.12/site-packages/airflow/example_dags/example_sensors.py
[2025-03-12T23:40:54.167+0000] {logging_mixin.py:190} INFO - [2025-03-12T23:40:54.166+0000] {dag.py:3239} INFO - Sync 1 DAGs
[2025-03-12T23:40:54.180+0000] {logging_mixin.py:190} INFO - [2025-03-12T23:40:54.179+0000] {dag.py:4180} INFO - Setting next_dagrun for example_sensors to None, run_after=None
[2025-03-12T23:40:54.198+0000] {processor.py:208} INFO - Processing /home/airflow/.local/lib/python3.12/site-packages/airflow/example_dags/example_sensors.py took 0.074 seconds
[2025-03-12T23:41:24.741+0000] {processor.py:186} INFO - Started process (PID=1428) to work on /home/airflow/.local/lib/python3.12/site-packages/airflow/example_dags/example_sensors.py
[2025-03-12T23:41:24.742+0000] {processor.py:914} INFO - Processing file /home/airflow/.local/lib/python3.12/site-packages/airflow/example_dags/example_sensors.py for tasks to queue
[2025-03-12T23:41:24.743+0000] {logging_mixin.py:190} INFO - [2025-03-12T23:41:24.743+0000] {dagbag.py:588} INFO - Filling up the DagBag from /home/airflow/.local/lib/python3.12/site-packages/airflow/example_dags/example_sensors.py
[2025-03-12T23:41:24.756+0000] {processor.py:925} INFO - DAG(s) 'example_sensors' retrieved from /home/airflow/.local/lib/python3.12/site-packages/airflow/example_dags/example_sensors.py
[2025-03-12T23:41:24.781+0000] {logging_mixin.py:190} INFO - [2025-03-12T23:41:24.781+0000] {dag.py:3239} INFO - Sync 1 DAGs
[2025-03-12T23:41:24.793+0000] {logging_mixin.py:190} INFO - [2025-03-12T23:41:24.793+0000] {dag.py:4180} INFO - Setting next_dagrun for example_sensors to None, run_after=None
[2025-03-12T23:41:24.814+0000] {processor.py:208} INFO - Processing /home/airflow/.local/lib/python3.12/site-packages/airflow/example_dags/example_sensors.py took 0.078 seconds
[2025-03-12T23:41:55.366+0000] {processor.py:186} INFO - Started process (PID=1494) to work on /home/airflow/.local/lib/python3.12/site-packages/airflow/example_dags/example_sensors.py
[2025-03-12T23:41:55.367+0000] {processor.py:914} INFO - Processing file /home/airflow/.local/lib/python3.12/site-packages/airflow/example_dags/example_sensors.py for tasks to queue
[2025-03-12T23:41:55.368+0000] {logging_mixin.py:190} INFO - [2025-03-12T23:41:55.368+0000] {dagbag.py:588} INFO - Filling up the DagBag from /home/airflow/.local/lib/python3.12/site-packages/airflow/example_dags/example_sensors.py
[2025-03-12T23:41:55.382+0000] {processor.py:925} INFO - DAG(s) 'example_sensors' retrieved from /home/airflow/.local/lib/python3.12/site-packages/airflow/example_dags/example_sensors.py
[2025-03-12T23:41:55.409+0000] {logging_mixin.py:190} INFO - [2025-03-12T23:41:55.409+0000] {dag.py:3239} INFO - Sync 1 DAGs
[2025-03-12T23:41:55.422+0000] {logging_mixin.py:190} INFO - [2025-03-12T23:41:55.422+0000] {dag.py:4180} INFO - Setting next_dagrun for example_sensors to None, run_after=None
[2025-03-12T23:41:55.440+0000] {processor.py:208} INFO - Processing /home/airflow/.local/lib/python3.12/site-packages/airflow/example_dags/example_sensors.py took 0.080 seconds
