[2025-03-12T23:31:11.149+0000] {processor.py:186} INFO - Started process (PID=114) to work on /home/airflow/.local/lib/python3.12/site-packages/airflow/example_dags/example_dataset_alias.py
[2025-03-12T23:31:11.153+0000] {processor.py:914} INFO - Processing file /home/airflow/.local/lib/python3.12/site-packages/airflow/example_dags/example_dataset_alias.py for tasks to queue
[2025-03-12T23:31:11.160+0000] {logging_mixin.py:190} INFO - [2025-03-12T23:31:11.159+0000] {dagbag.py:588} INFO - Filling up the DagBag from /home/airflow/.local/lib/python3.12/site-packages/airflow/example_dags/example_dataset_alias.py
[2025-03-12T23:31:12.681+0000] {processor.py:925} INFO - DAG(s) 'dataset_s3_bucket_consumer', 'dataset_s3_bucket_producer', 'dataset_alias_example_alias_consumer', 'dataset_alias_example_alias_producer' retrieved from /home/airflow/.local/lib/python3.12/site-packages/airflow/example_dags/example_dataset_alias.py
[2025-03-12T23:31:12.719+0000] {logging_mixin.py:190} INFO - [2025-03-12T23:31:12.718+0000] {dag.py:3239} INFO - Sync 4 DAGs
[2025-03-12T23:31:12.758+0000] {logging_mixin.py:190} INFO - [2025-03-12T23:31:12.757+0000] {dag.py:4180} INFO - Setting next_dagrun for dataset_alias_example_alias_consumer to None, run_after=None
[2025-03-12T23:31:12.763+0000] {logging_mixin.py:190} INFO - [2025-03-12T23:31:12.763+0000] {dag.py:4180} INFO - Setting next_dagrun for dataset_alias_example_alias_producer to None, run_after=None
[2025-03-12T23:31:12.767+0000] {logging_mixin.py:190} INFO - [2025-03-12T23:31:12.766+0000] {dag.py:4180} INFO - Setting next_dagrun for dataset_s3_bucket_consumer to None, run_after=None
[2025-03-12T23:31:12.771+0000] {logging_mixin.py:190} INFO - [2025-03-12T23:31:12.770+0000] {dag.py:4180} INFO - Setting next_dagrun for dataset_s3_bucket_producer to None, run_after=None
[2025-03-12T23:31:12.876+0000] {processor.py:208} INFO - Processing /home/airflow/.local/lib/python3.12/site-packages/airflow/example_dags/example_dataset_alias.py took 1.740 seconds
[2025-03-12T23:31:43.066+0000] {processor.py:186} INFO - Started process (PID=182) to work on /home/airflow/.local/lib/python3.12/site-packages/airflow/example_dags/example_dataset_alias.py
[2025-03-12T23:31:43.069+0000] {processor.py:914} INFO - Processing file /home/airflow/.local/lib/python3.12/site-packages/airflow/example_dags/example_dataset_alias.py for tasks to queue
[2025-03-12T23:31:43.074+0000] {logging_mixin.py:190} INFO - [2025-03-12T23:31:43.074+0000] {dagbag.py:588} INFO - Filling up the DagBag from /home/airflow/.local/lib/python3.12/site-packages/airflow/example_dags/example_dataset_alias.py
[2025-03-12T23:31:44.174+0000] {processor.py:925} INFO - DAG(s) 'dataset_alias_example_alias_producer', 'dataset_s3_bucket_producer', 'dataset_alias_example_alias_consumer', 'dataset_s3_bucket_consumer' retrieved from /home/airflow/.local/lib/python3.12/site-packages/airflow/example_dags/example_dataset_alias.py
[2025-03-12T23:31:44.208+0000] {logging_mixin.py:190} INFO - [2025-03-12T23:31:44.207+0000] {dag.py:3239} INFO - Sync 4 DAGs
[2025-03-12T23:31:44.234+0000] {logging_mixin.py:190} INFO - [2025-03-12T23:31:44.233+0000] {dag.py:4180} INFO - Setting next_dagrun for dataset_alias_example_alias_consumer to None, run_after=None
[2025-03-12T23:31:44.237+0000] {logging_mixin.py:190} INFO - [2025-03-12T23:31:44.237+0000] {dag.py:4180} INFO - Setting next_dagrun for dataset_alias_example_alias_producer to None, run_after=None
[2025-03-12T23:31:44.241+0000] {logging_mixin.py:190} INFO - [2025-03-12T23:31:44.240+0000] {dag.py:4180} INFO - Setting next_dagrun for dataset_s3_bucket_consumer to None, run_after=None
[2025-03-12T23:31:44.245+0000] {logging_mixin.py:190} INFO - [2025-03-12T23:31:44.245+0000] {dag.py:4180} INFO - Setting next_dagrun for dataset_s3_bucket_producer to None, run_after=None
[2025-03-12T23:31:44.276+0000] {processor.py:208} INFO - Processing /home/airflow/.local/lib/python3.12/site-packages/airflow/example_dags/example_dataset_alias.py took 1.227 seconds
[2025-03-12T23:32:14.439+0000] {processor.py:186} INFO - Started process (PID=250) to work on /home/airflow/.local/lib/python3.12/site-packages/airflow/example_dags/example_dataset_alias.py
[2025-03-12T23:32:14.440+0000] {processor.py:914} INFO - Processing file /home/airflow/.local/lib/python3.12/site-packages/airflow/example_dags/example_dataset_alias.py for tasks to queue
[2025-03-12T23:32:14.443+0000] {logging_mixin.py:190} INFO - [2025-03-12T23:32:14.443+0000] {dagbag.py:588} INFO - Filling up the DagBag from /home/airflow/.local/lib/python3.12/site-packages/airflow/example_dags/example_dataset_alias.py
[2025-03-12T23:32:15.327+0000] {processor.py:925} INFO - DAG(s) 'dataset_s3_bucket_consumer', 'dataset_s3_bucket_producer', 'dataset_alias_example_alias_producer', 'dataset_alias_example_alias_consumer' retrieved from /home/airflow/.local/lib/python3.12/site-packages/airflow/example_dags/example_dataset_alias.py
[2025-03-12T23:32:15.381+0000] {logging_mixin.py:190} INFO - [2025-03-12T23:32:15.380+0000] {dag.py:3239} INFO - Sync 4 DAGs
[2025-03-12T23:32:15.428+0000] {logging_mixin.py:190} INFO - [2025-03-12T23:32:15.427+0000] {dag.py:4180} INFO - Setting next_dagrun for dataset_alias_example_alias_consumer to None, run_after=None
[2025-03-12T23:32:15.434+0000] {logging_mixin.py:190} INFO - [2025-03-12T23:32:15.434+0000] {dag.py:4180} INFO - Setting next_dagrun for dataset_alias_example_alias_producer to None, run_after=None
[2025-03-12T23:32:15.438+0000] {logging_mixin.py:190} INFO - [2025-03-12T23:32:15.438+0000] {dag.py:4180} INFO - Setting next_dagrun for dataset_s3_bucket_consumer to None, run_after=None
[2025-03-12T23:32:15.442+0000] {logging_mixin.py:190} INFO - [2025-03-12T23:32:15.441+0000] {dag.py:4180} INFO - Setting next_dagrun for dataset_s3_bucket_producer to None, run_after=None
[2025-03-12T23:32:15.486+0000] {processor.py:208} INFO - Processing /home/airflow/.local/lib/python3.12/site-packages/airflow/example_dags/example_dataset_alias.py took 1.057 seconds
[2025-03-12T23:32:46.261+0000] {processor.py:186} INFO - Started process (PID=317) to work on /home/airflow/.local/lib/python3.12/site-packages/airflow/example_dags/example_dataset_alias.py
[2025-03-12T23:32:46.262+0000] {processor.py:914} INFO - Processing file /home/airflow/.local/lib/python3.12/site-packages/airflow/example_dags/example_dataset_alias.py for tasks to queue
[2025-03-12T23:32:46.276+0000] {logging_mixin.py:190} INFO - [2025-03-12T23:32:46.275+0000] {dagbag.py:588} INFO - Filling up the DagBag from /home/airflow/.local/lib/python3.12/site-packages/airflow/example_dags/example_dataset_alias.py
[2025-03-12T23:32:47.258+0000] {processor.py:925} INFO - DAG(s) 'dataset_s3_bucket_consumer', 'dataset_alias_example_alias_consumer', 'dataset_s3_bucket_producer', 'dataset_alias_example_alias_producer' retrieved from /home/airflow/.local/lib/python3.12/site-packages/airflow/example_dags/example_dataset_alias.py
[2025-03-12T23:32:47.295+0000] {logging_mixin.py:190} INFO - [2025-03-12T23:32:47.295+0000] {dag.py:3239} INFO - Sync 4 DAGs
[2025-03-12T23:32:47.331+0000] {logging_mixin.py:190} INFO - [2025-03-12T23:32:47.331+0000] {dag.py:4180} INFO - Setting next_dagrun for dataset_alias_example_alias_consumer to None, run_after=None
[2025-03-12T23:32:47.335+0000] {logging_mixin.py:190} INFO - [2025-03-12T23:32:47.335+0000] {dag.py:4180} INFO - Setting next_dagrun for dataset_alias_example_alias_producer to None, run_after=None
[2025-03-12T23:32:47.338+0000] {logging_mixin.py:190} INFO - [2025-03-12T23:32:47.337+0000] {dag.py:4180} INFO - Setting next_dagrun for dataset_s3_bucket_consumer to None, run_after=None
[2025-03-12T23:32:47.340+0000] {logging_mixin.py:190} INFO - [2025-03-12T23:32:47.340+0000] {dag.py:4180} INFO - Setting next_dagrun for dataset_s3_bucket_producer to None, run_after=None
[2025-03-12T23:32:47.432+0000] {processor.py:208} INFO - Processing /home/airflow/.local/lib/python3.12/site-packages/airflow/example_dags/example_dataset_alias.py took 1.192 seconds
[2025-03-12T23:33:18.000+0000] {processor.py:186} INFO - Started process (PID=386) to work on /home/airflow/.local/lib/python3.12/site-packages/airflow/example_dags/example_dataset_alias.py
[2025-03-12T23:33:18.012+0000] {processor.py:914} INFO - Processing file /home/airflow/.local/lib/python3.12/site-packages/airflow/example_dags/example_dataset_alias.py for tasks to queue
[2025-03-12T23:33:18.027+0000] {logging_mixin.py:190} INFO - [2025-03-12T23:33:18.026+0000] {dagbag.py:588} INFO - Filling up the DagBag from /home/airflow/.local/lib/python3.12/site-packages/airflow/example_dags/example_dataset_alias.py
[2025-03-12T23:33:18.924+0000] {processor.py:925} INFO - DAG(s) 'dataset_s3_bucket_producer', 'dataset_s3_bucket_consumer', 'dataset_alias_example_alias_consumer', 'dataset_alias_example_alias_producer' retrieved from /home/airflow/.local/lib/python3.12/site-packages/airflow/example_dags/example_dataset_alias.py
[2025-03-12T23:33:18.961+0000] {logging_mixin.py:190} INFO - [2025-03-12T23:33:18.961+0000] {dag.py:3239} INFO - Sync 4 DAGs
[2025-03-12T23:33:18.991+0000] {logging_mixin.py:190} INFO - [2025-03-12T23:33:18.990+0000] {dag.py:4180} INFO - Setting next_dagrun for dataset_alias_example_alias_consumer to None, run_after=None
[2025-03-12T23:33:18.996+0000] {logging_mixin.py:190} INFO - [2025-03-12T23:33:18.996+0000] {dag.py:4180} INFO - Setting next_dagrun for dataset_alias_example_alias_producer to None, run_after=None
[2025-03-12T23:33:19.003+0000] {logging_mixin.py:190} INFO - [2025-03-12T23:33:19.003+0000] {dag.py:4180} INFO - Setting next_dagrun for dataset_s3_bucket_consumer to None, run_after=None
[2025-03-12T23:33:19.006+0000] {logging_mixin.py:190} INFO - [2025-03-12T23:33:19.005+0000] {dag.py:4180} INFO - Setting next_dagrun for dataset_s3_bucket_producer to None, run_after=None
[2025-03-12T23:33:19.042+0000] {processor.py:208} INFO - Processing /home/airflow/.local/lib/python3.12/site-packages/airflow/example_dags/example_dataset_alias.py took 1.052 seconds
[2025-03-12T23:33:49.461+0000] {processor.py:186} INFO - Started process (PID=455) to work on /home/airflow/.local/lib/python3.12/site-packages/airflow/example_dags/example_dataset_alias.py
[2025-03-12T23:33:49.467+0000] {processor.py:914} INFO - Processing file /home/airflow/.local/lib/python3.12/site-packages/airflow/example_dags/example_dataset_alias.py for tasks to queue
[2025-03-12T23:33:49.483+0000] {logging_mixin.py:190} INFO - [2025-03-12T23:33:49.483+0000] {dagbag.py:588} INFO - Filling up the DagBag from /home/airflow/.local/lib/python3.12/site-packages/airflow/example_dags/example_dataset_alias.py
[2025-03-12T23:33:50.641+0000] {processor.py:925} INFO - DAG(s) 'dataset_s3_bucket_consumer', 'dataset_s3_bucket_producer', 'dataset_alias_example_alias_producer', 'dataset_alias_example_alias_consumer' retrieved from /home/airflow/.local/lib/python3.12/site-packages/airflow/example_dags/example_dataset_alias.py
[2025-03-12T23:33:50.678+0000] {logging_mixin.py:190} INFO - [2025-03-12T23:33:50.678+0000] {dag.py:3239} INFO - Sync 4 DAGs
[2025-03-12T23:33:50.716+0000] {logging_mixin.py:190} INFO - [2025-03-12T23:33:50.716+0000] {dag.py:4180} INFO - Setting next_dagrun for dataset_alias_example_alias_consumer to None, run_after=None
[2025-03-12T23:33:50.733+0000] {logging_mixin.py:190} INFO - [2025-03-12T23:33:50.732+0000] {dag.py:4180} INFO - Setting next_dagrun for dataset_alias_example_alias_producer to None, run_after=None
[2025-03-12T23:33:50.745+0000] {logging_mixin.py:190} INFO - [2025-03-12T23:33:50.745+0000] {dag.py:4180} INFO - Setting next_dagrun for dataset_s3_bucket_consumer to None, run_after=None
[2025-03-12T23:33:50.750+0000] {logging_mixin.py:190} INFO - [2025-03-12T23:33:50.750+0000] {dag.py:4180} INFO - Setting next_dagrun for dataset_s3_bucket_producer to None, run_after=None
[2025-03-12T23:33:50.795+0000] {processor.py:208} INFO - Processing /home/airflow/.local/lib/python3.12/site-packages/airflow/example_dags/example_dataset_alias.py took 1.353 seconds
[2025-03-12T23:34:21.069+0000] {processor.py:186} INFO - Started process (PID=522) to work on /home/airflow/.local/lib/python3.12/site-packages/airflow/example_dags/example_dataset_alias.py
[2025-03-12T23:34:21.071+0000] {processor.py:914} INFO - Processing file /home/airflow/.local/lib/python3.12/site-packages/airflow/example_dags/example_dataset_alias.py for tasks to queue
[2025-03-12T23:34:21.073+0000] {logging_mixin.py:190} INFO - [2025-03-12T23:34:21.073+0000] {dagbag.py:588} INFO - Filling up the DagBag from /home/airflow/.local/lib/python3.12/site-packages/airflow/example_dags/example_dataset_alias.py
[2025-03-12T23:34:22.004+0000] {processor.py:925} INFO - DAG(s) 'dataset_alias_example_alias_producer', 'dataset_s3_bucket_consumer', 'dataset_alias_example_alias_consumer', 'dataset_s3_bucket_producer' retrieved from /home/airflow/.local/lib/python3.12/site-packages/airflow/example_dags/example_dataset_alias.py
[2025-03-12T23:34:22.055+0000] {logging_mixin.py:190} INFO - [2025-03-12T23:34:22.054+0000] {dag.py:3239} INFO - Sync 4 DAGs
[2025-03-12T23:34:22.089+0000] {logging_mixin.py:190} INFO - [2025-03-12T23:34:22.088+0000] {dag.py:4180} INFO - Setting next_dagrun for dataset_alias_example_alias_consumer to None, run_after=None
[2025-03-12T23:34:22.097+0000] {logging_mixin.py:190} INFO - [2025-03-12T23:34:22.097+0000] {dag.py:4180} INFO - Setting next_dagrun for dataset_alias_example_alias_producer to None, run_after=None
[2025-03-12T23:34:22.102+0000] {logging_mixin.py:190} INFO - [2025-03-12T23:34:22.102+0000] {dag.py:4180} INFO - Setting next_dagrun for dataset_s3_bucket_consumer to None, run_after=None
[2025-03-12T23:34:22.105+0000] {logging_mixin.py:190} INFO - [2025-03-12T23:34:22.104+0000] {dag.py:4180} INFO - Setting next_dagrun for dataset_s3_bucket_producer to None, run_after=None
[2025-03-12T23:34:22.170+0000] {processor.py:208} INFO - Processing /home/airflow/.local/lib/python3.12/site-packages/airflow/example_dags/example_dataset_alias.py took 1.108 seconds
[2025-03-12T23:34:52.357+0000] {processor.py:186} INFO - Started process (PID=588) to work on /home/airflow/.local/lib/python3.12/site-packages/airflow/example_dags/example_dataset_alias.py
[2025-03-12T23:34:52.359+0000] {processor.py:914} INFO - Processing file /home/airflow/.local/lib/python3.12/site-packages/airflow/example_dags/example_dataset_alias.py for tasks to queue
[2025-03-12T23:34:52.365+0000] {logging_mixin.py:190} INFO - [2025-03-12T23:34:52.364+0000] {dagbag.py:588} INFO - Filling up the DagBag from /home/airflow/.local/lib/python3.12/site-packages/airflow/example_dags/example_dataset_alias.py
[2025-03-12T23:34:53.495+0000] {processor.py:925} INFO - DAG(s) 'dataset_alias_example_alias_producer', 'dataset_alias_example_alias_consumer', 'dataset_s3_bucket_producer', 'dataset_s3_bucket_consumer' retrieved from /home/airflow/.local/lib/python3.12/site-packages/airflow/example_dags/example_dataset_alias.py
[2025-03-12T23:34:53.559+0000] {logging_mixin.py:190} INFO - [2025-03-12T23:34:53.558+0000] {dag.py:3239} INFO - Sync 4 DAGs
[2025-03-12T23:34:53.593+0000] {logging_mixin.py:190} INFO - [2025-03-12T23:34:53.592+0000] {dag.py:4180} INFO - Setting next_dagrun for dataset_alias_example_alias_consumer to None, run_after=None
[2025-03-12T23:34:53.599+0000] {logging_mixin.py:190} INFO - [2025-03-12T23:34:53.599+0000] {dag.py:4180} INFO - Setting next_dagrun for dataset_alias_example_alias_producer to None, run_after=None
[2025-03-12T23:34:53.602+0000] {logging_mixin.py:190} INFO - [2025-03-12T23:34:53.602+0000] {dag.py:4180} INFO - Setting next_dagrun for dataset_s3_bucket_consumer to None, run_after=None
[2025-03-12T23:34:53.606+0000] {logging_mixin.py:190} INFO - [2025-03-12T23:34:53.606+0000] {dag.py:4180} INFO - Setting next_dagrun for dataset_s3_bucket_producer to None, run_after=None
[2025-03-12T23:34:53.647+0000] {processor.py:208} INFO - Processing /home/airflow/.local/lib/python3.12/site-packages/airflow/example_dags/example_dataset_alias.py took 1.302 seconds
[2025-03-12T23:35:24.138+0000] {processor.py:186} INFO - Started process (PID=660) to work on /home/airflow/.local/lib/python3.12/site-packages/airflow/example_dags/example_dataset_alias.py
[2025-03-12T23:35:24.139+0000] {processor.py:914} INFO - Processing file /home/airflow/.local/lib/python3.12/site-packages/airflow/example_dags/example_dataset_alias.py for tasks to queue
[2025-03-12T23:35:24.141+0000] {logging_mixin.py:190} INFO - [2025-03-12T23:35:24.140+0000] {dagbag.py:588} INFO - Filling up the DagBag from /home/airflow/.local/lib/python3.12/site-packages/airflow/example_dags/example_dataset_alias.py
[2025-03-12T23:35:25.108+0000] {processor.py:925} INFO - DAG(s) 'dataset_s3_bucket_producer', 'dataset_alias_example_alias_consumer', 'dataset_alias_example_alias_producer', 'dataset_s3_bucket_consumer' retrieved from /home/airflow/.local/lib/python3.12/site-packages/airflow/example_dags/example_dataset_alias.py
[2025-03-12T23:35:25.146+0000] {logging_mixin.py:190} INFO - [2025-03-12T23:35:25.146+0000] {dag.py:3239} INFO - Sync 4 DAGs
[2025-03-12T23:35:25.181+0000] {logging_mixin.py:190} INFO - [2025-03-12T23:35:25.181+0000] {dag.py:4180} INFO - Setting next_dagrun for dataset_alias_example_alias_consumer to None, run_after=None
[2025-03-12T23:35:25.186+0000] {logging_mixin.py:190} INFO - [2025-03-12T23:35:25.186+0000] {dag.py:4180} INFO - Setting next_dagrun for dataset_alias_example_alias_producer to None, run_after=None
[2025-03-12T23:35:25.189+0000] {logging_mixin.py:190} INFO - [2025-03-12T23:35:25.189+0000] {dag.py:4180} INFO - Setting next_dagrun for dataset_s3_bucket_consumer to None, run_after=None
[2025-03-12T23:35:25.191+0000] {logging_mixin.py:190} INFO - [2025-03-12T23:35:25.191+0000] {dag.py:4180} INFO - Setting next_dagrun for dataset_s3_bucket_producer to None, run_after=None
[2025-03-12T23:35:25.226+0000] {processor.py:208} INFO - Processing /home/airflow/.local/lib/python3.12/site-packages/airflow/example_dags/example_dataset_alias.py took 1.095 seconds
[2025-03-12T23:35:55.963+0000] {processor.py:186} INFO - Started process (PID=726) to work on /home/airflow/.local/lib/python3.12/site-packages/airflow/example_dags/example_dataset_alias.py
[2025-03-12T23:35:55.965+0000] {processor.py:914} INFO - Processing file /home/airflow/.local/lib/python3.12/site-packages/airflow/example_dags/example_dataset_alias.py for tasks to queue
[2025-03-12T23:35:55.967+0000] {logging_mixin.py:190} INFO - [2025-03-12T23:35:55.967+0000] {dagbag.py:588} INFO - Filling up the DagBag from /home/airflow/.local/lib/python3.12/site-packages/airflow/example_dags/example_dataset_alias.py
[2025-03-12T23:35:57.018+0000] {processor.py:925} INFO - DAG(s) 'dataset_s3_bucket_consumer', 'dataset_alias_example_alias_producer', 'dataset_s3_bucket_producer', 'dataset_alias_example_alias_consumer' retrieved from /home/airflow/.local/lib/python3.12/site-packages/airflow/example_dags/example_dataset_alias.py
[2025-03-12T23:35:57.051+0000] {logging_mixin.py:190} INFO - [2025-03-12T23:35:57.050+0000] {dag.py:3239} INFO - Sync 4 DAGs
[2025-03-12T23:35:57.081+0000] {logging_mixin.py:190} INFO - [2025-03-12T23:35:57.080+0000] {dag.py:4180} INFO - Setting next_dagrun for dataset_alias_example_alias_consumer to None, run_after=None
[2025-03-12T23:35:57.084+0000] {logging_mixin.py:190} INFO - [2025-03-12T23:35:57.084+0000] {dag.py:4180} INFO - Setting next_dagrun for dataset_alias_example_alias_producer to None, run_after=None
[2025-03-12T23:35:57.087+0000] {logging_mixin.py:190} INFO - [2025-03-12T23:35:57.087+0000] {dag.py:4180} INFO - Setting next_dagrun for dataset_s3_bucket_consumer to None, run_after=None
[2025-03-12T23:35:57.089+0000] {logging_mixin.py:190} INFO - [2025-03-12T23:35:57.089+0000] {dag.py:4180} INFO - Setting next_dagrun for dataset_s3_bucket_producer to None, run_after=None
[2025-03-12T23:35:57.118+0000] {processor.py:208} INFO - Processing /home/airflow/.local/lib/python3.12/site-packages/airflow/example_dags/example_dataset_alias.py took 1.165 seconds
[2025-03-12T23:36:27.861+0000] {processor.py:186} INFO - Started process (PID=792) to work on /home/airflow/.local/lib/python3.12/site-packages/airflow/example_dags/example_dataset_alias.py
[2025-03-12T23:36:27.862+0000] {processor.py:914} INFO - Processing file /home/airflow/.local/lib/python3.12/site-packages/airflow/example_dags/example_dataset_alias.py for tasks to queue
[2025-03-12T23:36:27.863+0000] {logging_mixin.py:190} INFO - [2025-03-12T23:36:27.863+0000] {dagbag.py:588} INFO - Filling up the DagBag from /home/airflow/.local/lib/python3.12/site-packages/airflow/example_dags/example_dataset_alias.py
[2025-03-12T23:36:28.595+0000] {processor.py:925} INFO - DAG(s) 'dataset_s3_bucket_consumer', 'dataset_alias_example_alias_consumer', 'dataset_alias_example_alias_producer', 'dataset_s3_bucket_producer' retrieved from /home/airflow/.local/lib/python3.12/site-packages/airflow/example_dags/example_dataset_alias.py
[2025-03-12T23:36:28.640+0000] {logging_mixin.py:190} INFO - [2025-03-12T23:36:28.639+0000] {dag.py:3239} INFO - Sync 4 DAGs
[2025-03-12T23:36:28.706+0000] {logging_mixin.py:190} INFO - [2025-03-12T23:36:28.705+0000] {dag.py:4180} INFO - Setting next_dagrun for dataset_alias_example_alias_consumer to None, run_after=None
[2025-03-12T23:36:28.715+0000] {logging_mixin.py:190} INFO - [2025-03-12T23:36:28.714+0000] {dag.py:4180} INFO - Setting next_dagrun for dataset_alias_example_alias_producer to None, run_after=None
[2025-03-12T23:36:28.719+0000] {logging_mixin.py:190} INFO - [2025-03-12T23:36:28.718+0000] {dag.py:4180} INFO - Setting next_dagrun for dataset_s3_bucket_consumer to None, run_after=None
[2025-03-12T23:36:28.723+0000] {logging_mixin.py:190} INFO - [2025-03-12T23:36:28.722+0000] {dag.py:4180} INFO - Setting next_dagrun for dataset_s3_bucket_producer to None, run_after=None
[2025-03-12T23:36:28.809+0000] {processor.py:208} INFO - Processing /home/airflow/.local/lib/python3.12/site-packages/airflow/example_dags/example_dataset_alias.py took 0.954 seconds
[2025-03-12T23:36:58.956+0000] {processor.py:186} INFO - Started process (PID=858) to work on /home/airflow/.local/lib/python3.12/site-packages/airflow/example_dags/example_dataset_alias.py
[2025-03-12T23:36:58.957+0000] {processor.py:914} INFO - Processing file /home/airflow/.local/lib/python3.12/site-packages/airflow/example_dags/example_dataset_alias.py for tasks to queue
[2025-03-12T23:36:58.959+0000] {logging_mixin.py:190} INFO - [2025-03-12T23:36:58.959+0000] {dagbag.py:588} INFO - Filling up the DagBag from /home/airflow/.local/lib/python3.12/site-packages/airflow/example_dags/example_dataset_alias.py
[2025-03-12T23:36:59.831+0000] {processor.py:925} INFO - DAG(s) 'dataset_alias_example_alias_consumer', 'dataset_s3_bucket_producer', 'dataset_alias_example_alias_producer', 'dataset_s3_bucket_consumer' retrieved from /home/airflow/.local/lib/python3.12/site-packages/airflow/example_dags/example_dataset_alias.py
[2025-03-12T23:36:59.862+0000] {logging_mixin.py:190} INFO - [2025-03-12T23:36:59.860+0000] {dag.py:3239} INFO - Sync 4 DAGs
[2025-03-12T23:36:59.886+0000] {logging_mixin.py:190} INFO - [2025-03-12T23:36:59.886+0000] {dag.py:4180} INFO - Setting next_dagrun for dataset_alias_example_alias_consumer to None, run_after=None
[2025-03-12T23:36:59.890+0000] {logging_mixin.py:190} INFO - [2025-03-12T23:36:59.889+0000] {dag.py:4180} INFO - Setting next_dagrun for dataset_alias_example_alias_producer to None, run_after=None
[2025-03-12T23:36:59.895+0000] {logging_mixin.py:190} INFO - [2025-03-12T23:36:59.895+0000] {dag.py:4180} INFO - Setting next_dagrun for dataset_s3_bucket_consumer to None, run_after=None
[2025-03-12T23:36:59.897+0000] {logging_mixin.py:190} INFO - [2025-03-12T23:36:59.897+0000] {dag.py:4180} INFO - Setting next_dagrun for dataset_s3_bucket_producer to None, run_after=None
[2025-03-12T23:36:59.925+0000] {processor.py:208} INFO - Processing /home/airflow/.local/lib/python3.12/site-packages/airflow/example_dags/example_dataset_alias.py took 0.975 seconds
[2025-03-12T23:37:30.133+0000] {processor.py:186} INFO - Started process (PID=924) to work on /home/airflow/.local/lib/python3.12/site-packages/airflow/example_dags/example_dataset_alias.py
[2025-03-12T23:37:30.134+0000] {processor.py:914} INFO - Processing file /home/airflow/.local/lib/python3.12/site-packages/airflow/example_dags/example_dataset_alias.py for tasks to queue
[2025-03-12T23:37:30.136+0000] {logging_mixin.py:190} INFO - [2025-03-12T23:37:30.135+0000] {dagbag.py:588} INFO - Filling up the DagBag from /home/airflow/.local/lib/python3.12/site-packages/airflow/example_dags/example_dataset_alias.py
[2025-03-12T23:37:30.765+0000] {processor.py:925} INFO - DAG(s) 'dataset_alias_example_alias_producer', 'dataset_s3_bucket_producer', 'dataset_alias_example_alias_consumer', 'dataset_s3_bucket_consumer' retrieved from /home/airflow/.local/lib/python3.12/site-packages/airflow/example_dags/example_dataset_alias.py
[2025-03-12T23:37:30.790+0000] {logging_mixin.py:190} INFO - [2025-03-12T23:37:30.789+0000] {dag.py:3239} INFO - Sync 4 DAGs
[2025-03-12T23:37:30.814+0000] {logging_mixin.py:190} INFO - [2025-03-12T23:37:30.814+0000] {dag.py:4180} INFO - Setting next_dagrun for dataset_alias_example_alias_consumer to None, run_after=None
[2025-03-12T23:37:30.818+0000] {logging_mixin.py:190} INFO - [2025-03-12T23:37:30.818+0000] {dag.py:4180} INFO - Setting next_dagrun for dataset_alias_example_alias_producer to None, run_after=None
[2025-03-12T23:37:30.820+0000] {logging_mixin.py:190} INFO - [2025-03-12T23:37:30.820+0000] {dag.py:4180} INFO - Setting next_dagrun for dataset_s3_bucket_consumer to None, run_after=None
[2025-03-12T23:37:30.823+0000] {logging_mixin.py:190} INFO - [2025-03-12T23:37:30.822+0000] {dag.py:4180} INFO - Setting next_dagrun for dataset_s3_bucket_producer to None, run_after=None
[2025-03-12T23:37:30.855+0000] {processor.py:208} INFO - Processing /home/airflow/.local/lib/python3.12/site-packages/airflow/example_dags/example_dataset_alias.py took 0.728 seconds
[2025-03-12T23:38:01.231+0000] {processor.py:186} INFO - Started process (PID=989) to work on /home/airflow/.local/lib/python3.12/site-packages/airflow/example_dags/example_dataset_alias.py
[2025-03-12T23:38:01.232+0000] {processor.py:914} INFO - Processing file /home/airflow/.local/lib/python3.12/site-packages/airflow/example_dags/example_dataset_alias.py for tasks to queue
[2025-03-12T23:38:01.234+0000] {logging_mixin.py:190} INFO - [2025-03-12T23:38:01.233+0000] {dagbag.py:588} INFO - Filling up the DagBag from /home/airflow/.local/lib/python3.12/site-packages/airflow/example_dags/example_dataset_alias.py
[2025-03-12T23:38:01.942+0000] {processor.py:925} INFO - DAG(s) 'dataset_alias_example_alias_producer', 'dataset_s3_bucket_producer', 'dataset_alias_example_alias_consumer', 'dataset_s3_bucket_consumer' retrieved from /home/airflow/.local/lib/python3.12/site-packages/airflow/example_dags/example_dataset_alias.py
[2025-03-12T23:38:01.966+0000] {logging_mixin.py:190} INFO - [2025-03-12T23:38:01.965+0000] {dag.py:3239} INFO - Sync 4 DAGs
[2025-03-12T23:38:01.987+0000] {logging_mixin.py:190} INFO - [2025-03-12T23:38:01.987+0000] {dag.py:4180} INFO - Setting next_dagrun for dataset_alias_example_alias_consumer to None, run_after=None
[2025-03-12T23:38:01.990+0000] {logging_mixin.py:190} INFO - [2025-03-12T23:38:01.990+0000] {dag.py:4180} INFO - Setting next_dagrun for dataset_alias_example_alias_producer to None, run_after=None
[2025-03-12T23:38:01.992+0000] {logging_mixin.py:190} INFO - [2025-03-12T23:38:01.992+0000] {dag.py:4180} INFO - Setting next_dagrun for dataset_s3_bucket_consumer to None, run_after=None
[2025-03-12T23:38:01.994+0000] {logging_mixin.py:190} INFO - [2025-03-12T23:38:01.994+0000] {dag.py:4180} INFO - Setting next_dagrun for dataset_s3_bucket_producer to None, run_after=None
[2025-03-12T23:38:02.020+0000] {processor.py:208} INFO - Processing /home/airflow/.local/lib/python3.12/site-packages/airflow/example_dags/example_dataset_alias.py took 0.795 seconds
[2025-03-12T23:38:32.207+0000] {processor.py:186} INFO - Started process (PID=1055) to work on /home/airflow/.local/lib/python3.12/site-packages/airflow/example_dags/example_dataset_alias.py
[2025-03-12T23:38:32.209+0000] {processor.py:914} INFO - Processing file /home/airflow/.local/lib/python3.12/site-packages/airflow/example_dags/example_dataset_alias.py for tasks to queue
[2025-03-12T23:38:32.210+0000] {logging_mixin.py:190} INFO - [2025-03-12T23:38:32.209+0000] {dagbag.py:588} INFO - Filling up the DagBag from /home/airflow/.local/lib/python3.12/site-packages/airflow/example_dags/example_dataset_alias.py
[2025-03-12T23:38:32.937+0000] {processor.py:925} INFO - DAG(s) 'dataset_s3_bucket_consumer', 'dataset_alias_example_alias_producer', 'dataset_alias_example_alias_consumer', 'dataset_s3_bucket_producer' retrieved from /home/airflow/.local/lib/python3.12/site-packages/airflow/example_dags/example_dataset_alias.py
[2025-03-12T23:38:32.971+0000] {logging_mixin.py:190} INFO - [2025-03-12T23:38:32.970+0000] {dag.py:3239} INFO - Sync 4 DAGs
[2025-03-12T23:38:33.004+0000] {logging_mixin.py:190} INFO - [2025-03-12T23:38:33.003+0000] {dag.py:4180} INFO - Setting next_dagrun for dataset_alias_example_alias_consumer to None, run_after=None
[2025-03-12T23:38:33.012+0000] {logging_mixin.py:190} INFO - [2025-03-12T23:38:33.011+0000] {dag.py:4180} INFO - Setting next_dagrun for dataset_alias_example_alias_producer to None, run_after=None
[2025-03-12T23:38:33.014+0000] {logging_mixin.py:190} INFO - [2025-03-12T23:38:33.014+0000] {dag.py:4180} INFO - Setting next_dagrun for dataset_s3_bucket_consumer to None, run_after=None
[2025-03-12T23:38:33.018+0000] {logging_mixin.py:190} INFO - [2025-03-12T23:38:33.017+0000] {dag.py:4180} INFO - Setting next_dagrun for dataset_s3_bucket_producer to None, run_after=None
[2025-03-12T23:38:33.054+0000] {processor.py:208} INFO - Processing /home/airflow/.local/lib/python3.12/site-packages/airflow/example_dags/example_dataset_alias.py took 0.852 seconds
[2025-03-12T23:39:03.287+0000] {processor.py:186} INFO - Started process (PID=1121) to work on /home/airflow/.local/lib/python3.12/site-packages/airflow/example_dags/example_dataset_alias.py
[2025-03-12T23:39:03.288+0000] {processor.py:914} INFO - Processing file /home/airflow/.local/lib/python3.12/site-packages/airflow/example_dags/example_dataset_alias.py for tasks to queue
[2025-03-12T23:39:03.290+0000] {logging_mixin.py:190} INFO - [2025-03-12T23:39:03.289+0000] {dagbag.py:588} INFO - Filling up the DagBag from /home/airflow/.local/lib/python3.12/site-packages/airflow/example_dags/example_dataset_alias.py
[2025-03-12T23:39:03.919+0000] {processor.py:925} INFO - DAG(s) 'dataset_s3_bucket_producer', 'dataset_alias_example_alias_producer', 'dataset_alias_example_alias_consumer', 'dataset_s3_bucket_consumer' retrieved from /home/airflow/.local/lib/python3.12/site-packages/airflow/example_dags/example_dataset_alias.py
[2025-03-12T23:39:03.950+0000] {logging_mixin.py:190} INFO - [2025-03-12T23:39:03.949+0000] {dag.py:3239} INFO - Sync 4 DAGs
[2025-03-12T23:39:03.979+0000] {logging_mixin.py:190} INFO - [2025-03-12T23:39:03.979+0000] {dag.py:4180} INFO - Setting next_dagrun for dataset_alias_example_alias_consumer to None, run_after=None
[2025-03-12T23:39:03.984+0000] {logging_mixin.py:190} INFO - [2025-03-12T23:39:03.984+0000] {dag.py:4180} INFO - Setting next_dagrun for dataset_alias_example_alias_producer to None, run_after=None
[2025-03-12T23:39:03.988+0000] {logging_mixin.py:190} INFO - [2025-03-12T23:39:03.987+0000] {dag.py:4180} INFO - Setting next_dagrun for dataset_s3_bucket_consumer to None, run_after=None
[2025-03-12T23:39:03.991+0000] {logging_mixin.py:190} INFO - [2025-03-12T23:39:03.990+0000] {dag.py:4180} INFO - Setting next_dagrun for dataset_s3_bucket_producer to None, run_after=None
[2025-03-12T23:39:04.024+0000] {processor.py:208} INFO - Processing /home/airflow/.local/lib/python3.12/site-packages/airflow/example_dags/example_dataset_alias.py took 0.742 seconds
[2025-03-12T23:39:34.482+0000] {processor.py:186} INFO - Started process (PID=1188) to work on /home/airflow/.local/lib/python3.12/site-packages/airflow/example_dags/example_dataset_alias.py
[2025-03-12T23:39:34.483+0000] {processor.py:914} INFO - Processing file /home/airflow/.local/lib/python3.12/site-packages/airflow/example_dags/example_dataset_alias.py for tasks to queue
[2025-03-12T23:39:34.485+0000] {logging_mixin.py:190} INFO - [2025-03-12T23:39:34.484+0000] {dagbag.py:588} INFO - Filling up the DagBag from /home/airflow/.local/lib/python3.12/site-packages/airflow/example_dags/example_dataset_alias.py
[2025-03-12T23:39:35.120+0000] {processor.py:925} INFO - DAG(s) 'dataset_alias_example_alias_producer', 'dataset_s3_bucket_consumer', 'dataset_s3_bucket_producer', 'dataset_alias_example_alias_consumer' retrieved from /home/airflow/.local/lib/python3.12/site-packages/airflow/example_dags/example_dataset_alias.py
[2025-03-12T23:39:35.146+0000] {logging_mixin.py:190} INFO - [2025-03-12T23:39:35.146+0000] {dag.py:3239} INFO - Sync 4 DAGs
[2025-03-12T23:39:35.171+0000] {logging_mixin.py:190} INFO - [2025-03-12T23:39:35.170+0000] {dag.py:4180} INFO - Setting next_dagrun for dataset_alias_example_alias_consumer to None, run_after=None
[2025-03-12T23:39:35.174+0000] {logging_mixin.py:190} INFO - [2025-03-12T23:39:35.174+0000] {dag.py:4180} INFO - Setting next_dagrun for dataset_alias_example_alias_producer to None, run_after=None
[2025-03-12T23:39:35.176+0000] {logging_mixin.py:190} INFO - [2025-03-12T23:39:35.176+0000] {dag.py:4180} INFO - Setting next_dagrun for dataset_s3_bucket_consumer to None, run_after=None
[2025-03-12T23:39:35.178+0000] {logging_mixin.py:190} INFO - [2025-03-12T23:39:35.178+0000] {dag.py:4180} INFO - Setting next_dagrun for dataset_s3_bucket_producer to None, run_after=None
[2025-03-12T23:39:35.207+0000] {processor.py:208} INFO - Processing /home/airflow/.local/lib/python3.12/site-packages/airflow/example_dags/example_dataset_alias.py took 0.730 seconds
[2025-03-12T23:40:05.840+0000] {processor.py:186} INFO - Started process (PID=1254) to work on /home/airflow/.local/lib/python3.12/site-packages/airflow/example_dags/example_dataset_alias.py
[2025-03-12T23:40:05.841+0000] {processor.py:914} INFO - Processing file /home/airflow/.local/lib/python3.12/site-packages/airflow/example_dags/example_dataset_alias.py for tasks to queue
[2025-03-12T23:40:05.843+0000] {logging_mixin.py:190} INFO - [2025-03-12T23:40:05.842+0000] {dagbag.py:588} INFO - Filling up the DagBag from /home/airflow/.local/lib/python3.12/site-packages/airflow/example_dags/example_dataset_alias.py
[2025-03-12T23:40:06.791+0000] {processor.py:925} INFO - DAG(s) 'dataset_s3_bucket_consumer', 'dataset_alias_example_alias_producer', 'dataset_s3_bucket_producer', 'dataset_alias_example_alias_consumer' retrieved from /home/airflow/.local/lib/python3.12/site-packages/airflow/example_dags/example_dataset_alias.py
[2025-03-12T23:40:06.819+0000] {logging_mixin.py:190} INFO - [2025-03-12T23:40:06.818+0000] {dag.py:3239} INFO - Sync 4 DAGs
[2025-03-12T23:40:06.842+0000] {logging_mixin.py:190} INFO - [2025-03-12T23:40:06.842+0000] {dag.py:4180} INFO - Setting next_dagrun for dataset_alias_example_alias_consumer to None, run_after=None
[2025-03-12T23:40:06.846+0000] {logging_mixin.py:190} INFO - [2025-03-12T23:40:06.846+0000] {dag.py:4180} INFO - Setting next_dagrun for dataset_alias_example_alias_producer to None, run_after=None
[2025-03-12T23:40:06.850+0000] {logging_mixin.py:190} INFO - [2025-03-12T23:40:06.850+0000] {dag.py:4180} INFO - Setting next_dagrun for dataset_s3_bucket_consumer to None, run_after=None
[2025-03-12T23:40:06.852+0000] {logging_mixin.py:190} INFO - [2025-03-12T23:40:06.852+0000] {dag.py:4180} INFO - Setting next_dagrun for dataset_s3_bucket_producer to None, run_after=None
[2025-03-12T23:40:06.879+0000] {processor.py:208} INFO - Processing /home/airflow/.local/lib/python3.12/site-packages/airflow/example_dags/example_dataset_alias.py took 1.044 seconds
[2025-03-12T23:40:37.834+0000] {processor.py:186} INFO - Started process (PID=1320) to work on /home/airflow/.local/lib/python3.12/site-packages/airflow/example_dags/example_dataset_alias.py
[2025-03-12T23:40:37.835+0000] {processor.py:914} INFO - Processing file /home/airflow/.local/lib/python3.12/site-packages/airflow/example_dags/example_dataset_alias.py for tasks to queue
[2025-03-12T23:40:37.836+0000] {logging_mixin.py:190} INFO - [2025-03-12T23:40:37.836+0000] {dagbag.py:588} INFO - Filling up the DagBag from /home/airflow/.local/lib/python3.12/site-packages/airflow/example_dags/example_dataset_alias.py
[2025-03-12T23:40:38.582+0000] {processor.py:925} INFO - DAG(s) 'dataset_alias_example_alias_producer', 'dataset_s3_bucket_producer', 'dataset_alias_example_alias_consumer', 'dataset_s3_bucket_consumer' retrieved from /home/airflow/.local/lib/python3.12/site-packages/airflow/example_dags/example_dataset_alias.py
[2025-03-12T23:40:38.610+0000] {logging_mixin.py:190} INFO - [2025-03-12T23:40:38.609+0000] {dag.py:3239} INFO - Sync 4 DAGs
[2025-03-12T23:40:38.634+0000] {logging_mixin.py:190} INFO - [2025-03-12T23:40:38.633+0000] {dag.py:4180} INFO - Setting next_dagrun for dataset_alias_example_alias_consumer to None, run_after=None
[2025-03-12T23:40:38.637+0000] {logging_mixin.py:190} INFO - [2025-03-12T23:40:38.637+0000] {dag.py:4180} INFO - Setting next_dagrun for dataset_alias_example_alias_producer to None, run_after=None
[2025-03-12T23:40:38.639+0000] {logging_mixin.py:190} INFO - [2025-03-12T23:40:38.639+0000] {dag.py:4180} INFO - Setting next_dagrun for dataset_s3_bucket_consumer to None, run_after=None
[2025-03-12T23:40:38.641+0000] {logging_mixin.py:190} INFO - [2025-03-12T23:40:38.640+0000] {dag.py:4180} INFO - Setting next_dagrun for dataset_s3_bucket_producer to None, run_after=None
[2025-03-12T23:40:38.673+0000] {processor.py:208} INFO - Processing /home/airflow/.local/lib/python3.12/site-packages/airflow/example_dags/example_dataset_alias.py took 0.846 seconds
[2025-03-12T23:41:09.573+0000] {processor.py:186} INFO - Started process (PID=1386) to work on /home/airflow/.local/lib/python3.12/site-packages/airflow/example_dags/example_dataset_alias.py
[2025-03-12T23:41:09.574+0000] {processor.py:914} INFO - Processing file /home/airflow/.local/lib/python3.12/site-packages/airflow/example_dags/example_dataset_alias.py for tasks to queue
[2025-03-12T23:41:09.575+0000] {logging_mixin.py:190} INFO - [2025-03-12T23:41:09.575+0000] {dagbag.py:588} INFO - Filling up the DagBag from /home/airflow/.local/lib/python3.12/site-packages/airflow/example_dags/example_dataset_alias.py
[2025-03-12T23:41:10.284+0000] {processor.py:925} INFO - DAG(s) 'dataset_s3_bucket_consumer', 'dataset_alias_example_alias_producer', 'dataset_s3_bucket_producer', 'dataset_alias_example_alias_consumer' retrieved from /home/airflow/.local/lib/python3.12/site-packages/airflow/example_dags/example_dataset_alias.py
[2025-03-12T23:41:10.316+0000] {logging_mixin.py:190} INFO - [2025-03-12T23:41:10.315+0000] {dag.py:3239} INFO - Sync 4 DAGs
[2025-03-12T23:41:10.341+0000] {logging_mixin.py:190} INFO - [2025-03-12T23:41:10.340+0000] {dag.py:4180} INFO - Setting next_dagrun for dataset_alias_example_alias_consumer to None, run_after=None
[2025-03-12T23:41:10.345+0000] {logging_mixin.py:190} INFO - [2025-03-12T23:41:10.344+0000] {dag.py:4180} INFO - Setting next_dagrun for dataset_alias_example_alias_producer to None, run_after=None
[2025-03-12T23:41:10.347+0000] {logging_mixin.py:190} INFO - [2025-03-12T23:41:10.347+0000] {dag.py:4180} INFO - Setting next_dagrun for dataset_s3_bucket_consumer to None, run_after=None
[2025-03-12T23:41:10.350+0000] {logging_mixin.py:190} INFO - [2025-03-12T23:41:10.350+0000] {dag.py:4180} INFO - Setting next_dagrun for dataset_s3_bucket_producer to None, run_after=None
[2025-03-12T23:41:10.380+0000] {processor.py:208} INFO - Processing /home/airflow/.local/lib/python3.12/site-packages/airflow/example_dags/example_dataset_alias.py took 0.814 seconds
[2025-03-12T23:41:40.633+0000] {processor.py:186} INFO - Started process (PID=1452) to work on /home/airflow/.local/lib/python3.12/site-packages/airflow/example_dags/example_dataset_alias.py
[2025-03-12T23:41:40.635+0000] {processor.py:914} INFO - Processing file /home/airflow/.local/lib/python3.12/site-packages/airflow/example_dags/example_dataset_alias.py for tasks to queue
[2025-03-12T23:41:40.637+0000] {logging_mixin.py:190} INFO - [2025-03-12T23:41:40.636+0000] {dagbag.py:588} INFO - Filling up the DagBag from /home/airflow/.local/lib/python3.12/site-packages/airflow/example_dags/example_dataset_alias.py
[2025-03-12T23:41:41.406+0000] {processor.py:925} INFO - DAG(s) 'dataset_s3_bucket_producer', 'dataset_alias_example_alias_consumer', 'dataset_alias_example_alias_producer', 'dataset_s3_bucket_consumer' retrieved from /home/airflow/.local/lib/python3.12/site-packages/airflow/example_dags/example_dataset_alias.py
[2025-03-12T23:41:41.438+0000] {logging_mixin.py:190} INFO - [2025-03-12T23:41:41.437+0000] {dag.py:3239} INFO - Sync 4 DAGs
[2025-03-12T23:41:41.462+0000] {logging_mixin.py:190} INFO - [2025-03-12T23:41:41.462+0000] {dag.py:4180} INFO - Setting next_dagrun for dataset_alias_example_alias_consumer to None, run_after=None
[2025-03-12T23:41:41.466+0000] {logging_mixin.py:190} INFO - [2025-03-12T23:41:41.466+0000] {dag.py:4180} INFO - Setting next_dagrun for dataset_alias_example_alias_producer to None, run_after=None
[2025-03-12T23:41:41.469+0000] {logging_mixin.py:190} INFO - [2025-03-12T23:41:41.468+0000] {dag.py:4180} INFO - Setting next_dagrun for dataset_s3_bucket_consumer to None, run_after=None
[2025-03-12T23:41:41.471+0000] {logging_mixin.py:190} INFO - [2025-03-12T23:41:41.471+0000] {dag.py:4180} INFO - Setting next_dagrun for dataset_s3_bucket_producer to None, run_after=None
[2025-03-12T23:41:41.501+0000] {processor.py:208} INFO - Processing /home/airflow/.local/lib/python3.12/site-packages/airflow/example_dags/example_dataset_alias.py took 0.876 seconds
[2025-03-12T23:42:11.701+0000] {processor.py:186} INFO - Started process (PID=1518) to work on /home/airflow/.local/lib/python3.12/site-packages/airflow/example_dags/example_dataset_alias.py
[2025-03-12T23:42:11.703+0000] {processor.py:914} INFO - Processing file /home/airflow/.local/lib/python3.12/site-packages/airflow/example_dags/example_dataset_alias.py for tasks to queue
[2025-03-12T23:42:11.706+0000] {logging_mixin.py:190} INFO - [2025-03-12T23:42:11.705+0000] {dagbag.py:588} INFO - Filling up the DagBag from /home/airflow/.local/lib/python3.12/site-packages/airflow/example_dags/example_dataset_alias.py
[2025-03-12T23:42:12.598+0000] {processor.py:925} INFO - DAG(s) 'dataset_s3_bucket_producer', 'dataset_alias_example_alias_producer', 'dataset_s3_bucket_consumer', 'dataset_alias_example_alias_consumer' retrieved from /home/airflow/.local/lib/python3.12/site-packages/airflow/example_dags/example_dataset_alias.py
[2025-03-12T23:42:12.628+0000] {logging_mixin.py:190} INFO - [2025-03-12T23:42:12.628+0000] {dag.py:3239} INFO - Sync 4 DAGs
[2025-03-12T23:42:12.656+0000] {logging_mixin.py:190} INFO - [2025-03-12T23:42:12.655+0000] {dag.py:4180} INFO - Setting next_dagrun for dataset_alias_example_alias_consumer to None, run_after=None
[2025-03-12T23:42:12.659+0000] {logging_mixin.py:190} INFO - [2025-03-12T23:42:12.659+0000] {dag.py:4180} INFO - Setting next_dagrun for dataset_alias_example_alias_producer to None, run_after=None
[2025-03-12T23:42:12.662+0000] {logging_mixin.py:190} INFO - [2025-03-12T23:42:12.662+0000] {dag.py:4180} INFO - Setting next_dagrun for dataset_s3_bucket_consumer to None, run_after=None
[2025-03-12T23:42:12.664+0000] {logging_mixin.py:190} INFO - [2025-03-12T23:42:12.664+0000] {dag.py:4180} INFO - Setting next_dagrun for dataset_s3_bucket_producer to None, run_after=None
[2025-03-12T23:42:12.696+0000] {processor.py:208} INFO - Processing /home/airflow/.local/lib/python3.12/site-packages/airflow/example_dags/example_dataset_alias.py took 1.003 seconds
