[2025-03-12T23:31:13.020+0000] {processor.py:186} INFO - Started process (PID=118) to work on /home/airflow/.local/lib/python3.12/site-packages/airflow/example_dags/example_sla_dag.py
[2025-03-12T23:31:13.022+0000] {processor.py:914} INFO - Processing file /home/airflow/.local/lib/python3.12/site-packages/airflow/example_dags/example_sla_dag.py for tasks to queue
[2025-03-12T23:31:13.028+0000] {logging_mixin.py:190} INFO - [2025-03-12T23:31:13.027+0000] {dagbag.py:588} INFO - Filling up the DagBag from /home/airflow/.local/lib/python3.12/site-packages/airflow/example_dags/example_sla_dag.py
[2025-03-12T23:31:13.052+0000] {processor.py:925} INFO - DAG(s) 'example_sla_dag' retrieved from /home/airflow/.local/lib/python3.12/site-packages/airflow/example_dags/example_sla_dag.py
[2025-03-12T23:31:13.146+0000] {logging_mixin.py:190} INFO - [2025-03-12T23:31:13.145+0000] {dag.py:3239} INFO - Sync 1 DAGs
[2025-03-12T23:31:13.273+0000] {logging_mixin.py:190} INFO - [2025-03-12T23:31:13.260+0000] {dag.py:4180} INFO - Setting next_dagrun for example_sla_dag to 2025-03-12 23:28:00+00:00, run_after=2025-03-12 23:30:00+00:00
[2025-03-12T23:31:13.349+0000] {processor.py:208} INFO - Processing /home/airflow/.local/lib/python3.12/site-packages/airflow/example_dags/example_sla_dag.py took 0.337 seconds
[2025-03-12T23:31:44.326+0000] {processor.py:186} INFO - Started process (PID=185) to work on /home/airflow/.local/lib/python3.12/site-packages/airflow/example_dags/example_sla_dag.py
[2025-03-12T23:31:44.328+0000] {processor.py:914} INFO - Processing file /home/airflow/.local/lib/python3.12/site-packages/airflow/example_dags/example_sla_dag.py for tasks to queue
[2025-03-12T23:31:44.330+0000] {logging_mixin.py:190} INFO - [2025-03-12T23:31:44.330+0000] {dagbag.py:588} INFO - Filling up the DagBag from /home/airflow/.local/lib/python3.12/site-packages/airflow/example_dags/example_sla_dag.py
[2025-03-12T23:31:44.340+0000] {processor.py:925} INFO - DAG(s) 'example_sla_dag' retrieved from /home/airflow/.local/lib/python3.12/site-packages/airflow/example_dags/example_sla_dag.py
[2025-03-12T23:31:44.365+0000] {logging_mixin.py:190} INFO - [2025-03-12T23:31:44.364+0000] {dag.py:3239} INFO - Sync 1 DAGs
[2025-03-12T23:31:44.405+0000] {logging_mixin.py:190} INFO - [2025-03-12T23:31:44.405+0000] {dag.py:4180} INFO - Setting next_dagrun for example_sla_dag to 2025-03-12 23:28:00+00:00, run_after=2025-03-12 23:30:00+00:00
[2025-03-12T23:31:44.453+0000] {processor.py:208} INFO - Processing /home/airflow/.local/lib/python3.12/site-packages/airflow/example_dags/example_sla_dag.py took 0.136 seconds
[2025-03-12T23:32:14.587+0000] {processor.py:186} INFO - Started process (PID=251) to work on /home/airflow/.local/lib/python3.12/site-packages/airflow/example_dags/example_sla_dag.py
[2025-03-12T23:32:14.589+0000] {processor.py:914} INFO - Processing file /home/airflow/.local/lib/python3.12/site-packages/airflow/example_dags/example_sla_dag.py for tasks to queue
[2025-03-12T23:32:14.594+0000] {logging_mixin.py:190} INFO - [2025-03-12T23:32:14.593+0000] {dagbag.py:588} INFO - Filling up the DagBag from /home/airflow/.local/lib/python3.12/site-packages/airflow/example_dags/example_sla_dag.py
[2025-03-12T23:32:14.607+0000] {processor.py:925} INFO - DAG(s) 'example_sla_dag' retrieved from /home/airflow/.local/lib/python3.12/site-packages/airflow/example_dags/example_sla_dag.py
[2025-03-12T23:32:14.636+0000] {logging_mixin.py:190} INFO - [2025-03-12T23:32:14.636+0000] {dag.py:3239} INFO - Sync 1 DAGs
[2025-03-12T23:32:14.670+0000] {logging_mixin.py:190} INFO - [2025-03-12T23:32:14.670+0000] {dag.py:4180} INFO - Setting next_dagrun for example_sla_dag to 2025-03-12 23:30:00+00:00, run_after=2025-03-12 23:32:00+00:00
[2025-03-12T23:32:14.694+0000] {processor.py:208} INFO - Processing /home/airflow/.local/lib/python3.12/site-packages/airflow/example_dags/example_sla_dag.py took 0.116 seconds
[2025-03-12T23:32:45.131+0000] {processor.py:186} INFO - Started process (PID=316) to work on /home/airflow/.local/lib/python3.12/site-packages/airflow/example_dags/example_sla_dag.py
[2025-03-12T23:32:45.135+0000] {processor.py:914} INFO - Processing file /home/airflow/.local/lib/python3.12/site-packages/airflow/example_dags/example_sla_dag.py for tasks to queue
[2025-03-12T23:32:45.138+0000] {logging_mixin.py:190} INFO - [2025-03-12T23:32:45.138+0000] {dagbag.py:588} INFO - Filling up the DagBag from /home/airflow/.local/lib/python3.12/site-packages/airflow/example_dags/example_sla_dag.py
[2025-03-12T23:32:45.149+0000] {processor.py:925} INFO - DAG(s) 'example_sla_dag' retrieved from /home/airflow/.local/lib/python3.12/site-packages/airflow/example_dags/example_sla_dag.py
[2025-03-12T23:32:45.175+0000] {logging_mixin.py:190} INFO - [2025-03-12T23:32:45.174+0000] {dag.py:3239} INFO - Sync 1 DAGs
[2025-03-12T23:32:45.206+0000] {logging_mixin.py:190} INFO - [2025-03-12T23:32:45.205+0000] {dag.py:4180} INFO - Setting next_dagrun for example_sla_dag to 2025-03-12 23:30:00+00:00, run_after=2025-03-12 23:32:00+00:00
[2025-03-12T23:32:45.226+0000] {processor.py:208} INFO - Processing /home/airflow/.local/lib/python3.12/site-packages/airflow/example_dags/example_sla_dag.py took 0.104 seconds
[2025-03-12T23:33:15.722+0000] {processor.py:186} INFO - Started process (PID=382) to work on /home/airflow/.local/lib/python3.12/site-packages/airflow/example_dags/example_sla_dag.py
[2025-03-12T23:33:15.724+0000] {processor.py:914} INFO - Processing file /home/airflow/.local/lib/python3.12/site-packages/airflow/example_dags/example_sla_dag.py for tasks to queue
[2025-03-12T23:33:15.728+0000] {logging_mixin.py:190} INFO - [2025-03-12T23:33:15.727+0000] {dagbag.py:588} INFO - Filling up the DagBag from /home/airflow/.local/lib/python3.12/site-packages/airflow/example_dags/example_sla_dag.py
[2025-03-12T23:33:15.746+0000] {processor.py:925} INFO - DAG(s) 'example_sla_dag' retrieved from /home/airflow/.local/lib/python3.12/site-packages/airflow/example_dags/example_sla_dag.py
[2025-03-12T23:33:15.788+0000] {logging_mixin.py:190} INFO - [2025-03-12T23:33:15.787+0000] {dag.py:3239} INFO - Sync 1 DAGs
[2025-03-12T23:33:15.821+0000] {logging_mixin.py:190} INFO - [2025-03-12T23:33:15.821+0000] {dag.py:4180} INFO - Setting next_dagrun for example_sla_dag to 2025-03-12 23:30:00+00:00, run_after=2025-03-12 23:32:00+00:00
[2025-03-12T23:33:15.847+0000] {processor.py:208} INFO - Processing /home/airflow/.local/lib/python3.12/site-packages/airflow/example_dags/example_sla_dag.py took 0.131 seconds
[2025-03-12T23:33:46.605+0000] {processor.py:186} INFO - Started process (PID=448) to work on /home/airflow/.local/lib/python3.12/site-packages/airflow/example_dags/example_sla_dag.py
[2025-03-12T23:33:46.606+0000] {processor.py:914} INFO - Processing file /home/airflow/.local/lib/python3.12/site-packages/airflow/example_dags/example_sla_dag.py for tasks to queue
[2025-03-12T23:33:46.611+0000] {logging_mixin.py:190} INFO - [2025-03-12T23:33:46.610+0000] {dagbag.py:588} INFO - Filling up the DagBag from /home/airflow/.local/lib/python3.12/site-packages/airflow/example_dags/example_sla_dag.py
[2025-03-12T23:33:46.635+0000] {processor.py:925} INFO - DAG(s) 'example_sla_dag' retrieved from /home/airflow/.local/lib/python3.12/site-packages/airflow/example_dags/example_sla_dag.py
[2025-03-12T23:33:46.677+0000] {logging_mixin.py:190} INFO - [2025-03-12T23:33:46.677+0000] {dag.py:3239} INFO - Sync 1 DAGs
[2025-03-12T23:33:46.718+0000] {logging_mixin.py:190} INFO - [2025-03-12T23:33:46.717+0000] {dag.py:4180} INFO - Setting next_dagrun for example_sla_dag to 2025-03-12 23:30:00+00:00, run_after=2025-03-12 23:32:00+00:00
[2025-03-12T23:33:46.770+0000] {processor.py:208} INFO - Processing /home/airflow/.local/lib/python3.12/site-packages/airflow/example_dags/example_sla_dag.py took 0.173 seconds
[2025-03-12T23:34:17.939+0000] {processor.py:186} INFO - Started process (PID=514) to work on /home/airflow/.local/lib/python3.12/site-packages/airflow/example_dags/example_sla_dag.py
[2025-03-12T23:34:17.941+0000] {processor.py:914} INFO - Processing file /home/airflow/.local/lib/python3.12/site-packages/airflow/example_dags/example_sla_dag.py for tasks to queue
[2025-03-12T23:34:17.942+0000] {logging_mixin.py:190} INFO - [2025-03-12T23:34:17.942+0000] {dagbag.py:588} INFO - Filling up the DagBag from /home/airflow/.local/lib/python3.12/site-packages/airflow/example_dags/example_sla_dag.py
[2025-03-12T23:34:17.958+0000] {processor.py:925} INFO - DAG(s) 'example_sla_dag' retrieved from /home/airflow/.local/lib/python3.12/site-packages/airflow/example_dags/example_sla_dag.py
[2025-03-12T23:34:17.987+0000] {logging_mixin.py:190} INFO - [2025-03-12T23:34:17.987+0000] {dag.py:3239} INFO - Sync 1 DAGs
[2025-03-12T23:34:18.018+0000] {logging_mixin.py:190} INFO - [2025-03-12T23:34:18.018+0000] {dag.py:4180} INFO - Setting next_dagrun for example_sla_dag to 2025-03-12 23:32:00+00:00, run_after=2025-03-12 23:34:00+00:00
[2025-03-12T23:34:18.057+0000] {processor.py:208} INFO - Processing /home/airflow/.local/lib/python3.12/site-packages/airflow/example_dags/example_sla_dag.py took 0.124 seconds
[2025-03-12T23:34:48.405+0000] {processor.py:186} INFO - Started process (PID=580) to work on /home/airflow/.local/lib/python3.12/site-packages/airflow/example_dags/example_sla_dag.py
[2025-03-12T23:34:48.407+0000] {processor.py:914} INFO - Processing file /home/airflow/.local/lib/python3.12/site-packages/airflow/example_dags/example_sla_dag.py for tasks to queue
[2025-03-12T23:34:48.408+0000] {logging_mixin.py:190} INFO - [2025-03-12T23:34:48.408+0000] {dagbag.py:588} INFO - Filling up the DagBag from /home/airflow/.local/lib/python3.12/site-packages/airflow/example_dags/example_sla_dag.py
[2025-03-12T23:34:48.420+0000] {processor.py:925} INFO - DAG(s) 'example_sla_dag' retrieved from /home/airflow/.local/lib/python3.12/site-packages/airflow/example_dags/example_sla_dag.py
[2025-03-12T23:34:48.441+0000] {logging_mixin.py:190} INFO - [2025-03-12T23:34:48.441+0000] {dag.py:3239} INFO - Sync 1 DAGs
[2025-03-12T23:34:48.473+0000] {logging_mixin.py:190} INFO - [2025-03-12T23:34:48.473+0000] {dag.py:4180} INFO - Setting next_dagrun for example_sla_dag to 2025-03-12 23:32:00+00:00, run_after=2025-03-12 23:34:00+00:00
[2025-03-12T23:34:48.497+0000] {processor.py:208} INFO - Processing /home/airflow/.local/lib/python3.12/site-packages/airflow/example_dags/example_sla_dag.py took 0.096 seconds
[2025-03-12T23:35:20.192+0000] {processor.py:186} INFO - Started process (PID=646) to work on /home/airflow/.local/lib/python3.12/site-packages/airflow/example_dags/example_sla_dag.py
[2025-03-12T23:35:20.194+0000] {processor.py:914} INFO - Processing file /home/airflow/.local/lib/python3.12/site-packages/airflow/example_dags/example_sla_dag.py for tasks to queue
[2025-03-12T23:35:20.195+0000] {logging_mixin.py:190} INFO - [2025-03-12T23:35:20.195+0000] {dagbag.py:588} INFO - Filling up the DagBag from /home/airflow/.local/lib/python3.12/site-packages/airflow/example_dags/example_sla_dag.py
[2025-03-12T23:35:20.211+0000] {processor.py:925} INFO - DAG(s) 'example_sla_dag' retrieved from /home/airflow/.local/lib/python3.12/site-packages/airflow/example_dags/example_sla_dag.py
[2025-03-12T23:35:20.244+0000] {logging_mixin.py:190} INFO - [2025-03-12T23:35:20.243+0000] {dag.py:3239} INFO - Sync 1 DAGs
[2025-03-12T23:35:20.288+0000] {logging_mixin.py:190} INFO - [2025-03-12T23:35:20.288+0000] {dag.py:4180} INFO - Setting next_dagrun for example_sla_dag to 2025-03-12 23:32:00+00:00, run_after=2025-03-12 23:34:00+00:00
[2025-03-12T23:35:20.326+0000] {processor.py:208} INFO - Processing /home/airflow/.local/lib/python3.12/site-packages/airflow/example_dags/example_sla_dag.py took 0.140 seconds
[2025-03-12T23:35:51.219+0000] {processor.py:186} INFO - Started process (PID=712) to work on /home/airflow/.local/lib/python3.12/site-packages/airflow/example_dags/example_sla_dag.py
[2025-03-12T23:35:51.220+0000] {processor.py:914} INFO - Processing file /home/airflow/.local/lib/python3.12/site-packages/airflow/example_dags/example_sla_dag.py for tasks to queue
[2025-03-12T23:35:51.222+0000] {logging_mixin.py:190} INFO - [2025-03-12T23:35:51.221+0000] {dagbag.py:588} INFO - Filling up the DagBag from /home/airflow/.local/lib/python3.12/site-packages/airflow/example_dags/example_sla_dag.py
[2025-03-12T23:35:51.233+0000] {processor.py:925} INFO - DAG(s) 'example_sla_dag' retrieved from /home/airflow/.local/lib/python3.12/site-packages/airflow/example_dags/example_sla_dag.py
[2025-03-12T23:35:51.253+0000] {logging_mixin.py:190} INFO - [2025-03-12T23:35:51.252+0000] {dag.py:3239} INFO - Sync 1 DAGs
[2025-03-12T23:35:51.282+0000] {logging_mixin.py:190} INFO - [2025-03-12T23:35:51.281+0000] {dag.py:4180} INFO - Setting next_dagrun for example_sla_dag to 2025-03-12 23:32:00+00:00, run_after=2025-03-12 23:34:00+00:00
[2025-03-12T23:35:51.310+0000] {processor.py:208} INFO - Processing /home/airflow/.local/lib/python3.12/site-packages/airflow/example_dags/example_sla_dag.py took 0.096 seconds
[2025-03-12T23:36:22.710+0000] {processor.py:186} INFO - Started process (PID=784) to work on /home/airflow/.local/lib/python3.12/site-packages/airflow/example_dags/example_sla_dag.py
[2025-03-12T23:36:22.711+0000] {processor.py:914} INFO - Processing file /home/airflow/.local/lib/python3.12/site-packages/airflow/example_dags/example_sla_dag.py for tasks to queue
[2025-03-12T23:36:22.713+0000] {logging_mixin.py:190} INFO - [2025-03-12T23:36:22.712+0000] {dagbag.py:588} INFO - Filling up the DagBag from /home/airflow/.local/lib/python3.12/site-packages/airflow/example_dags/example_sla_dag.py
[2025-03-12T23:36:22.734+0000] {processor.py:925} INFO - DAG(s) 'example_sla_dag' retrieved from /home/airflow/.local/lib/python3.12/site-packages/airflow/example_dags/example_sla_dag.py
[2025-03-12T23:36:22.782+0000] {logging_mixin.py:190} INFO - [2025-03-12T23:36:22.782+0000] {dag.py:3239} INFO - Sync 1 DAGs
[2025-03-12T23:36:22.885+0000] {logging_mixin.py:190} INFO - [2025-03-12T23:36:22.885+0000] {dag.py:4180} INFO - Setting next_dagrun for example_sla_dag to 2025-03-12 23:34:00+00:00, run_after=2025-03-12 23:36:00+00:00
[2025-03-12T23:36:22.943+0000] {processor.py:208} INFO - Processing /home/airflow/.local/lib/python3.12/site-packages/airflow/example_dags/example_sla_dag.py took 0.240 seconds
[2025-03-12T23:36:54.015+0000] {processor.py:186} INFO - Started process (PID=850) to work on /home/airflow/.local/lib/python3.12/site-packages/airflow/example_dags/example_sla_dag.py
[2025-03-12T23:36:54.017+0000] {processor.py:914} INFO - Processing file /home/airflow/.local/lib/python3.12/site-packages/airflow/example_dags/example_sla_dag.py for tasks to queue
[2025-03-12T23:36:54.020+0000] {logging_mixin.py:190} INFO - [2025-03-12T23:36:54.020+0000] {dagbag.py:588} INFO - Filling up the DagBag from /home/airflow/.local/lib/python3.12/site-packages/airflow/example_dags/example_sla_dag.py
[2025-03-12T23:36:54.031+0000] {processor.py:925} INFO - DAG(s) 'example_sla_dag' retrieved from /home/airflow/.local/lib/python3.12/site-packages/airflow/example_dags/example_sla_dag.py
[2025-03-12T23:36:54.053+0000] {logging_mixin.py:190} INFO - [2025-03-12T23:36:54.053+0000] {dag.py:3239} INFO - Sync 1 DAGs
[2025-03-12T23:36:54.084+0000] {logging_mixin.py:190} INFO - [2025-03-12T23:36:54.084+0000] {dag.py:4180} INFO - Setting next_dagrun for example_sla_dag to 2025-03-12 23:34:00+00:00, run_after=2025-03-12 23:36:00+00:00
[2025-03-12T23:36:54.109+0000] {processor.py:208} INFO - Processing /home/airflow/.local/lib/python3.12/site-packages/airflow/example_dags/example_sla_dag.py took 0.101 seconds
[2025-03-12T23:37:25.322+0000] {processor.py:186} INFO - Started process (PID=916) to work on /home/airflow/.local/lib/python3.12/site-packages/airflow/example_dags/example_sla_dag.py
[2025-03-12T23:37:25.324+0000] {processor.py:914} INFO - Processing file /home/airflow/.local/lib/python3.12/site-packages/airflow/example_dags/example_sla_dag.py for tasks to queue
[2025-03-12T23:37:25.326+0000] {logging_mixin.py:190} INFO - [2025-03-12T23:37:25.325+0000] {dagbag.py:588} INFO - Filling up the DagBag from /home/airflow/.local/lib/python3.12/site-packages/airflow/example_dags/example_sla_dag.py
[2025-03-12T23:37:25.344+0000] {processor.py:925} INFO - DAG(s) 'example_sla_dag' retrieved from /home/airflow/.local/lib/python3.12/site-packages/airflow/example_dags/example_sla_dag.py
[2025-03-12T23:37:25.374+0000] {logging_mixin.py:190} INFO - [2025-03-12T23:37:25.374+0000] {dag.py:3239} INFO - Sync 1 DAGs
[2025-03-12T23:37:25.401+0000] {logging_mixin.py:190} INFO - [2025-03-12T23:37:25.400+0000] {dag.py:4180} INFO - Setting next_dagrun for example_sla_dag to 2025-03-12 23:34:00+00:00, run_after=2025-03-12 23:36:00+00:00
[2025-03-12T23:37:25.423+0000] {processor.py:208} INFO - Processing /home/airflow/.local/lib/python3.12/site-packages/airflow/example_dags/example_sla_dag.py took 0.110 seconds
[2025-03-12T23:37:55.642+0000] {processor.py:186} INFO - Started process (PID=980) to work on /home/airflow/.local/lib/python3.12/site-packages/airflow/example_dags/example_sla_dag.py
[2025-03-12T23:37:55.643+0000] {processor.py:914} INFO - Processing file /home/airflow/.local/lib/python3.12/site-packages/airflow/example_dags/example_sla_dag.py for tasks to queue
[2025-03-12T23:37:55.645+0000] {logging_mixin.py:190} INFO - [2025-03-12T23:37:55.645+0000] {dagbag.py:588} INFO - Filling up the DagBag from /home/airflow/.local/lib/python3.12/site-packages/airflow/example_dags/example_sla_dag.py
[2025-03-12T23:37:55.656+0000] {processor.py:925} INFO - DAG(s) 'example_sla_dag' retrieved from /home/airflow/.local/lib/python3.12/site-packages/airflow/example_dags/example_sla_dag.py
[2025-03-12T23:37:55.679+0000] {logging_mixin.py:190} INFO - [2025-03-12T23:37:55.678+0000] {dag.py:3239} INFO - Sync 1 DAGs
[2025-03-12T23:37:55.709+0000] {logging_mixin.py:190} INFO - [2025-03-12T23:37:55.709+0000] {dag.py:4180} INFO - Setting next_dagrun for example_sla_dag to 2025-03-12 23:34:00+00:00, run_after=2025-03-12 23:36:00+00:00
[2025-03-12T23:37:55.731+0000] {processor.py:208} INFO - Processing /home/airflow/.local/lib/python3.12/site-packages/airflow/example_dags/example_sla_dag.py took 0.095 seconds
[2025-03-12T23:38:25.786+0000] {processor.py:186} INFO - Started process (PID=1045) to work on /home/airflow/.local/lib/python3.12/site-packages/airflow/example_dags/example_sla_dag.py
[2025-03-12T23:38:25.787+0000] {processor.py:914} INFO - Processing file /home/airflow/.local/lib/python3.12/site-packages/airflow/example_dags/example_sla_dag.py for tasks to queue
[2025-03-12T23:38:25.790+0000] {logging_mixin.py:190} INFO - [2025-03-12T23:38:25.790+0000] {dagbag.py:588} INFO - Filling up the DagBag from /home/airflow/.local/lib/python3.12/site-packages/airflow/example_dags/example_sla_dag.py
[2025-03-12T23:38:25.804+0000] {processor.py:925} INFO - DAG(s) 'example_sla_dag' retrieved from /home/airflow/.local/lib/python3.12/site-packages/airflow/example_dags/example_sla_dag.py
[2025-03-12T23:38:25.832+0000] {logging_mixin.py:190} INFO - [2025-03-12T23:38:25.832+0000] {dag.py:3239} INFO - Sync 1 DAGs
[2025-03-12T23:38:25.867+0000] {logging_mixin.py:190} INFO - [2025-03-12T23:38:25.867+0000] {dag.py:4180} INFO - Setting next_dagrun for example_sla_dag to 2025-03-12 23:36:00+00:00, run_after=2025-03-12 23:38:00+00:00
[2025-03-12T23:38:25.894+0000] {processor.py:208} INFO - Processing /home/airflow/.local/lib/python3.12/site-packages/airflow/example_dags/example_sla_dag.py took 0.113 seconds
[2025-03-12T23:38:56.738+0000] {processor.py:186} INFO - Started process (PID=1111) to work on /home/airflow/.local/lib/python3.12/site-packages/airflow/example_dags/example_sla_dag.py
[2025-03-12T23:38:56.739+0000] {processor.py:914} INFO - Processing file /home/airflow/.local/lib/python3.12/site-packages/airflow/example_dags/example_sla_dag.py for tasks to queue
[2025-03-12T23:38:56.741+0000] {logging_mixin.py:190} INFO - [2025-03-12T23:38:56.740+0000] {dagbag.py:588} INFO - Filling up the DagBag from /home/airflow/.local/lib/python3.12/site-packages/airflow/example_dags/example_sla_dag.py
[2025-03-12T23:38:56.750+0000] {processor.py:925} INFO - DAG(s) 'example_sla_dag' retrieved from /home/airflow/.local/lib/python3.12/site-packages/airflow/example_dags/example_sla_dag.py
[2025-03-12T23:38:56.771+0000] {logging_mixin.py:190} INFO - [2025-03-12T23:38:56.771+0000] {dag.py:3239} INFO - Sync 1 DAGs
[2025-03-12T23:38:56.796+0000] {logging_mixin.py:190} INFO - [2025-03-12T23:38:56.796+0000] {dag.py:4180} INFO - Setting next_dagrun for example_sla_dag to 2025-03-12 23:36:00+00:00, run_after=2025-03-12 23:38:00+00:00
[2025-03-12T23:38:56.816+0000] {processor.py:208} INFO - Processing /home/airflow/.local/lib/python3.12/site-packages/airflow/example_dags/example_sla_dag.py took 0.084 seconds
[2025-03-12T23:39:27.049+0000] {processor.py:186} INFO - Started process (PID=1178) to work on /home/airflow/.local/lib/python3.12/site-packages/airflow/example_dags/example_sla_dag.py
[2025-03-12T23:39:27.051+0000] {processor.py:914} INFO - Processing file /home/airflow/.local/lib/python3.12/site-packages/airflow/example_dags/example_sla_dag.py for tasks to queue
[2025-03-12T23:39:27.052+0000] {logging_mixin.py:190} INFO - [2025-03-12T23:39:27.052+0000] {dagbag.py:588} INFO - Filling up the DagBag from /home/airflow/.local/lib/python3.12/site-packages/airflow/example_dags/example_sla_dag.py
[2025-03-12T23:39:27.072+0000] {processor.py:925} INFO - DAG(s) 'example_sla_dag' retrieved from /home/airflow/.local/lib/python3.12/site-packages/airflow/example_dags/example_sla_dag.py
[2025-03-12T23:39:27.113+0000] {logging_mixin.py:190} INFO - [2025-03-12T23:39:27.113+0000] {dag.py:3239} INFO - Sync 1 DAGs
[2025-03-12T23:39:27.146+0000] {logging_mixin.py:190} INFO - [2025-03-12T23:39:27.146+0000] {dag.py:4180} INFO - Setting next_dagrun for example_sla_dag to 2025-03-12 23:36:00+00:00, run_after=2025-03-12 23:38:00+00:00
[2025-03-12T23:39:27.170+0000] {processor.py:208} INFO - Processing /home/airflow/.local/lib/python3.12/site-packages/airflow/example_dags/example_sla_dag.py took 0.126 seconds
[2025-03-12T23:39:57.633+0000] {processor.py:186} INFO - Started process (PID=1244) to work on /home/airflow/.local/lib/python3.12/site-packages/airflow/example_dags/example_sla_dag.py
[2025-03-12T23:39:57.634+0000] {processor.py:914} INFO - Processing file /home/airflow/.local/lib/python3.12/site-packages/airflow/example_dags/example_sla_dag.py for tasks to queue
[2025-03-12T23:39:57.636+0000] {logging_mixin.py:190} INFO - [2025-03-12T23:39:57.636+0000] {dagbag.py:588} INFO - Filling up the DagBag from /home/airflow/.local/lib/python3.12/site-packages/airflow/example_dags/example_sla_dag.py
[2025-03-12T23:39:57.651+0000] {processor.py:925} INFO - DAG(s) 'example_sla_dag' retrieved from /home/airflow/.local/lib/python3.12/site-packages/airflow/example_dags/example_sla_dag.py
[2025-03-12T23:39:57.698+0000] {logging_mixin.py:190} INFO - [2025-03-12T23:39:57.698+0000] {dag.py:3239} INFO - Sync 1 DAGs
[2025-03-12T23:39:57.745+0000] {logging_mixin.py:190} INFO - [2025-03-12T23:39:57.744+0000] {dag.py:4180} INFO - Setting next_dagrun for example_sla_dag to 2025-03-12 23:36:00+00:00, run_after=2025-03-12 23:38:00+00:00
[2025-03-12T23:39:57.799+0000] {processor.py:208} INFO - Processing /home/airflow/.local/lib/python3.12/site-packages/airflow/example_dags/example_sla_dag.py took 0.170 seconds
[2025-03-12T23:40:28.041+0000] {processor.py:186} INFO - Started process (PID=1310) to work on /home/airflow/.local/lib/python3.12/site-packages/airflow/example_dags/example_sla_dag.py
[2025-03-12T23:40:28.043+0000] {processor.py:914} INFO - Processing file /home/airflow/.local/lib/python3.12/site-packages/airflow/example_dags/example_sla_dag.py for tasks to queue
[2025-03-12T23:40:28.046+0000] {logging_mixin.py:190} INFO - [2025-03-12T23:40:28.045+0000] {dagbag.py:588} INFO - Filling up the DagBag from /home/airflow/.local/lib/python3.12/site-packages/airflow/example_dags/example_sla_dag.py
[2025-03-12T23:40:28.059+0000] {processor.py:925} INFO - DAG(s) 'example_sla_dag' retrieved from /home/airflow/.local/lib/python3.12/site-packages/airflow/example_dags/example_sla_dag.py
[2025-03-12T23:40:28.081+0000] {logging_mixin.py:190} INFO - [2025-03-12T23:40:28.081+0000] {dag.py:3239} INFO - Sync 1 DAGs
[2025-03-12T23:40:28.119+0000] {logging_mixin.py:190} INFO - [2025-03-12T23:40:28.119+0000] {dag.py:4180} INFO - Setting next_dagrun for example_sla_dag to 2025-03-12 23:38:00+00:00, run_after=2025-03-12 23:40:00+00:00
[2025-03-12T23:40:28.155+0000] {processor.py:208} INFO - Processing /home/airflow/.local/lib/python3.12/site-packages/airflow/example_dags/example_sla_dag.py took 0.119 seconds
[2025-03-12T23:40:59.037+0000] {processor.py:186} INFO - Started process (PID=1376) to work on /home/airflow/.local/lib/python3.12/site-packages/airflow/example_dags/example_sla_dag.py
[2025-03-12T23:40:59.038+0000] {processor.py:914} INFO - Processing file /home/airflow/.local/lib/python3.12/site-packages/airflow/example_dags/example_sla_dag.py for tasks to queue
[2025-03-12T23:40:59.039+0000] {logging_mixin.py:190} INFO - [2025-03-12T23:40:59.039+0000] {dagbag.py:588} INFO - Filling up the DagBag from /home/airflow/.local/lib/python3.12/site-packages/airflow/example_dags/example_sla_dag.py
[2025-03-12T23:40:59.049+0000] {processor.py:925} INFO - DAG(s) 'example_sla_dag' retrieved from /home/airflow/.local/lib/python3.12/site-packages/airflow/example_dags/example_sla_dag.py
[2025-03-12T23:40:59.069+0000] {logging_mixin.py:190} INFO - [2025-03-12T23:40:59.069+0000] {dag.py:3239} INFO - Sync 1 DAGs
[2025-03-12T23:40:59.097+0000] {logging_mixin.py:190} INFO - [2025-03-12T23:40:59.096+0000] {dag.py:4180} INFO - Setting next_dagrun for example_sla_dag to 2025-03-12 23:38:00+00:00, run_after=2025-03-12 23:40:00+00:00
[2025-03-12T23:40:59.116+0000] {processor.py:208} INFO - Processing /home/airflow/.local/lib/python3.12/site-packages/airflow/example_dags/example_sla_dag.py took 0.084 seconds
[2025-03-12T23:41:29.773+0000] {processor.py:186} INFO - Started process (PID=1441) to work on /home/airflow/.local/lib/python3.12/site-packages/airflow/example_dags/example_sla_dag.py
[2025-03-12T23:41:29.784+0000] {processor.py:914} INFO - Processing file /home/airflow/.local/lib/python3.12/site-packages/airflow/example_dags/example_sla_dag.py for tasks to queue
[2025-03-12T23:41:29.796+0000] {logging_mixin.py:190} INFO - [2025-03-12T23:41:29.796+0000] {dagbag.py:588} INFO - Filling up the DagBag from /home/airflow/.local/lib/python3.12/site-packages/airflow/example_dags/example_sla_dag.py
[2025-03-12T23:41:29.812+0000] {processor.py:925} INFO - DAG(s) 'example_sla_dag' retrieved from /home/airflow/.local/lib/python3.12/site-packages/airflow/example_dags/example_sla_dag.py
[2025-03-12T23:41:29.831+0000] {logging_mixin.py:190} INFO - [2025-03-12T23:41:29.831+0000] {dag.py:3239} INFO - Sync 1 DAGs
[2025-03-12T23:41:29.853+0000] {logging_mixin.py:190} INFO - [2025-03-12T23:41:29.853+0000] {dag.py:4180} INFO - Setting next_dagrun for example_sla_dag to 2025-03-12 23:38:00+00:00, run_after=2025-03-12 23:40:00+00:00
[2025-03-12T23:41:29.870+0000] {processor.py:208} INFO - Processing /home/airflow/.local/lib/python3.12/site-packages/airflow/example_dags/example_sla_dag.py took 0.102 seconds
[2025-03-12T23:42:00.225+0000] {processor.py:186} INFO - Started process (PID=1507) to work on /home/airflow/.local/lib/python3.12/site-packages/airflow/example_dags/example_sla_dag.py
[2025-03-12T23:42:00.226+0000] {processor.py:914} INFO - Processing file /home/airflow/.local/lib/python3.12/site-packages/airflow/example_dags/example_sla_dag.py for tasks to queue
[2025-03-12T23:42:00.227+0000] {logging_mixin.py:190} INFO - [2025-03-12T23:42:00.227+0000] {dagbag.py:588} INFO - Filling up the DagBag from /home/airflow/.local/lib/python3.12/site-packages/airflow/example_dags/example_sla_dag.py
[2025-03-12T23:42:00.236+0000] {processor.py:925} INFO - DAG(s) 'example_sla_dag' retrieved from /home/airflow/.local/lib/python3.12/site-packages/airflow/example_dags/example_sla_dag.py
[2025-03-12T23:42:00.258+0000] {logging_mixin.py:190} INFO - [2025-03-12T23:42:00.257+0000] {dag.py:3239} INFO - Sync 1 DAGs
[2025-03-12T23:42:00.292+0000] {logging_mixin.py:190} INFO - [2025-03-12T23:42:00.292+0000] {dag.py:4180} INFO - Setting next_dagrun for example_sla_dag to 2025-03-12 23:40:00+00:00, run_after=2025-03-12 23:42:00+00:00
[2025-03-12T23:42:00.324+0000] {processor.py:208} INFO - Processing /home/airflow/.local/lib/python3.12/site-packages/airflow/example_dags/example_sla_dag.py took 0.105 seconds
[2025-03-12T23:42:30.665+0000] {processor.py:186} INFO - Started process (PID=1573) to work on /home/airflow/.local/lib/python3.12/site-packages/airflow/example_dags/example_sla_dag.py
[2025-03-12T23:42:30.666+0000] {processor.py:914} INFO - Processing file /home/airflow/.local/lib/python3.12/site-packages/airflow/example_dags/example_sla_dag.py for tasks to queue
[2025-03-12T23:42:30.668+0000] {logging_mixin.py:190} INFO - [2025-03-12T23:42:30.667+0000] {dagbag.py:588} INFO - Filling up the DagBag from /home/airflow/.local/lib/python3.12/site-packages/airflow/example_dags/example_sla_dag.py
[2025-03-12T23:42:30.678+0000] {processor.py:925} INFO - DAG(s) 'example_sla_dag' retrieved from /home/airflow/.local/lib/python3.12/site-packages/airflow/example_dags/example_sla_dag.py
[2025-03-12T23:42:30.698+0000] {logging_mixin.py:190} INFO - [2025-03-12T23:42:30.698+0000] {dag.py:3239} INFO - Sync 1 DAGs
[2025-03-12T23:42:30.725+0000] {logging_mixin.py:190} INFO - [2025-03-12T23:42:30.725+0000] {dag.py:4180} INFO - Setting next_dagrun for example_sla_dag to 2025-03-12 23:40:00+00:00, run_after=2025-03-12 23:42:00+00:00
[2025-03-12T23:42:30.747+0000] {processor.py:208} INFO - Processing /home/airflow/.local/lib/python3.12/site-packages/airflow/example_dags/example_sla_dag.py took 0.088 seconds
[2025-03-12T23:43:00.877+0000] {processor.py:186} INFO - Started process (PID=1639) to work on /home/airflow/.local/lib/python3.12/site-packages/airflow/example_dags/example_sla_dag.py
[2025-03-12T23:43:00.879+0000] {processor.py:914} INFO - Processing file /home/airflow/.local/lib/python3.12/site-packages/airflow/example_dags/example_sla_dag.py for tasks to queue
[2025-03-12T23:43:00.880+0000] {logging_mixin.py:190} INFO - [2025-03-12T23:43:00.880+0000] {dagbag.py:588} INFO - Filling up the DagBag from /home/airflow/.local/lib/python3.12/site-packages/airflow/example_dags/example_sla_dag.py
[2025-03-12T23:43:00.893+0000] {processor.py:925} INFO - DAG(s) 'example_sla_dag' retrieved from /home/airflow/.local/lib/python3.12/site-packages/airflow/example_dags/example_sla_dag.py
[2025-03-12T23:43:00.917+0000] {logging_mixin.py:190} INFO - [2025-03-12T23:43:00.917+0000] {dag.py:3239} INFO - Sync 1 DAGs
[2025-03-12T23:43:00.943+0000] {logging_mixin.py:190} INFO - [2025-03-12T23:43:00.942+0000] {dag.py:4180} INFO - Setting next_dagrun for example_sla_dag to 2025-03-12 23:40:00+00:00, run_after=2025-03-12 23:42:00+00:00
[2025-03-12T23:43:00.962+0000] {processor.py:208} INFO - Processing /home/airflow/.local/lib/python3.12/site-packages/airflow/example_dags/example_sla_dag.py took 0.093 seconds
[2025-03-12T23:43:31.358+0000] {processor.py:186} INFO - Started process (PID=1705) to work on /home/airflow/.local/lib/python3.12/site-packages/airflow/example_dags/example_sla_dag.py
[2025-03-12T23:43:31.359+0000] {processor.py:914} INFO - Processing file /home/airflow/.local/lib/python3.12/site-packages/airflow/example_dags/example_sla_dag.py for tasks to queue
[2025-03-12T23:43:31.361+0000] {logging_mixin.py:190} INFO - [2025-03-12T23:43:31.360+0000] {dagbag.py:588} INFO - Filling up the DagBag from /home/airflow/.local/lib/python3.12/site-packages/airflow/example_dags/example_sla_dag.py
[2025-03-12T23:43:31.371+0000] {processor.py:925} INFO - DAG(s) 'example_sla_dag' retrieved from /home/airflow/.local/lib/python3.12/site-packages/airflow/example_dags/example_sla_dag.py
[2025-03-12T23:43:31.393+0000] {logging_mixin.py:190} INFO - [2025-03-12T23:43:31.392+0000] {dag.py:3239} INFO - Sync 1 DAGs
[2025-03-12T23:43:31.416+0000] {logging_mixin.py:190} INFO - [2025-03-12T23:43:31.416+0000] {dag.py:4180} INFO - Setting next_dagrun for example_sla_dag to 2025-03-12 23:40:00+00:00, run_after=2025-03-12 23:42:00+00:00
[2025-03-12T23:43:31.437+0000] {processor.py:208} INFO - Processing /home/airflow/.local/lib/python3.12/site-packages/airflow/example_dags/example_sla_dag.py took 0.084 seconds
[2025-03-12T23:44:01.778+0000] {processor.py:186} INFO - Started process (PID=1771) to work on /home/airflow/.local/lib/python3.12/site-packages/airflow/example_dags/example_sla_dag.py
[2025-03-12T23:44:01.780+0000] {processor.py:914} INFO - Processing file /home/airflow/.local/lib/python3.12/site-packages/airflow/example_dags/example_sla_dag.py for tasks to queue
[2025-03-12T23:44:01.782+0000] {logging_mixin.py:190} INFO - [2025-03-12T23:44:01.782+0000] {dagbag.py:588} INFO - Filling up the DagBag from /home/airflow/.local/lib/python3.12/site-packages/airflow/example_dags/example_sla_dag.py
[2025-03-12T23:44:01.797+0000] {processor.py:925} INFO - DAG(s) 'example_sla_dag' retrieved from /home/airflow/.local/lib/python3.12/site-packages/airflow/example_dags/example_sla_dag.py
[2025-03-12T23:44:01.827+0000] {logging_mixin.py:190} INFO - [2025-03-12T23:44:01.826+0000] {dag.py:3239} INFO - Sync 1 DAGs
[2025-03-12T23:44:01.854+0000] {logging_mixin.py:190} INFO - [2025-03-12T23:44:01.854+0000] {dag.py:4180} INFO - Setting next_dagrun for example_sla_dag to 2025-03-12 23:42:00+00:00, run_after=2025-03-12 23:44:00+00:00
[2025-03-12T23:44:01.878+0000] {processor.py:208} INFO - Processing /home/airflow/.local/lib/python3.12/site-packages/airflow/example_dags/example_sla_dag.py took 0.106 seconds
[2025-03-12T23:44:32.548+0000] {processor.py:186} INFO - Started process (PID=1837) to work on /home/airflow/.local/lib/python3.12/site-packages/airflow/example_dags/example_sla_dag.py
[2025-03-12T23:44:32.549+0000] {processor.py:914} INFO - Processing file /home/airflow/.local/lib/python3.12/site-packages/airflow/example_dags/example_sla_dag.py for tasks to queue
[2025-03-12T23:44:32.550+0000] {logging_mixin.py:190} INFO - [2025-03-12T23:44:32.550+0000] {dagbag.py:588} INFO - Filling up the DagBag from /home/airflow/.local/lib/python3.12/site-packages/airflow/example_dags/example_sla_dag.py
[2025-03-12T23:44:32.559+0000] {processor.py:925} INFO - DAG(s) 'example_sla_dag' retrieved from /home/airflow/.local/lib/python3.12/site-packages/airflow/example_dags/example_sla_dag.py
[2025-03-12T23:44:32.577+0000] {logging_mixin.py:190} INFO - [2025-03-12T23:44:32.577+0000] {dag.py:3239} INFO - Sync 1 DAGs
[2025-03-12T23:44:32.600+0000] {logging_mixin.py:190} INFO - [2025-03-12T23:44:32.600+0000] {dag.py:4180} INFO - Setting next_dagrun for example_sla_dag to 2025-03-12 23:42:00+00:00, run_after=2025-03-12 23:44:00+00:00
[2025-03-12T23:44:32.621+0000] {processor.py:208} INFO - Processing /home/airflow/.local/lib/python3.12/site-packages/airflow/example_dags/example_sla_dag.py took 0.078 seconds
[2025-03-12T23:45:03.199+0000] {processor.py:186} INFO - Started process (PID=1903) to work on /home/airflow/.local/lib/python3.12/site-packages/airflow/example_dags/example_sla_dag.py
[2025-03-12T23:45:03.202+0000] {processor.py:914} INFO - Processing file /home/airflow/.local/lib/python3.12/site-packages/airflow/example_dags/example_sla_dag.py for tasks to queue
[2025-03-12T23:45:03.206+0000] {logging_mixin.py:190} INFO - [2025-03-12T23:45:03.205+0000] {dagbag.py:588} INFO - Filling up the DagBag from /home/airflow/.local/lib/python3.12/site-packages/airflow/example_dags/example_sla_dag.py
[2025-03-12T23:45:03.222+0000] {processor.py:925} INFO - DAG(s) 'example_sla_dag' retrieved from /home/airflow/.local/lib/python3.12/site-packages/airflow/example_dags/example_sla_dag.py
[2025-03-12T23:45:03.247+0000] {logging_mixin.py:190} INFO - [2025-03-12T23:45:03.247+0000] {dag.py:3239} INFO - Sync 1 DAGs
[2025-03-12T23:45:03.284+0000] {logging_mixin.py:190} INFO - [2025-03-12T23:45:03.284+0000] {dag.py:4180} INFO - Setting next_dagrun for example_sla_dag to 2025-03-12 23:42:00+00:00, run_after=2025-03-12 23:44:00+00:00
[2025-03-12T23:45:03.309+0000] {processor.py:208} INFO - Processing /home/airflow/.local/lib/python3.12/site-packages/airflow/example_dags/example_sla_dag.py took 0.122 seconds
[2025-03-12T23:45:33.427+0000] {processor.py:186} INFO - Started process (PID=1969) to work on /home/airflow/.local/lib/python3.12/site-packages/airflow/example_dags/example_sla_dag.py
[2025-03-12T23:45:33.430+0000] {processor.py:914} INFO - Processing file /home/airflow/.local/lib/python3.12/site-packages/airflow/example_dags/example_sla_dag.py for tasks to queue
[2025-03-12T23:45:33.434+0000] {logging_mixin.py:190} INFO - [2025-03-12T23:45:33.434+0000] {dagbag.py:588} INFO - Filling up the DagBag from /home/airflow/.local/lib/python3.12/site-packages/airflow/example_dags/example_sla_dag.py
[2025-03-12T23:45:33.455+0000] {processor.py:925} INFO - DAG(s) 'example_sla_dag' retrieved from /home/airflow/.local/lib/python3.12/site-packages/airflow/example_dags/example_sla_dag.py
[2025-03-12T23:45:33.486+0000] {logging_mixin.py:190} INFO - [2025-03-12T23:45:33.486+0000] {dag.py:3239} INFO - Sync 1 DAGs
[2025-03-12T23:45:33.513+0000] {logging_mixin.py:190} INFO - [2025-03-12T23:45:33.513+0000] {dag.py:4180} INFO - Setting next_dagrun for example_sla_dag to 2025-03-12 23:42:00+00:00, run_after=2025-03-12 23:44:00+00:00
[2025-03-12T23:45:33.541+0000] {processor.py:208} INFO - Processing /home/airflow/.local/lib/python3.12/site-packages/airflow/example_dags/example_sla_dag.py took 0.128 seconds
[2025-03-12T23:46:03.978+0000] {processor.py:186} INFO - Started process (PID=2035) to work on /home/airflow/.local/lib/python3.12/site-packages/airflow/example_dags/example_sla_dag.py
[2025-03-12T23:46:03.981+0000] {processor.py:914} INFO - Processing file /home/airflow/.local/lib/python3.12/site-packages/airflow/example_dags/example_sla_dag.py for tasks to queue
[2025-03-12T23:46:03.983+0000] {logging_mixin.py:190} INFO - [2025-03-12T23:46:03.982+0000] {dagbag.py:588} INFO - Filling up the DagBag from /home/airflow/.local/lib/python3.12/site-packages/airflow/example_dags/example_sla_dag.py
[2025-03-12T23:46:03.996+0000] {processor.py:925} INFO - DAG(s) 'example_sla_dag' retrieved from /home/airflow/.local/lib/python3.12/site-packages/airflow/example_dags/example_sla_dag.py
[2025-03-12T23:46:04.017+0000] {logging_mixin.py:190} INFO - [2025-03-12T23:46:04.017+0000] {dag.py:3239} INFO - Sync 1 DAGs
[2025-03-12T23:46:04.047+0000] {logging_mixin.py:190} INFO - [2025-03-12T23:46:04.047+0000] {dag.py:4180} INFO - Setting next_dagrun for example_sla_dag to 2025-03-12 23:44:00+00:00, run_after=2025-03-12 23:46:00+00:00
[2025-03-12T23:46:04.068+0000] {processor.py:208} INFO - Processing /home/airflow/.local/lib/python3.12/site-packages/airflow/example_dags/example_sla_dag.py took 0.102 seconds
[2025-03-12T23:46:34.119+0000] {processor.py:186} INFO - Started process (PID=2101) to work on /home/airflow/.local/lib/python3.12/site-packages/airflow/example_dags/example_sla_dag.py
[2025-03-12T23:46:34.120+0000] {processor.py:914} INFO - Processing file /home/airflow/.local/lib/python3.12/site-packages/airflow/example_dags/example_sla_dag.py for tasks to queue
[2025-03-12T23:46:34.122+0000] {logging_mixin.py:190} INFO - [2025-03-12T23:46:34.121+0000] {dagbag.py:588} INFO - Filling up the DagBag from /home/airflow/.local/lib/python3.12/site-packages/airflow/example_dags/example_sla_dag.py
[2025-03-12T23:46:34.131+0000] {processor.py:925} INFO - DAG(s) 'example_sla_dag' retrieved from /home/airflow/.local/lib/python3.12/site-packages/airflow/example_dags/example_sla_dag.py
[2025-03-12T23:46:34.151+0000] {logging_mixin.py:190} INFO - [2025-03-12T23:46:34.151+0000] {dag.py:3239} INFO - Sync 1 DAGs
[2025-03-12T23:46:34.197+0000] {logging_mixin.py:190} INFO - [2025-03-12T23:46:34.197+0000] {dag.py:4180} INFO - Setting next_dagrun for example_sla_dag to 2025-03-12 23:44:00+00:00, run_after=2025-03-12 23:46:00+00:00
[2025-03-12T23:46:34.236+0000] {processor.py:208} INFO - Processing /home/airflow/.local/lib/python3.12/site-packages/airflow/example_dags/example_sla_dag.py took 0.124 seconds
[2025-03-12T23:47:04.720+0000] {processor.py:186} INFO - Started process (PID=2167) to work on /home/airflow/.local/lib/python3.12/site-packages/airflow/example_dags/example_sla_dag.py
[2025-03-12T23:47:04.721+0000] {processor.py:914} INFO - Processing file /home/airflow/.local/lib/python3.12/site-packages/airflow/example_dags/example_sla_dag.py for tasks to queue
[2025-03-12T23:47:04.723+0000] {logging_mixin.py:190} INFO - [2025-03-12T23:47:04.722+0000] {dagbag.py:588} INFO - Filling up the DagBag from /home/airflow/.local/lib/python3.12/site-packages/airflow/example_dags/example_sla_dag.py
[2025-03-12T23:47:04.732+0000] {processor.py:925} INFO - DAG(s) 'example_sla_dag' retrieved from /home/airflow/.local/lib/python3.12/site-packages/airflow/example_dags/example_sla_dag.py
[2025-03-12T23:47:04.752+0000] {logging_mixin.py:190} INFO - [2025-03-12T23:47:04.751+0000] {dag.py:3239} INFO - Sync 1 DAGs
[2025-03-12T23:47:04.778+0000] {logging_mixin.py:190} INFO - [2025-03-12T23:47:04.777+0000] {dag.py:4180} INFO - Setting next_dagrun for example_sla_dag to 2025-03-12 23:44:00+00:00, run_after=2025-03-12 23:46:00+00:00
[2025-03-12T23:47:04.799+0000] {processor.py:208} INFO - Processing /home/airflow/.local/lib/python3.12/site-packages/airflow/example_dags/example_sla_dag.py took 0.085 seconds
[2025-03-12T23:47:35.482+0000] {processor.py:186} INFO - Started process (PID=2233) to work on /home/airflow/.local/lib/python3.12/site-packages/airflow/example_dags/example_sla_dag.py
[2025-03-12T23:47:35.483+0000] {processor.py:914} INFO - Processing file /home/airflow/.local/lib/python3.12/site-packages/airflow/example_dags/example_sla_dag.py for tasks to queue
[2025-03-12T23:47:35.485+0000] {logging_mixin.py:190} INFO - [2025-03-12T23:47:35.484+0000] {dagbag.py:588} INFO - Filling up the DagBag from /home/airflow/.local/lib/python3.12/site-packages/airflow/example_dags/example_sla_dag.py
[2025-03-12T23:47:35.493+0000] {processor.py:925} INFO - DAG(s) 'example_sla_dag' retrieved from /home/airflow/.local/lib/python3.12/site-packages/airflow/example_dags/example_sla_dag.py
[2025-03-12T23:47:35.511+0000] {logging_mixin.py:190} INFO - [2025-03-12T23:47:35.511+0000] {dag.py:3239} INFO - Sync 1 DAGs
[2025-03-12T23:47:35.535+0000] {logging_mixin.py:190} INFO - [2025-03-12T23:47:35.534+0000] {dag.py:4180} INFO - Setting next_dagrun for example_sla_dag to 2025-03-12 23:44:00+00:00, run_after=2025-03-12 23:46:00+00:00
[2025-03-12T23:47:35.552+0000] {processor.py:208} INFO - Processing /home/airflow/.local/lib/python3.12/site-packages/airflow/example_dags/example_sla_dag.py took 0.075 seconds
[2025-03-12T23:48:05.970+0000] {processor.py:186} INFO - Started process (PID=2299) to work on /home/airflow/.local/lib/python3.12/site-packages/airflow/example_dags/example_sla_dag.py
[2025-03-12T23:48:05.971+0000] {processor.py:914} INFO - Processing file /home/airflow/.local/lib/python3.12/site-packages/airflow/example_dags/example_sla_dag.py for tasks to queue
[2025-03-12T23:48:05.972+0000] {logging_mixin.py:190} INFO - [2025-03-12T23:48:05.972+0000] {dagbag.py:588} INFO - Filling up the DagBag from /home/airflow/.local/lib/python3.12/site-packages/airflow/example_dags/example_sla_dag.py
[2025-03-12T23:48:05.982+0000] {processor.py:925} INFO - DAG(s) 'example_sla_dag' retrieved from /home/airflow/.local/lib/python3.12/site-packages/airflow/example_dags/example_sla_dag.py
[2025-03-12T23:48:06.004+0000] {logging_mixin.py:190} INFO - [2025-03-12T23:48:06.004+0000] {dag.py:3239} INFO - Sync 1 DAGs
[2025-03-12T23:48:06.038+0000] {logging_mixin.py:190} INFO - [2025-03-12T23:48:06.037+0000] {dag.py:4180} INFO - Setting next_dagrun for example_sla_dag to 2025-03-12 23:46:00+00:00, run_after=2025-03-12 23:48:00+00:00
[2025-03-12T23:48:06.062+0000] {processor.py:208} INFO - Processing /home/airflow/.local/lib/python3.12/site-packages/airflow/example_dags/example_sla_dag.py took 0.098 seconds
[2025-03-12T23:48:37.422+0000] {processor.py:186} INFO - Started process (PID=2365) to work on /home/airflow/.local/lib/python3.12/site-packages/airflow/example_dags/example_sla_dag.py
[2025-03-12T23:48:37.425+0000] {processor.py:914} INFO - Processing file /home/airflow/.local/lib/python3.12/site-packages/airflow/example_dags/example_sla_dag.py for tasks to queue
[2025-03-12T23:48:37.429+0000] {logging_mixin.py:190} INFO - [2025-03-12T23:48:37.429+0000] {dagbag.py:588} INFO - Filling up the DagBag from /home/airflow/.local/lib/python3.12/site-packages/airflow/example_dags/example_sla_dag.py
[2025-03-12T23:48:37.461+0000] {processor.py:925} INFO - DAG(s) 'example_sla_dag' retrieved from /home/airflow/.local/lib/python3.12/site-packages/airflow/example_dags/example_sla_dag.py
[2025-03-12T23:48:37.542+0000] {logging_mixin.py:190} INFO - [2025-03-12T23:48:37.541+0000] {dag.py:3239} INFO - Sync 1 DAGs
[2025-03-12T23:48:37.639+0000] {logging_mixin.py:190} INFO - [2025-03-12T23:48:37.639+0000] {dag.py:4180} INFO - Setting next_dagrun for example_sla_dag to 2025-03-12 23:46:00+00:00, run_after=2025-03-12 23:48:00+00:00
[2025-03-12T23:48:37.723+0000] {processor.py:208} INFO - Processing /home/airflow/.local/lib/python3.12/site-packages/airflow/example_dags/example_sla_dag.py took 0.313 seconds
[2025-03-12T23:49:08.081+0000] {processor.py:186} INFO - Started process (PID=2431) to work on /home/airflow/.local/lib/python3.12/site-packages/airflow/example_dags/example_sla_dag.py
[2025-03-12T23:49:08.083+0000] {processor.py:914} INFO - Processing file /home/airflow/.local/lib/python3.12/site-packages/airflow/example_dags/example_sla_dag.py for tasks to queue
[2025-03-12T23:49:08.084+0000] {logging_mixin.py:190} INFO - [2025-03-12T23:49:08.084+0000] {dagbag.py:588} INFO - Filling up the DagBag from /home/airflow/.local/lib/python3.12/site-packages/airflow/example_dags/example_sla_dag.py
[2025-03-12T23:49:08.094+0000] {processor.py:925} INFO - DAG(s) 'example_sla_dag' retrieved from /home/airflow/.local/lib/python3.12/site-packages/airflow/example_dags/example_sla_dag.py
[2025-03-12T23:49:08.118+0000] {logging_mixin.py:190} INFO - [2025-03-12T23:49:08.118+0000] {dag.py:3239} INFO - Sync 1 DAGs
[2025-03-12T23:49:08.145+0000] {logging_mixin.py:190} INFO - [2025-03-12T23:49:08.145+0000] {dag.py:4180} INFO - Setting next_dagrun for example_sla_dag to 2025-03-12 23:46:00+00:00, run_after=2025-03-12 23:48:00+00:00
[2025-03-12T23:49:08.167+0000] {processor.py:208} INFO - Processing /home/airflow/.local/lib/python3.12/site-packages/airflow/example_dags/example_sla_dag.py took 0.091 seconds
[2025-03-12T23:49:38.611+0000] {processor.py:186} INFO - Started process (PID=2497) to work on /home/airflow/.local/lib/python3.12/site-packages/airflow/example_dags/example_sla_dag.py
[2025-03-12T23:49:38.612+0000] {processor.py:914} INFO - Processing file /home/airflow/.local/lib/python3.12/site-packages/airflow/example_dags/example_sla_dag.py for tasks to queue
[2025-03-12T23:49:38.615+0000] {logging_mixin.py:190} INFO - [2025-03-12T23:49:38.615+0000] {dagbag.py:588} INFO - Filling up the DagBag from /home/airflow/.local/lib/python3.12/site-packages/airflow/example_dags/example_sla_dag.py
[2025-03-12T23:49:38.625+0000] {processor.py:925} INFO - DAG(s) 'example_sla_dag' retrieved from /home/airflow/.local/lib/python3.12/site-packages/airflow/example_dags/example_sla_dag.py
[2025-03-12T23:49:38.648+0000] {logging_mixin.py:190} INFO - [2025-03-12T23:49:38.648+0000] {dag.py:3239} INFO - Sync 1 DAGs
[2025-03-12T23:49:38.682+0000] {logging_mixin.py:190} INFO - [2025-03-12T23:49:38.682+0000] {dag.py:4180} INFO - Setting next_dagrun for example_sla_dag to 2025-03-12 23:46:00+00:00, run_after=2025-03-12 23:48:00+00:00
[2025-03-12T23:49:38.705+0000] {processor.py:208} INFO - Processing /home/airflow/.local/lib/python3.12/site-packages/airflow/example_dags/example_sla_dag.py took 0.099 seconds
[2025-03-12T23:50:08.880+0000] {processor.py:186} INFO - Started process (PID=2563) to work on /home/airflow/.local/lib/python3.12/site-packages/airflow/example_dags/example_sla_dag.py
[2025-03-12T23:50:08.882+0000] {processor.py:914} INFO - Processing file /home/airflow/.local/lib/python3.12/site-packages/airflow/example_dags/example_sla_dag.py for tasks to queue
[2025-03-12T23:50:08.884+0000] {logging_mixin.py:190} INFO - [2025-03-12T23:50:08.883+0000] {dagbag.py:588} INFO - Filling up the DagBag from /home/airflow/.local/lib/python3.12/site-packages/airflow/example_dags/example_sla_dag.py
[2025-03-12T23:50:08.895+0000] {processor.py:925} INFO - DAG(s) 'example_sla_dag' retrieved from /home/airflow/.local/lib/python3.12/site-packages/airflow/example_dags/example_sla_dag.py
[2025-03-12T23:50:08.919+0000] {logging_mixin.py:190} INFO - [2025-03-12T23:50:08.918+0000] {dag.py:3239} INFO - Sync 1 DAGs
[2025-03-12T23:50:08.948+0000] {logging_mixin.py:190} INFO - [2025-03-12T23:50:08.947+0000] {dag.py:4180} INFO - Setting next_dagrun for example_sla_dag to 2025-03-12 23:48:00+00:00, run_after=2025-03-12 23:50:00+00:00
[2025-03-12T23:50:08.975+0000] {processor.py:208} INFO - Processing /home/airflow/.local/lib/python3.12/site-packages/airflow/example_dags/example_sla_dag.py took 0.101 seconds
[2025-03-12T23:50:39.699+0000] {processor.py:186} INFO - Started process (PID=2630) to work on /home/airflow/.local/lib/python3.12/site-packages/airflow/example_dags/example_sla_dag.py
[2025-03-12T23:50:39.701+0000] {processor.py:914} INFO - Processing file /home/airflow/.local/lib/python3.12/site-packages/airflow/example_dags/example_sla_dag.py for tasks to queue
[2025-03-12T23:50:39.703+0000] {logging_mixin.py:190} INFO - [2025-03-12T23:50:39.703+0000] {dagbag.py:588} INFO - Filling up the DagBag from /home/airflow/.local/lib/python3.12/site-packages/airflow/example_dags/example_sla_dag.py
[2025-03-12T23:50:39.720+0000] {processor.py:925} INFO - DAG(s) 'example_sla_dag' retrieved from /home/airflow/.local/lib/python3.12/site-packages/airflow/example_dags/example_sla_dag.py
[2025-03-12T23:50:39.764+0000] {logging_mixin.py:190} INFO - [2025-03-12T23:50:39.764+0000] {dag.py:3239} INFO - Sync 1 DAGs
[2025-03-12T23:50:39.826+0000] {logging_mixin.py:190} INFO - [2025-03-12T23:50:39.825+0000] {dag.py:4180} INFO - Setting next_dagrun for example_sla_dag to 2025-03-12 23:48:00+00:00, run_after=2025-03-12 23:50:00+00:00
[2025-03-12T23:50:39.858+0000] {processor.py:208} INFO - Processing /home/airflow/.local/lib/python3.12/site-packages/airflow/example_dags/example_sla_dag.py took 0.166 seconds
[2025-03-12T23:51:10.516+0000] {processor.py:186} INFO - Started process (PID=2696) to work on /home/airflow/.local/lib/python3.12/site-packages/airflow/example_dags/example_sla_dag.py
[2025-03-12T23:51:10.521+0000] {processor.py:914} INFO - Processing file /home/airflow/.local/lib/python3.12/site-packages/airflow/example_dags/example_sla_dag.py for tasks to queue
[2025-03-12T23:51:10.523+0000] {logging_mixin.py:190} INFO - [2025-03-12T23:51:10.523+0000] {dagbag.py:588} INFO - Filling up the DagBag from /home/airflow/.local/lib/python3.12/site-packages/airflow/example_dags/example_sla_dag.py
[2025-03-12T23:51:10.534+0000] {processor.py:925} INFO - DAG(s) 'example_sla_dag' retrieved from /home/airflow/.local/lib/python3.12/site-packages/airflow/example_dags/example_sla_dag.py
[2025-03-12T23:51:10.561+0000] {logging_mixin.py:190} INFO - [2025-03-12T23:51:10.560+0000] {dag.py:3239} INFO - Sync 1 DAGs
[2025-03-12T23:51:10.591+0000] {logging_mixin.py:190} INFO - [2025-03-12T23:51:10.590+0000] {dag.py:4180} INFO - Setting next_dagrun for example_sla_dag to 2025-03-12 23:48:00+00:00, run_after=2025-03-12 23:50:00+00:00
[2025-03-12T23:51:10.666+0000] {processor.py:208} INFO - Processing /home/airflow/.local/lib/python3.12/site-packages/airflow/example_dags/example_sla_dag.py took 0.156 seconds
[2025-03-12T23:51:41.118+0000] {processor.py:186} INFO - Started process (PID=2762) to work on /home/airflow/.local/lib/python3.12/site-packages/airflow/example_dags/example_sla_dag.py
[2025-03-12T23:51:41.119+0000] {processor.py:914} INFO - Processing file /home/airflow/.local/lib/python3.12/site-packages/airflow/example_dags/example_sla_dag.py for tasks to queue
[2025-03-12T23:51:41.121+0000] {logging_mixin.py:190} INFO - [2025-03-12T23:51:41.121+0000] {dagbag.py:588} INFO - Filling up the DagBag from /home/airflow/.local/lib/python3.12/site-packages/airflow/example_dags/example_sla_dag.py
[2025-03-12T23:51:41.135+0000] {processor.py:925} INFO - DAG(s) 'example_sla_dag' retrieved from /home/airflow/.local/lib/python3.12/site-packages/airflow/example_dags/example_sla_dag.py
[2025-03-12T23:51:41.164+0000] {logging_mixin.py:190} INFO - [2025-03-12T23:51:41.163+0000] {dag.py:3239} INFO - Sync 1 DAGs
[2025-03-12T23:51:41.206+0000] {logging_mixin.py:190} INFO - [2025-03-12T23:51:41.206+0000] {dag.py:4180} INFO - Setting next_dagrun for example_sla_dag to 2025-03-12 23:48:00+00:00, run_after=2025-03-12 23:50:00+00:00
[2025-03-12T23:51:41.243+0000] {processor.py:208} INFO - Processing /home/airflow/.local/lib/python3.12/site-packages/airflow/example_dags/example_sla_dag.py took 0.131 seconds
[2025-03-12T23:52:11.601+0000] {processor.py:186} INFO - Started process (PID=2827) to work on /home/airflow/.local/lib/python3.12/site-packages/airflow/example_dags/example_sla_dag.py
[2025-03-12T23:52:11.603+0000] {processor.py:914} INFO - Processing file /home/airflow/.local/lib/python3.12/site-packages/airflow/example_dags/example_sla_dag.py for tasks to queue
[2025-03-12T23:52:11.606+0000] {logging_mixin.py:190} INFO - [2025-03-12T23:52:11.605+0000] {dagbag.py:588} INFO - Filling up the DagBag from /home/airflow/.local/lib/python3.12/site-packages/airflow/example_dags/example_sla_dag.py
[2025-03-12T23:52:11.620+0000] {processor.py:925} INFO - DAG(s) 'example_sla_dag' retrieved from /home/airflow/.local/lib/python3.12/site-packages/airflow/example_dags/example_sla_dag.py
[2025-03-12T23:52:11.656+0000] {logging_mixin.py:190} INFO - [2025-03-12T23:52:11.656+0000] {dag.py:3239} INFO - Sync 1 DAGs
[2025-03-12T23:52:11.703+0000] {logging_mixin.py:190} INFO - [2025-03-12T23:52:11.702+0000] {dag.py:4180} INFO - Setting next_dagrun for example_sla_dag to 2025-03-12 23:50:00+00:00, run_after=2025-03-12 23:52:00+00:00
[2025-03-12T23:52:11.746+0000] {processor.py:208} INFO - Processing /home/airflow/.local/lib/python3.12/site-packages/airflow/example_dags/example_sla_dag.py took 0.152 seconds
[2025-03-12T23:52:42.300+0000] {processor.py:186} INFO - Started process (PID=2892) to work on /home/airflow/.local/lib/python3.12/site-packages/airflow/example_dags/example_sla_dag.py
[2025-03-12T23:52:42.302+0000] {processor.py:914} INFO - Processing file /home/airflow/.local/lib/python3.12/site-packages/airflow/example_dags/example_sla_dag.py for tasks to queue
[2025-03-12T23:52:42.303+0000] {logging_mixin.py:190} INFO - [2025-03-12T23:52:42.303+0000] {dagbag.py:588} INFO - Filling up the DagBag from /home/airflow/.local/lib/python3.12/site-packages/airflow/example_dags/example_sla_dag.py
[2025-03-12T23:52:42.314+0000] {processor.py:925} INFO - DAG(s) 'example_sla_dag' retrieved from /home/airflow/.local/lib/python3.12/site-packages/airflow/example_dags/example_sla_dag.py
[2025-03-12T23:52:42.333+0000] {logging_mixin.py:190} INFO - [2025-03-12T23:52:42.333+0000] {dag.py:3239} INFO - Sync 1 DAGs
[2025-03-12T23:52:42.358+0000] {logging_mixin.py:190} INFO - [2025-03-12T23:52:42.357+0000] {dag.py:4180} INFO - Setting next_dagrun for example_sla_dag to 2025-03-12 23:50:00+00:00, run_after=2025-03-12 23:52:00+00:00
[2025-03-12T23:52:42.375+0000] {processor.py:208} INFO - Processing /home/airflow/.local/lib/python3.12/site-packages/airflow/example_dags/example_sla_dag.py took 0.081 seconds
[2025-03-12T23:53:12.725+0000] {processor.py:186} INFO - Started process (PID=2958) to work on /home/airflow/.local/lib/python3.12/site-packages/airflow/example_dags/example_sla_dag.py
[2025-03-12T23:53:12.726+0000] {processor.py:914} INFO - Processing file /home/airflow/.local/lib/python3.12/site-packages/airflow/example_dags/example_sla_dag.py for tasks to queue
[2025-03-12T23:53:12.728+0000] {logging_mixin.py:190} INFO - [2025-03-12T23:53:12.728+0000] {dagbag.py:588} INFO - Filling up the DagBag from /home/airflow/.local/lib/python3.12/site-packages/airflow/example_dags/example_sla_dag.py
[2025-03-12T23:53:12.738+0000] {processor.py:925} INFO - DAG(s) 'example_sla_dag' retrieved from /home/airflow/.local/lib/python3.12/site-packages/airflow/example_dags/example_sla_dag.py
[2025-03-12T23:53:12.759+0000] {logging_mixin.py:190} INFO - [2025-03-12T23:53:12.758+0000] {dag.py:3239} INFO - Sync 1 DAGs
[2025-03-12T23:53:12.784+0000] {logging_mixin.py:190} INFO - [2025-03-12T23:53:12.783+0000] {dag.py:4180} INFO - Setting next_dagrun for example_sla_dag to 2025-03-12 23:50:00+00:00, run_after=2025-03-12 23:52:00+00:00
[2025-03-12T23:53:12.806+0000] {processor.py:208} INFO - Processing /home/airflow/.local/lib/python3.12/site-packages/airflow/example_dags/example_sla_dag.py took 0.088 seconds
[2025-03-12T23:53:42.999+0000] {processor.py:186} INFO - Started process (PID=3025) to work on /home/airflow/.local/lib/python3.12/site-packages/airflow/example_dags/example_sla_dag.py
[2025-03-12T23:53:43.000+0000] {processor.py:914} INFO - Processing file /home/airflow/.local/lib/python3.12/site-packages/airflow/example_dags/example_sla_dag.py for tasks to queue
[2025-03-12T23:53:43.002+0000] {logging_mixin.py:190} INFO - [2025-03-12T23:53:43.001+0000] {dagbag.py:588} INFO - Filling up the DagBag from /home/airflow/.local/lib/python3.12/site-packages/airflow/example_dags/example_sla_dag.py
[2025-03-12T23:53:43.012+0000] {processor.py:925} INFO - DAG(s) 'example_sla_dag' retrieved from /home/airflow/.local/lib/python3.12/site-packages/airflow/example_dags/example_sla_dag.py
[2025-03-12T23:53:43.031+0000] {logging_mixin.py:190} INFO - [2025-03-12T23:53:43.031+0000] {dag.py:3239} INFO - Sync 1 DAGs
[2025-03-12T23:53:43.055+0000] {logging_mixin.py:190} INFO - [2025-03-12T23:53:43.055+0000] {dag.py:4180} INFO - Setting next_dagrun for example_sla_dag to 2025-03-12 23:50:00+00:00, run_after=2025-03-12 23:52:00+00:00
[2025-03-12T23:53:43.075+0000] {processor.py:208} INFO - Processing /home/airflow/.local/lib/python3.12/site-packages/airflow/example_dags/example_sla_dag.py took 0.081 seconds
[2025-03-12T23:54:13.243+0000] {processor.py:186} INFO - Started process (PID=3088) to work on /home/airflow/.local/lib/python3.12/site-packages/airflow/example_dags/example_sla_dag.py
[2025-03-12T23:54:13.244+0000] {processor.py:914} INFO - Processing file /home/airflow/.local/lib/python3.12/site-packages/airflow/example_dags/example_sla_dag.py for tasks to queue
[2025-03-12T23:54:13.245+0000] {logging_mixin.py:190} INFO - [2025-03-12T23:54:13.245+0000] {dagbag.py:588} INFO - Filling up the DagBag from /home/airflow/.local/lib/python3.12/site-packages/airflow/example_dags/example_sla_dag.py
[2025-03-12T23:54:13.254+0000] {processor.py:925} INFO - DAG(s) 'example_sla_dag' retrieved from /home/airflow/.local/lib/python3.12/site-packages/airflow/example_dags/example_sla_dag.py
[2025-03-12T23:54:13.271+0000] {logging_mixin.py:190} INFO - [2025-03-12T23:54:13.271+0000] {dag.py:3239} INFO - Sync 1 DAGs
[2025-03-12T23:54:13.293+0000] {logging_mixin.py:190} INFO - [2025-03-12T23:54:13.293+0000] {dag.py:4180} INFO - Setting next_dagrun for example_sla_dag to 2025-03-12 23:52:00+00:00, run_after=2025-03-12 23:54:00+00:00
[2025-03-12T23:54:13.311+0000] {processor.py:208} INFO - Processing /home/airflow/.local/lib/python3.12/site-packages/airflow/example_dags/example_sla_dag.py took 0.073 seconds
[2025-03-12T23:54:45.572+0000] {processor.py:186} INFO - Started process (PID=3149) to work on /home/airflow/.local/lib/python3.12/site-packages/airflow/example_dags/example_sla_dag.py
[2025-03-12T23:54:45.573+0000] {processor.py:914} INFO - Processing file /home/airflow/.local/lib/python3.12/site-packages/airflow/example_dags/example_sla_dag.py for tasks to queue
[2025-03-12T23:54:45.575+0000] {logging_mixin.py:190} INFO - [2025-03-12T23:54:45.575+0000] {dagbag.py:588} INFO - Filling up the DagBag from /home/airflow/.local/lib/python3.12/site-packages/airflow/example_dags/example_sla_dag.py
[2025-03-12T23:54:45.584+0000] {processor.py:925} INFO - DAG(s) 'example_sla_dag' retrieved from /home/airflow/.local/lib/python3.12/site-packages/airflow/example_dags/example_sla_dag.py
[2025-03-12T23:54:45.604+0000] {logging_mixin.py:190} INFO - [2025-03-12T23:54:45.603+0000] {dag.py:3239} INFO - Sync 1 DAGs
[2025-03-12T23:54:45.629+0000] {logging_mixin.py:190} INFO - [2025-03-12T23:54:45.629+0000] {dag.py:4180} INFO - Setting next_dagrun for example_sla_dag to 2025-03-12 23:52:00+00:00, run_after=2025-03-12 23:54:00+00:00
[2025-03-12T23:54:45.649+0000] {processor.py:208} INFO - Processing /home/airflow/.local/lib/python3.12/site-packages/airflow/example_dags/example_sla_dag.py took 0.082 seconds
[2025-03-12T23:55:17.121+0000] {processor.py:186} INFO - Started process (PID=3209) to work on /home/airflow/.local/lib/python3.12/site-packages/airflow/example_dags/example_sla_dag.py
[2025-03-12T23:55:17.125+0000] {processor.py:914} INFO - Processing file /home/airflow/.local/lib/python3.12/site-packages/airflow/example_dags/example_sla_dag.py for tasks to queue
[2025-03-12T23:55:17.127+0000] {logging_mixin.py:190} INFO - [2025-03-12T23:55:17.126+0000] {dagbag.py:588} INFO - Filling up the DagBag from /home/airflow/.local/lib/python3.12/site-packages/airflow/example_dags/example_sla_dag.py
[2025-03-12T23:55:17.140+0000] {processor.py:925} INFO - DAG(s) 'example_sla_dag' retrieved from /home/airflow/.local/lib/python3.12/site-packages/airflow/example_dags/example_sla_dag.py
[2025-03-12T23:55:17.166+0000] {logging_mixin.py:190} INFO - [2025-03-12T23:55:17.166+0000] {dag.py:3239} INFO - Sync 1 DAGs
[2025-03-12T23:55:17.380+0000] {logging_mixin.py:190} INFO - [2025-03-12T23:55:17.380+0000] {dag.py:4180} INFO - Setting next_dagrun for example_sla_dag to 2025-03-12 23:52:00+00:00, run_after=2025-03-12 23:54:00+00:00
[2025-03-12T23:55:17.399+0000] {processor.py:208} INFO - Processing /home/airflow/.local/lib/python3.12/site-packages/airflow/example_dags/example_sla_dag.py took 0.286 seconds
[2025-03-12T23:55:47.920+0000] {processor.py:186} INFO - Started process (PID=3275) to work on /home/airflow/.local/lib/python3.12/site-packages/airflow/example_dags/example_sla_dag.py
[2025-03-12T23:55:47.922+0000] {processor.py:914} INFO - Processing file /home/airflow/.local/lib/python3.12/site-packages/airflow/example_dags/example_sla_dag.py for tasks to queue
[2025-03-12T23:55:47.924+0000] {logging_mixin.py:190} INFO - [2025-03-12T23:55:47.924+0000] {dagbag.py:588} INFO - Filling up the DagBag from /home/airflow/.local/lib/python3.12/site-packages/airflow/example_dags/example_sla_dag.py
[2025-03-12T23:55:47.934+0000] {processor.py:925} INFO - DAG(s) 'example_sla_dag' retrieved from /home/airflow/.local/lib/python3.12/site-packages/airflow/example_dags/example_sla_dag.py
[2025-03-12T23:55:47.957+0000] {logging_mixin.py:190} INFO - [2025-03-12T23:55:47.957+0000] {dag.py:3239} INFO - Sync 1 DAGs
[2025-03-12T23:55:47.988+0000] {logging_mixin.py:190} INFO - [2025-03-12T23:55:47.988+0000] {dag.py:4180} INFO - Setting next_dagrun for example_sla_dag to 2025-03-12 23:52:00+00:00, run_after=2025-03-12 23:54:00+00:00
[2025-03-12T23:55:48.203+0000] {processor.py:208} INFO - Processing /home/airflow/.local/lib/python3.12/site-packages/airflow/example_dags/example_sla_dag.py took 0.289 seconds
[2025-03-12T23:56:18.528+0000] {processor.py:186} INFO - Started process (PID=3341) to work on /home/airflow/.local/lib/python3.12/site-packages/airflow/example_dags/example_sla_dag.py
[2025-03-12T23:56:18.529+0000] {processor.py:914} INFO - Processing file /home/airflow/.local/lib/python3.12/site-packages/airflow/example_dags/example_sla_dag.py for tasks to queue
[2025-03-12T23:56:18.531+0000] {logging_mixin.py:190} INFO - [2025-03-12T23:56:18.530+0000] {dagbag.py:588} INFO - Filling up the DagBag from /home/airflow/.local/lib/python3.12/site-packages/airflow/example_dags/example_sla_dag.py
[2025-03-12T23:56:18.541+0000] {processor.py:925} INFO - DAG(s) 'example_sla_dag' retrieved from /home/airflow/.local/lib/python3.12/site-packages/airflow/example_dags/example_sla_dag.py
[2025-03-12T23:56:18.561+0000] {logging_mixin.py:190} INFO - [2025-03-12T23:56:18.561+0000] {dag.py:3239} INFO - Sync 1 DAGs
[2025-03-12T23:56:18.586+0000] {logging_mixin.py:190} INFO - [2025-03-12T23:56:18.586+0000] {dag.py:4180} INFO - Setting next_dagrun for example_sla_dag to 2025-03-12 23:54:00+00:00, run_after=2025-03-12 23:56:00+00:00
[2025-03-12T23:56:18.608+0000] {processor.py:208} INFO - Processing /home/airflow/.local/lib/python3.12/site-packages/airflow/example_dags/example_sla_dag.py took 0.085 seconds
[2025-03-12T23:56:49.138+0000] {processor.py:186} INFO - Started process (PID=3407) to work on /home/airflow/.local/lib/python3.12/site-packages/airflow/example_dags/example_sla_dag.py
[2025-03-12T23:56:49.139+0000] {processor.py:914} INFO - Processing file /home/airflow/.local/lib/python3.12/site-packages/airflow/example_dags/example_sla_dag.py for tasks to queue
[2025-03-12T23:56:49.141+0000] {logging_mixin.py:190} INFO - [2025-03-12T23:56:49.141+0000] {dagbag.py:588} INFO - Filling up the DagBag from /home/airflow/.local/lib/python3.12/site-packages/airflow/example_dags/example_sla_dag.py
[2025-03-12T23:56:49.151+0000] {processor.py:925} INFO - DAG(s) 'example_sla_dag' retrieved from /home/airflow/.local/lib/python3.12/site-packages/airflow/example_dags/example_sla_dag.py
[2025-03-12T23:56:49.175+0000] {logging_mixin.py:190} INFO - [2025-03-12T23:56:49.174+0000] {dag.py:3239} INFO - Sync 1 DAGs
[2025-03-12T23:56:49.199+0000] {logging_mixin.py:190} INFO - [2025-03-12T23:56:49.198+0000] {dag.py:4180} INFO - Setting next_dagrun for example_sla_dag to 2025-03-12 23:54:00+00:00, run_after=2025-03-12 23:56:00+00:00
[2025-03-12T23:56:49.219+0000] {processor.py:208} INFO - Processing /home/airflow/.local/lib/python3.12/site-packages/airflow/example_dags/example_sla_dag.py took 0.087 seconds
[2025-03-12T23:57:20.080+0000] {processor.py:186} INFO - Started process (PID=3473) to work on /home/airflow/.local/lib/python3.12/site-packages/airflow/example_dags/example_sla_dag.py
[2025-03-12T23:57:20.081+0000] {processor.py:914} INFO - Processing file /home/airflow/.local/lib/python3.12/site-packages/airflow/example_dags/example_sla_dag.py for tasks to queue
[2025-03-12T23:57:20.082+0000] {logging_mixin.py:190} INFO - [2025-03-12T23:57:20.082+0000] {dagbag.py:588} INFO - Filling up the DagBag from /home/airflow/.local/lib/python3.12/site-packages/airflow/example_dags/example_sla_dag.py
[2025-03-12T23:57:20.092+0000] {processor.py:925} INFO - DAG(s) 'example_sla_dag' retrieved from /home/airflow/.local/lib/python3.12/site-packages/airflow/example_dags/example_sla_dag.py
[2025-03-12T23:57:20.110+0000] {logging_mixin.py:190} INFO - [2025-03-12T23:57:20.110+0000] {dag.py:3239} INFO - Sync 1 DAGs
[2025-03-12T23:57:20.134+0000] {logging_mixin.py:190} INFO - [2025-03-12T23:57:20.133+0000] {dag.py:4180} INFO - Setting next_dagrun for example_sla_dag to 2025-03-12 23:54:00+00:00, run_after=2025-03-12 23:56:00+00:00
[2025-03-12T23:57:20.153+0000] {processor.py:208} INFO - Processing /home/airflow/.local/lib/python3.12/site-packages/airflow/example_dags/example_sla_dag.py took 0.078 seconds
[2025-03-12T23:57:50.277+0000] {processor.py:186} INFO - Started process (PID=3539) to work on /home/airflow/.local/lib/python3.12/site-packages/airflow/example_dags/example_sla_dag.py
[2025-03-12T23:57:50.290+0000] {processor.py:914} INFO - Processing file /home/airflow/.local/lib/python3.12/site-packages/airflow/example_dags/example_sla_dag.py for tasks to queue
[2025-03-12T23:57:50.292+0000] {logging_mixin.py:190} INFO - [2025-03-12T23:57:50.292+0000] {dagbag.py:588} INFO - Filling up the DagBag from /home/airflow/.local/lib/python3.12/site-packages/airflow/example_dags/example_sla_dag.py
[2025-03-12T23:57:50.313+0000] {processor.py:925} INFO - DAG(s) 'example_sla_dag' retrieved from /home/airflow/.local/lib/python3.12/site-packages/airflow/example_dags/example_sla_dag.py
[2025-03-12T23:57:50.347+0000] {logging_mixin.py:190} INFO - [2025-03-12T23:57:50.346+0000] {dag.py:3239} INFO - Sync 1 DAGs
[2025-03-12T23:57:50.388+0000] {logging_mixin.py:190} INFO - [2025-03-12T23:57:50.387+0000] {dag.py:4180} INFO - Setting next_dagrun for example_sla_dag to 2025-03-12 23:54:00+00:00, run_after=2025-03-12 23:56:00+00:00
[2025-03-12T23:57:50.409+0000] {processor.py:208} INFO - Processing /home/airflow/.local/lib/python3.12/site-packages/airflow/example_dags/example_sla_dag.py took 0.138 seconds
[2025-03-12T23:58:21.051+0000] {processor.py:186} INFO - Started process (PID=3605) to work on /home/airflow/.local/lib/python3.12/site-packages/airflow/example_dags/example_sla_dag.py
[2025-03-12T23:58:21.053+0000] {processor.py:914} INFO - Processing file /home/airflow/.local/lib/python3.12/site-packages/airflow/example_dags/example_sla_dag.py for tasks to queue
[2025-03-12T23:58:21.057+0000] {logging_mixin.py:190} INFO - [2025-03-12T23:58:21.056+0000] {dagbag.py:588} INFO - Filling up the DagBag from /home/airflow/.local/lib/python3.12/site-packages/airflow/example_dags/example_sla_dag.py
[2025-03-12T23:58:21.076+0000] {processor.py:925} INFO - DAG(s) 'example_sla_dag' retrieved from /home/airflow/.local/lib/python3.12/site-packages/airflow/example_dags/example_sla_dag.py
[2025-03-12T23:58:21.136+0000] {logging_mixin.py:190} INFO - [2025-03-12T23:58:21.135+0000] {dag.py:3239} INFO - Sync 1 DAGs
[2025-03-12T23:58:21.194+0000] {logging_mixin.py:190} INFO - [2025-03-12T23:58:21.193+0000] {dag.py:4180} INFO - Setting next_dagrun for example_sla_dag to 2025-03-12 23:56:00+00:00, run_after=2025-03-12 23:58:00+00:00
[2025-03-12T23:58:21.231+0000] {processor.py:208} INFO - Processing /home/airflow/.local/lib/python3.12/site-packages/airflow/example_dags/example_sla_dag.py took 0.189 seconds
[2025-03-12T23:58:52.022+0000] {processor.py:186} INFO - Started process (PID=3671) to work on /home/airflow/.local/lib/python3.12/site-packages/airflow/example_dags/example_sla_dag.py
[2025-03-12T23:58:52.024+0000] {processor.py:914} INFO - Processing file /home/airflow/.local/lib/python3.12/site-packages/airflow/example_dags/example_sla_dag.py for tasks to queue
[2025-03-12T23:58:52.025+0000] {logging_mixin.py:190} INFO - [2025-03-12T23:58:52.025+0000] {dagbag.py:588} INFO - Filling up the DagBag from /home/airflow/.local/lib/python3.12/site-packages/airflow/example_dags/example_sla_dag.py
[2025-03-12T23:58:52.034+0000] {processor.py:925} INFO - DAG(s) 'example_sla_dag' retrieved from /home/airflow/.local/lib/python3.12/site-packages/airflow/example_dags/example_sla_dag.py
[2025-03-12T23:58:52.053+0000] {logging_mixin.py:190} INFO - [2025-03-12T23:58:52.053+0000] {dag.py:3239} INFO - Sync 1 DAGs
[2025-03-12T23:58:52.077+0000] {logging_mixin.py:190} INFO - [2025-03-12T23:58:52.076+0000] {dag.py:4180} INFO - Setting next_dagrun for example_sla_dag to 2025-03-12 23:56:00+00:00, run_after=2025-03-12 23:58:00+00:00
[2025-03-12T23:58:52.109+0000] {processor.py:208} INFO - Processing /home/airflow/.local/lib/python3.12/site-packages/airflow/example_dags/example_sla_dag.py took 0.091 seconds
[2025-03-12T23:59:22.344+0000] {processor.py:186} INFO - Started process (PID=3736) to work on /home/airflow/.local/lib/python3.12/site-packages/airflow/example_dags/example_sla_dag.py
[2025-03-12T23:59:22.345+0000] {processor.py:914} INFO - Processing file /home/airflow/.local/lib/python3.12/site-packages/airflow/example_dags/example_sla_dag.py for tasks to queue
[2025-03-12T23:59:22.347+0000] {logging_mixin.py:190} INFO - [2025-03-12T23:59:22.346+0000] {dagbag.py:588} INFO - Filling up the DagBag from /home/airflow/.local/lib/python3.12/site-packages/airflow/example_dags/example_sla_dag.py
[2025-03-12T23:59:22.357+0000] {processor.py:925} INFO - DAG(s) 'example_sla_dag' retrieved from /home/airflow/.local/lib/python3.12/site-packages/airflow/example_dags/example_sla_dag.py
[2025-03-12T23:59:22.375+0000] {logging_mixin.py:190} INFO - [2025-03-12T23:59:22.375+0000] {dag.py:3239} INFO - Sync 1 DAGs
[2025-03-12T23:59:22.399+0000] {logging_mixin.py:190} INFO - [2025-03-12T23:59:22.399+0000] {dag.py:4180} INFO - Setting next_dagrun for example_sla_dag to 2025-03-12 23:56:00+00:00, run_after=2025-03-12 23:58:00+00:00
[2025-03-12T23:59:22.430+0000] {processor.py:208} INFO - Processing /home/airflow/.local/lib/python3.12/site-packages/airflow/example_dags/example_sla_dag.py took 0.092 seconds
[2025-03-12T23:59:53.017+0000] {processor.py:186} INFO - Started process (PID=3802) to work on /home/airflow/.local/lib/python3.12/site-packages/airflow/example_dags/example_sla_dag.py
[2025-03-12T23:59:53.018+0000] {processor.py:914} INFO - Processing file /home/airflow/.local/lib/python3.12/site-packages/airflow/example_dags/example_sla_dag.py for tasks to queue
[2025-03-12T23:59:53.020+0000] {logging_mixin.py:190} INFO - [2025-03-12T23:59:53.019+0000] {dagbag.py:588} INFO - Filling up the DagBag from /home/airflow/.local/lib/python3.12/site-packages/airflow/example_dags/example_sla_dag.py
[2025-03-12T23:59:53.029+0000] {processor.py:925} INFO - DAG(s) 'example_sla_dag' retrieved from /home/airflow/.local/lib/python3.12/site-packages/airflow/example_dags/example_sla_dag.py
[2025-03-12T23:59:53.050+0000] {logging_mixin.py:190} INFO - [2025-03-12T23:59:53.050+0000] {dag.py:3239} INFO - Sync 1 DAGs
[2025-03-12T23:59:53.075+0000] {logging_mixin.py:190} INFO - [2025-03-12T23:59:53.075+0000] {dag.py:4180} INFO - Setting next_dagrun for example_sla_dag to 2025-03-12 23:56:00+00:00, run_after=2025-03-12 23:58:00+00:00
[2025-03-12T23:59:53.107+0000] {processor.py:208} INFO - Processing /home/airflow/.local/lib/python3.12/site-packages/airflow/example_dags/example_sla_dag.py took 0.095 seconds
